
Files:

File: ./logs/Windows10Pro/System32/wbem/WMIMigration.log
  About:
      FileType      : TEXT UTF8/ASCII (text log)
      LogMessageType: text log lines
      Thread stack  : 100352 (bytes)
  Printed:
      bytes         : 8399
      flushes       : 40
      Lines         : 42
      Syslines      : 40
      Datetime first: 2019-08-10 01:46:44 +08:00 (2019-08-09 17:46:44.004200 +00:00)
      Datetime last : 2020-05-27 12:25:43 +08:00 (2020-05-27 04:25:43.087700 +00:00)
  Processed:
      file size     : 4997 (0x1385) (bytes)
      bytes         : 4997 (0x1385)
      bytes total   : 4997 (0x1385)
      Block size    : 256 (0x100)
      Blocks        : 20
      Blocks total  : 20 (5120 bytes)
      Lines         : 42
      Line longest  : 144 (bytes)
      Line parts    : 61
      Syslines      : 40
      Sysline longest: 144 (bytes)
      Syslines high : 9
      Datetime first: 2019-08-10 01:46:44 +08:00 (2019-08-09 17:46:44.004200 +00:00)
      Datetime last : 2020-05-27 12:25:43 +08:00 (2020-05-27 04:25:43.087700 +00:00)
      out of order  : 0
  Parsers:
  Processing stores:
      storage: LineReader::find_line() lines                       : hit  2, miss 81,  2.4%
      caching: LineReader::find_line() LRU cache                   : hit 40, miss 42, 48.8%, put 42
      copying: SyslineReader::get_boxptrs()                        : sgl 53, dbl  12, mult  0
      storage: SyslineReader::find_sysline() syslines              : hit  0, miss 40,  0.0%
      caching: SyslineReader::find_sysline() syslines_by_range_map : hit  0, miss  1,  0.0%, put  1
      caching: SyslineReader::find_sysline() LRU cache             : hit  1, miss 40,  2.4%, put 40
      caching: SyslineReader::parse_datetime_in_line() LRU cache   : hit 39, miss 42, 48.1%, put  0
      optimize:SyslineReader::ezcheck12                            : hit  0, miss  0,  0.0%, largest skipped 0
      optimize:SyslineReader::ezcheckd2                            : hit  0, miss  2,  0.0%, largest skipped 0
      optimize:SyslineReader::ezcheck12d2                          : hit  0, miss 63,  0.0%, largest skipped 0
      process: regex captures                                      : hit 40, miss 25
  Processing Drops:

Program summary:

Paths considered       : 1
Paths not processed    : 0
Files processed        : 1
Files printed          : 1
Printed bytes          : 8560
Printed flushes        : 81
Printed Lines          : 42
Printed Syslines       : 40
Printed ASL events     : 0
Printed ETL events     : 0
Printed EVTX events    : 0
Printed FixedStruct    : 0
Printed Journal events : 0
Printed ODL events     : 0
Line Maximum                   : 393209
Line longest                   : 144
Sysline longest                : 144
EVTX event largest processed   : 0
EVTX event largest accepted    : 0
Journal event largest processed: 0
Journal event largest accepted : 0
Managed files max deflt: 980
Managed files max adjus: 200
Managed handles high   : 1
Managed request open   : 1
Managed request read   : 0
Managed write calls    : 0
Managed seek calls     : 20
Managed metadata calls : 1
Managed open errors    : 0
Managed evict fails    : 0
Regex patterns known   : 188
Regex patterns compiled: 188
Datetime filter -a     : 1999-03-03 00:00:00 +00:00 (1999-03-03 00:00:00.000000 +00:00)
Datetime printed first : 2019-08-10 01:46:44 +08:00 (2019-08-09 17:46:44.004200 +00:00)
Datetime printed last  : 2020-05-27 12:25:43 +08:00 (2020-05-27 04:25:43.087700 +00:00)
Datetime filter -b     : 2026-01-02 00:00:00 +00:00 (2026-01-02 00:00:00.000000 +00:00)
Channel receive ok     : 42
Channel receive err    : 0
Threads spawned        : 1
Thread spawn errors    : 0
Temporary files created: 0
Platform               : x86_64-unknown-linux-gnu
Allocator              : system
