
Files:

File: ./logs/CentOS9/x86_64/wtmp
  About:
      filetype       : UTMP/WTMP (Unix accounting log (acct/lastlog/lastlogx/utmp/utmpx))
      fixedstructtype: Utmp
      logmessagetype : fixedstruct entries (Unix acct/lastlog/lastlogx/utmp/utmpx)
      fixedstructtype: Fs_Linux_x86_Utmpx
  Printed:
      bytes         : 12850
      flushes       : 54
      entries       : 54
  Processed:
      file size     : 20736 (0x5100) (bytes)
      bytes         : 20736 (0x5100)
      bytes total   : 20736 (0x5100)
      block size    : 256 (0x100)
      blocks        : 81
      blocks total  : 81 (20736 bytes)
      entries       : 54
      entry size    : 384 (bytes)
      entry hi-score: 133
      first entry   : @0
      entry high    : 5
      peak map size : 54
      out of order? : 3
      datetime first     : 2023-04-23 05:55:14 +08:00 (2023-04-22 21:55:14.144000 +00:00)
      datetime last      : 2023-12-15 13:17:13 +08:00 (2023-12-15 05:17:13.613264 +00:00)
  Processing Stores:
      storage: FixedStructReader::find_entry()                     : hit   5, miss  49,  9.3%
  Processing Drops:

Program Summary:

Paths considered       : 1
Paths not processed    : 0
Files processed        : 1
Files printed          : 1
Printed bytes          : 13066
Printed flushes        : 108
Printed lines          : 0
Printed syslines       : 0
Printed ASL events     : 0
Printed ETL events     : 0
Printed EVTX events    : 0
Printed fixedstruct    : 54
Printed journal events : 0
Printed ODL events     : 0
Regex patterns known   : 175
Regex patterns compiled: 0
Datetime filter -a     : 1999-03-03 00:00:00 +00:00 (1999-03-03 00:00:00.000000 +00:00)
Datetime printed first : 2023-04-23 05:55:14 +08:00 (2023-04-22 21:55:14.144000 +00:00)
Datetime printed last  : 2023-12-15 13:17:13 +08:00 (2023-12-15 05:17:13.613264 +00:00)
Datetime filter -b     : 2026-01-02 00:00:00 +00:00 (2026-01-02 00:00:00.000000 +00:00)
Channel Receive ok     : 56
Channel Receive err    : 0
Threads Spawned        : 1
Thread Spawn errors    : 0
Temporary files created: 0
Platform               : x86_64-unknown-linux-gnu
Allocator              : system
