
Files:

File: ./logs/Debian11/aarch64_ARMv6/utmp
  About:
      filetype       : UTMP/WTMP (Unix accounting log (acct/lastlog/lastlogx/utmp/utmpx))
      fixedstructtype: Utmp
      logmessagetype : fixedstruct entries (Unix acct/lastlog/lastlogx/utmp/utmpx)
      fixedstructtype: Fs_Linux_x86_Utmpx
  Printed:
      bytes         : 1943
      flushes       : 8
      entries       : 8
  Processed:
      file size     : 3456 (0xD80) (bytes)
      bytes         : 3456 (0xD80)
      bytes total   : 3456 (0xD80)
      block size    : 256 (0x100)
      blocks        : 14
      blocks total  : 14 (3584 bytes)
      entries       : 8
      entry size    : 384 (bytes)
      entry hi-score: 133
      first entry   : @384
      entry high    : 4
      peak map size : 8
      out of order? : 2
      datetime first     : 2023-11-27 13:07:44 +08:00 (2023-11-27 05:07:44.534149 +00:00)
      datetime last      : 2024-02-18 05:19:07 +08:00 (2024-02-17 21:19:07.971570 +00:00)
  Processing Stores:
      storage: FixedStructReader::find_entry()                     : hit  4, miss  4, 50.0%
  Processing Drops:

Program Summary:

Paths considered       : 1
Paths not processed    : 0
Files processed        : 1
Files printed          : 1
Printed bytes          : 1975
Printed flushes        : 16
Printed lines          : 0
Printed syslines       : 0
Printed ASL events     : 0
Printed ETL events     : 0
Printed EVTX events    : 0
Printed fixedstruct    : 8
Printed journal events : 0
Printed ODL events     : 0
Regex patterns known   : 175
Regex patterns compiled: 0
Datetime filter -a     : 1999-03-03 00:00:00 +00:00 (1999-03-03 00:00:00.000000 +00:00)
Datetime printed first : 2023-11-27 13:07:44 +08:00 (2023-11-27 05:07:44.534149 +00:00)
Datetime printed last  : 2024-02-18 05:19:07 +08:00 (2024-02-17 21:19:07.971570 +00:00)
Datetime filter -b     : 2026-01-02 00:00:00 +00:00 (2026-01-02 00:00:00.000000 +00:00)
Channel Receive ok     : 10
Channel Receive err    : 0
Threads Spawned        : 1
Thread Spawn errors    : 0
Temporary files created: 0
Platform               : x86_64-unknown-linux-gnu
Allocator              : system
