
Files:

File: ./logs/Debian11/kern.log
  About:
      filetype       : TEXT UTF8/ASCII (text log)
      logmessagetype : text log lines
  Printed:
      bytes         : 4585
      flushes       : 20
      lines         : 21
      syslines      : 20
  Processed:
      file size     : 3430 (0xD66) (bytes)
      bytes         : 3430 (0xD66)
      bytes total   : 3430 (0xD66)
      block size    : 256 (0x100)
      blocks        : 14
      blocks total  : 14 (3584 bytes)
      lines         : 21
      syslines      : 20
      syslines high : 20
  Parsers:
                   datetime format missing year; estimated year of last sysline 2022
  Processing Stores:
      storage: LineReader::find_line() lines                       : hit 19, miss 44, 30.2%
      caching: LineReader::find_line() LRU cache                   : hit  2, miss 43,  4.4%, put 41
      copying: SyslineReader::get_boxptrs()                        : sgl 49, dbl   5, mult  0
      storage: SyslineReader::find_sysline() syslines              : hit  0, miss 21,  0.0%
      caching: SyslineReader::find_sysline() syslines_by_range_map : hit 20, miss 21, 48.8%, put 20
      caching: SyslineReader::find_sysline() LRU cache             : hit  0, miss 41,  0.0%, put 40
      caching: SyslineReader::parse_datetime_in_line() LRU cache   : hit 19, miss 23, 45.2%, put  0
      optimize:SyslineReader::ezcheck12                            : hit  0, miss  0,  0.0%, largest skipped 0
      optimize:SyslineReader::ezcheckd2                            : hit  0, miss 24,  0.0%, largest skipped 0
      optimize:SyslineReader::ezcheck12d2                          : hit  0, miss 30,  0.0%, largest skipped 0
      process: regex captures attempted                            : 54
  Processing Drops:

Program Summary:

Paths considered       : 1
Paths not processed    : 0
Files processed        : 1
Files printed          : 1
Printed bytes          : 4666
Printed flushes        : 41
Printed lines          : 21
Printed syslines       : 20
Printed ETL events     : 0
Printed EVTX events    : 0
Printed fixedstruct    : 0
Printed journal events : 0
Printed ODL events     : 0
Regex patterns known   : 175
Regex patterns compiled: 34
Datetime filter -a     : 1999-03-03 00:00:00 +00:00 (1999-03-03 00:00:00.000000 +00:00)
Datetime filter -b     : 2023-04-10 22:10:32 +00:00 (2023-04-10 22:10:32.000000 +00:00)
Channel Receive ok     : 22
Channel Receive err    : 0
Threads Spawned        : 1
Thread Spawn errors    : 0
Temporary files created: 0
Platform               : x86_64-unknown-linux-gnu
Allocator              : system
