
Files:

File: ./logs/Debian11/messages
  About:
      FileType      : TEXT UTF8/ASCII (text log)
      LogMessageType: text log lines
      Thread stack  : 100352 (bytes)
  Printed:
      bytes         : 4413
      flushes       : 20
      Lines         : 21
      Syslines      : 20
      Datetime first: 2022-10-10 23:07:16 +08:00 (2022-10-10 15:07:16.000000 +00:00)
      Datetime last : 2022-10-11 00:02:36 +08:00 (2022-10-10 16:02:36.000000 +00:00)
  Processed:
      file size     : 3258 (0xCBA) (bytes)
      bytes         : 3258 (0xCBA)
      bytes total   : 3258 (0xCBA)
      Block size    : 256 (0x100)
      Blocks        : 13
      Blocks total  : 13 (3328 bytes)
      Lines         : 21
      Line longest  : 267 (bytes)
      Line parts    : 34
      Syslines      : 20
      Sysline longest: 267 (bytes)
      Syslines high : 20
      Datetime first: 2022-10-10 23:07:16 +08:00 (2022-10-10 15:07:16.000000 +00:00)
      Datetime last : 2022-10-11 00:02:36 +08:00 (2022-10-10 16:02:36.000000 +00:00)
      out of order  : 9
  Parsers:
                   datetime format missing year; estimated year of last sysline 2022
  Processing stores:
      storage: LineReader::find_line() lines                       : hit 19, miss 44, 30.2%
      caching: LineReader::find_line() LRU cache                   : hit  2, miss 42,  4.5%, put 41
      copying: SyslineReader::get_boxptrs()                        : sgl 49, dbl   4, mult  0
      storage: SyslineReader::find_sysline() syslines              : hit 19, miss 21, 47.5%
      caching: SyslineReader::find_sysline() syslines_by_range_map : hit  1, miss 21,  4.5%, put 20
      caching: SyslineReader::find_sysline() LRU cache             : hit  0, miss 41,  0.0%, put 40
      caching: SyslineReader::parse_datetime_in_line() LRU cache   : hit 19, miss 23, 45.2%, put  0
      optimize:SyslineReader::ezcheck12                            : hit  0, miss  0,  0.0%, largest skipped 0
      optimize:SyslineReader::ezcheckd2                            : hit  0, miss 24,  0.0%, largest skipped 0
      optimize:SyslineReader::ezcheck12d2                          : hit  0, miss 29,  0.0%, largest skipped 0
      process: regex captures                                      : hit 21, miss 32
  Processing Drops:

Program summary:

Paths considered       : 1
Paths not processed    : 0
Files processed        : 1
Files printed          : 1
Printed bytes          : 4494
Printed flushes        : 41
Printed Lines          : 21
Printed Syslines       : 20
Printed ASL events     : 0
Printed ETL events     : 0
Printed EVTX events    : 0
Printed FixedStruct    : 0
Printed Journal events : 0
Printed ODL events     : 0
Line Maximum                   : 393209
Line longest                   : 267
Sysline longest                : 267
EVTX event largest processed   : 0
EVTX event largest accepted    : 0
Journal event largest processed: 0
Journal event largest accepted : 0
Managed files max deflt: 980
Managed files max adjus: 200
Managed handles high   : 1
Managed request open   : 1
Managed request read   : 0
Managed write calls    : 0
Managed seek calls     : 13
Managed metadata calls : 1
Managed open errors    : 0
Managed evict fails    : 0
Regex patterns known   : 188
Regex patterns compiled: 188
Datetime filter -a     : 1999-03-03 00:00:00 +00:00 (1999-03-03 00:00:00.000000 +00:00)
Datetime printed first : 2022-10-10 23:07:16 +08:00 (2022-10-10 15:07:16.000000 +00:00)
Datetime printed last  : 2022-10-11 00:02:36 +08:00 (2022-10-10 16:02:36.000000 +00:00)
Datetime filter -b     : 2026-01-02 00:00:00 +00:00 (2026-01-02 00:00:00.000000 +00:00)
Channel receive ok     : 22
Channel receive err    : 0
Threads spawned        : 1
Thread spawn errors    : 0
Temporary files created: 0
Platform               : x86_64-unknown-linux-gnu
Allocator              : system
