
Files:

File: ./logs/programs/digital-ocean-cloud-init/cloud-init.log
  About:
      filetype       : TEXT UTF8/ASCII
      logmessagetype : syslog lines
  Printed:
      bytes         : 6694
      flushes       : 30
      lines         : 33
      syslines      : 30
  Processed:
      file size     : 3856 (0xF10) (bytes)
      bytes         : 3856 (0xF10)
      bytes total   : 3856 (0xF10)
      block size    : 256 (0x100)
      blocks        : 16
      blocks total  : 16 (4096 bytes)
      lines         : 33
      syslines      : 30
      syslines high : 9
  Parsers:
  Processing Stores:
      storage: LineReader::find_line() lines                       : hit   3, miss  62,  4.6%
      caching: LineReader::find_line() LRU cache                   : hit  30, miss  34, 46.9%, put  33
      copying: SyslineReader::get_boxptrs()                        : sgl 101, dbl    2, mult   0
      storage: SyslineReader::find_sysline() syslines              : hit   0, miss  30,  0.0%
      caching: SyslineReader::find_sysline() syslines_by_range_map : hit   0, miss  30,  0.0%, put  30
      caching: SyslineReader::find_sysline() LRU cache             : hit   1, miss  30,  3.2%, put  30
      caching: SyslineReader::parse_datetime_in_line() LRU cache   : hit  29, miss  33, 46.8%, put   0
      optimize:SyslineReader::ezcheck12                            : hit   0, miss   0,  0.0%, largest skipped 0
      optimize:SyslineReader::ezcheckd2                            : hit   0, miss   4,  0.0%, largest skipped 0
      optimize:SyslineReader::ezcheck12d2                          : hit   0, miss  99,  0.0%, largest skipped 0
      process: regex captures attempted                            : 103
  Processing Drops:

Program Summary:

Paths considered       : 1
Paths not processed    : 0
Files processed        : 1
Files printed          : 1
Printed bytes          : 6815
Printed flushes        : 61
Printed lines          : 33
Printed syslines       : 30
Printed evtx events    : 0
Printed fixedstruct    : 0
Printed journal events : 0
Regex patterns known   : 172
Regex patterns compiled: 74
Datetime filter -a     : 1999-03-03 00:00:00 +00:00 (1999-03-03 00:00:00 +00:00)
Datetime filter -b     : 2023-04-10 22:10:32 +00:00 (2023-04-10 22:10:32 +00:00)
Channel Receive ok     : 32
Channel Receive err    : 0
Threads Spawned        : 1
Thread Spawn errors    : 0
Platform               : x86_64-unknown-linux-gnu
Allocator              : system
