20200307_031950 /sbin/e2fsck -pvf

       41180 inodes used (26.46%, out of 155648)
         193 non-contiguous files (0.5%)
          21 non-contiguous directories (0.1%)
             # of inodes with ind/dind/tind blocks: 0/0/0
             Extent depth histogram: 38267/95
      286637 blocks used (46.04%, out of 622544)
           0 bad blocks
           1 large file

       32961 regular files
        5099 directories
           2 character device files
           0 block device files
           0 fifos
        1225 links
        3109 symbolic links (2808 fast symbolic links)
           0 sockets
------------
       42396 files
return value: 0
20200307_041805 /sbin/e2fsck -pvf

       40990 inodes used (26.34%, out of 155648)
         182 non-contiguous files (0.4%)
          21 non-contiguous directories (0.1%)
             # of inodes with ind/dind/tind blocks: 0/0/0
             Extent depth histogram: 38077/96
      286438 blocks used (46.01%, out of 622544)
           0 bad blocks
           1 large file

       32773 regular files
        5099 directories
           2 character device files
           0 block device files
           0 fifos
        1225 links
        3107 symbolic links (2807 fast symbolic links)
           0 sockets
------------
       42206 files
return value: 0
20200307_202530 /sbin/e2fsck -pvf

       41117 inodes used (26.42%, out of 155648)
         185 non-contiguous files (0.4%)
          21 non-contiguous directories (0.1%)
             # of inodes with ind/dind/tind blocks: 0/0/0
             Extent depth histogram: 38201/99
      286693 blocks used (46.05%, out of 622544)
           0 bad blocks
           1 large file

       32900 regular files
        5099 directories
           2 character device files
           0 block device files
           0 fifos
        1225 links
        3107 symbolic links (2807 fast symbolic links)
           0 sockets
------------
       42333 files
return value: 0