time="2022-10-09T21:31:43Z" level=debug msg="START: [respawn -f /etc/respawn.conf] in /"
time="2022-10-09T21:31:43Z" level=info msg="respawn RancherOS
built: '2021-02-05T19:27:13Z', v1.5.8"
time="2022-10-10T20:23:15Z" level=info msg="sending SIGTERM to 1049"
time="2022-10-10T20:23:15Z" level=info msg="sending SIGTERM to 1050"
time="2022-10-10T20:23:15Z" level=info msg="sending SIGTERM to 1046"
time="2022-10-10T20:23:15Z" level=info msg="sending SIGTERM to 1044"
time="2022-10-10T20:23:15Z" level=info msg="sending SIGTERM to 1041"
time="2022-10-10T20:23:15Z" level=info msg="sending SIGTERM to 1043"
time="2022-10-10T20:23:15Z" level=info msg="sending SIGTERM to 1047"

time="2022-10-10T20:23:15Z" level=error msg="Wait cmd to exit: /sbin/agetty --noclear tty5 linux, err: signal: terminated"
time="2022-10-10T20:23:15Z" level=info msg="/sbin/agetty --noclear tty5 linux : not restarting, exiting"
time="2022-10-10T20:23:15Z" level=info msg="FINISHED: /sbin/agetty --noclear tty6 linux"
time="2022-10-10T20:23:15Z" level=info msg="FINISHED: /sbin/agetty --noclear tty5 linux"
time="2022-10-10T20:23:15Z" level=error msg="Wait cmd to exit: /sbin/agetty -n -l /usr/bin/autologin -o rancher:tty1 --noclear tty1 linux, err: signal: terminated"
time="2022-10-10T20:23:15Z" level=info msg="/sbin/agetty -n -l /usr/bin/autologin -o rancher:tty1 --noclear tty1 linux : not restarting, exiting"
time="2022-10-10T20:23:15Z" level=info msg="FINISHED: /sbin/agetty -n -l /usr/bin/autologin -o rancher:tty1 --noclear tty1 linux"
time="2022-10-10T20:23:35Z" level=debug msg="START: [respawn -f /etc/respawn.conf] in /"
time="2022-10-10T20:23:35Z" level=info msg="respawn RancherOS
built: '2021-02-05T19:27:13Z', v1.5.8"