
Files:

File: ./logs/Windows10Pro/CBS/CBS.log
  About:
      FileType      : TEXT UTF8/ASCII (text log)
      LogMessageType: text log lines
      Thread stack  : 100352 (bytes)
  Printed:
      bytes         : 29416
      flushes       : 152
      Lines         : 159
      Syslines      : 152
      Datetime first: 2022-09-14 22:18:06 +08:00 (2022-09-14 14:18:06.000000 +00:00)
      Datetime last : 2022-10-12 13:28:23 +08:00 (2022-10-12 05:28:23.000000 +00:00)
  Processed:
      file size     : 19561 (0x4C69) (bytes)
      bytes         : 19561 (0x4C69)
      bytes total   : 19561 (0x4C69)
      Block size    : 256 (0x100)
      Blocks        : 77
      Blocks total  : 77 (19712 bytes)
      Lines         : 159
      Line longest  : 343 (bytes)
      Line parts    : 235
      Syslines      : 152
      Sysline longest: 343 (bytes)
      Syslines high : 10
      Datetime first: 2022-09-14 22:18:06 +08:00 (2022-09-14 14:18:06.000000 +00:00)
      Datetime last : 2022-10-12 13:28:23 +08:00 (2022-10-12 05:28:23.000000 +00:00)
      out of order  : 0
  Parsers:
  Processing stores:
      storage: LineReader::find_line() lines                       : hit   7, miss 310,  2.2%
      caching: LineReader::find_line() LRU cache                   : hit 152, miss 159, 48.9%, put 159
      copying: SyslineReader::get_boxptrs()                        : sgl 207, dbl   23, mult   0
      storage: SyslineReader::find_sysline() syslines              : hit   0, miss 152,  0.0%
      caching: SyslineReader::find_sysline() syslines_by_range_map : hit   0, miss   1,  0.0%, put   1
      caching: SyslineReader::find_sysline() LRU cache             : hit   1, miss 152,  0.7%, put 152
      caching: SyslineReader::parse_datetime_in_line() LRU cache   : hit 151, miss 159, 48.7%, put   0
      optimize:SyslineReader::ezcheck12                            : hit   0, miss   0,  0.0%, largest skipped 0
      optimize:SyslineReader::ezcheckd2                            : hit   0, miss   4,  0.0%, largest skipped 0
      optimize:SyslineReader::ezcheck12d2                          : hit   0, miss 226,  0.0%, largest skipped 0
      process: regex captures                                      : hit 152, miss  78
  Processing Drops:

Program summary:

Paths considered       : 1
Paths not processed    : 0
Files processed        : 1
Files printed          : 1
Printed bytes          : 30025
Printed flushes        : 305
Printed Lines          : 159
Printed Syslines       : 152
Printed ASL events     : 0
Printed ETL events     : 0
Printed EVTX events    : 0
Printed FixedStruct    : 0
Printed Journal events : 0
Printed ODL events     : 0
Line Maximum                   : 393209
Line longest                   : 343
Sysline longest                : 343
EVTX event largest processed   : 0
EVTX event largest accepted    : 0
Journal event largest processed: 0
Journal event largest accepted : 0
Managed files max deflt: 980
Managed files max adjus: 200
Managed handles high   : 1
Managed request open   : 1
Managed request read   : 0
Managed write calls    : 0
Managed seek calls     : 77
Managed metadata calls : 1
Managed open errors    : 0
Managed evict fails    : 0
Regex patterns known   : 188
Regex patterns compiled: 188
Datetime filter -a     : 1999-03-03 00:00:00 +00:00 (1999-03-03 00:00:00.000000 +00:00)
Datetime printed first : 2022-09-14 22:18:06 +08:00 (2022-09-14 14:18:06.000000 +00:00)
Datetime printed last  : 2022-10-12 13:28:23 +08:00 (2022-10-12 05:28:23.000000 +00:00)
Datetime filter -b     : 2026-01-02 00:00:00 +00:00 (2026-01-02 00:00:00.000000 +00:00)
Channel receive ok     : 154
Channel receive err    : 0
Threads spawned        : 1
Thread spawn errors    : 0
Temporary files created: 0
Platform               : x86_64-unknown-linux-gnu
Allocator              : system
