
Files:

File: ./logs/programs/pacman/pacman.log
  About:
      FileType      : TEXT UTF8/ASCII (text log)
      LogMessageType: text log lines
      Thread stack  : 100352 (bytes)
  Printed:
      bytes         : 24563
      flushes       : 195
      Lines         : 195
      Syslines      : 195
      Datetime first: 2019-03-01 16:56:00 +08:00 (2019-03-01 08:56:00.000000 +00:00)
      Datetime last : 2022-10-07 16:08:00 +08:00 (2022-10-07 08:08:00.000000 +00:00)
  Processed:
      file size     : 12083 (0x2F33) (bytes)
      bytes         : 12083 (0x2F33)
      bytes total   : 12083 (0x2F33)
      Block size    : 256 (0x100)
      Blocks        : 48
      Blocks total  : 48 (12288 bytes)
      Lines         : 195
      Line longest  : 214 (bytes)
      Line parts    : 241
      Syslines      : 195
      Sysline longest: 214 (bytes)
      Syslines high : 14
      Datetime first: 2019-03-01 16:56:00 +08:00 (2019-03-01 08:56:00.000000 +00:00)
      Datetime last : 2022-10-07 16:08:00 +08:00 (2022-10-07 08:08:00.000000 +00:00)
      out of order  : 0
  Parsers:
  Processing stores:
      storage: LineReader::find_line() lines                       : hit   0, miss 389,  0.0%
      caching: LineReader::find_line() LRU cache                   : hit 195, miss 195, 50.0%, put 195
      copying: SyslineReader::get_boxptrs()                        : sgl 277, dbl   14, mult   0
      storage: SyslineReader::find_sysline() syslines              : hit   0, miss 195,  0.0%
      caching: SyslineReader::find_sysline() syslines_by_range_map : hit   0, miss   1,  0.0%, put   1
      caching: SyslineReader::find_sysline() LRU cache             : hit   1, miss 195,  0.5%, put 195
      caching: SyslineReader::parse_datetime_in_line() LRU cache   : hit 194, miss 195, 49.9%, put   0
      optimize:SyslineReader::ezcheck12                            : hit   0, miss   0,  0.0%, largest skipped 0
      optimize:SyslineReader::ezcheckd2                            : hit   0, miss   4,  0.0%, largest skipped 0
      optimize:SyslineReader::ezcheck12d2                          : hit   0, miss 287,  0.0%, largest skipped 0
      process: regex captures                                      : hit 195, miss  96
  Processing Drops:

Program summary:

Paths considered       : 1
Paths not processed    : 0
Files processed        : 1
Files printed          : 1
Printed bytes          : 25344
Printed flushes        : 391
Printed Lines          : 195
Printed Syslines       : 195
Printed ASL events     : 0
Printed ETL events     : 0
Printed EVTX events    : 0
Printed FixedStruct    : 0
Printed Journal events : 0
Printed ODL events     : 0
Line Maximum                   : 393209
Line longest                   : 214
Sysline longest                : 214
EVTX event largest processed   : 0
EVTX event largest accepted    : 0
Journal event largest processed: 0
Journal event largest accepted : 0
Managed files max deflt: 980
Managed files max adjus: 200
Managed request open   : 1
Managed request read   : 0
Managed write calls    : 0
Managed seek calls     : 48
Managed metadata calls : 1
Managed open errors    : 0
Managed evict fails    : 0
Regex patterns known   : 188
Regex patterns compiled: 188
Datetime filter -a     : 1999-03-03 00:00:00 +00:00 (1999-03-03 00:00:00.000000 +00:00)
Datetime printed first : 2019-03-01 16:56:00 +08:00 (2019-03-01 08:56:00.000000 +00:00)
Datetime printed last  : 2022-10-07 16:08:00 +08:00 (2022-10-07 08:08:00.000000 +00:00)
Datetime filter -b     : 2026-01-02 00:00:00 +00:00 (2026-01-02 00:00:00.000000 +00:00)
Channel receive ok     : 197
Channel receive err    : 0
Threads spawned        : 1
Thread spawn errors    : 0
Temporary files created: 0
Platform               : x86_64-unknown-linux-gnu
Allocator              : system
