
Files:

File: ./logs/programs/OneDrive/Local/Microsoft/OneDrive/logs/ListSync/Business1/Nucleus-2025-12-21.1214.9352.1.odlgz
  About:
      FileType      : ODLGZ (OneDrive Log)
      LogMessageType: Python parsed events (ASL/ETL/ODL)
      Thread stack  : 137216 (bytes)
  Printed:
      bytes         : 188146
      flushes       : 619
      Events        : 615
      Datetime first: 2025-12-21 20:14:08 +08:00 (2025-12-21 12:14:08.011000 +00:00)
      Datetime last : 2025-12-21 20:14:13 +08:00 (2025-12-21 12:14:13.367000 +00:00)
  Processed:
      file size          : 20499 (0x5013) (bytes)
      Events processed   : 615
      Events accepted    : 615
      Events read max    : 1
      Events queue high  : 1
      Python pipe size stdout    : 256
      Python pipe size stderr    : 256
      Python exit status         : 0
      Datetime first: 2025-12-21 20:14:08 +08:00 (2025-12-21 12:14:08.011000 +00:00)
      Datetime last : 2025-12-21 20:14:13 +08:00 (2025-12-21 12:14:13.367000 +00:00)
      out of order  : 0

Program summary:

Paths considered       : 1
Paths not processed    : 0
Files processed        : 1
Files printed          : 1
Printed bytes          : 190606
Printed flushes        : 1234
Printed Lines          : 0
Printed Syslines       : 0
Printed ASL events     : 0
Printed ETL events     : 0
Printed EVTX events    : 0
Printed FixedStruct    : 0
Printed Journal events : 0
Printed ODL events     : 615
Line Maximum                   : 393209
Line longest                   : 0
Sysline longest                : 0
EVTX event largest processed   : 0
EVTX event largest accepted    : 0
Journal event largest processed: 0
Journal event largest accepted : 0
Managed files max deflt: 980
Managed files max adjus: 200
Managed handles high   : 1
Managed request open   : 1
Managed request read   : 0
Managed write calls    : 0
Managed seek calls     : 0
Managed metadata calls : 1
Managed open errors    : 0
Managed evict fails    : 0
Regex patterns known   : 188
Regex patterns compiled: 188
Datetime filter -a     : 1999-03-03 00:00:00 +00:00 (1999-03-03 00:00:00.000000 +00:00)
Datetime printed first : 2025-12-21 20:14:08 +08:00 (2025-12-21 12:14:08.011000 +00:00)
Datetime printed last  : 2025-12-21 20:14:13 +08:00 (2025-12-21 12:14:13.367000 +00:00)
Datetime filter -b     : 2026-01-02 00:00:00 +00:00 (2026-01-02 00:00:00.000000 +00:00)
Channel receive ok     : 617
Channel receive err    : 0
Threads spawned        : 1
Thread spawn errors    : 0
Temporary files created: 0
Platform               : x86_64-unknown-linux-gnu
Allocator              : system
