
Files:

File: ./logs/programs/OneDrive/Local/Microsoft/OneDrive/logs/ListSync/Business1/Nucleus-2025-12-23.1618.7692.3.aodl
  About:
      filetype       : AODL (OneDrive Log)
      logmessagetype : Python parsed events (ASL/ETL/ODL)
  Printed:
      bytes         : 196045
      flushes       : 829
      events        : 829
      datetime first: 2025-12-24 00:18:40 +08:00 (2025-12-23 16:18:40.364000 +00:00)
      datetime last : 2025-12-24 07:18:57 +08:00 (2025-12-23 23:18:57.170000 +00:00)
  Processed:
      file size          : 130902 (0x1FF56) (bytes)
      events processed   : 829
      events accepted    : 829
      events out of order: 0
      events read max    : 1
      events queue high  : 1
      Python pipe size stdout    : 256
      Python pipe size stderr    : 256
      Python exit status         : 0
      datetime first     : 2025-12-24 00:18:40 +08:00 (2025-12-23 16:18:40.364000 +00:00)
      datetime last      : 2025-12-24 07:18:57 +08:00 (2025-12-23 23:18:57.170000 +00:00)

Program Summary:

Paths considered       : 1
Paths not processed    : 0
Files processed        : 1
Files printed          : 1
Printed bytes          : 199361
Printed flushes        : 1658
Printed lines          : 0
Printed syslines       : 0
Printed ASL events     : 0
Printed ETL events     : 0
Printed EVTX events    : 0
Printed fixedstruct    : 0
Printed journal events : 0
Printed ODL events     : 829
Regex patterns known   : 175
Regex patterns compiled: 0
Datetime filter -a     : 1999-03-03 00:00:00 +00:00 (1999-03-03 00:00:00.000000 +00:00)
Datetime printed first : 2025-12-24 00:18:40 +08:00 (2025-12-23 16:18:40.364000 +00:00)
Datetime printed last  : 2025-12-24 07:18:57 +08:00 (2025-12-23 23:18:57.170000 +00:00)
Datetime filter -b     : 2026-01-02 00:00:00 +00:00 (2026-01-02 00:00:00.000000 +00:00)
Channel Receive ok     : 831
Channel Receive err    : 0
Threads Spawned        : 1
Thread Spawn errors    : 0
Temporary files created: 0
Platform               : x86_64-unknown-linux-gnu
Allocator              : system
