
Files:

File: ./logs/Debian9/alternatives.log
  About:
      filetype       : TEXT UTF8/ASCII
      logmessagetype : syslog lines
  Printed:
      bytes         : 3941
      flushes       : 14
      lines         : 19
      syslines      : 14
  Processed:
      file size     : 2763 (0xACB) (bytes)
      bytes         : 2763 (0xACB)
      bytes total   : 2763 (0xACB)
      block size    : 256 (0x100)
      blocks        : 11
      blocks total  : 11 (2816 bytes)
      lines         : 19
      syslines      : 14
      syslines high : 7
  Parsers:
  Processing Stores:
      storage: LineReader::find_line() lines                       : hit   1, miss  36,  2.7%
      caching: LineReader::find_line() LRU cache                   : hit  14, miss  20, 41.2%, put  19
      copying: SyslineReader::get_boxptrs()                        : sgl 142, dbl   10, mult   0
      storage: SyslineReader::find_sysline() syslines              : hit   0, miss  14,  0.0%
      caching: SyslineReader::find_sysline() syslines_by_range_map : hit   0, miss  14,  0.0%, put  14
      caching: SyslineReader::find_sysline() LRU cache             : hit   1, miss  14,  6.7%, put  14
      caching: SyslineReader::parse_datetime_in_line() LRU cache   : hit  13, miss  19, 40.6%, put   0
      optimize:SyslineReader::ezcheck12                            : hit   0, miss   0,  0.0%, largest skipped 0
      optimize:SyslineReader::ezcheckd2                            : hit   1, miss   9, 10.0%, largest skipped 18
      optimize:SyslineReader::ezcheck12d2                          : hit   2, miss 140,  1.4%, largest skipped 32
      process: regex captures attempted                            : 149
  Processing Drops:

Program Summary:

Paths considered       : 1
Paths not processed    : 0
Files processed        : 1
Files printed          : 1
Printed bytes          : 3997
Printed flushes        : 28
Printed lines          : 19
Printed syslines       : 14
Printed evtx events    : 0
Printed fixedstruct    : 0
Printed journal events : 0
Regex patterns known   : 175
Regex patterns compiled: 136
Datetime filter -a     : 1999-03-03 00:00:00 +00:00 (1999-03-03 00:00:00 +00:00)
Datetime filter -b     : 2023-04-10 22:10:32 +00:00 (2023-04-10 22:10:32 +00:00)
Channel Receive ok     : 16
Channel Receive err    : 0
Threads Spawned        : 1
Thread Spawn errors    : 0
Platform               : x86_64-unknown-linux-gnu
Allocator              : system
