
Files:

File: ./logs/Debian9/aptitude.4
  About:
      FileType      : TEXT UTF8/ASCII (text log)
      LogMessageType: text log lines
      Thread stack  : 102400 (bytes)
  Printed:
      bytes         : 1815
      flushes       : 1
      Lines         : 18
      Syslines      : 1
      Datetime first: 2019-09-12 22:23:40 -07:00 (2019-09-13 05:23:40.000000 +00:00)
      Datetime last : 2019-09-12 22:23:40 -07:00 (2019-09-13 05:23:40.000000 +00:00)
  Processed:
      file size     : 834 (0x342) (bytes)
      bytes         : 834 (0x342)
      bytes total   : 834 (0x342)
      Block size    : 256 (0x100)
      Blocks        : 4
      Blocks total  : 4 (1024 bytes)
      Blocks high   : 4 (1024 bytes)
      Lines         : 19
      Line longest  : 70 (bytes)
      Lines high    : 19
      Line parts    : 23
      Syslines      : 1
      Sysline longest: 807 (bytes)
      Syslines high : 1
      Datetime first: 2019-09-12 22:23:40 -07:00 (2019-09-13 05:23:40.000000 +00:00)
      Datetime last : 2019-09-12 22:23:40 -07:00 (2019-09-13 05:23:40.000000 +00:00)
      out of order  : 0
  Parsers:
  Processing stores:
      storage: LineReader::find_line() lines                       : hit   2, miss  37,  5.1%
      caching: LineReader::find_line() LRU cache                   : hit   9, miss  20, 31.0%, put  19
      copying: SyslineReader::get_boxptrs()                        : sgl 801, dbl    2, mult   0
      storage: SyslineReader::find_sysline() syslines              : hit   0, miss   2,  0.0%
      caching: SyslineReader::find_sysline() syslines_by_range_map : hit   0, miss   2,  0.0%, put   1
      caching: SyslineReader::find_sysline() LRU cache             : hit   0, miss   2,  0.0%, put   1
      caching: SyslineReader::parse_datetime_in_line() LRU cache   : hit   1, miss  26,  3.7%, put   0
      optimize:SyslineReader::ezcheck12                            : hit   0, miss   0,  0.0%, largest skipped 0
      optimize:SyslineReader::ezcheckd2                            : hit  60, miss  24, 71.4%, largest skipped 69
      optimize:SyslineReader::ezcheck12d2                          : hit 512, miss 207, 71.2%, largest skipped 69
      process: regex captures                                      : hit   1, miss 230
  Processing Drops:

Program summary:

Paths considered       : 1
Paths not processed    : 0
Files processed        : 1
Files printed          : 1
Printed bytes          : 1819
Printed flushes        : 2
Printed Lines          : 18
Printed Syslines       : 1
Printed ASL events     : 0
Printed ETL events     : 0
Printed EVTX events    : 0
Printed FixedStruct    : 0
Printed Journal events : 0
Printed ODL events     : 0
Line longest                   : 70
Sysline longest                : 807
EVTX event largest processed   : 0
EVTX event largest accepted    : 0
Journal event largest processed: 0
Journal event largest accepted : 0
Managed files max deflt: 980
Managed files max adjus: 200
Managed handles high   : 1
Managed request open   : 1
Managed request read   : 0
Managed read calls     : 4
Managed write calls    : 0
Managed seek calls     : 4
Managed metadata calls : 1
Managed open errors    : 0
Managed evict fails    : 0
Unmanaged handles high : 0
Regex patterns known   : 188
Regex patterns compiled: 188
Datetime filter -a     : 1999-03-03 00:00:00 +00:00 (1999-03-03 00:00:00.000000 +00:00)
Datetime printed first : 2019-09-12 22:23:40 -07:00 (2019-09-13 05:23:40.000000 +00:00)
Datetime printed last  : 2019-09-12 22:23:40 -07:00 (2019-09-13 05:23:40.000000 +00:00)
Datetime filter -b     : 2026-01-02 00:00:00 +00:00 (2026-01-02 00:00:00.000000 +00:00)
Channel receive ok     : 3
Channel receive err    : 0
Threads spawned        : 1
Thread spawn errors    : 0
Temporary files created: 0
Platform               : x86_64-unknown-linux-gnu
Allocator              : system
