
Files:

File: ./logs/Debian9/kern.log
  About:
      real path      : /home/ulug/Projects-Here/super-speedy-syslog-searcher/logs/Debian9/kern.log
      modified time  : 2022-03-07 09:55:23 +08:00 (2022-03-07 01:55:23 +00:00)
      filetype       : TEXT UTF8/ASCII
      logmessagetype : syslog lines
  Printed:
      bytes         : 2645
      lines         : 19
      syslines      : 19
  Processed:
      file size     : 1619 (0x653) (bytes)
      bytes         : 1619 (0x653)
      bytes total   : 1619 (0x653)
      block size    : 256 (0x100)
      blocks        : 7
      blocks total  : 7 (1792 bytes)
      lines         : 19
      syslines      : 20
      syslines high : 19
  Parsers:
                   datetime format missing year; estimated year of last sysline 2022
  Processing Stores:
      storage: LineReader::find_line() lines                       : hit 18, miss 39, 31.6%
      caching: LineReader::find_line() LRU cache                   : hit  1, miss 40,  2.4%, put 39
      copying: SyslineReader::get_boxptrs()                        : sgl 53, dbl   1, mult  0
      storage: SyslineReader::find_sysline() syslines              : hit  0, miss 20,  0.0%
      caching: SyslineReader::find_sysline() syslines_by_range_map : hit 19, miss 20, 48.7%, put 20
      caching: SyslineReader::find_sysline() LRU cache             : hit  0, miss 39,  0.0%, put 39
      caching: SyslineReader::parse_datetime_in_line() LRU cache   : hit 18, miss 21, 46.2%, put  0
      optimize:SyslineReader::ezcheck12                            : hit  0, miss  0,  0.0%, largest skipped 0
      optimize:SyslineReader::ezcheckd2                            : hit  0, miss 24,  0.0%, largest skipped 0
      optimize:SyslineReader::ezcheck12d2                          : hit  0, miss 30,  0.0%, largest skipped 0
      process: regex captures attempted                            : 54
  Processing Drops:


Program Summary:

Paths considered       : 1
Paths not processed    : 0
Files processed        : 1
Files printed          : 1
Printed bytes          : 2721
Printed lines          : 19
Printed syslines       : 19
Printed evtx events    : 0
Printed fixedstruct    : 0
Printed journal events : 0
Regex patterns known   : 154
Regex patterns compiled: 34
Datetime filter -a     : 1999-03-03 00:00:00 +00:00 (1999-03-03 00:00:00 +00:00)
Datetime filter -b     : 2023-04-10 22:10:32 +00:00 (2023-04-10 22:10:32 +00:00)
Channel Receive ok     : 21
Channel Receive err    : 0
