
Files:

File: ./logs/Debian9/messages.log
  About:
      filetype       : TEXT UTF8/ASCII
      logmessagetype : syslog lines
  Printed:
      bytes         : 211
      flushes       : 1
      lines         : 1
      syslines      : 1
  Processed:
      file size     : 153 (0x99) (bytes)
      bytes         : 153 (0x99)
      bytes total   : 153 (0x99)
      block size    : 256 (0x100)
      blocks        : 1
      blocks total  : 1 (256 bytes)
      lines         : 1
      syslines      : 2
      syslines high : 1
  Parsers:
                   datetime format missing year; estimated year of last sysline 2022
  Processing Stores:
      storage: LineReader::find_line() lines                       : hit  0, miss  2,  0.0%
      caching: LineReader::find_line() LRU cache                   : hit  1, miss  3, 25.0%, put  2
      copying: SyslineReader::get_boxptrs()                        : sgl 35, dbl   0, mult  0
      storage: SyslineReader::find_sysline() syslines              : hit  0, miss  2,  0.0%
      caching: SyslineReader::find_sysline() syslines_by_range_map : hit  1, miss  2, 33.3%, put  2
      caching: SyslineReader::find_sysline() LRU cache             : hit  0, miss  3,  0.0%, put  3
      caching: SyslineReader::parse_datetime_in_line() LRU cache   : hit  0, miss  2,  0.0%, put  0
      optimize:SyslineReader::ezcheck12                            : hit  0, miss  0,  0.0%, largest skipped 0
      optimize:SyslineReader::ezcheckd2                            : hit  0, miss  5,  0.0%, largest skipped 0
      optimize:SyslineReader::ezcheck12d2                          : hit  0, miss 30,  0.0%, largest skipped 0
      process: regex captures attempted                            : 35
  Processing Drops:

Program Summary:

Paths considered       : 1
Paths not processed    : 0
Files processed        : 1
Files printed          : 1
Printed bytes          : 215
Printed flushes        : 2
Printed lines          : 1
Printed syslines       : 1
Printed evtx events    : 0
Printed fixedstruct    : 0
Printed journal events : 0
Regex patterns known   : 175
Regex patterns compiled: 34
Datetime filter -a     : 1999-03-03 00:00:00 +00:00 (1999-03-03 00:00:00 +00:00)
Datetime filter -b     : 2023-04-10 22:10:32 +00:00 (2023-04-10 22:10:32 +00:00)
Channel Receive ok     : 3
Channel Receive err    : 0
Threads Spawned        : 1
Thread Spawn errors    : 0
Temporary files created: 0
Platform               : x86_64-unknown-linux-gnu
Allocator              : system
