
Files:

File: ./logs/Debian9/syslog
  About:
      FileType      : TEXT UTF8/ASCII (text log)
      LogMessageType: text log lines
      Thread stack  : 102400 (bytes)
  Printed:
      bytes         : 2837
      flushes       : 19
      Lines         : 19
      Syslines      : 19
      Datetime first: 2022-03-06 06:25:04 +08:00 (2022-03-05 22:25:04.000000 +00:00)
      Datetime last : 2022-03-06 06:37:37 +08:00 (2022-03-05 22:37:37.000000 +00:00)
  Processed:
      file size     : 1849 (0x739) (bytes)
      bytes         : 1849 (0x739)
      bytes total   : 1849 (0x739)
      Block size    : 256 (0x100)
      Blocks        : 8
      Blocks total  : 8 (2048 bytes)
      Lines         : 19
      Line longest  : 153 (bytes)
      Line parts    : 27
      Syslines      : 19
      Sysline longest: 153 (bytes)
      Syslines high : 19
      Datetime first: 2022-03-06 06:25:04 +08:00 (2022-03-05 22:25:04.000000 +00:00)
      Datetime last : 2022-03-06 06:37:37 +08:00 (2022-03-05 22:37:37.000000 +00:00)
      out of order  : 11
  Parsers:
                   datetime format missing year; estimated year of last sysline 2022
  Processing stores:
      storage: LineReader::find_line() lines                       : hit 18, miss 40, 31.0%
      caching: LineReader::find_line() LRU cache                   : hit  1, miss 39,  2.5%, put 38
      copying: SyslineReader::get_boxptrs()                        : sgl 51, dbl   1, mult  0
      storage: SyslineReader::find_sysline() syslines              : hit 18, miss 20, 47.4%
      caching: SyslineReader::find_sysline() syslines_by_range_map : hit  1, miss 20,  4.8%, put 19
      caching: SyslineReader::find_sysline() LRU cache             : hit  0, miss 39,  0.0%, put 38
      caching: SyslineReader::parse_datetime_in_line() LRU cache   : hit 18, miss 20, 47.4%, put  0
      optimize:SyslineReader::ezcheck12                            : hit  0, miss  0,  0.0%, largest skipped 0
      optimize:SyslineReader::ezcheckd2                            : hit  0, miss 23,  0.0%, largest skipped 0
      optimize:SyslineReader::ezcheck12d2                          : hit  0, miss 29,  0.0%, largest skipped 0
      process: regex captures                                      : hit 20, miss 32
  Processing Drops:

Program summary:

Paths considered       : 1
Paths not processed    : 0
Files processed        : 1
Files printed          : 1
Printed bytes          : 2913
Printed flushes        : 38
Printed Lines          : 19
Printed Syslines       : 19
Printed ASL events     : 0
Printed ETL events     : 0
Printed EVTX events    : 0
Printed FixedStruct    : 0
Printed Journal events : 0
Printed ODL events     : 0
Line Maximum                   : 393209
Line longest                   : 153
Sysline longest                : 153
EVTX event largest processed   : 0
EVTX event largest accepted    : 0
Journal event largest processed: 0
Journal event largest accepted : 0
Managed files max deflt: 980
Managed files max adjus: 200
Managed handles high   : 1
Managed request open   : 1
Managed request read   : 0
Managed write calls    : 0
Managed seek calls     : 8
Managed metadata calls : 1
Managed open errors    : 0
Managed evict fails    : 0
Regex patterns known   : 188
Regex patterns compiled: 188
Datetime filter -a     : 1999-03-03 00:00:00 +00:00 (1999-03-03 00:00:00.000000 +00:00)
Datetime printed first : 2022-03-06 06:25:04 +08:00 (2022-03-05 22:25:04.000000 +00:00)
Datetime printed last  : 2022-03-06 06:37:37 +08:00 (2022-03-05 22:37:37.000000 +00:00)
Datetime filter -b     : 2026-01-02 00:00:00 +00:00 (2026-01-02 00:00:00.000000 +00:00)
Channel receive ok     : 21
Channel receive err    : 0
Threads spawned        : 1
Thread spawn errors    : 0
Temporary files created: 0
Platform               : x86_64-unknown-linux-gnu
Allocator              : system
