
Files:

File: ./logs/Debian9/user.log.1.gz
  About:
      FileType      : TEXT UTF8/ASCII (GZIP) (text log)
      LogMessageType: text log lines
      Thread stack  : 177152 (bytes)
  Printed:
      bytes         : 541
      flushes       : 3
      Lines         : 3
      Syslines      : 3
      Datetime first: 2022-02-06 03:17:11 +08:00 (2022-02-05 19:17:11.000000 +00:00)
      Datetime last : 2022-02-06 03:17:39 +08:00 (2022-02-05 19:17:39.000000 +00:00)
  Processed:
      file size compressed  : 260 (0x104) (bytes)
      file size uncompressed: 364 (0x16C) (bytes)
      bytes         : 364 (0x16C)
      bytes total   : 364 (0x16C)
      Block size    : 256 (0x100)
      Blocks        : 2
      Blocks total  : 2 (512 bytes)
      Lines         : 3
      Line longest  : 180 (bytes)
      Line parts    : 4
      Syslines      : 4
      Sysline longest: 180 (bytes)
      Syslines high : 3
      Datetime first: 2022-02-06 03:17:11 +08:00 (2022-02-05 19:17:11.000000 +00:00)
      Datetime last : 2022-02-06 03:17:39 +08:00 (2022-02-05 19:17:39.000000 +00:00)
      out of order  : 0
  Parsers:
                   datetime format missing year; estimated year of last sysline 2022
  Processing stores:
      storage: LineReader::find_line() lines                       : hit  1, miss  7, 12.5%
      caching: LineReader::find_line() LRU cache                   : hit  2, miss  6, 25.0%, put  6
      copying: SyslineReader::get_boxptrs()                        : sgl 37, dbl   0, mult  0
      storage: SyslineReader::find_sysline() syslines              : hit  2, miss  4, 33.3%
      caching: SyslineReader::find_sysline() syslines_by_range_map : hit  1, miss  4, 20.0%, put  4
      caching: SyslineReader::find_sysline() LRU cache             : hit  0, miss  7,  0.0%, put  7
      caching: SyslineReader::parse_datetime_in_line() LRU cache   : hit  2, miss  5, 28.6%, put  0
      optimize:SyslineReader::ezcheck12                            : hit  0, miss  0,  0.0%, largest skipped 0
      optimize:SyslineReader::ezcheckd2                            : hit  0, miss  8,  0.0%, largest skipped 0
      optimize:SyslineReader::ezcheck12d2                          : hit  0, miss 29,  0.0%, largest skipped 0
      process: regex captures                                      : hit  5, miss 32
  Processing Drops:

Program summary:

Paths considered       : 1
Paths not processed    : 0
Files processed        : 1
Files printed          : 1
Printed bytes          : 553
Printed flushes        : 6
Printed Lines          : 3
Printed Syslines       : 3
Printed ASL events     : 0
Printed ETL events     : 0
Printed EVTX events    : 0
Printed FixedStruct    : 0
Printed Journal events : 0
Printed ODL events     : 0
Line Maximum                   : 393209
Line longest                   : 180
Sysline longest                : 180
EVTX event largest processed   : 0
EVTX event largest accepted    : 0
Journal event largest processed: 0
Journal event largest accepted : 0
Managed files max deflt: 980
Managed files max adjus: 200
Managed handles high   : 2
Managed request open   : 2
Managed request read   : 0
Managed write calls    : 0
Managed seek calls     : 2
Managed metadata calls : 1
Managed open errors    : 0
Managed evict fails    : 0
Regex patterns known   : 188
Regex patterns compiled: 188
Datetime filter -a     : 1999-03-03 00:00:00 +00:00 (1999-03-03 00:00:00.000000 +00:00)
Datetime printed first : 2022-02-06 03:17:11 +08:00 (2022-02-05 19:17:11.000000 +00:00)
Datetime printed last  : 2022-02-06 03:17:39 +08:00 (2022-02-05 19:17:39.000000 +00:00)
Datetime filter -b     : 2026-01-02 00:00:00 +00:00 (2026-01-02 00:00:00.000000 +00:00)
Channel receive ok     : 5
Channel receive err    : 0
Threads spawned        : 1
Thread spawn errors    : 0
Temporary files created: 0
Platform               : x86_64-unknown-linux-gnu
Allocator              : system
