
Files:

File: ./logs/Debian9/Xorg.0.log.old
  About:
      filetype       : TEXT UTF8/ASCII (text log)
      logmessagetype : text log lines
      Processing Err : failed to calculate systemtime at uptime zero
  Printed:
      bytes         : 0
      flushes       : 0
      lines         : 0
      syslines      : 0
      datetime first: None Found
      datetime last : None Found
  Processed:
      file size     : 1250 (0x4E2) (bytes)
      bytes         : 482 (0x1E2)
      bytes total   : 1250 (0x4E2)
      block size    : 256 (0x100)
      blocks        : 2
      blocks total  : 5 (1280 bytes)
      lines         : 5
      syslines      : 2
      syslines high : 2
      datetime first     : 1970-01-01 00:01:48 +08:00 (1969-12-31 16:01:48.360000 +00:00)
      datetime last      : 1970-01-01 00:01:48 +08:00 (1969-12-31 16:01:48.363000 +00:00)
  Parsers:
  Processing Stores:
      storage: LineReader::find_line() lines                       : hit   0, miss   9,  0.0%
      caching: LineReader::find_line() LRU cache                   : hit   1, miss   6, 14.3%, put   5
      copying: SyslineReader::get_boxptrs()                        : sgl 508, dbl    0, mult   0
      storage: SyslineReader::find_sysline() syslines              : hit   0, miss   2,  0.0%
      caching: SyslineReader::find_sysline() syslines_by_range_map : hit   0, miss   2,  0.0%, put   2
      caching: SyslineReader::find_sysline() LRU cache             : hit   0, miss   2,  0.0%, put   2
      caching: SyslineReader::parse_datetime_in_line() LRU cache   : hit   0, miss   5,  0.0%, put   0
      optimize:SyslineReader::ezcheck12                            : hit   0, miss   0,  0.0%, largest skipped 0
      optimize:SyslineReader::ezcheckd2                            : hit   2, miss  40,  4.8%, largest skipped 19
      optimize:SyslineReader::ezcheck12d2                          : hit   0, miss 466,  0.0%, largest skipped 0
      process: regex captures attempted                            : 506
  Processing Drops:

Program Summary:

Paths considered       : 1
Paths not processed    : 0
Files processed        : 1
Files printed          : 0
Printed bytes          : 0
Printed flushes        : 0
Printed lines          : 0
Printed syslines       : 0
Printed ETL events     : 0
Printed EVTX events    : 0
Printed fixedstruct    : 0
Printed journal events : 0
Printed ODL events     : 0
Regex patterns known   : 175
Regex patterns compiled: 175
Datetime filter -a     : 1999-03-03 00:00:00 +00:00 (1999-03-03 00:00:00.000000 +00:00)
Datetime printed first :
Datetime printed last  :
Datetime filter -b     : 2026-01-02 00:00:00 +00:00 (2026-01-02 00:00:00.000000 +00:00)
Channel Receive ok     : 2
Channel Receive err    : 0
Threads Spawned        : 1
Thread Spawn errors    : 0
Temporary files created: 0
Platform               : x86_64-unknown-linux-gnu
Allocator              : system
