
Files:

File: ./logs/RedHatEnterprise9/audit/audit.log
  About:
      filetype       : TEXT UTF8/ASCII
      logmessagetype : syslog lines
  Printed:
      bytes         : 3474
      flushes       : 10
      lines         : 10
      syslines      : 10
  Processed:
      file size     : 4922 (0x133A) (bytes)
      bytes         : 4922 (0x133A)
      bytes total   : 4922 (0x133A)
      block size    : 256 (0x100)
      blocks        : 20
      blocks total  : 20 (5120 bytes)
      lines         : 19
      syslines      : 19
      syslines high : 19
  Parsers:
                   datetime format missing year; estimated year of last sysline 2023
  Processing Stores:
      storage: LineReader::find_line() lines                       : hit  18, miss  40, 31.0%
      caching: LineReader::find_line() LRU cache                   : hit   1, miss  40,  2.4%, put  38
      copying: SyslineReader::get_boxptrs()                        : sgl 106, dbl    9, mult   0
      storage: SyslineReader::find_sysline() syslines              : hit   0, miss  20,  0.0%
      caching: SyslineReader::find_sysline() syslines_by_range_map : hit  11, miss  20, 35.5%, put  19
      caching: SyslineReader::find_sysline() LRU cache             : hit   0, miss  31,  0.0%, put  30
      caching: SyslineReader::parse_datetime_in_line() LRU cache   : hit  18, miss  20, 47.4%, put   0
      optimize:SyslineReader::ezcheck12                            : hit   0, miss   0,  0.0%, largest skipped 0
      optimize:SyslineReader::ezcheckd2                            : hit   1, miss  23,  4.2%, largest skipped 21
      optimize:SyslineReader::ezcheck12d2                          : hit   2, miss  89,  2.2%, largest skipped 24
      process: regex captures attempted                            : 112
  Processing Drops:

Program Summary:

Paths considered       : 1
Paths not processed    : 0
Files processed        : 1
Files printed          : 1
Printed bytes          : 3514
Printed flushes        : 20
Printed lines          : 10
Printed syslines       : 10
Printed evtx events    : 0
Printed fixedstruct    : 0
Printed journal events : 0
Regex patterns known   : 158
Regex patterns compiled: 93
Datetime filter -a     : 1999-03-03 00:00:00 +00:00 (1999-03-03 00:00:00 +00:00)
Datetime filter -b     : 2023-04-10 22:10:32 +00:00 (2023-04-10 22:10:32 +00:00)
Channel Receive ok     : 12
Channel Receive err    : 0
Threads Spawned        : 1
Thread Spawn errors    : 0
Allocator Chosen       : Jemalloc
