
Files:

File: ./logs/Ubuntu18/installer/initial-status
  About:
      FileType      : TEXT UTF8/ASCII (text log)
      LogMessageType: text log lines
      Thread stack  : 100352 (bytes)
      Processing Err : no syslog lines found in file
  Printed:
      bytes         : 0
      flushes       : 0
      Lines         : 0
      Syslines      : 0
      Datetime first: None Found
      Datetime last : None Found
  Processed:
      file size     : 860 (0x35C) (bytes)
      bytes         : 256 (0x100)
      bytes total   : 860 (0x35C)
      Block size    : 256 (0x100)
      Blocks        : 1
      Blocks total  : 4 (1024 bytes)
      Lines         : 9
      Line longest  : 70 (bytes)
      Line parts    : 10
      Syslines      : 0
      Sysline longest: 0 (bytes)
      Syslines high : 0
      out of order  : 0
  Processing stores:
      storage: LineReader::find_line() lines                       : hit    0, miss   19,  0.0%
      caching: LineReader::find_line() LRU cache                   : hit    1, miss   10,  9.1%, put    9
      copying: SyslineReader::get_boxptrs()                        : sgl 1692, dbl     0, mult    0
      storage: SyslineReader::find_sysline() syslines              : hit    0, miss    1,  0.0%
      caching: SyslineReader::find_sysline() syslines_by_range_map : hit    0, miss    1,  0.0%, put    0
      caching: SyslineReader::find_sysline() LRU cache             : hit    0, miss    1,  0.0%, put    0
      caching: SyslineReader::parse_datetime_in_line() LRU cache   : hit    0, miss   10,  0.0%, put    0
      optimize:SyslineReader::ezcheck12                            : hit    0, miss    0,  0.0%, largest skipped 0
      optimize:SyslineReader::ezcheckd2                            : hit  140, miss   40, 77.8%, largest skipped 69
      optimize:SyslineReader::ezcheck12d2                          : hit 1176, miss  336, 77.8%, largest skipped 69
      process: regex captures                                      : hit    0, miss  376
  Processing Drops:

Program summary:

Paths considered       : 1
Paths not processed    : 0
Files processed        : 1
Files printed          : 0
Printed bytes          : 0
Printed flushes        : 0
Printed Lines          : 0
Printed Syslines       : 0
Printed ASL events     : 0
Printed ETL events     : 0
Printed EVTX events    : 0
Printed FixedStruct    : 0
Printed Journal events : 0
Printed ODL events     : 0
Line Maximum                   : 393209
Line longest                   : 70
Sysline longest                : 0
EVTX event largest processed   : 0
EVTX event largest accepted    : 0
Journal event largest processed: 0
Journal event largest accepted : 0
Managed files max deflt: 980
Managed files max adjus: 200
Managed request open   : 1
Managed request read   : 0
Managed write calls    : 0
Managed seek calls     : 1
Managed metadata calls : 1
Managed open errors    : 0
Managed evict fails    : 0
Regex patterns known   : 188
Regex patterns compiled: 188
Datetime filter -a     : 1999-03-03 00:00:00 +00:00 (1999-03-03 00:00:00.000000 +00:00)
Datetime printed first :
Datetime printed last  :
Datetime filter -b     : 2026-01-02 00:00:00 +00:00 (2026-01-02 00:00:00.000000 +00:00)
Channel receive ok     : 2
Channel receive err    : 0
Threads spawned        : 1
Thread spawn errors    : 0
Temporary files created: 0
Platform               : x86_64-unknown-linux-gnu
Allocator              : system
