2024-02-16 01:43:27.358940-0800: Version: V7.1.18 starting [0]
2024-02-16 01:43:27.360996-0800: Started at Fri Feb 16 01:43:27 2024
2024-02-16 01:44:04.602610-0800: exit at user request Fri Feb 16 01:44:05 2024

2024-02-16 01:44:43.125741-0800: Version: V7.1.18 starting [0]
2024-02-16 01:44:43.846923-0800: Started at Fri Feb 16 01:44:43 2024
2024-02-16 01:45:36.360646-0800: exit at user request Fri Feb 16 01:45:36 2024

2024-02-16 01:46:00.030381-0800: Version: V7.1.18 starting [0]
2024-02-16 01:46:00.034549-0800: Started at Fri Feb 16 01:46:00 2024
2024-02-16 01:46:55.860301-0800: exit at user request Fri Feb 16 01:46:55 2024

2024-02-16 01:47:10.194443-0800: Version: V7.1.18 starting [0]
2024-02-16 01:47:10.203919-0800: Started at Fri Feb 16 01:47:10 2024
2024-02-16 01:49:31.256086-0800: exit at user request Fri Feb 16 01:49:31 2024

2024-02-16 01:49:44.219483-0800: Version: V7.1.18 starting [0]
2024-02-16 01:49:44.224398-0800: Started at Fri Feb 16 01:49:44 2024
2024-02-16 01:50:11.372433-0800: exit at user request Fri Feb 16 01:50:11 2024

2024-02-19 13:03:10.384019-0800: Version: V7.1.18 starting [0]
2024-02-19 13:03:10.438427-0800: Started at Mon Feb 19 13:03:10 2024
2024-02-19 21:18:15.535648+0000: exit at user request Mon Feb 19 21:18:15 2024

2024-02-19 21:18:30.589647+0000: Version: V7.1.18 starting [0]
2024-02-19 21:18:30.599255+0000: Started at Mon Feb 19 21:18:30 2024
2024-02-19 22:39:57.461639+0000: exit at user request Mon Feb 19 22:39:57 2024

2024-02-19 22:40:19.945036+0000: Version: V7.1.18 starting [0]
2024-02-19 22:40:19.982890+0000: Started at Mon Feb 19 22:40:19 2024
2024-02-19 23:31:54.251833+0000: exit at user request Mon Feb 19 23:31:54 2024

2024-03-05 15:34:36.556848+0000: Version: V7.1.18 starting [0]
2024-03-05 15:34:36.622380+0000: Started at Tue Mar  5 15:34:36 2024
2024-03-05 15:37:25.031727+0000: exit at user request Tue Mar  5 15:37:25 2024

2024-03-24 19:11:44.735844+0000: Version: V7.1.18 starting [0]
2024-03-24 19:11:44.919711+0000: Started at Sun Mar 24 19:11:44 2024
