
Files:

File: ./logs/programs/tomcat/catalina.out
  About:
      filetype       : TEXT UTF8/ASCII
      logmessagetype : syslog lines
  Printed:
      bytes         : 3218
      lines         : 21
      syslines      : 7
  Processed:
      file size     : 1832 (0x728) (bytes)
      bytes         : 1832 (0x728)
      bytes total   : 1832 (0x728)
      block size    : 256 (0x100)
      blocks        : 8
      blocks total  : 8
      lines         : 21
      syslines      : 7
      syslines high : 7
  Parsers:
  Processing Stores:
      storage: LineReader::find_line() lines                       : hit  2, miss 39,  4.9%
      caching: LineReader::find_line() LRU cache                   : hit  7, miss 22, 24.1%, put 21
      copying: SyslineReader::get_boxptrs()                        : sgl 72, dbl   4, mult  0
      storage: SyslineReader::find_sysline() syslines              : hit  0, miss  7,  0.0%
      caching: SyslineReader::find_sysline() syslines_by_range_map : hit  0, miss  7,  0.0%, put  7
      caching: SyslineReader::find_sysline() LRU cache             : hit  1, miss  7, 12.5%, put  7
      caching: SyslineReader::parse_datetime_in_line() LRU cache   : hit  6, miss 21, 22.2%, put  0
      optimize:SyslineReader::ezcheck12                            : hit  0, miss  0,  0.0%, largest skipped 0
      optimize:SyslineReader::ezcheckd2                            : hit  0, miss  4,  0.0%, largest skipped 0
      optimize:SyslineReader::ezcheck12d2                          : hit 12, miss 60, 16.7%, largest skipped 29
      process: regex captures attempted                            : 64
  Processing Drops:


Program Summary:

Paths considered      : 1
Paths not processed   : 0
Files processed       : 1
Files printed         : 1
Printed bytes         : 3246
Printed lines         : 21
Printed syslines      : 7
Printed evtx events   : 0
Printed fixedstruct   : 0
Printed journal events: 0
Regex patterns        : 154
Regex compiled        : 58
Datetime filter -a    : 1999-03-03T00:00:00+00:00 (1999-03-03 00:00:00 +00:00)
Datetime filter -b    : 2023-04-10T22:10:32+00:00 (2023-04-10 22:10:32 +00:00)
Channel Receive ok    : 9
Channel Receive err   : 0
