
Files:

File: ./logs/programs/tomcat/catalina-access.log
  About:
      filetype       : TEXT UTF8/ASCII (text log)
      logmessagetype : text log lines
  Printed:
      bytes         : 578
      flushes       : 2
      lines         : 2
      syslines      : 2
      datetime first: 2023-02-14 14:30:20 +00:00 (2023-02-14 14:30:20.483000 +00:00)
      datetime last : 2023-02-14 14:30:21 +00:00 (2023-02-14 14:30:21.440000 +00:00)
  Processed:
      file size     : 432 (0x1B0) (bytes)
      bytes         : 432 (0x1B0)
      bytes total   : 432 (0x1B0)
      block size    : 256 (0x100)
      blocks        : 2
      blocks total  : 2 (512 bytes)
      lines         : 2
      syslines      : 2
      syslines high : 2
      datetime first     : 2023-02-14 14:30:20 +00:00 (2023-02-14 14:30:20.483000 +00:00)
      datetime last      : 2023-02-14 14:30:21 +00:00 (2023-02-14 14:30:21.440000 +00:00)
  Parsers:
  Processing Stores:
      storage: LineReader::find_line() lines                       : hit  0, miss  5,  0.0%
      caching: LineReader::find_line() LRU cache                   : hit  3, miss  4, 42.9%, put  2
      copying: SyslineReader::get_boxptrs()                        : sgl 52, dbl   1, mult  0
      storage: SyslineReader::find_sysline() syslines              : hit  0, miss  3,  0.0%
      caching: SyslineReader::find_sysline() syslines_by_range_map : hit  0, miss  3,  0.0%, put  2
      caching: SyslineReader::find_sysline() LRU cache             : hit  0, miss  3,  0.0%, put  2
      caching: SyslineReader::parse_datetime_in_line() LRU cache   : hit  2, miss  2, 50.0%, put  0
      optimize:SyslineReader::ezcheck12                            : hit  0, miss  0,  0.0%, largest skipped 0
      optimize:SyslineReader::ezcheckd2                            : hit  0, miss  4,  0.0%, largest skipped 0
      optimize:SyslineReader::ezcheck12d2                          : hit  0, miss 49,  0.0%, largest skipped 0
      process: regex captures attempted                            : 53
  Processing Drops:

Program Summary:

Paths considered       : 1
Paths not processed    : 0
Files processed        : 1
Files printed          : 1
Printed bytes          : 586
Printed flushes        : 4
Printed lines          : 2
Printed syslines       : 2
Printed ETL events     : 0
Printed EVTX events    : 0
Printed fixedstruct    : 0
Printed journal events : 0
Printed ODL events     : 0
Regex patterns known   : 175
Regex patterns compiled: 52
Datetime filter -a     : 1999-03-03 00:00:00 +00:00 (1999-03-03 00:00:00.000000 +00:00)
Datetime printed first : 2023-02-14 14:30:20 +00:00 (2023-02-14 14:30:20.483000 +00:00)
Datetime printed last  : 2023-02-14 14:30:21 +00:00 (2023-02-14 14:30:21.440000 +00:00)
Datetime filter -b     : 2023-04-10 22:10:32 +00:00 (2023-04-10 22:10:32.000000 +00:00)
Channel Receive ok     : 4
Channel Receive err    : 0
Threads Spawned        : 1
Thread Spawn errors    : 0
Temporary files created: 0
Platform               : x86_64-unknown-linux-gnu
Allocator              : system
