
Files:

File: ./logs/Debian11/armv6l_ARMv6/lastlog
  About:
      FileType      : LASTLOG (Unix accounting log (acct/lastlog/lastlogx/utmp/utmpx))
      FixedStructTyp: Lastlog
      LogMessageType: fixedstruct entries (Unix acct/lastlog/lastlogx/utmp/utmpx)
      specific type : Fs_Linux_x86_Lastlog
      Thread stack  : 102400 (bytes)
  Printed:
      bytes         : 246
      flushes       : 2
      Entries       : 2
  Processed:
      file size     : 292292 (0x475C4) (bytes)
      bytes         : 292292 (0x475C4)
      bytes total   : 292292 (0x475C4)
      Block size    : 256 (0x100)
      Blocks        : 1142
      Blocks total  : 1142 (292352 bytes)
      Entries       : 2
      Entry size    : 292 (bytes)
      Entry hi-score: 87
      first Entry   : @0
      Entry high    : 2
      peak map size : 2
      Datetime first: 2024-02-18 12:29:57 +08:00 (2024-02-18 04:29:57.000000 +00:00)
      Datetime last : 2024-02-18 12:36:17 +08:00 (2024-02-18 04:36:17.000000 +00:00)
      out of order  : 0
  Processing stores:
      storage: FixedStructReader::find_entry()                     : hit    2, miss    0, 100.0%
  Processing Drops:

Program summary:

Paths considered       : 1
Paths not processed    : 0
Files processed        : 1
Files printed          : 1
Printed bytes          : 254
Printed flushes        : 4
Printed Lines          : 0
Printed Syslines       : 0
Printed ASL events     : 0
Printed ETL events     : 0
Printed EVTX events    : 0
Printed FixedStruct    : 2
Printed Journal events : 0
Printed ODL events     : 0
Line Maximum                   : 393209
Line longest                   : 0
Sysline longest                : 0
EVTX event largest processed   : 0
EVTX event largest accepted    : 0
Journal event largest processed: 0
Journal event largest accepted : 0
Managed files max deflt: 980
Managed files max adjus: 200
Managed handles high   : 1
Managed request open   : 1
Managed request read   : 0
Managed write calls    : 0
Managed seek calls     : 1142
Managed metadata calls : 1
Managed open errors    : 0
Managed evict fails    : 0
Regex patterns known   : 188
Regex patterns compiled: 188
Datetime filter -a     : 1999-03-03 00:00:00 +00:00 (1999-03-03 00:00:00.000000 +00:00)
Datetime printed first : 2024-02-18 12:29:57 +08:00 (2024-02-18 04:29:57.000000 +00:00)
Datetime printed last  : 2024-02-18 12:36:17 +08:00 (2024-02-18 04:36:17.000000 +00:00)
Datetime filter -b     : 2026-01-02 00:00:00 +00:00 (2026-01-02 00:00:00.000000 +00:00)
Channel receive ok     : 4
Channel receive err    : 0
Threads spawned        : 1
Thread spawn errors    : 0
Temporary files created: 0
Platform               : x86_64-unknown-linux-gnu
Allocator              : system
