
Files:

File: ./logs/Debian11/armv6l_ARMv6/utmp
  About:
      FileType      : UTMP/WTMP (Unix accounting log (acct/lastlog/lastlogx/utmp/utmpx))
      FixedStructTyp: Utmp
      LogMessageType: fixedstruct entries (Unix acct/lastlog/lastlogx/utmp/utmpx)
      specific type : Fs_Linux_x86_Utmpx
      Thread stack  : 104448 (bytes)
  Printed:
      bytes         : 972
      flushes       : 4
      Entries       : 4
  Processed:
      file size     : 1920 (0x780) (bytes)
      bytes         : 1920 (0x780)
      bytes total   : 1920 (0x780)
      Block size    : 256 (0x100)
      Blocks        : 8
      Blocks total  : 8 (2048 bytes)
      Entries       : 4
      Entry size    : 384 (bytes)
      Entry hi-score: 133
      first Entry   : @384
      Entry high    : 4
      peak map size : 4
      Datetime first: 2024-01-22 09:03:29 +08:00 (2024-01-22 01:03:29.664254 +00:00)
      Datetime last : 2024-02-18 12:36:53 +08:00 (2024-02-18 04:36:53.034532 +00:00)
      out of order  : 0
  Processing stores:
      storage: FixedStructReader::find_entry()                     : hit  4, miss  0, 100.0%
  Processing Drops:

Program summary:

Paths considered       : 1
Paths not processed    : 0
Files processed        : 1
Files printed          : 1
Printed bytes          : 988
Printed flushes        : 8
Printed Lines          : 0
Printed Syslines       : 0
Printed ASL events     : 0
Printed ETL events     : 0
Printed EVTX events    : 0
Printed FixedStruct    : 4
Printed Journal events : 0
Printed ODL events     : 0
Line Maximum                   : 393209
Line longest                   : 0
Sysline longest                : 0
EVTX event largest processed   : 0
EVTX event largest accepted    : 0
Journal event largest processed: 0
Journal event largest accepted : 0
Managed files max deflt: 980
Managed files max adjus: 200
Managed handles high   : 1
Managed request open   : 1
Managed request read   : 0
Managed write calls    : 0
Managed seek calls     : 8
Managed metadata calls : 1
Managed open errors    : 0
Managed evict fails    : 0
Regex patterns known   : 188
Regex patterns compiled: 188
Datetime filter -a     : 1999-03-03 00:00:00 +00:00 (1999-03-03 00:00:00.000000 +00:00)
Datetime printed first : 2024-01-22 09:03:29 +08:00 (2024-01-22 01:03:29.664254 +00:00)
Datetime printed last  : 2024-02-18 12:36:53 +08:00 (2024-02-18 04:36:53.034532 +00:00)
Datetime filter -b     : 2026-01-02 00:00:00 +00:00 (2026-01-02 00:00:00.000000 +00:00)
Channel receive ok     : 6
Channel receive err    : 0
Threads spawned        : 1
Thread spawn errors    : 0
Temporary files created: 0
Platform               : x86_64-unknown-linux-gnu
Allocator              : system
