
Files:

File: ./logs/RancherOS-1.5.8/boot/autologin
  About:
      filetype      : TEXT UTF8/ASCII (text log)
      logmessagetype: text log lines
      thread stack  : 2150400 (bytes)
  Printed:
      bytes         : 319
      flushes       : 2
      lines         : 2
      syslines      : 2
      datetime first: 2022-10-09 21:31:43 +00:00 (2022-10-09 21:31:43.000000 +00:00)
      datetime last : 2022-10-10 20:23:36 +00:00 (2022-10-10 20:23:36.000000 +00:00)
  Processed:
      file size     : 183 (0xB7) (bytes)
      bytes         : 183 (0xB7)
      bytes total   : 183 (0xB7)
      block size    : 256 (0x100)
      blocks        : 1
      blocks total  : 1 (256 bytes)
      lines         : 2
      line longest  : 92 (bytes)
      line parts    : 2
      syslines      : 2
      sysline longest: 92 (bytes)
      syslines high : 2
      datetime first: 2022-10-09 21:31:43 +00:00 (2022-10-09 21:31:43.000000 +00:00)
      datetime last : 2022-10-10 20:23:36 +00:00 (2022-10-10 20:23:36.000000 +00:00)
      out of order  : 0
  Parsers:
  Processing Stores:
      storage: LineReader::find_line() lines                       : hit   0, miss   3,  0.0%
      caching: LineReader::find_line() LRU cache                   : hit   2, miss   2, 50.0%, put   2
      copying: SyslineReader::get_boxptrs()                        : sgl 141, dbl    0, mult   0
      storage: SyslineReader::find_sysline() syslines              : hit   0, miss   2,  0.0%
      caching: SyslineReader::find_sysline() syslines_by_range_map : hit   0, miss   1,  0.0%, put   1
      caching: SyslineReader::find_sysline() LRU cache             : hit   1, miss   2, 33.3%, put   2
      caching: SyslineReader::parse_datetime_in_line() LRU cache   : hit   1, miss   2, 33.3%, put   0
      optimize:SyslineReader::ezcheck12                            : hit   0, miss   0,  0.0%, largest skipped 0
      optimize:SyslineReader::ezcheckd2                            : hit   0, miss  12,  0.0%, largest skipped 0
      optimize:SyslineReader::ezcheck12d2                          : hit   0, miss 129,  0.0%, largest skipped 0
      process: regex captures                                      : hit   2, miss 139
  Processing Drops:

Program Summary:

Paths considered       : 1
Paths not processed    : 0
Files processed        : 1
Files printed          : 1
Printed bytes          : 328
Printed flushes        : 5
Printed lines          : 2
Printed syslines       : 2
Longest Line           : 92
Longest Sysline        : 92
Printed ASL events     : 0
Printed ETL events     : 0
Printed EVTX events    : 0
Printed fixedstruct    : 0
Printed journal events : 0
Printed ODL events     : 0
Managed files max deflt: 980
Managed files max adjus: 200
Managed request open   : 1
Managed request read   : 0
Managed read calls     : 1
Managed write calls    : 0
Managed seek calls     : 1
Managed metadata calls : 1
Managed open errors    : 0
Managed evict fails    : 0
Regex patterns known   : 188
Regex patterns compiled: 188
Datetime filter -a     : 1999-03-03 00:00:00 +00:00 (1999-03-03 00:00:00.000000 +00:00)
Datetime printed first : 2022-10-09 21:31:43 +00:00 (2022-10-09 21:31:43.000000 +00:00)
Datetime printed last  : 2022-10-10 20:23:36 +00:00 (2022-10-10 20:23:36.000000 +00:00)
Datetime filter -b     : 2026-01-02 00:00:00 +00:00 (2026-01-02 00:00:00.000000 +00:00)
Channel Receive ok     : 4
Channel Receive err    : 0
Threads Spawned        : 1
Thread Spawn errors    : 0
Temporary files created: 0
Platform               : x86_64-unknown-linux-gnu
Allocator              : system
