
Files:

File: ./logs/RancherOS-1.5.8/boot/cloud-init-save.log
  About:
      FileType      : TEXT UTF8/ASCII (text log)
      LogMessageType: text log lines
      Thread stack  : 100352 (bytes)
  Printed:
      bytes         : 1732
      flushes       : 8
      Lines         : 10
      Syslines      : 8
      Datetime first: 2022-10-10 20:23:26 +00:00 (2022-10-10 20:23:26.000000 +00:00)
      Datetime last : 2022-10-10 20:23:26 +00:00 (2022-10-10 20:23:26.000000 +00:00)
  Processed:
      file size     : 952 (0x3B8) (bytes)
      bytes         : 952 (0x3B8)
      bytes total   : 952 (0x3B8)
      Block size    : 256 (0x100)
      Blocks        : 4
      Blocks total  : 4 (1024 bytes)
      Lines         : 10
      Line longest  : 286 (bytes)
      Line parts    : 13
      Syslines      : 8
      Sysline longest: 286 (bytes)
      Syslines high : 8
      Datetime first: 2022-10-10 20:23:26 +00:00 (2022-10-10 20:23:26.000000 +00:00)
      Datetime last : 2022-10-10 20:23:26 +00:00 (2022-10-10 20:23:26.000000 +00:00)
      out of order  : 0
  Parsers:
  Processing stores:
      storage: LineReader::find_line() lines                       : hit   0, miss  19,  0.0%
      caching: LineReader::find_line() LRU cache                   : hit   8, miss  10, 44.4%, put  10
      copying: SyslineReader::get_boxptrs()                        : sgl 146, dbl    3, mult   0
      storage: SyslineReader::find_sysline() syslines              : hit   0, miss   8,  0.0%
      caching: SyslineReader::find_sysline() syslines_by_range_map : hit   0, miss   1,  0.0%, put   1
      caching: SyslineReader::find_sysline() LRU cache             : hit   1, miss   8, 11.1%, put   8
      caching: SyslineReader::parse_datetime_in_line() LRU cache   : hit   7, miss  10, 41.2%, put   0
      optimize:SyslineReader::ezcheck12                            : hit   0, miss   0,  0.0%, largest skipped 0
      optimize:SyslineReader::ezcheckd2                            : hit   0, miss  12,  0.0%, largest skipped 0
      optimize:SyslineReader::ezcheck12d2                          : hit   1, miss 136,  0.7%, largest skipped 9
      process: regex captures                                      : hit   8, miss 140
  Processing Drops:

Program summary:

Paths considered       : 1
Paths not processed    : 0
Files processed        : 1
Files printed          : 1
Printed bytes          : 1765
Printed flushes        : 17
Printed Lines          : 10
Printed Syslines       : 8
Printed ASL events     : 0
Printed ETL events     : 0
Printed EVTX events    : 0
Printed FixedStruct    : 0
Printed Journal events : 0
Printed ODL events     : 0
Line Maximum                   : 393209
Line longest                   : 286
Sysline longest                : 286
EVTX event largest processed   : 0
EVTX event largest accepted    : 0
Journal event largest processed: 0
Journal event largest accepted : 0
Managed files max deflt: 980
Managed files max adjus: 200
Managed handles high   : 1
Managed request open   : 1
Managed request read   : 0
Managed write calls    : 0
Managed seek calls     : 4
Managed metadata calls : 1
Managed open errors    : 0
Managed evict fails    : 0
Regex patterns known   : 188
Regex patterns compiled: 188
Datetime filter -a     : 1999-03-03 00:00:00 +00:00 (1999-03-03 00:00:00.000000 +00:00)
Datetime printed first : 2022-10-10 20:23:26 +00:00 (2022-10-10 20:23:26.000000 +00:00)
Datetime printed last  : 2022-10-10 20:23:26 +00:00 (2022-10-10 20:23:26.000000 +00:00)
Datetime filter -b     : 2026-01-02 00:00:00 +00:00 (2026-01-02 00:00:00.000000 +00:00)
Channel receive ok     : 10
Channel receive err    : 0
Threads spawned        : 1
Thread spawn errors    : 0
Temporary files created: 0
Platform               : x86_64-unknown-linux-gnu
Allocator              : system
