
Files:

File: ./logs/RancherOS-1.5.8/boot/init.log
  About:
      filetype       : TEXT UTF8/ASCII
      logmessagetype : syslog lines
  Printed:
      bytes         : 3575
      lines         : 21
      syslines      : 18
  Processed:
      file size     : 2168 (0x878) (bytes)
      bytes         : 2168 (0x878)
      bytes total   : 2168 (0x878)
      block size    : 256 (0x100)
      blocks        : 9
      blocks total  : 9 (2304 bytes)
      lines         : 21
      syslines      : 18
      syslines high : 12
  Parsers:
  Processing Stores:
      storage: LineReader::find_line() lines                       : hit   1, miss  40,  2.4%
      caching: LineReader::find_line() LRU cache                   : hit  18, miss  22, 45.0%, put  21
      copying: SyslineReader::get_boxptrs()                        : sgl 144, dbl    6, mult   1
      storage: SyslineReader::find_sysline() syslines              : hit   0, miss  18,  0.0%
      caching: SyslineReader::find_sysline() syslines_by_range_map : hit   0, miss  18,  0.0%, put  18
      caching: SyslineReader::find_sysline() LRU cache             : hit   1, miss  18,  5.3%, put  18
      caching: SyslineReader::parse_datetime_in_line() LRU cache   : hit  17, miss  21, 44.7%, put   0
      optimize:SyslineReader::ezcheck12                            : hit   0, miss   0,  0.0%, largest skipped 0
      optimize:SyslineReader::ezcheckd2                            : hit   0, miss   6,  0.0%, largest skipped 0
      optimize:SyslineReader::ezcheck12d2                          : hit   1, miss 144,  0.7%, largest skipped 9
      process: regex captures attempted                            : 150
  Processing Drops:


Program Summary:

Paths considered       : 1
Paths not processed    : 0
Files processed        : 1
Files printed          : 1
Printed bytes          : 3648
Printed lines          : 21
Printed syslines       : 18
Printed evtx events    : 0
Printed fixedstruct    : 0
Printed journal events : 0
Regex patterns known   : 154
Regex patterns compiled: 132
Datetime filter -a     : 1999-03-03 00:00:00 +00:00 (1999-03-03 00:00:00 +00:00)
Datetime filter -b     : 2023-04-10 22:10:32 +00:00 (2023-04-10 22:10:32 +00:00)
Channel Receive ok     : 20
Channel Receive err    : 0
