
Files:

File: ./logs/RancherOS-1.5.8/boot/respawn.log
  About:
      FileType      : TEXT UTF8/ASCII (text log)
      LogMessageType: text log lines
      Thread stack  : 102400 (bytes)
  Printed:
      bytes         : 3179
      flushes       : 20
      Lines         : 21
      Syslines      : 20
      Datetime first: 2021-02-05 19:27:13 +00:00 (2021-02-05 19:27:13.000000 +00:00)
      Datetime last : 2022-10-10 20:23:35 +00:00 (2022-10-10 20:23:35.000000 +00:00)
  Processed:
      file size     : 1709 (0x6AD) (bytes)
      bytes         : 1709 (0x6AD)
      bytes total   : 1709 (0x6AD)
      Block size    : 256 (0x100)
      Blocks        : 7
      Blocks total  : 7 (1792 bytes)
      Blocks high   : 5 (1280 bytes)
      Lines         : 21
      Line longest  : 164 (bytes)
      Lines high    : 15
      Line parts    : 27
      Syslines      : 20
      Sysline longest: 164 (bytes)
      Syslines high : 13
      Datetime first: 2021-02-05 19:27:13 +00:00 (2021-02-05 19:27:13.000000 +00:00)
      Datetime last : 2022-10-10 20:23:35 +00:00 (2022-10-10 20:23:35.000000 +00:00)
      out of order  : 2
  Parsers:
  Processing stores:
      storage: LineReader::find_line() lines                       : hit   1, miss  40,  2.4%
      caching: LineReader::find_line() LRU cache                   : hit  20, miss  21, 48.8%, put  21
      copying: SyslineReader::get_boxptrs()                        : sgl 153, dbl    6, mult   0
      storage: SyslineReader::find_sysline() syslines              : hit   0, miss  20,  0.0%
      caching: SyslineReader::find_sysline() syslines_by_range_map : hit   0, miss   1,  0.0%, put   1
      caching: SyslineReader::find_sysline() LRU cache             : hit   1, miss  20,  4.8%, put  20
      caching: SyslineReader::parse_datetime_in_line() LRU cache   : hit  19, miss  21, 47.5%, put   0
      optimize:SyslineReader::ezcheck12                            : hit   0, miss   0,  0.0%, largest skipped 0
      optimize:SyslineReader::ezcheckd2                            : hit   0, miss  12,  0.0%, largest skipped 0
      optimize:SyslineReader::ezcheck12d2                          : hit   0, miss 147,  0.0%, largest skipped 0
      process: regex captures                                      : hit  20, miss 139
  Processing Drops:

Program summary:

Paths considered       : 1
Paths not processed    : 0
Files processed        : 1
Files printed          : 1
Printed bytes          : 3260
Printed flushes        : 41
Printed Lines          : 21
Printed Syslines       : 20
Printed ASL events     : 0
Printed ETL events     : 0
Printed EVTX events    : 0
Printed FixedStruct    : 0
Printed Journal events : 0
Printed ODL events     : 0
Line longest                   : 164
Sysline longest                : 164
EVTX event largest processed   : 0
EVTX event largest accepted    : 0
Journal event largest processed: 0
Journal event largest accepted : 0
Managed files max deflt: 980
Managed files max adjus: 200
Managed handles high   : 1
Managed request open   : 1
Managed request read   : 0
Managed read calls     : 7
Managed write calls    : 0
Managed seek calls     : 7
Managed metadata calls : 1
Managed open errors    : 0
Managed evict fails    : 0
Unmanaged handles high : 0
Regex patterns known   : 188
Regex patterns compiled: 188
Datetime filter -a     : 1999-03-03 00:00:00 +00:00 (1999-03-03 00:00:00.000000 +00:00)
Datetime printed first : 2021-02-05 19:27:13 +00:00 (2021-02-05 19:27:13.000000 +00:00)
Datetime printed last  : 2022-10-10 20:23:35 +00:00 (2022-10-10 20:23:35.000000 +00:00)
Datetime filter -b     : 2026-01-02 00:00:00 +00:00 (2026-01-02 00:00:00.000000 +00:00)
Channel receive ok     : 22
Channel receive err    : 0
Threads spawned        : 1
Thread spawn errors    : 0
Temporary files created: 0
Platform               : x86_64-unknown-linux-gnu
Allocator              : system
