
Files:

File: ./logs/RancherOS-1.5.8/boot/ros-sysinit.log
  About:
      FileType      : TEXT UTF8/ASCII (text log)
      LogMessageType: text log lines
      Thread stack  : 100352 (bytes)
  Printed:
      bytes         : 3053
      flushes       : 18
      Lines         : 21
      Syslines      : 18
      Datetime first: 2022-10-09 21:31:23 +00:00 (2022-10-09 21:31:23.000000 +00:00)
      Datetime last : 2022-10-10 20:23:36 +00:00 (2022-10-10 20:23:36.000000 +00:00)
  Processed:
      file size     : 1499 (0x5DB) (bytes)
      bytes         : 1499 (0x5DB)
      bytes total   : 1499 (0x5DB)
      Block size    : 256 (0x100)
      Blocks        : 6
      Blocks total  : 6 (1536 bytes)
      Lines         : 21
      Line longest  : 120 (bytes)
      Line parts    : 26
      Syslines      : 18
      Sysline longest: 120 (bytes)
      Syslines high : 11
      Datetime first: 2022-10-09 21:31:23 +00:00 (2022-10-09 21:31:23.000000 +00:00)
      Datetime last : 2022-10-10 20:23:36 +00:00 (2022-10-10 20:23:36.000000 +00:00)
      out of order  : 0
  Parsers:
  Processing stores:
      storage: LineReader::find_line() lines                       : hit   1, miss  40,  2.4%
      caching: LineReader::find_line() LRU cache                   : hit  18, miss  21, 46.2%, put  21
      copying: SyslineReader::get_boxptrs()                        : sgl 154, dbl    5, mult   0
      storage: SyslineReader::find_sysline() syslines              : hit   0, miss  18,  0.0%
      caching: SyslineReader::find_sysline() syslines_by_range_map : hit   0, miss   1,  0.0%, put   1
      caching: SyslineReader::find_sysline() LRU cache             : hit   1, miss  18,  5.3%, put  18
      caching: SyslineReader::parse_datetime_in_line() LRU cache   : hit  17, miss  21, 44.7%, put   0
      optimize:SyslineReader::ezcheck12                            : hit   0, miss   0,  0.0%, largest skipped 0
      optimize:SyslineReader::ezcheckd2                            : hit   0, miss  12,  0.0%, largest skipped 0
      optimize:SyslineReader::ezcheck12d2                          : hit   1, miss 146,  0.7%, largest skipped 9
      process: regex captures                                      : hit  18, miss 140
  Processing Drops:

Program summary:

Paths considered       : 1
Paths not processed    : 0
Files processed        : 1
Files printed          : 1
Printed bytes          : 3126
Printed flushes        : 37
Printed Lines          : 21
Printed Syslines       : 18
Printed ASL events     : 0
Printed ETL events     : 0
Printed EVTX events    : 0
Printed FixedStruct    : 0
Printed Journal events : 0
Printed ODL events     : 0
Line Maximum                   : 393209
Line longest                   : 120
Sysline longest                : 120
EVTX event largest processed   : 0
EVTX event largest accepted    : 0
Journal event largest processed: 0
Journal event largest accepted : 0
Managed files max deflt: 980
Managed files max adjus: 200
Managed handles high   : 1
Managed request open   : 1
Managed request read   : 0
Managed write calls    : 0
Managed seek calls     : 6
Managed metadata calls : 1
Managed open errors    : 0
Managed evict fails    : 0
Regex patterns known   : 188
Regex patterns compiled: 188
Datetime filter -a     : 1999-03-03 00:00:00 +00:00 (1999-03-03 00:00:00.000000 +00:00)
Datetime printed first : 2022-10-09 21:31:23 +00:00 (2022-10-09 21:31:23.000000 +00:00)
Datetime printed last  : 2022-10-10 20:23:36 +00:00 (2022-10-10 20:23:36.000000 +00:00)
Datetime filter -b     : 2026-01-02 00:00:00 +00:00 (2026-01-02 00:00:00.000000 +00:00)
Channel receive ok     : 20
Channel receive err    : 0
Threads spawned        : 1
Thread spawn errors    : 0
Temporary files created: 0
Platform               : x86_64-unknown-linux-gnu
Allocator              : system
