
Files:

File: ./logs/RancherOS-1.5.8/boot/shutdown.log
  About:
      filetype       : TEXT UTF8/ASCII
      logmessagetype : syslog lines
  Printed:
      bytes         : 1536
      flushes       : 10
      lines         : 10
      syslines      : 10
  Processed:
      file size     : 826 (0x33A) (bytes)
      bytes         : 826 (0x33A)
      bytes total   : 826 (0x33A)
      block size    : 256 (0x100)
      blocks        : 4
      blocks total  : 4 (1024 bytes)
      lines         : 10
      syslines      : 10
      syslines high : 10
  Parsers:
  Processing Stores:
      storage: LineReader::find_line() lines                       : hit   0, miss  19,  0.0%
      caching: LineReader::find_line() LRU cache                   : hit  10, miss  11, 47.6%, put  10
      copying: SyslineReader::get_boxptrs()                        : sgl 142, dbl    3, mult   0
      storage: SyslineReader::find_sysline() syslines              : hit   0, miss  10,  0.0%
      caching: SyslineReader::find_sysline() syslines_by_range_map : hit   0, miss  10,  0.0%, put  10
      caching: SyslineReader::find_sysline() LRU cache             : hit   1, miss  10,  9.1%, put  10
      caching: SyslineReader::parse_datetime_in_line() LRU cache   : hit   9, miss  10, 47.4%, put   0
      optimize:SyslineReader::ezcheck12                            : hit   0, miss   0,  0.0%, largest skipped 0
      optimize:SyslineReader::ezcheckd2                            : hit   0, miss  10,  0.0%, largest skipped 0
      optimize:SyslineReader::ezcheck12d2                          : hit   0, miss 135,  0.0%, largest skipped 0
      process: regex captures attempted                            : 145
  Processing Drops:

Program Summary:

Paths considered       : 1
Paths not processed    : 0
Files processed        : 1
Files printed          : 1
Printed bytes          : 1577
Printed flushes        : 21
Printed lines          : 10
Printed syslines       : 10
Printed evtx events    : 0
Printed fixedstruct    : 0
Printed journal events : 0
Regex patterns known   : 172
Regex patterns compiled: 136
Datetime filter -a     : 1999-03-03 00:00:00 +00:00 (1999-03-03 00:00:00 +00:00)
Datetime filter -b     : 2023-04-10 22:10:32 +00:00 (2023-04-10 22:10:32 +00:00)
Channel Receive ok     : 12
Channel Receive err    : 0
Threads Spawned        : 1
Thread Spawn errors    : 0
Platform               : x86_64-unknown-linux-gnu
Allocator              : system
