
Files:

File: ./logs/Windows10Pro/PFRO.log
  About:
      filetype       : TEXT UTF8/ASCII (text log)
      logmessagetype : text log lines
  Printed:
      bytes         : 0
      flushes       : 0
      lines         : 0
      syslines      : 0
      datetime first: None Found
      datetime last : None Found
  Processed:
      file size     : 22346 (0x574A) (bytes)
      bytes         : 22346 (0x574A)
      bytes total   : 22346 (0x574A)
      block size    : 256 (0x100)
      blocks        : 88
      blocks total  : 88 (22528 bytes)
      lines         : 192
      line parts    : 280
      syslines      : 0
      syslines high : 0
      out of order  : 0
  Processing Stores:
      storage: LineReader::find_line() lines                       : hit   101, miss   477, 17.5%
      caching: LineReader::find_line() LRU cache                   : hit     3, miss   386,  0.8%, put   385
      copying: SyslineReader::get_boxptrs()                        : sgl 23367, dbl  19872, mult  1332
      storage: SyslineReader::find_sysline() syslines              : hit     0, miss     3,  0.0%
      caching: SyslineReader::find_sysline() syslines_by_range_map : hit     0, miss     3,  0.0%, put     0
      caching: SyslineReader::find_sysline() LRU cache             : hit     0, miss     3,  0.0%, put     2
      caching: SyslineReader::parse_datetime_in_line() LRU cache   : hit     0, miss   388,  0.0%, put     0
      optimize:SyslineReader::ezcheck12                            : hit     0, miss     0,  0.0%, largest skipped 0
      optimize:SyslineReader::ezcheckd2                            : hit     0, miss     0,  0.0%, largest skipped 0
      optimize:SyslineReader::ezcheck12d2                          : hit     0, miss     0,  0.0%, largest skipped 0
      process: regex captures                                      : hit     0, miss 44571
  Processing Drops:

Program Summary:

Paths considered       : 1
Paths not processed    : 0
Files processed        : 1
Files printed          : 0
Printed bytes          : 0
Printed flushes        : 0
Printed lines          : 0
Printed syslines       : 0
Printed ASL events     : 0
Printed ETL events     : 0
Printed EVTX events    : 0
Printed fixedstruct    : 0
Printed journal events : 0
Printed ODL events     : 0
Regex patterns known   : 179
Regex patterns compiled: 179
Datetime filter -a     : 1999-03-03 00:00:00 +00:00 (1999-03-03 00:00:00.000000 +00:00)
Datetime printed first :
Datetime printed last  :
Datetime filter -b     : 2026-01-02 00:00:00 +00:00 (2026-01-02 00:00:00.000000 +00:00)
Channel Receive ok     : 2
Channel Receive err    : 0
Threads Spawned        : 1
Thread Spawn errors    : 0
Temporary files created: 0
Platform               : x86_64-unknown-linux-gnu
Allocator              : system
