2022-10-14 05:56:46, Info                  MOUPG  *************** SetupHost Logging Begin ***************
2022-10-14 05:56:46, Info                  MOUPG  SetupHost::Initialize
2022-10-14 05:56:46, Info                  MOUPG  SetupHost::Initialize: ModulePath             = [C:\$WINDOWS.~BT\Sources]
2022-10-14 05:56:46, Info                  MOUPG  SetupHost::Initialize: WorkingPath            = [C:\$WINDOWS.~BT\Sources]
2022-10-14 05:56:46, Info                  MOUPG  SetupHost::Initialize: LoggingPath            = [C:\$WINDOWS.~BT\Sources\Panther]
2022-10-14 05:56:46, Info                  MOUPG  SetupHost::Initialize: MediaPath              = [C:\$GetCurrent\media]
2022-10-14 05:56:46, Info                  MOUPG  SetupHost::Initialize: InstallFilePath        = [C:\$GetCurrent\media\Sources\Install.esd]
2022-10-14 05:56:46, Info                  MOUPG  SetupHost::Initialize: ActionListFilePath     = []
2022-10-14 05:56:46, Info                  MOUPG  SetupHost::Initialize: CmdLine                = [/Install /Media /Eula Accept /Quiet  /InstallFile "C:\$GetCurrent\media\Sources\Install.esd" "/migchoice" "upgrade" "/showoobe" "none" "/Compat" "IgnoreWarning" "/noreboot" "/postoobe" "C:\$GetCurrent\SafeOS\SetupComplete.cmd" "/CorrelationVector" "5WwPk9EXm0+M9gJy.999" "/ClientId" "Win10UA:VNL:URL:9252:<1.4.19041.1703>:<1>:{7334C4E4-D444-4333-BAAA-FF7F2F2FCF4F}:[10.0.19043]:[2]" "/DynamicUpdate" "Enable" "/telemetry" "enable" "/UpdateMedia" "Decline" "/SkipSummary" /MediaPath "C:\$GetCurrent\media"]
2022-10-14 05:56:46, Info                  MOUPG  SetupHost::Initialize: Mode                   = [0x2]

2022-10-14 05:56:47, Info                  MOUPG  SetupHost: Creating setup mutex...
2022-10-14 05:56:47, Info                  MOUPG  SetupHost::InitializeComponents
2022-10-14 05:56:47, Info                  MOUPG  SetupHost: Loading ID: [3d3ad714-f8d8-4c84-ad5f-10938c2f3339] from [C:\$WINDOWS.~BT\Sources\SetupCore.dll]...
2022-10-14 05:56:47, Info                  MOUPG  SetupHost: Loading complete.
2022-10-14 05:56:47, Info                  MOUPG  SetupHost: Loading AutomationManager manager...
2022-10-14 05:56:47, Info                  MOUPG  SetupHost: Loading ID: [edac948b-844e-4a51-9ba9-34520bd9ff9f] from [C:\$WINDOWS.~BT\Sources\SetupCore.dll]...
2022-10-14 05:56:47, Info                  MOUPG  SetupHost: Loading complete.
2022-10-14 05:56:47, Info                  MOUPG  SetupHost: Looking for automation file...
2022-10-14 05:56:47, Info                  MOUPG  SetupHost: Initializing automation...
2022-10-14 05:56:47, Info                  SP     CSetupPlatform::Initialize: Setup log starts:
2022-10-14 05:56:47, Info                  SP     SEH: Enter CExceptionHandler::CExceptionHandler
2022-10-14 05:56:47, Info                  SP     SEH: Exit CExceptionHandler::CExceptionHandler
2022-10-14 05:56:47, Info                  SP     Host system information:
                                   VM: NO
                                   Firmware type: PCAT
                                   Manufacturer: ASUS
                                   Model : All Series
                                   BIOS name : BIOS Date: 06/05/19 12:32:00 Ver: 25.04
                                   BIOS version : 2009
                                   BIOS release date : 20190605000000.000000+000
                                   Total memory : 25769803776
                                   Number of physical CPUs : 1
                                   Number of logical CPUs : 8
                                   Processor manufacturer : GenuineIntel
                                   Processor name : Intel(R) Xeon(R) CPU E3-1246 v3 @ 3.50GHz
                                   Processor caption : Intel64 Family 6 Model 60 Stepping 3
                                   Processor architecture : x64
                                   Processor clock : 3501

2022-10-14 05:56:47, Info                  SP     Antivirus software information:
                                   Name: Windows Defender, Path: %ProgramFiles%\Windows Defender\MsMpeng.exe, Timestamp: Thu, 13 Oct 2022 19:33:06 GMT, State: 397568

2022-10-14 05:56:47, Info                         SPGenerateCopyListFromConfigFile: Didn't find file list in C:\$WINDOWS.~BT\Sources\setupplatform.cfg, section Footprint.Basic.amd64

2022-10-14 07:42:33, Info                  CBS    CbsCoreFinalize: CbsEventUnregister
2022-10-14 07:42:33, Info                  CBS    CbsCoreFinalize: AppContainerUnload
2022-10-14 07:42:33, Info                  CBS    CbsCoreFinalize: WdsUnload, logging from cbscore will end.
2022-10-14 07:42:33, Info                  CBS    Ending TiWorker finalization.
2022-10-14 07:42:33, Info                  CBS    Ending the TrustedInstaller main loop.
2022-10-14 07:42:33, Info                  CBS    Starting TrustedInstaller finalization.
2022-10-14 07:42:33, Info                  CBS    Winlogon: Stopping notify server
2022-10-14 07:42:33, Info                  CBS    Winlogon: Unloading SysNotify DLL
2022-10-14 07:42:33, Info                  CBS    Lock: Lock removed: WinlogonNotifyLock, level: 8, total lock:6
2022-10-14 07:42:33, Info                  CBS    Ending TrustedInstaller finalization.