{"logTime": "0226/052726", "correlationVector":"C3BF38D097234ED3A46F33A1C497BF65","action":"FETCH_UX_CONFIG", "result":""}
{"logTime": "0226/052726", "correlationVector":"aEsAlJreykjhk+bn3hQedJ","action":"EXTENSION_UPDATER", "result":""}
{"logTime": "0226/052727", "correlationVector":"WMU1QPYMcTySdlTe2PtFJu","action":"EXTENSION_UPDATER", "result":""}
{"logTime": "0226/062724", "correlationVector":"AF0C48F93CE644B09F202F429CB2E375","action":"FETCH_UX_CONFIG", "result":""}
{"logTime": "0226/072724", "correlationVector":"1B0AFBCDEF224A7CB2F001145CBE5880","action":"FETCH_UX_CONFIG", "result":""}
{"logTime": "0226/082724", "correlationVector":"C48654575D2A42E89ECE70ED856E5A42","action":"FETCH_UX_CONFIG", "result":""}
{"logTime": "0226/092724", "correlationVector":"7E204BF454524D21BAC5FE25165D34D2","action":"FETCH_UX_CONFIG", "result":""}
{"logTime": "0226/112601", "correlationVector":"Rr++CgbJxuwihgG/P1wN6L","action":"EXTENSION_UPDATER", "result":""}
{"logTime": "0226/112724", "correlationVector":"C4B5A5D0B73B48F381C8E0D5BAD4E8BA","action":"FETCH_UX_CONFIG", "result":""}
{"logTime": "0226/122724", "correlationVector":"96E02EC89C9144AF9A2060FB90881CD7","action":"FETCH_UX_CONFIG", "result":""}
{"logTime": "0226/132724", "correlationVector":"9FC666FE80C141F08EB6F5418AE3ED7A","action":"FETCH_UX_CONFIG", "result":""}
{"logTime": "0226/142724", "correlationVector":"73C70B79D11D4C57BEE479E2CBB7C717","action":"FETCH_UX_CONFIG", "result":""}
{"logTime": "0226/152724", "correlationVector":"5D852B8D79024D46BF519E4EA2506D5F","action":"FETCH_UX_CONFIG", "result":""}
{"logTime": "0226/162724", "correlationVector":"9AF8349AA19F40E483EF4795B08B9AA9","action":"FETCH_UX_CONFIG", "result":""}
{"logTime": "0226/164544", "correlationVector":"V6kd+IKsqu38mHJcX0qJPF","action":"EXTENSION_UPDATER", "result":""}
{"logTime": "0226/172722", "correlationVector":"B7668A906B2945B198AD0CDFEECC25B9","action":"FETCH_UX_CONFIG", "result":""}
{"logTime": "0226/182722", "correlationVector":"C8B382E14A4247A786CD56DC6E83E2A2","action":"FETCH_UX_CONFIG", "result":""}
{"logTime": "0226/192722", "correlationVector":"F15AF0EBB0D445449584609798C52DF5","action":"FETCH_UX_CONFIG", "result":""}
{"logTime": "0226/202722", "correlationVector":"66E21B88B66042FFB18892B6CB4DAF42","action":"FETCH_UX_CONFIG", "result":""}
{"logTime": "0226/212722", "correlationVector":"9A12FE0FD2E84320812179BD07490488","action":"FETCH_UX_CONFIG", "result":""}
{"logTime": "0226/212757", "correlationVector":"V1MtRbyhjdRMQUGHwP1IZB","action":"EXTENSION_UPDATER", "result":""}
{"logTime": "0226/222722", "correlationVector":"3A2E98E22C034AA7891C80ADD7EECE2F","action":"FETCH_UX_CONFIG", "result":""}
{"logTime": "0226/232722", "correlationVector":"E88562A636A5400AA356880713A52D49","action":"FETCH_UX_CONFIG", "result":""}
{"logTime": "0227/002722", "correlationVector":"913590A5A15446CE8B6EE8D0172A84EF","action":"FETCH_UX_CONFIG", "result":""}
{"logTime": "0227/012722", "correlationVector":"EAE6749CF90F45BF89C6D8DFAB9E9C41","action":"FETCH_UX_CONFIG", "result":""}
{"logTime": "0227/015716", "correlationVector":"P+DBY0lwsbBsg+cdXyEbxy","action":"EXTENSION_UPDATER", "result":""}
{"logTime": "0227/022722", "correlationVector":"3F2F09C24E2C4CF6A8FA09F0A3BE1B3B","action":"FETCH_UX_CONFIG", "result":""}
{"logTime": "0227/032722", "correlationVector":"1393561C22DE4BD5A8A11B0C15ECE4CA","action":"FETCH_UX_CONFIG", "result":""}
{"logTime": "0227/042722", "correlationVector":"6FAC97859FC245EB91683C4C11247EE2","action":"FETCH_UX_CONFIG", "result":""}
{"logTime": "0227/052722", "correlationVector":"77F91F91C6954B719262F0A67B4D313D","action":"FETCH_UX_CONFIG", "result":""}
{"logTime": "0227/062722", "correlationVector":"F48002FCD42C4171B61C546091379A23","action":"FETCH_UX_CONFIG", "result":""}
{"logTime": "0227/072722", "correlationVector":"EAF04EA48758493E9673234287A77F5E","action":"FETCH_UX_CONFIG", "result":""}
{"logTime": "0227/075043", "correlationVector":"eSoo57ZeJrqdvrqzKYEU3D","action":"EXTENSION_UPDATER", "result":""}
{"logTime": "0227/082722", "correlationVector":"C1FE70A9485049BE855B5D7A1749538A","action":"FETCH_UX_CONFIG", "result":""}
{"logTime": "0227/092722", "correlationVector":"DBF1D80CF2824D3E8760A3E0C8F2C628","action":"FETCH_UX_CONFIG", "result":""}
{"logTime": "0227/102722", "correlationVector":"F819F83FCE7946DF9E1E0209832BA9A4","action":"FETCH_UX_CONFIG", "result":""}
{"logTime": "0227/112722", "correlationVector":"3A33CFA340F440A78AEB8DEF63473EC7","action":"FETCH_UX_CONFIG", "result":""}
{"logTime": "0227/120353", "correlationVector":"xNoL7afvl99mVSqaMSL1zL","action":"EXTENSION_UPDATER", "result":""}
{"logTime": "0227/122722", "correlationVector":"F63BF69A201F4EFDA284FB4F9956E097","action":"FETCH_UX_CONFIG", "result":""}
{"logTime": "0227/132722", "correlationVector":"C87B61DF01A64397AB502621FA9113C8","action":"FETCH_UX_CONFIG", "result":""}
{"logTime": "0227/142722", "correlationVector":"378A465570C64BA6A1A59D08D553914C","action":"FETCH_UX_CONFIG", "result":""}
{"logTime": "0227/152722", "correlationVector":"A8CC9795C9CC4CC0BD3944A9C5B49739","action":"FETCH_UX_CONFIG", "result":""}
{"logTime": "0227/162722", "correlationVector":"2B87E384259940E9931F12F9D94EE27B","action":"FETCH_UX_CONFIG", "result":""}
{"logTime": "0227/165700", "correlationVector":"OvMz0GwPTQx7jPvE1XmAAl","action":"EXTENSION_UPDATER", "result":""}
{"logTime": "0227/172720", "correlationVector":"FBB98D8D082740ABA9F3816E37B05245","action":"FETCH_UX_CONFIG", "result":""}
{"logTime": "0227/182720", "correlationVector":"BA63573B549740F6A0A67DC17B60EAB9","action":"FETCH_UX_CONFIG", "result":""}
{"logTime": "0227/192720", "correlationVector":"83BB8831471640CE97282BE32DA6408E","action":"FETCH_UX_CONFIG", "result":""}
{"logTime": "0227/202720", "correlationVector":"843D185034824D1B8AC5716EEE09BC85","action":"FETCH_UX_CONFIG", "result":""}
{"logTime": "0227/212720", "correlationVector":"5040853F21B54138BD51BF47829CC8F8","action":"FETCH_UX_CONFIG", "result":""}
{"logTime": "0227/214614", "correlationVector":"6fbSXDMG8zCnOqSIiuUGDw","action":"EXTENSION_UPDATER", "result":""}
{"logTime": "0229/002719", "correlationVector":"F2CED6EC3855458A9A95E977CC2B8702","action":"FETCH_UX_CONFIG", "result":""}
{"logTime": "0229/012718", "correlationVector":"A57ADE06FA8445F99A68E2510CB3F76C","action":"FETCH_UX_CONFIG", "result":""}
{"logTime": "0229/022718", "correlationVector":"30FD404DD4EA4555B4E02321D73B9C1A","action":"FETCH_UX_CONFIG", "result":""}
{"logTime": "0301/062717", "correlationVector":"5FDFCF8F6324424D8BED0890B2477063","action":"FETCH_UX_CONFIG", "result":""}
{"logTime": "0301/072717", "correlationVector":"2D3F13F2F6C544B2A403AF3D1A477982","action":"FETCH_UX_CONFIG", "result":""}
{"logTime": "0301/075210", "correlationVector":"nYSuwhBRZ45zcLXsRSUhVw","action":"EXTENSION_UPDATER", "result":""}
{"logTime": "0302/042715", "correlationVector":"AAD5523434F94C0FBDBBE02BB15FEFDF","action":"FETCH_UX_CONFIG", "result":""}
{"logTime": "0302/045818", "correlationVector":"WNQynbHQlp1Ut0VmwoKtgr","action":"EXTENSION_UPDATER", "result":""}
{"logTime": "0302/052715", "correlationVector":"4DD5225D470D41F9B9258E8B8D355AB3","action":"FETCH_UX_CONFIG", "result":""}
{"logTime": "0302/062715", "correlationVector":"A1A4A56110FC478A93A00E44EE4E77A3","action":"FETCH_UX_CONFIG", "result":""}
{"logTime": "0302/072715", "correlationVector":"67401D9559EB4F9A9D5B4D66F6EFC11E","action":"FETCH_UX_CONFIG", "result":""}
{"logTime": "0302/082715", "correlationVector":"0610F562D28D410F88A79512075FBD2D","action":"FETCH_UX_CONFIG", "result":""}
{"logTime": "0302/092715", "correlationVector":"B22F803D5C744B44B5EA8DB0EE362312","action":"FETCH_UX_CONFIG", "result":""}
{"logTime": "0302/102715", "correlationVector":"31B9DDD4F022443690DF72F429F2F76E","action":"FETCH_UX_CONFIG", "result":""}
{"logTime": "0303/235134", "correlationVector":"VlYfwKmBkVbtoGT+XBTfNb","action":"EXTENSION_UPDATER", "result":""}
{"logTime": "0304/004523", "correlationVector":"9A97B2DAEFB64E3486CCC4146BA77DB6","action":"FETCH_UX_CONFIG", "result":""}
{"logTime": "0304/234521", "correlationVector":"6EA4343DEEA9424A8E7AEE4C037ADE47","action":"FETCH_UX_CONFIG", "result":""}
{"logTime": "0305/004432", "correlationVector":"nax+f81KlS1ye71trn3wIu","action":"EXTENSION_UPDATER", "result":""}
{"logTime": "0305/004521", "correlationVector":"3C37EB3440814DC28DB1F1E1F6524B1B","action":"FETCH_UX_CONFIG", "result":""}
{"logTime": "0305/234518", "correlationVector":"802324932CB049B8A7ED113A2F6C44A2","action":"FETCH_UX_CONFIG", "result":""}
{"logTime": "0306/004518", "correlationVector":"94BDECBDFD814263ABB6F4B9571A4314","action":"FETCH_UX_CONFIG", "result":""}
{"logTime": "0306/234515", "correlationVector":"C91EE43BE1E24E619DFB0DFA5AD0EC20","action":"FETCH_UX_CONFIG", "result":""}
{"logTime": "0307/004515", "correlationVector":"FD182016EED14A83AA611072C1B42421","action":"FETCH_UX_CONFIG", "result":""}
{"logTime": "0307/234513", "correlationVector":"DC2DC4ACFE424F4F9BF69DA67E2F285E","action":"FETCH_UX_CONFIG", "result":""}
{"logTime": "0308/004513", "correlationVector":"9396CC9E72D6454ABA39FFCFB015A877","action":"FETCH_UX_CONFIG", "result":""}
{"logTime": "0308/234510", "correlationVector":"ED1C068451DA4BC1AF7DB2F60DF7E680","action":"FETCH_UX_CONFIG", "result":""}
{"logTime": "0309/004510", "correlationVector":"CC5AF373B5AC4BC6AED5223F1DB50994","action":"FETCH_UX_CONFIG", "result":""}
{"logTime": "0309/014510", "correlationVector":"539E933EB91444C2804F5C94C28B6B9C","action":"FETCH_UX_CONFIG", "result":""}
{"logTime": "0309/015615", "correlationVector":"LTb2VLWZir1aiICjDqQCtK","action":"EXTENSION_UPDATER", "result":""}
{"logTime": "0309/224507", "correlationVector":"1545D5E128C445B5BF4DBFDD3FFE472F","action":"FETCH_UX_CONFIG", "result":""}
{"logTime": "0311/173054", "correlationVector":"DD2E2F765E344D9AADDAC3EF0CFF9E27","action":"FETCH_UX_CONFIG", "result":""}
{"logTime": "0319/054222", "correlationVector":"NHWDIi3+cKXzof42M+5WeE","action":"EXTENSION_UPDATER", "result":""}
{"logTime": "0319/054222", "correlationVector":"Bd8qK89gJfbCdUekQZUI0u","action":"EXTENSION_UPDATER", "result":""}
{"logTime": "0319/054230", "correlationVector":"040C30E496204AD7A2F25D958F58DFE1","action":"FETCH_UX_CONFIG", "result":""}
{"logTime": "0319/104228", "correlationVector":"8FED2C5A40C64AD58DA3364E18D805AC","action":"FETCH_UX_CONFIG", "result":""}
{"logTime": "0319/111735", "correlationVector":"aQ3+gw+UJWzxE+TIELk0b9","action":"EXTENSION_UPDATER", "result":""}
{"logTime": "0319/114228", "correlationVector":"C1D8074D1EDE45E6A856ED481624BD59","action":"FETCH_UX_CONFIG", "result":""}
{"logTime": "0319/124228", "correlationVector":"FF167506BDAB4FBF98F8B90F68616230","action":"FETCH_UX_CONFIG", "result":""}
{"logTime": "0319/134228", "correlationVector":"CAA2532F1BC74204B0B90AD602857C96","action":"FETCH_UX_CONFIG", "result":""}
{"logTime": "0319/144228", "correlationVector":"203898B27F1540589280CE1654E583B9","action":"FETCH_UX_CONFIG", "result":""}
{"logTime": "0319/144228", "correlationVector":"V3LDvs9Q3YaU6t34mq8ovB","action":"EXTENSION_UPDATER", "result":""}
{"logTime": "0322/054158", "correlationVector":"FFA5DBC3D1014E9CA8D7D7ADA6D76649","action":"FETCH_UX_CONFIG", "result":""}
{"logTime": "0322/054158", "correlationVector":"zCrCX+n6iWLSVHG+UGvtaI","action":"EXTENSION_UPDATER", "result":""}
{"logTime": "0322/054229", "correlationVector":"gnxgwMTwrA9Im5o6ynIOjR","action":"EXTENSION_UPDATER", "result":""}
{"logTime": "0322/214554", "correlationVector":"B328C3CFB25A4B08BCD80B97D6CE3B27","action":"FETCH_UX_CONFIG", "result":""}
{"logTime": "0322/214554", "correlationVector":"E4XjKNiUJ55js3lmw1z75u","action":"EXTENSION_UPDATER", "result":""}
