
Files:

File: ./logs/synology-DS6/samba/log.smbd
  About:
      filetype       : TEXT UTF8/ASCII
      logmessagetype : syslog lines
  Printed:
      bytes         : 2326
      lines         : 19
      syslines      : 8
  Processed:
      file size     : 1091 (0x443) (bytes)
      bytes         : 1091 (0x443)
      bytes total   : 1091 (0x443)
      block size    : 256 (0x100)
      blocks        : 5
      blocks total  : 5 (1280 bytes)
      lines         : 19
      syslines      : 8
      syslines high : 8
  Parsers:
  Processing Stores:
      storage: LineReader::find_line() lines                       : hit   0, miss  37,  0.0%
      caching: LineReader::find_line() LRU cache                   : hit   8, miss  20, 28.6%, put  19
      copying: SyslineReader::get_boxptrs()                        : sgl 465, dbl    4, mult   0
      storage: SyslineReader::find_sysline() syslines              : hit   0, miss   8,  0.0%
      caching: SyslineReader::find_sysline() syslines_by_range_map : hit   0, miss   8,  0.0%, put   8
      caching: SyslineReader::find_sysline() LRU cache             : hit   1, miss   8, 11.1%, put   8
      caching: SyslineReader::parse_datetime_in_line() LRU cache   : hit   7, miss  19, 26.9%, put   0
      optimize:SyslineReader::ezcheck12                            : hit   0, miss   0,  0.0%, largest skipped 0
      optimize:SyslineReader::ezcheckd2                            : hit  13, miss  21, 38.2%, largest skipped 39
      optimize:SyslineReader::ezcheck12d2                          : hit  56, miss 379, 12.9%, largest skipped 52
      process: regex captures attempted                            : 400
  Processing Drops:

Program Summary:

Paths considered       : 1
Paths not processed    : 0
Files processed        : 1
Files printed          : 1
Printed bytes          : 2358
Printed lines          : 19
Printed syslines       : 8
Printed evtx events    : 0
Printed fixedstruct    : 0
Printed journal events : 0
Regex patterns known   : 158
Regex patterns compiled: 157
Datetime filter -a     : 1999-03-03 00:00:00 +00:00 (1999-03-03 00:00:00 +00:00)
Datetime filter -b     : 2023-04-10 22:10:32 +00:00 (2023-04-10 22:10:32 +00:00)
Channel Receive ok     : 10
Channel Receive err    : 0
