
Files:

File: ./logs/NetBSD9.3/x86_32/utmp
  About:
      filetype       : UTMP/WTMP (Unix accounting log (acct/lastlog/lastlogx/utmp/utmpx))
      fixedstructtype: Utmp
      logmessagetype : fixedstruct entries (Unix acct/lastlog/lastlogx/utmp/utmpx)
      fixedstructtype: Fs_Netbsd_x8664_Utmp
  Printed:
      bytes         : 136
      flushes       : 1
      entries       : 1
  Processed:
      file size     : 760 (0x2F8) (bytes)
      bytes         : 760 (0x2F8)
      bytes total   : 760 (0x2F8)
      block size    : 256 (0x100)
      blocks        : 3
      blocks total  : 3 (768 bytes)
      entries       : 1
      entry size    : 40 (bytes)
      entry hi-score: 96
      first entry   : @720
      entry high    : 1
      peak map size : 1
      out of order? : 0
      datetime first     : 2024-02-25 16:16:01 +08:00 (2024-02-25 08:16:01.000000 +00:00)
      datetime last      : 2024-02-25 16:16:01 +08:00 (2024-02-25 08:16:01.000000 +00:00)
  Processing Stores:
      storage: FixedStructReader::find_entry()                     : hit  1, miss  0, 100.0%
  Processing Drops:

Program Summary:

Paths considered       : 1
Paths not processed    : 0
Files processed        : 1
Files printed          : 1
Printed bytes          : 140
Printed flushes        : 2
Printed lines          : 0
Printed syslines       : 0
Printed ASL events     : 0
Printed ETL events     : 0
Printed EVTX events    : 0
Printed fixedstruct    : 1
Printed journal events : 0
Printed ODL events     : 0
Regex patterns known   : 175
Regex patterns compiled: 0
Datetime filter -a     : 1999-03-03 00:00:00 +00:00 (1999-03-03 00:00:00.000000 +00:00)
Datetime printed first : 2024-02-25 16:16:01 +08:00 (2024-02-25 08:16:01.000000 +00:00)
Datetime printed last  : 2024-02-25 16:16:01 +08:00 (2024-02-25 08:16:01.000000 +00:00)
Datetime filter -b     : 2026-01-02 00:00:00 +00:00 (2026-01-02 00:00:00.000000 +00:00)
Channel Receive ok     : 3
Channel Receive err    : 0
Threads Spawned        : 1
Thread Spawn errors    : 0
Temporary files created: 0
Platform               : x86_64-unknown-linux-gnu
Allocator              : system
