
Files:

File: ./logs/NetBSD9.3/x86_32/utmpx
  About:
      FileType      : UTMPX/WTMPX (Unix accounting log (acct/lastlog/lastlogx/utmp/utmpx))
      FixedStructTyp: Utmpx
      LogMessageType: fixedstruct entries (Unix acct/lastlog/lastlogx/utmp/utmpx)
      specific type : Fs_Netbsd_x8632_Utmpx
      Thread stack  : 102400 (bytes)
  Printed:
      bytes         : 2059
      flushes       : 9
      Entries       : 9
  Processed:
      file size     : 5160 (0x1428) (bytes)
      bytes         : 5160 (0x1428)
      bytes total   : 5160 (0x1428)
      Block size    : 256 (0x100)
      Blocks        : 21
      Blocks total  : 21 (5376 bytes)
      Entries       : 9
      Entry size    : 516 (bytes)
      Entry hi-score: 155
      first Entry   : @516
      Entry high    : 4
      peak map size : 9
      Datetime first: 2024-02-25 16:15:04 +08:00 (2024-02-25 08:15:04.020154 +00:00)
      Datetime last : 2024-02-25 16:16:01 +08:00 (2024-02-25 08:16:01.275011 +00:00)
      out of order  : 0
  Processing stores:
      storage: FixedStructReader::find_entry()                     : hit  4, miss  5, 44.4%
  Processing Drops:

Program summary:

Paths considered       : 1
Paths not processed    : 0
Files processed        : 1
Files printed          : 1
Printed bytes          : 2095
Printed flushes        : 18
Printed Lines          : 0
Printed Syslines       : 0
Printed ASL events     : 0
Printed ETL events     : 0
Printed EVTX events    : 0
Printed FixedStruct    : 9
Printed Journal events : 0
Printed ODL events     : 0
Line Maximum                   : 393209
Line longest                   : 0
Sysline longest                : 0
EVTX event largest processed   : 0
EVTX event largest accepted    : 0
Journal event largest processed: 0
Journal event largest accepted : 0
Managed files max deflt: 980
Managed files max adjus: 200
Managed handles high   : 1
Managed request open   : 1
Managed request read   : 0
Managed write calls    : 0
Managed seek calls     : 21
Managed metadata calls : 1
Managed open errors    : 0
Managed evict fails    : 0
Regex patterns known   : 188
Regex patterns compiled: 188
Datetime filter -a     : 1999-03-03 00:00:00 +00:00 (1999-03-03 00:00:00.000000 +00:00)
Datetime printed first : 2024-02-25 16:15:04 +08:00 (2024-02-25 08:15:04.020154 +00:00)
Datetime printed last  : 2024-02-25 16:16:01 +08:00 (2024-02-25 08:16:01.275011 +00:00)
Datetime filter -b     : 2026-01-02 00:00:00 +00:00 (2026-01-02 00:00:00.000000 +00:00)
Channel receive ok     : 11
Channel receive err    : 0
Threads spawned        : 1
Thread spawn errors    : 0
Temporary files created: 0
Platform               : x86_64-unknown-linux-gnu
Allocator              : system
