
Files:

File: ./logs/NetBSD9.3/x86_32/wtmpx
  About:
      FileType      : UTMPX/WTMPX (Unix accounting log (acct/lastlog/lastlogx/utmp/utmpx))
      FixedStructTyp: Utmpx
      LogMessageType: fixedstruct entries (Unix acct/lastlog/lastlogx/utmp/utmpx)
      specific type : Fs_Netbsd_x8632_Utmpx
      Thread stack  : 104448 (bytes)
  Printed:
      bytes         : 2645
      flushes       : 12
      Entries       : 12
  Processed:
      file size     : 6192 (0x1830) (bytes)
      bytes         : 6192 (0x1830)
      bytes total   : 6192 (0x1830)
      Block size    : 256 (0x100)
      Blocks        : 25
      Blocks total  : 25 (6400 bytes)
      Entries       : 12
      Entry size    : 516 (bytes)
      Entry hi-score: 150
      first Entry   : @0
      Entry high    : 5
      peak map size : 12
      Datetime first: 2024-02-17 10:06:17 +08:00 (2024-02-17 02:06:17.461908 +00:00)
      Datetime last : 2024-02-25 16:16:01 +08:00 (2024-02-25 08:16:01.275011 +00:00)
      out of order  : 0
  Processing stores:
      storage: FixedStructReader::find_entry()                     : hit  5, miss  7, 41.7%
  Processing Drops:

Program summary:

Paths considered       : 1
Paths not processed    : 0
Files processed        : 1
Files printed          : 1
Printed bytes          : 2693
Printed flushes        : 24
Printed Lines          : 0
Printed Syslines       : 0
Printed ASL events     : 0
Printed ETL events     : 0
Printed EVTX events    : 0
Printed FixedStruct    : 12
Printed Journal events : 0
Printed ODL events     : 0
Line Maximum                   : 393209
Line longest                   : 0
Sysline longest                : 0
EVTX event largest processed   : 0
EVTX event largest accepted    : 0
Journal event largest processed: 0
Journal event largest accepted : 0
Managed files max deflt: 980
Managed files max adjus: 200
Managed request open   : 1
Managed request read   : 0
Managed write calls    : 0
Managed seek calls     : 25
Managed metadata calls : 1
Managed open errors    : 0
Managed evict fails    : 0
Regex patterns known   : 188
Regex patterns compiled: 188
Datetime filter -a     : 1999-03-03 00:00:00 +00:00 (1999-03-03 00:00:00.000000 +00:00)
Datetime printed first : 2024-02-17 10:06:17 +08:00 (2024-02-17 02:06:17.461908 +00:00)
Datetime printed last  : 2024-02-25 16:16:01 +08:00 (2024-02-25 08:16:01.275011 +00:00)
Datetime filter -b     : 2026-01-02 00:00:00 +00:00 (2026-01-02 00:00:00.000000 +00:00)
Channel receive ok     : 14
Channel receive err    : 0
Threads spawned        : 1
Thread spawn errors    : 0
Temporary files created: 0
Platform               : x86_64-unknown-linux-gnu
Allocator              : system
