2023-09-15 04:26:56.329071-0700: Version: V6.5.7 starting [0]
2023-09-15 04:26:56.330256-0700: Started at Fri Sep 15 04:26:56 2023
2023-09-15 04:27:17.163031-0700: exit at user request Fri Sep 15 04:27:17 2023

2023-09-15 04:27:55.946365-0700: Version: V6.5.7 starting [0]
2023-09-15 04:27:56.003008-0700: Started at Fri Sep 15 04:27:55 2023
2023-09-15 04:28:39.017327-0700: exit at user request Fri Sep 15 04:28:39 2023

2023-09-15 04:29:01.622798-0700: Version: V6.5.7 starting [0]
2023-09-15 04:29:01.635955-0700: Started at Fri Sep 15 04:29:01 2023
2023-09-15 04:29:57.557308-0700: exit at user request Fri Sep 15 04:29:57 2023

2023-09-15 04:30:07.711425-0700: Version: V6.5.7 starting [0]
2023-09-15 04:30:07.742705-0700: Started at Fri Sep 15 04:30:07 2023
2023-09-15 04:30:57.956552-0700: exit at user request Fri Sep 15 04:30:57 2023

2023-09-21 14:03:02.939448-0700: Version: V6.5.7 starting [0]
2023-09-21 14:03:02.949227-0700: Started at Thu Sep 21 14:03:02 2023
2023-09-21 21:15:33.556221+0000: exit at user request Thu Sep 21 21:15:33 2023

2023-09-21 21:15:45.436879+0000: Version: V6.5.7 starting [0]
2023-09-21 21:15:45.440110+0000: Started at Thu Sep 21 21:15:45 2023
2023-09-21 23:05:10.854186+0000: exit at user request Thu Sep 21 23:05:10 2023

2023-09-21 23:05:32.211491+0000: Version: V6.5.7 starting [0]
2023-09-21 23:05:32.244231+0000: Started at Thu Sep 21 23:05:32 2023
2023-09-22 00:06:22.526349+0000: exit at user request Fri Sep 22 00:06:22 2023

2023-10-11 15:04:56.572479+0000: Version: V6.5.7 starting [0]
2023-10-11 15:04:56.991851+0000: Started at Wed Oct 11 15:04:56 2023
2023-10-11 15:08:08.360777+0000: exit at user request Wed Oct 11 15:08:08 2023

2023-10-26 16:56:32.458275+0000: Version: V6.5.7 starting [0]
2023-10-26 16:56:32.548586+0000: Started at Thu Oct 26 16:56:32 2023
