2021-04-26 11:25:35.133641-0700: Version: V6.2.9 starting [0]
2021-04-26 11:25:35.133755-0700: Started at Mon Apr 26 11:25:35 2021
2021-04-26 12:21:56.979242-0700: exit at user request Mon Apr 26 12:21:56 2021

2021-04-26 13:10:42.061486-0700: Version: V6.2.9 starting [0]
2021-04-26 13:10:42.808903-0700: Started at Mon Apr 26 13:10:42 2021
2021-04-26 13:20:16.196308-0700: exit at user request Mon Apr 26 13:20:19 2021

2021-04-27 02:29:17.994641-0700: Version: V6.2.9 starting [0]
2021-04-27 02:29:17.994750-0700: Started at Tue Apr 27 02:29:17 2021
2021-04-27 02:42:22.360082-0700: exit at user request Tue Apr 27 02:42:22 2021

2021-04-27 02:43:20.219318-0700: Version: V6.2.9 starting [0]
2021-04-27 02:43:20.219429-0700: Started at Tue Apr 27 02:43:20 2021
2021-04-27 02:44:45.095517-0700: exit at user request Tue Apr 27 02:44:45 2021

2021-04-27 02:59:39.616772-0700: Version: V6.2.9 starting [0]
2021-04-27 02:59:39.616887-0700: Started at Tue Apr 27 02:59:39 2021
2021-04-27 03:08:29.756415-0700: exit at user request Tue Apr 27 03:08:30 2021

2021-04-28 01:38:18.825531-0700: Version: V6.2.9 starting [0]
2021-04-28 01:38:18.829981-0700: Started at Wed Apr 28 01:38:18 2021
2021-04-28 01:40:15.222245-0700: exit at user request Wed Apr 28 01:40:15 2021

2021-05-03 12:48:34.833530-0700: Version: V6.2.9 starting [0]
2021-05-03 12:48:34.833643-0700: Started at Mon May  3 12:48:34 2021
2021-05-03 13:04:28.062652-0700: exit at user request Mon May  3 13:04:28 2021

2021-05-03 13:10:45.021723-0700: Version: V6.2.9 starting [0]
2021-05-03 13:10:45.021828-0700: Started at Mon May  3 13:10:45 2021
2021-05-03 13:24:10.838215-0700: exit at user request Mon May  3 13:24:11 2021

2021-05-04 09:54:48.730056-0700: Version: V6.2.9 starting [0]
2021-05-04 09:54:48.731691-0700: Started at Tue May  4 09:54:48 2021
2021-05-04 09:57:41.753626-0700: exit at user request Tue May  4 09:57:41 2021

2021-05-06 01:27:32.012516-0700: Version: V6.2.9 starting [0]
2021-05-06 01:27:32.013137-0700: Started at Thu May  6 01:27:32 2021
2021-05-06 01:29:25.190926-0700: exit at user request Thu May  6 01:29:25 2021

2022-01-31 07:20:51.183107-0800: Version: V6.3.5 starting [0]
2022-01-31 07:20:51.908499-0800: Started at Mon Jan 31 07:20:51 2022
2022-01-31 07:24:28.029063-0800: exit at user request Mon Jan 31 07:24:28 2022

2022-02-04 06:17:54.975100-0800: Version: V6.3.5 starting [0]
2022-02-04 06:17:55.018132-0800: Started at Fri Feb  4 06:17:54 2022
2022-02-04 06:19:50.662809-0800: Version: V6.3.5 starting [0]
2022-02-04 06:19:50.663365-0800: Started at Fri Feb  4 06:19:50 2022
2022-02-04 06:35:21.620150-0800: Version: V6.3.5 starting [0]
2022-02-04 06:35:21.620690-0800: Started at Fri Feb  4 06:35:21 2022
2022-02-04 06:38:31.349209-0800: exit at user request Fri Feb  4 06:38:31 2022

2022-02-11 02:31:55.238172-0800: Version: V6.3.5 starting [0]
2022-02-11 02:31:55.238282-0800: Started at Fri Feb 11 02:31:55 2022
2022-02-11 02:43:12.483499-0800: exit at user request Fri Feb 11 02:43:13 2022

2022-02-17 01:56:54.432076-0800: Version: V6.3.5 starting [0]
2022-02-17 01:56:54.432198-0800: Started at Thu Feb 17 01:56:54 2022
2022-02-17 02:14:21.622988-0800: exit at user request Thu Feb 17 02:14:21 2022

2022-02-17 02:20:45.924779-0800: Version: V6.3.5 starting [0]
2022-02-17 02:20:45.924887-0800: Started at Thu Feb 17 02:20:45 2022
2022-02-17 02:34:22.884975-0800: exit at user request Thu Feb 17 02:34:22 2022

2022-02-17 02:34:47.239972-0800: Version: V6.3.5 starting [0]
2022-02-17 02:34:47.240084-0800: Started at Thu Feb 17 02:34:47 2022
2022-02-17 02:35:36.124873-0800: exit at user request Thu Feb 17 02:35:35 2022

2022-02-25 08:37:32.083925-0800: Version: V6.3.5 starting [0]
2022-02-25 08:37:32.204098-0800: Started at Fri Feb 25 08:37:32 2022
2022-02-27 02:56:19.945765-0800: Version: V6.3.5 starting [0]
2022-02-27 02:56:20.247233-0800: Started at Sun Feb 27 02:56:19 2022
2022-02-27 02:59:22.821793-0800: exit at user request Sun Feb 27 02:58:52 2022

2022-02-27 03:00:39.848367-0800: Version: V6.3.5 starting [0]
2022-02-27 03:00:39.848498-0800: Started at Sun Feb 27 03:00:39 2022
2022-02-27 03:09:47.531193-0800: exit at user request Sun Feb 27 03:09:48 2022

2022-03-22 11:04:17.954387-0700: Version: V6.3.5 starting [0]
2022-03-22 11:04:17.954515-0700: Started at Tue Mar 22 11:04:17 2022
2022-03-22 11:23:18.528705-0700: exit at user request Tue Mar 22 11:23:18 2022

2022-03-22 11:29:24.335343-0700: Version: V6.3.6 starting [0]
2022-03-22 11:29:24.335485-0700: Started at Tue Mar 22 11:29:24 2022
2022-03-22 11:43:45.181696-0700: exit at user request Tue Mar 22 11:43:45 2022

2022-03-29 03:49:12.341896-0700: Version: V6.3.6 starting [0]
2022-03-29 03:49:12.342001-0700: Started at Tue Mar 29 03:49:12 2022
2022-03-29 03:51:41.634953-0700: exit at user request Tue Mar 29 03:51:43 2022

2022-03-29 03:51:59.596933-0700: Version: V6.3.6 starting [0]
2022-03-29 03:51:59.597040-0700: Started at Tue Mar 29 03:51:59 2022
2022-03-29 03:54:01.414343-0700: exit at user request Tue Mar 29 03:54:01 2022

2022-03-31 12:39:33.039577-0700: Version: V6.3.6 starting [0]
2022-03-31 12:39:33.039700-0700: Started at Thu Mar 31 12:39:33 2022
2022-03-31 12:42:01.169210-0700: exit at user request Thu Mar 31 12:41:41 2022

2022-04-08 09:13:04.697869-0700: Version: V6.3.6 starting [0]
2022-04-08 09:13:04.698043-0700: Started at Fri Apr  8 09:13:04 2022
2022-04-08 09:16:01.575370-0700: Version: V6.3.6 starting [0]
2022-04-08 09:16:01.575473-0700: Started at Fri Apr  8 09:16:01 2022
2022-04-12 06:19:27.588740-0700: Version: V6.3.6 starting [0]
2022-04-12 06:19:27.591700-0700: Started at Tue Apr 12 06:19:27 2022
2022-04-12 06:43:58.839393-0700: exit at user request Tue Apr 12 06:43:58 2022

2022-04-12 07:08:27.824925-0700: Version: V6.3.6 starting [0]
2022-04-12 07:08:27.825196-0700: Started at Tue Apr 12 07:08:27 2022
2022-04-12 07:10:31.502738-0700: Version: V6.3.6 starting [0]
2022-04-12 07:10:31.502848-0700: Started at Tue Apr 12 07:10:31 2022
2022-04-12 07:32:22.615684-0700: exit at user request Tue Apr 12 07:32:22 2022

2022-04-12 07:43:00.090690-0700: Version: V6.3.6 starting [0]
2022-04-12 07:43:00.090862-0700: Started at Tue Apr 12 07:43:00 2022
2022-04-12 08:02:53.829825-0700: Version: V6.3.6 starting [0]
2022-04-12 08:02:53.829931-0700: Started at Tue Apr 12 08:02:53 2022
2022-04-12 08:22:00.963967-0700: Version: V6.3.6 starting [0]
2022-04-12 08:22:00.964440-0700: Started at Tue Apr 12 08:22:00 2022
2022-04-12 08:56:47.593491-0700: Version: V6.3.6 starting [0]
2022-04-12 08:56:47.593981-0700: Started at Tue Apr 12 08:56:47 2022
2022-04-12 08:59:18.260768-0700: Version: V6.3.6 starting [0]
2022-04-12 08:59:18.261455-0700: Started at Tue Apr 12 08:59:18 2022
2022-04-13 02:29:01.057242-0700: exit at user request Wed Apr 13 02:29:01 2022

2023-09-15 03:36:35.082046-0700: Version: V6.3.6 starting [0]
2023-09-15 03:36:35.082148-0700: Started at Fri Sep 15 03:36:35 2023
2023-09-15 03:39:07.619957-0700: exit at user request Fri Sep 15 03:39:08 2023

2023-09-15 03:47:11.300597-0700: Version: V6.3.6 starting [0]
2023-09-15 03:47:11.300706-0700: Started at Fri Sep 15 03:47:11 2023
2023-09-15 03:49:18.945948-0700: exit at user request Fri Sep 15 03:49:19 2023

2023-09-21 11:04:34.441898-0700: Version: V6.3.6 starting [0]
2023-09-21 11:04:34.442003-0700: Started at Thu Sep 21 11:04:34 2023
2023-09-21 11:06:33.009267-0700: exit at user request Thu Sep 21 11:06:33 2023

2023-09-21 17:10:59.190804-0700: Version: V6.3.6 starting [0]
2023-09-21 17:10:59.222083-0700: Started at Thu Sep 21 17:10:59 2023
2023-09-22 00:30:39.467180+0000: exit at user request Fri Sep 22 00:30:39 2023

2023-09-22 00:30:54.417116+0000: Version: V6.3.6 starting [0]
2023-09-22 00:30:54.417441+0000: Started at Fri Sep 22 00:30:54 2023
2023-09-22 03:01:58.176437+0000: exit at user request Fri Sep 22 03:01:58 2023

2023-09-22 03:02:12.204711+0000: Version: V6.3.6 starting [0]
2023-09-22 03:02:12.205042+0000: Started at Fri Sep 22 03:02:12 2023
2023-09-22 04:30:02.062886+0000: exit at user request Fri Sep 22 04:30:02 2023

2023-10-26 04:27:25.730425+0000: Version: V6.3.6 starting [0]
2023-10-26 04:27:25.730523+0000: Started at Thu Oct 26 04:27:25 2023
2023-10-26 04:31:35.252815+0000: exit at user request Thu Oct 26 04:31:34 2023

2023-10-31 04:39:33.512152+0000: Version: V6.3.6 starting [0]
2023-10-31 04:39:33.512259+0000: Started at Tue Oct 31 04:39:33 2023
