
Files:

File: ./logs/Ubuntu18/cups/access_log.1
  About:
      FileType      : TEXT UTF8/ASCII (text log)
      LogMessageType: text log lines
      Thread stack  : 100352 (bytes)
  Printed:
      bytes         : 1033
      flushes       : 6
      Lines         : 6
      Syslines      : 6
      Datetime first: 2020-03-14 00:07:47 -07:00 (2020-03-14 07:07:47.000000 +00:00)
      Datetime last : 2020-03-15 00:08:26 -07:00 (2020-03-15 07:08:26.000000 +00:00)
  Processed:
      file size     : 649 (0x289) (bytes)
      bytes         : 649 (0x289)
      bytes total   : 649 (0x289)
      Block size    : 256 (0x100)
      Blocks        : 3
      Blocks total  : 3 (768 bytes)
      Lines         : 6
      Line longest  : 112 (bytes)
      Line parts    : 8
      Syslines      : 6
      Sysline longest: 112 (bytes)
      Syslines high : 6
      Datetime first: 2020-03-14 00:07:47 -07:00 (2020-03-14 07:07:47.000000 +00:00)
      Datetime last : 2020-03-15 00:08:26 -07:00 (2020-03-15 07:08:26.000000 +00:00)
      out of order  : 0
  Parsers:
  Processing stores:
      storage: LineReader::find_line() lines                       : hit  0, miss 11,  0.0%
      caching: LineReader::find_line() LRU cache                   : hit  6, miss  6, 50.0%, put  6
      copying: SyslineReader::get_boxptrs()                        : sgl 49, dbl   2, mult  0
      storage: SyslineReader::find_sysline() syslines              : hit  0, miss  6,  0.0%
      caching: SyslineReader::find_sysline() syslines_by_range_map : hit  0, miss  1,  0.0%, put  1
      caching: SyslineReader::find_sysline() LRU cache             : hit  1, miss  6, 14.3%, put  6
      caching: SyslineReader::parse_datetime_in_line() LRU cache   : hit  5, miss  6, 45.5%, put  0
      optimize:SyslineReader::ezcheck12                            : hit  0, miss  0,  0.0%, largest skipped 0
      optimize:SyslineReader::ezcheckd2                            : hit  0, miss  4,  0.0%, largest skipped 0
      optimize:SyslineReader::ezcheck12d2                          : hit  0, miss 47,  0.0%, largest skipped 0
      process: regex captures                                      : hit  6, miss 45
  Processing Drops:

Program summary:

Paths considered       : 1
Paths not processed    : 0
Files processed        : 1
Files printed          : 1
Printed bytes          : 1057
Printed flushes        : 12
Printed Lines          : 6
Printed Syslines       : 6
Printed ASL events     : 0
Printed ETL events     : 0
Printed EVTX events    : 0
Printed FixedStruct    : 0
Printed Journal events : 0
Printed ODL events     : 0
Line Maximum                   : 393209
Line longest                   : 112
Sysline longest                : 112
EVTX event largest processed   : 0
EVTX event largest accepted    : 0
Journal event largest processed: 0
Journal event largest accepted : 0
Managed files max deflt: 980
Managed files max adjus: 200
Managed request open   : 1
Managed request read   : 0
Managed write calls    : 0
Managed seek calls     : 3
Managed metadata calls : 1
Managed open errors    : 0
Managed evict fails    : 0
Regex patterns known   : 188
Regex patterns compiled: 188
Datetime filter -a     : 1999-03-03 00:00:00 +00:00 (1999-03-03 00:00:00.000000 +00:00)
Datetime printed first : 2020-03-14 00:07:47 -07:00 (2020-03-14 07:07:47.000000 +00:00)
Datetime printed last  : 2020-03-15 00:08:26 -07:00 (2020-03-15 07:08:26.000000 +00:00)
Datetime filter -b     : 2026-01-02 00:00:00 +00:00 (2026-01-02 00:00:00.000000 +00:00)
Channel receive ok     : 8
Channel receive err    : 0
Threads spawned        : 1
Thread spawn errors    : 0
Temporary files created: 0
Platform               : x86_64-unknown-linux-gnu
Allocator              : system
