./logs/synology-DS6/packages/CloudSync.log┋20190623T131317.000000000┋2019/06/23 21:13:17	(system) trigger CloudSync 2.3.12-1079 Begin start-stop-status start
⇳
./logs/synology-DS6/packages/CloudSync.log┋20190623T131317.000000000┋2019/06/23 21:13:17	(system) trigger CloudSync 2.3.12-1079 End start-stop-status start ret=[0]
⇳
./logs/synology-DS6/packages/CloudSync.log┋20190818T132450.000000000┋2019/08/18 21:24:50	(system) trigger CloudSync 2.3.12-1079 Begin start-stop-status stop
⇳
./logs/synology-DS6/packages/CloudSync.log┋20190818T132828.000000000┋2019/08/18 21:28:28	(system) trigger CloudSync 2.3.12-1079 Begin start-stop-status start
⇳
./logs/synology-DS6/packages/CloudSync.log┋20190818T132829.000000000┋2019/08/18 21:28:29	(system) trigger CloudSync 2.3.12-1079 End start-stop-status start ret=[0]
⇳
./logs/synology-DS6/packages/CloudSync.log┋20190831T062157.000000000┋2019/08/31 14:21:57	(system) trigger CloudSync 2.3.12-1079 Begin start-stop-status stop
⇳
./logs/synology-DS6/packages/CloudSync.log┋20190831T062203.000000000┋2019/08/31 14:22:03	(system) trigger CloudSync 2.3.12-1079 End start-stop-status stop ret=[-1]
⇳
./logs/synology-DS6/packages/CloudSync.log┋20190831T062536.000000000┋2019/08/31 14:25:36	(system) trigger CloudSync 2.3.12-1079 Begin start-stop-status start
⇳
./logs/synology-DS6/packages/CloudSync.log┋20190831T062537.000000000┋2019/08/31 14:25:37	(system) trigger CloudSync 2.3.12-1079 End start-stop-status start ret=[0]
⇳
./logs/synology-DS6/packages/CloudSync.log┋20190831T065523.000000000┋2019/08/31 14:55:23	upgrade CloudSync 2.3.12-1079 Begin start-stop-status stop
⇳
./logs/synology-DS6/packages/CloudSync.log┋20190831T065538.000000000┋2019/08/31 14:55:38	upgrade CloudSync 2.3.12-1079 End start-stop-status stop ret=[0]
⇳
./logs/synology-DS6/packages/CloudSync.log┋20190831T065541.000000000┋2019/08/31 14:55:41	upgrade CloudSync 2.3.12-1079 Begin preupgrade
⇳
./logs/synology-DS6/packages/CloudSync.log┋20190831T065542.000000000┋2019/08/31 14:55:42	upgrade CloudSync 2.3.12-1079 End preupgrade ret=[0]
⇳
./logs/synology-DS6/packages/CloudSync.log┋20190831T065542.000000000┋2019/08/31 14:55:42	upgrade CloudSync 2.3.12-1079 Begin preuninst
⇳
./logs/synology-DS6/packages/CloudSync.log┋20190831T065542.000000000┋2019/08/31 14:55:42	upgrade CloudSync 2.3.12-1079 End preuninst ret=[0]
⇳
./logs/synology-DS6/packages/CloudSync.log┋20190831T065542.000000000┋2019/08/31 14:55:42	upgrade CloudSync 2.3.12-1079 Begin /bin/rm -rf /path1/@appstore/CloudSync
⇳
./logs/synology-DS6/packages/CloudSync.log┋20190831T065544.000000000┋2019/08/31 14:55:44	upgrade CloudSync 2.3.12-1079 End /bin/rm -rf /path1/@appstore/CloudSync ret=[0]
⇳
./logs/synology-DS6/packages/CloudSync.log┋20190831T065544.000000000┋2019/08/31 14:55:44	upgrade CloudSync 2.3.12-1079 Begin postuninst
⇳
./logs/synology-DS6/packages/CloudSync.log┋20190831T065544.000000000┋2019/08/31 14:55:44	upgrade CloudSync 2.3.12-1079 End postuninst ret=[0]
⇳
