
Files:

File: ./logs/synology-DS6/packages/DownloadStation.log
  About:
      FileType      : TEXT UTF8/ASCII (text log)
      LogMessageType: text log lines
      Thread stack  : 102400 (bytes)
  Printed:
      bytes         : 2457
      flushes       : 2
      Lines         : 19
      Syslines      : 1
      Datetime first: 2019-06-23 21:13:34 +08:00 (2019-06-23 13:13:34.000000 +00:00)
      Datetime last : 2019-06-23 21:13:34 +08:00 (2019-06-23 13:13:34.000000 +00:00)
  Processed:
      file size     : 956 (0x3BC) (bytes)
      bytes         : 956 (0x3BC)
      bytes total   : 956 (0x3BC)
      Block size    : 256 (0x100)
      Blocks        : 4
      Blocks total  : 4 (1024 bytes)
      Blocks high   : 4 (1024 bytes)
      Lines         : 19
      Line longest  : 104 (bytes)
      Lines high    : 19
      Line parts    : 23
      Syslines      : 1
      Sysline longest: 956 (bytes)
      Syslines high : 1
      Datetime first: 2019-06-23 21:13:34 +08:00 (2019-06-23 13:13:34.000000 +00:00)
      Datetime last : 2019-06-23 21:13:34 +08:00 (2019-06-23 13:13:34.000000 +00:00)
      out of order  : 0
  Parsers:
  Processing stores:
      storage: LineReader::find_line() lines                       : hit   0, miss  39,  0.0%
      caching: LineReader::find_line() LRU cache                   : hit   3, miss  20, 13.0%, put  19
      copying: SyslineReader::get_boxptrs()                        : sgl 283, dbl    2, mult   0
      storage: SyslineReader::find_sysline() syslines              : hit   0, miss   2,  0.0%
      caching: SyslineReader::find_sysline() syslines_by_range_map : hit   0, miss   2,  0.0%, put   1
      caching: SyslineReader::find_sysline() LRU cache             : hit   0, miss   2,  0.0%, put   1
      caching: SyslineReader::parse_datetime_in_line() LRU cache   : hit   1, miss  20,  4.8%, put   0
      optimize:SyslineReader::ezcheck12                            : hit   0, miss   0,  0.0%, largest skipped 0
      optimize:SyslineReader::ezcheckd2                            : hit  20, miss   4, 83.3%, largest skipped 103
      optimize:SyslineReader::ezcheck12d2                          : hit 185, miss  76, 70.9%, largest skipped 103
      process: regex captures                                      : hit   1, miss  79
  Processing Drops:

Program summary:

Paths considered       : 1
Paths not processed    : 0
Files processed        : 1
Files printed          : 1
Printed bytes          : 2461
Printed flushes        : 3
Printed Lines          : 19
Printed Syslines       : 1
Printed ASL events     : 0
Printed ETL events     : 0
Printed EVTX events    : 0
Printed FixedStruct    : 0
Printed Journal events : 0
Printed ODL events     : 0
Line longest                   : 104
Sysline longest                : 956
EVTX event largest processed   : 0
EVTX event largest accepted    : 0
Journal event largest processed: 0
Journal event largest accepted : 0
Managed files max deflt: 980
Managed files max adjus: 200
Managed handles high   : 1
Managed request open   : 1
Managed request read   : 0
Managed read calls     : 4
Managed write calls    : 0
Managed seek calls     : 4
Managed metadata calls : 1
Managed open errors    : 0
Managed evict fails    : 0
Unmanaged handles high : 0
Regex patterns known   : 188
Regex patterns compiled: 188
Datetime filter -a     : 1999-03-03 00:00:00 +00:00 (1999-03-03 00:00:00.000000 +00:00)
Datetime printed first : 2019-06-23 21:13:34 +08:00 (2019-06-23 13:13:34.000000 +00:00)
Datetime printed last  : 2019-06-23 21:13:34 +08:00 (2019-06-23 13:13:34.000000 +00:00)
Datetime filter -b     : 2026-01-02 00:00:00 +00:00 (2026-01-02 00:00:00.000000 +00:00)
Channel receive ok     : 3
Channel receive err    : 0
Threads spawned        : 1
Thread spawn errors    : 0
Temporary files created: 0
Platform               : x86_64-unknown-linux-gnu
Allocator              : system
