./logs/synology-DS6/packages/GlacierBackup.log┋20190623T131316.000000000┋2019/06/23 21:13:16	(system) trigger GlacierBackup 1.5.0-0310 Begin start-stop-status start
./logs/synology-DS6/packages/GlacierBackup.log┋20190623T131316.000000000┋PHP Warning:  PHP Startup: Unable to load dynamic library '/usr/lib/php/modules/json.so' - /usr/lib/php/modules/json.so: cannot open shared object file: No such file or directory in Unknown on line 0
./logs/synology-DS6/packages/GlacierBackup.log┋20190623T131316.000000000┋PHP Warning:  PHP Startup: Unable to load dynamic library '/usr/lib/php/modules/json.so' - /usr/lib/php/modules/json.so: cannot open shared object file: No such file or directory in Unknown on line 0
⇳
./logs/synology-DS6/packages/GlacierBackup.log┋20190623T131342.000000000┋2019/06/23 21:13:42	(system) trigger GlacierBackup 1.5.0-0310 End start-stop-status start ret=[0]
⇳
./logs/synology-DS6/packages/GlacierBackup.log┋20190818T132450.000000000┋2019/08/18 21:24:50	(system) trigger GlacierBackup 1.5.0-0310 Begin start-stop-status stop
./logs/synology-DS6/packages/GlacierBackup.log┋20190818T132450.000000000┋PHP Warning:  PHP Startup: Unable to load dynamic library '/usr/lib/php/modules/json.so' - /usr/lib/php/modules/json.so: cannot open shared object file: No such file or directory in Unknown on line 0
./logs/synology-DS6/packages/GlacierBackup.log┋20190818T132450.000000000┋PHP Warning:  PHP Startup: Unable to load dynamic library '/usr/lib/php/modules/json.so' - /usr/lib/php/modules/json.so: cannot open shared object file: No such file or directory in Unknown on line 0
./logs/synology-DS6/packages/GlacierBackup.log┋20190818T132450.000000000┋/bin/cat: /var/run/crond.pid: No such file or directory
./logs/synology-DS6/packages/GlacierBackup.log┋20190818T132450.000000000┋kill: not enough arguments
./logs/synology-DS6/packages/GlacierBackup.log┋20190818T132450.000000000┋synoglacierbkp: no process found
./logs/synology-DS6/packages/GlacierBackup.log┋20190818T132450.000000000┋synoglacierbkp: no process found
./logs/synology-DS6/packages/GlacierBackup.log┋20190818T132450.000000000┋synoglaciertool: no process found
./logs/synology-DS6/packages/GlacierBackup.log┋20190818T132450.000000000┋SYNO.GlacierBackup: no process found
./logs/synology-DS6/packages/GlacierBackup.log┋20190818T132450.000000000┋synoglacierbkp: no process found
./logs/synology-DS6/packages/GlacierBackup.log┋20190818T132450.000000000┋synoglaciertool: no process found
./logs/synology-DS6/packages/GlacierBackup.log┋20190818T132450.000000000┋SYNO.GlacierBackup: no process found
./logs/synology-DS6/packages/GlacierBackup.log┋20190818T132450.000000000┋rm: cannot remove '/tmp/glacierbkp_create.queue': No such file or directory
./logs/synology-DS6/packages/GlacierBackup.log┋20190818T132450.000000000┋rm: cannot remove '/tmp/glacierbkp_create.tmp.queue': No such file or directory
./logs/synology-DS6/packages/GlacierBackup.log┋20190818T132450.000000000┋rm: cannot remove '/tmp/backup/do_glacierbkp_backup_cancel.chk': No such file or directory
⇳
