./logs/synology-DS6/packages/HyperBackupVault.log┋20190623T131333.000000000┋2019/06/23 21:13:33	(system) trigger HyperBackupVault 2.1.10-0752 Begin start-stop-status start
./logs/synology-DS6/packages/HyperBackupVault.log┋20190623T131333.000000000┋pkg-img_backupd start/running, process 6709
⇳
./logs/synology-DS6/packages/HyperBackupVault.log┋20190623T131333.000000000┋2019/06/23 21:13:33	(system) trigger HyperBackupVault 2.1.10-0752 End start-stop-status start ret=[0]
⇳
./logs/synology-DS6/packages/HyperBackupVault.log┋20190818T132450.000000000┋2019/08/18 21:24:50	(system) trigger HyperBackupVault 2.1.10-0752 Begin start-stop-status stop
./logs/synology-DS6/packages/HyperBackupVault.log┋20190818T132450.000000000┋pkg-img_backupd stop/waiting
./logs/synology-DS6/packages/HyperBackupVault.log┋20190818T132450.000000000┋/var/packages/HyperBackupVault/target/bin/img_backupd: no process found
./logs/synology-DS6/packages/HyperBackupVault.log┋20190818T132450.000000000┋/var/packages/HyperBackupVault/target/bin/synoimgbkptool: no process found
⇳
./logs/synology-DS6/packages/HyperBackupVault.log┋20190818T132509.000000000┋2019/08/18 21:25:09	(system) trigger HyperBackupVault 2.1.10-0752 End start-stop-status stop ret=[0]
⇳
./logs/synology-DS6/packages/HyperBackupVault.log┋20190818T132848.000000000┋2019/08/18 21:28:48	(system) trigger HyperBackupVault 2.1.10-0752 Begin start-stop-status start
./logs/synology-DS6/packages/HyperBackupVault.log┋20190818T132848.000000000┋pkg-img_backupd start/running, process 6709
⇳
./logs/synology-DS6/packages/HyperBackupVault.log┋20190818T132848.000000000┋2019/08/18 21:28:48	(system) trigger HyperBackupVault 2.1.10-0752 End start-stop-status start ret=[0]
⇳
./logs/synology-DS6/packages/HyperBackupVault.log┋20190831T062158.000000000┋2019/08/31 14:21:58	(system) trigger HyperBackupVault 2.1.10-0752 Begin start-stop-status stop
./logs/synology-DS6/packages/HyperBackupVault.log┋20190831T062158.000000000┋pkg-img_backupd stop/waiting
./logs/synology-DS6/packages/HyperBackupVault.log┋20190831T062158.000000000┋/var/packages/HyperBackupVault/target/bin/img_backupd: no process found
./logs/synology-DS6/packages/HyperBackupVault.log┋20190831T062158.000000000┋/var/packages/HyperBackupVault/target/bin/synoimgbkptool: no process found
⇳
./logs/synology-DS6/packages/HyperBackupVault.log┋20190831T062213.000000000┋2019/08/31 14:22:13	(system) trigger HyperBackupVault 2.1.10-0752 End start-stop-status stop ret=[0]
⇳
./logs/synology-DS6/packages/HyperBackupVault.log┋20190831T062538.000000000┋2019/08/31 14:25:38	(system) trigger HyperBackupVault 2.1.10-0752 Begin start-stop-status start
./logs/synology-DS6/packages/HyperBackupVault.log┋20190831T062538.000000000┋pkg-img_backupd start/running, process 6709
⇳
./logs/synology-DS6/packages/HyperBackupVault.log┋20190831T062539.000000000┋2019/08/31 14:25:39	(system) trigger HyperBackupVault 2.1.10-0752 End start-stop-status start ret=[0]
⇳
