./logs/synology-DS6/packages/HyperBackup.log┋20190623T131321.000000000┋2019/06/23 21:13:21	(system) trigger HyperBackup 2.1.10-0752 Begin start-stop-status start
⇳
./logs/synology-DS6/packages/HyperBackup.log┋20190623T131327.000000000┋2019/06/23 21:13:27	(system) trigger HyperBackup 2.1.10-0752 End start-stop-status start ret=[0]
⇳
./logs/synology-DS6/packages/HyperBackup.log┋20190818T132450.000000000┋2019/08/18 21:24:50	(system) trigger HyperBackup 2.1.10-0752 Begin start-stop-status stop
./logs/synology-DS6/packages/HyperBackup.log┋20190818T132450.000000000┋/var/packages/HyperBackup/target/bin/synoimgbkptool: no process found
⇳
./logs/synology-DS6/packages/HyperBackup.log┋20190818T132504.000000000┋2019/08/18 21:25:04	(system) trigger HyperBackup 2.1.10-0752 End start-stop-status stop ret=[0]
⇳
./logs/synology-DS6/packages/HyperBackup.log┋20190818T132836.000000000┋2019/08/18 21:28:36	(system) trigger HyperBackup 2.1.10-0752 Begin start-stop-status start
⇳
./logs/synology-DS6/packages/HyperBackup.log┋20190818T132841.000000000┋2019/08/18 21:28:41	(system) trigger HyperBackup 2.1.10-0752 End start-stop-status start ret=[0]
⇳
./logs/synology-DS6/packages/HyperBackup.log┋20190831T062157.000000000┋2019/08/31 14:21:57	(system) trigger HyperBackup 2.1.10-0752 Begin start-stop-status stop
./logs/synology-DS6/packages/HyperBackup.log┋20190831T062157.000000000┋/var/packages/HyperBackup/target/bin/synoimgbkptool: no process found
⇳
./logs/synology-DS6/packages/HyperBackup.log┋20190831T062205.000000000┋2019/08/31 14:22:05	(system) trigger HyperBackup 2.1.10-0752 End start-stop-status stop ret=[0]
⇳
./logs/synology-DS6/packages/HyperBackup.log┋20190831T062543.000000000┋2019/08/31 14:25:43	(system) trigger HyperBackup 2.1.10-0752 Begin start-stop-status start
⇳
./logs/synology-DS6/packages/HyperBackup.log┋20190831T062550.000000000┋2019/08/31 14:25:50	(system) trigger HyperBackup 2.1.10-0752 End start-stop-status start ret=[0]
⇳
./logs/synology-DS6/packages/HyperBackup.log┋20190831T070551.000000000┋2019/08/31 15:05:51	upgrade HyperBackup 2.1.10-0752 Begin start-stop-status stop
./logs/synology-DS6/packages/HyperBackup.log┋20190831T070551.000000000┋/var/packages/HyperBackup/target/bin/synoimgbkptool: no process found
⇳
./logs/synology-DS6/packages/HyperBackup.log┋20190831T070554.000000000┋2019/08/31 15:05:54	upgrade HyperBackup 2.1.10-0752 End start-stop-status stop ret=[0]
⇳
./logs/synology-DS6/packages/HyperBackup.log┋20190831T070605.000000000┋2019/08/31 15:06:05	upgrade HyperBackup 2.1.10-0752 Begin preupgrade
⇳
./logs/synology-DS6/packages/HyperBackup.log┋20190831T070605.000000000┋2019/08/31 15:06:05	upgrade HyperBackup 2.1.10-0752 End preupgrade ret=[0]
⇳
./logs/synology-DS6/packages/HyperBackup.log┋20190831T070605.000000000┋2019/08/31 15:06:05	upgrade HyperBackup 2.1.10-0752 Begin preuninst
⇳
./logs/synology-DS6/packages/HyperBackup.log┋20190831T070605.000000000┋2019/08/31 15:06:05	upgrade HyperBackup 2.1.10-0752 End preuninst ret=[0]
⇳
