
Files:

File: ./logs/synology-DS6/packages/HyperBackupVault.log
  About:
      filetype       : TEXT
      logmessagetype : syslog lines
      MIME guess     : MimeGuess(["text/plain"])
  Printed:
      bytes         : 2990
      lines         : 19
      syslines      : 10
  Processed:
      file size     : 1470 (0x5BE) (bytes)
      bytes         : 1470 (0x5BE)
      bytes total   : 1470 (0x5BE)
      block size    : 256 (0x100)
      blocks        : 6
      blocks total  : 6
      lines         : 19
      syslines      : 10
      syslines high : 8
  Parsers:
  Processing Stores:
      storage: LineReader::find_line() lines                       : hit   0, miss  37,  0.0%
      caching: LineReader::find_line() LRU cache                   : hit  10, miss  20, 33.3%, put  19
      copying: SyslineReader::get_boxptrs()                        : sgl 226, dbl    3, mult   0
      storage: SyslineReader::find_sysline() syslines              : hit   0, miss  10,  0.0%
      caching: SyslineReader::find_sysline() syslines_by_range_map : hit   0, miss  10,  0.0%, put  10
      caching: SyslineReader::find_sysline() LRU cache             : hit   1, miss  10,  9.1%, put  10
      caching: SyslineReader::parse_datetime_in_line() LRU cache   : hit   9, miss  19, 32.1%, put   0
      optimize:SyslineReader::ezcheck12                            : hit   0, miss   0,  0.0%, largest skipped 0
      optimize:SyslineReader::ezcheckd2                            : hit   4, miss   7, 36.4%, largest skipped 39
      optimize:SyslineReader::ezcheck12d2                          : hit  36, miss 182, 16.5%, largest skipped 49
      process: regex captures attempted                            : 189
  Processing Drops:


Program Summary:

Paths considered      : 1
Paths not processed   : 0
Files processed       : 1
Files printed         : 1
Printed bytes         : 3030
Printed lines         : 19
Printed syslines      : 10
Printed evtx events   : 0
Printed fixedstruct   : 0
Printed journal events: 0
Regex patterns        : 133
Regex compiled        : 126
Datetime filter -a    : 1999-03-03T00:00:00+00:00 (1999-03-03 00:00:00 +00:00)
Datetime filter -b    : 2023-04-10T22:10:32+00:00 (2023-04-10 22:10:32 +00:00)
Channel Receive ok    : 12
Channel Receive err   : 0
