
Files:

File: ./logs/synology-DS6/packages/StorageAnalyzer.log
  About:
      FileType      : TEXT UTF8/ASCII (text log)
      LogMessageType: text log lines
      Thread stack  : 100352 (bytes)
  Printed:
      bytes         : 2552
      flushes       : 7
      Lines         : 19
      Syslines      : 7
      Datetime first: 2019-06-23 21:13:16 +08:00 (2019-06-23 13:13:16.000000 +00:00)
      Datetime last : 2019-06-25 01:46:29 +08:00 (2019-06-24 17:46:29.000000 +00:00)
  Processed:
      file size     : 1051 (0x41B) (bytes)
      bytes         : 1051 (0x41B)
      bytes total   : 1051 (0x41B)
      Block size    : 256 (0x100)
      Blocks        : 5
      Blocks total  : 5 (1280 bytes)
      Lines         : 19
      Line longest  : 100 (bytes)
      Line parts    : 23
      Syslines      : 7
      Sysline longest: 239 (bytes)
      Syslines high : 7
      Datetime first: 2019-06-23 21:13:16 +08:00 (2019-06-23 13:13:16.000000 +00:00)
      Datetime last : 2019-06-25 01:46:29 +08:00 (2019-06-24 17:46:29.000000 +00:00)
      out of order  : 0
  Parsers:
  Processing stores:
      storage: LineReader::find_line() lines                       : hit   4, miss  33, 10.8%
      caching: LineReader::find_line() LRU cache                   : hit   7, miss  19, 26.9%, put  19
      copying: SyslineReader::get_boxptrs()                        : sgl 276, dbl    4, mult   0
      storage: SyslineReader::find_sysline() syslines              : hit   0, miss   7,  0.0%
      caching: SyslineReader::find_sysline() syslines_by_range_map : hit   0, miss   1,  0.0%, put   1
      caching: SyslineReader::find_sysline() LRU cache             : hit   1, miss   7, 12.5%, put   7
      caching: SyslineReader::parse_datetime_in_line() LRU cache   : hit   6, miss  19, 24.0%, put   0
      optimize:SyslineReader::ezcheck12                            : hit   0, miss   0,  0.0%, largest skipped 0
      optimize:SyslineReader::ezcheckd2                            : hit   0, miss  24,  0.0%, largest skipped 0
      optimize:SyslineReader::ezcheck12d2                          : hit   4, miss 252,  1.6%, largest skipped 49
      process: regex captures                                      : hit   7, miss 269
  Processing Drops:

Program summary:

Paths considered       : 1
Paths not processed    : 0
Files processed        : 1
Files printed          : 1
Printed bytes          : 2580
Printed flushes        : 14
Printed Lines          : 19
Printed Syslines       : 7
Printed ASL events     : 0
Printed ETL events     : 0
Printed EVTX events    : 0
Printed FixedStruct    : 0
Printed Journal events : 0
Printed ODL events     : 0
Line Maximum                   : 393209
Line longest                   : 100
Sysline longest                : 239
EVTX event largest processed   : 0
EVTX event largest accepted    : 0
Journal event largest processed: 0
Journal event largest accepted : 0
Managed files max deflt: 980
Managed files max adjus: 200
Managed request open   : 1
Managed request read   : 0
Managed write calls    : 0
Managed seek calls     : 5
Managed metadata calls : 1
Managed open errors    : 0
Managed evict fails    : 0
Regex patterns known   : 188
Regex patterns compiled: 188
Datetime filter -a     : 1999-03-03 00:00:00 +00:00 (1999-03-03 00:00:00.000000 +00:00)
Datetime printed first : 2019-06-23 21:13:16 +08:00 (2019-06-23 13:13:16.000000 +00:00)
Datetime printed last  : 2019-06-25 01:46:29 +08:00 (2019-06-24 17:46:29.000000 +00:00)
Datetime filter -b     : 2026-01-02 00:00:00 +00:00 (2026-01-02 00:00:00.000000 +00:00)
Channel receive ok     : 9
Channel receive err    : 0
Threads spawned        : 1
Thread spawn errors    : 0
Temporary files created: 0
Platform               : x86_64-unknown-linux-gnu
Allocator              : system
