
Files:

File: ./logs/synology-DS6/packages/SurveillanceStation.log
  About:
      filetype       : TEXT
      logmessagetype : syslog lines
      MIME guess     : MimeGuess(["text/plain"])
  Printed:
      bytes         : 2919
      lines         : 19
      syslines      : 3
  Processed:
      file size     : 1342 (0x53E) (bytes)
      bytes         : 1342 (0x53E)
      bytes total   : 1342 (0x53E)
      block size    : 256 (0x100)
      blocks        : 6
      blocks total  : 6
      lines         : 19
      syslines      : 3
      syslines high : 3
  Parsers:
  Processing Stores:
      storage: LineReader::find_line() lines                       : hit   0, miss  39,  0.0%
      caching: LineReader::find_line() LRU cache                   : hit  10, miss  21, 32.3%, put  19
      copying: SyslineReader::get_boxptrs()                        : sgl 703, dbl    2, mult   0
      storage: SyslineReader::find_sysline() syslines              : hit   0, miss   4,  0.0%
      caching: SyslineReader::find_sysline() syslines_by_range_map : hit   0, miss   4,  0.0%, put   3
      caching: SyslineReader::find_sysline() LRU cache             : hit   0, miss   4,  0.0%, put   3
      caching: SyslineReader::parse_datetime_in_line() LRU cache   : hit   3, miss  25, 10.7%, put   0
      optimize:SyslineReader::ezcheck12                            : hit   0, miss   0,  0.0%, largest skipped 0
      optimize:SyslineReader::ezcheckd2                            : hit  16, miss  16, 50.0%, largest skipped 43
      optimize:SyslineReader::ezcheck12d2                          : hit 304, miss 369, 45.2%, largest skipped 49
      process: regex captures attempted                            : 385
  Processing Drops:


Program Summary:

Paths considered      : 1
Paths not processed   : 0
Files processed       : 1
Files printed         : 1
Printed bytes         : 2931
Printed lines         : 19
Printed syslines      : 3
Printed evtx events   : 0
Printed fixedstruct   : 0
Printed journal events: 0
Regex patterns        : 153
Regex compiled        : 152
Datetime filter -a    : 1999-03-03T00:00:00+00:00 (1999-03-03 00:00:00 +00:00)
Datetime filter -b    : 2023-04-10T22:10:32+00:00 (2023-04-10 22:10:32 +00:00)
Channel Receive ok    : 5
Channel Receive err   : 0
