./logs/synology-DS6/packages/SynologyDrive.log┋20190623T131445.000000000┋2019/06/23 21:14:45	(system) trigger SynologyDrive 1.1.4-9514 Begin start-stop-status start
./logs/synology-DS6/packages/SynologyDrive.log┋20190623T131445.000000000┋pkg-synologydrive-apid start/running, process 9514
⇳
./logs/synology-DS6/packages/SynologyDrive.log┋20190623T131503.000000000┋2019/06/23 21:15:03	(system) trigger SynologyDrive 1.1.4-9514 End start-stop-status start ret=[0]
⇳
./logs/synology-DS6/packages/SynologyDrive.log┋20190818T132913.000000000┋2019/08/18 21:29:13	(system) trigger SynologyDrive 1.1.4-9514 Begin start-stop-status start
./logs/synology-DS6/packages/SynologyDrive.log┋20190818T132913.000000000┋pkg-synologydrive-apid start/running, process 9514
⇳
./logs/synology-DS6/packages/SynologyDrive.log┋20190818T133007.000000000┋2019/08/18 21:30:07	(system) trigger SynologyDrive 1.1.4-9514 End start-stop-status start ret=[0]
⇳
./logs/synology-DS6/packages/SynologyDrive.log┋20190831T062631.000000000┋2019/08/31 14:26:31	(system) trigger SynologyDrive 1.1.4-9514 Begin start-stop-status start
./logs/synology-DS6/packages/SynologyDrive.log┋20190831T062631.000000000┋pkg-synologydrive-apid start/running, process 9514
⇳
./logs/synology-DS6/packages/SynologyDrive.log┋20190831T062700.000000000┋2019/08/31 14:27:00	(system) trigger SynologyDrive 1.1.4-9514 End start-stop-status start ret=[0]
⇳
./logs/synology-DS6/packages/SynologyDrive.log┋20190831T152425.000000000┋2019/08/31 23:24:25	(system) trigger SynologyDrive 1.1.4-9514 Begin start-stop-status stop
./logs/synology-DS6/packages/SynologyDrive.log┋20190831T152425.000000000┋pkg-synologydrive-apid stop/waiting
⇳
./logs/synology-DS6/packages/SynologyDrive.log┋20190831T152431.000000000┋2019/08/31 23:24:31	(system) trigger SynologyDrive 1.1.4-9514 End start-stop-status stop ret=[0]
⇳
./logs/synology-DS6/packages/SynologyDrive.log┋20190831T152529.000000000┋2019/08/31 23:25:29	(system) trigger SynologyDrive 1.1.4-9514 Begin start-stop-status start
./logs/synology-DS6/packages/SynologyDrive.log┋20190831T152529.000000000┋pkg-synologydrive-apid start/running, process 9514
⇳
./logs/synology-DS6/packages/SynologyDrive.log┋20190831T152551.000000000┋2019/08/31 23:25:51	(system) trigger SynologyDrive 1.1.4-9514 End start-stop-status start ret=[0]
⇳
./logs/synology-DS6/packages/SynologyDrive.log┋20190831T155305.000000000┋2019/08/31 23:53:05	(system) trigger SynologyDrive 1.1.4-9514 Begin start-stop-status stop
./logs/synology-DS6/packages/SynologyDrive.log┋20190831T155305.000000000┋pkg-synologydrive-apid stop/waiting
⇳
./logs/synology-DS6/packages/SynologyDrive.log┋20190831T155311.000000000┋2019/08/31 23:53:11	(system) trigger SynologyDrive 1.1.4-9514 End start-stop-status stop ret=[0]
⇳
./logs/synology-DS6/packages/SynologyDrive.log┋20190831T155359.000000000┋2019/08/31 23:53:59	(system) trigger SynologyDrive 1.1.4-9514 Begin start-stop-status start
⇳
