./logs/synology-DS6/packages/SynoFinder.log┋20190623T131228.000000000┋2019/06/23 21:12:28	upgrade SynoFinder 1.3.0-0261 Begin preupgrade
⇳
./logs/synology-DS6/packages/SynoFinder.log┋20190623T131228.000000000┋2019/06/23 21:12:28	upgrade SynoFinder 1.3.0-0261 End preupgrade ret=[0]
⇳
./logs/synology-DS6/packages/SynoFinder.log┋20190623T131228.000000000┋2019/06/23 21:12:28	upgrade SynoFinder 1.3.0-0261 Begin preuninst
⇳
./logs/synology-DS6/packages/SynoFinder.log┋20190623T131228.000000000┋2019/06/23 21:12:28	upgrade SynoFinder 1.3.0-0261 End preuninst ret=[0]
⇳
./logs/synology-DS6/packages/SynoFinder.log┋20190623T131229.000000000┋2019/06/23 21:12:29	upgrade SynoFinder 1.3.0-0261 Begin /bin/rm -rf /usr/local/packages/@appstore/SynoFinder
⇳
./logs/synology-DS6/packages/SynoFinder.log┋20190623T131229.000000000┋2019/06/23 21:12:29	upgrade SynoFinder 1.3.0-0261 End /bin/rm -rf /usr/local/packages/@appstore/SynoFinder ret=[0]
⇳
./logs/synology-DS6/packages/SynoFinder.log┋20190623T131229.000000000┋2019/06/23 21:12:29	upgrade SynoFinder 1.3.0-0261 Begin postuninst
⇳
./logs/synology-DS6/packages/SynoFinder.log┋20190623T131229.000000000┋2019/06/23 21:12:29	upgrade SynoFinder 1.3.0-0261 End postuninst ret=[0]
⇳
./logs/synology-DS6/packages/SynoFinder.log┋20190623T131229.000000000┋2019/06/23 21:12:29	upgrade SynoFinder 1.3.1-0265 Begin preinst
⇳
./logs/synology-DS6/packages/SynoFinder.log┋20190623T131229.000000000┋2019/06/23 21:12:29	upgrade SynoFinder 1.3.1-0265 End preinst ret=[0]
⇳
./logs/synology-DS6/packages/SynoFinder.log┋20190623T131229.000000000┋2019/06/23 21:12:29	upgrade SynoFinder 1.3.1-0265 Begin /bin/mv -f /var/tmp/pkginstall/package /usr/local/packages/@appstore/SynoFinder
⇳
./logs/synology-DS6/packages/SynoFinder.log┋20190623T131229.000000000┋2019/06/23 21:12:29	upgrade SynoFinder 1.3.1-0265 End /bin/mv -f /var/tmp/pkginstall/package /usr/local/packages/@appstore/SynoFinder ret=[0]
⇳
./logs/synology-DS6/packages/SynoFinder.log┋20190623T131229.000000000┋2019/06/23 21:12:29	upgrade SynoFinder 1.3.1-0265 Begin /bin/mkdir -p /var/packages/SynoFinder
⇳
./logs/synology-DS6/packages/SynoFinder.log┋20190623T131229.000000000┋2019/06/23 21:12:29	upgrade SynoFinder 1.3.1-0265 End /bin/mkdir -p /var/packages/SynoFinder ret=[0]
⇳
./logs/synology-DS6/packages/SynoFinder.log┋20190623T131229.000000000┋2019/06/23 21:12:29	upgrade SynoFinder 1.3.1-0265 Begin /bin/mv -f /var/tmp/pkginstall/INFO /var/packages/SynoFinder/INFO
⇳
./logs/synology-DS6/packages/SynoFinder.log┋20190623T131229.000000000┋2019/06/23 21:12:29	upgrade SynoFinder 1.3.1-0265 End /bin/mv -f /var/tmp/pkginstall/INFO /var/packages/SynoFinder/INFO ret=[0]
⇳
./logs/synology-DS6/packages/SynoFinder.log┋20190623T131229.000000000┋2019/06/23 21:12:29	upgrade SynoFinder 1.3.1-0265 Begin /bin/rm -rf /var/packages/SynoFinder/scripts
⇳
./logs/synology-DS6/packages/SynoFinder.log┋20190623T131229.000000000┋2019/06/23 21:12:29	upgrade SynoFinder 1.3.1-0265 End /bin/rm -rf /var/packages/SynoFinder/scripts ret=[0]
⇳
./logs/synology-DS6/packages/SynoFinder.log┋20190623T131229.000000000┋2019/06/23 21:12:29	upgrade SynoFinder 1.3.1-0265 Begin /bin/mv -f /var/tmp/pkginstall/scripts /var/packages/SynoFinder/scripts
⇳
