
Files:

File: ./logs/synology-DS6/packages/SynologyDrive.log
  About:
      filetype      : TEXT UTF8/ASCII (text log)
      logmessagetype: text log lines
  Printed:
      bytes         : 2967
      flushes       : 13
      lines         : 19
      syslines      : 13
      datetime first: 2019-06-23 21:14:45 +08:00 (2019-06-23 13:14:45.000000 +00:00)
      datetime last : 2019-08-31 23:53:59 +08:00 (2019-08-31 15:53:59.000000 +00:00)
  Processed:
      file size     : 1504 (0x5E0) (bytes)
      bytes         : 1504 (0x5E0)
      bytes total   : 1504 (0x5E0)
      block size    : 256 (0x100)
      blocks        : 6
      blocks total  : 6 (1536 bytes)
      lines         : 19
      line parts    : 24
      syslines      : 13
      syslines high : 9
      datetime first: 2019-06-23 21:14:45 +08:00 (2019-06-23 13:14:45.000000 +00:00)
      datetime last : 2019-08-31 23:53:59 +08:00 (2019-08-31 15:53:59.000000 +00:00)
      out of order  : 0
  Parsers:
  Processing Stores:
      storage: LineReader::find_line() lines                       : hit   0, miss  37,  0.0%
      caching: LineReader::find_line() LRU cache                   : hit  13, miss  19, 40.6%, put  19
      copying: SyslineReader::get_boxptrs()                        : sgl 280, dbl    4, mult   0
      storage: SyslineReader::find_sysline() syslines              : hit   0, miss  13,  0.0%
      caching: SyslineReader::find_sysline() syslines_by_range_map : hit   0, miss   1,  0.0%, put   1
      caching: SyslineReader::find_sysline() LRU cache             : hit   1, miss  13,  7.1%, put  13
      caching: SyslineReader::parse_datetime_in_line() LRU cache   : hit  12, miss  19, 38.7%, put   0
      optimize:SyslineReader::ezcheck12                            : hit   0, miss   0,  0.0%, largest skipped 0
      optimize:SyslineReader::ezcheckd2                            : hit  11, miss  13, 45.8%, largest skipped 39
      optimize:SyslineReader::ezcheck12d2                          : hit  55, miss 205, 21.2%, largest skipped 45
      process: regex captures                                      : hit  13, miss 205
  Processing Drops:

Program Summary:

Paths considered       : 1
Paths not processed    : 0
Files processed        : 1
Files printed          : 1
Printed bytes          : 3019
Printed flushes        : 26
Printed lines          : 19
Printed syslines       : 13
Printed ASL events     : 0
Printed ETL events     : 0
Printed EVTX events    : 0
Printed fixedstruct    : 0
Printed journal events : 0
Printed ODL events     : 0
Managed files max def. : 200
Managed files max adj. : 200
Managed files high     : 1
Managed request open   : 1
Managed request read   : 0
Managed read calls     : 6
Managed write calls    : 0
Managed seek calls     : 6
Managed metadata calls : 1
Managed open errors    : 0
Managed evict fails    : 0
Regex patterns known   : 188
Regex patterns compiled: 188
Datetime filter -a     : 1999-03-03 00:00:00 +00:00 (1999-03-03 00:00:00.000000 +00:00)
Datetime printed first : 2019-06-23 21:14:45 +08:00 (2019-06-23 13:14:45.000000 +00:00)
Datetime printed last  : 2019-08-31 23:53:59 +08:00 (2019-08-31 15:53:59.000000 +00:00)
Datetime filter -b     : 2026-01-02 00:00:00 +00:00 (2026-01-02 00:00:00.000000 +00:00)
Channel Receive ok     : 15
Channel Receive err    : 0
Threads Spawned        : 1
Thread Spawn errors    : 0
Temporary files created: 0
Platform               : x86_64-unknown-linux-gnu
Allocator              : system
