
Files:

File: ./logs/Windows10Pro/Panther/NewOs/Panther/setupact.log
  About:
      FileType      : TEXT UTF8/ASCII (text log)
      LogMessageType: text log lines
      Thread stack  : 100352 (bytes)
  Printed:
      bytes         : 9931
      flushes       : 36
      Lines         : 55
      Syslines      : 35
      Datetime first: 2022-10-14 05:56:46 +08:00 (2022-10-13 21:56:46.000000 +00:00)
      Datetime last : 2022-10-14 07:42:33 +08:00 (2022-10-13 23:42:33.000000 +00:00)
  Processed:
      file size     : 5256 (0x1488) (bytes)
      bytes         : 5256 (0x1488)
      bytes total   : 5256 (0x1488)
      Block size    : 256 (0x100)
      Blocks        : 21
      Blocks total  : 21 (5376 bytes)
      Lines         : 55
      Line longest  : 605 (bytes)
      Line parts    : 75
      Syslines      : 35
      Sysline longest: 1072 (bytes)
      Syslines high : 9
      Datetime first: 2022-10-14 05:56:46 +08:00 (2022-10-13 21:56:46.000000 +00:00)
      Datetime last : 2022-10-14 07:42:33 +08:00 (2022-10-13 23:42:33.000000 +00:00)
      out of order  : 0
  Parsers:
  Processing stores:
      storage: LineReader::find_line() lines                       : hit   4, miss 105,  3.7%
      caching: LineReader::find_line() LRU cache                   : hit  35, miss  55, 38.9%, put  55
      copying: SyslineReader::get_boxptrs()                        : sgl 121, dbl    8, mult   0
      storage: SyslineReader::find_sysline() syslines              : hit   0, miss  35,  0.0%
      caching: SyslineReader::find_sysline() syslines_by_range_map : hit   0, miss   1,  0.0%, put   1
      caching: SyslineReader::find_sysline() LRU cache             : hit   1, miss  35,  2.8%, put  35
      caching: SyslineReader::parse_datetime_in_line() LRU cache   : hit  34, miss  55, 38.2%, put   0
      optimize:SyslineReader::ezcheck12                            : hit   0, miss   0,  0.0%, largest skipped 0
      optimize:SyslineReader::ezcheckd2                            : hit   0, miss   4,  0.0%, largest skipped 0
      optimize:SyslineReader::ezcheck12d2                          : hit  16, miss 109, 12.8%, largest skipped 49
      process: regex captures                                      : hit  35, miss  78
  Processing Drops:

Program summary:

Paths considered       : 1
Paths not processed    : 0
Files processed        : 1
Files printed          : 1
Printed bytes          : 10072
Printed flushes        : 72
Printed Lines          : 55
Printed Syslines       : 35
Printed ASL events     : 0
Printed ETL events     : 0
Printed EVTX events    : 0
Printed FixedStruct    : 0
Printed Journal events : 0
Printed ODL events     : 0
Line Maximum                   : 393209
Line longest                   : 605
Sysline longest                : 1072
EVTX event largest processed   : 0
EVTX event largest accepted    : 0
Journal event largest processed: 0
Journal event largest accepted : 0
Managed files max deflt: 980
Managed files max adjus: 200
Managed request open   : 1
Managed request read   : 0
Managed write calls    : 0
Managed seek calls     : 21
Managed metadata calls : 1
Managed open errors    : 0
Managed evict fails    : 0
Regex patterns known   : 188
Regex patterns compiled: 188
Datetime filter -a     : 1999-03-03 00:00:00 +00:00 (1999-03-03 00:00:00.000000 +00:00)
Datetime printed first : 2022-10-14 05:56:46 +08:00 (2022-10-13 21:56:46.000000 +00:00)
Datetime printed last  : 2022-10-14 07:42:33 +08:00 (2022-10-13 23:42:33.000000 +00:00)
Datetime filter -b     : 2026-01-02 00:00:00 +00:00 (2026-01-02 00:00:00.000000 +00:00)
Channel receive ok     : 37
Channel receive err    : 0
Threads spawned        : 1
Thread spawn errors    : 0
Temporary files created: 0
Platform               : x86_64-unknown-linux-gnu
Allocator              : system
