
Files:

File: ./logs/Windows10Pro/Panther/NewOs/Panther/setuperr.log
  About:
      FileType      : TEXT UTF8/ASCII (text log)
      LogMessageType: text log lines
      Thread stack  : 100352 (bytes)
  Printed:
      bytes         : 5521
      flushes       : 16
      Lines         : 33
      Syslines      : 15
      Datetime first: 2022-10-14 05:56:47 +08:00 (2022-10-13 21:56:47.000000 +00:00)
      Datetime last : 2022-10-14 05:56:47 +08:00 (2022-10-13 21:56:47.000000 +00:00)
  Processed:
      file size     : 2716 (0xA9C) (bytes)
      bytes         : 2716 (0xA9C)
      bytes total   : 2716 (0xA9C)
      Block size    : 256 (0x100)
      Blocks        : 11
      Blocks total  : 11 (2816 bytes)
      Lines         : 33
      Line longest  : 181 (bytes)
      Line parts    : 43
      Syslines      : 15
      Sysline longest: 1072 (bytes)
      Syslines high : 10
      Datetime first: 2022-10-14 05:56:47 +08:00 (2022-10-13 21:56:47.000000 +00:00)
      Datetime last : 2022-10-14 05:56:47 +08:00 (2022-10-13 21:56:47.000000 +00:00)
      out of order  : 0
  Parsers:
  Processing stores:
      storage: LineReader::find_line() lines                       : hit   2, miss  63,  3.1%
      caching: LineReader::find_line() LRU cache                   : hit  15, miss  33, 31.2%, put  33
      copying: SyslineReader::get_boxptrs()                        : sgl 102, dbl    7, mult   0
      storage: SyslineReader::find_sysline() syslines              : hit   0, miss  15,  0.0%
      caching: SyslineReader::find_sysline() syslines_by_range_map : hit   0, miss   1,  0.0%, put   1
      caching: SyslineReader::find_sysline() LRU cache             : hit   1, miss  15,  6.2%, put  15
      caching: SyslineReader::parse_datetime_in_line() LRU cache   : hit  14, miss  33, 29.8%, put   0
      optimize:SyslineReader::ezcheck12                            : hit   0, miss   0,  0.0%, largest skipped 0
      optimize:SyslineReader::ezcheckd2                            : hit   0, miss   4,  0.0%, largest skipped 0
      optimize:SyslineReader::ezcheck12d2                          : hit  16, miss  89, 15.2%, largest skipped 49
      process: regex captures                                      : hit  15, miss  78
  Processing Drops:

Program summary:

Paths considered       : 1
Paths not processed    : 0
Files processed        : 1
Files printed          : 1
Printed bytes          : 5582
Printed flushes        : 32
Printed Lines          : 33
Printed Syslines       : 15
Printed ASL events     : 0
Printed ETL events     : 0
Printed EVTX events    : 0
Printed FixedStruct    : 0
Printed Journal events : 0
Printed ODL events     : 0
Line Maximum                   : 393209
Line longest                   : 181
Sysline longest                : 1072
EVTX event largest processed   : 0
EVTX event largest accepted    : 0
Journal event largest processed: 0
Journal event largest accepted : 0
Managed files max deflt: 980
Managed files max adjus: 200
Managed handles high   : 1
Managed request open   : 1
Managed request read   : 0
Managed write calls    : 0
Managed seek calls     : 11
Managed metadata calls : 1
Managed open errors    : 0
Managed evict fails    : 0
Regex patterns known   : 188
Regex patterns compiled: 188
Datetime filter -a     : 1999-03-03 00:00:00 +00:00 (1999-03-03 00:00:00.000000 +00:00)
Datetime printed first : 2022-10-14 05:56:47 +08:00 (2022-10-13 21:56:47.000000 +00:00)
Datetime printed last  : 2022-10-14 05:56:47 +08:00 (2022-10-13 21:56:47.000000 +00:00)
Datetime filter -b     : 2026-01-02 00:00:00 +00:00 (2026-01-02 00:00:00.000000 +00:00)
Channel receive ok     : 17
Channel receive err    : 0
Threads spawned        : 1
Thread spawn errors    : 0
Temporary files created: 0
Platform               : x86_64-unknown-linux-gnu
Allocator              : system
