20:24:10.945 I [/f:67                           ] Starting Spotify Dashboard Widget...
20:24:11.105 D [/f:29                           ] Added widget id: fe497722-8c97-6fe3-ff23-7236079134bb
20:24:11.106 D [/f:44                           ] Loaded initial content from id: fe497722-8c97-6fe3-ff23-7236079134bb
20:24:11.106 D [/f:52                           ] Data and Layout loaded from memory
20:24:11.114 D [/f:57                           ] Controller initiated with 1 widget(s)
20:24:11.128 D [/f:61                           ] Content update task registered for 135 minutes!
20:24:11.129 D [/f:245                          ] Start loading data for region: US language: en-US and time: 2023-03-08T12:24:11
20:24:11.346 E [/f:152                          ] Can't find 'constants' object
20:24:11.351 D [/f:112                          ] HandleWidgetContextChange: fe497722-8c97-6fe3-ff23-7236079134bb
20:24:11.535 D [/f:60                           ] SendRequest: GetLayout statusCode: 200
20:24:11.604 D [/f:60                           ] SendRequest: GetData statusCode: 200
20:24:11.607 D [/f:252                          ] Data and Layout were updated
20:24:11.607 D [/f:277                          ] Start loading Notification language: en-US
20:24:11.670 D [/f:60                           ] SendRequest: GetNotification statusCode: 200
20:24:11.670 D [/f:284                          ] Notification was updated
21:44:15.779 D [/f:112                          ] HandleWidgetContextChange: fe497722-8c97-6fe3-ff23-7236079134bb
22:24:46.135 D [/f:245                          ] Start loading data for region: US language: en-US and time: 2023-03-08T14:24:46
22:24:46.270 D [/f:60                           ] SendRequest: GetLayout statusCode: 200
22:24:46.341 D [/f:60                           ] SendRequest: GetData statusCode: 200
22:24:46.345 D [/f:252                          ] Data and Layout were updated
22:24:46.346 D [/f:277                          ] Start loading Notification language: en-US
22:24:49.042 D [/f:60                           ] SendRequest: GetNotification statusCode: 200
22:24:49.042 D [/f:284                          ] Notification was updated
22:44:16.895 D [/f:112                          ] HandleWidgetContextChange: fe497722-8c97-6fe3-ff23-7236079134bb
22:53:29.462 D [/f:112                          ] HandleWidgetContextChange: fe497722-8c97-6fe3-ff23-7236079134bb
23:53:26.217 D [/f:112                          ] HandleWidgetContextChange: fe497722-8c97-6fe3-ff23-7236079134bb
00:35:26.556 D [/f:112                          ] HandleWidgetContextChange: fe497722-8c97-6fe3-ff23-7236079134bb
00:44:13.538 D [/f:245                          ] Start loading data for region: US language: en-US and time: 2023-03-08T16:44:13
00:44:13.765 D [/f:60                           ] SendRequest: GetLayout statusCode: 200
00:44:13.826 D [/f:60                           ] SendRequest: GetData statusCode: 200
00:44:13.830 D [/f:252                          ] Data and Layout were updated
00:44:13.830 D [/f:277                          ] Start loading Notification language: en-US
00:44:13.885 D [/f:60                           ] SendRequest: GetNotification statusCode: 200
00:44:13.886 D [/f:284                          ] Notification was updated
02:35:37.730 D [/f:112                          ] HandleWidgetContextChange: fe497722-8c97-6fe3-ff23-7236079134bb
03:02:55.005 D [/f:245                          ] Start loading data for region: US language: en-US and time: 2023-03-08T19:02:55
03:02:55.142 D [/f:60                           ] SendRequest: GetLayout statusCode: 200
03:02:55.212 D [/f:60                           ] SendRequest: GetData statusCode: 200
03:02:55.216 D [/f:252                          ] Data and Layout were updated
03:02:55.216 D [/f:277                          ] Start loading Notification language: en-US
03:02:55.280 D [/f:60                           ] SendRequest: GetNotification statusCode: 200
03:02:55.280 D [/f:284                          ] Notification was updated
03:35:38.726 D [/f:112                          ] HandleWidgetContextChange: fe497722-8c97-6fe3-ff23-7236079134bb
05:17:55.059 D [/f:245                          ] Start loading data for region: US language: en-US and time: 2023-03-08T21:17:55
05:17:55.353 D [/f:60                           ] SendRequest: GetLayout statusCode: 200
05:17:55.421 D [/f:60                           ] SendRequest: GetData statusCode: 200
05:17:55.425 D [/f:252                          ] Data and Layout were updated
05:17:55.425 D [/f:277                          ] Start loading Notification language: en-US
05:17:55.488 D [/f:60                           ] SendRequest: GetNotification statusCode: 200
05:17:55.488 D [/f:284                          ] Notification was updated
06:03:07.525 D [/f:112                          ] HandleWidgetContextChange: fe497722-8c97-6fe3-ff23-7236079134bb
06:11:33.363 D [/f:112                          ] HandleWidgetContextChange: fe497722-8c97-6fe3-ff23-7236079134bb
06:17:58.302 D [/f:112                          ] HandleWidgetContextChange: fe497722-8c97-6fe3-ff23-7236079134bb
06:44:15.771 D [/f:112                          ] HandleWidgetContextChange: fe497722-8c97-6fe3-ff23-7236079134bb
07:25:24.160 D [/f:245                          ] Start loading data for region: US language: en-US and time: 2023-03-08T23:25:24
07:25:24.381 D [/f:60                           ] SendRequest: GetLayout statusCode: 200
07:25:24.446 D [/f:60                           ] SendRequest: GetData statusCode: 200
07:25:24.450 D [/f:252                          ] Data and Layout were updated
07:25:24.451 D [/f:277                          ] Start loading Notification language: en-US
07:25:24.517 D [/f:60                           ] SendRequest: GetNotification statusCode: 200
07:25:24.517 D [/f:284                          ] Notification was updated
09:02:58.287 D [/f:112                          ] HandleWidgetContextChange: fe497722-8c97-6fe3-ff23-7236079134bb
09:44:13.534 D [/f:245                          ] Start loading data for region: US language: en-US and time: 2023-03-09T01:44:13
09:44:13.752 D [/f:60                           ] SendRequest: GetLayout statusCode: 200
09:44:14.037 D [/f:60                           ] SendRequest: GetData statusCode: 200
09:44:14.041 D [/f:252                          ] Data and Layout were updated
09:44:14.041 D [/f:277                          ] Start loading Notification language: en-US
09:44:14.096 D [/f:60                           ] SendRequest: GetNotification statusCode: 200
09:44:14.096 D [/f:284                          ] Notification was updated
11:56:55.259 D [/f:245                          ] Start loading data for region: US language: en-US and time: 2023-03-09T03:56:55
11:56:55.510 D [/f:60                           ] SendRequest: GetLayout statusCode: 200
11:56:55.579 D [/f:60                           ] SendRequest: GetData statusCode: 200
11:56:55.583 D [/f:252                          ] Data and Layout were updated
11:56:55.583 D [/f:277                          ] Start loading Notification language: en-US
11:56:55.647 D [/f:60                           ] SendRequest: GetNotification statusCode: 200
11:56:55.647 D [/f:284                          ] Notification was updated
14:15:55.375 D [/f:245                          ] Start loading data for region: US language: en-US and time: 2023-03-09T06:15:55
14:15:55.662 D [/f:60                           ] SendRequest: GetLayout statusCode: 200
14:15:55.731 D [/f:60                           ] SendRequest: GetData statusCode: 200
14:15:55.735 D [/f:252                          ] Data and Layout were updated
14:15:55.735 D [/f:277                          ] Start loading Notification language: en-US
14:15:55.794 D [/f:60                           ] SendRequest: GetNotification statusCode: 200
14:15:55.794 D [/f:284                          ] Notification was updated
16:25:24.161 D [/f:245                          ] Start loading data for region: US language: en-US and time: 2023-03-09T08:25:24
16:25:24.419 D [/f:60                           ] SendRequest: GetLayout statusCode: 200
16:25:24.756 D [/f:60                           ] SendRequest: GetData statusCode: 200
16:25:24.760 D [/f:252                          ] Data and Layout were updated
16:25:24.760 D [/f:277                          ] Start loading Notification language: en-US
16:25:24.850 D [/f:60                           ] SendRequest: GetNotification statusCode: 200
16:25:24.850 D [/f:284                          ] Notification was updated
18:44:13.780 D [/f:245                          ] Start loading data for region: US language: en-US and time: 2023-03-09T10:44:13
18:44:14.100 D [/f:60                           ] SendRequest: GetLayout statusCode: 200
18:44:14.158 D [/f:60                           ] SendRequest: GetData statusCode: 200
18:44:14.162 D [/f:252                          ] Data and Layout were updated
18:44:14.163 D [/f:277                          ] Start loading Notification language: en-US
18:44:14.221 D [/f:60                           ] SendRequest: GetNotification statusCode: 200
18:44:14.221 D [/f:284                          ] Notification was updated
21:02:55.641 D [/f:245                          ] Start loading data for region: US language: en-US and time: 2023-03-09T13:02:55
21:02:55.797 D [/f:60                           ] SendRequest: GetLayout statusCode: 200
21:02:55.865 D [/f:60                           ] SendRequest: GetData statusCode: 200
21:02:55.870 D [/f:252                          ] Data and Layout were updated
21:02:55.870 D [/f:277                          ] Start loading Notification language: en-US
21:02:55.934 D [/f:60                           ] SendRequest: GetNotification statusCode: 200
21:02:55.934 D [/f:284                          ] Notification was updated
23:17:55.706 D [/f:245                          ] Start loading data for region: US language: en-US and time: 2023-03-09T15:17:55
23:17:55.853 D [/f:60                           ] SendRequest: GetLayout statusCode: 200
23:17:55.926 D [/f:60                           ] SendRequest: GetData statusCode: 200
23:17:55.931 D [/f:252                          ] Data and Layout were updated
23:17:55.931 D [/f:277                          ] Start loading Notification language: en-US
23:17:56.013 D [/f:60                           ] SendRequest: GetNotification statusCode: 200
23:17:56.013 D [/f:284                          ] Notification was updated
01:25:24.168 D [/f:245                          ] Start loading data for region: US language: en-US and time: 2023-03-09T17:25:24
01:25:24.313 D [/f:60                           ] SendRequest: GetLayout statusCode: 200
01:25:24.382 D [/f:60                           ] SendRequest: GetData statusCode: 200
01:25:24.387 D [/f:252                          ] Data and Layout were updated
01:25:24.387 D [/f:277                          ] Start loading Notification language: en-US
01:25:24.453 D [/f:60                           ] SendRequest: GetNotification statusCode: 200
01:25:24.453 D [/f:284                          ] Notification was updated
03:44:13.791 D [/f:245                          ] Start loading data for region: US language: en-US and time: 2023-03-09T19:44:13
03:44:14.196 D [/f:60                           ] SendRequest: GetLayout statusCode: 200
03:44:14.263 D [/f:60                           ] SendRequest: GetData statusCode: 200
03:44:14.268 D [/f:252                          ] Data and Layout were updated
03:44:14.268 D [/f:277                          ] Start loading Notification language: en-US
03:44:14.329 D [/f:60                           ] SendRequest: GetNotification statusCode: 200
03:44:14.329 D [/f:284                          ] Notification was updated
05:55:45.125 D [/f:245                          ] Start loading data for region: US language: en-US and time: 2023-03-09T21:55:45
05:55:45.423 D [/f:60                           ] SendRequest: GetLayout statusCode: 200
05:55:45.515 D [/f:60                           ] SendRequest: GetData statusCode: 200
05:55:45.519 D [/f:252                          ] Data and Layout were updated
05:55:45.519 D [/f:277                          ] Start loading Notification language: en-US
05:55:45.575 D [/f:60                           ] SendRequest: GetNotification statusCode: 200
05:55:45.575 D [/f:284                          ] Notification was updated
08:15:45.165 D [/f:245                          ] Start loading data for region: US language: en-US and time: 2023-03-10T00:15:45
08:15:45.408 D [/f:60                           ] SendRequest: GetLayout statusCode: 200
08:15:45.503 D [/f:60                           ] SendRequest: GetData statusCode: 200
08:15:45.506 D [/f:252                          ] Data and Layout were updated
08:15:45.506 D [/f:277                          ] Start loading Notification language: en-US
08:15:45.565 D [/f:60                           ] SendRequest: GetNotification statusCode: 200
08:15:45.565 D [/f:284                          ] Notification was updated
10:25:24.169 D [/f:245                          ] Start loading data for region: US language: en-US and time: 2023-03-10T02:25:24
10:25:24.366 D [/f:60                           ] SendRequest: GetLayout statusCode: 200
10:25:24.435 D [/f:60                           ] SendRequest: GetData statusCode: 200
10:25:24.439 D [/f:252                          ] Data and Layout were updated
10:25:24.439 D [/f:277                          ] Start loading Notification language: en-US
10:25:24.500 D [/f:60                           ] SendRequest: GetNotification statusCode: 200
10:25:24.500 D [/f:284                          ] Notification was updated
12:44:13.786 D [/f:245                          ] Start loading data for region: US language: en-US and time: 2023-03-10T04:44:13
12:44:14.065 D [/f:60                           ] SendRequest: GetLayout statusCode: 200
12:44:14.130 D [/f:60                           ] SendRequest: GetData statusCode: 200
12:44:14.134 D [/f:252                          ] Data and Layout were updated
12:44:14.134 D [/f:277                          ] Start loading Notification language: en-US
12:44:14.194 D [/f:60                           ] SendRequest: GetNotification statusCode: 200
12:44:14.194 D [/f:284                          ] Notification was updated
15:05:30.133 D [/f:245                          ] Start loading data for region: US language: en-US and time: 2023-03-10T07:05:30
15:05:30.314 D [/f:60                           ] SendRequest: GetLayout statusCode: 200
15:05:30.385 D [/f:60                           ] SendRequest: GetData statusCode: 200
15:05:30.389 D [/f:252                          ] Data and Layout were updated
15:05:30.389 D [/f:277                          ] Start loading Notification language: en-US
15:05:30.453 D [/f:60                           ] SendRequest: GetNotification statusCode: 200
15:05:30.453 D [/f:284                          ] Notification was updated
17:19:00.529 D [/f:245                          ] Start loading data for region: US language: en-US and time: 2023-03-10T09:19:00
17:19:00.881 D [/f:60                           ] SendRequest: GetLayout statusCode: 200
17:19:01.059 D [/f:60                           ] SendRequest: GetData statusCode: 200
17:19:01.063 D [/f:252                          ] Data and Layout were updated
17:19:01.064 D [/f:277                          ] Start loading Notification language: en-US
17:19:01.127 D [/f:60                           ] SendRequest: GetNotification statusCode: 200
17:19:01.127 D [/f:284                          ] Notification was updated
19:25:24.169 D [/f:245                          ] Start loading data for region: US language: en-US and time: 2023-03-10T11:25:24
19:25:24.311 D [/f:60                           ] SendRequest: GetLayout statusCode: 200
19:25:24.376 D [/f:60                           ] SendRequest: GetData statusCode: 200
19:25:24.381 D [/f:252                          ] Data and Layout were updated
19:25:24.381 D [/f:277                          ] Start loading Notification language: en-US
19:25:24.446 D [/f:60                           ] SendRequest: GetNotification statusCode: 200
19:25:24.446 D [/f:284                          ] Notification was updated
21:44:14.251 D [/f:245                          ] Start loading data for region: US language: en-US and time: 2023-03-10T13:44:14
21:44:14.875 D [/f:60                           ] SendRequest: GetLayout statusCode: 200
21:44:14.947 D [/f:60                           ] SendRequest: GetData statusCode: 200
21:44:14.952 D [/f:252                          ] Data and Layout were updated
21:44:14.952 D [/f:277                          ] Start loading Notification language: en-US
21:44:15.020 D [/f:60                           ] SendRequest: GetNotification statusCode: 200
21:44:15.020 D [/f:284                          ] Notification was updated
00:03:30.414 D [/f:245                          ] Start loading data for region: US language: en-US and time: 2023-03-10T16:03:30
00:03:30.615 D [/f:60                           ] SendRequest: GetLayout statusCode: 200
00:03:30.681 D [/f:60                           ] SendRequest: GetData statusCode: 200
00:03:30.686 D [/f:252                          ] Data and Layout were updated
00:03:30.686 D [/f:277                          ] Start loading Notification language: en-US
00:03:30.752 D [/f:60                           ] SendRequest: GetNotification statusCode: 200
00:03:30.752 D [/f:284                          ] Notification was updated
02:20:30.488 D [/f:245                          ] Start loading data for region: US language: en-US and time: 2023-03-10T18:20:30
02:20:30.668 D [/f:60                           ] SendRequest: GetLayout statusCode: 200
02:20:30.739 D [/f:60                           ] SendRequest: GetData statusCode: 200
02:20:30.743 D [/f:252                          ] Data and Layout were updated
02:20:30.743 D [/f:277                          ] Start loading Notification language: en-US
02:20:30.829 D [/f:60                           ] SendRequest: GetNotification statusCode: 200
02:20:30.830 D [/f:284                          ] Notification was updated
04:25:24.249 D [/f:245                          ] Start loading data for region: US language: en-US and time: 2023-03-10T20:25:24
04:25:24.382 D [/f:60                           ] SendRequest: GetLayout statusCode: 200
04:25:24.449 D [/f:60                           ] SendRequest: GetData statusCode: 200
04:25:24.454 D [/f:252                          ] Data and Layout were updated
04:25:24.454 D [/f:277                          ] Start loading Notification language: en-US
04:25:24.523 D [/f:60                           ] SendRequest: GetNotification statusCode: 200
04:25:24.523 D [/f:284                          ] Notification was updated
06:44:14.259 D [/f:245                          ] Start loading data for region: US language: en-US and time: 2023-03-10T22:44:14
06:44:14.404 D [/f:60                           ] SendRequest: GetLayout statusCode: 200
06:44:14.463 D [/f:60                           ] SendRequest: GetData statusCode: 200
06:44:14.467 D [/f:252                          ] Data and Layout were updated
06:44:14.468 D [/f:277                          ] Start loading Notification language: en-US
06:44:14.515 D [/f:60                           ] SendRequest: GetNotification statusCode: 200
06:44:14.516 D [/f:284                          ] Notification was updated
09:05:30.697 D [/f:245                          ] Start loading data for region: US language: en-US and time: 2023-03-11T01:05:30
09:05:30.879 D [/f:60                           ] SendRequest: GetLayout statusCode: 200
09:05:30.955 D [/f:60                           ] SendRequest: GetData statusCode: 200
09:05:30.960 D [/f:252                          ] Data and Layout were updated
09:05:30.960 D [/f:277                          ] Start loading Notification language: en-US
09:05:31.019 D [/f:60                           ] SendRequest: GetNotification statusCode: 200
09:05:31.019 D [/f:284                          ] Notification was updated
11:12:14.268 D [/f:245                          ] Start loading data for region: US language: en-US and time: 2023-03-11T03:12:14
11:12:14.585 D [/f:60                           ] SendRequest: GetLayout statusCode: 200
11:12:14.650 D [/f:60                           ] SendRequest: GetData statusCode: 200
11:12:14.654 D [/f:252                          ] Data and Layout were updated
11:12:14.655 D [/f:277                          ] Start loading Notification language: en-US
11:12:14.714 D [/f:60                           ] SendRequest: GetNotification statusCode: 200
11:12:14.715 D [/f:284                          ] Notification was updated
13:25:24.259 D [/f:245                          ] Start loading data for region: US language: en-US and time: 2023-03-11T05:25:24
13:25:24.499 D [/f:60                           ] SendRequest: GetLayout statusCode: 200
13:25:24.567 D [/f:60                           ] SendRequest: GetData statusCode: 200
13:25:24.572 D [/f:252                          ] Data and Layout were updated
13:25:24.572 D [/f:277                          ] Start loading Notification language: en-US
13:25:24.633 D [/f:60                           ] SendRequest: GetNotification statusCode: 200
13:25:24.633 D [/f:284                          ] Notification was updated
15:44:14.254 D [/f:245                          ] Start loading data for region: US language: en-US and time: 2023-03-11T07:44:14
15:44:14.460 D [/f:60                           ] SendRequest: GetLayout statusCode: 200
15:44:14.538 D [/f:60                           ] SendRequest: GetData statusCode: 200
15:44:14.542 D [/f:252                          ] Data and Layout were updated
15:44:14.543 D [/f:277                          ] Start loading Notification language: en-US
15:44:14.603 D [/f:60                           ] SendRequest: GetNotification statusCode: 200
15:44:14.603 D [/f:284                          ] Notification was updated
18:05:30.967 D [/f:245                          ] Start loading data for region: US language: en-US and time: 2023-03-11T10:05:30
18:05:31.280 D [/f:60                           ] SendRequest: GetLayout statusCode: 200
18:05:31.348 D [/f:60                           ] SendRequest: GetData statusCode: 200
18:05:31.352 D [/f:252                          ] Data and Layout were updated
18:05:31.353 D [/f:277                          ] Start loading Notification language: en-US
18:05:31.416 D [/f:60                           ] SendRequest: GetNotification statusCode: 200
18:05:31.416 D [/f:284                          ] Notification was updated
20:14:04.258 D [/f:245                          ] Start loading data for region: US language: en-US and time: 2023-03-11T12:14:04
20:14:04.707 D [/f:60                           ] SendRequest: GetLayout statusCode: 200
20:14:04.777 D [/f:60                           ] SendRequest: GetData statusCode: 200
20:14:04.781 D [/f:252                          ] Data and Layout were updated
20:14:04.782 D [/f:277                          ] Start loading Notification language: en-US
20:14:04.844 D [/f:60                           ] SendRequest: GetNotification statusCode: 200
20:14:04.844 D [/f:284                          ] Notification was updated
22:25:24.258 D [/f:245                          ] Start loading data for region: US language: en-US and time: 2023-03-11T14:25:24
22:25:24.406 D [/f:60                           ] SendRequest: GetLayout statusCode: 200
22:25:24.474 D [/f:60                           ] SendRequest: GetData statusCode: 200
22:25:24.478 D [/f:252                          ] Data and Layout were updated
22:25:24.478 D [/f:277                          ] Start loading Notification language: en-US
22:25:24.541 D [/f:60                           ] SendRequest: GetNotification statusCode: 200
22:25:24.541 D [/f:284                          ] Notification was updated
00:40:14.289 D [/f:245                          ] Start loading data for region: US language: en-US and time: 2023-03-11T16:40:14
00:40:14.580 D [/f:60                           ] SendRequest: GetLayout statusCode: 200
00:40:14.648 D [/f:60                           ] SendRequest: GetData statusCode: 200
00:40:14.653 D [/f:252                          ] Data and Layout were updated
00:40:14.653 D [/f:277                          ] Start loading Notification language: en-US
00:40:14.715 D [/f:60                           ] SendRequest: GetNotification statusCode: 200
00:40:14.715 D [/f:284                          ] Notification was updated
02:59:28.288 D [/f:245                          ] Start loading data for region: US language: en-US and time: 2023-03-11T18:59:28
02:59:28.544 D [/f:60                           ] SendRequest: GetLayout statusCode: 200
02:59:28.613 D [/f:60                           ] SendRequest: GetData statusCode: 200
02:59:28.617 D [/f:252                          ] Data and Layout were updated
02:59:28.617 D [/f:277                          ] Start loading Notification language: en-US
02:59:28.683 D [/f:60                           ] SendRequest: GetNotification statusCode: 200
02:59:28.683 D [/f:284                          ] Notification was updated
05:18:28.368 D [/f:245                          ] Start loading data for region: US language: en-US and time: 2023-03-11T21:18:28
05:18:28.786 D [/f:60                           ] SendRequest: GetLayout statusCode: 200
05:18:28.852 D [/f:60                           ] SendRequest: GetData statusCode: 200
05:18:28.857 D [/f:252                          ] Data and Layout were updated
05:18:28.857 D [/f:277                          ] Start loading Notification language: en-US
05:18:28.920 D [/f:60                           ] SendRequest: GetNotification statusCode: 200
05:18:28.920 D [/f:284                          ] Notification was updated
07:25:24.260 D [/f:245                          ] Start loading data for region: US language: en-US and time: 2023-03-11T23:25:24
07:25:24.444 D [/f:60                           ] SendRequest: GetLayout statusCode: 200
07:25:24.517 D [/f:60                           ] SendRequest: GetData statusCode: 200
07:25:24.521 D [/f:252                          ] Data and Layout were updated
07:25:24.521 D [/f:277                          ] Start loading Notification language: en-US
07:25:24.581 D [/f:60                           ] SendRequest: GetNotification statusCode: 200
07:25:24.581 D [/f:284                          ] Notification was updated
09:44:14.251 D [/f:245                          ] Start loading data for region: US language: en-US and time: 2023-03-12T01:44:14
09:44:14.501 D [/f:60                           ] SendRequest: GetLayout statusCode: 200
09:44:14.568 D [/f:60                           ] SendRequest: GetData statusCode: 200
09:44:14.573 D [/f:252                          ] Data and Layout were updated
09:44:14.573 D [/f:277                          ] Start loading Notification language: en-US
09:44:14.631 D [/f:60                           ] SendRequest: GetNotification statusCode: 200
09:44:14.631 D [/f:284                          ] Notification was updated
12:05:28.586 D [/f:245                          ] Start loading data for region: US language: en-US and time: 2023-03-12T05:05:28
12:05:28.776 D [/f:60                           ] SendRequest: GetLayout statusCode: 200
12:05:28.842 D [/f:60                           ] SendRequest: GetData statusCode: 200
12:05:28.847 D [/f:252                          ] Data and Layout were updated
12:05:28.847 D [/f:277                          ] Start loading Notification language: en-US
12:05:28.903 D [/f:60                           ] SendRequest: GetNotification statusCode: 200
12:05:28.903 D [/f:284                          ] Notification was updated
14:20:28.637 D [/f:245                          ] Start loading data for region: US language: en-US and time: 2023-03-12T07:20:28
14:20:29.034 D [/f:60                           ] SendRequest: GetLayout statusCode: 200
14:20:29.098 D [/f:60                           ] SendRequest: GetData statusCode: 200
14:20:29.103 D [/f:252                          ] Data and Layout were updated
14:20:29.103 D [/f:277                          ] Start loading Notification language: en-US
14:20:29.163 D [/f:60                           ] SendRequest: GetNotification statusCode: 200
14:20:29.163 D [/f:284                          ] Notification was updated
16:25:24.260 D [/f:245                          ] Start loading data for region: US language: en-US and time: 2023-03-12T09:25:24
16:25:24.618 D [/f:60                           ] SendRequest: GetLayout statusCode: 200
16:25:24.683 D [/f:60                           ] SendRequest: GetData statusCode: 200
16:25:24.688 D [/f:252                          ] Data and Layout were updated
16:25:24.688 D [/f:277                          ] Start loading Notification language: en-US
16:25:24.750 D [/f:60                           ] SendRequest: GetNotification statusCode: 200
16:25:24.751 D [/f:284                          ] Notification was updated
18:44:13.542 D [/f:245                          ] Start loading data for region: US language: en-US and time: 2023-03-12T11:44:13
18:44:14.004 D [/f:60                           ] SendRequest: GetLayout statusCode: 200
18:44:14.067 D [/f:60                           ] SendRequest: GetData statusCode: 200
18:44:14.072 D [/f:252                          ] Data and Layout were updated
18:44:14.072 D [/f:277                          ] Start loading Notification language: en-US
18:44:14.130 D [/f:60                           ] SendRequest: GetNotification statusCode: 200
18:44:14.130 D [/f:284                          ] Notification was updated
21:05:28.829 D [/f:245                          ] Start loading data for region: US language: en-US and time: 2023-03-12T14:05:28
21:05:29.170 D [/f:60                           ] SendRequest: GetLayout statusCode: 200
21:05:29.236 D [/f:60                           ] SendRequest: GetData statusCode: 200
21:05:29.241 D [/f:252                          ] Data and Layout were updated
21:05:29.242 D [/f:277                          ] Start loading Notification language: en-US
21:05:29.302 D [/f:60                           ] SendRequest: GetNotification statusCode: 200
21:05:29.302 D [/f:284                          ] Notification was updated
23:20:28.877 D [/f:245                          ] Start loading data for region: US language: en-US and time: 2023-03-12T16:20:28
23:20:29.152 D [/f:60                           ] SendRequest: GetLayout statusCode: 200
23:20:29.222 D [/f:60                           ] SendRequest: GetData statusCode: 200
23:20:29.227 D [/f:252                          ] Data and Layout were updated
23:20:29.227 D [/f:277                          ] Start loading Notification language: en-US
23:20:29.294 D [/f:60                           ] SendRequest: GetNotification statusCode: 200
23:20:29.294 D [/f:284                          ] Notification was updated
01:25:23.535 D [/f:245                          ] Start loading data for region: US language: en-US and time: 2023-03-12T18:25:23
01:25:23.949 D [/f:60                           ] SendRequest: GetLayout statusCode: 200
01:25:24.081 D [/f:60                           ] SendRequest: GetData statusCode: 200
01:25:24.086 D [/f:252                          ] Data and Layout were updated
01:25:24.086 D [/f:277                          ] Start loading Notification language: en-US
01:25:24.145 D [/f:60                           ] SendRequest: GetNotification statusCode: 200
01:25:24.145 D [/f:284                          ] Notification was updated
03:44:13.530 D [/f:245                          ] Start loading data for region: US language: en-US and time: 2023-03-12T20:44:13
03:44:13.673 D [/f:60                           ] SendRequest: GetLayout statusCode: 200
03:44:13.752 D [/f:60                           ] SendRequest: GetData statusCode: 200
03:44:13.755 D [/f:252                          ] Data and Layout were updated
03:44:13.755 D [/f:277                          ] Start loading Notification language: en-US
03:44:13.823 D [/f:60                           ] SendRequest: GetNotification statusCode: 200
03:44:13.823 D [/f:284                          ] Notification was updated
05:54:30.849 D [/f:245                          ] Start loading data for region: US language: en-US and time: 2023-03-12T22:54:30
05:54:31.038 D [/f:60                           ] SendRequest: GetLayout statusCode: 200
05:54:31.094 D [/f:60                           ] SendRequest: GetData statusCode: 200
05:54:31.097 D [/f:252                          ] Data and Layout were updated
05:54:31.097 D [/f:277                          ] Start loading Notification language: en-US
05:54:31.152 D [/f:60                           ] SendRequest: GetNotification statusCode: 200
05:54:31.152 D [/f:284                          ] Notification was updated
08:09:41.114 D [/f:245                          ] Start loading data for region: US language: en-US and time: 2023-03-13T01:09:41
08:09:41.391 D [/f:60                           ] SendRequest: GetLayout statusCode: 200
08:09:41.457 D [/f:60                           ] SendRequest: GetData statusCode: 200
08:09:41.460 D [/f:252                          ] Data and Layout were updated
08:09:41.460 D [/f:277                          ] Start loading Notification language: en-US
08:09:41.523 D [/f:60                           ] SendRequest: GetNotification statusCode: 200
08:09:41.524 D [/f:284                          ] Notification was updated
10:25:23.535 D [/f:245                          ] Start loading data for region: US language: en-US and time: 2023-03-13T03:25:23
10:25:23.721 D [/f:60                           ] SendRequest: GetLayout statusCode: 200
10:25:23.786 D [/f:60                           ] SendRequest: GetData statusCode: 200
10:25:23.791 D [/f:252                          ] Data and Layout were updated
10:25:23.791 D [/f:277                          ] Start loading Notification language: en-US
10:25:23.854 D [/f:60                           ] SendRequest: GetNotification statusCode: 200
10:25:23.854 D [/f:284                          ] Notification was updated
12:44:13.541 D [/f:245                          ] Start loading data for region: US language: en-US and time: 2023-03-13T05:44:13
12:44:13.751 D [/f:60                           ] SendRequest: GetLayout statusCode: 200
12:44:13.816 D [/f:60                           ] SendRequest: GetData statusCode: 200
12:44:13.820 D [/f:252                          ] Data and Layout were updated
12:44:13.820 D [/f:277                          ] Start loading Notification language: en-US
12:44:13.873 D [/f:60                           ] SendRequest: GetNotification statusCode: 200
12:44:13.873 D [/f:284                          ] Notification was updated
15:05:27.032 D [/f:245                          ] Start loading data for region: US language: en-US and time: 2023-03-13T08:05:27
15:05:27.214 D [/f:60                           ] SendRequest: GetLayout statusCode: 200
15:05:27.284 D [/f:60                           ] SendRequest: GetData statusCode: 200
15:05:27.289 D [/f:252                          ] Data and Layout were updated
15:05:27.289 D [/f:277                          ] Start loading Notification language: en-US
15:05:27.358 D [/f:60                           ] SendRequest: GetNotification statusCode: 200
15:05:27.358 D [/f:284                          ] Notification was updated
17:20:27.115 D [/f:245                          ] Start loading data for region: US language: en-US and time: 2023-03-13T10:20:27
17:20:27.330 D [/f:60                           ] SendRequest: GetLayout statusCode: 200
17:20:27.399 D [/f:60                           ] SendRequest: GetData statusCode: 200
17:20:27.403 D [/f:252                          ] Data and Layout were updated
17:20:27.403 D [/f:277                          ] Start loading Notification language: en-US
17:20:27.469 D [/f:60                           ] SendRequest: GetNotification statusCode: 200
17:20:27.469 D [/f:284                          ] Notification was updated
19:25:23.542 D [/f:245                          ] Start loading data for region: US language: en-US and time: 2023-03-13T12:25:23
19:25:23.694 D [/f:60                           ] SendRequest: GetLayout statusCode: 200
19:25:23.759 D [/f:60                           ] SendRequest: GetData statusCode: 200
19:25:23.764 D [/f:252                          ] Data and Layout were updated
19:25:23.764 D [/f:277                          ] Start loading Notification language: en-US
19:25:23.827 D [/f:60                           ] SendRequest: GetNotification statusCode: 200
19:25:23.827 D [/f:284                          ] Notification was updated
21:42:05.782 D [/f:245                          ] Start loading data for region: US language: en-US and time: 2023-03-13T14:42:05
21:42:06.040 D [/f:60                           ] SendRequest: GetLayout statusCode: 200
21:42:06.109 D [/f:60                           ] SendRequest: GetData statusCode: 200
21:42:06.114 D [/f:252                          ] Data and Layout were updated
21:42:06.114 D [/f:277                          ] Start loading Notification language: en-US
21:42:06.237 D [/f:60                           ] SendRequest: GetNotification statusCode: 200
21:42:06.237 D [/f:284                          ] Notification was updated
00:01:27.303 D [/f:245                          ] Start loading data for region: US language: en-US and time: 2023-03-13T17:01:27
00:01:27.509 D [/f:60                           ] SendRequest: GetLayout statusCode: 200
00:01:27.816 D [/f:60                           ] SendRequest: GetData statusCode: 200
00:01:27.821 D [/f:252                          ] Data and Layout were updated
00:01:27.821 D [/f:277                          ] Start loading Notification language: en-US
00:01:27.913 D [/f:60                           ] SendRequest: GetNotification statusCode: 200
00:01:27.913 D [/f:284                          ] Notification was updated
02:20:25.055 D [/f:245                          ] Start loading data for region: US language: en-US and time: 2023-03-13T19:20:25
02:20:25.206 D [/f:60                           ] SendRequest: GetLayout statusCode: 200
02:20:25.276 D [/f:60                           ] SendRequest: GetData statusCode: 200
02:20:25.281 D [/f:252                          ] Data and Layout were updated
02:20:25.281 D [/f:277                          ] Start loading Notification language: en-US
02:20:25.340 D [/f:60                           ] SendRequest: GetNotification statusCode: 200
02:20:25.340 D [/f:284                          ] Notification was updated
04:25:24.065 D [/f:245                          ] Start loading data for region: US language: en-US and time: 2023-03-13T21:25:24
04:25:24.535 D [/f:60                           ] SendRequest: GetLayout statusCode: 200
04:25:24.637 D [/f:60                           ] SendRequest: GetData statusCode: 200
04:25:24.642 D [/f:252                          ] Data and Layout were updated
04:25:24.642 D [/f:277                          ] Start loading Notification language: en-US
04:25:24.705 D [/f:60                           ] SendRequest: GetNotification statusCode: 200
04:25:24.705 D [/f:284                          ] Notification was updated
