
Files:

File: ./logs/Windows10Pro/SysWOW64/Macromed/Flash/FlashInstall32.log
  About:
      filetype      : TEXT UTF8/ASCII (text log)
      logmessagetype: text log lines
  Printed:
      bytes         : 174135
      flushes       : 160
      lines         : 1233
      syslines      : 101
      datetime first: 2019-01-29 02:07:21 +08:00 (2019-01-28 18:07:21.228000 +00:00)
      datetime last : 2021-05-01 21:39:34 +08:00 (2021-05-01 13:39:34.643000 +00:00)
  Processed:
      file size     : 118786 (0x1D002) (bytes)
      bytes         : 118786 (0x1D002)
      bytes total   : 118786 (0x1D002)
      block size    : 256 (0x100)
      blocks        : 465
      blocks total  : 465 (119040 bytes)
      lines         : 1233
      line parts    : 1688
      syslines      : 101
      syslines high : 7
      datetime first: 2019-01-29 02:07:21 +08:00 (2019-01-28 18:07:21.228000 +00:00)
      datetime last : 2021-05-01 21:39:34 +08:00 (2021-05-01 13:39:34.643000 +00:00)
      out of order  : 20
  Parsers:
  Processing Stores:
      storage: LineReader::find_line() lines                       : hit    0, miss 2467,  0.0%
      caching: LineReader::find_line() LRU cache                   : hit  104, miss 1234,  7.8%, put 1233
      copying: SyslineReader::get_boxptrs()                        : sgl 1302, dbl   448, mult    1
      storage: SyslineReader::find_sysline() syslines              : hit    0, miss  102,  0.0%
      caching: SyslineReader::find_sysline() syslines_by_range_map : hit    0, miss    2,  0.0%, put    1
      caching: SyslineReader::find_sysline() LRU cache             : hit    0, miss  102,  0.0%, put  101
      caching: SyslineReader::parse_datetime_in_line() LRU cache   : hit  101, miss 1235,  7.6%, put    0
      optimize:SyslineReader::ezcheck12                            : hit    0, miss    0,  0.0%, largest skipped 0
      optimize:SyslineReader::ezcheckd2                            : hit    0, miss    0,  0.0%, largest skipped 0
      optimize:SyslineReader::ezcheck12d2                          : hit    0, miss    0,  0.0%, largest skipped 0
      process: regex captures                                      : hit  101, miss 1650
  Processing Drops:

Program Summary:

Paths considered       : 1
Paths not processed    : 0
Files processed        : 1
Files printed          : 1
Printed bytes          : 174539
Printed flushes        : 261
Printed lines          : 1233
Printed syslines       : 101
Printed ASL events     : 0
Printed ETL events     : 0
Printed EVTX events    : 0
Printed fixedstruct    : 0
Printed journal events : 0
Printed ODL events     : 0
Managed files max      : 200
Managed files high     : 1
Managed request open   : 1
Managed request read   : 0
Managed read calls     : 465
Managed write calls    : 0
Managed seek calls     : 465
Managed metadata calls : 1
Managed physical opens : 1
Managed open errors    : 0
Managed physical reopen: 0
Managed evict succeed  : 0
Managed evict fails    : 0
Regex patterns known   : 188
Regex patterns compiled: 188
Datetime filter -a     : 1999-03-03 00:00:00 +00:00 (1999-03-03 00:00:00.000000 +00:00)
Datetime printed first : 2019-01-29 02:07:21 +08:00 (2019-01-28 18:07:21.228000 +00:00)
Datetime printed last  : 2021-05-01 21:39:34 +08:00 (2021-05-01 13:39:34.643000 +00:00)
Datetime filter -b     : 2026-01-02 00:00:00 +00:00 (2026-01-02 00:00:00.000000 +00:00)
Channel Receive ok     : 103
Channel Receive err    : 0
Threads Spawned        : 1
Thread Spawn errors    : 0
Temporary files created: 0
Platform               : x86_64-unknown-linux-gnu
Allocator              : system
