
Files:

File: ./logs/OpenSUSE15/zypp/history
  About:
      FileType      : TEXT UTF8/ASCII (text log)
      LogMessageType: text log lines
      Thread stack  : 102400 (bytes)
  Printed:
      bytes         : 7144
      flushes       : 19
      Lines         : 39
      Syslines      : 19
      Datetime first: 2017-09-15 13:48:27 +08:00 (2017-09-15 05:48:27.000000 +00:00)
      Datetime last : 2017-09-15 13:51:18 +08:00 (2017-09-15 05:51:18.000000 +00:00)
  Processed:
      file size     : 4765 (0x129D) (bytes)
      bytes         : 4765 (0x129D)
      bytes total   : 4765 (0x129D)
      Block size    : 256 (0x100)
      Blocks        : 19
      Blocks total  : 19 (4864 bytes)
      Blocks high   : 11 (2816 bytes)
      Lines         : 39
      Line longest  : 871 (bytes)
      Lines high    : 29
      Line parts    : 58
      Syslines      : 19
      Sysline longest: 871 (bytes)
      Syslines high : 7
      Datetime first: 2017-09-15 13:48:27 +08:00 (2017-09-15 05:48:27.000000 +00:00)
      Datetime last : 2017-09-15 13:51:18 +08:00 (2017-09-15 05:51:18.000000 +00:00)
      out of order  : 14
  Parsers:
  Processing stores:
      storage: LineReader::find_line() lines                       : hit   0, miss  79,  0.0%
      caching: LineReader::find_line() LRU cache                   : hit  20, miss  40, 33.3%, put  39
      copying: SyslineReader::get_boxptrs()                        : sgl 109, dbl    3, mult   0
      storage: SyslineReader::find_sysline() syslines              : hit   0, miss  20,  0.0%
      caching: SyslineReader::find_sysline() syslines_by_range_map : hit   0, miss   2,  0.0%, put   1
      caching: SyslineReader::find_sysline() LRU cache             : hit   0, miss  20,  0.0%, put  19
      caching: SyslineReader::parse_datetime_in_line() LRU cache   : hit  19, miss  39, 32.8%, put   0
      optimize:SyslineReader::ezcheck12                            : hit   0, miss   0,  0.0%, largest skipped 0
      optimize:SyslineReader::ezcheckd2                            : hit   0, miss   4,  0.0%, largest skipped 0
      optimize:SyslineReader::ezcheck12d2                          : hit   8, miss 100,  7.4%, largest skipped 49
      process: regex captures                                      : hit  19, miss  85
  Processing Drops:

Program summary:

Paths considered       : 1
Paths not processed    : 0
Files processed        : 1
Files printed          : 1
Printed bytes          : 7220
Printed flushes        : 38
Printed Lines          : 39
Printed Syslines       : 19
Printed ASL events     : 0
Printed ETL events     : 0
Printed EVTX events    : 0
Printed FixedStruct    : 0
Printed Journal events : 0
Printed ODL events     : 0
Line longest                   : 871
Sysline longest                : 871
EVTX event largest processed   : 0
EVTX event largest accepted    : 0
Journal event largest processed: 0
Journal event largest accepted : 0
Managed files max deflt: 980
Managed files max adjus: 200
Managed handles high   : 1
Managed request open   : 1
Managed request read   : 0
Managed read calls     : 19
Managed write calls    : 0
Managed seek calls     : 19
Managed metadata calls : 1
Managed open errors    : 0
Managed evict fails    : 0
Unmanaged handles high : 0
Regex patterns known   : 188
Regex patterns compiled: 188
Datetime filter -a     : 1999-03-03 00:00:00 +00:00 (1999-03-03 00:00:00.000000 +00:00)
Datetime printed first : 2017-09-15 13:48:27 +08:00 (2017-09-15 05:48:27.000000 +00:00)
Datetime printed last  : 2017-09-15 13:51:18 +08:00 (2017-09-15 05:51:18.000000 +00:00)
Datetime filter -b     : 2026-01-02 00:00:00 +00:00 (2026-01-02 00:00:00.000000 +00:00)
Channel receive ok     : 21
Channel receive err    : 0
Threads spawned        : 1
Thread spawn errors    : 0
Temporary files created: 0
Platform               : x86_64-unknown-linux-gnu
Allocator              : system
