
Files:

File: ./logs/synology-DS6/cloudsync/daemon.log
  About:
      filetype       : TEXT UTF8/ASCII
      logmessagetype : syslog lines
  Printed:
      bytes         : 1310
      flushes       : 7
      lines         : 7
      syslines      : 7
  Processed:
      file size     : 813 (0x32D) (bytes)
      bytes         : 813 (0x32D)
      bytes total   : 813 (0x32D)
      block size    : 256 (0x100)
      blocks        : 4
      blocks total  : 4 (1024 bytes)
      lines         : 7
      syslines      : 7
      syslines high : 7
  Parsers:
                   datetime format missing year; estimated year of last sysline 2018
  Processing Stores:
      storage: LineReader::find_line() lines                       : hit  6, miss 16, 27.3%
      caching: LineReader::find_line() LRU cache                   : hit  1, miss 16,  5.9%, put 14
      copying: SyslineReader::get_boxptrs()                        : sgl 41, dbl   0, mult  0
      storage: SyslineReader::find_sysline() syslines              : hit  0, miss  8,  0.0%
      caching: SyslineReader::find_sysline() syslines_by_range_map : hit  7, miss  8, 46.7%, put  7
      caching: SyslineReader::find_sysline() LRU cache             : hit  0, miss 15,  0.0%, put 14
      caching: SyslineReader::parse_datetime_in_line() LRU cache   : hit  6, miss  8, 42.9%, put  0
      optimize:SyslineReader::ezcheck12                            : hit  0, miss  0,  0.0%, largest skipped 0
      optimize:SyslineReader::ezcheckd2                            : hit  0, miss 11,  0.0%, largest skipped 0
      optimize:SyslineReader::ezcheck12d2                          : hit  0, miss 30,  0.0%, largest skipped 0
      process: regex captures attempted                            : 41
  Processing Drops:

Program Summary:

Paths considered       : 1
Paths not processed    : 0
Files processed        : 1
Files printed          : 1
Printed bytes          : 1338
Printed flushes        : 14
Printed lines          : 7
Printed syslines       : 7
Printed evtx events    : 0
Printed fixedstruct    : 0
Printed journal events : 0
Regex patterns known   : 175
Regex patterns compiled: 34
Datetime filter -a     : 1999-03-03 00:00:00 +00:00 (1999-03-03 00:00:00 +00:00)
Datetime filter -b     : 2023-04-10 22:10:32 +00:00 (2023-04-10 22:10:32 +00:00)
Channel Receive ok     : 9
Channel Receive err    : 0
Threads Spawned        : 1
Thread Spawn errors    : 0
Temporary files created: 0
Platform               : x86_64-unknown-linux-gnu
Allocator              : system
