
Files:

File: ./logs/Ubuntu18/gpu-manager.log
  About:
      filetype       : TEXT
      logmessagetype : syslog lines
      MIME guess     : MimeGuess(["text/plain"])
  Printed:
      bytes         : 0
      lines         : 0
      syslines      : 0
  Processed:
      file size     : 672 (0x2A0) (bytes)
      bytes         : 256 (0x100)
      bytes total   : 672 (0x2A0)
      block size    : 256 (0x100)
      blocks        : 1
      blocks total  : 3
      lines         : 4
      syslines      : 0
      syslines high : 0
  Processing Stores:
      storage: LineReader::find_line() lines                       : hit   0, miss   9,  0.0%
      caching: LineReader::find_line() LRU cache                   : hit   1, miss   5, 16.7%, put   4
      copying: SyslineReader::get_boxptrs()                        : sgl 616, dbl    0, mult   0
      storage: SyslineReader::find_sysline() syslines              : hit   0, miss   1,  0.0%
      caching: SyslineReader::find_sysline() syslines_by_range_map : hit   0, miss   1,  0.0%, put   0
      caching: SyslineReader::find_sysline() LRU cache             : hit   0, miss   1,  0.0%, put   0
      caching: SyslineReader::parse_datetime_in_line() LRU cache   : hit   0, miss   5,  0.0%, put   0
      optimize:SyslineReader::ezcheck12                            : hit   0, miss   0,  0.0%, largest skipped 0
      optimize:SyslineReader::ezcheckd2                            : hit  32, miss   0, 100.0%, largest skipped 60
      optimize:SyslineReader::ezcheck12d2                          : hit 584, miss   0, 100.0%, largest skipped 60
      process: regex captures attempted                            : 0
  Processing Drops:


Program Summary:

Paths considered      : 1
Paths not processed   : 0
Files processed       : 1
Files printed         : 0
Printed bytes         : 0
Printed lines         : 0
Printed syslines      : 0
Printed evtx events   : 0
Printed fixedstruct   : 0
Printed journal events: 0
Regex patterns        : 154
Regex compiled        : 0
Datetime filter -a    : 1999-03-03T00:00:00+00:00 (1999-03-03 00:00:00 +00:00)
Datetime filter -b    : 2023-04-10T22:10:32+00:00 (2023-04-10 22:10:32 +00:00)
Channel Receive ok    : 2
Channel Receive err   : 0
