
Files:

File: ./logs/Ubuntu18/kern.log.1
  About:
      filetype       : TEXT UTF8/ASCII (text log)
      logmessagetype : text log lines
  Printed:
      bytes         : 2754
      flushes       : 19
      lines         : 19
      syslines      : 19
      datetime first: 2019-03-09 08:10:29 +08:00 (2019-03-09 00:10:29.000000 +00:00)
      datetime last : 2019-03-09 17:47:07 +08:00 (2019-03-09 09:47:07.000000 +00:00)
  Processed:
      file size     : 1671 (0x687) (bytes)
      bytes         : 1671 (0x687)
      bytes total   : 1671 (0x687)
      block size    : 256 (0x100)
      blocks        : 7
      blocks total  : 7 (1792 bytes)
      lines         : 19
      syslines      : 20
      syslines high : 19
      datetime first     : 2019-03-09 08:10:29 +08:00 (2019-03-09 00:10:29.000000 +00:00)
      datetime last      : 2019-03-09 17:47:07 +08:00 (2019-03-09 09:47:07.000000 +00:00)
  Parsers:
                   datetime format missing year; estimated year of last sysline 2019
  Processing Stores:
      storage: LineReader::find_line() lines                       : hit 18, miss 39, 31.6%
      caching: LineReader::find_line() LRU cache                   : hit  1, miss 40,  2.4%, put 39
      copying: SyslineReader::get_boxptrs()                        : sgl 54, dbl   0, mult  0
      storage: SyslineReader::find_sysline() syslines              : hit  0, miss 20,  0.0%
      caching: SyslineReader::find_sysline() syslines_by_range_map : hit 19, miss 20, 48.7%, put 20
      caching: SyslineReader::find_sysline() LRU cache             : hit  0, miss 39,  0.0%, put 39
      caching: SyslineReader::parse_datetime_in_line() LRU cache   : hit 18, miss 21, 46.2%, put  0
      optimize:SyslineReader::ezcheck12                            : hit  0, miss  0,  0.0%, largest skipped 0
      optimize:SyslineReader::ezcheckd2                            : hit  0, miss 24,  0.0%, largest skipped 0
      optimize:SyslineReader::ezcheck12d2                          : hit  0, miss 30,  0.0%, largest skipped 0
      process: regex captures attempted                            : 54
  Processing Drops:

Program Summary:

Paths considered       : 1
Paths not processed    : 0
Files processed        : 1
Files printed          : 1
Printed bytes          : 2830
Printed flushes        : 38
Printed lines          : 19
Printed syslines       : 19
Printed ETL events     : 0
Printed EVTX events    : 0
Printed fixedstruct    : 0
Printed journal events : 0
Printed ODL events     : 0
Regex patterns known   : 175
Regex patterns compiled: 34
Datetime filter -a     : 1999-03-03 00:00:00 +00:00 (1999-03-03 00:00:00.000000 +00:00)
Datetime printed first : 2019-03-09 08:10:29 +08:00 (2019-03-09 00:10:29.000000 +00:00)
Datetime printed last  : 2019-03-09 17:47:07 +08:00 (2019-03-09 09:47:07.000000 +00:00)
Datetime filter -b     : 2023-04-10 22:10:32 +00:00 (2023-04-10 22:10:32.000000 +00:00)
Channel Receive ok     : 21
Channel Receive err    : 0
Threads Spawned        : 1
Thread Spawn errors    : 0
Temporary files created: 0
Platform               : x86_64-unknown-linux-gnu
Allocator              : system
