
Files:

File: ./logs/Ubuntu18/nvidia-installer.log
  About:
      FileType      : TEXT UTF8/ASCII (text log)
      LogMessageType: text log lines
      Thread stack  : 102400 (bytes)
  Printed:
      bytes         : 2022
      flushes       : 1
      Lines         : 18
      Syslines      : 1
      Datetime first: 2019-05-31 13:49:08 +08:00 (2019-05-31 05:49:08.000000 +00:00)
      Datetime last : 2019-05-31 13:49:08 +08:00 (2019-05-31 05:49:08.000000 +00:00)
  Processed:
      file size     : 874 (0x36A) (bytes)
      bytes         : 874 (0x36A)
      bytes total   : 874 (0x36A)
      Block size    : 256 (0x100)
      Blocks        : 4
      Blocks total  : 4 (1024 bytes)
      Blocks high   : 4 (1024 bytes)
      Lines         : 19
      Line longest  : 233 (bytes)
      Lines high    : 19
      Line parts    : 23
      Syslines      : 1
      Sysline longest: 816 (bytes)
      Syslines high : 1
      Datetime first: 2019-05-31 13:49:08 +08:00 (2019-05-31 05:49:08.000000 +00:00)
      Datetime last : 2019-05-31 13:49:08 +08:00 (2019-05-31 05:49:08.000000 +00:00)
      out of order  : 0
  Parsers:
  Processing stores:
      storage: LineReader::find_line() lines                       : hit   4, miss  35, 10.3%
      caching: LineReader::find_line() LRU cache                   : hit   9, miss  20, 31.0%, put  19
      copying: SyslineReader::get_boxptrs()                        : sgl 917, dbl    3, mult   0
      storage: SyslineReader::find_sysline() syslines              : hit   0, miss   2,  0.0%
      caching: SyslineReader::find_sysline() syslines_by_range_map : hit   0, miss   2,  0.0%, put   1
      caching: SyslineReader::find_sysline() LRU cache             : hit   0, miss   2,  0.0%, put   1
      caching: SyslineReader::parse_datetime_in_line() LRU cache   : hit   1, miss  26,  3.7%, put   0
      optimize:SyslineReader::ezcheck12                            : hit   0, miss   0,  0.0%, largest skipped 0
      optimize:SyslineReader::ezcheckd2                            : hit  65, miss  27, 70.7%, largest skipped 76
      optimize:SyslineReader::ezcheck12d2                          : hit 519, miss 309, 62.7%, largest skipped 232
      process: regex captures                                      : hit   1, miss 335
  Processing Drops:

Program summary:

Paths considered       : 1
Paths not processed    : 0
Files processed        : 1
Files printed          : 1
Printed bytes          : 2026
Printed flushes        : 2
Printed Lines          : 18
Printed Syslines       : 1
Printed ASL events     : 0
Printed ETL events     : 0
Printed EVTX events    : 0
Printed FixedStruct    : 0
Printed Journal events : 0
Printed ODL events     : 0
Line longest                   : 233
Sysline longest                : 816
EVTX event largest processed   : 0
EVTX event largest accepted    : 0
Journal event largest processed: 0
Journal event largest accepted : 0
Managed files max deflt: 980
Managed files max adjus: 200
Managed handles high   : 1
Managed request open   : 1
Managed request read   : 0
Managed read calls     : 4
Managed write calls    : 0
Managed seek calls     : 4
Managed metadata calls : 1
Managed open errors    : 0
Managed evict fails    : 0
Unmanaged handles high : 0
Regex patterns known   : 188
Regex patterns compiled: 188
Datetime filter -a     : 1999-03-03 00:00:00 +00:00 (1999-03-03 00:00:00.000000 +00:00)
Datetime printed first : 2019-05-31 13:49:08 +08:00 (2019-05-31 05:49:08.000000 +00:00)
Datetime printed last  : 2019-05-31 13:49:08 +08:00 (2019-05-31 05:49:08.000000 +00:00)
Datetime filter -b     : 2026-01-02 00:00:00 +00:00 (2026-01-02 00:00:00.000000 +00:00)
Channel receive ok     : 3
Channel receive err    : 0
Threads spawned        : 1
Thread spawn errors    : 0
Temporary files created: 0
Platform               : x86_64-unknown-linux-gnu
Allocator              : system
