
Files:

File: ./logs/Ubuntu18/prime-offload.log
  About:
      real path      : /home/ulug/Projects-Here/super-speedy-syslog-searcher/logs/Ubuntu18/prime-offload.log
      modified time  : 2020-02-27 05:43:41 +08:00 (2020-02-26 21:43:41 +00:00)
      filetype       : TEXT UTF8/ASCII
      logmessagetype : syslog lines
  Printed:
      bytes         : 0
      lines         : 0
      syslines      : 0
  Processed:
      file size     : 55 (0x37) (bytes)
      bytes         : 55 (0x37)
      bytes total   : 55 (0x37)
      block size    : 256 (0x100)
      blocks        : 1
      blocks total  : 1 (256 bytes)
      lines         : 1
      syslines      : 0
      syslines high : 0
  Processing Stores:
      storage: LineReader::find_line() lines                       : hit   0, miss   1,  0.0%
      caching: LineReader::find_line() LRU cache                   : hit   1, miss   2, 33.3%, put   1
      copying: SyslineReader::get_boxptrs()                        : sgl 154, dbl    0, mult   0
      storage: SyslineReader::find_sysline() syslines              : hit   0, miss   1,  0.0%
      caching: SyslineReader::find_sysline() syslines_by_range_map : hit   0, miss   1,  0.0%, put   0
      caching: SyslineReader::find_sysline() LRU cache             : hit   0, miss   1,  0.0%, put   0
      caching: SyslineReader::parse_datetime_in_line() LRU cache   : hit   0, miss   1,  0.0%, put   0
      optimize:SyslineReader::ezcheck12                            : hit   0, miss   0,  0.0%, largest skipped 0
      optimize:SyslineReader::ezcheckd2                            : hit   8, miss   0, 100.0%, largest skipped 54
      optimize:SyslineReader::ezcheck12d2                          : hit 146, miss   0, 100.0%, largest skipped 54
      process: regex captures attempted                            : 0
  Processing Drops:


Program Summary:

Paths considered       : 1
Paths not processed    : 0
Files processed        : 1
Files printed          : 0
Printed bytes          : 0
Printed lines          : 0
Printed syslines       : 0
Printed evtx events    : 0
Printed fixedstruct    : 0
Printed journal events : 0
Regex patterns known   : 154
Regex patterns compiled: 0
Datetime filter -a     : 1999-03-03 00:00:00 +00:00 (1999-03-03 00:00:00 +00:00)
Datetime filter -b     : 2023-04-10 22:10:32 +00:00 (2023-04-10 22:10:32 +00:00)
Channel Receive ok     : 2
Channel Receive err    : 0
