
Files:

File: ./logs/Ubuntu18/vmware-installer
  About:
      FileType      : TEXT UTF8/ASCII (text log)
      LogMessageType: text log lines
      Thread stack  : 102400 (bytes)
  Printed:
      bytes         : 2678
      flushes       : 18
      Lines         : 18
      Syslines      : 18
      Datetime first: 2019-05-06 11:24:34 +08:00 (2019-05-06 03:24:34.032000 +00:00)
      Datetime last : 2019-05-06 11:24:34 +08:00 (2019-05-06 03:24:34.712000 +00:00)
  Processed:
      file size     : 1544 (0x608) (bytes)
      bytes         : 1544 (0x608)
      bytes total   : 1544 (0x608)
      Block size    : 256 (0x100)
      Blocks        : 7
      Blocks total  : 7 (1792 bytes)
      Blocks high   : 5 (1280 bytes)
      Lines         : 18
      Line longest  : 122 (bytes)
      Lines high    : 15
      Line parts    : 24
      Syslines      : 18
      Sysline longest: 122 (bytes)
      Syslines high : 14
      Datetime first: 2019-05-06 11:24:34 +08:00 (2019-05-06 03:24:34.032000 +00:00)
      Datetime last : 2019-05-06 11:24:34 +08:00 (2019-05-06 03:24:34.712000 +00:00)
      out of order  : 0
  Parsers:
  Processing stores:
      storage: LineReader::find_line() lines                       : hit   0, miss  35,  0.0%
      caching: LineReader::find_line() LRU cache                   : hit  18, miss  18, 50.0%, put  18
      copying: SyslineReader::get_boxptrs()                        : sgl 142, dbl    6, mult   0
      storage: SyslineReader::find_sysline() syslines              : hit   0, miss  18,  0.0%
      caching: SyslineReader::find_sysline() syslines_by_range_map : hit   0, miss   1,  0.0%, put   1
      caching: SyslineReader::find_sysline() LRU cache             : hit   1, miss  18,  5.3%, put  18
      caching: SyslineReader::parse_datetime_in_line() LRU cache   : hit  17, miss  18, 48.6%, put   0
      optimize:SyslineReader::ezcheck12                            : hit   0, miss   0,  0.0%, largest skipped 0
      optimize:SyslineReader::ezcheckd2                            : hit   0, miss  12,  0.0%, largest skipped 0
      optimize:SyslineReader::ezcheck12d2                          : hit   0, miss 136,  0.0%, largest skipped 0
      process: regex captures                                      : hit  18, miss 130
  Processing Drops:

Program summary:

Paths considered       : 1
Paths not processed    : 0
Files processed        : 1
Files printed          : 1
Printed bytes          : 2750
Printed flushes        : 36
Printed Lines          : 18
Printed Syslines       : 18
Printed ASL events     : 0
Printed ETL events     : 0
Printed EVTX events    : 0
Printed FixedStruct    : 0
Printed Journal events : 0
Printed ODL events     : 0
Line longest                   : 122
Sysline longest                : 122
EVTX event largest processed   : 0
EVTX event largest accepted    : 0
Journal event largest processed: 0
Journal event largest accepted : 0
Managed files max deflt: 980
Managed files max adjus: 200
Managed handles high   : 1
Managed request open   : 1
Managed request read   : 0
Managed read calls     : 7
Managed write calls    : 0
Managed seek calls     : 7
Managed metadata calls : 1
Managed open errors    : 0
Managed evict fails    : 0
Unmanaged handles high : 0
Regex patterns known   : 188
Regex patterns compiled: 188
Datetime filter -a     : 1999-03-03 00:00:00 +00:00 (1999-03-03 00:00:00.000000 +00:00)
Datetime printed first : 2019-05-06 11:24:34 +08:00 (2019-05-06 03:24:34.032000 +00:00)
Datetime printed last  : 2019-05-06 11:24:34 +08:00 (2019-05-06 03:24:34.712000 +00:00)
Datetime filter -b     : 2026-01-02 00:00:00 +00:00 (2026-01-02 00:00:00.000000 +00:00)
Channel receive ok     : 20
Channel receive err    : 0
Threads spawned        : 1
Thread spawn errors    : 0
Temporary files created: 0
Platform               : x86_64-unknown-linux-gnu
Allocator              : system
