./logs/Ubuntu18/xrdp.log┋20200113T030306.000000000┋[20200113-11:03:06] [DEBUG] Testing if xrdp can listen on 192.168.0.0 port 3389.
⇳
./logs/Ubuntu18/xrdp.log┋20200113T030306.000000000┋[20200113-11:03:06] [DEBUG] Closed socket 7 (AF_INET6 :: port 3389)
⇳
./logs/Ubuntu18/xrdp.log┋20200113T030308.000000000┋[20200113-11:03:08] [INFO ] starting xrdp with pid 16415
⇳
./logs/Ubuntu18/xrdp.log┋20200113T030308.000000000┋[20200113-11:03:08] [INFO ] listening to port 3389 on 192.168.0.0
⇳
./logs/Ubuntu18/xrdp.log┋20200113T031359.000000000┋[20200113-11:13:59] [INFO ] Socket 12: AF_INET6 connection received from ::ffff:192.168.0.1 port 16415
⇳
./logs/Ubuntu18/xrdp.log┋20200113T031359.000000000┋[20200113-11:13:59] [DEBUG] Closed socket 12 (AF_INET6 ::ffff:192.168.0.1 port 3389)
⇳
./logs/Ubuntu18/xrdp.log┋20200113T031359.000000000┋[20200113-11:13:59] [DEBUG] Closed socket 11 (AF_INET6 :: port 3389)
⇳
./logs/Ubuntu18/xrdp.log┋20200113T031359.000000000┋[20200113-11:13:59] [INFO ] Using default X.509 certificate: /etc/xrdp/cert.pem
⇳
./logs/Ubuntu18/xrdp.log┋20200113T031359.000000000┋[20200113-11:13:59] [INFO ] Using default X.509 key file: /etc/xrdp/key.pem
⇳
./logs/Ubuntu18/xrdp.log┋20200113T031359.000000000┋[20200113-11:13:59] [ERROR] Cannot read private key file /etc/xrdp/key.pem: Permission denied
⇳
./logs/Ubuntu18/xrdp.log┋20200113T041903.000000000┋[20200113-12:19:03] [DEBUG] Closed socket 17 (AF_UNIX)
⇳
./logs/Ubuntu18/xrdp.log┋20200113T041906.000000000┋[20200113-12:19:06] [DEBUG] Closed socket 17 (AF_UNIX)
⇳
./logs/Ubuntu18/xrdp.log┋20200113T041909.000000000┋[20200113-12:19:09] [DEBUG] xrdp_wm_log_msg: connection problem, giving up
⇳
./logs/Ubuntu18/xrdp.log┋20200113T041909.000000000┋[20200113-12:19:09] [DEBUG] Closed socket 17 (AF_UNIX)
⇳
./logs/Ubuntu18/xrdp.log┋20200113T041909.000000000┋[20200113-12:19:09] [DEBUG] xrdp_wm_log_msg: some problem
⇳
./logs/Ubuntu18/xrdp.log┋20200113T041909.000000000┋[20200113-12:19:09] [DEBUG] xrdp_mm_module_cleanup
⇳
./logs/Ubuntu18/xrdp.log┋20200113T041909.000000000┋[20200113-12:19:09] [DEBUG] Closed socket 16 (AF_INET6 ::1 port 16415)
⇳
./logs/Ubuntu18/xrdp.log┋20200113T041909.000000000┋[20200113-12:19:09] [DEBUG] Closed socket 12 (AF_INET6 ::ffff:192.168.0.1 port 3389)
⇳
./logs/Ubuntu18/xrdp.log┋20200113T041909.000000000┋[20200113-12:19:09] [DEBUG] xrdp_mm_module_cleanup
⇳
