
Files:

File: ./logs/programs/journal/Ubuntu22-user-1000x3.journal.xz
  About:
      filetype       : JOURNAL (XZ)
      logmessagetype : journal entries
  Printed:
      bytes         : 12856
      flushes       : 3
      journal events: 3
  Processed:
      file size     : 8388608 (0x800000) (bytes)
      journal events: 3
      out of order  : 0
      lib. API calls: 122
      API errors    : 0

Program Summary:

Paths considered       : 1
Paths not processed    : 0
Files processed        : 1
Files printed          : 1
Printed bytes          : 12868
Printed flushes        : 6
Printed lines          : 0
Printed syslines       : 0
Printed evtx events    : 0
Printed fixedstruct    : 0
Printed journal events : 3
Regex patterns known   : 158
Regex patterns compiled: 0
Datetime filter -a     : 1999-03-03 00:00:00 +00:00 (1999-03-03 00:00:00 +00:00)
Datetime filter -b     : 2023-04-10 22:10:32 +00:00 (2023-04-10 22:10:32 +00:00)
Channel Receive ok     : 5
Channel Receive err    : 0
Threads Spawned        : 1
Thread Spawn errors    : 0
Allocator Chosen       : Jemalloc
