
Files:

File: ./logs/programs/journal/Ubuntu22-user-1000x3.journal.bz2
  About:
      filetype       : JOURNAL (BZIP2) (systemd Journal)
      logmessagetype : systemd journal entries
  Printed:
      bytes         : 12966
      flushes       : 8
      journal events: 3
      datetime first: 2023-04-02 15:06:40 +08:00 (2023-04-02 07:06:40.060134 +00:00)
      datetime last : 2023-04-02 15:07:00 +08:00 (2023-04-02 07:07:00.789680 +00:00)
  Processed:
      file size     : 8388608 (0x800000) (bytes)
      journal events: 3
      out of order  : 0
      lib. API calls: 122
      API errors    : 0
      datetime first: 2023-04-02 15:06:40 +08:00 (2023-04-02 07:06:40.060134 +00:00)
      datetime last : 2023-04-02 15:07:00 +08:00 (2023-04-02 07:07:00.789680 +00:00)

Program Summary:

Paths considered       : 1
Paths not processed    : 0
Files processed        : 1
Files printed          : 1
Printed bytes          : 12978
Printed flushes        : 11
Printed lines          : 0
Printed syslines       : 0
Printed ASL events     : 0
Printed ETL events     : 0
Printed EVTX events    : 0
Printed fixedstruct    : 0
Printed journal events : 3
Printed ODL events     : 0
Regex patterns known   : 175
Regex patterns compiled: 0
Datetime filter -a     : 1999-03-03 00:00:00 +00:00 (1999-03-03 00:00:00.000000 +00:00)
Datetime printed first : 2023-04-02 15:06:40 +08:00 (2023-04-02 07:06:40.060134 +00:00)
Datetime printed last  : 2023-04-02 15:07:00 +08:00 (2023-04-02 07:07:00.789680 +00:00)
Datetime filter -b     : 2026-01-02 00:00:00 +00:00 (2026-01-02 00:00:00.000000 +00:00)
Channel Receive ok     : 5
Channel Receive err    : 0
Threads Spawned        : 1
Thread Spawn errors    : 0
Temporary files created: 1
Platform               : x86_64-unknown-linux-gnu
Allocator              : system
