
Files:

File: ./logs/programs/journal/Ubuntu22-user-1000x3.tar|Ubuntu22-user-1000x3.journal
  About:
      Archive subpath: Ubuntu22-user-1000x3.journal
      FileType      : JOURNAL (TAR) (systemd Journal)
      LogMessageType: systemd journal entries
      Thread stack  : 187392 (bytes)
  Printed:
      bytes         : 15276
      flushes       : 9
      Journal events: 3
      Journal event largest processed: 932 (bytes)
      Journal event largest accepted : 932 (bytes)
      Datetime first: 2023-04-02 15:06:40 +08:00 (2023-04-02 07:06:40.060134 +00:00)
      Datetime last : 2023-04-02 15:07:00 +08:00 (2023-04-02 07:07:00.789680 +00:00)
  Processed:
      File size     : 8388608 (0x800000) (bytes)
      Journal events: 3
      lib. API calls: 220
      API errors    : 0
      Datetime first: 2023-04-02 15:06:40 +08:00 (2023-04-02 07:06:40.060134 +00:00)
      Datetime last : 2023-04-02 15:07:00 +08:00 (2023-04-02 07:07:00.789680 +00:00)
      out of order  : 0

Program summary:

Paths considered       : 1
Paths not processed    : 0
Files processed        : 1
Files printed          : 1
Printed bytes          : 15288
Printed flushes        : 12
Printed Lines          : 0
Printed Syslines       : 0
Printed ASL events     : 0
Printed ETL events     : 0
Printed EVTX events    : 0
Printed FixedStruct    : 0
Printed Journal events : 3
Printed ODL events     : 0
Line Maximum                   : 393209
Line longest                   : 0
Sysline longest                : 0
EVTX event largest processed   : 0
EVTX event largest accepted    : 0
Journal event largest processed: 932
Journal event largest accepted : 932
Managed files max deflt: 980
Managed files max adjus: 200
Managed request open   : 3
Managed request read   : 0
Managed write calls    : 128
Managed seek calls     : 1
Managed metadata calls : 1
Managed open errors    : 0
Managed evict fails    : 0
Regex patterns known   : 188
Regex patterns compiled: 188
Datetime filter -a     : 1999-03-03 00:00:00 +00:00 (1999-03-03 00:00:00.000000 +00:00)
Datetime printed first : 2023-04-02 15:06:40 +08:00 (2023-04-02 07:06:40.060134 +00:00)
Datetime printed last  : 2023-04-02 15:07:00 +08:00 (2023-04-02 07:07:00.789680 +00:00)
Datetime filter -b     : 2026-01-02 00:00:00 +00:00 (2026-01-02 00:00:00.000000 +00:00)
Channel receive ok     : 5
Channel receive err    : 0
Threads spawned        : 1
Thread spawn errors    : 0
Temporary files created: 1
Platform               : x86_64-unknown-linux-gnu
Allocator              : system
