./logs/programs/journal/Ubuntu22-user-1000x3.journal┋20230402T070640.060134000┋__CURSOR=s=e992f143877046059b264a0f907056b6;i=82a;b=26d74a46deff4872be6d4ca6e885a198;m=1471a88514;t=5f855157e4ae6;x=7329824b09f2540
./logs/programs/journal/Ubuntu22-user-1000x3.journal┋20230402T070640.060134000┋__REALTIME_TIMESTAMP=1680419200060134
./logs/programs/journal/Ubuntu22-user-1000x3.journal┋20230402T070640.060134000┋__MONOTONIC_TIMESTAMP=87806215444
./logs/programs/journal/Ubuntu22-user-1000x3.journal┋20230402T070640.060134000┋PRIORITY=6
./logs/programs/journal/Ubuntu22-user-1000x3.journal┋20230402T070640.060134000┋SYSLOG_FACILITY=3
./logs/programs/journal/Ubuntu22-user-1000x3.journal┋20230402T070640.060134000┋TID=1150
./logs/programs/journal/Ubuntu22-user-1000x3.journal┋20230402T070640.060134000┋CODE_FILE=src/core/job.c
./logs/programs/journal/Ubuntu22-user-1000x3.journal┋20230402T070640.060134000┋CODE_LINE=557
./logs/programs/journal/Ubuntu22-user-1000x3.journal┋20230402T070640.060134000┋CODE_FUNC=job_emit_start_message
./logs/programs/journal/Ubuntu22-user-1000x3.journal┋20230402T070640.060134000┋SYSLOG_IDENTIFIER=systemd
./logs/programs/journal/Ubuntu22-user-1000x3.journal┋20230402T070640.060134000┋MESSAGE=Starting Notification regarding a new release of Ubuntu...
./logs/programs/journal/Ubuntu22-user-1000x3.journal┋20230402T070640.060134000┋JOB_ID=656
./logs/programs/journal/Ubuntu22-user-1000x3.journal┋20230402T070640.060134000┋JOB_TYPE=start
./logs/programs/journal/Ubuntu22-user-1000x3.journal┋20230402T070640.060134000┋USER_INVOCATION_ID=4df8dd3945e34200b2508bd6608d640d
./logs/programs/journal/Ubuntu22-user-1000x3.journal┋20230402T070640.060134000┋MESSAGE_ID=7d4958e842da4a758f6c1cdc7b36dcc5
./logs/programs/journal/Ubuntu22-user-1000x3.journal┋20230402T070640.060134000┋USER_UNIT=update-notifier-release.service
./logs/programs/journal/Ubuntu22-user-1000x3.journal┋20230402T070640.060134000┋_TRANSPORT=journal
./logs/programs/journal/Ubuntu22-user-1000x3.journal┋20230402T070640.060134000┋_PID=1150
./logs/programs/journal/Ubuntu22-user-1000x3.journal┋20230402T070640.060134000┋_UID=1000
./logs/programs/journal/Ubuntu22-user-1000x3.journal┋20230402T070640.060134000┋_GID=1000
./logs/programs/journal/Ubuntu22-user-1000x3.journal┋20230402T070640.060134000┋_COMM=systemd
./logs/programs/journal/Ubuntu22-user-1000x3.journal┋20230402T070640.060134000┋_EXE=/usr/lib/systemd/systemd
./logs/programs/journal/Ubuntu22-user-1000x3.journal┋20230402T070640.060134000┋_CMDLINE=/lib/systemd/systemd --user
./logs/programs/journal/Ubuntu22-user-1000x3.journal┋20230402T070640.060134000┋_CAP_EFFECTIVE=0
./logs/programs/journal/Ubuntu22-user-1000x3.journal┋20230402T070640.060134000┋_SELINUX_CONTEXT=unconfined
./logs/programs/journal/Ubuntu22-user-1000x3.journal┋20230402T070640.060134000┋
./logs/programs/journal/Ubuntu22-user-1000x3.journal┋20230402T070640.060134000┋_AUDIT_SESSION=2
./logs/programs/journal/Ubuntu22-user-1000x3.journal┋20230402T070640.060134000┋_AUDIT_LOGINUID=1000
./logs/programs/journal/Ubuntu22-user-1000x3.journal┋20230402T070640.060134000┋_SYSTEMD_CGROUP=/user.slice/user-1000.slice/user@1000.service/init.scope
./logs/programs/journal/Ubuntu22-user-1000x3.journal┋20230402T070640.060134000┋_SYSTEMD_OWNER_UID=1000
./logs/programs/journal/Ubuntu22-user-1000x3.journal┋20230402T070640.060134000┋_SYSTEMD_UNIT=user@1000.service
./logs/programs/journal/Ubuntu22-user-1000x3.journal┋20230402T070640.060134000┋_SYSTEMD_USER_UNIT=init.scope
./logs/programs/journal/Ubuntu22-user-1000x3.journal┋20230402T070640.060134000┋_SYSTEMD_SLICE=user-1000.slice
./logs/programs/journal/Ubuntu22-user-1000x3.journal┋20230402T070640.060134000┋_SYSTEMD_USER_SLICE=-.slice
./logs/programs/journal/Ubuntu22-user-1000x3.journal┋20230402T070640.060134000┋_SOURCE_REALTIME_TIMESTAMP=1680419200061777
./logs/programs/journal/Ubuntu22-user-1000x3.journal┋20230402T070640.060134000┋_BOOT_ID=26d74a46deff4872be6d4ca6e885a198
./logs/programs/journal/Ubuntu22-user-1000x3.journal┋20230402T070640.060134000┋_MACHINE_ID=9dd5669d37b84d03a7987b2a1a47ccbb
./logs/programs/journal/Ubuntu22-user-1000x3.journal┋20230402T070640.060134000┋_HOSTNAME=ubuntu22Acorn
./logs/programs/journal/Ubuntu22-user-1000x3.journal┋20230402T070640.060134000┋
⇳
./logs/programs/journal/Ubuntu22-user-1000x3.journal┋20230402T070700.789680000┋__CURSOR=s=e992f143877046059b264a0f907056b6;i=82b;b=26d74a46deff4872be6d4ca6e885a198;m=1472e4d3dd;t=5f85516ba99b0;x=feb13aa03b4683f4
./logs/programs/journal/Ubuntu22-user-1000x3.journal┋20230402T070700.789680000┋__REALTIME_TIMESTAMP=1680419220789680
./logs/programs/journal/Ubuntu22-user-1000x3.journal┋20230402T070700.789680000┋__MONOTONIC_TIMESTAMP=87826944989
./logs/programs/journal/Ubuntu22-user-1000x3.journal┋20230402T070700.789680000┋PRIORITY=6
./logs/programs/journal/Ubuntu22-user-1000x3.journal┋20230402T070700.789680000┋SYSLOG_FACILITY=3
./logs/programs/journal/Ubuntu22-user-1000x3.journal┋20230402T070700.789680000┋_UID=1000
./logs/programs/journal/Ubuntu22-user-1000x3.journal┋20230402T070700.789680000┋_GID=1000
./logs/programs/journal/Ubuntu22-user-1000x3.journal┋20230402T070700.789680000┋_CAP_EFFECTIVE=0
./logs/programs/journal/Ubuntu22-user-1000x3.journal┋20230402T070700.789680000┋_SELINUX_CONTEXT=unconfined
./logs/programs/journal/Ubuntu22-user-1000x3.journal┋20230402T070700.789680000┋
./logs/programs/journal/Ubuntu22-user-1000x3.journal┋20230402T070700.789680000┋_AUDIT_SESSION=2
./logs/programs/journal/Ubuntu22-user-1000x3.journal┋20230402T070700.789680000┋_AUDIT_LOGINUID=1000
./logs/programs/journal/Ubuntu22-user-1000x3.journal┋20230402T070700.789680000┋_SYSTEMD_OWNER_UID=1000
./logs/programs/journal/Ubuntu22-user-1000x3.journal┋20230402T070700.789680000┋_SYSTEMD_UNIT=user@1000.service
./logs/programs/journal/Ubuntu22-user-1000x3.journal┋20230402T070700.789680000┋_SYSTEMD_SLICE=user-1000.slice
./logs/programs/journal/Ubuntu22-user-1000x3.journal┋20230402T070700.789680000┋_BOOT_ID=26d74a46deff4872be6d4ca6e885a198
./logs/programs/journal/Ubuntu22-user-1000x3.journal┋20230402T070700.789680000┋_MACHINE_ID=9dd5669d37b84d03a7987b2a1a47ccbb
./logs/programs/journal/Ubuntu22-user-1000x3.journal┋20230402T070700.789680000┋_HOSTNAME=ubuntu22Acorn
./logs/programs/journal/Ubuntu22-user-1000x3.journal┋20230402T070700.789680000┋_TRANSPORT=stdout
./logs/programs/journal/Ubuntu22-user-1000x3.journal┋20230402T070700.789680000┋_STREAM_ID=48e807f6283c48cdaebb1347f6a8293c
./logs/programs/journal/Ubuntu22-user-1000x3.journal┋20230402T070700.789680000┋SYSLOG_IDENTIFIER=check-new-release-gtk
./logs/programs/journal/Ubuntu22-user-1000x3.journal┋20230402T070700.789680000┋MESSAGE=WARNING:root:timeout reached, exiting
./logs/programs/journal/Ubuntu22-user-1000x3.journal┋20230402T070700.789680000┋_PID=5259
./logs/programs/journal/Ubuntu22-user-1000x3.journal┋20230402T070700.789680000┋_COMM=check-new-relea
./logs/programs/journal/Ubuntu22-user-1000x3.journal┋20230402T070700.789680000┋_EXE=/usr/bin/python3.10
./logs/programs/journal/Ubuntu22-user-1000x3.journal┋20230402T070700.789680000┋_CMDLINE=/usr/bin/python3 /usr/lib/ubuntu-release-upgrader/check-new-release-gtk
./logs/programs/journal/Ubuntu22-user-1000x3.journal┋20230402T070700.789680000┋_SYSTEMD_CGROUP=/user.slice/user-1000.slice/user@1000.service/app.slice/update-notifier-release.service
./logs/programs/journal/Ubuntu22-user-1000x3.journal┋20230402T070700.789680000┋_SYSTEMD_USER_UNIT=update-notifier-release.service
./logs/programs/journal/Ubuntu22-user-1000x3.journal┋20230402T070700.789680000┋_SYSTEMD_USER_SLICE=app.slice
./logs/programs/journal/Ubuntu22-user-1000x3.journal┋20230402T070700.789680000┋_SYSTEMD_INVOCATION_ID=4df8dd3945e34200b2508bd6608d640d
./logs/programs/journal/Ubuntu22-user-1000x3.journal┋20230402T070700.789680000┋
⇳
./logs/programs/journal/Ubuntu22-user-1000x3.journal┋20230402T070700.789680000┋__CURSOR=s=e992f143877046059b264a0f907056b6;i=82c;b=26d74a46deff4872be6d4ca6e885a198;m=1472e4d3dd;t=5f85516ba99b0;x=2090c0dd6f89e14e
./logs/programs/journal/Ubuntu22-user-1000x3.journal┋20230402T070700.789680000┋__REALTIME_TIMESTAMP=1680419220789680
./logs/programs/journal/Ubuntu22-user-1000x3.journal┋20230402T070700.789680000┋__MONOTONIC_TIMESTAMP=87826944989
./logs/programs/journal/Ubuntu22-user-1000x3.journal┋20230402T070700.789680000┋PRIORITY=6
./logs/programs/journal/Ubuntu22-user-1000x3.journal┋20230402T070700.789680000┋SYSLOG_FACILITY=3
./logs/programs/journal/Ubuntu22-user-1000x3.journal┋20230402T070700.789680000┋TID=1150
./logs/programs/journal/Ubuntu22-user-1000x3.journal┋20230402T070700.789680000┋CODE_FILE=src/core/job.c
./logs/programs/journal/Ubuntu22-user-1000x3.journal┋20230402T070700.789680000┋SYSLOG_IDENTIFIER=systemd
./logs/programs/journal/Ubuntu22-user-1000x3.journal┋20230402T070700.789680000┋JOB_ID=656
./logs/programs/journal/Ubuntu22-user-1000x3.journal┋20230402T070700.789680000┋JOB_TYPE=start
./logs/programs/journal/Ubuntu22-user-1000x3.journal┋20230402T070700.789680000┋USER_INVOCATION_ID=4df8dd3945e34200b2508bd6608d640d
./logs/programs/journal/Ubuntu22-user-1000x3.journal┋20230402T070700.789680000┋USER_UNIT=update-notifier-release.service
./logs/programs/journal/Ubuntu22-user-1000x3.journal┋20230402T070700.789680000┋_TRANSPORT=journal
./logs/programs/journal/Ubuntu22-user-1000x3.journal┋20230402T070700.789680000┋_PID=1150
./logs/programs/journal/Ubuntu22-user-1000x3.journal┋20230402T070700.789680000┋_UID=1000
./logs/programs/journal/Ubuntu22-user-1000x3.journal┋20230402T070700.789680000┋_GID=1000
./logs/programs/journal/Ubuntu22-user-1000x3.journal┋20230402T070700.789680000┋_COMM=systemd
./logs/programs/journal/Ubuntu22-user-1000x3.journal┋20230402T070700.789680000┋_EXE=/usr/lib/systemd/systemd
./logs/programs/journal/Ubuntu22-user-1000x3.journal┋20230402T070700.789680000┋_CMDLINE=/lib/systemd/systemd --user
./logs/programs/journal/Ubuntu22-user-1000x3.journal┋20230402T070700.789680000┋_CAP_EFFECTIVE=0
./logs/programs/journal/Ubuntu22-user-1000x3.journal┋20230402T070700.789680000┋_SELINUX_CONTEXT=unconfined
./logs/programs/journal/Ubuntu22-user-1000x3.journal┋20230402T070700.789680000┋
./logs/programs/journal/Ubuntu22-user-1000x3.journal┋20230402T070700.789680000┋_AUDIT_SESSION=2
./logs/programs/journal/Ubuntu22-user-1000x3.journal┋20230402T070700.789680000┋_AUDIT_LOGINUID=1000
./logs/programs/journal/Ubuntu22-user-1000x3.journal┋20230402T070700.789680000┋_SYSTEMD_CGROUP=/user.slice/user-1000.slice/user@1000.service/init.scope
./logs/programs/journal/Ubuntu22-user-1000x3.journal┋20230402T070700.789680000┋_SYSTEMD_OWNER_UID=1000
./logs/programs/journal/Ubuntu22-user-1000x3.journal┋20230402T070700.789680000┋_SYSTEMD_UNIT=user@1000.service
./logs/programs/journal/Ubuntu22-user-1000x3.journal┋20230402T070700.789680000┋_SYSTEMD_USER_UNIT=init.scope
./logs/programs/journal/Ubuntu22-user-1000x3.journal┋20230402T070700.789680000┋_SYSTEMD_SLICE=user-1000.slice
./logs/programs/journal/Ubuntu22-user-1000x3.journal┋20230402T070700.789680000┋_SYSTEMD_USER_SLICE=-.slice
./logs/programs/journal/Ubuntu22-user-1000x3.journal┋20230402T070700.789680000┋_BOOT_ID=26d74a46deff4872be6d4ca6e885a198
./logs/programs/journal/Ubuntu22-user-1000x3.journal┋20230402T070700.789680000┋_MACHINE_ID=9dd5669d37b84d03a7987b2a1a47ccbb
./logs/programs/journal/Ubuntu22-user-1000x3.journal┋20230402T070700.789680000┋_HOSTNAME=ubuntu22Acorn
./logs/programs/journal/Ubuntu22-user-1000x3.journal┋20230402T070700.789680000┋CODE_LINE=713
./logs/programs/journal/Ubuntu22-user-1000x3.journal┋20230402T070700.789680000┋CODE_FUNC=job_emit_done_message
./logs/programs/journal/Ubuntu22-user-1000x3.journal┋20230402T070700.789680000┋MESSAGE=Finished Notification regarding a new release of Ubuntu.
./logs/programs/journal/Ubuntu22-user-1000x3.journal┋20230402T070700.789680000┋JOB_RESULT=done
./logs/programs/journal/Ubuntu22-user-1000x3.journal┋20230402T070700.789680000┋MESSAGE_ID=39f53479d3a045ac8e11786248231fbf
./logs/programs/journal/Ubuntu22-user-1000x3.journal┋20230402T070700.789680000┋_SOURCE_REALTIME_TIMESTAMP=1680419220803253
./logs/programs/journal/Ubuntu22-user-1000x3.journal┋20230402T070700.789680000┋
⇳
