
Files:

File: ./logs/programs/journal/Ubuntu22-user-1000x3.journal
  About:
      filetype       : JOURNAL (systemd Journal)
      logmessagetype : systemd journal entries
  Printed:
      bytes         : 12526
      flushes       : 8
      journal events: 3
  Processed:
      file size     : 8388608 (0x800000) (bytes)
      journal events: 3
      out of order  : 0
      lib. API calls: 122
      API errors    : 0

Program Summary:

Paths considered       : 1
Paths not processed    : 0
Files processed        : 1
Files printed          : 1
Printed bytes          : 12538
Printed flushes        : 11
Printed lines          : 0
Printed syslines       : 0
Printed ETL events     : 0
Printed EVTX events    : 0
Printed fixedstruct    : 0
Printed journal events : 3
Printed ODL events     : 0
Regex patterns known   : 175
Regex patterns compiled: 0
Datetime filter -a     : 1999-03-03 00:00:00 +00:00 (1999-03-03 00:00:00.000000 +00:00)
Datetime filter -b     : 2023-04-10 22:10:32 +00:00 (2023-04-10 22:10:32.000000 +00:00)
Channel Receive ok     : 5
Channel Receive err    : 0
Threads Spawned        : 1
Thread Spawn errors    : 0
Temporary files created: 0
Platform               : x86_64-unknown-linux-gnu
Allocator              : system
