2021-04-26 11:29:11.538 0x12ac         Notice              458 photolibraryd: PLModelMigratorPostProcessor.m:73    Start of Post Migration Actions (OS Build: 20E232) (type: Welterweight) [tag:ww:7982290597221658908]: Photos Library.photoslibrary
2021-04-26 11:29:11.543 0x12ac         Notice              458 photolibraryd: PLModelMigratorPostProcessor.m:78    Completed Post Migration Actions (type: Welterweight) [tag:ww:7982290597221658908], dirty memory before/after [peak]:[10092/10092 KB], [current]:[3052/3060 KB], CPU time 3ms, instructions 0.000M, dirty storage 36 KB
2021-04-26 11:29:11.951 0x12ac         Notice              458 photolibraryd: PLModelMigratorPostProcessor.m:73    Start of Post Migration Actions (OS Build: 20E232) (type: Lightweight) [tag:lw:7982290597221658908]: Photos Library.photoslibrary
2021-04-26 11:29:12.134 0x12ac         Notice              458 photolibraryd: PLModelMigratorPostProcessor.m:78    Completed Post Migration Actions (type: Lightweight) [tag:lw:7982290597221658908], dirty memory before/after [peak]:[10092/10092 KB], [current]:[2972/3020 KB], CPU time 149ms, instructions 0.000M, dirty storage 360 KB
2021-10-29 07:48:08.818 0x1fa2     Info          527 photolibraryd: PLModelMigration.m:290   Store has incompatible model version 14504, will attempt migration to current version 15323.
2021-10-29 07:48:08.821 0x1fa2     Default       527 photolibraryd: PLModelMigration.m:314   Creating sqlite error indicator file
2021-10-29 07:48:08.823 0x1fa2     Default       527 photolibraryd: PLModelMigration.m:350   Starting migration stage from version 14504 to 15054, with model /System/Library/PrivateFrameworks/PhotoLibraryServices.framework/Resources/photos-15054-STAGED.mom.
2021-10-29 07:48:08.851 0x1fa2     Default       527 photolibraryd: PLModelMigrationActionProcessor.m:128   tag:A5A45C84:sc      Start of schema actions (OS Build: 21A559) (type: Schema): Photos Library.photoslibrary
2021-10-29 07:48:08.851 0x1fa2     Default       527 photolibraryd: PLModelMigrationActionProcessor.m:136   tag:A5A45C84:sc      stat: st_dev=16777220 st_ino=12886105758 st_mode=16877 (drwxr-xr-x) st_nlink=7 st_uid=501 st_gid=20 st_rdev=0 st_size=224 st_atime=1635518888 st_mtime=1635518888 st_ctime=1635518888 st_birthtime=1570793298 st_blksize=4096 st_block=0 st_flags=0
2021-10-29 07:48:08.851 0x1fa2     Default       527 photolibraryd: PLModelMigrationActionProcessor.m:164   tag:A5A45C84:sc:0001 Start of schema action: Adding staged migration store (version: 14504 -> 15054)

2021-10-29 07:48:12.414 0x1fa0     Default       527 photolibraryd: PLModelMigrationActionProcessor.m:171   tag:39288471:bg:0005 Finished post migration action: 0.01s, dirty memory before/after peak:[11.0 MB/11.0 MB], current:[4.9 MB/4.9 MB], CPU time 11.92ms, instructions 0.000M, dirty storage 68.0 kB, action progress:(75.76 %)
2021-10-29 07:48:12.416 0x1fa0     Default       527 photolibraryd: PLModelMigrationActionProcessor.m:164   tag:39288471:bg:0006 Start of post migration action: RemoveOrphanedMediaAnalysisAttributes
2021-10-29 07:48:12.420 0x1fa0     Info          527 photolibraryd: PLModelMigrationActionUtility.m:32    Deleted 0 MediaAnalysisAssetAttributes objects
2021-10-29 07:48:12.424 0x1fa0     Default       527 photolibraryd: PLModelMigrationActionProcessor.m:171   tag:39288471:bg:0006 Finished post migration action: 0.01s, dirty memory before/after peak:[11.0 MB/11.0 MB], current:[5.1 MB/5.0 MB], CPU time 11.47ms, instructions 0.000M, dirty storage 68.0 kB, action progress:(81.82 %)
2021-10-29 07:48:12.424 0x1fa0     Default       527 photolibraryd: PLModelMigrationActionProcessor.m:164   tag:39288471:bg:0007 Start of post migration action: RemoveOrphanedSceneprint
2021-10-29 07:48:12.428 0x1fa0     Info          527 photolibraryd: PLModelMigrationActionUtility.m:32    Deleted 0 Sceneprint objects
2021-10-29 07:48:12.432 0x1fa0     Default       527 photolibraryd: PLModelMigrationActionProcessor.m:171   tag:39288471:bg:0007 Finished post migration action: 0.01s, dirty memory before/after peak:[11.0 MB/11.0 MB], current:[5.0 MB/5.0 MB], CPU time 10.91ms, instructions 0.000M, dirty storage 32.0 kB, action progress:(87.88 %)
2021-10-29 07:48:12.432 0x1fa0     Default       527 photolibraryd: PLModelMigrationActionProcessor.m:164   tag:39288471:bg:0008 Start of post migration action: CinematicVideoPopulateDepthType
2021-10-29 07:48:12.435 0x1fa0     Info          527 photolibraryd: PLModelMigrationActionBackground.m:244   Populating depthType for 0 video assets
2021-10-29 07:48:12.436 0x1fa0     Info          527 photolibraryd: PLModelMigrationActionBackground.m:275   Completed update of 0 assets
2021-10-29 07:48:12.439 0x1fa0     Default       527 photolibraryd: PLModelMigrationActionProcessor.m:171   tag:39288471:bg:0008 Finished post migration action: 0.01s, dirty memory before/after peak:[11.0 MB/11.0 MB], current:[5.0 MB/5.0 MB], CPU time 10.34ms, instructions 0.000M, dirty storage 16.0 kB, action progress:(100.00 %)
2021-10-29 07:48:12.439 0x1fa0     Default       527 photolibraryd: PLModelMigrationActionProcessor.m:143   tag:39288471:bg      Completed post migration actions (type: Background) 0.07s, dirty memory before/after peak:[11.0 MB/11.0 MB], current:[4.6 MB/5.0 MB], CPU time 99.82ms, instructions 0.000M, dirty storage 348.0 kB, action progress:(100.00 %)
2021-12-16 07:43:04.486 0x18f4     Info          533 photolibraryd: PLModelMigration.m:290   Store has incompatible model version 15323, will attempt migration to current version 15331.
2021-12-16 07:43:04.488 0x18f4     Default       533 photolibraryd: PLModelMigration.m:314   Creating sqlite error indicator file
2021-12-16 07:43:04.490 0x18f4     Default       533 photolibraryd: PLModelMigration.m:189   Skipping registering action class: PLModelMigrationAction_RepushAssetsWithImportedByBundleIdentifier
2021-12-16 07:43:04.491 0x18f4     Default       533 photolibraryd: PLModelMigration.m:189   Skipping registering action class: PLModelMigrationAction_PopulateBundleScopeOnAssets
2021-12-16 07:43:04.491 0x18f4     Default       533 photolibraryd: PLModelMigration.m:189   Skipping registering action class: PLModelMigrationAction_FixupTombstonedPeople
2021-12-16 07:43:04.491 0x18f4     Default       533 photolibraryd: PLModelMigration.m:189   Skipping registering action class: PLModelMigrationAction_PromoteLeftoverDeferredAssets
2021-12-16 07:43:04.491 0x18f4     Default       533 photolibraryd: PLModelMigration.m:189   Skipping registering action class: PLModelMigrationAction_FixResourcesIncorrectlyAssignedToSyndicationDataStore
2021-12-16 07:43:04.491 0x18f4     Default       533 photolibraryd: PLModelMigration.m:189   Skipping registering action class: PLModelMigrationAction_MigrateLastGuestAssetSyncToken

2021-12-16 07:45:18.411 0x1b86     Info          533 photolibraryd: PLModelMigrator.m:2949  Beginning post-processing lightweight migration from 15323 to 15331
2021-12-16 07:45:18.414 0x1b86     Default       533 photolibraryd: PLModelMigrationActionProcessor.m:128   tag:6C418466:lw      Start of post migration actions (OS Build: 21C52) (type: Lightweight): Photos Library.photoslibrary
2021-12-16 07:45:18.415 0x1b86     Default       533 photolibraryd: PLModelMigrationActionProcessor.m:164   tag:6C418466:lw:0215 Start of post migration action: Repairing duplicate singleton fetching albums
2021-12-16 07:45:18.419 0x1b86     Default       533 photolibraryd: PLModelMigrationActionProcessor.m:171   tag:6C418466:lw:0215 Finished post migration action: 0.00s, dirty memory before/after peak:[4.8 MB/4.8 MB], current:[4.1 MB/4.1 MB], CPU time 4.71ms, instructions 0.000M, dirty storage 0.0 B, action progress:(100.00 %)
2021-12-16 07:45:18.419 0x1b86     Default       533 photolibraryd: PLModelMigrator.m:4383  Successfully finished post-processing lightweight migration of photo database from version 15323 to 15331.
2021-12-16 07:45:18.419 0x1b86     Default       533 photolibraryd: PLModelMigrationActionProcessor.m:143   tag:6C418466:lw      Completed post migration actions (type: Lightweight) 0.01s, dirty memory before/after peak:[4.8 MB/4.8 MB], current:[4.1 MB/4.1 MB], CPU time 6.08ms, instructions 0.000M, dirty storage 0.0 B, action progress:(100.00 %)

2022-03-22 11:46:07.247 0x1a3b     Default       522 photolibraryd: PLBackgroundModelMigration.m:163   Skipping registering completed background action class: PLModelMigrationAction_RemoveOrphanedMediaAnalysisAttributes
2022-03-22 11:46:07.247 0x1a3b     Default       522 photolibraryd: PLBackgroundModelMigration.m:163   Skipping registering completed background action class: PLModelMigrationAction_RemoveOrphanedSceneprint
2022-03-22 11:46:07.247 0x1a3b     Default       522 photolibraryd: PLBackgroundModelMigration.m:163   Skipping registering completed background action class: PLModelMigrationAction_CinematicVideoPopulateDepthType
2022-03-22 11:46:07.247 0x1a3b     Default       522 photolibraryd: PLModelMigrationActionProcessor.m:128   tag:B4DD2CA8:bg      Start of post migration actions (OS Build: 21E230) (type: Background): Syndication.photoslibrary
2022-03-22 11:46:07.248 0x1a3b     Default       522 photolibraryd: PLModelMigrationActionProcessor.m:164   tag:B4DD2CA8:bg:0001 Start of post migration action: ResetSceneAnalysisTimestampForProblematicAssets

2022-03-22 11:47:11.078 0x1e90     Default       522 photolibraryd: PLBackgroundModelMigration.m:163   Skipping registering completed background action class: PLModelMigrationAction_CinematicVideoPopulateDepthType
2022-03-22 11:47:11.078 0x1e90     Default       522 photolibraryd: PLModelMigrationActionProcessor.m:128   tag:47F0174D:bg      Start of post migration actions (OS Build: 21E230) (type: Background): Photos Library.photoslibrary
2022-03-22 11:47:11.078 0x1e90     Default       522 photolibraryd: PLModelMigrationActionProcessor.m:164   tag:47F0174D:bg:0001 Start of post migration action: ResetSceneAnalysisTimestampForProblematicAssets
2022-03-22 11:47:11.166 0x1e90     Default       522 photolibraryd: PLModelMigrationActionBackground.m:380   Modified 0 assets for PLModelMigrationAction_ResetSceneAnalysisTimestampForProblematicAssets.
2022-03-22 11:47:11.168 0x1e90     Default       522 photolibraryd: PLModelMigrationActionProcessor.m:171   tag:47F0174D:bg:0001 Finished post migration action: 0.09s, dirty memory before/after peak:[4.4 MB/4.4 MB], current:[4.0 MB/3.9 MB], CPU time 10.39ms, instructions 0.000M, dirty storage 20.0 kB, action progress:(100.00 %)
2022-03-22 11:47:11.168 0x1e90     Default       522 photolibraryd: PLModelMigrationActionProcessor.m:143   tag:47F0174D:bg      Completed post migration actions (type: Background) 0.09s, dirty memory before/after peak:[4.4 MB/4.4 MB], current:[4.0 MB/3.9 MB], CPU time 10.75ms, instructions 0.000M, dirty storage 20.0 kB, action progress:(100.00 %)
