Starting service provider configuration
Done configuring service provider
[23:08:41] info: Provisioner[0]
      Provisioner version: 2.0.359.1+f83ed258e46724b307a9ecf8c1c002bbfee20d2f
[23:08:41] info: Provisioner[0]
      The system has been up for 168 seconds. Processor Count: 3
[23:08:41] info: Provisioner[0]
      E2E/VMStartTime: 2024-03-04T23:05:52.7631210Z; ProvisionerStartTime: 2024-03-04T23:08:13.7329320+00:00
[23:08:41] info: Provisioner[0]
      Image provisioning mode
[23:08:41] info: Provisioner[0]
      Starting provisioner
[23:08:42] info: MachineManagement.Provisioning.MachineProvisioner[0]
      Getting registration data
[23:08:42] info: Microsoft.AzureDevOps.Provisioner.Framework.Monitoring.MonitoringService[0]
      Starting the Cpu Process Monitor Monitor with 30 seconds of queueing delay
[23:08:43] info: MachineManagement.Provisioning.MachineProvisioner[0]
      Provisioning mode detected, running provisioning for each runtime
[23:08:43] info: Microsoft.AzureDevOps.Mms.Provisioner.Framework.RequestResourceProvider[0]
      Downloading 3 for request type PoolProvider
[23:08:43] info: Microsoft.AzureDevOps.Mms.Provisioner.Framework.RequestResourceProvider[0]
      Downloading resource PoolProvider:osx.10.11-x64:2.314.1
[23:08:43] info: Microsoft.AzureDevOps.Mms.Provisioner.Framework.CdnDownloader[884381540]
      Downloading resource osx.10.11-x64 2.314.1 from https://github.com/actions/runner/releases/download/v2.314.1/actions-runner-osx-x64-2.314.1.tar.gz
[23:08:50] info: Microsoft.AzureDevOps.Mms.Provisioner.Framework.RequestResourceProvider[0]
      Successfully downloaded resource PoolProvider:osx.10.11-x64:2.314.1
[23:08:50] info: Microsoft.AzureDevOps.Mms.Provisioner.Framework.RequestResourceProvider[0]
      Downloading resource PoolProvider:osx.10.11-x64:2.313.0
[23:08:50] info: Microsoft.AzureDevOps.Mms.Provisioner.Framework.CdnDownloader[884381540]
      Downloading resource osx.10.11-x64 2.313.0 from https://github.com/actions/runner/releases/download/v2.313.0/actions-runner-osx-x64-2.313.0.tar.gz
[23:08:56] info: Microsoft.AzureDevOps.Mms.Provisioner.Framework.RequestResourceProvider[0]
      Successfully downloaded resource PoolProvider:osx.10.11-x64:2.313.0
[23:08:56] info: Microsoft.AzureDevOps.Mms.Provisioner.Framework.RequestResourceProvider[0]
      Downloading 3 for request type DevFabric
[23:08:57] info: MachineManagement.Provisioning.Mac.MacMachineEnvironment[0]
      Running Factory Provisioning for PoolProvider
[23:08:57] info: DistributedTask.MachineProvisioning.MacTaskAgentMachineRuntime[0]
      Starting factory script bash /usr/local/opt/runner/settings/factory/factory_test1.sh MacOS-12
[23:08:57] info: DistributedTask.MachineProvisioning.MacTaskAgentMachineRuntime[0]
      Starting factory script bash /usr/local/opt/runner/settings/factory/factory_InstallAbuseTools.sh MacOS-12
[23:08:57] info: DistributedTask.MachineProvisioning.MacTaskAgentMachineRuntime[0]
      Waiting for factory scripts to complete, timeout is 1200000
[23:08:57] info: DistributedTask.MachineProvisioning.MacTaskAgentMachineRuntime[0]
      Downloading abuse tools to /usr/local/opt/runner/provisioner/etc
[23:08:57] info: DistributedTask.MachineProvisioning.MacTaskAgentMachineRuntime[0]
      --2024-03-04 23:08:57--  https://abusetoolscdn.blob.core.windows.net/binaries/v0.70-macos
[23:08:57] info: DistributedTask.MachineProvisioning.MacTaskAgentMachineRuntime[0]
      Resolving abusetoolscdn.blob.core.windows.net (abusetoolscdn.blob.core.windows.net)... 52.239.171.4, 20.150.90.4, 52.239.170.164
[23:08:57] info: DistributedTask.MachineProvisioning.MacTaskAgentMachineRuntime[0]
      Connecting to abusetoolscdn.blob.core.windows.net (abusetoolscdn.blob.core.windows.net)|52.239.171.4|:443... connected.
[23:08:57] info: DistributedTask.MachineProvisioning.MacTaskAgentMachineRuntime[0]
      HTTP request sent, awaiting response... 200 OK
[23:08:57] info: DistributedTask.MachineProvisioning.MacTaskAgentMachineRuntime[0]
      Length: 4863386 (4.6M) [application/octet-stream]
[23:08:57] info: DistributedTask.MachineProvisioning.MacTaskAgentMachineRuntime[0]
      Saving to: ‘/usr/local/opt/runner/provisioner/etc/tools.zip’
[23:08:57] info: DistributedTask.MachineProvisioning.MacTaskAgentMachineRuntime[0]
[23:08:57] info: DistributedTask.MachineProvisioning.MacTaskAgentMachineRuntime[0]
           0K .......... .......... .......... .......... ..........  1% 1.46M 3s
[23:08:57] info: DistributedTask.MachineProvisioning.MacTaskAgentMachineRuntime[0]
          50K .......... .......... .......... .......... ..........  2% 1.42M 3s
[23:08:57] info: DistributedTask.MachineProvisioning.MacTaskAgentMachineRuntime[0]
         100K .......... .......... .......... .......... ..........  3% 1.32M 3s
[23:08:57] info: DistributedTask.MachineProvisioning.MacTaskAgentMachineRuntime[0]
         150K .......... .......... .......... .......... ..........  4% 1.36M 3s
[23:08:57] info: DistributedTask.MachineProvisioning.MacTaskAgentMachineRuntime[0]
         200K .......... .......... .......... .......... ..........  5% 1.44M 3s
[23:08:57] info: DistributedTask.MachineProvisioning.MacTaskAgentMachineRuntime[0]
         250K .......... .......... .......... .......... ..........  6% 1.40M 3s
[23:08:57] info: DistributedTask.MachineProvisioning.MacTaskAgentMachineRuntime[0]
         300K .......... .......... .......... .......... ..........  7% 1.38M 3s
[23:08:57] info: DistributedTask.MachineProvisioning.MacTaskAgentMachineRuntime[0]
         350K .......... .......... .......... .......... ..........  8% 1.10M 3s
[23:08:57] info: DistributedTask.MachineProvisioning.MacTaskAgentMachineRuntime[0]
         400K .......... .......... .......... .......... ..........  9% 1.36M 3s
[23:08:57] info: DistributedTask.MachineProvisioning.MacTaskAgentMachineRuntime[0]
         450K .......... .......... .......... .......... .......... 10% 1.42M 3s
[23:08:57] info: DistributedTask.MachineProvisioning.MacTaskAgentMachineRuntime[0]
         500K .......... .......... .......... .......... .......... 11% 1.40M 3s
[23:08:57] info: DistributedTask.MachineProvisioning.MacTaskAgentMachineRuntime[0]
         550K .......... .......... .......... .......... .......... 12% 1.32M 3s
[23:08:57] info: DistributedTask.MachineProvisioning.MacTaskAgentMachineRuntime[0]
         600K .......... .......... .......... .......... .......... 13% 1.42M 3s
[23:08:57] info: DistributedTask.MachineProvisioning.MacTaskAgentMachineRuntime[0]
         650K .......... .......... .......... .......... .......... 14% 2.20M 3s
[23:08:57] info: DistributedTask.MachineProvisioning.MacTaskAgentMachineRuntime[0]
         700K .......... .......... .......... .......... .......... 15% 50.9M 3s
[23:08:57] info: DistributedTask.MachineProvisioning.MacTaskAgentMachineRuntime[0]
         750K .......... .......... .......... .......... .......... 16% 50.7M 2s
[23:08:57] info: DistributedTask.MachineProvisioning.MacTaskAgentMachineRuntime[0]
         800K .......... .......... .......... .......... .......... 17% 72.0M 2s
[23:08:57] info: DistributedTask.MachineProvisioning.MacTaskAgentMachineRuntime[0]
         850K .......... .......... .......... .......... .......... 18% 64.1M 2s
[23:08:57] info: DistributedTask.MachineProvisioning.MacTaskAgentMachineRuntime[0]
         900K .......... .......... .......... .......... .......... 20% 71.7M 2s
[23:08:57] info: DistributedTask.MachineProvisioning.MacTaskAgentMachineRuntime[0]
         950K .......... .......... .......... .......... .......... 21% 92.7M 2s
[23:08:57] info: DistributedTask.MachineProvisioning.MacTaskAgentMachineRuntime[0]
        1000K .......... .......... .......... .......... .......... 22% 54.2M 2s
[23:08:57] info: DistributedTask.MachineProvisioning.MacTaskAgentMachineRuntime[0]
        1050K .......... .......... .......... .......... .......... 23% 68.4M 2s
[23:08:57] info: DistributedTask.MachineProvisioning.MacTaskAgentMachineRuntime[0]
        1100K .......... .......... .......... .......... .......... 24% 80.8M 2s
[23:08:57] info: DistributedTask.MachineProvisioning.MacTaskAgentMachineRuntime[0]
        1150K .......... .......... .......... .......... .......... 25% 67.2M 1s
[23:08:57] info: DistributedTask.MachineProvisioning.MacTaskAgentMachineRuntime[0]
        1200K .......... .......... .......... .......... .......... 26% 89.9M 1s
[23:08:57] info: DistributedTask.MachineProvisioning.MacTaskAgentMachineRuntime[0]
        1250K .......... .......... .......... .......... .......... 27% 84.9M 1s
[23:08:57] info: DistributedTask.MachineProvisioning.MacTaskAgentMachineRuntime[0]
        1300K .......... .......... .......... .......... .......... 28% 90.1M 1s
[23:08:57] info: DistributedTask.MachineProvisioning.MacTaskAgentMachineRuntime[0]
        1350K .......... .......... .......... .......... .......... 29% 84.9M 1s
[23:08:57] info: DistributedTask.MachineProvisioning.MacTaskAgentMachineRuntime[0]
        1400K .......... .......... .......... .......... .......... 30% 90.6M 1s
[23:08:57] info: DistributedTask.MachineProvisioning.MacTaskAgentMachineRuntime[0]
        1450K .......... .......... .......... .......... .......... 31% 77.5M 1s
[23:08:57] info: DistributedTask.MachineProvisioning.MacTaskAgentMachineRuntime[0]
        1500K .......... .......... .......... .......... .......... 32% 75.0M 1s
[23:08:57] info: DistributedTask.MachineProvisioning.MacTaskAgentMachineRuntime[0]
        1550K .......... .......... .......... .......... .......... 33% 55.9M 1s
[23:08:57] info: DistributedTask.MachineProvisioning.MacTaskAgentMachineRuntime[0]
        1600K .......... .......... .......... .......... .......... 34% 81.0M 1s
[23:08:57] info: DistributedTask.MachineProvisioning.MacTaskAgentMachineRuntime[0]
        1650K .......... .......... .......... .......... .......... 35% 77.4M 1s
[23:08:57] info: DistributedTask.MachineProvisioning.MacTaskAgentMachineRuntime[0]
        1700K .......... .......... .......... .......... .......... 36% 90.1M 1s
[23:08:57] info: DistributedTask.MachineProvisioning.MacTaskAgentMachineRuntime[0]
        1750K .......... .......... .......... .......... .......... 37% 94.1M 1s
[23:08:57] info: DistributedTask.MachineProvisioning.MacTaskAgentMachineRuntime[0]
        1800K .......... .......... .......... .......... .......... 38% 84.9M 1s
[23:08:57] info: DistributedTask.MachineProvisioning.MacTaskAgentMachineRuntime[0]
        1850K .......... .......... .......... .......... .......... 40% 68.2M 1s
[23:08:57] info: DistributedTask.MachineProvisioning.MacTaskAgentMachineRuntime[0]
        1900K .......... .......... .......... .......... .......... 41% 80.8M 1s
[23:08:57] info: DistributedTask.MachineProvisioning.MacTaskAgentMachineRuntime[0]
        1950K .......... .......... .......... .......... .......... 42% 59.4M 1s
[23:08:57] info: DistributedTask.MachineProvisioning.MacTaskAgentMachineRuntime[0]
        2000K .......... .......... .......... .......... .......... 43% 90.8M 1s
[23:08:57] info: DistributedTask.MachineProvisioning.MacTaskAgentMachineRuntime[0]
        2050K .......... .......... .......... .......... .......... 44% 79.3M 1s
[23:08:57] info: DistributedTask.MachineProvisioning.MacTaskAgentMachineRuntime[0]
        2100K .......... .......... .......... .......... .......... 45% 87.8M 1s
[23:08:57] info: DistributedTask.MachineProvisioning.MacTaskAgentMachineRuntime[0]
        2150K .......... .......... .......... .......... .......... 46% 95.6M 1s
[23:08:57] info: DistributedTask.MachineProvisioning.MacTaskAgentMachineRuntime[0]
        2200K .......... .......... .......... .......... .......... 47% 83.2M 1s
[23:08:57] info: DistributedTask.MachineProvisioning.MacTaskAgentMachineRuntime[0]
        2250K .......... .......... .......... .......... .......... 48% 79.7M 1s
[23:08:57] info: DistributedTask.MachineProvisioning.MacTaskAgentMachineRuntime[0]
        2300K .......... .......... .......... .......... .......... 49% 66.5M 1s
[23:08:57] info: DistributedTask.MachineProvisioning.MacTaskAgentMachineRuntime[0]
        2350K .......... .......... .......... .......... .......... 50% 62.9M 1s
[23:08:57] info: DistributedTask.MachineProvisioning.MacTaskAgentMachineRuntime[0]
        2400K .......... .......... .......... .......... .......... 51% 78.9M 0s
[23:08:57] info: DistributedTask.MachineProvisioning.MacTaskAgentMachineRuntime[0]
        2450K .......... .......... .......... .......... .......... 52% 89.1M 0s
[23:08:57] info: DistributedTask.MachineProvisioning.MacTaskAgentMachineRuntime[0]
        2500K .......... .......... .......... .......... .......... 53% 83.3M 0s
[23:08:57] info: DistributedTask.MachineProvisioning.MacTaskAgentMachineRuntime[0]
        2550K .......... .......... .......... .......... .......... 54% 44.5M 0s
[23:08:57] info: DistributedTask.MachineProvisioning.MacTaskAgentMachineRuntime[0]
        2600K .......... .......... .......... .......... .......... 55% 95.7M 0s
[23:08:57] info: DistributedTask.MachineProvisioning.MacTaskAgentMachineRuntime[0]
        2650K .......... .......... .......... .......... .......... 56% 84.8M 0s
[23:08:57] info: DistributedTask.MachineProvisioning.MacTaskAgentMachineRuntime[0]
        2700K .......... .......... .......... .......... .......... 57% 46.0M 0s
[23:08:57] info: DistributedTask.MachineProvisioning.MacTaskAgentMachineRuntime[0]
        2750K .......... .......... .......... .......... .......... 58% 57.8M 0s
[23:08:57] info: DistributedTask.MachineProvisioning.MacTaskAgentMachineRuntime[0]
        2800K .......... .......... .......... .......... .......... 60% 74.3M 0s
[23:08:57] info: DistributedTask.MachineProvisioning.MacTaskAgentMachineRuntime[0]
        2850K .......... .......... .......... .......... .......... 61% 83.9M 0s
[23:08:58] info: DistributedTask.MachineProvisioning.MacTaskAgentMachineRuntime[0]
        2900K .......... .......... .......... .......... .......... 62% 65.9M 0s
[23:08:58] info: DistributedTask.MachineProvisioning.MacTaskAgentMachineRuntime[0]
        2950K .......... .......... .......... .......... .......... 63% 89.4M 0s
[23:08:58] info: DistributedTask.MachineProvisioning.MacTaskAgentMachineRuntime[0]
        3000K .......... .......... .......... .......... .......... 64% 96.9M 0s
[23:08:58] info: DistributedTask.MachineProvisioning.MacTaskAgentMachineRuntime[0]
        3050K .......... .......... .......... .......... .......... 65% 88.3M 0s
[23:08:58] info: DistributedTask.MachineProvisioning.MacTaskAgentMachineRuntime[0]
        3100K .......... .......... .......... .......... .......... 66% 86.7M 0s
[23:08:58] info: DistributedTask.MachineProvisioning.MacTaskAgentMachineRuntime[0]
        3150K .......... .......... .......... .......... .......... 67% 57.9M 0s
[23:08:58] info: DistributedTask.MachineProvisioning.MacTaskAgentMachineRuntime[0]
        3200K .......... .......... .......... .......... .......... 68% 70.9M 0s
[23:08:58] info: DistributedTask.MachineProvisioning.MacTaskAgentMachineRuntime[0]
        3250K .......... .......... .......... .......... .......... 69% 73.4M 0s
[23:08:58] info: DistributedTask.MachineProvisioning.MacTaskAgentMachineRuntime[0]
        3300K .......... .......... .......... .......... .......... 70% 85.1M 0s
[23:08:58] info: DistributedTask.MachineProvisioning.MacTaskAgentMachineRuntime[0]
        3350K .......... .......... .......... .......... .......... 71% 65.2M 0s
[23:08:58] info: DistributedTask.MachineProvisioning.MacTaskAgentMachineRuntime[0]
        3400K .......... .......... .......... .......... .......... 72% 72.4M 0s
[23:08:58] info: DistributedTask.MachineProvisioning.MacTaskAgentMachineRuntime[0]
        3450K .......... .......... .......... .......... .......... 73% 51.9M 0s
[23:08:58] info: DistributedTask.MachineProvisioning.MacTaskAgentMachineRuntime[0]
        3500K .......... .......... .......... .......... .......... 74% 70.0M 0s
[23:08:58] info: DistributedTask.MachineProvisioning.MacTaskAgentMachineRuntime[0]
        3550K .......... .......... .......... .......... .......... 75% 63.7M 0s
[23:08:58] info: DistributedTask.MachineProvisioning.MacTaskAgentMachineRuntime[0]
        3600K .......... .......... .......... .......... .......... 76% 72.0M 0s
[23:08:58] info: DistributedTask.MachineProvisioning.MacTaskAgentMachineRuntime[0]
        3650K .......... .......... .......... .......... .......... 77% 79.0M 0s
[23:08:58] info: DistributedTask.MachineProvisioning.MacTaskAgentMachineRuntime[0]
        3700K .......... .......... .......... .......... .......... 78% 88.6M 0s
[23:08:58] info: DistributedTask.MachineProvisioning.MacTaskAgentMachineRuntime[0]
        3750K .......... .......... .......... .......... .......... 80% 55.4M 0s
[23:08:58] info: DistributedTask.MachineProvisioning.MacTaskAgentMachineRuntime[0]
        3800K .......... .......... .......... .......... .......... 81% 84.0M 0s
[23:08:58] info: DistributedTask.MachineProvisioning.MacTaskAgentMachineRuntime[0]
        3850K .......... .......... .......... .......... .......... 82% 79.4M 0s
[23:08:58] info: DistributedTask.MachineProvisioning.MacTaskAgentMachineRuntime[0]
        3900K .......... .......... .......... .......... .......... 83% 81.9M 0s
[23:08:58] info: DistributedTask.MachineProvisioning.MacTaskAgentMachineRuntime[0]
        3950K .......... .......... .......... .......... .......... 84% 59.6M 0s
[23:08:58] info: DistributedTask.MachineProvisioning.MacTaskAgentMachineRuntime[0]
        4000K .......... .......... .......... .......... .......... 85% 68.3M 0s
[23:08:58] info: DistributedTask.MachineProvisioning.MacTaskAgentMachineRuntime[0]
        4050K .......... .......... .......... .......... .......... 86% 70.6M 0s
[23:08:58] info: DistributedTask.MachineProvisioning.MacTaskAgentMachineRuntime[0]
        4100K .......... .......... .......... .......... .......... 87% 89.8M 0s
[23:08:58] info: DistributedTask.MachineProvisioning.MacTaskAgentMachineRuntime[0]
        4150K .......... .......... .......... .......... .......... 88% 51.4M 0s
[23:08:58] info: DistributedTask.MachineProvisioning.MacTaskAgentMachineRuntime[0]
        4200K .......... .......... .......... .......... .......... 89% 53.7M 0s
[23:08:58] info: DistributedTask.MachineProvisioning.MacTaskAgentMachineRuntime[0]
        4250K .......... .......... .......... .......... .......... 90% 72.3M 0s
[23:08:58] info: DistributedTask.MachineProvisioning.MacTaskAgentMachineRuntime[0]
        4300K .......... .......... .......... .......... .......... 91% 72.7M 0s
[23:08:58] info: DistributedTask.MachineProvisioning.MacTaskAgentMachineRuntime[0]
        4350K .......... .......... .......... .......... .......... 92% 99.0M 0s
[23:08:58] info: DistributedTask.MachineProvisioning.MacTaskAgentMachineRuntime[0]
        4400K .......... .......... .......... .......... .......... 93% 60.7M 0s
[23:08:58] info: DistributedTask.MachineProvisioning.MacTaskAgentMachineRuntime[0]
        4450K .......... .......... .......... .......... .......... 94% 84.8M 0s
[23:08:58] info: DistributedTask.MachineProvisioning.MacTaskAgentMachineRuntime[0]
        4500K .......... .......... .......... .......... .......... 95% 71.2M 0s
[23:08:58] info: DistributedTask.MachineProvisioning.MacTaskAgentMachineRuntime[0]
        4550K .......... .......... .......... .......... .......... 96% 95.0M 0s
[23:08:58] info: DistributedTask.MachineProvisioning.MacTaskAgentMachineRuntime[0]
        4600K .......... .......... .......... .......... .......... 97%  112M 0s
[23:08:58] info: DistributedTask.MachineProvisioning.MacTaskAgentMachineRuntime[0]
        4650K .......... .......... .......... .......... .......... 98% 83.3M 0s
[23:08:58] info: DistributedTask.MachineProvisioning.MacTaskAgentMachineRuntime[0]
        4700K .......... .......... .......... .......... ......... 100% 77.8M=0.5s
[23:08:58] info: DistributedTask.MachineProvisioning.MacTaskAgentMachineRuntime[0]
[23:08:58] info: DistributedTask.MachineProvisioning.MacTaskAgentMachineRuntime[0]
      2024-03-04 23:08:58 (8.54 MB/s) - ‘/usr/local/opt/runner/provisioner/etc/tools.zip’ saved [4863386/4863386]
[23:08:58] info: DistributedTask.MachineProvisioning.MacTaskAgentMachineRuntime[0]
[23:08:58] info: DistributedTask.MachineProvisioning.MacTaskAgentMachineRuntime[0]
      Archive:  /usr/local/opt/runner/provisioner/etc/tools.zip
[23:08:58] info: DistributedTask.MachineProvisioning.MacTaskAgentMachineRuntime[0]
        inflating: /usr/local/opt/runner/provisioner/etc/provjobd  
[23:08:58] info: DistributedTask.MachineProvisioning.MacTaskAgentMachineRuntime[0]
      Finished installing abuse tools
[23:08:58] info: DistributedTask.MachineProvisioning.MacTaskAgentMachineRuntime[0]
      Writing provisioner version to imagedata.json
[23:08:58] info: DistributedTask.MachineProvisioning.MacTaskAgentMachineRuntime[0]
      The file /Users/runner/imagedata.json has been updated with the provisioner version
[23:08:58] info: DistributedTask.MachineProvisioning.MacTaskAgentMachineRuntime[0]
      Copy /Users/runner/imagedata.json file to the /Users/runner/runners/2.314.1/.setup_info target
[23:08:58] info: DistributedTask.MachineProvisioning.MacTaskAgentMachineRuntime[0]
      Copy /Users/runner/imagedata.json file to the /Users/runner/runners/2.313.0/.setup_info target
[23:08:58] info: MachineManagement.Provisioning.Mac.MacMachineEnvironment[0]
      Running Factory Provisioning for DevFabric
[23:08:58] info: MachineManagement.Provisioning.Mac.MacMachineEnvironment[0]
      Creating marker file to indicate machine is clean, will be deleted when first request is executed
[23:08:58] info: MachineManagement.Provisioning.MachineProvisioner[0]
      Removing provisioning setting
[23:08:58] info: MachineManagement.Provisioning.Mac.MacMachineEnvironment[0]
      Waiting for AuthorizationTokenFile to be dropped by Custom Script Extension...
Starting service provider configuration
Done configuring service provider

√ Connected to GitHub

Current runner version: '2.314.1'
2024-03-24 20:21:15Z: Listening for Jobs
2024-03-24 20:21:21Z: Running job: test Mac OS (macos-12)
