
Tue Apr 27 02:35:49 PDT 2021

Removing old temporary files:

Cleaning out old system announcements:

Removing stale files from /var/rwho:

Disk status:
Filesystem       Size   Used  Avail Capacity iused      ifree %iused  Mounted on
/dev/disk1s5s1  380Gi   14Gi  361Gi     4%  559993 3981980407    0%   /
/dev/disk1s4    380Gi  1.0Mi  361Gi     1%       1 3982540399    0%   /System/Volumes/VM
/dev/disk1s2    380Gi  271Mi  361Gi     1%     705 3982539695    0%   /System/Volumes/Preboot
/dev/disk1s6    380Gi  484Ki  361Gi     1%      19 3982540381    0%   /System/Volumes/Update
/dev/disk1s1    380Gi  3.9Gi  361Gi     2%   68207 3982472193    0%   /System/Volumes/Data

Network interface status:
Name       Mtu   Network       Address            Ipkts Ierrs    Opkts Oerrs  Coll
lo0   16384 <Link#1>                           424     0      424     0     0
lo0   16384 127           localhost            424     -      424     -     -
lo0   16384 localhost   ::1                    424     -      424     -     -
lo0   16384 mac-2165.lo fe80:1::1              424     -      424     -     -
gif0* 1280  <Link#2>                             0     0        0     0     0
stf0* 1280  <Link#3>                             0     0        0     0     0
en0   1500  <Link#4>    00:50:56:9f:32:2e     2779     0     2684     0     0
en0   1500  10.240.239/25 10.240.239.51       2779     -     2684     -     -
utun0 1380  <Link#5>                             0     0        2     0     0
utun0 1380  mac-2165.lo fe80:5::12ba:39ea        0     -        2     -     -
utun1 2000  <Link#6>                             0     0        2     0     0
utun1 2000  mac-2165.lo fe80:6::bf4c:25bd        0     -        2     -     -

Local system status:
 2:35  up 7 mins, 2 users, load averages: 2.67 2.88 1.70

-- End of daily output --

Mon May  3 12:55:43 PDT 2021

Removing old temporary files:

Cleaning out old system announcements:

Removing stale files from /var/rwho:

Disk status:
Filesystem       Size   Used  Avail Capacity iused      ifree %iused  Mounted on
/dev/disk1s5s1  380Gi   14Gi  358Gi     4%  559993 3981980407    0%   /
/dev/disk1s4    380Gi  1.0Mi  358Gi     1%       1 3982540399    0%   /System/Volumes/VM
/dev/disk1s2    380Gi  271Mi  358Gi     1%     705 3982539695    0%   /System/Volumes/Preboot
/dev/disk1s6    380Gi  108Mi  358Gi     1%     395 3982540005    0%   /System/Volumes/Update
/dev/disk1s1    380Gi  6.4Gi  358Gi     2%   78874 3982461526    0%   /System/Volumes/Data
/dev/disk1s5    380Gi   14Gi  358Gi     4%  557541 3981982859    0%   /System/Volumes/Update/mnt1

Network interface status:
Name       Mtu   Network       Address            Ipkts Ierrs    Opkts Oerrs  Coll
lo0   16384 <Link#1>                           633     0      633     0     0
lo0   16384 127           localhost            633     -      633     -     -
lo0   16384 localhost   ::1                    633     -      633     -     -
lo0   16384 mac-2165.lo fe80:1::1              633     -      633     -     -
gif0* 1280  <Link#2>                             0     0        0     0     0
stf0* 1280  <Link#3>                             0     0        0     0     0
en0   1500  <Link#4>    00:50:56:9f:32:2e  1671497     0    18917     0     0
en0   1500  10.240.239/25 10.240.239.51    1671497     -    18917     -     -
utun0 1380  <Link#5>                             0     0        2     0     0
utun0 1380  mac-2165.lo fe80:5::94a5:6f75        0     -        2     -     -
utun1 2000  <Link#6>                             0     0        2     0     0
utun1 2000  mac-2165.lo fe80:6::6da:a369:        0     -        2     -     -

Local system status:
12:55  up 8 mins, 1 user, load averages: 2.15 3.04 2.10

-- End of daily output --

Mon May 24 12:44:37 PDT 2021

Removing old temporary files:

Cleaning out old system announcements:

Removing stale files from /var/rwho:

Disk status:
Filesystem       Size   Used  Avail Capacity iused      ifree %iused  Mounted on
/dev/disk1s5s1  380Gi   14Gi  355Gi     4%  559993 3981980407    0%   /
/dev/disk1s4    380Gi  1.0Mi  355Gi     1%       1 3982540399    0%   /System/Volumes/VM
/dev/disk1s2    380Gi  292Mi  355Gi     1%     799 3982539601    0%   /System/Volumes/Preboot
/dev/disk1s6    380Gi  576Ki  355Gi     1%      23 3982540377    0%   /System/Volumes/Update
/dev/disk1s1    380Gi  9.2Gi  355Gi     3%  124651 3982415749    0%   /System/Volumes/Data
/dev/disk1s5    380Gi   14Gi  355Gi     4%  559995 3981980405    0%   /System/Volumes/Update/mnt1

Network interface status:
Name       Mtu   Network       Address            Ipkts Ierrs    Opkts Oerrs  Coll
lo0   16384 <Link#1>                           612     0      612     0     0
lo0   16384 127           localhost            612     -      612     -     -
lo0   16384 localhost   ::1                    612     -      612     -     -
lo0   16384 mac-2165.lo fe80:1::1              612     -      612     -     -
gif0* 1280  <Link#2>                             0     0        0     0     0
stf0* 1280  <Link#3>                             0     0        0     0     0
en0   1500  <Link#4>    00:50:56:9f:9b:3d  2139819     0    18550     0     0
en0   1500  10.240.239/25 10.240.239.40    2139819     -    18550     -     -
utun0 1380  <Link#5>                             0     0        2     0     0
utun0 1380  mac-2165.lo fe80:5::9022:1243        0     -        2     -     -
utun1 2000  <Link#6>                             0     0        2     0     0
utun1 2000  mac-2165.lo fe80:6::fda2:7adb        0     -        2     -     -

Local system status:
12:44  up 8 mins, 1 user, load averages: 1.42 2.03 1.34

-- End of daily output --

Mon Aug 30 03:16:17 PDT 2021

Removing old temporary files:

Cleaning out old system announcements:

Removing stale files from /var/rwho:

Disk status:
Filesystem       Size   Used  Avail Capacity iused      ifree %iused  Mounted on
/dev/disk1s5s1  380Gi   14Gi  358Gi     4%  553781 3981986619    0%   /
/dev/disk1s4    380Gi  1.0Mi  358Gi     1%       1 3982540399    0%   /System/Volumes/VM
/dev/disk1s2    380Gi  344Mi  358Gi     1%    1413 3982538987    0%   /System/Volumes/Preboot
/dev/disk1s6    380Gi  108Mi  358Gi     1%     395 3982540005    0%   /System/Volumes/Update
/dev/disk1s1    380Gi  6.6Gi  358Gi     2%   77680 3982462720    0%   /System/Volumes/Data
/dev/disk1s5    380Gi   14Gi  358Gi     4%  553783 3981986617    0%   /System/Volumes/Update/mnt1

Network interface status:
Name       Mtu   Network       Address            Ipkts Ierrs    Opkts Oerrs  Coll
lo0   16384 <Link#1>                           605     0      605     0     0
lo0   16384 127           localhost            605     -      605     -     -
lo0   16384 localhost   ::1                    605     -      605     -     -
lo0   16384 mac-2165.lo fe80:1::1              605     -      605     -     -
gif0* 1280  <Link#2>                             0     0        0     0     0
stf0* 1280  <Link#3>                             0     0        0     0     0
en0   1500  <Link#4>    00:50:56:9f:9b:3d  1807148     0    25230     0     0
en0   1500  10.240.239/25 10.240.239.34    1807148     -    25230     -     -
utun0 1380  <Link#5>                             0     0        2     0     0
utun0 1380  mac-2165.lo fe80:5::16f5:ce19        0     -        2     -     -
utun1 2000  <Link#6>                             0     0        2     0     0
utun1 2000  mac-2165.lo fe80:6::7382:2626        0     -        2     -     -

Local system status:
 3:16  up 8 mins, 1 user, load averages: 1.73 2.60 1.81

-- End of daily output --

Tue Sep 14 00:30:37 PDT 2021

Removing old temporary files:

Cleaning out old system announcements:

Removing stale files from /var/rwho:

Disk status:
Filesystem       Size   Used  Avail Capacity iused      ifree %iused  Mounted on
/dev/disk1s5s1  380Gi   14Gi  358Gi     4%  553781 3981986619    0%   /
/dev/disk1s4    380Gi  1.0Mi  358Gi     1%       1 3982540399    0%   /System/Volumes/VM
/dev/disk1s2    380Gi  363Mi  358Gi     1%    1479 3982538921    0%   /System/Volumes/Preboot
/dev/disk1s6    380Gi  2.2Mi  358Gi     1%      23 3982540377    0%   /System/Volumes/Update
/dev/disk1s1    380Gi  6.5Gi  358Gi     2%  113147 3982427253    0%   /System/Volumes/Data
/dev/disk1s5    380Gi   14Gi  358Gi     4%  553783 3981986617    0%   /System/Volumes/Update/mnt1

Network interface status:
Name       Mtu   Network       Address            Ipkts Ierrs    Opkts Oerrs  Coll
lo0   16384 <Link#1>                           616     0      616     0     0
lo0   16384 127           localhost            616     -      616     -     -
lo0   16384 localhost   ::1                    616     -      616     -     -
lo0   16384 mac-2165.lo fe80:1::1              616     -      616     -     -
gif0* 1280  <Link#2>                             0     0        0     0     0
stf0* 1280  <Link#3>                             0     0        0     0     0
en0   1500  <Link#4>    00:50:56:9f:9b:3d  1854279     0    24050     0     0
en0   1500  10.240.239/25 10.240.239.50    1854279     -    24050     -     -
utun0 1380  <Link#5>                             0     0        2     0     0
utun0 1380  mac-2165.lo fe80:5::a25d:4a81        0     -        2     -     -
utun1 2000  <Link#6>                             0     0        2     0     0
utun1 2000  mac-2165.lo fe80:6::67e2:3168        0     -        2     -     -

Local system status:
 0:30  up 7 mins, 1 user, load averages: 1.89 2.76 1.86

-- End of daily output --

Fri Oct 29 06:08:33 PDT 2021

Removing old temporary files:

Cleaning out old system announcements:

Removing stale files from /var/rwho:

Disk status:
Filesystem       Size   Used  Avail Capacity iused      ifree %iused  Mounted on
/dev/disk1s5s1  380Gi   14Gi  358Gi     4%  553788 3981986612    0%   /
/dev/disk1s4    380Gi  1.0Mi  358Gi     1%       1 3982540399    0%   /System/Volumes/VM
/dev/disk1s2    380Gi  389Mi  358Gi     1%    1756 3982538644    0%   /System/Volumes/Preboot
/dev/disk1s6    380Gi  2.4Mi  358Gi     1%      23 3982540377    0%   /System/Volumes/Update
/dev/disk1s1    380Gi  6.5Gi  358Gi     2%  112763 3982427637    0%   /System/Volumes/Data
/dev/disk1s5    380Gi   14Gi  358Gi     4%  553790 3981986610    0%   /System/Volumes/Update/mnt1

Network interface status:
Name       Mtu   Network       Address            Ipkts Ierrs    Opkts Oerrs  Coll
lo0   16384 <Link#1>                           790     0      790     0     0
lo0   16384 127           localhost            790     -      790     -     -
lo0   16384 localhost   ::1                    790     -      790     -     -
lo0   16384 mac-2170.lo fe80:1::1              790     -      790     -     -
gif0* 1280  <Link#2>                             0     0        0     0     0
stf0* 1280  <Link#3>                             0     0        0     0     0
en0   1500  <Link#4>    00:50:56:9f:3d:49  1820964     0    44737     0     0
en0   1500  10.240.239/25 10.240.239.120   1820964     -    44737     -     -
utun0 1380  <Link#5>                             0     0        2     0     0
utun0 1380  mac-2170.lo fe80:5::484e:463:        0     -        2     -     -
utun1 2000  <Link#6>                             0     0        2     0     0
utun1 2000  mac-2170.lo fe80:6::76da:f52:        0     -        2     -     -

Local system status:
 6:08  up 6 mins, 1 user, load averages: 1.50 2.89 1.84

-- End of daily output --

Thu Dec 16 07:09:27 PST 2021

Removing old temporary files:

Cleaning out old system announcements:

Removing stale files from /var/rwho:

Disk status:
Filesystem       Size   Used  Avail Capacity iused      ifree %iused  Mounted on
/dev/disk1s5s1  380Gi   14Gi  358Gi     4%  553787 3981986613    0%   /
/dev/disk1s4    380Gi  1.0Mi  358Gi     1%       1 3982540399    0%   /System/Volumes/VM
/dev/disk1s2    380Gi  415Mi  358Gi     1%    2025 3982538375    0%   /System/Volumes/Preboot
/dev/disk1s6    380Gi  2.6Mi  358Gi     1%      17 3982540383    0%   /System/Volumes/Update
/dev/disk1s1    380Gi  5.9Gi  358Gi     2%   90837 3982449563    0%   /System/Volumes/Data

Network interface status:
Name       Mtu   Network       Address            Ipkts Ierrs    Opkts Oerrs  Coll
lo0   16384 <Link#1>                           647     0      647     0     0
lo0   16384 127           localhost            647     -      647     -     -
lo0   16384 localhost   ::1                    647     -      647     -     -
lo0   16384 mac-2215.lo fe80:1::1              647     -      647     -     -
gif0* 1280  <Link#2>                             0     0        0     0     0
stf0* 1280  <Link#3>                             0     0        0     0     0
en0   1500  <Link#4>    00:50:56:9f:3d:49    44488     0     9484     0     0
en0   1500  10.240.239/25 10.240.239.104     44488     -     9484     -     -
utun0 1380  <Link#5>                             0     0        2     0     0
utun0 1380  mac-2215.lo fe80:5::ade1:3974        0     -        2     -     -
utun1 2000  <Link#6>                             0     0        2     0     0
utun1 2000  mac-2215.lo fe80:6::6620:aa2d        0     -        2     -     -

Local system status:
 7:09  up 7 mins, 1 user, load averages: 2.59 3.75 2.31

-- End of daily output --

Thu Jan 27 06:06:30 PST 2022

Removing old temporary files:

Cleaning out old system announcements:

Removing stale files from /var/rwho:

Disk status:
Filesystem       Size   Used  Avail Capacity iused      ifree %iused  Mounted on
/dev/disk1s5s1  380Gi   14Gi  358Gi     4%  553786 3981986614    0%   /
/dev/disk1s4    380Gi  1.0Mi  358Gi     1%       1 3982540399    0%   /System/Volumes/VM
/dev/disk1s2    380Gi  439Mi  358Gi     1%    2228 3982538172    0%   /System/Volumes/Preboot
/dev/disk1s6    380Gi  2.9Mi  358Gi     1%      23 3982540377    0%   /System/Volumes/Update
/dev/disk1s1    380Gi  6.6Gi  358Gi     2%   88610 3982451790    0%   /System/Volumes/Data
/dev/disk1s5    380Gi   14Gi  358Gi     4%  553788 3981986612    0%   /System/Volumes/Update/mnt1

Network interface status:
Name       Mtu   Network       Address            Ipkts Ierrs    Opkts Oerrs  Coll
lo0   16384 <Link#1>                           960     0      960     0     0
lo0   16384 127           localhost            960     -      960     -     -
lo0   16384 localhost   ::1                    960     -      960     -     -
lo0   16384 mac-2215.lo fe80:1::1              960     -      960     -     -
gif0* 1280  <Link#2>                             0     0        0     0     0
stf0* 1280  <Link#3>                             0     0        0     0     0
en0   1500  <Link#4>    00:50:56:b9:4f:4e  1918672     0    44464     0     0
en0   1500  10/9          10.79.3.209      1918672     -    44464     -     -
utun0 1380  <Link#5>                             0     0        2     0     0
utun0 1380  mac-2215.lo fe80:5::3b2d:c14b        0     -        2     -     -
utun1 2000  <Link#6>                             0     0        2     0     0
utun1 2000  mac-2215.lo fe80:6::7c1f:d72f        0     -        2     -     -

Local system status:
 6:06  up 8 mins, 2 users, load averages: 1.33 3.22 2.36

-- End of daily output --

Mon Jan 31 06:57:15 PST 2022

Removing old temporary files:

Cleaning out old system announcements:

Removing stale files from /var/rwho:

Disk status:
Filesystem       Size   Used  Avail Capacity iused      ifree %iused  Mounted on
/dev/disk1s5s1  380Gi   19Gi  354Gi     6%  553786 3981986614    0%   /
/dev/disk1s4    380Gi  1.0Mi  354Gi     1%       1 3982540399    0%   /System/Volumes/VM
/dev/disk1s2    380Gi  439Mi  354Gi     1%    2228 3982538172    0%   /System/Volumes/Preboot
/dev/disk1s6    380Gi  110Mi  354Gi     1%     394 3982540006    0%   /System/Volumes/Update
/dev/disk1s1    380Gi  6.0Gi  354Gi     2%   81187 3982459213    0%   /System/Volumes/Data
/dev/disk1s5    380Gi   19Gi  354Gi     6%  553787 3981986613    0%   /System/Volumes/Update/mnt1

Network interface status:
Name       Mtu   Network       Address            Ipkts Ierrs    Opkts Oerrs  Coll
lo0   16384 <Link#1>                           448     0      448     0     0
lo0   16384 127           localhost            448     -      448     -     -
lo0   16384 localhost   ::1                    448     -      448     -     -
lo0   16384 mac-2265.lo fe80:1::1              448     -      448     -     -
gif0* 1280  <Link#2>                             0     0        0     0     0
stf0* 1280  <Link#3>                             0     0        0     0     0
en0   1500  <Link#4>    00:50:56:b9:4f:4e     6608     0     4166     0     0
en0   1500  10/9          10.79.3.209         6608     -     4166     -     -
utun0 1380  <Link#5>                             0     0        2     0     0
utun0 1380  mac-2265.lo fe80:5::29d2:4f9e        0     -        2     -     -
utun1 2000  <Link#6>                             0     0        2     0     0
utun1 2000  mac-2265.lo fe80:6::1503:c863        0     -        2     -     -

Local system status:
 6:57  up 7 mins, 2 users, load averages: 2.82 4.70 3.05

-- End of daily output --

Fri Feb 11 02:38:47 PST 2022

Removing old temporary files:

Cleaning out old system announcements:

Removing stale files from /var/rwho:

Disk status:
Filesystem       Size   Used  Avail Capacity iused      ifree %iused  Mounted on
/dev/disk1s5s1  380Gi   14Gi  361Gi     4%  553785 3981986615    0%   /
/dev/disk1s4    380Gi  1.0Mi  361Gi     1%       3 3982540397    0%   /System/Volumes/VM
/dev/disk1s2    380Gi  462Mi  361Gi     1%    2420 3982537980    0%   /System/Volumes/Preboot
/dev/disk1s6    380Gi  3.1Mi  361Gi     1%      20 3982540380    0%   /System/Volumes/Update
/dev/disk1s1    380Gi  3.7Gi  361Gi     2%   77459 3982462941    0%   /System/Volumes/Data

Network interface status:
Name       Mtu   Network       Address            Ipkts Ierrs    Opkts Oerrs  Coll
lo0   16384 <Link#1>                           367     0      367     0     0
lo0   16384 127           localhost            367     -      367     -     -
lo0   16384 localhost   ::1                    367     -      367     -     -
lo0   16384 mac-2265.lo fe80:1::1              367     -      367     -     -
gif0* 1280  <Link#2>                             0     0        0     0     0
stf0* 1280  <Link#3>                             0     0        0     0     0
en0   1500  <Link#4>    00:50:56:b2:58:03    43952     0     8637     0     0
en0   1500  10.40/25      10.40.0.6          43952     -     8637     -     -
utun0 1380  <Link#5>                             0     0        2     0     0
utun0 1380  mac-2265.lo fe80:5::117a:69eb        0     -        2     -     -
utun1 2000  <Link#6>                             0     0        2     0     0
utun1 2000  mac-2265.lo fe80:6::f27a:689c        0     -        2     -     -

Local system status:
 2:38  up 7 mins, 1 user, load averages: 2.60 3.12 1.88

-- End of daily output --

Thu Feb 17 02:03:50 PST 2022

Removing old temporary files:

Cleaning out old system announcements:

Removing stale files from /var/rwho:

Disk status:
Filesystem       Size   Used  Avail Capacity iused      ifree %iused  Mounted on
/dev/disk1s5s1  380Gi   14Gi  358Gi     4%  553785 3981986615    0%   /
/dev/disk1s4    380Gi  1.0Mi  358Gi     1%       3 3982540397    0%   /System/Volumes/VM
/dev/disk1s2    380Gi  462Mi  358Gi     1%    2420 3982537980    0%   /System/Volumes/Preboot
/dev/disk1s6    380Gi  3.1Mi  358Gi     1%      25 3982540375    0%   /System/Volumes/Update
/dev/disk1s1    380Gi  6.2Gi  358Gi     2%   79352 3982461048    0%   /System/Volumes/Data
/dev/disk1s5    380Gi   14Gi  358Gi     4%  553787 3981986613    0%   /System/Volumes/Update/mnt1

Network interface status:
Name       Mtu   Network       Address            Ipkts Ierrs    Opkts Oerrs  Coll
lo0   16384 <Link#1>                           749     0      749     0     0
lo0   16384 127           localhost            749     -      749     -     -
lo0   16384 localhost   ::1                    749     -      749     -     -
lo0   16384 mac-2330.lo fe80:1::1              749     -      749     -     -
gif0* 1280  <Link#2>                             0     0        0     0     0
stf0* 1280  <Link#3>                             0     0        0     0     0
en0   1500  <Link#4>    00:50:56:b2:58:03  1556204     0    26485     0     0
en0   1500  10.40/25      10.40.0.6        1556204     -    26485     -     -
utun0 1380  <Link#5>                             0     0        2     0     0
utun0 1380  mac-2330.lo fe80:5::27f5:3d55        0     -        2     -     -
utun1 2000  <Link#6>                             0     0        2     0     0
utun1 2000  mac-2330.lo fe80:6::1cf4:2d8a        0     -        2     -     -

Local system status:
 2:04  up 7 mins, 1 user, load averages: 1.52 2.88 2.03

-- End of daily output --

Sun Feb 27 03:07:27 PST 2022

Removing old temporary files:

Cleaning out old system announcements:

Removing stale files from /var/rwho:

Disk status:
Filesystem       Size   Used  Avail Capacity iused      ifree %iused  Mounted on
/dev/disk1s5s1  380Gi   14Gi  361Gi     4%  553785 3981986615    0%   /
/dev/disk1s4    380Gi  1.0Mi  361Gi     1%       3 3982540397    0%   /System/Volumes/VM
/dev/disk1s2    380Gi  481Mi  361Gi     1%    2485 3982537915    0%   /System/Volumes/Preboot
/dev/disk1s6    380Gi  3.4Mi  361Gi     1%      19 3982540381    0%   /System/Volumes/Update
/dev/disk1s1    380Gi  3.8Gi  361Gi     2%   77711 3982462689    0%   /System/Volumes/Data

Network interface status:
Name       Mtu   Network       Address            Ipkts Ierrs    Opkts Oerrs  Coll
lo0   16384 <Link#1>                           345     0      345     0     0
lo0   16384 127           localhost            345     -      345     -     -
lo0   16384 localhost   ::1                    345     -      345     -     -
lo0   16384 mac-2330.lo fe80:1::1              345     -      345     -     -
gif0* 1280  <Link#2>                             0     0        0     0     0
stf0* 1280  <Link#3>                             0     0        0     0     0
en0   1500  <Link#4>    00:50:56:b2:ec:a8     2734     0     2060     0     0
en0   1500  10.40/25      10.40.0.32          2734     -     2060     -     -
utun0 1380  <Link#5>                             0     0        2     0     0
utun0 1380  mac-2330.lo fe80:5::c54e:35dc        0     -        2     -     -
utun1 2000  <Link#6>                             0     0        2     0     0
utun1 2000  mac-2330.lo fe80:6::9390:5797        0     -        2     -     -

Local system status:
 3:07  up 7 mins, 1 user, load averages: 1.88 2.96 1.88

-- End of daily output --

Tue Mar 22 11:11:15 PDT 2022

Removing old temporary files:

Cleaning out old system announcements:

Removing stale files from /var/rwho:

Disk status:
Filesystem       Size   Used  Avail Capacity iused      ifree %iused  Mounted on
/dev/disk1s5s1  380Gi   14Gi  358Gi     4%  553785 3981986615    0%   /
/dev/disk1s4    380Gi  1.0Mi  358Gi     1%       3 3982540397    0%   /System/Volumes/VM
/dev/disk1s2    380Gi  481Mi  358Gi     1%    2485 3982537915    0%   /System/Volumes/Preboot
/dev/disk1s6    380Gi  3.4Mi  358Gi     1%      25 3982540375    0%   /System/Volumes/Update
/dev/disk1s1    380Gi  6.6Gi  358Gi     2%   87884 3982452516    0%   /System/Volumes/Data
/dev/disk1s5    380Gi   14Gi  358Gi     4%  553787 3981986613    0%   /System/Volumes/Update/mnt1

Network interface status:
Name       Mtu   Network       Address            Ipkts Ierrs    Opkts Oerrs  Coll
lo0   16384 <Link#1>                           814     0      814     0     0
lo0   16384 127           localhost            814     -      814     -     -
lo0   16384 localhost   ::1                    814     -      814     -     -
lo0   16384 mac-2330.lo fe80:1::1              814     -      814     -     -
gif0* 1280  <Link#2>                             0     0        0     0     0
stf0* 1280  <Link#3>                             0     0        0     0     0
en0   1500  <Link#4>    00:50:56:b2:ec:a8  1894392     0    33817     0     0
en0   1500  10.40/25      10.40.0.72       1894392     -    33817     -     -
utun0 1380  <Link#5>                             0     0        2     0     0
utun0 1380  mac-2330.lo fe80:5::a555:d3ed        0     -        2     -     -
utun1 2000  <Link#6>                             0     0        2     0     0
utun1 2000  mac-2330.lo fe80:6::d6f2:d53:        0     -        2     -     -

Local system status:
11:11  up 8 mins, 1 user, load averages: 1.14 2.27 1.64

-- End of daily output --

Tue Apr 12 06:26:09 PDT 2022

Removing old temporary files:

Cleaning out old system announcements:

Removing stale files from /var/rwho:

Disk status:
Filesystem       Size   Used  Avail Capacity iused      ifree %iused  Mounted on
/dev/disk1s5s1  380Gi   14Gi  361Gi     4%  553785 3981986615    0%   /
/dev/disk1s4    380Gi  1.0Mi  361Gi     1%       3 3982540397    0%   /System/Volumes/VM
/dev/disk1s2    380Gi  505Mi  361Gi     1%    2677 3982537723    0%   /System/Volumes/Preboot
/dev/disk1s6    380Gi  3.6Mi  361Gi     1%      19 3982540381    0%   /System/Volumes/Update
/dev/disk1s1    380Gi  3.7Gi  361Gi     2%   80109 3982460291    0%   /System/Volumes/Data

Network interface status:
Name       Mtu   Network       Address            Ipkts Ierrs    Opkts Oerrs  Coll
lo0   16384 <Link#1>                          1310     0     1310     0     0
lo0   16384 127           localhost           1310     -     1310     -     -
lo0   16384 localhost   ::1                   1310     -     1310     -     -
lo0   16384 mac-2348.lo fe80:1::1             1310     -     1310     -     -
gif0* 1280  <Link#2>                             0     0        0     0     0
stf0* 1280  <Link#3>                             0     0        0     0     0
en0   1500  <Link#4>    00:50:56:b2:a4:0e    30342     0     9746     0     0
en0   1500  10.40/25      10.40.0.99         30342     -     9746     -     -
utun0 1380  <Link#5>                             0     0        2     0     0
utun0 1380  mac-2348.lo fe80:5::bc55:3839        0     -        2     -     -
utun1 2000  <Link#6>                             0     0        2     0     0
utun1 2000  mac-2348.lo fe80:6::17c7:9e56        0     -        2     -     -

Local system status:
 6:26  up 7 mins, 1 user, load averages: 3.34 4.87 3.12

-- End of daily output --

Wed Apr 13 05:00:10 PDT 2022

Removing old temporary files:

Cleaning out old system announcements:

Removing stale files from /var/rwho:

Disk status:
Filesystem       Size   Used  Avail Capacity iused      ifree %iused  Mounted on
/dev/disk1s5s1  380Gi   14Gi  361Gi     4%  553785 3981986615    0%   /
/dev/disk1s4    380Gi  1.0Mi  361Gi     1%       3 3982540397    0%   /System/Volumes/VM
/dev/disk1s2    380Gi  505Mi  361Gi     1%    2677 3982537723    0%   /System/Volumes/Preboot
/dev/disk1s6    380Gi  3.8Mi  361Gi     1%      19 3982540381    0%   /System/Volumes/Update
/dev/disk1s1    380Gi  3.5Gi  361Gi     1%   77619 3982462781    0%   /System/Volumes/Data

Network interface status:
Name       Mtu   Network       Address            Ipkts Ierrs    Opkts Oerrs  Coll
lo0   16384 <Link#1>                           354     0      354     0     0
lo0   16384 127           localhost            354     -      354     -     -
lo0   16384 localhost   ::1                    354     -      354     -     -
lo0   16384 mac-2358.lo fe80:1::1              354     -      354     -     -
gif0* 1280  <Link#2>                             0     0        0     0     0
stf0* 1280  <Link#3>                             0     0        0     0     0
en0   1500  <Link#4>    00:50:56:b2:14:97     1603     0      817     0     0
en0   1500  10.40/25      10.40.0.39          1603     -      817     -     -
utun0 1380  <Link#5>                             0     0        2     0     0
utun0 1380  mac-2358.lo fe80:5::f731:a832        0     -        2     -     -
utun1 2000  <Link#6>                             0     0        2     0     0
utun1 2000  mac-2358.lo fe80:6::3ec1:80f3        0     -        2     -     -

Local system status:
 5:00  up 6 mins, 1 user, load averages: 3.50 4.31 2.44

-- End of daily output --

Wed May 18 14:17:29 PDT 2022

Removing old temporary files:

Cleaning out old system announcements:

Removing stale files from /var/rwho:

Disk status:
Filesystem       Size   Used  Avail Capacity iused      ifree %iused  Mounted on
/dev/disk1s5s1  380Gi   14Gi  361Gi     4%  553785 3981986615    0%   /
/dev/disk1s4    380Gi  1.0Mi  361Gi     1%       3 3982540397    0%   /System/Volumes/VM
/dev/disk1s2    380Gi  505Mi  361Gi     1%    2677 3982537723    0%   /System/Volumes/Preboot
/dev/disk1s6    380Gi  3.9Mi  361Gi     1%      19 3982540381    0%   /System/Volumes/Update
/dev/disk1s1    380Gi  3.6Gi  361Gi     1%   78787 3982461613    0%   /System/Volumes/Data

Network interface status:
Name       Mtu   Network       Address            Ipkts Ierrs    Opkts Oerrs  Coll
lo0   16384 <Link#1>                           771     0      771     0     0
lo0   16384 127           localhost            771     -      771     -     -
lo0   16384 localhost   ::1                    771     -      771     -     -
lo0   16384 mac-2392.lo fe80:1::1              771     -      771     -     -
gif0* 1280  <Link#2>                             0     0        0     0     0
stf0* 1280  <Link#3>                             0     0        0     0     0
en0   1500  <Link#4>    00:50:56:b2:aa:88    53128     0    11564     0     0
en0   1500  10.40/25      10.40.0.44         53128     -    11564     -     -
utun0 1380  <Link#5>                             0     0        2     0     0
utun0 1380  mac-2392.lo fe80:5::47c3:4bfb        0     -        2     -     -
utun1 2000  <Link#6>                             0     0        2     0     0
utun1 2000  mac-2392.lo fe80:6::71c0:6346        0     -        2     -     -

Local system status:
14:17  up 7 mins, 2 users, load averages: 2.53 3.23 1.99

-- End of daily output --

Mon May 23 01:00:01 PDT 2022

Removing old temporary files:

Cleaning out old system announcements:

Removing stale files from /var/rwho:

Disk status:
Filesystem       Size   Used  Avail Capacity iused      ifree %iused  Mounted on
/dev/disk1s5s1  380Gi   14Gi  358Gi     4%  553785 3981986615    0%   /
/dev/disk1s4    380Gi  1.0Mi  358Gi     1%       3 3982540397    0%   /System/Volumes/VM
/dev/disk1s2    380Gi  505Mi  358Gi     1%    2677 3982537723    0%   /System/Volumes/Preboot
/dev/disk1s6    380Gi  3.9Mi  358Gi     1%      25 3982540375    0%   /System/Volumes/Update
/dev/disk1s1    380Gi  6.5Gi  358Gi     2%   93191 3982447209    0%   /System/Volumes/Data
/dev/disk1s5    380Gi   14Gi  358Gi     4%  553787 3981986613    0%   /System/Volumes/Update/mnt1

Network interface status:
Name       Mtu   Network       Address            Ipkts Ierrs    Opkts Oerrs  Coll
lo0   16384 <Link#1>                           622     0      622     0     0
lo0   16384 127           localhost            622     -      622     -     -
lo0   16384 localhost   ::1                    622     -      622     -     -
lo0   16384 mac-2392.lo fe80:1::1              622     -      622     -     -
gif0* 1280  <Link#2>                             0     0        0     0     0
stf0* 1280  <Link#3>                             0     0        0     0     0
en0   1500  <Link#4>    00:50:56:b2:aa:88  1899856     0    38185     0     0
en0   1500  10.40/25      10.40.0.44       1899856     -    38185     -     -
utun0 1380  <Link#5>                             0     0        2     0     0
utun0 1380  mac-2392.lo fe80:5::4e21:a883        0     -        2     -     -
utun1 2000  <Link#6>                             0     0        2     0     0
utun1 2000  mac-2392.lo fe80:6::c5b3:269e        0     -        2     -     -

Local system status:
 1:00  up 8 mins, 2 users, load averages: 1.79 5.72 4.31

-- End of daily output --

Fri Jul  1 12:37:46 PDT 2022

Removing old temporary files:

Cleaning out old system announcements:

Removing stale files from /var/rwho:

Disk status:
Filesystem       Size   Used  Avail Capacity iused      ifree %iused  Mounted on
/dev/disk1s5s1  380Gi   14Gi  355Gi     4%  553605 3981986795    0%   /
/dev/disk1s4    380Gi  1.0Mi  355Gi     1%       3 3982540397    0%   /System/Volumes/VM
/dev/disk1s2    380Gi  529Mi  355Gi     1%    2873 3982537527    0%   /System/Volumes/Preboot
/dev/disk1s6    380Gi  4.2Mi  355Gi     1%      25 3982540375    0%   /System/Volumes/Update
/dev/disk1s1    380Gi  9.1Gi  355Gi     3%   89278 3982451122    0%   /System/Volumes/Data
/dev/disk1s5    380Gi   14Gi  355Gi     4%  553607 3981986793    0%   /System/Volumes/Update/mnt1

Network interface status:
Name       Mtu   Network       Address            Ipkts Ierrs    Opkts Oerrs  Coll
lo0   16384 <Link#1>                           603     0      603     0     0
lo0   16384 127           localhost            603     -      603     -     -
lo0   16384 localhost   ::1                    603     -      603     -     -
lo0   16384 mac-2392.lo fe80:1::1              603     -      603     -     -
gif0* 1280  <Link#2>                             0     0        0     0     0
stf0* 1280  <Link#3>                             0     0        0     0     0
en0   1500  <Link#4>    00:50:56:b2:0c:af  1785028     0    20553     0     0
en0   1500  10.40/25      10.40.0.64       1785028     -    20553     -     -
utun0 1380  <Link#5>                             0     0        2     0     0
utun0 1380  mac-2392.lo fe80:5::8536:89a2        0     -        2     -     -
utun1 2000  <Link#6>                             0     0        2     0     0
utun1 2000  mac-2392.lo fe80:6::c858:2179        0     -        2     -     -

Local system status:
12:38  up 7 mins, 2 users, load averages: 1.44 2.22 1.46

-- End of daily output --

Mon Jul  4 02:15:37 PDT 2022

Removing old temporary files:

Cleaning out old system announcements:

Removing stale files from /var/rwho:

Disk status:
Filesystem       Size   Used  Avail Capacity iused      ifree %iused  Mounted on
/dev/disk1s5s1  380Gi   14Gi  360Gi     4%  553605 3981986795    0%   /
/dev/disk1s4    380Gi  1.0Mi  360Gi     1%       3 3982540397    0%   /System/Volumes/VM
/dev/disk1s2    380Gi  548Mi  360Gi     1%    2935 3982537465    0%   /System/Volumes/Preboot
/dev/disk1s6    380Gi  4.6Mi  360Gi     1%      21 3982540379    0%   /System/Volumes/Update
/dev/disk1s1    380Gi  4.1Gi  360Gi     2%   81283 3982459117    0%   /System/Volumes/Data

Network interface status:
Name       Mtu   Network       Address            Ipkts Ierrs    Opkts Oerrs  Coll
lo0   16384 <Link#1>                          1321     0     1321     0     0
lo0   16384 127           localhost           1321     -     1321     -     -
lo0   16384 localhost   ::1                   1321     -     1321     -     -
lo0   16384 mac-2392.lo fe80:1::1             1321     -     1321     -     -
gif0* 1280  <Link#2>                             0     0        0     0     0
stf0* 1280  <Link#3>                             0     0        0     0     0
en0   1500  <Link#4>    00:50:56:b2:0c:af    38835     0    37065     0     0
en0   1500  10.40/25      10.40.0.64         38835     -    37065     -     -
utun0 1380  <Link#5>                             0     0        2     0     0
utun0 1380  mac-2392.lo fe80:5::af16:f137        0     -        2     -     -
utun1 2000  <Link#6>                             0     0        2     0     0
utun1 2000  mac-2392.lo fe80:6::3eed:f869        0     -        2     -     -

Local system status:
 2:15  up 2 days, 13:13, 1 user, load averages: 3.34 2.98 2.67

-- End of daily output --

Thu Jul 21 05:46:11 PDT 2022

Removing old temporary files:

Cleaning out old system announcements:

Removing stale files from /var/rwho:

Disk status:
Filesystem       Size   Used  Avail Capacity iused      ifree %iused  Mounted on
/dev/disk1s5s1  380Gi   14Gi  357Gi     4%  553605 3981986795    0%   /
/dev/disk1s4    380Gi  1.0Mi  357Gi     1%       3 3982540397    0%   /System/Volumes/VM
/dev/disk1s2    380Gi  548Mi  357Gi     1%    2935 3982537465    0%   /System/Volumes/Preboot
/dev/disk1s6    380Gi  4.5Mi  357Gi     1%      25 3982540375    0%   /System/Volumes/Update
/dev/disk1s1    380Gi  6.8Gi  357Gi     2%   91526 3982448874    0%   /System/Volumes/Data
/dev/disk1s5    380Gi   14Gi  357Gi     4%  553607 3981986793    0%   /System/Volumes/Update/mnt1

Network interface status:
Name       Mtu   Network       Address            Ipkts Ierrs    Opkts Oerrs  Coll
lo0   16384 <Link#1>                           948     0      948     0     0
lo0   16384 127           localhost            948     -      948     -     -
lo0   16384 localhost   ::1                    948     -      948     -     -
lo0   16384 mac-2392.lo fe80:1::1              948     -      948     -     -
gif0* 1280  <Link#2>                             0     0        0     0     0
stf0* 1280  <Link#3>                             0     0        0     0     0
en0   1500  <Link#4>    00:50:56:b2:dd:8b  1876993     0    98529     0     0
en0   1500  10.40/25      10.40.0.29       1876993     -    98529     -     -
utun0 1380  <Link#5>                             0     0        2     0     0
utun0 1380  mac-2392.lo fe80:5::178d:ee71        0     -        2     -     -
utun1 2000  <Link#6>                             0     0        2     0     0
utun1 2000  mac-2392.lo fe80:6::56b5:ca08        0     -        2     -     -

Local system status:
 5:46  up 9 mins, 1 user, load averages: 2.40 5.49 4.49

-- End of daily output --

Mon Aug 22 03:07:10 PDT 2022

Removing old temporary files:

Cleaning out old system announcements:

Removing stale files from /var/rwho:

Disk status:
Filesystem       Size   Used  Avail Capacity iused      ifree %iused  Mounted on
/dev/disk1s5s1  380Gi   14Gi  360Gi     4%  553696 3981986704    0%   /
/dev/disk1s4    380Gi  1.0Mi  360Gi     1%       3 3982540397    0%   /System/Volumes/VM
/dev/disk1s2    380Gi  572Mi  360Gi     1%    3128 3982537272    0%   /System/Volumes/Preboot
/dev/disk1s6    380Gi  4.7Mi  360Gi     1%      20 3982540380    0%   /System/Volumes/Update
/dev/disk1s1    380Gi  4.0Gi  360Gi     2%   81394 3982459006    0%   /System/Volumes/Data

Network interface status:
Name       Mtu   Network       Address            Ipkts Ierrs    Opkts Oerrs  Coll
lo0   16384 <Link#1>                           877     0      877     0     0
lo0   16384 127           localhost            877     -      877     -     -
lo0   16384 localhost   ::1                    877     -      877     -     -
lo0   16384 mac-2392.lo fe80:1::1              877     -      877     -     -
gif0* 1280  <Link#2>                             0     0        0     0     0
stf0* 1280  <Link#3>                             0     0        0     0     0
en0   1500  <Link#4>    00:50:56:b2:ca:dc   108318     1    31215     0     0
en0   1500  10.40/25      10.40.0.71        108318     -    31215     -     -
utun0 1380  <Link#5>                             0     0        2     0     0
utun0 1380  mac-2392.lo fe80:5::2a42:8173        0     -        2     -     -
utun1 2000  <Link#6>                             0     0        2     0     0
utun1 2000  mac-2392.lo fe80:6::eec6:5b57        0     -        2     -     -

Local system status:
 3:07  up 7 mins, 1 user, load averages: 3.58 3.87 2.37

-- End of daily output --

Mon Sep 12 12:49:38 PDT 2022

Removing old temporary files:

Cleaning out old system announcements:

Removing stale files from /var/rwho:

Disk status:
Filesystem       Size   Used  Avail Capacity iused      ifree %iused  Mounted on
/dev/disk1s5s1  380Gi   14Gi  358Gi     4%  553696 3981986704    0%   /
/dev/disk1s4    380Gi  1.0Mi  358Gi     1%       3 3982540397    0%   /System/Volumes/VM
/dev/disk1s2    380Gi  572Mi  358Gi     1%    3128 3982537272    0%   /System/Volumes/Preboot
/dev/disk1s6    380Gi  4.7Mi  358Gi     1%      25 3982540375    0%   /System/Volumes/Update
/dev/disk1s1    380Gi  6.5Gi  358Gi     2%  121353 3982419047    0%   /System/Volumes/Data
/dev/disk1s5    380Gi   14Gi  358Gi     4%  553698 3981986702    0%   /System/Volumes/Update/mnt1

Network interface status:
Name       Mtu   Network       Address            Ipkts Ierrs    Opkts Oerrs  Coll
lo0   16384 <Link#1>                           720     0      720     0     0
lo0   16384 127           localhost            720     -      720     -     -
lo0   16384 localhost   ::1                    720     -      720     -     -
lo0   16384 mac-2392.lo fe80:1::1              720     -      720     -     -
gif0* 1280  <Link#2>                             0     0        0     0     0
stf0* 1280  <Link#3>                             0     0        0     0     0
en0   1500  <Link#4>    00:50:56:b2:ca:dc  1849233     0    31111     0     0
en0   1500  10.40/25      10.40.0.16       1849233     -    31111     -     -
utun0 1380  <Link#5>                             0     0        2     0     0
utun0 1380  mac-2392.lo fe80:5::3523:7ea:        0     -        2     -     -
utun1 2000  <Link#6>                             0     0        2     0     0
utun1 2000  mac-2392.lo fe80:6::5d23:89f5        0     -        2     -     -

Local system status:
12:49  up 6 mins, 1 user, load averages: 1.80 2.91 1.82

-- End of daily output --

Fri Sep 23 07:56:54 PDT 2022

Removing old temporary files:

Cleaning out old system announcements:

Removing stale files from /var/rwho:

Disk status:
Filesystem       Size   Used  Avail Capacity iused      ifree %iused  Mounted on
/dev/disk1s5s1  380Gi   14Gi  360Gi     4%  553679 3981986721    0%   /
/dev/disk1s4    380Gi  1.0Mi  360Gi     1%       3 3982540397    0%   /System/Volumes/VM
/dev/disk1s2    380Gi  598Mi  360Gi     1%    3391 3982537009    0%   /System/Volumes/Preboot
/dev/disk1s6    380Gi  4.9Mi  360Gi     1%      20 3982540380    0%   /System/Volumes/Update
/dev/disk1s1    380Gi  4.0Gi  360Gi     2%   82722 3982457678    0%   /System/Volumes/Data

Network interface status:
Name       Mtu   Network       Address            Ipkts Ierrs    Opkts Oerrs  Coll
lo0   16384 <Link#1>                           508     0      508     0     0
lo0   16384 127           localhost            508     -      508     -     -
lo0   16384 localhost   ::1                    508     -      508     -     -
lo0   16384 mac-2392.lo fe80:1::1              508     -      508     -     -
gif0* 1280  <Link#2>                             0     0        0     0     0
stf0* 1280  <Link#3>                             0     0        0     0     0
en0   1500  <Link#4>    00:50:56:b2:ca:dc    22041     0     5604     0     0
en0   1500  10.40/25      10.40.0.16         22041     -     5604     -     -
utun0 1380  <Link#5>                             0     0        2     0     0
utun0 1380  mac-2392.lo fe80:5::44a7:c3db        0     -        2     -     -
utun1 2000  <Link#6>                             0     0        2     0     0
utun1 2000  mac-2392.lo fe80:6::934b:ad40        0     -        2     -     -

Local system status:
 7:57  up 2 mins, 1 user, load averages: 13.72 4.79 1.84

-- End of daily output --

Wed Oct 26 02:39:33 PDT 2022

Removing old temporary files:

Cleaning out old system announcements:

Removing stale files from /var/rwho:

Disk status:
Filesystem       Size   Used  Avail Capacity iused      ifree %iused  Mounted on
/dev/disk1s5s1  380Gi   14Gi  361Gi     4%  553679 3981986721    0%   /
/dev/disk1s4    380Gi  1.0Mi  361Gi     1%       3 3982540397    0%   /System/Volumes/VM
/dev/disk1s2    380Gi  598Mi  361Gi     1%    3391 3982537009    0%   /System/Volumes/Preboot
/dev/disk1s6    380Gi  4.9Mi  361Gi     1%      19 3982540381    0%   /System/Volumes/Update
/dev/disk1s1    380Gi  3.5Gi  361Gi     1%   80947 3982459453    0%   /System/Volumes/Data

Network interface status:
Name       Mtu   Network       Address            Ipkts Ierrs    Opkts Oerrs  Coll
lo0   16384 <Link#1>                           395     0      395     0     0
lo0   16384 127           localhost            395     -      395     -     -
lo0   16384 localhost   ::1                    395     -      395     -     -
lo0   16384 mac-2516.lo fe80:1::1              395     -      395     -     -
gif0* 1280  <Link#2>                             0     0        0     0     0
stf0* 1280  <Link#3>                             0     0        0     0     0
en0   1500  <Link#4>    00:50:56:b2:bd:42    34297     0     6418     0     0
en0   1500  10.40/25      10.40.0.13         34297     -     6418     -     -
utun0 1380  <Link#5>                             0     0        2     0     0
utun0 1380  mac-2516.lo fe80:5::f0e0:de71        0     -        2     -     -
utun1 2000  <Link#6>                             0     0        2     0     0
utun1 2000  mac-2516.lo fe80:6::4925:90d9        0     -        2     -     -

Local system status:
 2:39  up 2 mins, 1 user, load averages: 11.55 5.64 2.30

-- End of daily output --

Thu Nov  3 04:18:38 PDT 2022

Removing old temporary files:

Cleaning out old system announcements:

Removing stale files from /var/rwho:

Disk status:
Filesystem       Size   Used  Avail Capacity iused      ifree %iused  Mounted on
/dev/disk1s5s1  380Gi   14Gi  360Gi     4%  553723 3981986677    0%   /
/dev/disk1s4    380Gi  1.0Mi  360Gi     1%       3 3982540397    0%   /System/Volumes/VM
/dev/disk1s2    380Gi  621Mi  360Gi     1%    3579 3982536821    0%   /System/Volumes/Preboot
/dev/disk1s6    380Gi  5.1Mi  360Gi     1%      20 3982540380    0%   /System/Volumes/Update
/dev/disk1s1    380Gi  3.9Gi  360Gi     2%   84182 3982456218    0%   /System/Volumes/Data

Network interface status:
Name       Mtu   Network       Address            Ipkts Ierrs    Opkts Oerrs  Coll
lo0   16384 <Link#1>                           352     0      352     0     0
lo0   16384 127           localhost            352     -      352     -     -
lo0   16384 localhost   ::1                    352     -      352     -     -
lo0   16384 mac-2516.lo fe80:1::1              352     -      352     -     -
gif0* 1280  <Link#2>                             0     0        0     0     0
stf0* 1280  <Link#3>                             0     0        0     0     0
en0   1500  <Link#4>    00:50:56:b2:bd:42    16562     0     4807     0     0
en0   1500  10.40/25      10.40.0.13         16562     -     4807     -     -
utun0 1380  <Link#5>                             0     0        2     0     0
utun0 1380  mac-2516.lo fe80:5::765:326b:        0     -        2     -     -
utun1 2000  <Link#6>                             0     0        2     0     0
utun1 2000  mac-2516.lo fe80:6::fc4d:966d        0     -        2     -     -

Local system status:
 4:18  up 2 mins, 1 user, load averages: 9.50 4.74 1.94

-- End of daily output --

Thu Nov 17 05:48:40 PST 2022

Removing old temporary files:

Cleaning out old system announcements:

Removing stale files from /var/rwho:

Disk status:
Filesystem       Size   Used  Avail Capacity iused      ifree %iused  Mounted on
/dev/disk1s5s1  380Gi   14Gi  361Gi     4%  553723 3981986677    0%   /
/dev/disk1s4    380Gi  1.0Mi  361Gi     1%       3 3982540397    0%   /System/Volumes/VM
/dev/disk1s2    380Gi  621Mi  361Gi     1%    3579 3982536821    0%   /System/Volumes/Preboot
/dev/disk1s6    380Gi  5.2Mi  361Gi     1%      19 3982540381    0%   /System/Volumes/Update
/dev/disk1s1    380Gi  3.5Gi  361Gi     1%   80221 3982460179    0%   /System/Volumes/Data

Network interface status:
Name       Mtu   Network       Address            Ipkts Ierrs    Opkts Oerrs  Coll
lo0   16384 <Link#1>                           323     0      323     0     0
lo0   16384 127           localhost            323     -      323     -     -
lo0   16384 localhost   ::1                    323     -      323     -     -
lo0   16384 mac-2516.lo fe80:1::1              323     -      323     -     -
gif0* 1280  <Link#2>                             0     0        0     0     0
stf0* 1280  <Link#3>                             0     0        0     0     0
en0   1500  <Link#4>    00:50:56:b2:bd:42    10465     0     3199     0     0
en0   1500  10.40/25      10.40.0.71         10465     -     3199     -     -
utun0 1380  <Link#5>                             0     0        2     0     0
utun0 1380  mac-2516.lo fe80:5::9581:8240        0     -        2     -     -
utun1 2000  <Link#6>                             0     0        2     0     0
utun1 2000  mac-2516.lo fe80:6::cec4:512d        0     -        2     -     -

Local system status:
 5:49  up 1 min, 1 user, load averages: 16.89 5.33 2.02

-- End of daily output --

Thu Dec  8 04:14:54 PST 2022

Removing old temporary files:

Cleaning out old system announcements:

Removing stale files from /var/rwho:

Disk status:
Filesystem       Size   Used  Avail Capacity iused      ifree %iused  Mounted on
/dev/disk1s5s1  380Gi   14Gi  361Gi     4%  553723 3981986677    0%   /
/dev/disk1s4    380Gi  1.0Mi  361Gi     1%       3 3982540397    0%   /System/Volumes/VM
/dev/disk1s2    380Gi  621Mi  361Gi     1%    3579 3982536821    0%   /System/Volumes/Preboot
/dev/disk1s6    380Gi  5.2Mi  361Gi     1%      19 3982540381    0%   /System/Volumes/Update
/dev/disk1s1    380Gi  3.5Gi  361Gi     1%   81044 3982459356    0%   /System/Volumes/Data

Network interface status:
Name       Mtu   Network       Address            Ipkts Ierrs    Opkts Oerrs  Coll
lo0   16384 <Link#1>                           349     0      349     0     0
lo0   16384 127           localhost            349     -      349     -     -
lo0   16384 localhost   ::1                    349     -      349     -     -
lo0   16384 mac-2516.lo fe80:1::1              349     -      349     -     -
gif0* 1280  <Link#2>                             0     0        0     0     0
stf0* 1280  <Link#3>                             0     0        0     0     0
en0   1500  <Link#4>    00:50:56:8a:59:9c    31680     0     4897     0     0
en0   1500  10.212.0.128/ 10.212.0.168       31680     -     4897     -     -
utun0 1380  <Link#5>                             0     0        2     0     0
utun0 1380  mac-2516.lo fe80:5::83e8:e99f        0     -        2     -     -
utun1 2000  <Link#6>                             0     0        2     0     0
utun1 2000  mac-2516.lo fe80:6::751d:d8d7        0     -        2     -     -

Local system status:
 4:15  up 2 mins, 1 user, load averages: 11.18 6.01 2.50

-- End of daily output --

Wed Dec 14 02:17:14 PST 2022

Removing old temporary files:

Cleaning out old system announcements:

Removing stale files from /var/rwho:

Disk status:
Filesystem       Size   Used  Avail Capacity iused      ifree %iused  Mounted on
/dev/disk1s5s1  380Gi   14Gi  361Gi     4%  553723 3981986677    0%   /
/dev/disk1s4    380Gi  1.0Mi  361Gi     1%       3 3982540397    0%   /System/Volumes/VM
/dev/disk1s2    380Gi  621Mi  361Gi     1%    3579 3982536821    0%   /System/Volumes/Preboot
/dev/disk1s6    380Gi  5.2Mi  361Gi     1%      19 3982540381    0%   /System/Volumes/Update
/dev/disk1s1    380Gi  3.4Gi  361Gi     1%   80115 3982460285    0%   /System/Volumes/Data

Network interface status:
Name       Mtu   Network       Address            Ipkts Ierrs    Opkts Oerrs  Coll
lo0   16384 <Link#1>                           656     0      656     0     0
lo0   16384 127           localhost            656     -      656     -     -
lo0   16384 localhost   ::1                    656     -      656     -     -
lo0   16384 mac-2516.lo fe80:1::1              656     -      656     -     -
gif0* 1280  <Link#2>                             0     0        0     0     0
stf0* 1280  <Link#3>                             0     0        0     0     0
en0   1500  <Link#4>    00:50:56:8a:59:9c     8252     0     4720     0     0
en0   1500  10.212.0.128/ 10.212.0.168        8252     -     4720     -     -
utun0 1380  <Link#5>                             0     0        2     0     0
utun0 1380  mac-2516.lo fe80:5::a8d2:e38c        0     -        2     -     -
utun1 2000  <Link#6>                             0     0        2     0     0
utun1 2000  mac-2516.lo fe80:6::4dfb:cf28        0     -        2     -     -

Local system status:
 2:17  up 6 mins, 1 user, load averages: 3.00 3.81 2.20

-- End of daily output --

Wed Jan 25 02:45:28 PST 2023

Removing old temporary files:

Cleaning out old system announcements:

Removing stale files from /var/rwho:

Disk status:
Filesystem       Size   Used  Avail Capacity iused      ifree %iused  Mounted on
/dev/disk1s5s1  380Gi   14Gi  355Gi     4%  553722 3981986678    0%   /
/dev/disk1s4    380Gi  1.0Mi  355Gi     1%       3 3982540397    0%   /System/Volumes/VM
/dev/disk1s2    380Gi  644Mi  355Gi     1%    3776 3982536624    0%   /System/Volumes/Preboot
/dev/disk1s6    380Gi  5.4Mi  355Gi     1%      25 3982540375    0%   /System/Volumes/Update
/dev/disk1s1    380Gi  9.3Gi  355Gi     3%  100671 3982439729    0%   /System/Volumes/Data
/dev/disk1s5    380Gi   14Gi  355Gi     4%  553724 3981986676    0%   /System/Volumes/Update/mnt1

Network interface status:
Name       Mtu   Network       Address            Ipkts Ierrs    Opkts Oerrs  Coll
lo0   16384 <Link#1>                           700     0      700     0     0
lo0   16384 127           localhost            700     -      700     -     -
lo0   16384 localhost   ::1                    700     -      700     -     -
lo0   16384 mac-2516.lo fe80:1::1              700     -      700     -     -
gif0* 1280  <Link#2>                             0     0        0     0     0
stf0* 1280  <Link#3>                             0     0        0     0     0
en0   1500  <Link#4>    00:50:56:8a:59:9c  1725262     0    20856     0     0
en0   1500  10.212.0.128/ 10.212.0.234     1725262     -    20856     -     -
utun0 1380  <Link#5>                             0     0        2     0     0
utun0 1380  mac-2516.lo fe80:5::71f7:9ed8        0     -        2     -     -
utun1 2000  <Link#6>                             0     0        2     0     0
utun1 2000  mac-2516.lo fe80:6::cef6:bacf        0     -        2     -     -

Local system status:
 2:45  up 8 mins, 1 user, load averages: 1.37 2.29 1.70

-- End of daily output --

Thu Feb 16 05:55:12 PST 2023

Removing old temporary files:

Cleaning out old system announcements:

Removing stale files from /var/rwho:

Disk status:
Filesystem       Size   Used  Avail Capacity iused      ifree %iused  Mounted on
/dev/disk1s5s1  380Gi   14Gi  360Gi     4%  553779 3981986621    0%   /
/dev/disk1s4    380Gi  1.0Mi  360Gi     1%       3 3982540397    0%   /System/Volumes/VM
/dev/disk1s2    380Gi  668Mi  360Gi     1%    3970 3982536430    0%   /System/Volumes/Preboot
/dev/disk1s6    380Gi  5.7Mi  360Gi     1%      19 3982540381    0%   /System/Volumes/Update
/dev/disk1s1    380Gi  3.9Gi  360Gi     2%   83523 3982456877    0%   /System/Volumes/Data

Network interface status:
Name       Mtu   Network       Address            Ipkts Ierrs    Opkts Oerrs  Coll
lo0   16384 <Link#1>                           364     0      364     0     0
lo0   16384 127           localhost            364     -      364     -     -
lo0   16384 localhost   ::1                    364     -      364     -     -
lo0   16384 mac-2516.lo fe80:1::1              364     -      364     -     -
gif0* 1280  <Link#2>                             0     0        0     0     0
stf0* 1280  <Link#3>                             0     0        0     0     0
en0   1500  <Link#4>    00:50:56:8a:59:9c     4569     0     3443     0     0
en0   1500  10.212.0.128/ 10.212.0.236        4569     -     3443     -     -
utun0 1380  <Link#5>                             0     0        2     0     0
utun0 1380  mac-2516.lo fe80:5::41bd:2b8d        0     -        2     -     -
utun1 2000  <Link#6>                             0     0        2     0     0
utun1 2000  mac-2516.lo fe80:6::4a83:22a4        0     -        2     -     -

Local system status:
 5:55  up 7 mins, 1 user, load averages: 3.75 5.59 3.71

-- End of daily output --

Thu Feb 23 08:05:16 PST 2023

Removing old temporary files:

Cleaning out old system announcements:

Removing stale files from /var/rwho:

Disk status:
Filesystem       Size   Used  Avail Capacity iused      ifree %iused  Mounted on
/dev/disk1s5s1  380Gi   14Gi  360Gi     4%  553779 3981986621    0%   /
/dev/disk1s4    380Gi  1.0Mi  360Gi     1%       3 3982540397    0%   /System/Volumes/VM
/dev/disk1s2    380Gi  687Mi  360Gi     1%    4031 3982536369    0%   /System/Volumes/Preboot
/dev/disk1s6    380Gi  5.9Mi  360Gi     1%      20 3982540380    0%   /System/Volumes/Update
/dev/disk1s1    380Gi  4.1Gi  360Gi     2%   83609 3982456791    0%   /System/Volumes/Data

Network interface status:
Name       Mtu   Network       Address            Ipkts Ierrs    Opkts Oerrs  Coll
lo0   16384 <Link#1>                           349     0      349     0     0
lo0   16384 127           localhost            349     -      349     -     -
lo0   16384 localhost   ::1                    349     -      349     -     -
lo0   16384 mac-2516.lo fe80:1::1              349     -      349     -     -
gif0* 1280  <Link#2>                             0     0        0     0     0
stf0* 1280  <Link#3>                             0     0        0     0     0
en0   1500  <Link#4>    00:50:56:8a:59:9c    39350     0     6515     0     0
en0   1500  10.212.0.128/ 10.212.0.145       39350     -     6515     -     -
utun0 1380  <Link#5>                             0     0        2     0     0
utun0 1380  mac-2516.lo fe80:5::29fd:8b45        0     -        2     -     -
utun1 2000  <Link#6>                             0     0        2     0     0
utun1 2000  mac-2516.lo fe80:6::dc4c:3cb5        0     -        2     -     -

Local system status:
 8:05  up 7 mins, 1 user, load averages: 1.98 3.22 2.05

-- End of daily output --

Tue Mar 28 07:00:55 PDT 2023

Removing old temporary files:

Cleaning out old system announcements:

Removing stale files from /var/rwho:

Disk status:
Filesystem       Size   Used  Avail Capacity iused      ifree %iused  Mounted on
/dev/disk1s5s1  380Gi   14Gi  357Gi     4%  553779 3981986621    0%   /
/dev/disk1s4    380Gi  1.0Mi  357Gi     1%       3 3982540397    0%   /System/Volumes/VM
/dev/disk1s2    380Gi  687Mi  357Gi     1%    4031 3982536369    0%   /System/Volumes/Preboot
/dev/disk1s6    380Gi  6.0Mi  357Gi     1%      25 3982540375    0%   /System/Volumes/Update
/dev/disk1s1    380Gi  6.9Gi  357Gi     2%   96771 3982443629    0%   /System/Volumes/Data
/dev/disk1s5    380Gi   14Gi  357Gi     4%  553781 3981986619    0%   /System/Volumes/Update/mnt1

Network interface status:
Name       Mtu   Network       Address            Ipkts Ierrs    Opkts Oerrs  Coll
lo0   16384 <Link#1>                           709     0      709     0     0
lo0   16384 127           localhost            709     -      709     -     -
lo0   16384 localhost   ::1                    709     -      709     -     -
lo0   16384 mac-2516.lo fe80:1::1              709     -      709     -     -
gif0* 1280  <Link#2>                             0     0        0     0     0
stf0* 1280  <Link#3>                             0     0        0     0     0
en0   1500  <Link#4>    00:50:56:8a:59:9c  1854239     0    23671     0     0
en0   1500  10.212.0.128/ 10.212.0.207     1854239     -    23671     -     -
utun0 1380  <Link#5>                             0     0        2     0     0
utun0 1380  mac-2516.lo fe80:5::1cad:ddeb        0     -        2     -     -
utun1 2000  <Link#6>                             0     0        2     0     0
utun1 2000  mac-2516.lo fe80:6::1e29:f011        0     -        2     -     -

Local system status:
 7:00  up 7 mins, 1 user, load averages: 2.39 3.32 2.00

-- End of daily output --

Tue Apr 11 06:35:03 PDT 2023

Removing old temporary files:

Cleaning out old system announcements:

Removing stale files from /var/rwho:

Disk status:
Filesystem       Size   Used  Avail Capacity iused      ifree %iused  Mounted on
/dev/disk1s5s1  380Gi   14Gi  357Gi     4%  553797 3981986603    0%   /
/dev/disk1s4    380Gi  1.0Mi  357Gi     1%       3 3982540397    0%   /System/Volumes/VM
/dev/disk1s2    380Gi  711Mi  357Gi     1%    4235 3982536165    0%   /System/Volumes/Preboot
/dev/disk1s6    380Gi  6.2Mi  357Gi     1%      25 3982540375    0%   /System/Volumes/Update
/dev/disk1s1    380Gi  6.8Gi  357Gi     2%   88294 3982452106    0%   /System/Volumes/Data
/dev/disk1s5    380Gi   14Gi  357Gi     4%  553799 3981986601    0%   /System/Volumes/Update/mnt1

Network interface status:
Name       Mtu   Network       Address            Ipkts Ierrs    Opkts Oerrs  Coll
lo0   16384 <Link#1>                           662     0      662     0     0
lo0   16384 127           localhost            662     -      662     -     -
lo0   16384 localhost   ::1                    662     -      662     -     -
lo0   16384 mac-2516.lo fe80:1::1              662     -      662     -     -
gif0* 1280  <Link#2>                             0     0        0     0     0
stf0* 1280  <Link#3>                             0     0        0     0     0
en0   1500  <Link#4>    00:50:56:8a:32:d9  1520917     0    19424     0     0
en0   1500  10.212.0.128/ 10.212.0.225     1520917     -    19424     -     -
utun0 1380  <Link#5>                             0     0        2     0     0
utun0 1380  mac-2516.lo fe80:5::f8a8:93ba        0     -        2     -     -
utun1 2000  <Link#6>                             0     0        2     0     0
utun1 2000  mac-2516.lo fe80:6::99f9:c47c        0     -        2     -     -

Local system status:
 6:35  up 9 mins, 1 user, load averages: 1.53 2.70 1.99

-- End of daily output --

Thu Apr 27 07:06:04 PDT 2023

Removing old temporary files:

Cleaning out old system announcements:

Removing stale files from /var/rwho:

Disk status:
Filesystem       Size   Used  Avail Capacity iused      ifree %iused  Mounted on
/dev/disk1s5s1  380Gi   14Gi  359Gi     4%  553797 3981986603    0%   /
/dev/disk1s4    380Gi  1.0Mi  359Gi     1%       3 3982540397    0%   /System/Volumes/VM
/dev/disk1s2    380Gi  730Mi  359Gi     1%    4297 3982536103    0%   /System/Volumes/Preboot
/dev/disk1s6    380Gi  6.4Mi  359Gi     1%      20 3982540380    0%   /System/Volumes/Update
/dev/disk1s1    380Gi  4.1Gi  359Gi     2%   85427 3982454973    0%   /System/Volumes/Data

Network interface status:
Name       Mtu   Network       Address            Ipkts Ierrs    Opkts Oerrs  Coll
lo0   16384 <Link#1>                           365     0      365     0     0
lo0   16384 127           localhost            365     -      365     -     -
lo0   16384 localhost   ::1                    365     -      365     -     -
lo0   16384 mac-2516.lo fe80:1::1              365     -      365     -     -
gif0* 1280  <Link#2>                             0     0        0     0     0
stf0* 1280  <Link#3>                             0     0        0     0     0
en0   1500  <Link#4>    00:50:56:8a:32:d9    36960     0     8365     0     0
en0   1500  10.212.0.128/ 10.212.0.206       36960     -     8365     -     -
utun0 1380  <Link#5>                             0     0        2     0     0
utun0 1380  mac-2516.lo fe80:5::84a:3eb6:        0     -        2     -     -
utun1 2000  <Link#6>                             0     0        2     0     0
utun1 2000  mac-2516.lo fe80:6::ab00:102b        0     -        2     -     -

Local system status:
 7:06  up 8 mins, 1 user, load averages: 2.50 3.38 2.19

-- End of daily output --

Fri May 26 04:22:56 PDT 2023

Removing old temporary files:

Cleaning out old system announcements:

Removing stale files from /var/rwho:

Disk status:
Filesystem       Size   Used  Avail Capacity iused      ifree %iused  Mounted on
/dev/disk1s5s1  380Gi   14Gi  360Gi     4%  553797 3981986603    0%   /
/dev/disk1s4    380Gi  1.0Mi  360Gi     1%       3 3982540397    0%   /System/Volumes/VM
/dev/disk1s2    380Gi  730Mi  360Gi     1%    4297 3982536103    0%   /System/Volumes/Preboot
/dev/disk1s6    380Gi  6.4Mi  360Gi     1%      19 3982540381    0%   /System/Volumes/Update
/dev/disk1s1    380Gi  4.2Gi  360Gi     2%   85697 3982454703    0%   /System/Volumes/Data

Network interface status:
Name       Mtu   Network       Address            Ipkts Ierrs    Opkts Oerrs  Coll
lo0   16384 <Link#1>                           669     0      669     0     0
lo0   16384 127           localhost            669     -      669     -     -
lo0   16384 localhost   ::1                    669     -      669     -     -
lo0   16384 mac-2516.lo fe80:1::1              669     -      669     -     -
gif0* 1280  <Link#2>                             0     0        0     0     0
stf0* 1280  <Link#3>                             0     0        0     0     0
en0   1500  <Link#4>    00:50:56:8a:32:d9    29720     0     6018     0     0
en0   1500  10.212.0.128/ 10.212.0.169       29720     -     6018     -     -
utun0 1380  <Link#5>                             0     0        2     0     0
utun0 1380  mac-2516.lo fe80:5::a5e5:a573        0     -        2     -     -
utun1 2000  <Link#6>                             0     0        2     0     0
utun1 2000  mac-2516.lo fe80:6::89a5:8ac5        0     -        2     -     -

Local system status:
 4:22  up 6 mins, 1 user, load averages: 2.96 3.51 2.04

-- End of daily output --

Fri Jun  9 03:14:56 PDT 2023

Removing old temporary files:

Cleaning out old system announcements:

Removing stale files from /var/rwho:

Disk status:
Filesystem       Size   Used  Avail Capacity iused      ifree %iused  Mounted on
/dev/disk1s5s1  380Gi   14Gi  360Gi     4%  553795 3981986605    0%   /
/dev/disk1s4    380Gi  1.0Mi  360Gi     1%       3 3982540397    0%   /System/Volumes/VM
/dev/disk1s2    380Gi  755Mi  360Gi     1%    4501 3982535899    0%   /System/Volumes/Preboot
/dev/disk1s6    380Gi  6.6Mi  360Gi     1%      20 3982540380    0%   /System/Volumes/Update
/dev/disk1s1    380Gi  4.2Gi  360Gi     2%   85794 3982454606    0%   /System/Volumes/Data

Network interface status:
Name       Mtu   Network       Address            Ipkts Ierrs    Opkts Oerrs  Coll
lo0   16384 <Link#1>                           556     0      556     0     0
lo0   16384 127           localhost            556     -      556     -     -
lo0   16384 localhost   ::1                    556     -      556     -     -
lo0   16384 mac-2516.lo fe80:1::1              556     -      556     -     -
gif0* 1280  <Link#2>                             0     0        0     0     0
stf0* 1280  <Link#3>                             0     0        0     0     0
en0   1500  <Link#4>    00:50:56:8a:32:d9    46941     0     5380     0     0
en0   1500  10.212.0.128/ 10.212.0.169       46941     -     5380     -     -
utun0 1380  <Link#5>                             0     0        2     0     0
utun0 1380  mac-2516.lo fe80:5::c5ae:3fee        0     -        2     -     -
utun1 2000  <Link#6>                             0     0        2     0     0
utun1 2000  mac-2516.lo fe80:6::4d25:66c5        0     -        2     -     -

Local system status:
 3:14  up 6 mins, 1 user, load averages: 1.95 3.05 1.83

-- End of daily output --

Fri Jun 23 05:02:22 PDT 2023

Removing old temporary files:

Cleaning out old system announcements:

Removing stale files from /var/rwho:

Disk status:
Filesystem       Size   Used  Avail Capacity iused      ifree %iused  Mounted on
/dev/disk1s5s1  380Gi   14Gi  358Gi     4%  553795 3981986605    0%   /
/dev/disk1s4    380Gi  1.0Mi  358Gi     1%       3 3982540397    0%   /System/Volumes/VM
/dev/disk1s2    380Gi  755Mi  358Gi     1%    4501 3982535899    0%   /System/Volumes/Preboot
/dev/disk1s6    380Gi  6.7Mi  358Gi     1%      25 3982540375    0%   /System/Volumes/Update
/dev/disk1s1    380Gi  6.4Gi  358Gi     2%   93421 3982446979    0%   /System/Volumes/Data
/dev/disk1s5    380Gi   14Gi  358Gi     4%  553797 3981986603    0%   /System/Volumes/Update/mnt1

Network interface status:
Name       Mtu   Network       Address            Ipkts Ierrs    Opkts Oerrs  Coll
lo0   16384 <Link#1>                           741     0      741     0     0
lo0   16384 127           localhost            741     -      741     -     -
lo0   16384 localhost   ::1                    741     -      741     -     -
lo0   16384 mac-2516.lo fe80:1::1              741     -      741     -     -
gif0* 1280  <Link#2>                             0     0        0     0     0
stf0* 1280  <Link#3>                             0     0        0     0     0
en0   1500  <Link#4>    00:50:56:8a:32:d9  1611015     0    20123     0     0
en0   1500  10.212.0.128/ 10.212.0.174     1611015     -    20123     -     -
utun0 1380  <Link#5>                             0     0        2     0     0
utun0 1380  mac-2516.lo fe80:5::acbe:3655        0     -        2     -     -
utun1 2000  <Link#6>                             0     0        2     0     0
utun1 2000  mac-2516.lo fe80:6::640c:84e5        0     -        2     -     -

Local system status:
 5:02  up 7 mins, 1 user, load averages: 1.39 2.42 1.63

-- End of daily output --

Fri Sep 15 02:49:28 PDT 2023

Removing old temporary files:

Cleaning out old system announcements:

Removing stale files from /var/rwho:

Disk status:
Filesystem       Size   Used  Avail Capacity iused      ifree %iused  Mounted on
/dev/disk1s5s1  380Gi   14Gi  358Gi     4%  553830 3981986570    0%   /
/dev/disk1s4    380Gi  1.0Mi  358Gi     1%       3 3982540397    0%   /System/Volumes/VM
/dev/disk1s2    380Gi  801Mi  358Gi     1%    4780 3982535620    0%   /System/Volumes/Preboot
/dev/disk1s6    380Gi  7.2Mi  358Gi     1%      20 3982540380    0%   /System/Volumes/Update
/dev/disk1s1    380Gi  5.8Gi  358Gi     2%   90450 3982449950    0%   /System/Volumes/Data
/dev/disk1s5    380Gi   14Gi  358Gi     4%  553832 3981986568    0%   /private/tmp/msu-target-NqSmwhoo

Network interface status:
Name       Mtu   Network       Address            Ipkts Ierrs    Opkts Oerrs  Coll
lo0   16384 <Link#1>                           676     0      676     0     0
lo0   16384 127           localhost            676     -      676     -     -
lo0   16384 localhost   ::1                    676     -      676     -     -
lo0   16384 mac-2516.lo fe80:1::1              676     -      676     -     -
gif0* 1280  <Link#2>                             0     0        0     0     0
stf0* 1280  <Link#3>                             0     0        0     0     0
en0   1500  <Link#4>    00:50:56:8a:47:c8   962477     0    15619     0     0
en0   1500  10.212.0.128/ 10.212.0.231      962477     -    15619     -     -
utun0 1380  <Link#5>                             0     0        2     0     0
utun0 1380  mac-2516.lo fe80:5::2b7c:e379        0     -        2     -     -
utun1 2000  <Link#6>                             0     0        2     0     0
utun1 2000  mac-2516.lo fe80:6::c2f3:f5ce        0     -        2     -     -

Local system status:
 2:49  up 6 mins, 1 user, load averages: 1.96 2.90 1.73

-- End of daily output --

Thu Sep 21 17:17:38 PDT 2023

Removing old temporary files:

Cleaning out old system announcements:

Removing stale files from /var/rwho:

Disk status:
Filesystem       Size   Used  Avail Capacity iused      ifree %iused  Mounted on
/dev/disk1s5s1  380Gi   14Gi  358Gi     4%  553830 3981986570    0%   /
/dev/disk1s4    380Gi  1.0Mi  358Gi     1%       3 3982540397    0%   /System/Volumes/VM
/dev/disk1s2    380Gi  821Mi  358Gi     1%    4843 3982535557    0%   /System/Volumes/Preboot
/dev/disk1s6    380Gi  7.6Mi  358Gi     1%      21 3982540379    0%   /System/Volumes/Update
/dev/disk1s1    380Gi  6.5Gi  358Gi     2%  192783 3982347617    0%   /System/Volumes/Data

Network interface status:
Name       Mtu   Network       Address            Ipkts Ierrs    Opkts Oerrs  Coll
lo0   16384 <Link#1>                          1125     0     1125     0     0
lo0   16384 127           localhost           1125     -     1125     -     -
lo0   16384 localhost   ::1                   1125     -     1125     -     -
lo0   16384 mac-2516.lo fe80:1::1             1125     -     1125     -     -
gif0* 1280  <Link#2>                             0     0        0     0     0
stf0* 1280  <Link#3>                             0     0        0     0     0
en0   1500  <Link#4>    00:50:56:8a:ef:48   799162     0    40723     0     0
en0   1500  10.212.0.128/ 10.212.0.214      799162     -    40723     -     -
utun0 1380  <Link#5>                             0     0        2     0     0
utun0 1380  mac-2516.lo fe80:5::3348:d237        0     -        2     -     -
utun1 2000  <Link#6>                             0     0        2     0     0
utun1 2000  mac-2516.lo fe80:6::abfb:2a82        0     -        2     -     -

Local system status:
17:17  up 7 mins, 1 user, load averages: 3.64 4.49 2.63

-- End of daily output --

Tue Oct 31 04:47:18 UTC 2023

Removing old temporary files:

Cleaning out old system announcements:

Removing stale files from /var/rwho:

Disk status:
Filesystem       Size   Used  Avail Capacity iused      ifree %iused  Mounted on
/dev/disk1s5s1  380Gi   14Gi  157Gi     9%  553830 3981986570    0%   /
/dev/disk1s4    380Gi  1.0Mi  157Gi     1%       3 3982540397    0%   /System/Volumes/VM
/dev/disk1s2    380Gi  821Mi  157Gi     1%    4843 3982535557    0%   /System/Volumes/Preboot
/dev/disk1s6    380Gi  7.4Mi  157Gi     1%      19 3982540381    0%   /System/Volumes/Update
/dev/disk1s1    380Gi  207Gi  157Gi    57% 5056606 3977483794    0%   /System/Volumes/Data

Network interface status:
Name       Mtu   Network       Address            Ipkts Ierrs    Opkts Oerrs  Coll
lo0   16384 <Link#1>                           381     0      381     0     0
lo0   16384 127           localhost            381     -      381     -     -
lo0   16384 localhost   ::1                    381     -      381     -     -
lo0   16384 mac-1698727 fe80:1::1              381     -      381     -     -
gif0* 1280  <Link#2>                             0     0        0     0     0
stf0* 1280  <Link#3>                             0     0        0     0     0
en0   1500  <Link#4>    00:50:56:a9:80:c5    15880     0    11380     0     0
en0   1500  10.212.10.128 10.212.10.221      15880     -    11380     -     -
utun0 1380  <Link#5>                             0     0        2     0     0
utun0 1380  mac-1698727 fe80:5::46de:4fa2        0     -        2     -     -
utun1 2000  <Link#6>                             0     0        2     0     0
utun1 2000  mac-1698727 fe80:6::24b2:90ac        0     -        2     -     -

Local system status:
 4:47  up 8 mins, 1 user, load averages: 2.48 3.38 2.46

-- End of daily output --
