
/dev/rdisk2s1: fsck_hfs started at Mon May  3 13:04:26 2021
/dev/rdisk2s1: /dev/rdisk2s1: ** /dev/rdisk2s1 (NO WRITE)
/dev/rdisk2s1:    Executing fsck_hfs (version hfs-556.100.11).
QUICKCHECK ONLY; FILESYSTEM CLEAN
/dev/rdisk2s1: fsck_hfs completed at Mon May  3 13:04:26 2021


/dev/rdisk2s1: fsck_hfs started at Mon May  3 13:04:26 2021
/dev/rdisk2s1: /dev/rdisk2s1: ** /dev/rdisk2s1 (NO WRITE)
/dev/rdisk2s1:    Executing fsck_hfs (version hfs-556.100.11).
QUICKCHECK ONLY; FILESYSTEM CLEAN
/dev/rdisk2s1: fsck_hfs completed at Mon May  3 13:04:26 2021


/dev/rdisk2s1: fsck_hfs started at Mon May 24 13:06:29 2021
/dev/rdisk2s1: /dev/rdisk2s1: ** /dev/rdisk2s1 (NO WRITE)
/dev/rdisk2s1:    Executing fsck_hfs (version hfs-556.100.11).
QUICKCHECK ONLY; FILESYSTEM CLEAN
/dev/rdisk2s1: fsck_hfs completed at Mon May 24 13:06:29 2021


/dev/rdisk2s1: fsck_hfs started at Mon May 24 13:06:29 2021
/dev/rdisk2s1: /dev/rdisk2s1: ** /dev/rdisk2s1 (NO WRITE)
/dev/rdisk2s1:    Executing fsck_hfs (version hfs-556.100.11).
QUICKCHECK ONLY; FILESYSTEM CLEAN
/dev/rdisk2s1: fsck_hfs completed at Mon May 24 13:06:29 2021


/dev/rdisk2s1: fsck_hfs started at Wed Jul 21 23:57:44 2021
/dev/rdisk2s1: /dev/rdisk2s1: ** /dev/rdisk2s1 (NO WRITE)
/dev/rdisk2s1:    Executing fsck_hfs (version hfs-556.100.11).
QUICKCHECK ONLY; FILESYSTEM CLEAN
/dev/rdisk2s1: fsck_hfs completed at Wed Jul 21 23:57:44 2021


/dev/rdisk2s1: fsck_hfs started at Wed Jul 21 23:57:44 2021
/dev/rdisk2s1: /dev/rdisk2s1: ** /dev/rdisk2s1 (NO WRITE)
/dev/rdisk2s1:    Executing fsck_hfs (version hfs-556.100.11).
QUICKCHECK ONLY; FILESYSTEM CLEAN
/dev/rdisk2s1: fsck_hfs completed at Wed Jul 21 23:57:44 2021


/dev/rdisk2s1: fsck_hfs started at Mon Aug 30 03:25:01 2021
/dev/rdisk2s1: /dev/rdisk2s1: ** /dev/rdisk2s1 (NO WRITE)
/dev/rdisk2s1:    Executing fsck_hfs (version hfs-556.100.11).
QUICKCHECK ONLY; FILESYSTEM CLEAN
/dev/rdisk2s1: fsck_hfs completed at Mon Aug 30 03:25:01 2021


/dev/rdisk2s1: fsck_hfs started at Mon Aug 30 03:25:01 2021
/dev/rdisk2s1: /dev/rdisk2s1: ** /dev/rdisk2s1 (NO WRITE)
/dev/rdisk2s1:    Executing fsck_hfs (version hfs-556.100.11).
QUICKCHECK ONLY; FILESYSTEM CLEAN
/dev/rdisk2s1: fsck_hfs completed at Mon Aug 30 03:25:01 2021


/dev/rdisk2s1: fsck_hfs started at Tue Sep 14 00:43:56 2021
/dev/rdisk2s1: /dev/rdisk2s1: ** /dev/rdisk2s1 (NO WRITE)
/dev/rdisk2s1:    Executing fsck_hfs (version hfs-556.100.11).
QUICKCHECK ONLY; FILESYSTEM CLEAN
/dev/rdisk2s1: fsck_hfs completed at Tue Sep 14 00:43:56 2021


/dev/rdisk2s1: fsck_hfs started at Tue Sep 14 00:43:56 2021
/dev/rdisk2s1: /dev/rdisk2s1: ** /dev/rdisk2s1 (NO WRITE)
/dev/rdisk2s1:    Executing fsck_hfs (version hfs-556.100.11).
QUICKCHECK ONLY; FILESYSTEM CLEAN
/dev/rdisk2s1: fsck_hfs completed at Tue Sep 14 00:43:56 2021


/dev/rdisk2s1: fsck_hfs started at Fri Oct 29 06:25:43 2021
/dev/rdisk2s1: /dev/rdisk2s1: ** /dev/rdisk2s1 (NO WRITE)
/dev/rdisk2s1:    Executing fsck_hfs (version hfs-556.100.11).
QUICKCHECK ONLY; FILESYSTEM CLEAN
/dev/rdisk2s1: fsck_hfs completed at Fri Oct 29 06:25:43 2021


/dev/rdisk2s1: fsck_hfs started at Fri Oct 29 06:25:43 2021
/dev/rdisk2s1: /dev/rdisk2s1: ** /dev/rdisk2s1 (NO WRITE)
/dev/rdisk2s1:    Executing fsck_hfs (version hfs-556.100.11).
QUICKCHECK ONLY; FILESYSTEM CLEAN
/dev/rdisk2s1: fsck_hfs completed at Fri Oct 29 06:25:43 2021


/dev/rdisk2s1: fsck_hfs started at Thu Dec 16 07:29:26 2021
/dev/rdisk2s1: /dev/rdisk2s1: ** /dev/rdisk2s1 (NO WRITE)
/dev/rdisk2s1:    Executing fsck_hfs (version hfs-556.100.11).
QUICKCHECK ONLY; FILESYSTEM CLEAN
/dev/rdisk2s1: fsck_hfs completed at Thu Dec 16 07:29:26 2021


/dev/rdisk2s1: fsck_hfs started at Thu Dec 16 07:29:26 2021
/dev/rdisk2s1: /dev/rdisk2s1: ** /dev/rdisk2s1 (NO WRITE)
/dev/rdisk2s1:    Executing fsck_hfs (version hfs-556.100.11).
QUICKCHECK ONLY; FILESYSTEM CLEAN
/dev/rdisk2s1: fsck_hfs completed at Thu Dec 16 07:29:26 2021


/dev/rdisk2s1: fsck_hfs started at Mon Jan 31 07:00:05 2022
/dev/rdisk2s1: /dev/rdisk2s1: ** /dev/rdisk2s1 (NO WRITE)
/dev/rdisk2s1:    Executing fsck_hfs (version hfs-556.100.11).
QUICKCHECK ONLY; FILESYSTEM CLEAN
/dev/rdisk2s1: fsck_hfs completed at Mon Jan 31 07:00:05 2022


/dev/rdisk2s1: fsck_hfs started at Mon Jan 31 07:00:05 2022
/dev/rdisk2s1: /dev/rdisk2s1: ** /dev/rdisk2s1 (NO WRITE)
/dev/rdisk2s1:    Executing fsck_hfs (version hfs-556.100.11).
QUICKCHECK ONLY; FILESYSTEM CLEAN
/dev/rdisk2s1: fsck_hfs completed at Mon Jan 31 07:00:05 2022


/dev/rdisk2s1: fsck_hfs started at Thu Feb 17 02:14:19 2022
/dev/rdisk2s1: /dev/rdisk2s1: ** /dev/rdisk2s1 (NO WRITE)
/dev/rdisk2s1:    Executing fsck_hfs (version hfs-556.100.11).
QUICKCHECK ONLY; FILESYSTEM CLEAN
/dev/rdisk2s1: fsck_hfs completed at Thu Feb 17 02:14:19 2022


/dev/rdisk2s1: fsck_hfs started at Thu Feb 17 02:14:19 2022
/dev/rdisk2s1: /dev/rdisk2s1: ** /dev/rdisk2s1 (NO WRITE)
/dev/rdisk2s1:    Executing fsck_hfs (version hfs-556.100.11).
QUICKCHECK ONLY; FILESYSTEM CLEAN
/dev/rdisk2s1: fsck_hfs completed at Thu Feb 17 02:14:19 2022


/dev/rdisk2s1: fsck_hfs started at Tue Mar 22 11:23:26 2022
/dev/rdisk2s1: /dev/rdisk2s1: ** /dev/rdisk2s1 (NO WRITE)
/dev/rdisk2s1:    Executing fsck_hfs (version hfs-556.100.11).
QUICKCHECK ONLY; FILESYSTEM CLEAN
/dev/rdisk2s1: fsck_hfs completed at Tue Mar 22 11:23:26 2022


/dev/rdisk2s1: fsck_hfs started at Tue Mar 22 11:23:26 2022
/dev/rdisk2s1: /dev/rdisk2s1: ** /dev/rdisk2s1 (NO WRITE)
/dev/rdisk2s1:    Executing fsck_hfs (version hfs-556.100.11).
QUICKCHECK ONLY; FILESYSTEM CLEAN
/dev/rdisk2s1: fsck_hfs completed at Tue Mar 22 11:23:26 2022


/dev/rdisk2s1: fsck_hfs started at Mon May 23 01:37:36 2022
/dev/rdisk2s1: /dev/rdisk2s1: ** /dev/rdisk2s1 (NO WRITE)
/dev/rdisk2s1:    Executing fsck_hfs (version hfs-556.100.12).
QUICKCHECK ONLY; FILESYSTEM CLEAN
/dev/rdisk2s1: fsck_hfs completed at Mon May 23 01:37:36 2022


/dev/rdisk2s1: fsck_hfs started at Mon May 23 01:37:36 2022
/dev/rdisk2s1: /dev/rdisk2s1: ** /dev/rdisk2s1 (NO WRITE)
/dev/rdisk2s1:    Executing fsck_hfs (version hfs-556.100.12).
QUICKCHECK ONLY; FILESYSTEM CLEAN
/dev/rdisk2s1: fsck_hfs completed at Mon May 23 01:37:36 2022


/dev/rdisk2s1: fsck_hfs started at Fri Jul  1 12:52:47 2022
/dev/rdisk2s1: /dev/rdisk2s1: ** /dev/rdisk2s1 (NO WRITE)
/dev/rdisk2s1:    Executing fsck_hfs (version hfs-556.100.12).
QUICKCHECK ONLY; FILESYSTEM CLEAN
/dev/rdisk2s1: fsck_hfs completed at Fri Jul  1 12:52:47 2022


/dev/rdisk2s1: fsck_hfs started at Fri Jul  1 12:52:47 2022
/dev/rdisk2s1: /dev/rdisk2s1: ** /dev/rdisk2s1 (NO WRITE)
/dev/rdisk2s1:    Executing fsck_hfs (version hfs-556.100.12).
QUICKCHECK ONLY; FILESYSTEM CLEAN
/dev/rdisk2s1: fsck_hfs completed at Fri Jul  1 12:52:47 2022


/dev/rdisk2s1: fsck_hfs started at Thu Jul 21 06:11:05 2022
/dev/rdisk2s1: /dev/rdisk2s1: ** /dev/rdisk2s1 (NO WRITE)
/dev/rdisk2s1:    Executing fsck_hfs (version hfs-556.100.12).
QUICKCHECK ONLY; FILESYSTEM CLEAN
/dev/rdisk2s1: fsck_hfs completed at Thu Jul 21 06:11:05 2022


/dev/rdisk2s1: fsck_hfs started at Thu Jul 21 06:11:05 2022
/dev/rdisk2s1: /dev/rdisk2s1: ** /dev/rdisk2s1 (NO WRITE)
/dev/rdisk2s1:    Executing fsck_hfs (version hfs-556.100.12).
QUICKCHECK ONLY; FILESYSTEM CLEAN
/dev/rdisk2s1: fsck_hfs completed at Thu Jul 21 06:11:05 2022


/dev/rdisk2s1: fsck_hfs started at Mon Sep 12 13:05:08 2022
/dev/rdisk2s1: /dev/rdisk2s1: ** /dev/rdisk2s1 (NO WRITE)
/dev/rdisk2s1:    Executing fsck_hfs (version hfs-556.100.12).
QUICKCHECK ONLY; FILESYSTEM CLEAN
/dev/rdisk2s1: fsck_hfs completed at Mon Sep 12 13:05:08 2022


/dev/rdisk2s1: fsck_hfs started at Mon Sep 12 13:05:08 2022
/dev/rdisk2s1: /dev/rdisk2s1: ** /dev/rdisk2s1 (NO WRITE)
/dev/rdisk2s1:    Executing fsck_hfs (version hfs-556.100.12).
QUICKCHECK ONLY; FILESYSTEM CLEAN
/dev/rdisk2s1: fsck_hfs completed at Mon Sep 12 13:05:08 2022


/dev/rdisk2s1: fsck_hfs started at Wed Oct 26 03:04:25 2022
/dev/rdisk2s1: /dev/rdisk2s1: ** /dev/rdisk2s1 (NO WRITE)
/dev/rdisk2s1:    Executing fsck_hfs (version hfs-556.100.12).
QUICKCHECK ONLY; FILESYSTEM CLEAN
/dev/rdisk2s1: fsck_hfs completed at Wed Oct 26 03:04:25 2022


/dev/rdisk2s1: fsck_hfs started at Wed Oct 26 03:04:25 2022
/dev/rdisk2s1: /dev/rdisk2s1: ** /dev/rdisk2s1 (NO WRITE)
/dev/rdisk2s1:    Executing fsck_hfs (version hfs-556.100.12).
QUICKCHECK ONLY; FILESYSTEM CLEAN
/dev/rdisk2s1: fsck_hfs completed at Wed Oct 26 03:04:25 2022


/dev/rdisk2s1: fsck_hfs started at Wed Dec 14 02:51:52 2022
/dev/rdisk2s1: /dev/rdisk2s1: ** /dev/rdisk2s1 (NO WRITE)
/dev/rdisk2s1:    Executing fsck_hfs (version hfs-556.100.12).
QUICKCHECK ONLY; FILESYSTEM CLEAN
/dev/rdisk2s1: fsck_hfs completed at Wed Dec 14 02:51:52 2022


/dev/rdisk2s1: fsck_hfs started at Wed Dec 14 02:51:52 2022
/dev/rdisk2s1: /dev/rdisk2s1: ** /dev/rdisk2s1 (NO WRITE)
/dev/rdisk2s1:    Executing fsck_hfs (version hfs-556.100.12).
QUICKCHECK ONLY; FILESYSTEM CLEAN
/dev/rdisk2s1: fsck_hfs completed at Wed Dec 14 02:51:52 2022


/dev/rdisk2s1: fsck_hfs started at Wed Jan 25 02:57:24 2023
/dev/rdisk2s1: /dev/rdisk2s1: ** /dev/rdisk2s1 (NO WRITE)
/dev/rdisk2s1:    Executing fsck_hfs (version hfs-556.100.12).
QUICKCHECK ONLY; FILESYSTEM CLEAN
/dev/rdisk2s1: fsck_hfs completed at Wed Jan 25 02:57:24 2023


/dev/rdisk2s1: fsck_hfs started at Wed Jan 25 02:57:24 2023
/dev/rdisk2s1: /dev/rdisk2s1: ** /dev/rdisk2s1 (NO WRITE)
/dev/rdisk2s1:    Executing fsck_hfs (version hfs-556.100.12).
QUICKCHECK ONLY; FILESYSTEM CLEAN
/dev/rdisk2s1: fsck_hfs completed at Wed Jan 25 02:57:24 2023


/dev/rdisk2s1: fsck_hfs started at Thu Feb 16 06:21:24 2023
/dev/rdisk2s1: /dev/rdisk2s1: ** /dev/rdisk2s1 (NO WRITE)
/dev/rdisk2s1:    Executing fsck_hfs (version hfs-556.100.12).
QUICKCHECK ONLY; FILESYSTEM CLEAN
/dev/rdisk2s1: fsck_hfs completed at Thu Feb 16 06:21:24 2023


/dev/rdisk2s1: fsck_hfs started at Thu Feb 16 06:21:24 2023
/dev/rdisk2s1: /dev/rdisk2s1: ** /dev/rdisk2s1 (NO WRITE)
/dev/rdisk2s1:    Executing fsck_hfs (version hfs-556.100.12).
QUICKCHECK ONLY; FILESYSTEM CLEAN
/dev/rdisk2s1: fsck_hfs completed at Thu Feb 16 06:21:24 2023


/dev/rdisk2s1: fsck_hfs started at Tue Mar 28 07:16:23 2023
/dev/rdisk2s1: /dev/rdisk2s1: ** /dev/rdisk2s1 (NO WRITE)
/dev/rdisk2s1:    Executing fsck_hfs (version hfs-556.100.12).
QUICKCHECK ONLY; FILESYSTEM CLEAN
/dev/rdisk2s1: fsck_hfs completed at Tue Mar 28 07:16:23 2023


/dev/rdisk2s1: fsck_hfs started at Tue Mar 28 07:16:23 2023
/dev/rdisk2s1: /dev/rdisk2s1: ** /dev/rdisk2s1 (NO WRITE)
/dev/rdisk2s1:    Executing fsck_hfs (version hfs-556.100.12).
QUICKCHECK ONLY; FILESYSTEM CLEAN
/dev/rdisk2s1: fsck_hfs completed at Tue Mar 28 07:16:23 2023


/dev/rdisk2s1: fsck_hfs started at Tue Apr 11 06:43:19 2023
/dev/rdisk2s1: /dev/rdisk2s1: ** /dev/rdisk2s1 (NO WRITE)
/dev/rdisk2s1:    Executing fsck_hfs (version hfs-556.100.12).
QUICKCHECK ONLY; FILESYSTEM CLEAN
/dev/rdisk2s1: fsck_hfs completed at Tue Apr 11 06:43:19 2023


/dev/rdisk2s1: fsck_hfs started at Tue Apr 11 06:43:19 2023
/dev/rdisk2s1: /dev/rdisk2s1: ** /dev/rdisk2s1 (NO WRITE)
/dev/rdisk2s1:    Executing fsck_hfs (version hfs-556.100.12).
QUICKCHECK ONLY; FILESYSTEM CLEAN
/dev/rdisk2s1: fsck_hfs completed at Tue Apr 11 06:43:19 2023


/dev/rdisk2s1: fsck_hfs started at Fri May 26 04:40:37 2023
/dev/rdisk2s1: /dev/rdisk2s1: ** /dev/rdisk2s1 (NO WRITE)
/dev/rdisk2s1:    Executing fsck_hfs (version hfs-556.100.12).
QUICKCHECK ONLY; FILESYSTEM CLEAN
/dev/rdisk2s1: fsck_hfs completed at Fri May 26 04:40:37 2023


/dev/rdisk2s1: fsck_hfs started at Fri May 26 04:40:37 2023
/dev/rdisk2s1: /dev/rdisk2s1: ** /dev/rdisk2s1 (NO WRITE)
/dev/rdisk2s1:    Executing fsck_hfs (version hfs-556.100.12).
QUICKCHECK ONLY; FILESYSTEM CLEAN
/dev/rdisk2s1: fsck_hfs completed at Fri May 26 04:40:37 2023


/dev/rdisk2s1: fsck_hfs started at Fri Jun 23 05:21:55 2023
/dev/rdisk2s1: /dev/rdisk2s1: ** /dev/rdisk2s1 (NO WRITE)
/dev/rdisk2s1:    Executing fsck_hfs (version hfs-556.100.12).
QUICKCHECK ONLY; FILESYSTEM CLEAN
/dev/rdisk2s1: fsck_hfs completed at Fri Jun 23 05:21:55 2023


/dev/rdisk2s1: fsck_hfs started at Fri Jun 23 05:21:55 2023
/dev/rdisk2s1: /dev/rdisk2s1: ** /dev/rdisk2s1 (NO WRITE)
/dev/rdisk2s1:    Executing fsck_hfs (version hfs-556.100.12).
QUICKCHECK ONLY; FILESYSTEM CLEAN
/dev/rdisk2s1: fsck_hfs completed at Fri Jun 23 05:21:55 2023


/dev/rdisk2s1: fsck_hfs started at Tue Aug 29 04:12:56 2023
/dev/rdisk2s1: /dev/rdisk2s1: ** /dev/rdisk2s1 (NO WRITE)
/dev/rdisk2s1:    Executing fsck_hfs (version hfs-556.100.12).
QUICKCHECK ONLY; FILESYSTEM CLEAN
/dev/rdisk2s1: fsck_hfs completed at Tue Aug 29 04:12:56 2023


/dev/rdisk2s1: fsck_hfs started at Tue Aug 29 04:12:56 2023
/dev/rdisk2s1: /dev/rdisk2s1: ** /dev/rdisk2s1 (NO WRITE)
/dev/rdisk2s1:    Executing fsck_hfs (version hfs-556.100.12).
QUICKCHECK ONLY; FILESYSTEM CLEAN
/dev/rdisk2s1: fsck_hfs completed at Tue Aug 29 04:12:56 2023


/dev/rdisk2s1: fsck_hfs started at Fri Sep 15 03:05:20 2023
/dev/rdisk2s1: /dev/rdisk2s1: ** /dev/rdisk2s1 (NO WRITE)
/dev/rdisk2s1:    Executing fsck_hfs (version hfs-556.100.12).
QUICKCHECK ONLY; FILESYSTEM CLEAN
/dev/rdisk2s1: fsck_hfs completed at Fri Sep 15 03:05:20 2023


/dev/rdisk2s1: fsck_hfs started at Fri Sep 15 03:05:20 2023
/dev/rdisk2s1: /dev/rdisk2s1: ** /dev/rdisk2s1 (NO WRITE)
/dev/rdisk2s1:    Executing fsck_hfs (version hfs-556.100.12).
QUICKCHECK ONLY; FILESYSTEM CLEAN
/dev/rdisk2s1: fsck_hfs completed at Fri Sep 15 03:05:20 2023


/dev/rdisk2s2: fsck_hfs started at Fri Sep 22 03:11:29 2023
/dev/rdisk2s2: /dev/rdisk2s2: ** /dev/rdisk2s2 (NO WRITE)
/dev/rdisk2s2:    Executing fsck_hfs (version hfs-556.100.12).
QUICKCHECK ONLY; FILESYSTEM CLEAN
/dev/rdisk2s2: fsck_hfs completed at Fri Sep 22 03:11:29 2023


/dev/rdisk2s2: fsck_hfs started at Fri Sep 22 03:11:29 2023
/dev/rdisk2s2: /dev/rdisk2s2: ** /dev/rdisk2s2 (NO WRITE)
/dev/rdisk2s2:    Executing fsck_hfs (version hfs-556.100.12).
QUICKCHECK ONLY; FILESYSTEM CLEAN
/dev/rdisk2s2: fsck_hfs completed at Fri Sep 22 03:11:29 2023


/dev/rdisk2s2: fsck_hfs started at Fri Sep 22 03:58:57 2023
/dev/rdisk2s2: /dev/rdisk2s2: ** /dev/rdisk2s2 (NO WRITE)
/dev/rdisk2s2:    Executing fsck_hfs (version hfs-556.100.12).
QUICKCHECK ONLY; FILESYSTEM CLEAN
/dev/rdisk2s2: fsck_hfs completed at Fri Sep 22 03:58:57 2023


/dev/rdisk2s2: fsck_hfs started at Fri Sep 22 03:58:57 2023
/dev/rdisk2s2: /dev/rdisk2s2: ** /dev/rdisk2s2 (NO WRITE)
/dev/rdisk2s2:    Executing fsck_hfs (version hfs-556.100.12).
QUICKCHECK ONLY; FILESYSTEM CLEAN
/dev/rdisk2s2: fsck_hfs completed at Fri Sep 22 03:58:57 2023


/dev/rdisk2s2: fsck_hfs started at Fri Sep 22 04:02:52 2023
/dev/rdisk2s2: /dev/rdisk2s2: ** /dev/rdisk2s2 (NO WRITE)
/dev/rdisk2s2:    Executing fsck_hfs (version hfs-556.100.12).
QUICKCHECK ONLY; FILESYSTEM CLEAN
/dev/rdisk2s2: fsck_hfs completed at Fri Sep 22 04:02:52 2023


/dev/rdisk2s2: fsck_hfs started at Fri Sep 22 04:02:52 2023
/dev/rdisk2s2: /dev/rdisk2s2: ** /dev/rdisk2s2 (NO WRITE)
/dev/rdisk2s2:    Executing fsck_hfs (version hfs-556.100.12).
QUICKCHECK ONLY; FILESYSTEM CLEAN
/dev/rdisk2s2: fsck_hfs completed at Fri Sep 22 04:02:52 2023


/dev/rdisk2s2: fsck_hfs started at Fri Sep 22 04:10:36 2023
/dev/rdisk2s2: /dev/rdisk2s2: ** /dev/rdisk2s2 (NO WRITE)
/dev/rdisk2s2:    Executing fsck_hfs (version hfs-556.100.12).
QUICKCHECK ONLY; FILESYSTEM CLEAN
/dev/rdisk2s2: fsck_hfs completed at Fri Sep 22 04:10:36 2023


/dev/rdisk2s2: fsck_hfs started at Fri Sep 22 04:10:36 2023
/dev/rdisk2s2: /dev/rdisk2s2: ** /dev/rdisk2s2 (NO WRITE)
/dev/rdisk2s2:    Executing fsck_hfs (version hfs-556.100.12).
QUICKCHECK ONLY; FILESYSTEM CLEAN
/dev/rdisk2s2: fsck_hfs completed at Fri Sep 22 04:10:36 2023


/dev/rdisk2s3: fsck_hfs started at Fri Sep 22 04:12:10 2023
/dev/rdisk2s3: /dev/rdisk2s3: ** /dev/rdisk2s3 (NO WRITE)
/dev/rdisk2s3:    Executing fsck_hfs (version hfs-556.100.12).
QUICKCHECK ONLY; FILESYSTEM CLEAN
/dev/rdisk2s3: fsck_hfs completed at Fri Sep 22 04:12:10 2023


/dev/rdisk2s3: fsck_hfs started at Fri Sep 22 04:12:10 2023
/dev/rdisk2s3: /dev/rdisk2s3: ** /dev/rdisk2s3 (NO WRITE)
/dev/rdisk2s3:    Executing fsck_hfs (version hfs-556.100.12).
QUICKCHECK ONLY; FILESYSTEM CLEAN
/dev/rdisk2s3: fsck_hfs completed at Fri Sep 22 04:12:10 2023

