
/dev/rdisk1s1: fsck_apfs started at Mon Apr 26 11:25:32 2021
/dev/rdisk1s1: error: container /dev/rdisk1 is mounted with write access; please re-run with -l.
/dev/rdisk1s1: fsck_apfs completed at Mon Apr 26 11:25:32 2021


/dev/rdisk1s2: fsck_apfs started at Mon Apr 26 11:25:32 2021
/dev/rdisk1s2: error: container /dev/rdisk1 is mounted with write access; please re-run with -l.
/dev/rdisk1s2: fsck_apfs completed at Mon Apr 26 11:25:32 2021


/dev/rdisk1s3: fsck_apfs started at Mon Apr 26 11:25:32 2021
/dev/rdisk1s3: ** QUICKCHECK ONLY; FILESYSTEM CLEAN
/dev/rdisk1s3: fsck_apfs completed at Mon Apr 26 11:25:32 2021


/dev/rdisk1s4: fsck_apfs started at Mon Apr 26 11:25:32 2021
/dev/rdisk1s4: error: container /dev/rdisk1 is mounted with write access; please re-run with -l.
/dev/rdisk1s4: fsck_apfs completed at Mon Apr 26 11:25:32 2021


/dev/rdisk1s2: fsck_apfs started at Thu May  6 01:27:32 2021
/dev/rdisk1s2: error: container /dev/rdisk1 is mounted with write access; please re-run with -l.
/dev/rdisk1s2: fsck_apfs completed at Thu May  6 01:27:32 2021


/dev/rdisk1s3: fsck_apfs started at Thu May  6 01:27:32 2021
/dev/rdisk1s3: ** QUICKCHECK ONLY; FILESYSTEM CLEAN
/dev/rdisk1s3: fsck_apfs completed at Thu May  6 01:27:32 2021


/dev/rdisk1s4: fsck_apfs started at Thu May  6 01:27:32 2021
/dev/rdisk1s4: error: container /dev/rdisk1 is mounted with write access; please re-run with -l.
/dev/rdisk1s4: fsck_apfs completed at Thu May  6 01:27:32 2021


/dev/rdisk1s5: fsck_apfs started at Thu May  6 01:27:32 2021
/dev/rdisk1s5: ** QUICKCHECK ONLY; FILESYSTEM CLEAN
/dev/rdisk1s5: fsck_apfs completed at Thu May  6 01:27:32 2021


/dev/rdisk1s6: fsck_apfs started at Thu May  6 01:27:32 2021
/dev/rdisk1s6: error: container /dev/rdisk1 is mounted with write access; please re-run with -l.
/dev/rdisk1s6: fsck_apfs completed at Thu May  6 01:27:32 2021


/dev/rdisk1s5s1: fsck_apfs started at Thu May  6 01:27:32 2021
/dev/rdisk1s5s1: ** QUICKCHECK ONLY; FILESYSTEM CLEAN
/dev/rdisk1s5s1: fsck_apfs completed at Thu May  6 01:27:32 2021


/dev/rdisk1s4: fsck_apfs started at Mon Aug 30 03:45:16 2021
/dev/rdisk1s4: error: container /dev/rdisk1 is mounted with write access; please re-run with -l.
/dev/rdisk1s4: fsck_apfs completed at Mon Aug 30 03:45:16 2021


/dev/rdisk1s5: fsck_apfs started at Mon Aug 30 03:45:16 2021
/dev/rdisk1s5: ** QUICKCHECK ONLY; FILESYSTEM CLEAN
/dev/rdisk1s5: fsck_apfs completed at Mon Aug 30 03:45:16 2021


/dev/rdisk1s6: fsck_apfs started at Mon Aug 30 03:45:16 2021
/dev/rdisk1s6: error: container /dev/rdisk1 is mounted with write access; please re-run with -l.
/dev/rdisk1s6: fsck_apfs completed at Mon Aug 30 03:45:16 2021


/dev/rdisk4s2: fsck_apfs started at Fri Oct 29 06:25:43 2021
/dev/rdisk4s2: ** Checking the container superblock.
/dev/rdisk4s2:    Checking the checkpoint with transaction ID 27.
/dev/rdisk4s2: ** Checking the object map.
/dev/rdisk4s2: ** Checking volume.
/dev/rdisk4s2: ** Checking the APFS volume superblock.
/dev/rdisk4s2:    The volume Preboot was formatted by newfs_apfs (945.200.129.100.12) and last modified by apfs_kext (945.200.129.100.12).
/dev/rdisk4s2: ** QUICKCHECK ONLY; FILESYSTEM CLEAN
/dev/rdisk4s2: fsck_apfs completed at Fri Oct 29 06:25:43 2021


/dev/rdisk4s1: fsck_apfs started at Fri Oct 29 06:25:43 2021
/dev/rdisk4s1: ** Checking the container superblock.
/dev/rdisk4s1:    Checking the checkpoint with transaction ID 27.
/dev/rdisk4s1: ** Checking the object map.
/dev/rdisk4s1: ** Checking volume.
/dev/rdisk4s1: ** Checking the APFS volume superblock.
/dev/rdisk4s1:    The volume macOS Base System was formatted by newfs_apfs (945.200.129.100.12) and last modified by apfs_kext (945.200.129.100.12).
/dev/rdisk4s1: ** QUICKCHECK ONLY; FILESYSTEM CLEAN
/dev/rdisk4s1: fsck_apfs completed at Fri Oct 29 06:25:43 2021


/dev/rdisk1s1: fsck_apfs started at Tue Oct 31 04:39:41 2023
/dev/rdisk1s1: error: container /dev/rdisk1 is mounted with write access; please re-run with -l.
/dev/rdisk1s1: fsck_apfs completed at Tue Oct 31 04:39:41 2023


/dev/rdisk1s2: fsck_apfs started at Tue Oct 31 04:39:41 2023
/dev/rdisk1s2: error: container /dev/rdisk1 is mounted with write access; please re-run with -l.
/dev/rdisk1s2: fsck_apfs completed at Tue Oct 31 04:39:41 2023


/dev/rdisk1s3: fsck_apfs started at Tue Oct 31 04:39:41 2023
/dev/rdisk1s3: ** QUICKCHECK ONLY; FILESYSTEM CLEAN
/dev/rdisk1s3: fsck_apfs completed at Tue Oct 31 04:39:41 2023


/dev/rdisk1s4: fsck_apfs started at Tue Oct 31 04:39:41 2023
/dev/rdisk1s4: error: container /dev/rdisk1 is mounted with write access; please re-run with -l.
/dev/rdisk1s4: fsck_apfs completed at Tue Oct 31 04:39:41 2023


/dev/rdisk1s6: fsck_apfs started at Tue Oct 31 04:39:41 2023
/dev/rdisk1s6: error: container /dev/rdisk1 is mounted with write access; please re-run with -l.
/dev/rdisk1s6: fsck_apfs completed at Tue Oct 31 04:39:41 2023


/dev/rdisk1s5s1: fsck_apfs started at Tue Oct 31 04:39:42 2023
/dev/rdisk1s5s1: ** QUICKCHECK ONLY; FILESYSTEM CLEAN
/dev/rdisk1s5s1: fsck_apfs completed at Tue Oct 31 04:39:42 2023

