
Mon May 24 12:50:16 PDT 2021

Rotating fax log files:/etc/periodic/monthly/199.rotate-fax: line 13: cd: /var/log/fax: No such file or directory


Doing login accounting:
	total        2.12
	runner       2.12
	root         0.00

-- End of monthly output --

Mon Aug 30 03:16:16 PDT 2021

Rotating fax log files:/etc/periodic/monthly/199.rotate-fax: line 13: cd: /var/log/fax: No such file or directory


Doing login accounting:
	total        3.55
	runner       3.54
	root         0.01

-- End of monthly output --

Thu Dec 16 07:09:27 PST 2021

Rotating fax log files:/etc/periodic/monthly/199.rotate-fax: line 13: cd: /var/log/fax: No such file or directory


Doing login accounting:
	total        5.89
	runner       5.85
	root         0.04

-- End of monthly output --

Thu Jan 27 06:06:30 PST 2022

Rotating fax log files:/etc/periodic/monthly/199.rotate-fax: line 13: cd: /var/log/fax: No such file or directory


Doing login accounting:
	total        7.62
	runner       7.58
	root         0.05

-- End of monthly output --

Thu Feb 17 02:06:34 PST 2022

Rotating fax log files:/etc/periodic/monthly/199.rotate-fax: line 13: cd: /var/log/fax: No such file or directory


Doing login accounting:
	total       27.51
	runner      27.46
	root         0.05

-- End of monthly output --

Tue Mar 22 11:11:23 PDT 2022

Rotating fax log files:/etc/periodic/monthly/199.rotate-fax: line 13: cd: /var/log/fax: No such file or directory


Doing login accounting:
	total       26.90
	runner      26.85
	root         0.05

-- End of monthly output --

Tue Apr 12 06:30:31 PDT 2022

Rotating fax log files:/etc/periodic/monthly/199.rotate-fax: line 13: cd: /var/log/fax: No such file or directory


Doing login accounting:
	total       71.49
	runner      71.43
	root         0.06

-- End of monthly output --

Wed May 18 14:17:29 PDT 2022

Rotating fax log files:/etc/periodic/monthly/199.rotate-fax: line 13: cd: /var/log/fax: No such file or directory


Doing login accounting:
	total      937.25
	runner     937.19
	root         0.06

-- End of monthly output --

Fri Jul  1 12:37:47 PDT 2022

Rotating fax log files:/etc/periodic/monthly/199.rotate-fax: line 13: cd: /var/log/fax: No such file or directory


Doing login accounting:
	total      937.58
	runner     937.52
	root         0.06

-- End of monthly output --

Thu Jul 21 05:50:32 PDT 2022

Rotating fax log files:/etc/periodic/monthly/199.rotate-fax: line 13: cd: /var/log/fax: No such file or directory


Doing login accounting:
	total     2464.78
	runner    2464.73
	root         0.05

-- End of monthly output --

Mon Aug 22 03:07:26 PDT 2022

Rotating fax log files:/etc/periodic/monthly/199.rotate-fax: line 13: cd: /var/log/fax: No such file or directory


Doing login accounting:
	total      999.91
	runner     999.85
	root         0.06

-- End of monthly output --

Mon Sep 12 12:54:53 PDT 2022

Rotating fax log files:/etc/periodic/monthly/199.rotate-fax: line 13: cd: /var/log/fax: No such file or directory


Doing login accounting:
	total     3745.04
	runner    3745.00
	root         0.04

-- End of monthly output --

Wed Oct 26 02:39:35 PDT 2022

Rotating fax log files:/etc/periodic/monthly/199.rotate-fax: line 13: cd: /var/log/fax: No such file or directory


Doing login accounting:
	total     1000.01
	runner     999.95
	root         0.06

-- End of monthly output --

Thu Dec  8 04:14:55 PST 2022

Rotating fax log files:/etc/periodic/monthly/199.rotate-fax: line 13: cd: /var/log/fax: No such file or directory


Doing login accounting:
	total      998.91
	runner     998.81
	root         0.11

-- End of monthly output --

Wed Jan 25 02:45:28 PST 2023

Rotating fax log files:/etc/periodic/monthly/199.rotate-fax: line 13: cd: /var/log/fax: No such file or directory


Doing login accounting:
	total      998.66
	runner     998.56
	root         0.11

-- End of monthly output --

Thu Feb 16 05:59:06 PST 2023

Rotating fax log files:/etc/periodic/monthly/199.rotate-fax: line 13: cd: /var/log/fax: No such file or directory


Doing login accounting:
	total      980.48
	runner     980.35
	root         0.13

-- End of monthly output --

Tue Mar 28 07:00:55 PDT 2023

Rotating fax log files:/etc/periodic/monthly/199.rotate-fax: line 13: cd: /var/log/fax: No such file or directory


Doing login accounting:
	total      937.35
	runner     937.22
	root         0.13

-- End of monthly output --

Fri Jun 23 05:04:29 PDT 2023

Rotating fax log files:/etc/periodic/monthly/199.rotate-fax: line 13: cd: /var/log/fax: No such file or directory


Doing login accounting:
	total       69.76
	runner      69.62
	root         0.14

-- End of monthly output --

Fri Sep 15 02:53:18 PDT 2023

Rotating fax log files:/etc/periodic/monthly/199.rotate-fax: line 13: cd: /var/log/fax: No such file or directory


Doing login accounting:
	total        9.33
	runner       9.19
	root         0.15

-- End of monthly output --

Tue Oct 31 04:47:18 UTC 2023

Rotating fax log files:/etc/periodic/monthly/199.rotate-fax: line 13: cd: /var/log/fax: No such file or directory


Doing login accounting:
	total       14.02
	runner      13.88
	root         0.14

-- End of monthly output --
