[2021-04-26T18:25:37.327Z] [ message] [vmsvc] Log caching is enabled with maxCacheEntries=4096.
[2021-04-26T18:25:37.327Z] [ message] [vmsvc] Core dump limit set to -1
[2021-04-26T18:25:37.327Z] [ message] [vmtoolsd] Tools Version: 11.2.5.26209 (build-17337674)
[2021-04-26T18:25:51.271Z] [ message] [vmsvc] Cannot load message catalog for domain 'hgfsServer', language 'C', catalog dir '/Library/Application Support/VMware Tools'.
[2021-04-26T18:25:51.271Z] [ message] [vmtoolsd] Plugin 'hgfsServer' initialized.
[2021-04-26T18:25:51.271Z] [ message] [vmsvc] Cannot load message catalog for domain 'vix', language 'C', catalog dir '/Library/Application Support/VMware Tools'.
[2021-04-26T18:25:51.271Z] [ message] [vmtoolsd] Plugin 'vix' initialized.
[2021-04-26T18:25:51.271Z] [ message] [vmsvc] Cannot load message catalog for domain 'guestInfo', language 'C', catalog dir '/Library/Application Support/VMware Tools'.
[2021-04-26T18:25:51.271Z] [ message] [vmtoolsd] Plugin 'guestInfo' initialized.
[2021-04-26T18:25:51.271Z] [ message] [vmsvc] Cannot load message catalog for domain 'powerops', language 'C', catalog dir '/Library/Application Support/VMware Tools'.
[2021-04-26T18:25:51.271Z] [ message] [vmtoolsd] Plugin 'powerops' initialized.
[2021-04-26T18:26:10.286Z] [ message] [vmsvc] Cannot load message catalog for domain 'resolutionSet', language 'C', catalog dir '/Library/Application Support/VMware Tools'.
[2021-04-26T18:26:10.287Z] [ message] [vmtoolsd] Plugin 'resolutionSet' initialized.
[2021-04-26T18:26:10.287Z] [ message] [vmsvc] Cannot load message catalog for domain 'timeSync', language 'C', catalog dir '/Library/Application Support/VMware Tools'.
[2021-04-26T18:26:10.287Z] [ message] [vmtoolsd] Plugin 'timeSync' initialized.
[2021-04-26T18:26:10.287Z] [ warning] [vmtoolsd] Failed registration of app type 2 (Signals) from plugin guestInfo.
[2021-04-26T18:26:13.147Z] [ message] [vix] VixTools_ProcessVixCommand: command 62
[2021-04-26T19:21:56.172Z] [ message] [vmtoolsd] Unloading plugin 'timeSync'.
[2021-04-26T19:21:56.172Z] [ message] [vmtoolsd] Unloading plugin 'resolutionSet'.
[2021-04-26T19:21:56.172Z] [ message] [vmtoolsd] Unloading plugin 'powerops'.
[2021-04-26T19:21:56.172Z] [ message] [vmtoolsd] Unloading plugin 'guestInfo'.
[2021-04-26T19:21:56.172Z] [ message] [vmtoolsd] Unloading plugin 'vix'.
[2021-04-26T19:21:56.172Z] [ message] [vmtoolsd] Unloading plugin 'hgfsServer'.
[2021-04-26T19:21:56.504Z] [ message] [vmsvc] Log caching is enabled with maxCacheEntries=4096.
[2021-04-26T19:21:56.504Z] [ message] [vmsvc] Core dump limit set to -1
[2021-04-26T19:21:56.504Z] [ message] [vmtoolsd] Tools Version: 11.2.5.26209 (build-17337674)
[2021-04-26T19:21:57.166Z] [ message] [vmsvc] Cannot load message catalog for domain 'hgfsServer', language 'C', catalog dir '/Library/Application Support/VMware Tools'.
[2021-04-26T19:21:57.166Z] [ message] [vmtoolsd] Plugin 'hgfsServer' initialized.
[2021-04-26T19:21:57.166Z] [ message] [vmsvc] Cannot load message catalog for domain 'vix', language 'C', catalog dir '/Library/Application Support/VMware Tools'.
[2021-04-26T19:21:57.166Z] [ message] [vmtoolsd] Plugin 'vix' initialized.
[2021-04-26T19:21:57.166Z] [ message] [vmsvc] Cannot load message catalog for domain 'guestInfo', language 'C', catalog dir '/Library/Application Support/VMware Tools'.

[2022-07-21T12:46:19.829Z] [ message] [vix] VixToolsListProcessesEx: opcode 186 returning 0
[2022-07-21T12:46:24.924Z] [ message] [vix] VixTools_ProcessVixCommand: command 186
[2022-07-21T12:46:25.263Z] [ message] [vix] VixToolsListProcessesEx: opcode 186 returning 0
[2022-07-21T12:46:30.454Z] [ message] [vix] VixTools_ProcessVixCommand: command 186
[2022-07-21T12:46:30.730Z] [ message] [vix] VixToolsListProcessesEx: opcode 186 returning 0
[2022-07-21T12:46:35.820Z] [ message] [vix] VixTools_ProcessVixCommand: command 186
[2022-07-21T12:46:36.093Z] [ message] [vix] VixToolsListProcessesEx: opcode 186 returning 0
[2022-07-21T12:46:41.180Z] [ message] [vix] VixTools_ProcessVixCommand: command 186
[2022-07-21T12:46:41.465Z] [ message] [vix] VixToolsListProcessesEx: opcode 186 returning 0
[2022-07-21T12:46:46.527Z] [ message] [vix] VixTools_ProcessVixCommand: command 186
[2022-07-21T12:46:46.823Z] [ message] [vix] VixToolsListProcessesEx: opcode 186 returning 0
[2022-07-21T12:46:52.048Z] [ message] [vix] VixTools_ProcessVixCommand: command 186
[2022-07-21T12:46:52.338Z] [ message] [vix] VixToolsListProcessesEx: opcode 186 returning 0
[2022-07-21T12:46:57.530Z] [ message] [vix] VixTools_ProcessVixCommand: command 186
[2022-07-21T12:46:57.786Z] [ message] [vix] VixToolsListProcessesEx: opcode 186 returning 0
[2022-07-21T12:47:02.858Z] [ message] [vix] VixTools_ProcessVixCommand: command 186
[2022-07-21T12:47:03.116Z] [ message] [vix] VixToolsListProcessesEx: opcode 186 returning 0
[2022-07-21T12:47:08.170Z] [ message] [vix] VixTools_ProcessVixCommand: command 186
[2022-07-21T12:47:08.415Z] [ message] [vix] VixToolsListProcessesEx: opcode 186 returning 0
[2022-07-21T12:47:13.665Z] [ message] [vix] VixTools_ProcessVixCommand: command 186
[2022-07-21T12:47:13.926Z] [ message] [vix] VixToolsListProcessesEx: opcode 186 returning 0
[2022-07-21T12:47:18.984Z] [ message] [vix] VixTools_ProcessVixCommand: command 186
[2022-07-21T12:47:19.224Z] [ message] [vix] VixToolsListProcessesEx: opcode 186 returning 0
[2022-07-21T12:47:24.321Z] [ message] [vix] VixTools_ProcessVixCommand: command 186
[2022-07-21T12:47:24.561Z] [ message] [vix] VixToolsListProcessesEx: opcode 186 returning 0
[2022-07-21T12:47:29.687Z] [ message] [vix] VixTools_ProcessVixCommand: command 186
[2022-07-21T12:47:29.930Z] [ message] [vix] VixToolsListProcessesEx: opcode 186 returning 0
[2022-07-21T12:47:34.992Z] [ message] [vix] VixTools_ProcessVixCommand: command 186
[2022-07-21T12:47:35.238Z] [ message] [vix] VixToolsListProcessesEx: opcode 186 returning 0
[2022-07-21T12:47:40.266Z] [ message] [vix] VixTools_ProcessVixCommand: command 186

[2023-03-28T13:55:19.437Z] [ message] [vmsvc] Log caching is enabled with maxCacheEntries=4096.
[2023-03-28T13:55:19.488Z] [ message] [vmsvc] Core dump limit set to -1
[2023-03-28T13:55:19.488Z] [ message] [vmtoolsd] Tools Version: 11.2.5.26209 (build-17337674)
[2023-03-28T13:55:33.588Z] [ message] [vmsvc] Cannot load message catalog for domain 'hgfsServer', language 'C', catalog dir '/Library/Application Support/VMware Tools'.
[2023-03-28T13:55:33.588Z] [ message] [vmtoolsd] Plugin 'hgfsServer' initialized.
[2023-03-28T13:55:33.589Z] [ message] [vmsvc] Cannot load message catalog for domain 'vix', language 'C', catalog dir '/Library/Application Support/VMware Tools'.
[2023-03-28T13:55:33.589Z] [ message] [vmtoolsd] Plugin 'vix' initialized.
[2023-03-28T13:55:33.589Z] [ message] [vmsvc] Cannot load message catalog for domain 'guestInfo', language 'C', catalog dir '/Library/Application Support/VMware Tools'.
[2023-03-28T13:55:33.589Z] [ message] [vmtoolsd] Plugin 'guestInfo' initialized.
[2023-03-28T13:55:33.589Z] [ message] [vmsvc] Cannot load message catalog for domain 'powerops', language 'C', catalog dir '/Library/Application Support/VMware Tools'.
[2023-03-28T13:55:33.589Z] [ message] [vmtoolsd] Plugin 'powerops' initialized.
[2023-03-28T13:56:06.620Z] [ message] [vmsvc] Cannot load message catalog for domain 'resolutionSet', language 'C', catalog dir '/Library/Application Support/VMware Tools'.
[2023-03-28T13:56:06.620Z] [ message] [vmtoolsd] Plugin 'resolutionSet' initialized.
[2023-03-28T13:56:06.620Z] [ message] [vmsvc] Cannot load message catalog for domain 'timeSync', language 'C', catalog dir '/Library/Application Support/VMware Tools'.
[2023-03-28T13:56:06.620Z] [ message] [vmtoolsd] Plugin 'timeSync' initialized.
[2023-03-28T13:56:06.621Z] [ warning] [vmtoolsd] Failed registration of app type 2 (Signals) from plugin guestInfo.
[2023-03-28T13:56:07.054Z] [ message] [vix] VixTools_ProcessVixCommand: command 62
[2023-03-28T13:56:07.056Z] [ message] [vix] ToolsDaemonTcloReceiveVixCommand: command 62, additionalError = 17
[2023-03-28T13:56:07.057Z] [ message] [powerops] Executing script: '/Library/Application Support/VMware Tools/poweron-vm-default'
[2023-03-28T13:56:07.172Z] [ message] [powerops] Script exit code: 0, success = 1
[2023-03-28T13:56:35.192Z] [ message] [vix] VixTools_ProcessVixCommand: command 62
[2023-03-28T13:56:35.193Z] [ message] [vix] ToolsDaemonTcloReceiveVixCommand: command 62, additionalError = 17
[2023-03-28T14:15:49.341Z] [ message] [vmtoolsd] Unloading plugin 'timeSync'.
[2023-03-28T14:15:49.542Z] [ message] [vmtoolsd] Unloading plugin 'resolutionSet'.
[2023-03-28T14:15:49.542Z] [ message] [vmtoolsd] Unloading plugin 'powerops'.
[2023-03-28T14:15:49.542Z] [ message] [vmtoolsd] Unloading plugin 'guestInfo'.
[2023-03-28T14:15:49.542Z] [ message] [vmtoolsd] Unloading plugin 'vix'.
[2023-03-28T14:15:49.542Z] [ message] [vmtoolsd] Unloading plugin 'hgfsServer'.
[2023-03-28T14:15:50.662Z] [ message] [vmsvc] Log caching is enabled with maxCacheEntries=4096.
[2023-03-28T14:15:50.662Z] [ message] [vmsvc] Core dump limit set to -1
[2023-03-28T14:15:50.662Z] [ message] [vmtoolsd] Tools Version: 11.2.5.26209 (build-17337674)
[2023-03-28T14:15:53.136Z] [ message] [vmsvc] Cannot load message catalog for domain 'hgfsServer', language 'C', catalog dir '/Library/Application Support/VMware Tools'.
[2023-03-28T14:15:53.136Z] [ message] [vmtoolsd] Plugin 'hgfsServer' initialized.
[2023-03-28T14:15:53.136Z] [ message] [vmsvc] Cannot load message catalog for domain 'vix', language 'C', catalog dir '/Library/Application Support/VMware Tools'.
[2023-03-28T14:15:53.136Z] [ message] [vmtoolsd] Plugin 'vix' initialized.
[2023-03-28T14:15:53.136Z] [ message] [vmsvc] Cannot load message catalog for domain 'guestInfo', language 'C', catalog dir '/Library/Application Support/VMware Tools'.
[2023-03-28T14:15:53.136Z] [ message] [vmtoolsd] Plugin 'guestInfo' initialized.

[2023-10-31T04:39:43.768Z] [ message] [vmsvc] Log caching is enabled with maxCacheEntries=4096.
[2023-10-31T04:39:43.769Z] [ message] [vmsvc] Core dump limit set to -1
[2023-10-31T04:39:43.773Z] [ message] [vmtoolsd] Tools Version: 11.2.5.26209 (build-17337674)
[2023-10-31T04:39:53.516Z] [ message] [vmsvc] Cannot load message catalog for domain 'hgfsServer', language 'C', catalog dir '/Library/Application Support/VMware Tools'.
[2023-10-31T04:39:53.516Z] [ message] [vmtoolsd] Plugin 'hgfsServer' initialized.
[2023-10-31T04:39:53.517Z] [ message] [vmsvc] Cannot load message catalog for domain 'vix', language 'C', catalog dir '/Library/Application Support/VMware Tools'.
[2023-10-31T04:39:53.517Z] [ message] [vmtoolsd] Plugin 'vix' initialized.
[2023-10-31T04:39:53.517Z] [ message] [vmsvc] Cannot load message catalog for domain 'guestInfo', language 'C', catalog dir '/Library/Application Support/VMware Tools'.
[2023-10-31T04:39:53.517Z] [ message] [vmtoolsd] Plugin 'guestInfo' initialized.
[2023-10-31T04:39:53.517Z] [ message] [vmsvc] Cannot load message catalog for domain 'powerops', language 'C', catalog dir '/Library/Application Support/VMware Tools'.
[2023-10-31T04:39:53.517Z] [ message] [vmtoolsd] Plugin 'powerops' initialized.
[2023-10-31T04:40:02.600Z] [ message] [vmsvc] Cannot load message catalog for domain 'resolutionSet', language 'C', catalog dir '/Library/Application Support/VMware Tools'.
[2023-10-31T04:40:02.600Z] [ message] [vmtoolsd] Plugin 'resolutionSet' initialized.
[2023-10-31T04:40:02.600Z] [ message] [vmsvc] Cannot load message catalog for domain 'timeSync', language 'C', catalog dir '/Library/Application Support/VMware Tools'.
[2023-10-31T04:40:02.600Z] [ message] [vmtoolsd] Plugin 'timeSync' initialized.
[2023-10-31T04:40:02.601Z] [ warning] [vmtoolsd] Failed registration of app type 2 (Signals) from plugin guestInfo.
[2023-10-31T04:40:02.809Z] [ message] [vix] VixTools_ProcessVixCommand: command 62
[2023-10-31T04:40:02.810Z] [ message] [powerops] Executing script: '/Library/Application Support/VMware Tools/poweron-vm-default'
[2023-10-31T04:40:02.898Z] [ message] [powerops] Script exit code: 0, success = 1
[2023-10-31T04:40:18.736Z] [ message] [vix] VixTools_ProcessVixCommand: command 185
[2023-10-31T04:40:19.033Z] [ message] [vix] VixTools_StartProgram: opcode 185 returning 0
[2023-10-31T04:40:19.082Z] [ message] [vix] VixTools_ProcessVixCommand: command 189
[2023-10-31T04:40:19.310Z] [ message] [vix] VixToolsInitiateFileTransferToGuest: opcode 189 returning 0
[2023-10-31T04:40:19.310Z] [ message] [vix] ToolsDaemonTcloReceiveVixCommand: command 189, additionalError = 2
[2023-10-31T04:40:19.330Z] [ message] [vix] VixTools_ProcessVixCommand: command 84
[2023-10-31T04:40:19.598Z] [ message] [vix] VixTools_ProcessVixCommand: command 84
[2023-10-31T04:40:19.915Z] [ message] [vix] VixTools_ProcessVixCommand: command 84
[2023-10-31T04:40:20.444Z] [ message] [vix] VixTools_ProcessVixCommand: command 84
[2023-10-31T04:40:20.793Z] [ message] [vix] VixTools_ProcessVixCommand: command 84
[2023-10-31T04:40:21.060Z] [ message] [vix] VixTools_ProcessVixCommand: command 84
[2023-10-31T04:40:21.352Z] [ message] [vix] VixTools_ProcessVixCommand: command 185
[2023-10-31T04:40:21.586Z] [ message] [vix] VixTools_StartProgram: opcode 185 returning 0
