
Mon May  3 12:55:38 PDT 2021

Mon May 24 12:44:37 PDT 2021

Mon Aug 30 03:16:03 PDT 2021

Tue Sep 14 00:30:37 PDT 2021

Fri Oct 29 06:08:32 PDT 2021

Thu Dec 16 07:09:21 PST 2021

Thu Jan 27 06:06:30 PST 2022

Mon Jan 31 06:59:44 PST 2022

Fri Feb 11 02:38:47 PST 2022

Thu Feb 17 02:06:26 PST 2022

Sun Feb 27 03:07:27 PST 2022

Tue Mar 22 11:11:15 PDT 2022

Tue Apr 12 06:26:09 PDT 2022

Wed May 18 14:16:44 PDT 2022

Mon May 23 01:02:29 PDT 2022

Fri Jul  1 12:37:46 PDT 2022

Thu Jul 21 05:46:04 PDT 2022

Mon Aug 22 03:07:10 PDT 2022

Mon Sep 12 12:49:38 PDT 2022

Fri Sep 23 07:56:55 PDT 2022

Wed Oct 26 02:38:42 PDT 2022

Thu Nov  3 04:18:37 PDT 2022

Thu Nov 17 05:48:36 PST 2022

Thu Dec  8 04:14:54 PST 2022

Wed Dec 14 02:20:43 PST 2022

Wed Jan 25 02:45:28 PST 2023

Thu Feb 16 05:54:56 PST 2023

Thu Feb 23 08:04:09 PST 2023

Tue Mar 28 07:00:23 PDT 2023

Tue Apr 11 06:35:04 PDT 2023

Thu Apr 27 07:05:48 PDT 2023

Fri May 26 04:22:56 PDT 2023

Fri Jun  9 03:14:56 PDT 2023

Fri Jun 23 05:02:23 PDT 2023

Thu Jul  6 06:57:38 PDT 2023

Tue Aug 29 02:56:54 PDT 2023

Fri Sep 15 02:49:28 PDT 2023

Thu Sep 21 17:20:32 PDT 2023

Tue Oct 31 04:47:06 UTC 2023
