./logs/synology-DS6/upstart/3rdparty-services.log┋20161206T043150.000000000┋2016-12-05T20:31:50-0800 ==================== start 3rdparty-services ====================
⇳
./logs/synology-DS6/upstart/3rdparty-services.log┋20161206T043150.000000000┋2016-12-05T20:31:50-0800 Tue Dec  6 04:31:50 UTC 2016
⇳
./logs/synology-DS6/upstart/3rdparty-services.log┋20161206T043150.000000000┋2016-12-05T20:31:50-0800 Reload related services (flags=0x00000000)
⇳
./logs/synology-DS6/upstart/3rdparty-services.log┋20161206T051157.000000000┋2016-12-05T21:11:57-0800 ==================== start 3rdparty-services ====================
⇳
./logs/synology-DS6/upstart/3rdparty-services.log┋20161206T051157.000000000┋2016-12-05T21:11:57-0800 Tue Dec  6 05:11:57 UTC 2016
⇳
./logs/synology-DS6/upstart/3rdparty-services.log┋20161206T051158.000000000┋2016-12-05T21:11:58-0800 Waiting for following services: pkgctl-StorageAnalyzer pkgctl-DownloadStation 
⇳
./logs/synology-DS6/upstart/3rdparty-services.log┋20161206T051201.000000000┋2016-12-05T21:12:01-0800 Reload related services (flags=0x40000000)
⇳
./logs/synology-DS6/upstart/3rdparty-services.log┋20161206T053953.000000000┋2016-12-05T21:39:53-0800 ==================== start 3rdparty-services ====================
⇳
./logs/synology-DS6/upstart/3rdparty-services.log┋20161206T053953.000000000┋2016-12-05T21:39:53-0800 Tue Dec  6 05:39:53 UTC 2016
⇳
./logs/synology-DS6/upstart/3rdparty-services.log┋20161206T053953.000000000┋2016-12-05T21:39:53-0800 Reload related services (flags=0x00000000)
⇳
./logs/synology-DS6/upstart/3rdparty-services.log┋20170103T094106.000000000┋2017-01-03T01:41:06-0800 ==================== start 3rdparty-services ====================
⇳
./logs/synology-DS6/upstart/3rdparty-services.log┋20170103T094106.000000000┋2017-01-03T01:41:06-0800 Tue Jan  3 09:41:06 UTC 2017
⇳
./logs/synology-DS6/upstart/3rdparty-services.log┋20170103T094106.000000000┋2017-01-03T01:41:06-0800 Waiting for following services: pkgctl-DownloadStation pkgctl-StorageAnalyzer 
⇳
./logs/synology-DS6/upstart/3rdparty-services.log┋20170103T094109.000000000┋2017-01-03T01:41:09-0800 Reload related services (flags=0x40000000)
⇳
./logs/synology-DS6/upstart/3rdparty-services.log┋20170104T075651.000000000┋2017-01-03T23:56:51-0800 ==================== start 3rdparty-services ====================
⇳
./logs/synology-DS6/upstart/3rdparty-services.log┋20170104T075651.000000000┋2017-01-03T23:56:51-0800 Wed Jan  4 07:56:51 UTC 2017
⇳
./logs/synology-DS6/upstart/3rdparty-services.log┋20170104T075651.000000000┋2017-01-03T23:56:51-0800 Waiting for following services: pkgctl-DownloadStation pkgctl-StorageAnalyzer 
⇳
./logs/synology-DS6/upstart/3rdparty-services.log┋20170104T075655.000000000┋2017-01-03T23:56:55-0800 Reload related services (flags=0x40000000)
⇳
./logs/synology-DS6/upstart/3rdparty-services.log┋20170108T213605.000000000┋2017-01-08T13:36:05-0800 ==================== start 3rdparty-services ====================
⇳
