
Files:

File: ./logs/synology-DS6/upstart/auto-smallupdate.log
  About:
      filetype       : TEXT UTF8/ASCII (text log)
      logmessagetype : text log lines
  Printed:
      bytes         : 1040
      flushes       : 8
      lines         : 8
      syslines      : 8
      datetime first: 2018-10-15 14:09:31 -07:00 (2018-10-15 21:09:31.000000 +00:00)
      datetime last : 2019-06-23 21:11:15 -07:00 (2019-06-24 04:11:15.000000 +00:00)
  Processed:
      file size     : 408 (0x198) (bytes)
      bytes         : 408 (0x198)
      bytes total   : 408 (0x198)
      block size    : 256 (0x100)
      blocks        : 2
      blocks total  : 2 (512 bytes)
      lines         : 8
      syslines      : 8
      syslines high : 8
      datetime first     : 2018-10-15 14:09:31 -07:00 (2018-10-15 21:09:31.000000 +00:00)
      datetime last      : 2019-06-23 21:11:15 -07:00 (2019-06-24 04:11:15.000000 +00:00)
  Parsers:
  Processing Stores:
      storage: LineReader::find_line() lines                       : hit  0, miss 15,  0.0%
      caching: LineReader::find_line() LRU cache                   : hit  8, miss  9, 47.1%, put  8
      copying: SyslineReader::get_boxptrs()                        : sgl 82, dbl   1, mult  0
      storage: SyslineReader::find_sysline() syslines              : hit  0, miss  8,  0.0%
      caching: SyslineReader::find_sysline() syslines_by_range_map : hit  0, miss  8,  0.0%, put  8
      caching: SyslineReader::find_sysline() LRU cache             : hit  1, miss  8, 11.1%, put  8
      caching: SyslineReader::parse_datetime_in_line() LRU cache   : hit  7, miss  8, 46.7%, put  0
      optimize:SyslineReader::ezcheck12                            : hit  0, miss  0,  0.0%, largest skipped 0
      optimize:SyslineReader::ezcheckd2                            : hit  0, miss  4,  0.0%, largest skipped 0
      optimize:SyslineReader::ezcheck12d2                          : hit  0, miss 79,  0.0%, largest skipped 0
      process: regex captures attempted                            : 83
  Processing Drops:

Program Summary:

Paths considered       : 1
Paths not processed    : 0
Files processed        : 1
Files printed          : 1
Printed bytes          : 1072
Printed flushes        : 16
Printed lines          : 8
Printed syslines       : 8
Printed ETL events     : 0
Printed EVTX events    : 0
Printed fixedstruct    : 0
Printed journal events : 0
Printed ODL events     : 0
Regex patterns known   : 175
Regex patterns compiled: 76
Datetime filter -a     : 1999-03-03 00:00:00 +00:00 (1999-03-03 00:00:00.000000 +00:00)
Datetime printed first : 2018-10-15 14:09:31 -07:00 (2018-10-15 21:09:31.000000 +00:00)
Datetime printed last  : 2019-06-23 21:11:15 -07:00 (2019-06-24 04:11:15.000000 +00:00)
Datetime filter -b     : 2023-04-10 22:10:32 +00:00 (2023-04-10 22:10:32.000000 +00:00)
Channel Receive ok     : 10
Channel Receive err    : 0
Threads Spawned        : 1
Thread Spawn errors    : 0
Temporary files created: 0
Platform               : x86_64-unknown-linux-gnu
Allocator              : system
