
Files:

File: ./logs/synology-DS6/upstart/cgi-keygen.log
  About:
      FileType      : TEXT UTF8/ASCII (text log)
      LogMessageType: text log lines
      Thread stack  : 102400 (bytes)
  Printed:
      bytes         : 931
      flushes       : 5
      Lines         : 6
      Syslines      : 5
      Datetime first: 2016-12-05 20:31:20 -08:00 (2016-12-06 04:31:20.000000 +00:00)
      Datetime last : 2016-12-05 20:32:15 -08:00 (2016-12-06 04:32:15.000000 +00:00)
  Processed:
      file size     : 493 (0x1ED) (bytes)
      bytes         : 493 (0x1ED)
      bytes total   : 493 (0x1ED)
      Block size    : 256 (0x100)
      Blocks        : 2
      Blocks total  : 2 (512 bytes)
      Lines         : 6
      Line longest  : 222 (bytes)
      Line parts    : 7
      Syslines      : 5
      Sysline longest: 222 (bytes)
      Syslines high : 5
      Datetime first: 2016-12-05 20:31:20 -08:00 (2016-12-06 04:31:20.000000 +00:00)
      Datetime last : 2016-12-05 20:32:15 -08:00 (2016-12-06 04:32:15.000000 +00:00)
      out of order  : 0
  Parsers:
  Processing stores:
      storage: LineReader::find_line() lines                       : hit   0, miss  11,  0.0%
      caching: LineReader::find_line() LRU cache                   : hit   5, miss   6, 45.5%, put   6
      copying: SyslineReader::get_boxptrs()                        : sgl 267, dbl    0, mult   0
      storage: SyslineReader::find_sysline() syslines              : hit   0, miss   5,  0.0%
      caching: SyslineReader::find_sysline() syslines_by_range_map : hit   0, miss   1,  0.0%, put   1
      caching: SyslineReader::find_sysline() LRU cache             : hit   1, miss   5, 16.7%, put   5
      caching: SyslineReader::parse_datetime_in_line() LRU cache   : hit   4, miss   6, 40.0%, put   0
      optimize:SyslineReader::ezcheck12                            : hit   0, miss   0,  0.0%, largest skipped 0
      optimize:SyslineReader::ezcheckd2                            : hit   7, miss  17, 29.2%, largest skipped 28
      optimize:SyslineReader::ezcheck12d2                          : hit   2, miss 241,  0.8%, largest skipped 24
      process: regex captures                                      : hit   5, miss 253
  Processing Drops:

Program summary:

Paths considered       : 1
Paths not processed    : 0
Files processed        : 1
Files printed          : 1
Printed bytes          : 951
Printed flushes        : 10
Printed Lines          : 6
Printed Syslines       : 5
Printed ASL events     : 0
Printed ETL events     : 0
Printed EVTX events    : 0
Printed FixedStruct    : 0
Printed Journal events : 0
Printed ODL events     : 0
Line Maximum                   : 393209
Line longest                   : 222
Sysline longest                : 222
EVTX event largest processed   : 0
EVTX event largest accepted    : 0
Journal event largest processed: 0
Journal event largest accepted : 0
Managed files max deflt: 980
Managed files max adjus: 200
Managed handles high   : 1
Managed request open   : 1
Managed request read   : 0
Managed write calls    : 0
Managed seek calls     : 2
Managed metadata calls : 1
Managed open errors    : 0
Managed evict fails    : 0
Regex patterns known   : 188
Regex patterns compiled: 188
Datetime filter -a     : 1999-03-03 00:00:00 +00:00 (1999-03-03 00:00:00.000000 +00:00)
Datetime printed first : 2016-12-05 20:31:20 -08:00 (2016-12-06 04:31:20.000000 +00:00)
Datetime printed last  : 2016-12-05 20:32:15 -08:00 (2016-12-06 04:32:15.000000 +00:00)
Datetime filter -b     : 2026-01-02 00:00:00 +00:00 (2026-01-02 00:00:00.000000 +00:00)
Channel receive ok     : 7
Channel receive err    : 0
Threads spawned        : 1
Thread spawn errors    : 0
Temporary files created: 0
Platform               : x86_64-unknown-linux-gnu
Allocator              : system
