
Files:

File: ./logs/synology-DS6/upstart/dbus-session.log
  About:
      FileType      : TEXT UTF8/ASCII (text log)
      LogMessageType: text log lines
      Thread stack  : 100352 (bytes)
  Printed:
      bytes         : 19023
      flushes       : 11
      Lines         : 178
      Syslines      : 3
      Datetime first: 2020-03-06 20:18:20 -08:00 (2020-03-07 04:18:20.000000 +00:00)
      Datetime last : 2020-03-07 12:25:46 -08:00 (2020-03-07 20:25:46.000000 +00:00)
  Processed:
      file size     : 5673 (0x1629) (bytes)
      bytes         : 5673 (0x1629)
      bytes total   : 5673 (0x1629)
      Block size    : 256 (0x100)
      Blocks        : 23
      Blocks total  : 23 (5888 bytes)
      Lines         : 178
      Line longest  : 116 (bytes)
      Line parts    : 200
      Syslines      : 3
      Sysline longest: 2825 (bytes)
      Syslines high : 3
      Datetime first: 2020-03-06 20:18:20 -08:00 (2020-03-07 04:18:20.000000 +00:00)
      Datetime last : 2020-03-07 12:25:46 -08:00 (2020-03-07 20:25:46.000000 +00:00)
      out of order  : 0
  Parsers:
  Processing stores:
      storage: LineReader::find_line() lines                       : hit   0, miss 357,  0.0%
      caching: LineReader::find_line() LRU cache                   : hit   6, miss 179,  3.2%, put 178
      copying: SyslineReader::get_boxptrs()                        : sgl 605, dbl   21, mult   0
      storage: SyslineReader::find_sysline() syslines              : hit   0, miss   4,  0.0%
      caching: SyslineReader::find_sysline() syslines_by_range_map : hit   0, miss   2,  0.0%, put   1
      caching: SyslineReader::find_sysline() LRU cache             : hit   0, miss   4,  0.0%, put   3
      caching: SyslineReader::parse_datetime_in_line() LRU cache   : hit   3, miss 180,  1.6%, put   0
      optimize:SyslineReader::ezcheck12                            : hit   0, miss   0,  0.0%, largest skipped 0
      optimize:SyslineReader::ezcheckd2                            : hit  40, miss   4, 90.9%, largest skipped 90
      optimize:SyslineReader::ezcheck12d2                          : hit 282, miss 300, 48.5%, largest skipped 64
      process: regex captures                                      : hit   3, miss 301
  Processing Drops:

Program summary:

Paths considered       : 1
Paths not processed    : 0
Files processed        : 1
Files printed          : 1
Printed bytes          : 19036
Printed flushes        : 15
Printed Lines          : 178
Printed Syslines       : 3
Printed ASL events     : 0
Printed ETL events     : 0
Printed EVTX events    : 0
Printed FixedStruct    : 0
Printed Journal events : 0
Printed ODL events     : 0
Line Maximum                   : 393209
Line longest                   : 116
Sysline longest                : 2825
EVTX event largest processed   : 0
EVTX event largest accepted    : 0
Journal event largest processed: 0
Journal event largest accepted : 0
Managed files max deflt: 980
Managed files max adjus: 200
Managed request open   : 1
Managed request read   : 0
Managed write calls    : 0
Managed seek calls     : 23
Managed metadata calls : 1
Managed open errors    : 0
Managed evict fails    : 0
Regex patterns known   : 188
Regex patterns compiled: 188
Datetime filter -a     : 1999-03-03 00:00:00 +00:00 (1999-03-03 00:00:00.000000 +00:00)
Datetime printed first : 2020-03-06 20:18:20 -08:00 (2020-03-07 04:18:20.000000 +00:00)
Datetime printed last  : 2020-03-07 12:25:46 -08:00 (2020-03-07 20:25:46.000000 +00:00)
Datetime filter -b     : 2026-01-02 00:00:00 +00:00 (2026-01-02 00:00:00.000000 +00:00)
Channel receive ok     : 5
Channel receive err    : 0
Threads spawned        : 1
Thread spawn errors    : 0
Temporary files created: 0
Platform               : x86_64-unknown-linux-gnu
Allocator              : system
