
Files:

File: ./logs/synology-DS6/upstart/dhcp-client-eth0.log
  About:
      filetype       : TEXT UTF8/ASCII (text log)
      logmessagetype : text log lines
  Printed:
      bytes         : 2631
      flushes       : 12
      lines         : 12
      syslines      : 12
      datetime first: 2017-05-08 08:32:33 -07:00 (2017-05-08 15:32:33.000000 +00:00)
      datetime last : 2019-11-16 14:56:41 -08:00 (2019-11-16 22:56:41.000000 +00:00)
  Processed:
      file size     : 1683 (0x693) (bytes)
      bytes         : 1683 (0x693)
      bytes total   : 1683 (0x693)
      block size    : 256 (0x100)
      blocks        : 7
      blocks total  : 7 (1792 bytes)
      lines         : 12
      syslines      : 12
      syslines high : 8
      datetime first     : 2017-05-08 08:32:33 -07:00 (2017-05-08 15:32:33.000000 +00:00)
      datetime last      : 2019-11-16 14:56:41 -08:00 (2019-11-16 22:56:41.000000 +00:00)
  Parsers:
  Processing Stores:
      storage: LineReader::find_line() lines                       : hit  0, miss 23,  0.0%
      caching: LineReader::find_line() LRU cache                   : hit 12, miss 13, 48.0%, put 12
      copying: SyslineReader::get_boxptrs()                        : sgl 86, dbl   1, mult  0
      storage: SyslineReader::find_sysline() syslines              : hit  0, miss 12,  0.0%
      caching: SyslineReader::find_sysline() syslines_by_range_map : hit  0, miss 12,  0.0%, put 12
      caching: SyslineReader::find_sysline() LRU cache             : hit  1, miss 12,  7.7%, put 12
      caching: SyslineReader::parse_datetime_in_line() LRU cache   : hit 11, miss 12, 47.8%, put  0
      optimize:SyslineReader::ezcheck12                            : hit  0, miss  0,  0.0%, largest skipped 0
      optimize:SyslineReader::ezcheckd2                            : hit  0, miss  4,  0.0%, largest skipped 0
      optimize:SyslineReader::ezcheck12d2                          : hit  0, miss 83,  0.0%, largest skipped 0
      process: regex captures attempted                            : 87
  Processing Drops:

Program Summary:

Paths considered       : 1
Paths not processed    : 0
Files processed        : 1
Files printed          : 1
Printed bytes          : 2679
Printed flushes        : 24
Printed lines          : 12
Printed syslines       : 12
Printed ETL events     : 0
Printed EVTX events    : 0
Printed fixedstruct    : 0
Printed journal events : 0
Printed ODL events     : 0
Regex patterns known   : 175
Regex patterns compiled: 76
Datetime filter -a     : 1999-03-03 00:00:00 +00:00 (1999-03-03 00:00:00.000000 +00:00)
Datetime printed first : 2017-05-08 08:32:33 -07:00 (2017-05-08 15:32:33.000000 +00:00)
Datetime printed last  : 2019-11-16 14:56:41 -08:00 (2019-11-16 22:56:41.000000 +00:00)
Datetime filter -b     : 2026-01-02 00:00:00 +00:00 (2026-01-02 00:00:00.000000 +00:00)
Channel Receive ok     : 14
Channel Receive err    : 0
Threads Spawned        : 1
Thread Spawn errors    : 0
Temporary files created: 0
Platform               : x86_64-unknown-linux-gnu
Allocator              : system
