
Files:

File: ./logs/synology-DS6/upstart/DiskHealthCk.log
  About:
      filetype       : TEXT UTF8/ASCII (text log)
      logmessagetype : text log lines
  Printed:
      bytes         : 342
      flushes       : 2
      lines         : 2
      syslines      : 2
      datetime first: 2016-12-05 20:31:50 -08:00 (2016-12-06 04:31:50.000000 +00:00)
      datetime last : 2016-12-05 20:31:50 -08:00 (2016-12-06 04:31:50.000000 +00:00)
  Processed:
      file size     : 192 (0xC0) (bytes)
      bytes         : 192 (0xC0)
      bytes total   : 192 (0xC0)
      block size    : 256 (0x100)
      blocks        : 1
      blocks total  : 1 (256 bytes)
      lines         : 2
      syslines      : 2
      syslines high : 2
      datetime first     : 2016-12-05 20:31:50 -08:00 (2016-12-06 04:31:50.000000 +00:00)
      datetime last      : 2016-12-05 20:31:50 -08:00 (2016-12-06 04:31:50.000000 +00:00)
  Parsers:
  Processing Stores:
      storage: LineReader::find_line() lines                       : hit  0, miss  3,  0.0%
      caching: LineReader::find_line() LRU cache                   : hit  2, miss  3, 40.0%, put  2
      copying: SyslineReader::get_boxptrs()                        : sgl 77, dbl   0, mult  0
      storage: SyslineReader::find_sysline() syslines              : hit  0, miss  2,  0.0%
      caching: SyslineReader::find_sysline() syslines_by_range_map : hit  0, miss  2,  0.0%, put  2
      caching: SyslineReader::find_sysline() LRU cache             : hit  1, miss  2, 33.3%, put  2
      caching: SyslineReader::parse_datetime_in_line() LRU cache   : hit  1, miss  2, 33.3%, put  0
      optimize:SyslineReader::ezcheck12                            : hit  0, miss  0,  0.0%, largest skipped 0
      optimize:SyslineReader::ezcheckd2                            : hit  0, miss  4,  0.0%, largest skipped 0
      optimize:SyslineReader::ezcheck12d2                          : hit  0, miss 73,  0.0%, largest skipped 0
      process: regex captures attempted                            : 77
  Processing Drops:

Program Summary:

Paths considered       : 1
Paths not processed    : 0
Files processed        : 1
Files printed          : 1
Printed bytes          : 350
Printed flushes        : 4
Printed lines          : 2
Printed syslines       : 2
Printed ASL events     : 0
Printed ETL events     : 0
Printed EVTX events    : 0
Printed fixedstruct    : 0
Printed journal events : 0
Printed ODL events     : 0
Regex patterns known   : 175
Regex patterns compiled: 76
Datetime filter -a     : 1999-03-03 00:00:00 +00:00 (1999-03-03 00:00:00.000000 +00:00)
Datetime printed first : 2016-12-05 20:31:50 -08:00 (2016-12-06 04:31:50.000000 +00:00)
Datetime printed last  : 2016-12-05 20:31:50 -08:00 (2016-12-06 04:31:50.000000 +00:00)
Datetime filter -b     : 2026-01-02 00:00:00 +00:00 (2026-01-02 00:00:00.000000 +00:00)
Channel Receive ok     : 4
Channel Receive err    : 0
Threads Spawned        : 1
Thread Spawn errors    : 0
Temporary files created: 0
Platform               : x86_64-unknown-linux-gnu
Allocator              : system
