./logs/synology-DS6/upstart/dsm-services.log┋20161206T043141.000000000┋2016-12-05T20:31:41-0800 ==================== start dsm-services ====================
⇳
./logs/synology-DS6/upstart/dsm-services.log┋20161206T043141.000000000┋2016-12-05T20:31:41-0800 Tue Dec  6 04:31:41 UTC 2016
⇳
./logs/synology-DS6/upstart/dsm-services.log┋20161206T043142.000000000┋2016-12-05T20:31:42-0800 service [ "hotplugd" "synocgid" "synobackupd" "synomount" "samba" "atalk" "nginx" "nmbd" "synovfsd" "pgsql" ] not ready.
⇳
./logs/synology-DS6/upstart/dsm-services.log┋20161206T043146.000000000┋2016-12-05T20:31:46-0800 service [ "synomount" "nginx" "synovfsd" ] not ready.
⇳
./logs/synology-DS6/upstart/dsm-services.log┋20161206T043149.000000000┋2016-12-05T20:31:49-0800 all service finish nett up.
⇳
./logs/synology-DS6/upstart/dsm-services.log┋20161206T043149.000000000┋2016-12-05T20:31:49-0800 all service finish nett up.
⇳
./logs/synology-DS6/upstart/dsm-services.log┋20161206T051143.000000000┋2016-12-05T21:11:43-0800 ==================== start dsm-services ====================
⇳
./logs/synology-DS6/upstart/dsm-services.log┋20161206T051143.000000000┋2016-12-05T21:11:43-0800 Tue Dec  6 05:11:43 UTC 2016
⇳
./logs/synology-DS6/upstart/dsm-services.log┋20161206T051146.000000000┋2016-12-05T21:11:46-0800 service [ "hotplugd" "synosnmpcd" "ntpd-client" "synocgid" "DSM" "synomount" "samba" "ssdp" "snmp" "atalk" "synotifyd" "findhost" "nginx" "nmbd" "synovfsd" "pgsql" ] not ready.
⇳
./logs/synology-DS6/upstart/dsm-services.log┋20161206T051151.000000000┋2016-12-05T21:11:51-0800 service [ "synomount" "samba" "nginx" "synovfsd" ] not ready.
⇳
./logs/synology-DS6/upstart/dsm-services.log┋20161206T051155.000000000┋2016-12-05T21:11:55-0800 all service finish nett up.
⇳
./logs/synology-DS6/upstart/dsm-services.log┋20161206T051155.000000000┋2016-12-05T21:11:55-0800 all service finish nett up.
⇳
./logs/synology-DS6/upstart/dsm-services.log┋20161206T053943.000000000┋2016-12-05T21:39:43-0800 ==================== start dsm-services ====================
⇳
./logs/synology-DS6/upstart/dsm-services.log┋20161206T053943.000000000┋2016-12-05T21:39:43-0800 Tue Dec  6 05:39:43 UTC 2016
⇳
./logs/synology-DS6/upstart/dsm-services.log┋20161206T053945.000000000┋2016-12-05T21:39:45-0800 service [ "hotplugd" "synosnmpcd" "ntpd-client" "synocgid" "synobackupd" "DSM" "synomount" "samba" "ssdp" "snmp" "atalk" "synotifyd" "findhost" "nginx" "nmbd" "synovfsd" "pgsql" ] not ready.
⇳
./logs/synology-DS6/upstart/dsm-services.log┋20161206T053949.000000000┋2016-12-05T21:39:49-0800 service [ "synomount" "samba" "nginx" "synovfsd" ] not ready.
⇳
./logs/synology-DS6/upstart/dsm-services.log┋20161206T053953.000000000┋2016-12-05T21:39:53-0800 all service finish nett up.
⇳
./logs/synology-DS6/upstart/dsm-services.log┋20161206T053953.000000000┋2016-12-05T21:39:53-0800 all service finish nett up.
⇳
./logs/synology-DS6/upstart/dsm-services.log┋20170103T094054.000000000┋2017-01-03T01:40:54-0800 ==================== start dsm-services ====================
⇳
