./logs/synology-DS6/upstart/dsmupdate.log┋20161206T043105.000000000┋2016-12-05T20:31:05-0800 dsmupdate stop/pre-start, process 1613
⇳
./logs/synology-DS6/upstart/dsmupdate.log┋20161206T051126.000000000┋2016-12-05T21:11:26-0800 dsmupdate stop/pre-start, process 1112
⇳
./logs/synology-DS6/upstart/dsmupdate.log┋20161206T053843.000000000┋2016-12-05T21:38:43-0800 dsmupdate stop/pre-start, process 1118
⇳
./logs/synology-DS6/upstart/dsmupdate.log┋20170103T094014.000000000┋2017-01-03T01:40:14-0800 dsmupdate stop/pre-start, process 1117
⇳
./logs/synology-DS6/upstart/dsmupdate.log┋20170104T075622.000000000┋2017-01-03T23:56:22-0800 dsmupdate stop/pre-start, process 1118
⇳
./logs/synology-DS6/upstart/dsmupdate.log┋20170108T213531.000000000┋2017-01-08T13:35:31-0800 dsmupdate stop/pre-start, process 1121
⇳
./logs/synology-DS6/upstart/dsmupdate.log┋20170125T072545.000000000┋2017-01-24T23:25:45-0800 dsmupdate stop/pre-start, process 1118
⇳
./logs/synology-DS6/upstart/dsmupdate.log┋20170131T082139.000000000┋2017-01-31T00:21:39-0800 dsmupdate stop/pre-start, process 1118
⇳
./logs/synology-DS6/upstart/dsmupdate.log┋20170205T070649.000000000┋2017-02-04T23:06:49-0800 dsmupdate stop/pre-start, process 1117
⇳
./logs/synology-DS6/upstart/dsmupdate.log┋20170223T225147.000000000┋2017-02-23T14:51:47-0800 <11>Feb 23 14:51:47 syno_install_backup_plugin: Version NOT match ["8.0.1-5128"] ==> Not install plugin [SurveillanceStation]
⇳
./logs/synology-DS6/upstart/dsmupdate.log┋20170307T171527.000000000┋2017-03-07T09:15:27-0800 dsmupdate stop/pre-start, process 1200
⇳
./logs/synology-DS6/upstart/dsmupdate.log┋20170310T041512.000000000┋2017-03-09T20:15:12-0800 dsmupdate stop/pre-start, process 1180
⇳
./logs/synology-DS6/upstart/dsmupdate.log┋20170508T153508.000000000┋2017-05-08T08:35:08-0700 <11>May  8 08:35:08 syno_install_backup_plugin: Version NOT match ["8.0.1-5128"] ==> Not install plugin [SurveillanceStation]
⇳
./logs/synology-DS6/upstart/dsmupdate.log┋20170513T054602.000000000┋2017-05-12T22:46:02-0700 dsmupdate stop/pre-start, process 1160
⇳
./logs/synology-DS6/upstart/dsmupdate.log┋20170524T164308.000000000┋2017-05-24T09:43:08-0700 dsmupdate stop/pre-start, process 1166
⇳
./logs/synology-DS6/upstart/dsmupdate.log┋20170619T082125.000000000┋2017-06-19T01:21:25-0700 <11>Jun 19 01:21:25 syno_install_backup_plugin: Version NOT match ["8.0.3-5159"] ==> Not install plugin [SurveillanceStation]
⇳
./logs/synology-DS6/upstart/dsmupdate.log┋20170917T165436.000000000┋2017-09-17T09:54:36-0700 dsmupdate stop/pre-start, process 1164
⇳
./logs/synology-DS6/upstart/dsmupdate.log┋20170917T170401.000000000┋2017-09-17T10:04:01-0700 <11>Sep 17 10:04:01 syno_install_backup_plugin: Version NOT match ["8.0.4-5164"] ==> Not install plugin [SurveillanceStation]
⇳
./logs/synology-DS6/upstart/dsmupdate.log┋20170917T171143.000000000┋2017-09-17T10:11:43-0700 dsmupdate stop/pre-start, process 1161
⇳
