
Files:

File: ./logs/synology-DS6/upstart/eaupgrade.log
  About:
      filetype       : TEXT
      logmessagetype : syslog lines
      MIME guess     : MimeGuess(["text/plain"])
  Printed:
      bytes         : 3078
      lines         : 19
      syslines      : 19
  Processed:
      file size     : 1710 (0x6AE) (bytes)
      bytes         : 1710 (0x6AE)
      bytes total   : 1710 (0x6AE)
      block size    : 256 (0x100)
      blocks        : 7
      blocks total  : 7
      lines         : 19
      syslines      : 19
      syslines high : 11
  Parsers:
  Processing Stores:
      storage: LineReader::find_line() lines                       : hit  0, miss 37,  0.0%
      caching: LineReader::find_line() LRU cache                   : hit 19, miss 20, 48.7%, put 19
      copying: SyslineReader::get_boxptrs()                        : sgl 89, dbl   4, mult  0
      storage: SyslineReader::find_sysline() syslines              : hit  0, miss 19,  0.0%
      caching: SyslineReader::find_sysline() syslines_by_range_map : hit  0, miss 19,  0.0%, put 19
      caching: SyslineReader::find_sysline() LRU cache             : hit  1, miss 19,  5.0%, put 19
      caching: SyslineReader::parse_datetime_in_line() LRU cache   : hit 18, miss 19, 48.6%, put  0
      optimize:SyslineReader::ezcheck12                            : hit  0, miss  0,  0.0%, largest skipped 0
      optimize:SyslineReader::ezcheckd2                            : hit  0, miss  4,  0.0%, largest skipped 0
      optimize:SyslineReader::ezcheck12d2                          : hit  0, miss 89,  0.0%, largest skipped 0
      process: regex captures attempted                            : 93
  Processing Drops:


Program Summary:

Paths considered      : 1
Paths not processed   : 0
Files processed       : 1
Files printed         : 1
Printed bytes         : 3154
Printed lines         : 19
Printed syslines      : 19
Printed evtx events   : 0
Printed fixedstruct   : 0
Printed journal events: 0
Regex patterns        : 133
Regex compiled        : 75
Datetime filter -a    : 1999-03-03T00:00:00+00:00 (1999-03-03 00:00:00 +00:00)
Datetime filter -b    : 2023-04-10T22:10:32+00:00 (2023-04-10 22:10:32 +00:00)
Channel Receive ok    : 21
Channel Receive err   : 0
