
Files:

File: ./logs/synology-DS6/upstart/findhostd.log
  About:
      filetype       : TEXT UTF8/ASCII (text log)
      logmessagetype : text log lines
  Printed:
      bytes         : 2659
      flushes       : 18
      lines         : 19
      syslines      : 18
      datetime first: 2016-12-05 20:31:35 -08:00 (2016-12-06 04:31:35.000000 +00:00)
      datetime last : 2017-01-03 01:40:57 -08:00 (2017-01-03 09:40:57.000000 +00:00)
  Processed:
      file size     : 1291 (0x50B) (bytes)
      bytes         : 1291 (0x50B)
      bytes total   : 1291 (0x50B)
      block size    : 256 (0x100)
      blocks        : 6
      blocks total  : 6 (1536 bytes)
      lines         : 19
      syslines      : 18
      syslines high : 14
      datetime first     : 2016-12-05 20:31:35 -08:00 (2016-12-06 04:31:35.000000 +00:00)
      datetime last      : 2017-01-03 01:40:57 -08:00 (2017-01-03 09:40:57.000000 +00:00)
  Parsers:
  Processing Stores:
      storage: LineReader::find_line() lines                       : hit  0, miss 37,  0.0%
      caching: LineReader::find_line() LRU cache                   : hit 18, miss 20, 47.4%, put 19
      copying: SyslineReader::get_boxptrs()                        : sgl 91, dbl   3, mult  0
      storage: SyslineReader::find_sysline() syslines              : hit  0, miss 18,  0.0%
      caching: SyslineReader::find_sysline() syslines_by_range_map : hit  0, miss 18,  0.0%, put 18
      caching: SyslineReader::find_sysline() LRU cache             : hit  1, miss 18,  5.3%, put 18
      caching: SyslineReader::parse_datetime_in_line() LRU cache   : hit 17, miss 19, 47.2%, put  0
      optimize:SyslineReader::ezcheck12                            : hit  0, miss  0,  0.0%, largest skipped 0
      optimize:SyslineReader::ezcheckd2                            : hit  0, miss  4,  0.0%, largest skipped 0
      optimize:SyslineReader::ezcheck12d2                          : hit  1, miss 89,  1.1%, largest skipped 49
      process: regex captures attempted                            : 93
  Processing Drops:

Program Summary:

Paths considered       : 1
Paths not processed    : 0
Files processed        : 1
Files printed          : 1
Printed bytes          : 2731
Printed flushes        : 36
Printed lines          : 19
Printed syslines       : 18
Printed ETL events     : 0
Printed EVTX events    : 0
Printed fixedstruct    : 0
Printed journal events : 0
Printed ODL events     : 0
Regex patterns known   : 175
Regex patterns compiled: 76
Datetime filter -a     : 1999-03-03 00:00:00 +00:00 (1999-03-03 00:00:00.000000 +00:00)
Datetime printed first : 2016-12-05 20:31:35 -08:00 (2016-12-06 04:31:35.000000 +00:00)
Datetime printed last  : 2017-01-03 01:40:57 -08:00 (2017-01-03 09:40:57.000000 +00:00)
Datetime filter -b     : 2026-01-02 00:00:00 +00:00 (2026-01-02 00:00:00.000000 +00:00)
Channel Receive ok     : 20
Channel Receive err    : 0
Threads Spawned        : 1
Thread Spawn errors    : 0
Temporary files created: 0
Platform               : x86_64-unknown-linux-gnu
Allocator              : system
