./logs/synology-DS6/upstart/findhostd.log┋20161206T043135.000000000┋2016-12-05T20:31:35-0800 Tue Dec 6 04:31:35 UTC 2016: start findhostd
⇳
./logs/synology-DS6/upstart/findhostd.log┋20161206T043135.000000000┋2016-12-05T20:31:35-0800 ******************************************************
⇳
./logs/synology-DS6/upstart/findhostd.log┋20161206T043135.000000000┋2016-12-05T20:31:35-0800 run udp serv
⇳
./logs/synology-DS6/upstart/findhostd.log┋20161206T043135.000000000┋2016-12-05T20:31:35-0800 ******************************************************
⇳
./logs/synology-DS6/upstart/findhostd.log┋20161206T050059.000000000┋2016-12-05T21:00:59-0800 Tue Dec 6 05:00:59 UTC 2016: stop findhostd
⇳
./logs/synology-DS6/upstart/findhostd.log┋20161206T050059.000000000┋2016-12-05T21:00:59-0800 findhostd.c:133(FHOSTDExit) exit on signal[15]
⇳
./logs/synology-DS6/upstart/findhostd.log┋20161206T051147.000000000┋2016-12-05T21:11:47-0800 Tue Dec 6 05:11:46 UTC 2016: start findhostd
⇳
./logs/synology-DS6/upstart/findhostd.log┋20161206T051147.000000000┋2016-12-05T21:11:47-0800 ******************************************************
⇳
./logs/synology-DS6/upstart/findhostd.log┋20161206T051147.000000000┋2016-12-05T21:11:47-0800 run udp serv
⇳
./logs/synology-DS6/upstart/findhostd.log┋20161206T051147.000000000┋2016-12-05T21:11:47-0800 ******************************************************
⇳
./logs/synology-DS6/upstart/findhostd.log┋20161206T053657.000000000┋2016-12-05T21:36:57-0800 Tue Dec 6 05:36:57 UTC 2016: stop findhostd
⇳
./logs/synology-DS6/upstart/findhostd.log┋20161206T053657.000000000┋2016-12-05T21:36:57-0800 findhostd.c:133(FHOSTDExit) exit on signal[15]
⇳
./logs/synology-DS6/upstart/findhostd.log┋20161206T053946.000000000┋2016-12-05T21:39:46-0800 Tue Dec 6 05:39:46 UTC 2016: start findhostd
⇳
./logs/synology-DS6/upstart/findhostd.log┋20161206T053947.000000000┋2016-12-05T21:39:47-0800 ******************************************************
⇳
./logs/synology-DS6/upstart/findhostd.log┋20161206T053947.000000000┋2016-12-05T21:39:47-0800 run udp serv
./logs/synology-DS6/upstart/findhostd.log┋20161206T053947.000000000┋******************************************************
⇳
./logs/synology-DS6/upstart/findhostd.log┋20170103T093828.000000000┋2017-01-03T01:38:28-0800 Tue Jan 3 09:38:28 UTC 2017: stop findhostd
⇳
./logs/synology-DS6/upstart/findhostd.log┋20170103T093828.000000000┋2017-01-03T01:38:28-0800 findhostd.c:133(FHOSTDExit) exit on signal[15]
⇳
./logs/synology-DS6/upstart/findhostd.log┋20170103T094057.000000000┋2017-01-03T01:40:57-0800 Tue Jan 3 09:40:57 UTC 2017: start findhostd
⇳
