./logs/synology-DS6/upstart/ftpd.log┋20161209T025616.000000000┋2016-12-08T18:56:16-0800 SSL=yes
⇳
./logs/synology-DS6/upstart/ftpd.log┋20170118T055447.000000000┋2017-01-17T21:54:47-0800 PURE=yes
⇳
./logs/synology-DS6/upstart/ftpd.log┋20170118T055713.000000000┋2017-01-17T21:57:13-0800 PURE=yes
./logs/synology-DS6/upstart/ftpd.log┋20170118T055713.000000000┋SSL=yes
⇳
./logs/synology-DS6/upstart/ftpd.log┋20170222T074558.000000000┋2017-02-21T23:45:58-0800 PURE=yes
⇳
./logs/synology-DS6/upstart/ftpd.log┋20170222T074558.000000000┋2017-02-21T23:45:58-0800 SSL=yes
⇳
./logs/synology-DS6/upstart/ftpd.log┋20170222T080708.000000000┋2017-02-22T00:07:08-0800 PURE=yes
⇳
./logs/synology-DS6/upstart/ftpd.log┋20170222T080708.000000000┋2017-02-22T00:07:08-0800 SSL=yes
⇳
./logs/synology-DS6/upstart/ftpd.log┋20170307T171316.000000000┋2017-03-07T09:13:16-0800 AFP Time Machine Status: Disable
⇳
./logs/synology-DS6/upstart/ftpd.log┋20170309T205503.000000000┋2017-03-09T12:55:03-0800 AFP Time Machine Status: Disable
⇳
./logs/synology-DS6/upstart/ftpd.log┋20170508T153229.000000000┋2017-05-08T08:32:29-0700 AFP Time Machine Status: Disable
⇳
./logs/synology-DS6/upstart/ftpd.log┋20170513T054419.000000000┋2017-05-12T22:44:19-0700 AFP Time Machine Status: Disable
⇳
./logs/synology-DS6/upstart/ftpd.log┋20170524T164104.000000000┋2017-05-24T09:41:04-0700 AFP Time Machine Status: Disable
⇳
./logs/synology-DS6/upstart/ftpd.log┋20170619T081847.000000000┋2017-06-19T01:18:47-0700 AFP Time Machine Status: Disable
⇳
./logs/synology-DS6/upstart/ftpd.log┋20170917T170127.000000000┋2017-09-17T10:01:27-0700 AFP Time Machine Status: Disable
⇳
./logs/synology-DS6/upstart/ftpd.log┋20170917T170939.000000000┋2017-09-17T10:09:39-0700 AFP Time Machine Status: Disable
⇳
./logs/synology-DS6/upstart/ftpd.log┋20171003T051907.000000000┋2017-10-02T22:19:07-0700 AFP Time Machine Status: Disable
⇳
./logs/synology-DS6/upstart/ftpd.log┋20171010T045056.000000000┋2017-10-09T21:50:56-0700 AFP Time Machine Status: Disable
⇳
./logs/synology-DS6/upstart/ftpd.log┋20171019T171847.000000000┋2017-10-19T10:18:47-0700 AFP Time Machine Status: Disable
⇳
