
Files:

File: ./logs/synology-DS6/upstart/hotplugd.log
  About:
      filetype       : TEXT UTF8/ASCII (text log)
      logmessagetype : text log lines
  Printed:
      bytes         : 844
      flushes       : 4
      lines         : 4
      syslines      : 4
      datetime first: 2017-09-17 10:12:07 -07:00 (2017-09-17 17:12:07.000000 +00:00)
      datetime last : 2017-10-19 10:21:22 -07:00 (2017-10-19 17:21:22.000000 +00:00)
  Processed:
      file size     : 560 (0x230) (bytes)
      bytes         : 560 (0x230)
      bytes total   : 560 (0x230)
      block size    : 256 (0x100)
      blocks        : 3
      blocks total  : 3 (768 bytes)
      lines         : 4
      line parts    : 7
      syslines      : 4
      syslines high : 4
      datetime first: 2017-09-17 10:12:07 -07:00 (2017-09-17 17:12:07.000000 +00:00)
      datetime last : 2017-10-19 10:21:22 -07:00 (2017-10-19 17:21:22.000000 +00:00)
      out of order  : 0
  Parsers:
  Processing Stores:
      storage: LineReader::find_line() lines                       : hit  0, miss  9,  0.0%
      caching: LineReader::find_line() LRU cache                   : hit  5, miss  5, 50.0%, put  4
      copying: SyslineReader::get_boxptrs()                        : sgl 78, dbl   0, mult  0
      storage: SyslineReader::find_sysline() syslines              : hit  0, miss  5,  0.0%
      caching: SyslineReader::find_sysline() syslines_by_range_map : hit  0, miss  2,  0.0%, put  1
      caching: SyslineReader::find_sysline() LRU cache             : hit  0, miss  5,  0.0%, put  4
      caching: SyslineReader::parse_datetime_in_line() LRU cache   : hit  4, miss  4, 50.0%, put  0
      optimize:SyslineReader::ezcheck12                            : hit  0, miss  0,  0.0%, largest skipped 0
      optimize:SyslineReader::ezcheckd2                            : hit  0, miss  4,  0.0%, largest skipped 0
      optimize:SyslineReader::ezcheck12d2                          : hit  0, miss 74,  0.0%, largest skipped 0
      process: regex captures                                      : hit  4, miss 74
  Processing Drops:

Program Summary:

Paths considered       : 1
Paths not processed    : 0
Files processed        : 1
Files printed          : 1
Printed bytes          : 860
Printed flushes        : 8
Printed lines          : 4
Printed syslines       : 4
Printed ASL events     : 0
Printed ETL events     : 0
Printed EVTX events    : 0
Printed fixedstruct    : 0
Printed journal events : 0
Printed ODL events     : 0
Regex patterns known   : 186
Regex patterns compiled: 186
Datetime filter -a     : 1999-03-03 00:00:00 +00:00 (1999-03-03 00:00:00.000000 +00:00)
Datetime printed first : 2017-09-17 10:12:07 -07:00 (2017-09-17 17:12:07.000000 +00:00)
Datetime printed last  : 2017-10-19 10:21:22 -07:00 (2017-10-19 17:21:22.000000 +00:00)
Datetime filter -b     : 2026-01-02 00:00:00 +00:00 (2026-01-02 00:00:00.000000 +00:00)
Channel Receive ok     : 6
Channel Receive err    : 0
Threads Spawned        : 1
Thread Spawn errors    : 0
Temporary files created: 0
Platform               : x86_64-unknown-linux-gnu
Allocator              : system
