
Files:

File: ./logs/synology-DS6/upstart/iscsi_pluginengined.log
  About:
      filetype       : TEXT UTF8/ASCII
      logmessagetype : syslog lines
  Printed:
      bytes         : 2792
      flushes       : 17
      lines         : 19
      syslines      : 17
  Processed:
      file size     : 1234 (0x4D2) (bytes)
      bytes         : 1234 (0x4D2)
      bytes total   : 1234 (0x4D2)
      block size    : 256 (0x100)
      blocks        : 5
      blocks total  : 5 (1280 bytes)
      lines         : 19
      syslines      : 17
      syslines high : 13
  Parsers:
  Processing Stores:
      storage: LineReader::find_line() lines                       : hit   0, miss  37,  0.0%
      caching: LineReader::find_line() LRU cache                   : hit  17, miss  20, 45.9%, put  19
      copying: SyslineReader::get_boxptrs()                        : sgl 248, dbl    2, mult   0
      storage: SyslineReader::find_sysline() syslines              : hit   0, miss  17,  0.0%
      caching: SyslineReader::find_sysline() syslines_by_range_map : hit   0, miss  17,  0.0%, put  17
      caching: SyslineReader::find_sysline() LRU cache             : hit   1, miss  17,  5.6%, put  17
      caching: SyslineReader::parse_datetime_in_line() LRU cache   : hit  16, miss  19, 45.7%, put   0
      optimize:SyslineReader::ezcheck12                            : hit   0, miss   0,  0.0%, largest skipped 0
      optimize:SyslineReader::ezcheckd2                            : hit  12, miss   4, 75.0%, largest skipped 40
      optimize:SyslineReader::ezcheck12d2                          : hit 147, miss  87, 62.8%, largest skipped 40
      process: regex captures attempted                            : 91
  Processing Drops:

Program Summary:

Paths considered       : 1
Paths not processed    : 0
Files processed        : 1
Files printed          : 1
Printed bytes          : 2860
Printed flushes        : 34
Printed lines          : 19
Printed syslines       : 17
Printed evtx events    : 0
Printed fixedstruct    : 0
Printed journal events : 0
Regex patterns known   : 158
Regex patterns compiled: 75
Datetime filter -a     : 1999-03-03 00:00:00 +00:00 (1999-03-03 00:00:00 +00:00)
Datetime filter -b     : 2023-04-10 22:10:32 +00:00 (2023-04-10 22:10:32 +00:00)
Channel Receive ok     : 19
Channel Receive err    : 0
Threads Spawned        : 1
Thread Spawn errors    : 0
Platform               : x86_64-unknown-linux-gnu
Allocator              : Jemalloc
