./logs/synology-DS6/upstart/md-sb-not-clean-notify.log┋20190624T041043.000000000┋2019-06-23T21:10:43-0700 Jun 23 21:10:43 =============== start md-sb-not-clean-notify ================
⇳
./logs/synology-DS6/upstart/md-sb-not-clean-notify.log┋20190624T041044.000000000┋2019-06-23T21:10:44-0700 Jun 23 21:10:44 =============== finish md-sb-not-clean-notify ===============
⇳
./logs/synology-DS6/upstart/md-sb-not-clean-notify.log┋20190819T042754.000000000┋2019-08-18T21:27:54-0700 Aug 18 21:27:54 =============== start md-sb-not-clean-notify ================
⇳
./logs/synology-DS6/upstart/md-sb-not-clean-notify.log┋20190819T042755.000000000┋2019-08-18T21:27:55-0700 Aug 18 21:27:55 =============== finish md-sb-not-clean-notify ===============
⇳
./logs/synology-DS6/upstart/md-sb-not-clean-notify.log┋20190831T212501.000000000┋2019-08-31T14:25:01-0700 Aug 31 14:25:01 =============== start md-sb-not-clean-notify ================
⇳
./logs/synology-DS6/upstart/md-sb-not-clean-notify.log┋20190831T212501.000000000┋2019-08-31T14:25:01-0700 Aug 31 14:25:01 =============== finish md-sb-not-clean-notify ===============
⇳
./logs/synology-DS6/upstart/md-sb-not-clean-notify.log┋20190909T022446.000000000┋2019-09-08T19:24:46-0700 Sep 08 19:24:46 =============== start md-sb-not-clean-notify ================
⇳
./logs/synology-DS6/upstart/md-sb-not-clean-notify.log┋20190909T022447.000000000┋2019-09-08T19:24:47-0700 Sep 08 19:24:47 =============== finish md-sb-not-clean-notify ===============
⇳
./logs/synology-DS6/upstart/md-sb-not-clean-notify.log┋20191020T020303.000000000┋2019-10-19T19:03:03-0700 Oct 19 19:03:03 =============== start md-sb-not-clean-notify ================
⇳
./logs/synology-DS6/upstart/md-sb-not-clean-notify.log┋20191020T020303.000000000┋2019-10-19T19:03:03-0700 Oct 19 19:03:03 =============== finish md-sb-not-clean-notify ===============
⇳
./logs/synology-DS6/upstart/md-sb-not-clean-notify.log┋20191115T050538.000000000┋2019-11-14T21:05:38-0800 Nov 14 21:05:38 =============== start md-sb-not-clean-notify ================
⇳
./logs/synology-DS6/upstart/md-sb-not-clean-notify.log┋20191115T050539.000000000┋2019-11-14T21:05:39-0800 Nov 14 21:05:39 =============== finish md-sb-not-clean-notify ===============
⇳
./logs/synology-DS6/upstart/md-sb-not-clean-notify.log┋20191116T221905.000000000┋2019-11-16T14:19:05-0800 Nov 16 14:19:05 =============== start md-sb-not-clean-notify ================
⇳
./logs/synology-DS6/upstart/md-sb-not-clean-notify.log┋20191116T221906.000000000┋2019-11-16T14:19:06-0800 Nov 16 14:19:06 =============== finish md-sb-not-clean-notify ===============
⇳
./logs/synology-DS6/upstart/md-sb-not-clean-notify.log┋20191116T223838.000000000┋2019-11-16T14:38:38-0800 Nov 16 14:38:38 =============== start md-sb-not-clean-notify ================
⇳
./logs/synology-DS6/upstart/md-sb-not-clean-notify.log┋20191116T223838.000000000┋2019-11-16T14:38:38-0800 Nov 16 14:38:38 =============== finish md-sb-not-clean-notify ===============
⇳
./logs/synology-DS6/upstart/md-sb-not-clean-notify.log┋20191116T224754.000000000┋2019-11-16T14:47:54-0800 Nov 16 14:47:54 =============== start md-sb-not-clean-notify ================
⇳
./logs/synology-DS6/upstart/md-sb-not-clean-notify.log┋20191116T224754.000000000┋2019-11-16T14:47:54-0800 Nov 16 14:47:54 =============== finish md-sb-not-clean-notify ===============
⇳
./logs/synology-DS6/upstart/md-sb-not-clean-notify.log┋20191116T225916.000000000┋2019-11-16T14:59:16-0800 Nov 16 14:59:16 =============== start md-sb-not-clean-notify ================
⇳
