./logs/synology-DS6/upstart/mkcert.log┋20161206T043115.000000000┋2016-12-05T20:31:15-0800 Error opening Certificate /usr/syno/etc/ssl/ssl.crt/server.crt
⇳
./logs/synology-DS6/upstart/mkcert.log┋20161206T043115.000000000┋2016-12-05T20:31:15-0800 0123456789:error:9375:system library:fopen:No such file or directory:bss_file.c:398:fopen('/usr/syno/etc/ssl/ssl.crt/server.crt','r')
./logs/synology-DS6/upstart/mkcert.log┋20161206T043115.000000000┋0123456789:error:9375:BIO routines:FILE_CTRL:system lib:bss_file.c:400:
./logs/synology-DS6/upstart/mkcert.log┋20161206T043115.000000000┋unable to load certificate
⇳
./logs/synology-DS6/upstart/mkcert.log┋20161206T043115.000000000┋2016-12-05T20:31:15-0800 Error opening Certificate /usr/syno/etc/ssl/ssl.crt/ca.crt
⇳
./logs/synology-DS6/upstart/mkcert.log┋20161206T043115.000000000┋2016-12-05T20:31:15-0800 0123456789:error:9375:system library:fopen:No such file or directory:bss_file.c:398:fopen('/usr/syno/etc/ssl/ssl.crt/ca.crt','r')
./logs/synology-DS6/upstart/mkcert.log┋20161206T043115.000000000┋0123456789:error:9375:BIO routines:FILE_CTRL:system lib:bss_file.c:400:
./logs/synology-DS6/upstart/mkcert.log┋20161206T043115.000000000┋unable to load certificate
⇳
./logs/synology-DS6/upstart/mkcert.log┋20161206T043115.000000000┋2016-12-05T20:31:15-0800 Generating a 2048 bit RSA private key
⇳
./logs/synology-DS6/upstart/mkcert.log┋20161206T043115.000000000┋2016-12-05T20:31:15-0800 .......................+++
⇳
./logs/synology-DS6/upstart/mkcert.log┋20161206T043116.000000000┋2016-12-05T20:31:16-0800 ...............+++
⇳
./logs/synology-DS6/upstart/mkcert.log┋20161206T043116.000000000┋2016-12-05T20:31:16-0800 writing new private key to '/usr/local/syno/etc/certificate/_archive/cI21OYy/syno-ca-privkey.pem'
⇳
./logs/synology-DS6/upstart/mkcert.log┋20161206T043116.000000000┋2016-12-05T20:31:16-0800 -----
⇳
./logs/synology-DS6/upstart/mkcert.log┋20161206T043116.000000000┋2016-12-05T20:31:16-0800 Generating a 2048 bit RSA private key
⇳
./logs/synology-DS6/upstart/mkcert.log┋20161206T043116.000000000┋2016-12-05T20:31:16-0800 .........................+++
⇳
./logs/synology-DS6/upstart/mkcert.log┋20161206T043117.000000000┋2016-12-05T20:31:17-0800 ..................................................................+++
⇳
./logs/synology-DS6/upstart/mkcert.log┋20161206T043119.000000000┋2016-12-05T20:31:19-0800 writing new private key to '/usr/local/syno/etc/certificate/_archive/cI21OYy/privkey.pem'
⇳
./logs/synology-DS6/upstart/mkcert.log┋20161206T043119.000000000┋2016-12-05T20:31:19-0800 -----
⇳
./logs/synology-DS6/upstart/mkcert.log┋20161206T043119.000000000┋2016-12-05T20:31:19-0800 Signature ok
⇳
