
Files:

File: ./logs/synology-DS6/upstart/mkdhparam.log
  About:
      filetype       : TEXT UTF8/ASCII (text log)
      logmessagetype : text log lines
  Printed:
      bytes         : 1588
      flushes       : 8
      lines         : 12
      syslines      : 8
      datetime first: 2016-12-05 20:32:06 -08:00 (2016-12-06 04:32:06.000000 +00:00)
      datetime last : 2016-12-05 22:19:48 -08:00 (2016-12-06 06:19:48.000000 +00:00)
  Processed:
      file size     : 724 (0x2D4) (bytes)
      bytes         : 724 (0x2D4)
      bytes total   : 724 (0x2D4)
      block size    : 256 (0x100)
      blocks        : 3
      blocks total  : 3 (768 bytes)
      lines         : 12
      syslines      : 8
      syslines high : 8
      datetime first     : 2016-12-05 20:32:06 -08:00 (2016-12-06 04:32:06.000000 +00:00)
      datetime last      : 2016-12-05 22:19:48 -08:00 (2016-12-06 06:19:48.000000 +00:00)
  Parsers:
  Processing Stores:
      storage: LineReader::find_line() lines                       : hit  0, miss 23,  0.0%
      caching: LineReader::find_line() LRU cache                   : hit  8, miss 13, 38.1%, put 12
      copying: SyslineReader::get_boxptrs()                        : sgl 87, dbl   0, mult  0
      storage: SyslineReader::find_sysline() syslines              : hit  0, miss  8,  0.0%
      caching: SyslineReader::find_sysline() syslines_by_range_map : hit  0, miss  8,  0.0%, put  8
      caching: SyslineReader::find_sysline() LRU cache             : hit  1, miss  8, 11.1%, put  8
      caching: SyslineReader::parse_datetime_in_line() LRU cache   : hit  7, miss 12, 36.8%, put  0
      optimize:SyslineReader::ezcheck12                            : hit  0, miss  0,  0.0%, largest skipped 0
      optimize:SyslineReader::ezcheckd2                            : hit  0, miss  4,  0.0%, largest skipped 0
      optimize:SyslineReader::ezcheck12d2                          : hit  3, miss 80,  3.6%, largest skipped 34
      process: regex captures attempted                            : 84
  Processing Drops:

Program Summary:

Paths considered       : 1
Paths not processed    : 0
Files processed        : 1
Files printed          : 1
Printed bytes          : 1620
Printed flushes        : 16
Printed lines          : 12
Printed syslines       : 8
Printed ASL events     : 0
Printed ETL events     : 0
Printed EVTX events    : 0
Printed fixedstruct    : 0
Printed journal events : 0
Printed ODL events     : 0
Regex patterns known   : 175
Regex patterns compiled: 76
Datetime filter -a     : 1999-03-03 00:00:00 +00:00 (1999-03-03 00:00:00.000000 +00:00)
Datetime printed first : 2016-12-05 20:32:06 -08:00 (2016-12-06 04:32:06.000000 +00:00)
Datetime printed last  : 2016-12-05 22:19:48 -08:00 (2016-12-06 06:19:48.000000 +00:00)
Datetime filter -b     : 2026-01-02 00:00:00 +00:00 (2026-01-02 00:00:00.000000 +00:00)
Channel Receive ok     : 10
Channel Receive err    : 0
Threads Spawned        : 1
Thread Spawn errors    : 0
Temporary files created: 0
Platform               : x86_64-unknown-linux-gnu
Allocator              : system
