./logs/synology-DS6/upstart/netatalk.log┋20161206T043143.000000000┋2016-12-05T20:31:43-0800 netatalk start
⇳
./logs/synology-DS6/upstart/netatalk.log┋20161206T043143.000000000┋2016-12-05T20:31:43-0800 Mon Dec  5 20:31:43 PST 2016
⇳
./logs/synology-DS6/upstart/netatalk.log┋20161206T043644.000000000┋2016-12-05T20:36:44-0800 netatalk stop
⇳
./logs/synology-DS6/upstart/netatalk.log┋20161206T043644.000000000┋2016-12-05T20:36:44-0800 Mon Dec  5 20:36:44 PST 2016
⇳
./logs/synology-DS6/upstart/netatalk.log┋20161206T043647.000000000┋2016-12-05T20:36:47-0800 netatalk start
⇳
./logs/synology-DS6/upstart/netatalk.log┋20161206T043647.000000000┋2016-12-05T20:36:47-0800 Mon Dec  5 20:36:47 PST 2016
⇳
./logs/synology-DS6/upstart/netatalk.log┋20161206T050055.000000000┋2016-12-05T21:00:55-0800 netatalk stop
⇳
./logs/synology-DS6/upstart/netatalk.log┋20161206T050055.000000000┋2016-12-05T21:00:55-0800 Mon Dec  5 21:00:55 PST 2016
⇳
./logs/synology-DS6/upstart/netatalk.log┋20161206T051147.000000000┋2016-12-05T21:11:47-0800 netatalk start
./logs/synology-DS6/upstart/netatalk.log┋20161206T051147.000000000┋Mon Dec  5 21:11:47 PST 2016
⇳
./logs/synology-DS6/upstart/netatalk.log┋20161206T051559.000000000┋2016-12-05T21:15:59-0800 netatalk stop
⇳
./logs/synology-DS6/upstart/netatalk.log┋20161206T051559.000000000┋2016-12-05T21:15:59-0800 Mon Dec  5 21:15:59 PST 2016
⇳
./logs/synology-DS6/upstart/netatalk.log┋20161206T051610.000000000┋2016-12-05T21:16:10-0800 netatalk start
⇳
./logs/synology-DS6/upstart/netatalk.log┋20161206T051610.000000000┋2016-12-05T21:16:10-0800 Mon Dec  5 21:16:10 PST 2016
⇳
./logs/synology-DS6/upstart/netatalk.log┋20161206T053434.000000000┋2016-12-05T21:34:34-0800 netatalk stop
⇳
./logs/synology-DS6/upstart/netatalk.log┋20161206T053434.000000000┋2016-12-05T21:34:34-0800 Mon Dec  5 21:34:34 PST 2016
⇳
./logs/synology-DS6/upstart/netatalk.log┋20161206T053946.000000000┋2016-12-05T21:39:46-0800 netatalk start
./logs/synology-DS6/upstart/netatalk.log┋20161206T053946.000000000┋Mon Dec  5 21:39:46 PST 2016
⇳
./logs/synology-DS6/upstart/netatalk.log┋20161209T025531.000000000┋2016-12-08T18:55:31-0800 netatalk stop
⇳
