
Files:

File: ./logs/synology-DS6/upstart/netatalk.log
  About:
      filetype       : TEXT UTF8/ASCII (text log)
      logmessagetype : text log lines
  Printed:
      bytes         : 2199
      flushes       : 17
      lines         : 19
      syslines      : 17
      datetime first: 2016-12-05 20:31:43 -08:00 (2016-12-06 04:31:43.000000 +00:00)
      datetime last : 2016-12-08 18:55:31 -08:00 (2016-12-09 02:55:31.000000 +00:00)
  Processed:
      file size     : 850 (0x352) (bytes)
      bytes         : 850 (0x352)
      bytes total   : 850 (0x352)
      block size    : 256 (0x100)
      blocks        : 4
      blocks total  : 4 (1024 bytes)
      lines         : 19
      syslines      : 17
      syslines high : 17
      datetime first     : 2016-12-05 20:31:43 -08:00 (2016-12-06 04:31:43.000000 +00:00)
      datetime last      : 2016-12-08 18:55:31 -08:00 (2016-12-09 02:55:31.000000 +00:00)
  Parsers:
  Processing Stores:
      storage: LineReader::find_line() lines                       : hit  0, miss 37,  0.0%
      caching: LineReader::find_line() LRU cache                   : hit 17, miss 20, 45.9%, put 19
      copying: SyslineReader::get_boxptrs()                        : sgl 91, dbl   3, mult  0
      storage: SyslineReader::find_sysline() syslines              : hit  0, miss 17,  0.0%
      caching: SyslineReader::find_sysline() syslines_by_range_map : hit  0, miss 17,  0.0%, put 17
      caching: SyslineReader::find_sysline() LRU cache             : hit  1, miss 17,  5.6%, put 17
      caching: SyslineReader::parse_datetime_in_line() LRU cache   : hit 16, miss 19, 45.7%, put  0
      optimize:SyslineReader::ezcheck12                            : hit  0, miss  0,  0.0%, largest skipped 0
      optimize:SyslineReader::ezcheckd2                            : hit  0, miss  4,  0.0%, largest skipped 0
      optimize:SyslineReader::ezcheck12d2                          : hit  0, miss 90,  0.0%, largest skipped 0
      process: regex captures attempted                            : 94
  Processing Drops:

Program Summary:

Paths considered       : 1
Paths not processed    : 0
Files processed        : 1
Files printed          : 1
Printed bytes          : 2267
Printed flushes        : 34
Printed lines          : 19
Printed syslines       : 17
Printed ETL events     : 0
Printed EVTX events    : 0
Printed fixedstruct    : 0
Printed journal events : 0
Printed ODL events     : 0
Regex patterns known   : 175
Regex patterns compiled: 76
Datetime filter -a     : 1999-03-03 00:00:00 +00:00 (1999-03-03 00:00:00.000000 +00:00)
Datetime printed first : 2016-12-05 20:31:43 -08:00 (2016-12-06 04:31:43.000000 +00:00)
Datetime printed last  : 2016-12-08 18:55:31 -08:00 (2016-12-09 02:55:31.000000 +00:00)
Datetime filter -b     : 2023-04-10 22:10:32 +00:00 (2023-04-10 22:10:32.000000 +00:00)
Channel Receive ok     : 19
Channel Receive err    : 0
Threads Spawned        : 1
Thread Spawn errors    : 0
Temporary files created: 0
Platform               : x86_64-unknown-linux-gnu
Allocator              : system
