./logs/synology-DS6/upstart/network.log┋20161206T043123.000000000┋2016-12-05T20:31:23-0800 synochecknetworkcfg: Pass 
⇳
./logs/synology-DS6/upstart/network.log┋20161206T043128.000000000┋2016-12-05T20:31:28-0800 dhcp-client (eth0) start/pre-start, process 3993
⇳
./logs/synology-DS6/upstart/network.log┋20161206T043128.000000000┋2016-12-05T20:31:28-0800 eth0      Link encap:Ethernet  HWaddr 01:02:03:04:05:DE  
⇳
./logs/synology-DS6/upstart/network.log┋20161206T043128.000000000┋2016-12-05T20:31:28-0800           inet6 addr: fe80::211:32ff:fe66:26de/64 Scope:Link
⇳
./logs/synology-DS6/upstart/network.log┋20161206T043128.000000000┋2016-12-05T20:31:28-0800           UP BROADCAST RUNNING MULTICAST  MTU:1500  Metric:1
./logs/synology-DS6/upstart/network.log┋20161206T043128.000000000┋          RX packets:1 errors:0 dropped:0 overruns:0 frame:0
./logs/synology-DS6/upstart/network.log┋20161206T043128.000000000┋          TX packets:3 errors:0 dropped:0 overruns:0 carrier:0
./logs/synology-DS6/upstart/network.log┋20161206T043128.000000000┋          collisions:0 txqueuelen:1024 
./logs/synology-DS6/upstart/network.log┋20161206T043128.000000000┋          RX bytes:60 (60.0 B)  TX bytes:258 (258.0 B)
./logs/synology-DS6/upstart/network.log┋20161206T043128.000000000┋          Interrupt:193 
./logs/synology-DS6/upstart/network.log┋20161206T043128.000000000┋
./logs/synology-DS6/upstart/network.log┋20161206T043128.000000000┋lo        Link encap:Local Loopback
./logs/synology-DS6/upstart/network.log┋20161206T043128.000000000┋          inet addr:192.168.0.1  Mask:192.168.0.0
⇳
./logs/synology-DS6/upstart/network.log┋20161206T043128.000000000┋2016-12-05T20:31:28-0800           inet6 addr: ::1/128 Scope:Host
⇳
./logs/synology-DS6/upstart/network.log┋20161206T043128.000000000┋2016-12-05T20:31:28-0800           UP LOOPBACK RUNNING  MTU:28404  Metric:1
./logs/synology-DS6/upstart/network.log┋20161206T043128.000000000┋          RX packets:0 errors:0 dropped:0 overruns:0 frame:0
./logs/synology-DS6/upstart/network.log┋20161206T043128.000000000┋          TX packets:0 errors:0 dropped:0 overruns:0 carrier:0
./logs/synology-DS6/upstart/network.log┋20161206T043128.000000000┋          collisions:0 txqueuelen:0 
./logs/synology-DS6/upstart/network.log┋20161206T043128.000000000┋          RX bytes:0 (0.0 B)  TX bytes:0 (0.0 B)
⇳
