./logs/synology-DS6/upstart/nmbd.log┋20161206T043143.000000000┋2016-12-05T20:31:43-0800 check function "getaddrinfo" ...
⇳
./logs/synology-DS6/upstart/nmbd.log┋20161206T043143.000000000┋2016-12-05T20:31:43-0800 getaddrinfo success for name 192.168.0.0
⇳
./logs/synology-DS6/upstart/nmbd.log┋20161206T043144.000000000┋2016-12-05T20:31:44-0800 SYNOWinsCheckWINS() return 0
⇳
./logs/synology-DS6/upstart/nmbd.log┋20161206T043151.000000000┋2016-12-05T20:31:51-0800 nmbd stoped (0 sec)
⇳
./logs/synology-DS6/upstart/nmbd.log┋20161206T043152.000000000┋2016-12-05T20:31:52-0800 check function "getaddrinfo" ...
⇳
./logs/synology-DS6/upstart/nmbd.log┋20161206T043152.000000000┋2016-12-05T20:31:52-0800 getaddrinfo success for name 192.168.0.0
⇳
./logs/synology-DS6/upstart/nmbd.log┋20161206T043252.000000000┋2016-12-05T20:32:52-0800 nmbd stoped (0 sec)
⇳
./logs/synology-DS6/upstart/nmbd.log┋20161206T043252.000000000┋2016-12-05T20:32:52-0800 check function "getaddrinfo" ...
⇳
./logs/synology-DS6/upstart/nmbd.log┋20161206T043252.000000000┋2016-12-05T20:32:52-0800 getaddrinfo success for name 192.168.0.0
⇳
./logs/synology-DS6/upstart/nmbd.log┋20161206T043644.000000000┋2016-12-05T20:36:44-0800 nmbd stoped (0 sec)
⇳
./logs/synology-DS6/upstart/nmbd.log┋20161206T043646.000000000┋2016-12-05T20:36:46-0800 check function "getaddrinfo" ...
⇳
./logs/synology-DS6/upstart/nmbd.log┋20161206T043646.000000000┋2016-12-05T20:36:46-0800 getaddrinfo success for name 192.168.0.0
⇳
./logs/synology-DS6/upstart/nmbd.log┋20161206T044707.000000000┋2016-12-05T20:47:07-0800 nmbd stoped (0 sec)
⇳
./logs/synology-DS6/upstart/nmbd.log┋20161206T044707.000000000┋2016-12-05T20:47:07-0800 check function "getaddrinfo" ...
⇳
./logs/synology-DS6/upstart/nmbd.log┋20161206T044707.000000000┋2016-12-05T20:47:07-0800 getaddrinfo success for name 192.168.0.0
⇳
./logs/synology-DS6/upstart/nmbd.log┋20161206T050055.000000000┋2016-12-05T21:00:55-0800 nmbd stoped (0 sec)
⇳
./logs/synology-DS6/upstart/nmbd.log┋20161206T051147.000000000┋2016-12-05T21:11:47-0800 check function "getaddrinfo" ...
⇳
./logs/synology-DS6/upstart/nmbd.log┋20161206T051147.000000000┋2016-12-05T21:11:47-0800 getaddrinfo success for name 192.168.0.0
⇳
./logs/synology-DS6/upstart/nmbd.log┋20161206T051148.000000000┋2016-12-05T21:11:48-0800 SYNOWinsCheckWINS() return 0
⇳
