./logs/synology-DS6/upstart/pgsql.log┋20161206T043259.000000000┋2016-12-05T20:32:59-0800 Fail to read result of '/bin/get_key_value /etc/synoinfo.conf usbstation'
⇳
./logs/synology-DS6/upstart/pgsql.log┋20161206T043259.000000000┋2016-12-05T20:32:59-0800 WARNING:  Fail to check if skip owner check
⇳
./logs/synology-DS6/upstart/pgsql.log┋20161206T043300.000000000┋2016-12-05T20:33:00-0800 LOG:  ending log output to stderr
./logs/synology-DS6/upstart/pgsql.log┋20161206T043300.000000000┋HINT:  Future log output will go to log destination "syslog".
⇳
./logs/synology-DS6/upstart/pgsql.log┋20161206T051149.000000000┋2016-12-05T21:11:49-0800 Fail to read result of '/bin/get_key_value /etc/synoinfo.conf usbstation'
⇳
./logs/synology-DS6/upstart/pgsql.log┋20161206T051149.000000000┋2016-12-05T21:11:49-0800 WARNING:  Fail to check if skip owner check
⇳
./logs/synology-DS6/upstart/pgsql.log┋20161206T051151.000000000┋2016-12-05T21:11:51-0800 LOG:  ending log output to stderr
./logs/synology-DS6/upstart/pgsql.log┋20161206T051151.000000000┋HINT:  Future log output will go to log destination "syslog".
⇳
./logs/synology-DS6/upstart/pgsql.log┋20161206T051819.000000000┋2016-12-05T21:18:19-0800 Fail to read result of '/bin/get_key_value /etc/synoinfo.conf usbstation'
⇳
./logs/synology-DS6/upstart/pgsql.log┋20161206T051819.000000000┋2016-12-05T21:18:19-0800 WARNING:  Fail to check if skip owner check
⇳
./logs/synology-DS6/upstart/pgsql.log┋20161206T051819.000000000┋2016-12-05T21:18:19-0800 LOG:  ending log output to stderr
./logs/synology-DS6/upstart/pgsql.log┋20161206T051819.000000000┋HINT:  Future log output will go to log destination "syslog".
⇳
./logs/synology-DS6/upstart/pgsql.log┋20161206T053948.000000000┋2016-12-05T21:39:48-0800 Fail to read result of '/bin/get_key_value /etc/synoinfo.conf usbstation'
⇳
./logs/synology-DS6/upstart/pgsql.log┋20161206T053948.000000000┋2016-12-05T21:39:48-0800 WARNING:  Fail to check if skip owner check
⇳
./logs/synology-DS6/upstart/pgsql.log┋20161206T053950.000000000┋2016-12-05T21:39:50-0800 LOG:  ending log output to stderr
./logs/synology-DS6/upstart/pgsql.log┋20161206T053950.000000000┋HINT:  Future log output will go to log destination "syslog".
⇳
./logs/synology-DS6/upstart/pgsql.log┋20170103T094059.000000000┋2017-01-03T01:40:59-0800 Fail to read result of '/bin/get_key_value /etc/synoinfo.conf usbstation'
⇳
./logs/synology-DS6/upstart/pgsql.log┋20170103T094059.000000000┋2017-01-03T01:40:59-0800 WARNING:  Fail to check if skip owner check
⇳
./logs/synology-DS6/upstart/pgsql.log┋20170103T094059.000000000┋2017-01-03T01:40:59-0800 LOG:  ending log output to stderr
⇳
