
Files:

File: ./logs/synology-DS6/upstart/pgsql.log
  About:
      filetype       : TEXT UTF8/ASCII
      logmessagetype : syslog lines
  Printed:
      bytes         : 2694
      flushes       : 15
      lines         : 19
      syslines      : 15
  Processed:
      file size     : 1402 (0x57A) (bytes)
      bytes         : 1402 (0x57A)
      bytes total   : 1402 (0x57A)
      block size    : 256 (0x100)
      blocks        : 6
      blocks total  : 6 (1536 bytes)
      lines         : 19
      syslines      : 15
      syslines high : 11
  Parsers:
  Processing Stores:
      storage: LineReader::find_line() lines                       : hit  0, miss 37,  0.0%
      caching: LineReader::find_line() LRU cache                   : hit 15, miss 20, 42.9%, put 19
      copying: SyslineReader::get_boxptrs()                        : sgl 89, dbl   5, mult  0
      storage: SyslineReader::find_sysline() syslines              : hit  0, miss 15,  0.0%
      caching: SyslineReader::find_sysline() syslines_by_range_map : hit  0, miss 15,  0.0%, put 15
      caching: SyslineReader::find_sysline() LRU cache             : hit  1, miss 15,  6.2%, put 15
      caching: SyslineReader::parse_datetime_in_line() LRU cache   : hit 14, miss 19, 42.4%, put  0
      optimize:SyslineReader::ezcheck12                            : hit  0, miss  0,  0.0%, largest skipped 0
      optimize:SyslineReader::ezcheckd2                            : hit  0, miss  4,  0.0%, largest skipped 0
      optimize:SyslineReader::ezcheck12d2                          : hit  4, miss 86,  4.4%, largest skipped 49
      process: regex captures attempted                            : 90
  Processing Drops:

Program Summary:

Paths considered       : 1
Paths not processed    : 0
Files processed        : 1
Files printed          : 1
Printed bytes          : 2754
Printed flushes        : 30
Printed lines          : 19
Printed syslines       : 15
Printed evtx events    : 0
Printed fixedstruct    : 0
Printed journal events : 0
Regex patterns known   : 173
Regex patterns compiled: 76
Datetime filter -a     : 1999-03-03 00:00:00 +00:00 (1999-03-03 00:00:00 +00:00)
Datetime filter -b     : 2023-04-10 22:10:32 +00:00 (2023-04-10 22:10:32 +00:00)
Channel Receive ok     : 17
Channel Receive err    : 0
Threads Spawned        : 1
Thread Spawn errors    : 0
Platform               : x86_64-unknown-linux-gnu
Allocator              : system
