./logs/synology-DS6/upstart/pkg-SynologyMoments-check-center.log┋20181206T103142.000000000┋2018-12-06T02:31:42-0800 Thu Dec  6 10:31:42 UTC 2018: start synophoto-check-center
⇳
./logs/synology-DS6/upstart/pkg-SynologyMoments-check-center.log┋20181217T230616.000000000┋2018-12-17T15:06:16-0800 Mon Dec 17 23:06:16 UTC 2018: stop synophoto-check-center
⇳
./logs/synology-DS6/upstart/pkg-SynologyMoments-check-center.log┋20181217T231134.000000000┋2018-12-17T15:11:34-0800 Mon Dec 17 23:11:34 UTC 2018: start synophoto-check-center
⇳
./logs/synology-DS6/upstart/pkg-SynologyMoments-check-center.log┋20181225T094221.000000000┋2018-12-25T01:42:21-0800 Tue Dec 25 09:42:21 UTC 2018: stop synophoto-check-center
⇳
./logs/synology-DS6/upstart/pkg-SynologyMoments-check-center.log┋20181225T094307.000000000┋2018-12-25T01:43:07-0800 Tue Dec 25 09:43:07 UTC 2018: start synophoto-check-center
⇳
./logs/synology-DS6/upstart/pkg-SynologyMoments-check-center.log┋20181231T011317.000000000┋2018-12-30T17:13:17-0800 Mon Dec 31 01:13:17 UTC 2018: stop synophoto-check-center
⇳
./logs/synology-DS6/upstart/pkg-SynologyMoments-check-center.log┋20181231T011511.000000000┋2018-12-30T17:15:11-0800 Mon Dec 31 01:15:11 UTC 2018: start synophoto-check-center
⇳
./logs/synology-DS6/upstart/pkg-SynologyMoments-check-center.log┋20190103T080600.000000000┋2019-01-03T00:06:00-0800 Thu Jan  3 08:06:00 UTC 2019: stop synophoto-check-center
⇳
./logs/synology-DS6/upstart/pkg-SynologyMoments-check-center.log┋20190103T081139.000000000┋2019-01-03T00:11:39-0800 Thu Jan  3 08:11:39 UTC 2019: start synophoto-check-center
⇳
./logs/synology-DS6/upstart/pkg-SynologyMoments-check-center.log┋20190107T052914.000000000┋2019-01-06T21:29:14-0800 Mon Jan  7 05:29:14 UTC 2019: stop synophoto-check-center
⇳
./logs/synology-DS6/upstart/pkg-SynologyMoments-check-center.log┋20190107T053003.000000000┋2019-01-06T21:30:03-0800 Mon Jan  7 05:30:03 UTC 2019: start synophoto-check-center
⇳
./logs/synology-DS6/upstart/pkg-SynologyMoments-check-center.log┋20190123T223659.000000000┋2019-01-23T14:36:59-0800 Wed Jan 23 22:36:59 UTC 2019: stop synophoto-check-center
⇳
./logs/synology-DS6/upstart/pkg-SynologyMoments-check-center.log┋20190123T223757.000000000┋2019-01-23T14:37:57-0800 Wed Jan 23 22:37:57 UTC 2019: start synophoto-check-center
⇳
./logs/synology-DS6/upstart/pkg-SynologyMoments-check-center.log┋20190124T113826.000000000┋2019-01-24T03:38:26-0800 Thu Jan 24 11:38:26 UTC 2019: stop synophoto-check-center
⇳
./logs/synology-DS6/upstart/pkg-SynologyMoments-check-center.log┋20190124T113916.000000000┋2019-01-24T03:39:16-0800 Thu Jan 24 11:39:16 UTC 2019: start synophoto-check-center
⇳
./logs/synology-DS6/upstart/pkg-SynologyMoments-check-center.log┋20190125T113642.000000000┋2019-01-25T03:36:42-0800 Fri Jan 25 11:36:42 UTC 2019: stop synophoto-check-center
⇳
./logs/synology-DS6/upstart/pkg-SynologyMoments-check-center.log┋20190125T113736.000000000┋2019-01-25T03:37:36-0800 Fri Jan 25 11:37:36 UTC 2019: start synophoto-check-center
⇳
./logs/synology-DS6/upstart/pkg-SynologyMoments-check-center.log┋20190126T113657.000000000┋2019-01-26T03:36:57-0800 Sat Jan 26 11:36:57 UTC 2019: stop synophoto-check-center
⇳
./logs/synology-DS6/upstart/pkg-SynologyMoments-check-center.log┋20190126T113744.000000000┋2019-01-26T03:37:44-0800 Sat Jan 26 11:37:44 UTC 2019: start synophoto-check-center
⇳
