./logs/synology-DS6/upstart/pkg-SynologyMoments-notify-center.log┋20190130T211139.000000000┋2019-01-30T13:11:39-0800 Wed Jan 30 21:11:39 UTC 2019: start synophoto-notify-center
⇳
./logs/synology-DS6/upstart/pkg-SynologyMoments-notify-center.log┋20190131T095206.000000000┋2019-01-31T01:52:06-0800 Thu Jan 31 09:52:06 UTC 2019: stop synophoto-notify-center
⇳
./logs/synology-DS6/upstart/pkg-SynologyMoments-notify-center.log┋20190131T095310.000000000┋2019-01-31T01:53:10-0800 Thu Jan 31 09:53:10 UTC 2019: start synophoto-notify-center
⇳
./logs/synology-DS6/upstart/pkg-SynologyMoments-notify-center.log┋20190201T100000.000000000┋2019-02-01T02:00:00-0800 Fri Feb  1 10:00:00 UTC 2019: stop synophoto-notify-center
⇳
./logs/synology-DS6/upstart/pkg-SynologyMoments-notify-center.log┋20190201T100108.000000000┋2019-02-01T02:01:08-0800 Fri Feb  1 10:01:08 UTC 2019: start synophoto-notify-center
⇳
./logs/synology-DS6/upstart/pkg-SynologyMoments-notify-center.log┋20190202T095209.000000000┋2019-02-02T01:52:09-0800 Sat Feb  2 09:52:09 UTC 2019: stop synophoto-notify-center
⇳
./logs/synology-DS6/upstart/pkg-SynologyMoments-notify-center.log┋20190202T095327.000000000┋2019-02-02T01:53:27-0800 Sat Feb  2 09:53:27 UTC 2019: start synophoto-notify-center
⇳
./logs/synology-DS6/upstart/pkg-SynologyMoments-notify-center.log┋20190203T100146.000000000┋2019-02-03T02:01:46-0800 Sun Feb  3 10:01:46 UTC 2019: stop synophoto-notify-center
⇳
./logs/synology-DS6/upstart/pkg-SynologyMoments-notify-center.log┋20190203T100325.000000000┋2019-02-03T02:03:25-0800 Sun Feb  3 10:03:25 UTC 2019: start synophoto-notify-center
⇳
./logs/synology-DS6/upstart/pkg-SynologyMoments-notify-center.log┋20190204T094541.000000000┋2019-02-04T01:45:41-0800 Mon Feb  4 09:45:41 UTC 2019: stop synophoto-notify-center
⇳
./logs/synology-DS6/upstart/pkg-SynologyMoments-notify-center.log┋20190204T094635.000000000┋2019-02-04T01:46:35-0800 Mon Feb  4 09:46:35 UTC 2019: start synophoto-notify-center
⇳
./logs/synology-DS6/upstart/pkg-SynologyMoments-notify-center.log┋20190205T095127.000000000┋2019-02-05T01:51:27-0800 Tue Feb  5 09:51:27 UTC 2019: stop synophoto-notify-center
⇳
./logs/synology-DS6/upstart/pkg-SynologyMoments-notify-center.log┋20190205T095219.000000000┋2019-02-05T01:52:19-0800 Tue Feb  5 09:52:19 UTC 2019: start synophoto-notify-center
⇳
./logs/synology-DS6/upstart/pkg-SynologyMoments-notify-center.log┋20190206T094047.000000000┋2019-02-06T01:40:47-0800 Wed Feb  6 09:40:47 UTC 2019: stop synophoto-notify-center
⇳
./logs/synology-DS6/upstart/pkg-SynologyMoments-notify-center.log┋20190206T094138.000000000┋2019-02-06T01:41:38-0800 Wed Feb  6 09:41:38 UTC 2019: start synophoto-notify-center
⇳
./logs/synology-DS6/upstart/pkg-SynologyMoments-notify-center.log┋20190207T094435.000000000┋2019-02-07T01:44:35-0800 Thu Feb  7 09:44:35 UTC 2019: stop synophoto-notify-center
⇳
./logs/synology-DS6/upstart/pkg-SynologyMoments-notify-center.log┋20190207T094524.000000000┋2019-02-07T01:45:24-0800 Thu Feb  7 09:45:24 UTC 2019: start synophoto-notify-center
⇳
./logs/synology-DS6/upstart/pkg-SynologyMoments-notify-center.log┋20190208T094247.000000000┋2019-02-08T01:42:47-0800 Fri Feb  8 09:42:47 UTC 2019: stop synophoto-notify-center
⇳
./logs/synology-DS6/upstart/pkg-SynologyMoments-notify-center.log┋20190208T094349.000000000┋2019-02-08T01:43:49-0800 Fri Feb  8 09:43:49 UTC 2019: start synophoto-notify-center
⇳
