./logs/synology-DS6/upstart/pkg-synoreport.log┋20170103T094055.000000000┋2017-01-03T01:40:55-0800 Tue Jan  3 09:40:55 UTC 2017: Before cleanning temp files and generating global data.
⇳
./logs/synology-DS6/upstart/pkg-synoreport.log┋20170104T075644.000000000┋2017-01-03T23:56:44-0800 Wed Jan  4 07:56:44 UTC 2017: Before cleanning temp files and generating global data.
⇳
./logs/synology-DS6/upstart/pkg-synoreport.log┋20170104T075647.000000000┋2017-01-03T23:56:47-0800 Wed Jan  4 07:56:47 UTC 2017: After cleanning temp files and generating global data.
⇳
./logs/synology-DS6/upstart/pkg-synoreport.log┋20170108T213555.000000000┋2017-01-08T13:35:55-0800 Sun Jan  8 21:35:55 UTC 2017: Before cleanning temp files and generating global data.
⇳
./logs/synology-DS6/upstart/pkg-synoreport.log┋20170108T213558.000000000┋2017-01-08T13:35:58-0800 Sun Jan  8 21:35:58 UTC 2017: After cleanning temp files and generating global data.
⇳
./logs/synology-DS6/upstart/pkg-synoreport.log┋20170125T072614.000000000┋2017-01-24T23:26:14-0800 Wed Jan 25 07:26:14 UTC 2017: Before cleanning temp files and generating global data.
⇳
./logs/synology-DS6/upstart/pkg-synoreport.log┋20170131T082202.000000000┋2017-01-31T00:22:02-0800 Tue Jan 31 08:22:02 UTC 2017: Before cleanning temp files and generating global data.
⇳
./logs/synology-DS6/upstart/pkg-synoreport.log┋20170131T082204.000000000┋2017-01-31T00:22:04-0800 Tue Jan 31 08:22:04 UTC 2017: After cleanning temp files and generating global data.
⇳
./logs/synology-DS6/upstart/pkg-synoreport.log┋20170205T070708.000000000┋2017-02-04T23:07:08-0800 Sun Feb  5 07:07:08 UTC 2017: Before cleanning temp files and generating global data.
⇳
./logs/synology-DS6/upstart/pkg-synoreport.log┋20170205T070709.000000000┋2017-02-04T23:07:09-0800 Sun Feb  5 07:07:09 UTC 2017: After cleanning temp files and generating global data.
⇳
./logs/synology-DS6/upstart/pkg-synoreport.log┋20170223T225213.000000000┋2017-02-23T14:52:13-0800 Thu Feb 23 22:52:13 UTC 2017: Before cleanning temp files and generating global data.
⇳
./logs/synology-DS6/upstart/pkg-synoreport.log┋20170307T171549.000000000┋2017-03-07T09:15:49-0800 Tue Mar  7 17:15:49 UTC 2017: Before cleanning temp files and generating global data.
⇳
./logs/synology-DS6/upstart/pkg-synoreport.log┋20170310T041533.000000000┋2017-03-09T20:15:33-0800 Fri Mar 10 04:15:33 UTC 2017: Before cleanning temp files and generating global data.
⇳
./logs/synology-DS6/upstart/pkg-synoreport.log┋20170508T153542.000000000┋2017-05-08T08:35:42-0700 Mon May  8 15:35:42 UTC 2017: Before cleanning temp files and generating global data.
⇳
./logs/synology-DS6/upstart/pkg-synoreport.log┋20170513T054627.000000000┋2017-05-12T22:46:27-0700 Sat May 13 05:46:27 UTC 2017: Before cleanning temp files and generating global data.
⇳
./logs/synology-DS6/upstart/pkg-synoreport.log┋20170917T165653.000000000┋2017-09-17T09:56:53-0700 Sun Sep 17 16:56:53 UTC 2017: Before cleanning temp files and generating global data.
⇳
./logs/synology-DS6/upstart/pkg-synoreport.log┋20170917T165656.000000000┋2017-09-17T09:56:56-0700 Sun Sep 17 16:56:56 UTC 2017: After cleanning temp files and generating global data.
⇳
./logs/synology-DS6/upstart/pkg-synoreport.log┋20180801T210144.000000000┋2018-08-01T14:01:44-0700 Wed Aug  1 21:01:44 UTC 2018: Before cleanning temp files and generating global data.
⇳
./logs/synology-DS6/upstart/pkg-synoreport.log┋20180801T210148.000000000┋2018-08-01T14:01:48-0700 Wed Aug  1 21:01:48 UTC 2018: After cleanning temp files and generating global data.
⇳
