./logs/synology-DS6/upstart/pkg-SynologyMoments-thumbnail-provider.log┋20181206T103131.000000000┋2018-12-06T02:31:31-0800 Thu Dec  6 10:31:31 UTC 2018: start synophoto-thumbnail-provider
⇳
./logs/synology-DS6/upstart/pkg-SynologyMoments-thumbnail-provider.log┋20181217T230619.000000000┋2018-12-17T15:06:19-0800 Mon Dec 17 23:06:19 UTC 2018: stop synophoto-thumbnail-provider
⇳
./logs/synology-DS6/upstart/pkg-SynologyMoments-thumbnail-provider.log┋20181217T230928.000000000┋2018-12-17T15:09:28-0800 Mon Dec 17 23:09:28 UTC 2018: start synophoto-thumbnail-provider
⇳
./logs/synology-DS6/upstart/pkg-SynologyMoments-thumbnail-provider.log┋20181217T230931.000000000┋2018-12-17T15:09:31-0800 Mon Dec 17 23:09:31 UTC 2018: stop synophoto-thumbnail-provider
⇳
./logs/synology-DS6/upstart/pkg-SynologyMoments-thumbnail-provider.log┋20181217T230931.000000000┋2018-12-17T15:09:31-0800 Mon Dec 17 23:09:31 UTC 2018: start synophoto-thumbnail-provider
⇳
./logs/synology-DS6/upstart/pkg-SynologyMoments-thumbnail-provider.log┋20181225T094224.000000000┋2018-12-25T01:42:24-0800 Tue Dec 25 09:42:24 UTC 2018: stop synophoto-thumbnail-provider
⇳
./logs/synology-DS6/upstart/pkg-SynologyMoments-thumbnail-provider.log┋20181225T094302.000000000┋2018-12-25T01:43:02-0800 Tue Dec 25 09:43:02 UTC 2018: start synophoto-thumbnail-provider
⇳
./logs/synology-DS6/upstart/pkg-SynologyMoments-thumbnail-provider.log┋20181231T011320.000000000┋2018-12-30T17:13:20-0800 Mon Dec 31 01:13:20 UTC 2018: stop synophoto-thumbnail-provider
⇳
./logs/synology-DS6/upstart/pkg-SynologyMoments-thumbnail-provider.log┋20181231T011505.000000000┋2018-12-30T17:15:05-0800 Mon Dec 31 01:15:05 UTC 2018: start synophoto-thumbnail-provider
⇳
./logs/synology-DS6/upstart/pkg-SynologyMoments-thumbnail-provider.log┋20190103T080602.000000000┋2019-01-03T00:06:02-0800 Thu Jan  3 08:06:02 UTC 2019: stop synophoto-thumbnail-provider
⇳
./logs/synology-DS6/upstart/pkg-SynologyMoments-thumbnail-provider.log┋20190103T080931.000000000┋2019-01-03T00:09:31-0800 Thu Jan  3 08:09:31 UTC 2019: start synophoto-thumbnail-provider
⇳
./logs/synology-DS6/upstart/pkg-SynologyMoments-thumbnail-provider.log┋20190107T052916.000000000┋2019-01-06T21:29:16-0800 Mon Jan  7 05:29:16 UTC 2019: stop synophoto-thumbnail-provider
⇳
./logs/synology-DS6/upstart/pkg-SynologyMoments-thumbnail-provider.log┋20190107T052958.000000000┋2019-01-06T21:29:58-0800 Mon Jan  7 05:29:58 UTC 2019: start synophoto-thumbnail-provider
⇳
./logs/synology-DS6/upstart/pkg-SynologyMoments-thumbnail-provider.log┋20190123T223702.000000000┋2019-01-23T14:37:02-0800 Wed Jan 23 22:37:02 UTC 2019: stop synophoto-thumbnail-provider
⇳
./logs/synology-DS6/upstart/pkg-SynologyMoments-thumbnail-provider.log┋20190123T223752.000000000┋2019-01-23T14:37:52-0800 Wed Jan 23 22:37:52 UTC 2019: start synophoto-thumbnail-provider
⇳
./logs/synology-DS6/upstart/pkg-SynologyMoments-thumbnail-provider.log┋20190124T113828.000000000┋2019-01-24T03:38:28-0800 Thu Jan 24 11:38:28 UTC 2019: stop synophoto-thumbnail-provider
⇳
./logs/synology-DS6/upstart/pkg-SynologyMoments-thumbnail-provider.log┋20190124T113911.000000000┋2019-01-24T03:39:11-0800 Thu Jan 24 11:39:11 UTC 2019: start synophoto-thumbnail-provider
⇳
./logs/synology-DS6/upstart/pkg-SynologyMoments-thumbnail-provider.log┋20190125T113645.000000000┋2019-01-25T03:36:45-0800 Fri Jan 25 11:36:45 UTC 2019: stop synophoto-thumbnail-provider
⇳
./logs/synology-DS6/upstart/pkg-SynologyMoments-thumbnail-provider.log┋20190125T113730.000000000┋2019-01-25T03:37:30-0800 Fri Jan 25 11:37:30 UTC 2019: start synophoto-thumbnail-provider
⇳
