
Files:

File: ./logs/synology-DS6/upstart/pkg-SynologyApplicationService-session_watcher.log
  About:
      filetype       : TEXT UTF8/ASCII (text log)
      logmessagetype : text log lines
  Printed:
      bytes         : 3107
      flushes       : 19
      lines         : 19
      syslines      : 19
      datetime first: 2019-08-31 23:53:52 -07:00 (2019-09-01 06:53:52.000000 +00:00)
      datetime last : 2020-03-06 20:09:23 -08:00 (2020-03-07 04:09:23.000000 +00:00)
  Processed:
      file size     : 1036 (0x40C) (bytes)
      bytes         : 1036 (0x40C)
      bytes total   : 1036 (0x40C)
      block size    : 256 (0x100)
      blocks        : 5
      blocks total  : 5 (1280 bytes)
      lines         : 19
      syslines      : 19
      syslines high : 17
      datetime first     : 2019-08-31 23:53:52 -07:00 (2019-09-01 06:53:52.000000 +00:00)
      datetime last      : 2020-03-06 20:09:23 -08:00 (2020-03-07 04:09:23.000000 +00:00)
  Parsers:
  Processing Stores:
      storage: LineReader::find_line() lines                       : hit  0, miss 37,  0.0%
      caching: LineReader::find_line() LRU cache                   : hit 19, miss 20, 48.7%, put 19
      copying: SyslineReader::get_boxptrs()                        : sgl 90, dbl   4, mult  0
      storage: SyslineReader::find_sysline() syslines              : hit  0, miss 19,  0.0%
      caching: SyslineReader::find_sysline() syslines_by_range_map : hit  0, miss 19,  0.0%, put 19
      caching: SyslineReader::find_sysline() LRU cache             : hit  1, miss 19,  5.0%, put 19
      caching: SyslineReader::parse_datetime_in_line() LRU cache   : hit 18, miss 19, 48.6%, put  0
      optimize:SyslineReader::ezcheck12                            : hit  0, miss  0,  0.0%, largest skipped 0
      optimize:SyslineReader::ezcheckd2                            : hit  0, miss  4,  0.0%, largest skipped 0
      optimize:SyslineReader::ezcheck12d2                          : hit  0, miss 90,  0.0%, largest skipped 0
      process: regex captures attempted                            : 94
  Processing Drops:

Program Summary:

Paths considered       : 1
Paths not processed    : 0
Files processed        : 1
Files printed          : 1
Printed bytes          : 3183
Printed flushes        : 38
Printed lines          : 19
Printed syslines       : 19
Printed ASL events     : 0
Printed ETL events     : 0
Printed EVTX events    : 0
Printed fixedstruct    : 0
Printed journal events : 0
Printed ODL events     : 0
Regex patterns known   : 175
Regex patterns compiled: 76
Datetime filter -a     : 1999-03-03 00:00:00 +00:00 (1999-03-03 00:00:00.000000 +00:00)
Datetime printed first : 2019-08-31 23:53:52 -07:00 (2019-09-01 06:53:52.000000 +00:00)
Datetime printed last  : 2020-03-06 20:09:23 -08:00 (2020-03-07 04:09:23.000000 +00:00)
Datetime filter -b     : 2026-01-02 00:00:00 +00:00 (2026-01-02 00:00:00.000000 +00:00)
Channel Receive ok     : 21
Channel Receive err    : 0
Threads Spawned        : 1
Thread Spawn errors    : 0
Temporary files created: 0
Platform               : x86_64-unknown-linux-gnu
Allocator              : system
