./logs/synology-DS6/upstart/pkg-SynologyMoments-geocoding.log┋20181206T103129.000000000┋2018-12-06T02:31:29-0800 Thu Dec  6 10:31:29 UTC 2018: start synophoto-geocoding
⇳
./logs/synology-DS6/upstart/pkg-SynologyMoments-geocoding.log┋20181217T230620.000000000┋2018-12-17T15:06:20-0800 Mon Dec 17 23:06:20 UTC 2018: stop synophoto-geocoding
⇳
./logs/synology-DS6/upstart/pkg-SynologyMoments-geocoding.log┋20181217T230934.000000000┋2018-12-17T15:09:34-0800 Mon Dec 17 23:09:34 UTC 2018: start synophoto-geocoding
⇳
./logs/synology-DS6/upstart/pkg-SynologyMoments-geocoding.log┋20181225T094225.000000000┋2018-12-25T01:42:25-0800 Tue Dec 25 09:42:25 UTC 2018: stop synophoto-geocoding
⇳
./logs/synology-DS6/upstart/pkg-SynologyMoments-geocoding.log┋20181225T094301.000000000┋2018-12-25T01:43:01-0800 Tue Dec 25 09:43:01 UTC 2018: start synophoto-geocoding
⇳
./logs/synology-DS6/upstart/pkg-SynologyMoments-geocoding.log┋20181231T011321.000000000┋2018-12-30T17:13:21-0800 Mon Dec 31 01:13:21 UTC 2018: stop synophoto-geocoding
⇳
./logs/synology-DS6/upstart/pkg-SynologyMoments-geocoding.log┋20181231T011504.000000000┋2018-12-30T17:15:04-0800 Mon Dec 31 01:15:04 UTC 2018: start synophoto-geocoding
⇳
./logs/synology-DS6/upstart/pkg-SynologyMoments-geocoding.log┋20190103T080557.000000000┋2019-01-03T00:05:57-0800 Thu Jan  3 08:05:57 UTC 2019: stop synophoto-geocoding
⇳
./logs/synology-DS6/upstart/pkg-SynologyMoments-geocoding.log┋20190103T080937.000000000┋2019-01-03T00:09:37-0800 Thu Jan  3 08:09:37 UTC 2019: start synophoto-geocoding
⇳
./logs/synology-DS6/upstart/pkg-SynologyMoments-geocoding.log┋20190107T052917.000000000┋2019-01-06T21:29:17-0800 Mon Jan  7 05:29:17 UTC 2019: stop synophoto-geocoding
⇳
./logs/synology-DS6/upstart/pkg-SynologyMoments-geocoding.log┋20190107T052957.000000000┋2019-01-06T21:29:57-0800 Mon Jan  7 05:29:57 UTC 2019: start synophoto-geocoding
⇳
./logs/synology-DS6/upstart/pkg-SynologyMoments-geocoding.log┋20190123T223703.000000000┋2019-01-23T14:37:03-0800 Wed Jan 23 22:37:03 UTC 2019: stop synophoto-geocoding
⇳
./logs/synology-DS6/upstart/pkg-SynologyMoments-geocoding.log┋20190123T223751.000000000┋2019-01-23T14:37:51-0800 Wed Jan 23 22:37:51 UTC 2019: start synophoto-geocoding
⇳
./logs/synology-DS6/upstart/pkg-SynologyMoments-geocoding.log┋20190124T113829.000000000┋2019-01-24T03:38:29-0800 Thu Jan 24 11:38:29 UTC 2019: stop synophoto-geocoding
⇳
./logs/synology-DS6/upstart/pkg-SynologyMoments-geocoding.log┋20190124T113910.000000000┋2019-01-24T03:39:10-0800 Thu Jan 24 11:39:10 UTC 2019: start synophoto-geocoding
⇳
./logs/synology-DS6/upstart/pkg-SynologyMoments-geocoding.log┋20190125T113646.000000000┋2019-01-25T03:36:46-0800 Fri Jan 25 11:36:46 UTC 2019: stop synophoto-geocoding
⇳
./logs/synology-DS6/upstart/pkg-SynologyMoments-geocoding.log┋20190125T113729.000000000┋2019-01-25T03:37:29-0800 Fri Jan 25 11:37:29 UTC 2019: start synophoto-geocoding
⇳
./logs/synology-DS6/upstart/pkg-SynologyMoments-geocoding.log┋20190126T113701.000000000┋2019-01-26T03:37:01-0800 Sat Jan 26 11:37:01 UTC 2019: stop synophoto-geocoding
⇳
./logs/synology-DS6/upstart/pkg-SynologyMoments-geocoding.log┋20190126T113737.000000000┋2019-01-26T03:37:37-0800 Sat Jan 26 11:37:37 UTC 2019: start synophoto-geocoding
⇳
