
Files:

File: ./logs/synology-DS6/upstart/pkg-surveillance-apid.log
  About:
      filetype       : TEXT UTF8/ASCII
      logmessagetype : syslog lines
  Printed:
      bytes         : 1864
      flushes       : 4
      lines         : 14
      syslines      : 4
  Processed:
      file size     : 688 (0x2B0) (bytes)
      bytes         : 688 (0x2B0)
      bytes total   : 688 (0x2B0)
      block size    : 256 (0x100)
      blocks        : 3
      blocks total  : 3 (768 bytes)
      lines         : 14
      syslines      : 4
      syslines high : 4
  Parsers:
  Processing Stores:
      storage: LineReader::find_line() lines                       : hit  0, miss 27,  0.0%
      caching: LineReader::find_line() LRU cache                   : hit  4, miss 15, 21.1%, put 14
      copying: SyslineReader::get_boxptrs()                        : sgl 86, dbl   1, mult  0
      storage: SyslineReader::find_sysline() syslines              : hit  0, miss  4,  0.0%
      caching: SyslineReader::find_sysline() syslines_by_range_map : hit  0, miss  4,  0.0%, put  4
      caching: SyslineReader::find_sysline() LRU cache             : hit  1, miss  4, 20.0%, put  4
      caching: SyslineReader::parse_datetime_in_line() LRU cache   : hit  3, miss 14, 17.6%, put  0
      optimize:SyslineReader::ezcheck12                            : hit  0, miss  0,  0.0%, largest skipped 0
      optimize:SyslineReader::ezcheckd2                            : hit  0, miss  4,  0.0%, largest skipped 0
      optimize:SyslineReader::ezcheck12d2                          : hit  2, miss 81,  2.4%, largest skipped 8
      process: regex captures attempted                            : 85
  Processing Drops:

Program Summary:

Paths considered       : 1
Paths not processed    : 0
Files processed        : 1
Files printed          : 1
Printed bytes          : 1880
Printed flushes        : 8
Printed lines          : 14
Printed syslines       : 4
Printed evtx events    : 0
Printed fixedstruct    : 0
Printed journal events : 0
Regex patterns known   : 175
Regex patterns compiled: 76
Datetime filter -a     : 1999-03-03 00:00:00 +00:00 (1999-03-03 00:00:00 +00:00)
Datetime filter -b     : 2023-04-10 22:10:32 +00:00 (2023-04-10 22:10:32 +00:00)
Channel Receive ok     : 6
Channel Receive err    : 0
Threads Spawned        : 1
Thread Spawn errors    : 0
Temporary files created: 0
Platform               : x86_64-unknown-linux-gnu
Allocator              : system
