./logs/synology-DS6/upstart/pkgctl-Node.js_v8.log┋20190901T065225.000000000┋2019-08-31T23:52:25-0700 ======== start Node.js_v8 ========
⇳
./logs/synology-DS6/upstart/pkgctl-Node.js_v8.log┋20190909T022525.000000000┋2019-09-08T19:25:25-0700 ======== start Node.js_v8 ========
⇳
./logs/synology-DS6/upstart/pkgctl-Node.js_v8.log┋20191020T015930.000000000┋2019-10-19T18:59:30-0700 initctl: Event failed
⇳
./logs/synology-DS6/upstart/pkgctl-Node.js_v8.log┋20191020T020340.000000000┋2019-10-19T19:03:40-0700 ======== start Node.js_v8 ========
⇳
./logs/synology-DS6/upstart/pkgctl-Node.js_v8.log┋20191115T050300.000000000┋2019-11-14T21:03:00-0800 ======== stop Node.js_v8 ========
⇳
./logs/synology-DS6/upstart/pkgctl-Node.js_v8.log┋20191115T050609.000000000┋2019-11-14T21:06:09-0800 ======== start Node.js_v8 ========
⇳
./logs/synology-DS6/upstart/pkgctl-Node.js_v8.log┋20191116T221646.000000000┋2019-11-16T14:16:46-0800 /proc/self/fd/9: line 2: 6152 Terminated              /sbin/initctl emit syno.pkgctl.stopping NAME="$SELF"
⇳
./logs/synology-DS6/upstart/pkgctl-Node.js_v8.log┋20191116T221941.000000000┋2019-11-16T14:19:41-0800 ======== start Node.js_v8 ========
⇳
./logs/synology-DS6/upstart/pkgctl-Node.js_v8.log┋20191116T223515.000000000┋2019-11-16T14:35:15-0800 ======== stop Node.js_v8 ========
⇳
./logs/synology-DS6/upstart/pkgctl-Node.js_v8.log┋20191116T223906.000000000┋2019-11-16T14:39:06-0800 ======== start Node.js_v8 ========
⇳
./logs/synology-DS6/upstart/pkgctl-Node.js_v8.log┋20191116T224536.000000000┋2019-11-16T14:45:36-0800 /proc/self/fd/9: line 2: 6152 Terminated              /sbin/initctl emit syno.pkgctl.stopping NAME="$SELF"
⇳
./logs/synology-DS6/upstart/pkgctl-Node.js_v8.log┋20191116T224820.000000000┋2019-11-16T14:48:20-0800 ======== start Node.js_v8 ========
⇳
./logs/synology-DS6/upstart/pkgctl-Node.js_v8.log┋20191116T225620.000000000┋2019-11-16T14:56:20-0800 /usr/sbin/apparmor_parser: Unable to remove "/usr/local/packages/@appstore/USBCopy/bin/usb-copy-starter".  Profile doesn't exist
⇳
./logs/synology-DS6/upstart/pkgctl-Node.js_v8.log┋20191116T225621.000000000┋2019-11-16T14:56:21-0800 /usr/sbin/apparmor_parser: Unable to remove "/volume*/@appstore/HyperBackupVault/bin/img_backupd".  Profile doesn't exist
⇳
./logs/synology-DS6/upstart/pkgctl-Node.js_v8.log┋20191116T225621.000000000┋2019-11-16T14:56:21-0800 /usr/sbin/apparmor_parser: Unable to remove "/usr/syno/sbin/synoscgi//SYNO.Photo.Browse.Album".  Profile doesn't exist
⇳
./logs/synology-DS6/upstart/pkgctl-Node.js_v8.log┋20191116T225623.000000000┋2019-11-16T14:56:23-0800 /usr/sbin/apparmor_parser: Unable to remove "/usr/syno/sbin/synoscgi//SYNO.DownloadStation2.BTSearch".  Profile doesn't exist
⇳
./logs/synology-DS6/upstart/pkgctl-Node.js_v8.log┋20191116T225635.000000000┋2019-11-16T14:56:35-0800 /usr/sbin/apparmor_parser: Unable to remove "/usr/syno/sbin/synoscgi//SYNO.SynologyDrive.AppIntegration".  Profile doesn't exist
⇳
./logs/synology-DS6/upstart/pkgctl-Node.js_v8.log┋20191116T225641.000000000┋2019-11-16T14:56:41-0800 /usr/sbin/apparmor_parser: Unable to remove "/usr/syno/sbin/synoscgi//SYNO.Personal.Application".  Profile doesn't exist
⇳
./logs/synology-DS6/upstart/pkgctl-Node.js_v8.log┋20191116T225641.000000000┋2019-11-16T14:56:41-0800 ======== stop Node.js_v8 ========
⇳
