./logs/synology-DS6/upstart/pkgctl-CloudSync.log┋20170525T021529.000000000┋2017-05-24T19:15:29-0700 ======== start CloudSync ========
⇳
./logs/synology-DS6/upstart/pkgctl-CloudSync.log┋20170619T081848.000000000┋2017-06-19T01:18:48-0700 ======== stop CloudSync ========
⇳
./logs/synology-DS6/upstart/pkgctl-CloudSync.log┋20170619T081853.000000000┋2017-06-19T01:18:53-0700 /usr/sbin/apparmor_parser: Unable to remove "/usr/syno/sbin/synoscgi//SYNO.Finder.Bookmark".  Profile doesn't exist
⇳
./logs/synology-DS6/upstart/pkgctl-CloudSync.log┋20170619T081853.000000000┋2017-06-19T01:18:53-0700 /usr/sbin/apparmor_parser: Unable to remove "/usr/syno/sbin/synoscgi//SYNO.DownloadStation2.BTSearch".  Profile doesn't exist
⇳
./logs/synology-DS6/upstart/pkgctl-CloudSync.log┋20170619T081853.000000000┋2017-06-19T01:18:53-0700 /usr/sbin/apparmor_parser: Unable to remove "/usr/local/packages/@appstore/USBCopy/bin/usb-copy-starter".  Profile doesn't exist
⇳
./logs/synology-DS6/upstart/pkgctl-CloudSync.log┋20170619T081853.000000000┋2017-06-19T01:18:53-0700 /usr/sbin/apparmor_parser: Unable to remove "/usr/syno/sbin/synoscgi//SYNO.FileStation.BackgroundTask".  Profile doesn't exist
⇳
./logs/synology-DS6/upstart/pkgctl-CloudSync.log┋20170619T082307.000000000┋2017-06-19T01:23:07-0700 ======== start CloudSync ========
⇳
./logs/synology-DS6/upstart/pkgctl-CloudSync.log┋20170630T193047.000000000┋2017-06-30T12:30:47-0700 ======== stop CloudSync ========
⇳
./logs/synology-DS6/upstart/pkgctl-CloudSync.log┋20181203T194001.000000000┋2018-12-03T11:40:01-0800 ======== start CloudSync ========
⇳
./logs/synology-DS6/upstart/pkgctl-CloudSync.log┋20181214T231321.000000000┋2018-12-14T15:13:21-0800 ======== stop CloudSync ========
⇳
./logs/synology-DS6/upstart/pkgctl-CloudSync.log┋20181214T231425.000000000┋2018-12-14T15:14:25-0800 ======== start CloudSync ========
⇳
./logs/synology-DS6/upstart/pkgctl-CloudSync.log┋20181217T230600.000000000┋2018-12-17T15:06:00-0800 ======== stop CloudSync ========
⇳
./logs/synology-DS6/upstart/pkgctl-CloudSync.log┋20181217T230937.000000000┋2018-12-17T15:09:37-0800 ======== start CloudSync ========
⇳
./logs/synology-DS6/upstart/pkgctl-CloudSync.log┋20190103T080541.000000000┋2019-01-03T00:05:41-0800 ======== stop CloudSync ========
⇳
./logs/synology-DS6/upstart/pkgctl-CloudSync.log┋20190103T080940.000000000┋2019-01-03T00:09:40-0800 ======== start CloudSync ========
⇳
./logs/synology-DS6/upstart/pkgctl-CloudSync.log┋20190129T203220.000000000┋2019-01-29T12:32:20-0800 ======== stop CloudSync ========
⇳
./logs/synology-DS6/upstart/pkgctl-CloudSync.log┋20190129T203316.000000000┋2019-01-29T12:33:16-0800 ======== start CloudSync ========
⇳
./logs/synology-DS6/upstart/pkgctl-CloudSync.log┋20190212T004606.000000000┋2019-02-11T16:46:06-0800 ======== start CloudSync ========
⇳
./logs/synology-DS6/upstart/pkgctl-CloudSync.log┋20190212T032511.000000000┋2019-02-11T19:25:11-0800 ======== start CloudSync ========
⇳
