./logs/synology-DS6/upstart/pkgctl-LogCenter.log┋20180904T215542.000000000┋2018-09-04T14:55:42-0700 ======== start LogCenter ========
⇳
./logs/synology-DS6/upstart/pkgctl-LogCenter.log┋20181015T204714.000000000┋2018-10-15T13:47:14-0700 ======== stop LogCenter ========
⇳
./logs/synology-DS6/upstart/pkgctl-LogCenter.log┋20181015T204731.000000000┋2018-10-15T13:47:31-0700 ======== start LogCenter ========
⇳
./logs/synology-DS6/upstart/pkgctl-LogCenter.log┋20181015T210600.000000000┋2018-10-15T14:06:00-0700 ======== stop LogCenter ========
⇳
./logs/synology-DS6/upstart/pkgctl-LogCenter.log┋20181015T210601.000000000┋2018-10-15T14:06:01-0700 Failed to execute '/var/packages/LogCenter/scripts/start-stop-status stop' (err=-1)
⇳
./logs/synology-DS6/upstart/pkgctl-LogCenter.log┋20181015T211006.000000000┋2018-10-15T14:10:06-0700 ======== start LogCenter ========
⇳
./logs/synology-DS6/upstart/pkgctl-LogCenter.log┋20181025T192345.000000000┋2018-10-25T12:23:45-0700 ======== stop LogCenter ========
⇳
./logs/synology-DS6/upstart/pkgctl-LogCenter.log┋20181025T192350.000000000┋2018-10-25T12:23:50-0700 /proc/self/fd/9: line 3: 6346 Terminated              /usr/syno/sbin/synopkgctl stop "$SELF"
⇳
./logs/synology-DS6/upstart/pkgctl-LogCenter.log┋20181025T192634.000000000┋2018-10-25T12:26:34-0700 ======== start LogCenter ========
⇳
./logs/synology-DS6/upstart/pkgctl-LogCenter.log┋20181217T230600.000000000┋2018-12-17T15:06:00-0800 ======== stop LogCenter ========
⇳
./logs/synology-DS6/upstart/pkgctl-LogCenter.log┋20181217T230938.000000000┋2018-12-17T15:09:38-0800 ======== start LogCenter ========
⇳
./logs/synology-DS6/upstart/pkgctl-LogCenter.log┋20190103T080542.000000000┋2019-01-03T00:05:42-0800 ======== stop LogCenter ========
⇳
./logs/synology-DS6/upstart/pkgctl-LogCenter.log┋20190103T080940.000000000┋2019-01-03T00:09:40-0800 ======== start LogCenter ========
⇳
./logs/synology-DS6/upstart/pkgctl-LogCenter.log┋20190212T004606.000000000┋2019-02-11T16:46:06-0800 ======== start LogCenter ========
⇳
./logs/synology-DS6/upstart/pkgctl-LogCenter.log┋20190212T032511.000000000┋2019-02-11T19:25:11-0800 ======== start LogCenter ========
⇳
./logs/synology-DS6/upstart/pkgctl-LogCenter.log┋20190304T173507.000000000┋2019-03-04T09:35:07-0800 ======== start LogCenter ========
⇳
./logs/synology-DS6/upstart/pkgctl-LogCenter.log┋20190624T040627.000000000┋2019-06-23T21:06:27-0700 ======== stop LogCenter ========
⇳
./logs/synology-DS6/upstart/pkgctl-LogCenter.log┋20190624T041315.000000000┋2019-06-23T21:13:15-0700 ======== start LogCenter ========
⇳
./logs/synology-DS6/upstart/pkgctl-LogCenter.log┋20190819T042450.000000000┋2019-08-18T21:24:50-0700 ======== stop LogCenter ========
⇳
