./logs/synology-DS6/upstart/rc.log┋20161206T043105.000000000┋2016-12-05T20:31:05-0800 Mon Dec 5 20:31:05 PST 2016: begin rc ==================================
⇳
./logs/synology-DS6/upstart/rc.log┋20161206T043105.000000000┋2016-12-05T20:31:05-0800 :: Starting /etc/rc
⇳
./logs/synology-DS6/upstart/rc.log┋20161206T043105.000000000┋2016-12-05T20:31:05-0800 umount: /initrd: not mounted
⇳
./logs/synology-DS6/upstart/rc.log┋20161206T043105.000000000┋2016-12-05T20:31:05-0800 awk: fatal: cannot open file `/etc/modules.local.conf' for reading (No such file or directory)
⇳
./logs/synology-DS6/upstart/rc.log┋20161206T043105.000000000┋2016-12-05T20:31:05-0800 Mon Dec 5 20:31:05 PST 2016: start cgen
⇳
./logs/synology-DS6/upstart/rc.log┋20161206T043105.000000000┋2016-12-05T20:31:05-0800 Pass CheckSynoinfo ...
⇳
./logs/synology-DS6/upstart/rc.log┋20161206T043105.000000000┋2016-12-05T20:31:05-0800 max_connections is less then default, use default value:32
⇳
./logs/synology-DS6/upstart/rc.log┋20161206T043105.000000000┋2016-12-05T20:31:05-0800 Update /etc.defaults/postgresql/postgresql.conf
⇳
./logs/synology-DS6/upstart/rc.log┋20161206T043105.000000000┋2016-12-05T20:31:05-0800 Update /etc/postgresql/postgresql.conf
⇳
./logs/synology-DS6/upstart/rc.log┋20161206T043105.000000000┋2016-12-05T20:31:05-0800 Pass CheckUser
./logs/synology-DS6/upstart/rc.log┋20161206T043105.000000000┋Pass CheckCronTab ...
⇳
./logs/synology-DS6/upstart/rc.log┋20161206T043105.000000000┋2016-12-05T20:31:05-0800 Regen group.
⇳
./logs/synology-DS6/upstart/rc.log┋20161206T043106.000000000┋2016-12-05T20:31:06-0800 Mon Dec 5 20:31:06 PST 2016: source config
⇳
./logs/synology-DS6/upstart/rc.log┋20161206T043106.000000000┋2016-12-05T20:31:06-0800 :: Loading module sg ... [  OK  ]
./logs/synology-DS6/upstart/rc.log┋20161206T043106.000000000┋start SYNOPrepareDevNode
./logs/synology-DS6/upstart/rc.log┋20161206T043106.000000000┋start SYNOCreateDevNode
⇳
./logs/synology-DS6/upstart/rc.log┋20161206T043106.000000000┋2016-12-05T20:31:06-0800 Mon Dec 5 20:31:06 PST 2016: start turn on swap
⇳
./logs/synology-DS6/upstart/rc.log┋20161206T043106.000000000┋2016-12-05T20:31:06-0800 <15>Dec  5 20:31:06 rc: Use all internal disk as swap.
⇳
./logs/synology-DS6/upstart/rc.log┋20161206T043106.000000000┋2016-12-05T20:31:06-0800 mkswap: /dev/md1: warning: wiping old swap signature.
⇳
