
Files:

File: ./logs/synology-DS6/upstart/rc.log
  About:
      filetype       : TEXT UTF8/ASCII (text log)
      logmessagetype : text log lines
  Printed:
      bytes         : 2413
      flushes       : 16
      lines         : 19
      syslines      : 16
      datetime first: 2016-12-05 20:31:05 -08:00 (2016-12-06 04:31:05.000000 +00:00)
      datetime last : 2016-12-05 20:31:06 -08:00 (2016-12-06 04:31:06.000000 +00:00)
  Processed:
      file size     : 1178 (0x49A) (bytes)
      bytes         : 1178 (0x49A)
      bytes total   : 1178 (0x49A)
      block size    : 256 (0x100)
      blocks        : 5
      blocks total  : 5 (1280 bytes)
      lines         : 19
      syslines      : 16
      syslines high : 14
      datetime first     : 2016-12-05 20:31:05 -08:00 (2016-12-06 04:31:05.000000 +00:00)
      datetime last      : 2016-12-05 20:31:06 -08:00 (2016-12-06 04:31:06.000000 +00:00)
  Parsers:
  Processing Stores:
      storage: LineReader::find_line() lines                       : hit  0, miss 37,  0.0%
      caching: LineReader::find_line() LRU cache                   : hit 16, miss 20, 44.4%, put 19
      copying: SyslineReader::get_boxptrs()                        : sgl 92, dbl   2, mult  0
      storage: SyslineReader::find_sysline() syslines              : hit  0, miss 16,  0.0%
      caching: SyslineReader::find_sysline() syslines_by_range_map : hit  0, miss 16,  0.0%, put 16
      caching: SyslineReader::find_sysline() LRU cache             : hit  1, miss 16,  5.9%, put 16
      caching: SyslineReader::parse_datetime_in_line() LRU cache   : hit 15, miss 19, 44.1%, put  0
      optimize:SyslineReader::ezcheck12                            : hit  0, miss  0,  0.0%, largest skipped 0
      optimize:SyslineReader::ezcheckd2                            : hit  0, miss  4,  0.0%, largest skipped 0
      optimize:SyslineReader::ezcheck12d2                          : hit  3, miss 87,  3.3%, largest skipped 25
      process: regex captures attempted                            : 91
  Processing Drops:

Program Summary:

Paths considered       : 1
Paths not processed    : 0
Files processed        : 1
Files printed          : 1
Printed bytes          : 2477
Printed flushes        : 32
Printed lines          : 19
Printed syslines       : 16
Printed ASL events     : 0
Printed ETL events     : 0
Printed EVTX events    : 0
Printed fixedstruct    : 0
Printed journal events : 0
Printed ODL events     : 0
Regex patterns known   : 175
Regex patterns compiled: 76
Datetime filter -a     : 1999-03-03 00:00:00 +00:00 (1999-03-03 00:00:00.000000 +00:00)
Datetime printed first : 2016-12-05 20:31:05 -08:00 (2016-12-06 04:31:05.000000 +00:00)
Datetime printed last  : 2016-12-05 20:31:06 -08:00 (2016-12-06 04:31:06.000000 +00:00)
Datetime filter -b     : 2026-01-02 00:00:00 +00:00 (2026-01-02 00:00:00.000000 +00:00)
Channel Receive ok     : 18
Channel Receive err    : 0
Threads Spawned        : 1
Thread Spawn errors    : 0
Temporary files created: 0
Platform               : x86_64-unknown-linux-gnu
Allocator              : system
