./logs/synology-DS6/upstart/root-file-system.log┋20161206T043058.000000000┋2016-12-05T20:30:58-0800 running on dsm
./logs/synology-DS6/upstart/root-file-system.log┋20161206T043058.000000000┋///etc ->	//.upd@te/etc/
./logs/synology-DS6/upstart/root-file-system.log┋20161206T043058.000000000┋/bin/mv: cannot stat '///etc/.[^.]*': No such file or directory
./logs/synology-DS6/upstart/root-file-system.log┋20161206T043058.000000000┋///var ->	//.upd@te/var/
./logs/synology-DS6/upstart/root-file-system.log┋20161206T043058.000000000┋/bin/mv: cannot stat '///var/*': No such file or directory
./logs/synology-DS6/upstart/root-file-system.log┋20161206T043058.000000000┋///usr/syno/synoman/webman/3rdparty ->	//.upd@te/usr/syno/synoman/webman/3rdparty/
./logs/synology-DS6/upstart/root-file-system.log┋20161206T043058.000000000┋/bin/mv: cannot stat '///usr/syno/synoman/webman/3rdparty/.[^.]*': No such file or directory
./logs/synology-DS6/upstart/root-file-system.log┋20161206T043058.000000000┋///usr/local ->	//.upd@te/usr/local/
./logs/synology-DS6/upstart/root-file-system.log┋20161206T043058.000000000┋/bin/mv: cannot stat '///usr/local/*': No such file or directory
./logs/synology-DS6/upstart/root-file-system.log┋20161206T043058.000000000┋/bin/mv: cannot stat '///usr/local/.[^.]*': No such file or directory
./logs/synology-DS6/upstart/root-file-system.log┋20161206T043058.000000000┋Removing //.upd@te//etc/ftpusers...
./logs/synology-DS6/upstart/root-file-system.log┋20161206T043058.000000000┋Removing //.upd@te//etc/rc...
./logs/synology-DS6/upstart/root-file-system.log┋20161206T043058.000000000┋Removing //.upd@te//etc/rc.network...
./logs/synology-DS6/upstart/root-file-system.log┋20161206T043058.000000000┋Removing //.upd@te//usr/syno/etc/rc.atalk...
./logs/synology-DS6/upstart/root-file-system.log┋20161206T043058.000000000┋Removing //.upd@te//usr/syno/etc/.htpasswd...
./logs/synology-DS6/upstart/root-file-system.log┋20161206T043058.000000000┋Removing //.upd@te//usr/syno/etc/lpd/lpd.conf...
./logs/synology-DS6/upstart/root-file-system.log┋20161206T043058.000000000┋Removing //.upd@te//usr/syno/etc/printcap...
./logs/synology-DS6/upstart/root-file-system.log┋20161206T043058.000000000┋Removing //.upd@te//usr/syno/etc/ups.conf...
./logs/synology-DS6/upstart/root-file-system.log┋20161206T043058.000000000┋Removing //.upd@te//usr/syno/etc/upsd.conf...
⇳
