./logs/synology-DS6/upstart/scemd.log┋20170223T225303.000000000┋2017-02-23T14:53:03-0800 Thu Feb 23 22:53:03 UTC 2017: start scemd
⇳
./logs/synology-DS6/upstart/scemd.log┋20170307T171315.000000000┋2017-03-07T09:13:15-0800 Tue Mar 7 17:13:15 UTC 2017: stop scemdd
⇳
./logs/synology-DS6/upstart/scemd.log┋20170307T171600.000000000┋2017-03-07T09:16:00-0800 Tue Mar 7 17:16:00 UTC 2017: start scemd
⇳
./logs/synology-DS6/upstart/scemd.log┋20170309T205502.000000000┋2017-03-09T12:55:02-0800 Thu Mar 9 20:55:02 UTC 2017: stop scemdd
⇳
./logs/synology-DS6/upstart/scemd.log┋20170310T041544.000000000┋2017-03-09T20:15:44-0800 Fri Mar 10 04:15:44 UTC 2017: start scemd
⇳
./logs/synology-DS6/upstart/scemd.log┋20170508T153228.000000000┋2017-05-08T08:32:28-0700 Mon May 8 15:32:28 UTC 2017: stop scemdd
⇳
./logs/synology-DS6/upstart/scemd.log┋20170508T153642.000000000┋2017-05-08T08:36:42-0700 Mon May 8 15:36:42 UTC 2017: start scemd
⇳
./logs/synology-DS6/upstart/scemd.log┋20170513T054418.000000000┋2017-05-12T22:44:18-0700 Sat May 13 05:44:18 UTC 2017: stop scemdd
⇳
./logs/synology-DS6/upstart/scemd.log┋20170513T054637.000000000┋2017-05-12T22:46:37-0700 Sat May 13 05:46:37 UTC 2017: start scemd
⇳
./logs/synology-DS6/upstart/scemd.log┋20170524T164102.000000000┋2017-05-24T09:41:02-0700 Wed May 24 16:41:02 UTC 2017: stop scemdd
⇳
./logs/synology-DS6/upstart/scemd.log┋20170524T164341.000000000┋2017-05-24T09:43:41-0700 Wed May 24 16:43:40 UTC 2017: start scemd
⇳
./logs/synology-DS6/upstart/scemd.log┋20170619T081846.000000000┋2017-06-19T01:18:46-0700 Mon Jun 19 08:18:46 UTC 2017: stop scemdd
⇳
./logs/synology-DS6/upstart/scemd.log┋20170619T082307.000000000┋2017-06-19T01:23:07-0700 Mon Jun 19 08:23:07 UTC 2017: start scemd
⇳
./logs/synology-DS6/upstart/scemd.log┋20170917T165705.000000000┋2017-09-17T09:57:05-0700 Sun Sep 17 16:57:05 UTC 2017: start scemd
⇳
./logs/synology-DS6/upstart/scemd.log┋20170917T170127.000000000┋2017-09-17T10:01:27-0700 Sun Sep 17 17:01:26 UTC 2017: stop scemdd
⇳
./logs/synology-DS6/upstart/scemd.log┋20170917T170540.000000000┋2017-09-17T10:05:40-0700 Sun Sep 17 17:05:39 UTC 2017: start scemd
⇳
./logs/synology-DS6/upstart/scemd.log┋20170917T170938.000000000┋2017-09-17T10:09:38-0700 Sun Sep 17 17:09:38 UTC 2017: stop scemdd
⇳
./logs/synology-DS6/upstart/scemd.log┋20170917T171219.000000000┋2017-09-17T10:12:19-0700 Sun Sep 17 17:12:19 UTC 2017: start scemd
⇳
./logs/synology-DS6/upstart/scemd.log┋20171003T051906.000000000┋2017-10-02T22:19:06-0700 Tue Oct 3 05:19:06 UTC 2017: stop scemdd
⇳
