./logs/synology-DS6/upstart/scrubbing-conf-sync.log┋20180801T211655.000000000┋2018-08-01T14:16:55-0700 Aug 01 14:16:54 =============== start scrubbing-conf-sync ================
⇳
./logs/synology-DS6/upstart/scrubbing-conf-sync.log┋20180801T211657.000000000┋2018-08-01T14:16:57-0700 Aug 01 14:16:57 =============== finish scrubbing-conf-sync ===============
⇳
./logs/synology-DS6/upstart/scrubbing-conf-sync.log┋20180904T212341.000000000┋2018-09-04T14:23:41-0700 Sep 04 14:23:40 =============== start scrubbing-conf-sync ================
⇳
./logs/synology-DS6/upstart/scrubbing-conf-sync.log┋20180904T212342.000000000┋2018-09-04T14:23:42-0700 Sep 04 14:23:42 =============== finish scrubbing-conf-sync ===============
⇳
./logs/synology-DS6/upstart/scrubbing-conf-sync.log┋20181015T210907.000000000┋2018-10-15T14:09:07-0700 Oct 15 14:09:07 =============== start scrubbing-conf-sync ================
⇳
./logs/synology-DS6/upstart/scrubbing-conf-sync.log┋20181015T210908.000000000┋2018-10-15T14:09:08-0700 Oct 15 14:09:08 =============== finish scrubbing-conf-sync ===============
⇳
./logs/synology-DS6/upstart/scrubbing-conf-sync.log┋20181025T192609.000000000┋2018-10-25T12:26:09-0700 Oct 25 12:26:09 =============== start scrubbing-conf-sync ================
⇳
./logs/synology-DS6/upstart/scrubbing-conf-sync.log┋20181025T192610.000000000┋2018-10-25T12:26:10-0700 Oct 25 12:26:10 =============== finish scrubbing-conf-sync ===============
⇳
./logs/synology-DS6/upstart/scrubbing-conf-sync.log┋20181217T230907.000000000┋2018-12-17T15:09:07-0800 Dec 17 15:09:07 =============== start scrubbing-conf-sync ================
⇳
./logs/synology-DS6/upstart/scrubbing-conf-sync.log┋20181217T230908.000000000┋2018-12-17T15:09:08-0800 Dec 17 15:09:08 =============== finish scrubbing-conf-sync ===============
⇳
./logs/synology-DS6/upstart/scrubbing-conf-sync.log┋20190103T080909.000000000┋2019-01-03T00:09:09-0800 Jan 03 00:09:09 =============== start scrubbing-conf-sync ================
⇳
./logs/synology-DS6/upstart/scrubbing-conf-sync.log┋20190103T080910.000000000┋2019-01-03T00:09:10-0800 Jan 03 00:09:10 =============== finish scrubbing-conf-sync ===============
⇳
./logs/synology-DS6/upstart/scrubbing-conf-sync.log┋20190212T004440.000000000┋2019-02-11T16:44:40-0800 Feb 11 16:44:40 =============== start scrubbing-conf-sync ================
⇳
./logs/synology-DS6/upstart/scrubbing-conf-sync.log┋20190212T004441.000000000┋2019-02-11T16:44:41-0800 Feb 11 16:44:41 =============== finish scrubbing-conf-sync ===============
⇳
./logs/synology-DS6/upstart/scrubbing-conf-sync.log┋20190212T032346.000000000┋2019-02-11T19:23:46-0800 Feb 11 19:23:46 =============== start scrubbing-conf-sync ================
⇳
./logs/synology-DS6/upstart/scrubbing-conf-sync.log┋20190212T032347.000000000┋2019-02-11T19:23:47-0800 Feb 11 19:23:47 =============== finish scrubbing-conf-sync ===============
⇳
./logs/synology-DS6/upstart/scrubbing-conf-sync.log┋20190304T173323.000000000┋2019-03-04T09:33:23-0800 Mar 04 09:33:23 =============== start scrubbing-conf-sync ================
⇳
./logs/synology-DS6/upstart/scrubbing-conf-sync.log┋20190304T173324.000000000┋2019-03-04T09:33:24-0800 Mar 04 09:33:24 =============== finish scrubbing-conf-sync ===============
⇳
./logs/synology-DS6/upstart/scrubbing-conf-sync.log┋20190624T041042.000000000┋2019-06-23T21:10:42-0700 Jun 23 21:10:42 =============== start scrubbing-conf-sync ================
⇳
