
Files:

File: ./logs/synology-DS6/upstart/smallupdate.log
  About:
      filetype       : TEXT UTF8/ASCII (text log)
      logmessagetype : text log lines
  Printed:
      bytes         : 915
      flushes       : 6
      lines         : 6
      syslines      : 6
      datetime first: 2016-12-05 21:38:43 -08:00 (2016-12-06 05:38:43.000000 +00:00)
      datetime last : 2017-01-24 23:25:55 -08:00 (2017-01-25 07:25:55.000000 +00:00)
  Processed:
      file size     : 471 (0x1D7) (bytes)
      bytes         : 471 (0x1D7)
      bytes total   : 471 (0x1D7)
      block size    : 256 (0x100)
      blocks        : 2
      blocks total  : 2 (512 bytes)
      lines         : 6
      syslines      : 6
      syslines high : 6
      datetime first     : 2016-12-05 21:38:43 -08:00 (2016-12-06 05:38:43.000000 +00:00)
      datetime last      : 2017-01-24 23:25:55 -08:00 (2017-01-25 07:25:55.000000 +00:00)
  Parsers:
  Processing Stores:
      storage: LineReader::find_line() lines                       : hit  0, miss 11,  0.0%
      caching: LineReader::find_line() LRU cache                   : hit  6, miss  7, 46.2%, put  6
      copying: SyslineReader::get_boxptrs()                        : sgl 80, dbl   1, mult  0
      storage: SyslineReader::find_sysline() syslines              : hit  0, miss  6,  0.0%
      caching: SyslineReader::find_sysline() syslines_by_range_map : hit  0, miss  6,  0.0%, put  6
      caching: SyslineReader::find_sysline() LRU cache             : hit  1, miss  6, 14.3%, put  6
      caching: SyslineReader::parse_datetime_in_line() LRU cache   : hit  5, miss  6, 45.5%, put  0
      optimize:SyslineReader::ezcheck12                            : hit  0, miss  0,  0.0%, largest skipped 0
      optimize:SyslineReader::ezcheckd2                            : hit  0, miss  4,  0.0%, largest skipped 0
      optimize:SyslineReader::ezcheck12d2                          : hit  0, miss 77,  0.0%, largest skipped 0
      process: regex captures attempted                            : 81
  Processing Drops:

Program Summary:

Paths considered       : 1
Paths not processed    : 0
Files processed        : 1
Files printed          : 1
Printed bytes          : 939
Printed flushes        : 12
Printed lines          : 6
Printed syslines       : 6
Printed ETL events     : 0
Printed EVTX events    : 0
Printed fixedstruct    : 0
Printed journal events : 0
Printed ODL events     : 0
Regex patterns known   : 175
Regex patterns compiled: 76
Datetime filter -a     : 1999-03-03 00:00:00 +00:00 (1999-03-03 00:00:00.000000 +00:00)
Datetime printed first : 2016-12-05 21:38:43 -08:00 (2016-12-06 05:38:43.000000 +00:00)
Datetime printed last  : 2017-01-24 23:25:55 -08:00 (2017-01-25 07:25:55.000000 +00:00)
Datetime filter -b     : 2026-01-02 00:00:00 +00:00 (2026-01-02 00:00:00.000000 +00:00)
Channel Receive ok     : 8
Channel Receive err    : 0
Threads Spawned        : 1
Thread Spawn errors    : 0
Temporary files created: 0
Platform               : x86_64-unknown-linux-gnu
Allocator              : system
