./logs/synology-DS6/upstart/ssh-shell.log┋20161209T025705.000000000┋2016-12-08T18:57:05-0800 Thu Dec  8 18:57:05 PST 2016
⇳
./logs/synology-DS6/upstart/ssh-shell.log┋20161209T025705.000000000┋2016-12-08T18:57:05-0800 start: Job is already running: sshd
⇳
./logs/synology-DS6/upstart/ssh-shell.log┋20161209T025705.000000000┋2016-12-08T18:57:05-0800 Thu Dec  8 18:57:05 PST 2016
⇳
./logs/synology-DS6/upstart/ssh-shell.log┋20161209T025705.000000000┋2016-12-08T18:57:05-0800 Thu Dec  8 18:57:05 PST 2016
⇳
./logs/synology-DS6/upstart/ssh-shell.log┋20161209T025706.000000000┋2016-12-08T18:57:06-0800 start: Job is already running: sshd
⇳
./logs/synology-DS6/upstart/ssh-shell.log┋20170103T093541.000000000┋2017-01-03T01:35:41-0800 Tue Jan  3 01:35:41 PST 2017
⇳
./logs/synology-DS6/upstart/ssh-shell.log┋20170103T093541.000000000┋2017-01-03T01:35:41-0800 Tue Jan  3 01:35:41 PST 2017
⇳
./logs/synology-DS6/upstart/ssh-shell.log┋20170103T093541.000000000┋2017-01-03T01:35:41-0800 start: Job is already running: sshd
⇳
./logs/synology-DS6/upstart/ssh-shell.log┋20170103T093543.000000000┋2017-01-03T01:35:43-0800 Tue Jan  3 01:35:43 PST 2017
⇳
./logs/synology-DS6/upstart/ssh-shell.log┋20170103T093543.000000000┋2017-01-03T01:35:43-0800 Tue Jan  3 01:35:43 PST 2017
⇳
./logs/synology-DS6/upstart/ssh-shell.log┋20170103T093543.000000000┋2017-01-03T01:35:43-0800 start: Job is already running: sshd
⇳
./logs/synology-DS6/upstart/ssh-shell.log┋20170103T093828.000000000┋2017-01-03T01:38:28-0800 Tue Jan  3 01:38:28 PST 2017
⇳
./logs/synology-DS6/upstart/ssh-shell.log┋20170103T094057.000000000┋2017-01-03T01:40:57-0800 Tue Jan  3 01:40:57 PST 2017
⇳
./logs/synology-DS6/upstart/ssh-shell.log┋20170103T094058.000000000┋2017-01-03T01:40:58-0800 start: Job is already running: sshd
⇳
./logs/synology-DS6/upstart/ssh-shell.log┋20170104T075643.000000000┋2017-01-03T23:56:43-0800 Tue Jan  3 23:56:43 PST 2017
⇳
./logs/synology-DS6/upstart/ssh-shell.log┋20170104T075643.000000000┋2017-01-03T23:56:43-0800 start: Job is already running: sshd
⇳
./logs/synology-DS6/upstart/ssh-shell.log┋20170108T213555.000000000┋2017-01-08T13:35:55-0800 Sun Jan  8 13:35:54 PST 2017
⇳
./logs/synology-DS6/upstart/ssh-shell.log┋20170108T213555.000000000┋2017-01-08T13:35:55-0800 start: Job is already running: sshd
⇳
./logs/synology-DS6/upstart/ssh-shell.log┋20170125T072138.000000000┋2017-01-24T23:21:38-0800 Tue Jan 24 23:21:38 PST 2017
⇳
