
Files:

File: ./logs/synology-DS6/upstart/sshd.log
  About:
      FileType      : TEXT UTF8/ASCII (text log)
      LogMessageType: text log lines
      Thread stack  : 100352 (bytes)
  Printed:
      bytes         : 2033
      flushes       : 6
      Lines         : 19
      Syslines      : 6
      Datetime first: 2016-12-08 18:54:05 -08:00 (2016-12-09 02:54:05.000000 +00:00)
      Datetime last : 2016-12-08 18:54:10 -08:00 (2016-12-09 02:54:10.000000 +00:00)
  Processed:
      file size     : 760 (0x2F8) (bytes)
      bytes         : 760 (0x2F8)
      bytes total   : 760 (0x2F8)
      Block size    : 256 (0x100)
      Blocks        : 3
      Blocks total  : 3 (768 bytes)
      Lines         : 19
      Line longest  : 98 (bytes)
      Line parts    : 21
      Syslines      : 6
      Sysline longest: 287 (bytes)
      Syslines high : 6
      Datetime first: 2016-12-08 18:54:05 -08:00 (2016-12-09 02:54:05.000000 +00:00)
      Datetime last : 2016-12-08 18:54:10 -08:00 (2016-12-09 02:54:10.000000 +00:00)
      out of order  : 0
  Parsers:
  Processing stores:
      storage: LineReader::find_line() lines                       : hit  0, miss 37,  0.0%
      caching: LineReader::find_line() LRU cache                   : hit  6, miss 19, 24.0%, put 19
      copying: SyslineReader::get_boxptrs()                        : sgl 92, dbl   1, mult  0
      storage: SyslineReader::find_sysline() syslines              : hit  0, miss  6,  0.0%
      caching: SyslineReader::find_sysline() syslines_by_range_map : hit  0, miss  1,  0.0%, put  1
      caching: SyslineReader::find_sysline() LRU cache             : hit  1, miss  6, 14.3%, put  6
      caching: SyslineReader::parse_datetime_in_line() LRU cache   : hit  5, miss 19, 20.8%, put  0
      optimize:SyslineReader::ezcheck12                            : hit  0, miss  0,  0.0%, largest skipped 0
      optimize:SyslineReader::ezcheckd2                            : hit  0, miss  4,  0.0%, largest skipped 0
      optimize:SyslineReader::ezcheck12d2                          : hit 10, miss 79, 11.2%, largest skipped 24
      process: regex captures                                      : hit  6, miss 77
  Processing Drops:

Program summary:

Paths considered       : 1
Paths not processed    : 0
Files processed        : 1
Files printed          : 1
Printed bytes          : 2057
Printed flushes        : 12
Printed Lines          : 19
Printed Syslines       : 6
Printed ASL events     : 0
Printed ETL events     : 0
Printed EVTX events    : 0
Printed FixedStruct    : 0
Printed Journal events : 0
Printed ODL events     : 0
Line Maximum                   : 393209
Line longest                   : 98
Sysline longest                : 287
EVTX event largest processed   : 0
EVTX event largest accepted    : 0
Journal event largest processed: 0
Journal event largest accepted : 0
Managed files max deflt: 980
Managed files max adjus: 200
Managed handles high   : 1
Managed request open   : 1
Managed request read   : 0
Managed write calls    : 0
Managed seek calls     : 3
Managed metadata calls : 1
Managed open errors    : 0
Managed evict fails    : 0
Regex patterns known   : 188
Regex patterns compiled: 188
Datetime filter -a     : 1999-03-03 00:00:00 +00:00 (1999-03-03 00:00:00.000000 +00:00)
Datetime printed first : 2016-12-08 18:54:05 -08:00 (2016-12-09 02:54:05.000000 +00:00)
Datetime printed last  : 2016-12-08 18:54:10 -08:00 (2016-12-09 02:54:10.000000 +00:00)
Datetime filter -b     : 2026-01-02 00:00:00 +00:00 (2026-01-02 00:00:00.000000 +00:00)
Channel receive ok     : 8
Channel receive err    : 0
Threads spawned        : 1
Thread spawn errors    : 0
Temporary files created: 0
Platform               : x86_64-unknown-linux-gnu
Allocator              : system
