./logs/synology-DS6/upstart/syno-network-check.log┋20161206T043134.000000000┋2016-12-05T20:31:34-0800 Mon Dec  5 20:31:34 PST 2016
⇳
./logs/synology-DS6/upstart/syno-network-check.log┋20161206T043135.000000000┋2016-12-05T20:31:35-0800 iptables-save v1.6.0: Cannot initialize: iptables who? (do you need to insmod?)
⇳
./logs/synology-DS6/upstart/syno-network-check.log┋20161206T043135.000000000┋2016-12-05T20:31:35-0800 
⇳
./logs/synology-DS6/upstart/syno-network-check.log┋20161206T043135.000000000┋2016-12-05T20:31:35-0800 iptables v1.6.0: can't initialize iptables table `filter': Table does not exist (do you need to insmod?)
./logs/synology-DS6/upstart/syno-network-check.log┋20161206T043135.000000000┋Perhaps iptables or your kernel needs to be upgraded.
⇳
./logs/synology-DS6/upstart/syno-network-check.log┋20161206T043135.000000000┋2016-12-05T20:31:35-0800 iptables v1.6.0: can't initialize iptables table `filter': Table does not exist (do you need to insmod?)
./logs/synology-DS6/upstart/syno-network-check.log┋20161206T043135.000000000┋Perhaps iptables or your kernel needs to be upgraded.
⇳
./logs/synology-DS6/upstart/syno-network-check.log┋20161206T043135.000000000┋2016-12-05T20:31:35-0800 ip6tables v1.6.0: can't initialize ip6tables table `filter': Table does not exist (do you need to insmod?)
./logs/synology-DS6/upstart/syno-network-check.log┋20161206T043135.000000000┋Perhaps ip6tables or your kernel needs to be upgraded.
⇳
./logs/synology-DS6/upstart/syno-network-check.log┋20161206T043135.000000000┋2016-12-05T20:31:35-0800 ip6tables v1.6.0: can't initialize ip6tables table `filter': Table does not exist (do you need to insmod?)
./logs/synology-DS6/upstart/syno-network-check.log┋20161206T043135.000000000┋Perhaps ip6tables or your kernel needs to be upgraded.
⇳
./logs/synology-DS6/upstart/syno-network-check.log┋20161206T043135.000000000┋2016-12-05T20:31:35-0800 check function "getaddrinfo" ...
⇳
./logs/synology-DS6/upstart/syno-network-check.log┋20161206T043135.000000000┋2016-12-05T20:31:35-0800 getaddrinfo success for name 192.168.0.0
⇳
./logs/synology-DS6/upstart/syno-network-check.log┋20161206T043135.000000000┋2016-12-05T20:31:35-0800 Mon Dec 5 20:31:35 PST 2016 [eth0] emits syno.network.ready
⇳
./logs/synology-DS6/upstart/syno-network-check.log┋20161206T051144.000000000┋2016-12-05T21:11:44-0800 Mon Dec  5 21:11:44 PST 2016
⇳
./logs/synology-DS6/upstart/syno-network-check.log┋20161206T051145.000000000┋2016-12-05T21:11:45-0800 iptables-save v1.6.0: Cannot initialize: iptables who? (do you need to insmod?)
⇳
./logs/synology-DS6/upstart/syno-network-check.log┋20161206T051145.000000000┋2016-12-05T21:11:45-0800 
⇳
./logs/synology-DS6/upstart/syno-network-check.log┋20161206T051146.000000000┋2016-12-05T21:11:46-0800 iptables v1.6.0: can't initialize iptables table `filter': Table does not exist (do you need to insmod?)
⇳
./logs/synology-DS6/upstart/syno-network-check.log┋20161206T051146.000000000┋2016-12-05T21:11:46-0800 Perhaps iptables or your kernel needs to be upgraded.
⇳
