
Files:

File: ./logs/synology-DS6/upstart/synoscgi.log
  About:
      filetype       : TEXT UTF8/ASCII
      logmessagetype : syslog lines
  Printed:
      bytes         : 3593
      lines         : 19
      syslines      : 18
  Processed:
      file size     : 2244 (0x8C4) (bytes)
      bytes         : 2244 (0x8C4)
      bytes total   : 2244 (0x8C4)
      block size    : 256 (0x100)
      blocks        : 9
      blocks total  : 9 (2304 bytes)
      lines         : 19
      syslines      : 18
      syslines high : 9
  Parsers:
  Processing Stores:
      storage: LineReader::find_line() lines                       : hit  0, miss 37,  0.0%
      caching: LineReader::find_line() LRU cache                   : hit 18, miss 20, 47.4%, put 19
      copying: SyslineReader::get_boxptrs()                        : sgl 90, dbl   3, mult  0
      storage: SyslineReader::find_sysline() syslines              : hit  0, miss 18,  0.0%
      caching: SyslineReader::find_sysline() syslines_by_range_map : hit  0, miss 18,  0.0%, put 18
      caching: SyslineReader::find_sysline() LRU cache             : hit  1, miss 18,  5.3%, put 18
      caching: SyslineReader::parse_datetime_in_line() LRU cache   : hit 17, miss 19, 47.2%, put  0
      optimize:SyslineReader::ezcheck12                            : hit  0, miss  0,  0.0%, largest skipped 0
      optimize:SyslineReader::ezcheckd2                            : hit  0, miss  4,  0.0%, largest skipped 0
      optimize:SyslineReader::ezcheck12d2                          : hit  0, miss 89,  0.0%, largest skipped 0
      process: regex captures attempted                            : 93
  Processing Drops:

Program Summary:

Paths considered       : 1
Paths not processed    : 0
Files processed        : 1
Files printed          : 1
Printed bytes          : 3665
Printed lines          : 19
Printed syslines       : 18
Printed evtx events    : 0
Printed fixedstruct    : 0
Printed journal events : 0
Regex patterns known   : 158
Regex patterns compiled: 75
Datetime filter -a     : 1999-03-03 00:00:00 +00:00 (1999-03-03 00:00:00 +00:00)
Datetime filter -b     : 2023-04-10 22:10:32 +00:00 (2023-04-10 22:10:32 +00:00)
Channel Receive ok     : 20
Channel Receive err    : 0
