
Files:

File: ./logs/synology-DS6/upstart/synosharesnapshot_clear_subvol.log
  About:
      FileType      : TEXT UTF8/ASCII (text log)
      LogMessageType: text log lines
      Thread stack  : 102400 (bytes)
  Printed:
      bytes         : 2259
      flushes       : 13
      Lines         : 13
      Syslines      : 13
      Datetime first: 2017-02-23 14:52:10 -08:00 (2017-02-23 22:52:10.000000 +00:00)
      Datetime last : 2017-10-19 10:21:14 -07:00 (2017-10-19 17:21:14.000000 +00:00)
  Processed:
      file size     : 1050 (0x41A) (bytes)
      bytes         : 1050 (0x41A)
      bytes total   : 1050 (0x41A)
      Block size    : 256 (0x100)
      Blocks        : 5
      Blocks total  : 5 (1280 bytes)
      Blocks high   : 5 (1280 bytes)
      Lines         : 13
      Line longest  : 84 (bytes)
      Lines high    : 13
      Line parts    : 17
      Syslines      : 13
      Sysline longest: 84 (bytes)
      Syslines high : 12
      Datetime first: 2017-02-23 14:52:10 -08:00 (2017-02-23 22:52:10.000000 +00:00)
      Datetime last : 2017-10-19 10:21:14 -07:00 (2017-10-19 17:21:14.000000 +00:00)
      out of order  : 0
  Parsers:
  Processing stores:
      storage: LineReader::find_line() lines                       : hit  0, miss 25,  0.0%
      caching: LineReader::find_line() LRU cache                   : hit 13, miss 13, 50.0%, put 13
      copying: SyslineReader::get_boxptrs()                        : sgl 86, dbl   1, mult  0
      storage: SyslineReader::find_sysline() syslines              : hit  0, miss 13,  0.0%
      caching: SyslineReader::find_sysline() syslines_by_range_map : hit  0, miss  1,  0.0%, put  1
      caching: SyslineReader::find_sysline() LRU cache             : hit  1, miss 13,  7.1%, put 13
      caching: SyslineReader::parse_datetime_in_line() LRU cache   : hit 12, miss 13, 48.0%, put  0
      optimize:SyslineReader::ezcheck12                            : hit  0, miss  0,  0.0%, largest skipped 0
      optimize:SyslineReader::ezcheckd2                            : hit  0, miss  4,  0.0%, largest skipped 0
      optimize:SyslineReader::ezcheck12d2                          : hit  0, miss 83,  0.0%, largest skipped 0
      process: regex captures                                      : hit 13, miss 74
  Processing Drops:

Program summary:

Paths considered       : 1
Paths not processed    : 0
Files processed        : 1
Files printed          : 1
Printed bytes          : 2311
Printed flushes        : 26
Printed Lines          : 13
Printed Syslines       : 13
Printed ASL events     : 0
Printed ETL events     : 0
Printed EVTX events    : 0
Printed FixedStruct    : 0
Printed Journal events : 0
Printed ODL events     : 0
Line longest                   : 84
Sysline longest                : 84
EVTX event largest processed   : 0
EVTX event largest accepted    : 0
Journal event largest processed: 0
Journal event largest accepted : 0
Managed files max deflt: 980
Managed files max adjus: 200
Managed handles high   : 1
Managed request open   : 1
Managed request read   : 0
Managed read calls     : 5
Managed write calls    : 0
Managed seek calls     : 5
Managed metadata calls : 1
Managed open errors    : 0
Managed evict fails    : 0
Unmanaged handles high : 0
Regex patterns known   : 188
Regex patterns compiled: 188
Datetime filter -a     : 1999-03-03 00:00:00 +00:00 (1999-03-03 00:00:00.000000 +00:00)
Datetime printed first : 2017-02-23 14:52:10 -08:00 (2017-02-23 22:52:10.000000 +00:00)
Datetime printed last  : 2017-10-19 10:21:14 -07:00 (2017-10-19 17:21:14.000000 +00:00)
Datetime filter -b     : 2026-01-02 00:00:00 +00:00 (2026-01-02 00:00:00.000000 +00:00)
Channel receive ok     : 15
Channel receive err    : 0
Threads spawned        : 1
Thread spawn errors    : 0
Temporary files created: 0
Platform               : x86_64-unknown-linux-gnu
Allocator              : system
