./logs/synology-DS6/upstart/synopkgctl-launcher.log┋20161206T043139.000000000┋2016-12-05T20:31:39-0800 Tue Dec  6 04:31:39 UTC 2016
⇳
./logs/synology-DS6/upstart/synopkgctl-launcher.log┋20161206T051142.000000000┋2016-12-05T21:11:42-0800 Tue Dec  6 05:11:42 UTC 2016
⇳
./logs/synology-DS6/upstart/synopkgctl-launcher.log┋20161206T053942.000000000┋2016-12-05T21:39:42-0800 Tue Dec  6 05:39:42 UTC 2016
⇳
./logs/synology-DS6/upstart/synopkgctl-launcher.log┋20170103T094052.000000000┋2017-01-03T01:40:52-0800 Tue Jan  3 09:40:52 UTC 2017
⇳
./logs/synology-DS6/upstart/synopkgctl-launcher.log┋20170104T075639.000000000┋2017-01-03T23:56:39-0800 Wed Jan  4 07:56:39 UTC 2017
⇳
./logs/synology-DS6/upstart/synopkgctl-launcher.log┋20170108T213550.000000000┋2017-01-08T13:35:50-0800 Sun Jan  8 21:35:50 UTC 2017
⇳
./logs/synology-DS6/upstart/synopkgctl-launcher.log┋20170125T072611.000000000┋2017-01-24T23:26:11-0800 Wed Jan 25 07:26:11 UTC 2017
⇳
./logs/synology-DS6/upstart/synopkgctl-launcher.log┋20170131T082157.000000000┋2017-01-31T00:21:57-0800 Tue Jan 31 08:21:57 UTC 2017
⇳
./logs/synology-DS6/upstart/synopkgctl-launcher.log┋20170205T070703.000000000┋2017-02-04T23:07:03-0800 Sun Feb  5 07:07:03 UTC 2017
⇳
./logs/synology-DS6/upstart/synopkgctl-launcher.log┋20170223T225209.000000000┋2017-02-23T14:52:09-0800 Thu Feb 23 22:52:09 UTC 2017
⇳
./logs/synology-DS6/upstart/synopkgctl-launcher.log┋20170307T171544.000000000┋2017-03-07T09:15:44-0800 Tue Mar  7 17:15:44 UTC 2017
⇳
./logs/synology-DS6/upstart/synopkgctl-launcher.log┋20170310T041527.000000000┋2017-03-09T20:15:27-0800 Fri Mar 10 04:15:27 UTC 2017
⇳
./logs/synology-DS6/upstart/synopkgctl-launcher.log┋20170508T153535.000000000┋2017-05-08T08:35:35-0700 Mon May  8 15:35:35 UTC 2017
⇳
./logs/synology-DS6/upstart/synopkgctl-launcher.log┋20170513T054620.000000000┋2017-05-12T22:46:20-0700 Sat May 13 05:46:20 UTC 2017
⇳
./logs/synology-DS6/upstart/synopkgctl-launcher.log┋20170524T164322.000000000┋2017-05-24T09:43:22-0700 Wed May 24 16:43:22 UTC 2017
⇳
./logs/synology-DS6/upstart/synopkgctl-launcher.log┋20170619T082150.000000000┋2017-06-19T01:21:50-0700 Mon Jun 19 08:21:50 UTC 2017
⇳
./logs/synology-DS6/upstart/synopkgctl-launcher.log┋20170917T165454.000000000┋2017-09-17T09:54:54-0700 Sun Sep 17 16:54:54 UTC 2017
⇳
./logs/synology-DS6/upstart/synopkgctl-launcher.log┋20170917T170425.000000000┋2017-09-17T10:04:25-0700 Sun Sep 17 17:04:25 UTC 2017
⇳
./logs/synology-DS6/upstart/synopkgctl-launcher.log┋20170917T171200.000000000┋2017-09-17T10:12:00-0700 Sun Sep 17 17:12:00 UTC 2017
⇳
