
Files:

File: ./logs/synology-DS6/upstart/syno-share-check.log
  About:
      real path      : /home/ulug/Projects-Here/super-speedy-syslog-searcher/logs/synology-DS6/upstart/syno-share-check.log
      modified time  : 2016-12-06 13:11:43 +08:00 (2016-12-06 05:11:43 +00:00)
      filetype       : TEXT UTF8/ASCII
      logmessagetype : syslog lines
  Printed:
      bytes         : 2909
      lines         : 19
      syslines      : 16
  Processed:
      file size     : 1408 (0x580) (bytes)
      bytes         : 1408 (0x580)
      bytes total   : 1408 (0x580)
      block size    : 256 (0x100)
      blocks        : 6
      blocks total  : 6 (1536 bytes)
      lines         : 19
      syslines      : 16
      syslines high : 11
  Parsers:
  Processing Stores:
      storage: LineReader::find_line() lines                       : hit  0, miss 37,  0.0%
      caching: LineReader::find_line() LRU cache                   : hit 16, miss 20, 44.4%, put 19
      copying: SyslineReader::get_boxptrs()                        : sgl 90, dbl   3, mult  0
      storage: SyslineReader::find_sysline() syslines              : hit  0, miss 16,  0.0%
      caching: SyslineReader::find_sysline() syslines_by_range_map : hit  0, miss 16,  0.0%, put 16
      caching: SyslineReader::find_sysline() LRU cache             : hit  1, miss 16,  5.9%, put 16
      caching: SyslineReader::parse_datetime_in_line() LRU cache   : hit 15, miss 19, 44.1%, put  0
      optimize:SyslineReader::ezcheck12                            : hit  0, miss  0,  0.0%, largest skipped 0
      optimize:SyslineReader::ezcheckd2                            : hit  0, miss  4,  0.0%, largest skipped 0
      optimize:SyslineReader::ezcheck12d2                          : hit  3, miss 86,  3.4%, largest skipped 49
      process: regex captures attempted                            : 90
  Processing Drops:


Program Summary:

Paths considered       : 1
Paths not processed    : 0
Files processed        : 1
Files printed          : 1
Printed bytes          : 2973
Printed lines          : 19
Printed syslines       : 16
Printed evtx events    : 0
Printed fixedstruct    : 0
Printed journal events : 0
Regex patterns known   : 154
Regex patterns compiled: 75
Datetime filter -a     : 1999-03-03 00:00:00 +00:00 (1999-03-03 00:00:00 +00:00)
Datetime filter -b     : 2023-04-10 22:10:32 +00:00 (2023-04-10 22:10:32 +00:00)
Channel Receive ok     : 18
Channel Receive err    : 0
