
Files:

File: ./logs/synology-DS6/upstart/synowsdiscoveryd.log
  About:
      filetype      : TEXT UTF8/ASCII (text log)
      logmessagetype: text log lines
      thread stack  : 2150400 (bytes)
  Printed:
      bytes         : 2449
      flushes       : 2
      lines         : 19
      syslines      : 2
      datetime first: 2019-06-28 21:14:49 -07:00 (2019-06-29 04:14:49.000000 +00:00)
      datetime last : 2019-09-04 18:38:13 -07:00 (2019-09-05 01:38:13.000000 +00:00)
  Processed:
      file size     : 948 (0x3B4) (bytes)
      bytes         : 948 (0x3B4)
      bytes total   : 948 (0x3B4)
      block size    : 256 (0x100)
      blocks        : 4
      blocks total  : 4 (1024 bytes)
      lines         : 19
      line longest  : 86 (bytes)
      line parts    : 23
      syslines      : 2
      sysline longest: 475 (bytes)
      syslines high : 2
      datetime first: 2019-06-28 21:14:49 -07:00 (2019-06-29 04:14:49.000000 +00:00)
      datetime last : 2019-09-04 18:38:13 -07:00 (2019-09-05 01:38:13.000000 +00:00)
      out of order  : 0
  Parsers:
  Processing Stores:
      storage: LineReader::find_line() lines                       : hit   0, miss  39,  0.0%
      caching: LineReader::find_line() LRU cache                   : hit   6, miss  20, 23.1%, put  19
      copying: SyslineReader::get_boxptrs()                        : sgl 654, dbl    2, mult   0
      storage: SyslineReader::find_sysline() syslines              : hit   0, miss   3,  0.0%
      caching: SyslineReader::find_sysline() syslines_by_range_map : hit   0, miss   2,  0.0%, put   1
      caching: SyslineReader::find_sysline() LRU cache             : hit   0, miss   3,  0.0%, put   2
      caching: SyslineReader::parse_datetime_in_line() LRU cache   : hit   2, miss  22,  8.3%, put   0
      optimize:SyslineReader::ezcheck12                            : hit   0, miss   0,  0.0%, largest skipped 0
      optimize:SyslineReader::ezcheckd2                            : hit  51, miss  13, 79.7%, largest skipped 39
      optimize:SyslineReader::ezcheck12d2                          : hit 347, miss 245, 58.6%, largest skipped 49
      process: regex captures                                      : hit   2, miss 256
  Processing Drops:

Program Summary:

Paths considered       : 1
Paths not processed    : 0
Files processed        : 1
Files printed          : 1
Printed bytes          : 2457
Printed flushes        : 4
Printed lines          : 19
Printed syslines       : 2
Longest Line           : 86
Longest Sysline        : 475
Printed ASL events     : 0
Printed ETL events     : 0
Printed EVTX events    : 0
Printed fixedstruct    : 0
Printed journal events : 0
Printed ODL events     : 0
Managed files max deflt: 980
Managed files max adjus: 200
Managed request open   : 1
Managed request read   : 0
Managed read calls     : 4
Managed write calls    : 0
Managed seek calls     : 4
Managed metadata calls : 1
Managed open errors    : 0
Managed evict fails    : 0
Regex patterns known   : 188
Regex patterns compiled: 188
Datetime filter -a     : 1999-03-03 00:00:00 +00:00 (1999-03-03 00:00:00.000000 +00:00)
Datetime printed first : 2019-06-28 21:14:49 -07:00 (2019-06-29 04:14:49.000000 +00:00)
Datetime printed last  : 2019-09-04 18:38:13 -07:00 (2019-09-05 01:38:13.000000 +00:00)
Datetime filter -b     : 2026-01-02 00:00:00 +00:00 (2026-01-02 00:00:00.000000 +00:00)
Channel Receive ok     : 4
Channel Receive err    : 0
Threads Spawned        : 1
Thread Spawn errors    : 0
Temporary files created: 0
Platform               : x86_64-unknown-linux-gnu
Allocator              : system
