
Files:

File: ./logs/synology-DS6/upstart/synolog-service-handler-samba.log
  About:
      filetype      : TEXT UTF8/ASCII (text log)
      logmessagetype: text log lines
      thread stack  : 2150400 (bytes)
  Printed:
      bytes         : 1298
      flushes       : 9
      lines         : 9
      syslines      : 9
      datetime first: 2016-12-05 21:16:10 -08:00 (2016-12-06 05:16:10.000000 +00:00)
      datetime last : 2016-12-05 21:16:10 -08:00 (2016-12-06 05:16:10.000000 +00:00)
  Processed:
      file size     : 470 (0x1D6) (bytes)
      bytes         : 470 (0x1D6)
      bytes total   : 470 (0x1D6)
      block size    : 256 (0x100)
      blocks        : 2
      blocks total  : 2 (512 bytes)
      lines         : 9
      line longest  : 85 (bytes)
      line parts    : 10
      syslines      : 9
      sysline longest: 85 (bytes)
      syslines high : 9
      datetime first: 2016-12-05 21:16:10 -08:00 (2016-12-06 05:16:10.000000 +00:00)
      datetime last : 2016-12-05 21:16:10 -08:00 (2016-12-06 05:16:10.000000 +00:00)
      out of order  : 0
  Parsers:
  Processing Stores:
      storage: LineReader::find_line() lines                       : hit  0, miss 17,  0.0%
      caching: LineReader::find_line() LRU cache                   : hit  9, miss  9, 50.0%, put  9
      copying: SyslineReader::get_boxptrs()                        : sgl 82, dbl   1, mult  0
      storage: SyslineReader::find_sysline() syslines              : hit  0, miss  9,  0.0%
      caching: SyslineReader::find_sysline() syslines_by_range_map : hit  0, miss  1,  0.0%, put  1
      caching: SyslineReader::find_sysline() LRU cache             : hit  1, miss  9, 10.0%, put  9
      caching: SyslineReader::parse_datetime_in_line() LRU cache   : hit  8, miss  9, 47.1%, put  0
      optimize:SyslineReader::ezcheck12                            : hit  0, miss  0,  0.0%, largest skipped 0
      optimize:SyslineReader::ezcheckd2                            : hit  0, miss  4,  0.0%, largest skipped 0
      optimize:SyslineReader::ezcheck12d2                          : hit  0, miss 79,  0.0%, largest skipped 0
      process: regex captures                                      : hit  9, miss 74
  Processing Drops:

Program Summary:

Paths considered       : 1
Paths not processed    : 0
Files processed        : 1
Files printed          : 1
Printed bytes          : 1334
Printed flushes        : 18
Printed lines          : 9
Printed syslines       : 9
Longest Line           : 85
Longest Sysline        : 85
Printed ASL events     : 0
Printed ETL events     : 0
Printed EVTX events    : 0
Printed fixedstruct    : 0
Printed journal events : 0
Printed ODL events     : 0
Managed files max deflt: 980
Managed files max adjus: 200
Managed request open   : 1
Managed request read   : 0
Managed read calls     : 2
Managed write calls    : 0
Managed seek calls     : 2
Managed metadata calls : 1
Managed open errors    : 0
Managed evict fails    : 0
Regex patterns known   : 188
Regex patterns compiled: 188
Datetime filter -a     : 1999-03-03 00:00:00 +00:00 (1999-03-03 00:00:00.000000 +00:00)
Datetime printed first : 2016-12-05 21:16:10 -08:00 (2016-12-06 05:16:10.000000 +00:00)
Datetime printed last  : 2016-12-05 21:16:10 -08:00 (2016-12-06 05:16:10.000000 +00:00)
Datetime filter -b     : 2026-01-02 00:00:00 +00:00 (2026-01-02 00:00:00.000000 +00:00)
Channel Receive ok     : 11
Channel Receive err    : 0
Threads Spawned        : 1
Thread Spawn errors    : 0
Temporary files created: 0
Platform               : x86_64-unknown-linux-gnu
Allocator              : system
