
Files:

File: ./logs/synology-DS6/upstart/synomount.log
  About:
      FileType      : TEXT UTF8/ASCII (text log)
      LogMessageType: text log lines
      Thread stack  : 102400 (bytes)
  Printed:
      bytes         : 2187
      flushes       : 18
      Lines         : 19
      Syslines      : 18
      Datetime first: 2016-12-05 20:31:46 -08:00 (2016-12-06 04:31:46.000000 +00:00)
      Datetime last : 2016-12-05 21:39:50 -08:00 (2016-12-06 05:39:50.000000 +00:00)
  Processed:
      file size     : 819 (0x333) (bytes)
      bytes         : 819 (0x333)
      bytes total   : 819 (0x333)
      Block size    : 256 (0x100)
      Blocks        : 4
      Blocks total  : 4 (1024 bytes)
      Lines         : 19
      Line longest  : 46 (bytes)
      Line parts    : 22
      Syslines      : 18
      Sysline longest: 65 (bytes)
      Syslines high : 18
      Datetime first: 2016-12-05 20:31:46 -08:00 (2016-12-06 04:31:46.000000 +00:00)
      Datetime last : 2016-12-05 21:39:50 -08:00 (2016-12-06 05:39:50.000000 +00:00)
      out of order  : 0
  Parsers:
  Processing stores:
      storage: LineReader::find_line() lines                       : hit  0, miss 37,  0.0%
      caching: LineReader::find_line() LRU cache                   : hit 18, miss 19, 48.6%, put 19
      copying: SyslineReader::get_boxptrs()                        : sgl 90, dbl   3, mult  0
      storage: SyslineReader::find_sysline() syslines              : hit  0, miss 18,  0.0%
      caching: SyslineReader::find_sysline() syslines_by_range_map : hit  0, miss  1,  0.0%, put  1
      caching: SyslineReader::find_sysline() LRU cache             : hit  1, miss 18,  5.3%, put 18
      caching: SyslineReader::parse_datetime_in_line() LRU cache   : hit 17, miss 19, 47.2%, put  0
      optimize:SyslineReader::ezcheck12                            : hit  0, miss  0,  0.0%, largest skipped 0
      optimize:SyslineReader::ezcheckd2                            : hit  0, miss  4,  0.0%, largest skipped 0
      optimize:SyslineReader::ezcheck12d2                          : hit  1, miss 88,  1.1%, largest skipped 20
      process: regex captures                                      : hit 18, miss 74
  Processing Drops:

Program summary:

Paths considered       : 1
Paths not processed    : 0
Files processed        : 1
Files printed          : 1
Printed bytes          : 2259
Printed flushes        : 36
Printed Lines          : 19
Printed Syslines       : 18
Printed ASL events     : 0
Printed ETL events     : 0
Printed EVTX events    : 0
Printed FixedStruct    : 0
Printed Journal events : 0
Printed ODL events     : 0
Line Maximum                   : 393209
Line longest                   : 46
Sysline longest                : 65
EVTX event largest processed   : 0
EVTX event largest accepted    : 0
Journal event largest processed: 0
Journal event largest accepted : 0
Managed files max deflt: 980
Managed files max adjus: 200
Managed handles high   : 1
Managed request open   : 1
Managed request read   : 0
Managed write calls    : 0
Managed seek calls     : 4
Managed metadata calls : 1
Managed open errors    : 0
Managed evict fails    : 0
Regex patterns known   : 188
Regex patterns compiled: 188
Datetime filter -a     : 1999-03-03 00:00:00 +00:00 (1999-03-03 00:00:00.000000 +00:00)
Datetime printed first : 2016-12-05 20:31:46 -08:00 (2016-12-06 04:31:46.000000 +00:00)
Datetime printed last  : 2016-12-05 21:39:50 -08:00 (2016-12-06 05:39:50.000000 +00:00)
Datetime filter -b     : 2026-01-02 00:00:00 +00:00 (2026-01-02 00:00:00.000000 +00:00)
Channel receive ok     : 20
Channel receive err    : 0
Threads spawned        : 1
Thread spawn errors    : 0
Temporary files created: 0
Platform               : x86_64-unknown-linux-gnu
Allocator              : system
