
Files:

File: ./logs/synology-DS6/upstart/synomkflvd.log
  About:
      FileType      : TEXT UTF8/ASCII (text log)
      LogMessageType: text log lines
      Thread stack  : 100352 (bytes)
  Printed:
      bytes         : 2040
      flushes       : 15
      Lines         : 15
      Syslines      : 15
      Datetime first: 2018-12-17 15:05:55 -08:00 (2018-12-17 23:05:55.000000 +00:00)
      Datetime last : 2020-03-07 12:23:02 -08:00 (2020-03-07 20:23:02.000000 +00:00)
  Processed:
      file size     : 945 (0x3B1) (bytes)
      bytes         : 945 (0x3B1)
      bytes total   : 945 (0x3B1)
      Block size    : 256 (0x100)
      Blocks        : 4
      Blocks total  : 4 (1024 bytes)
      Lines         : 15
      Line longest  : 63 (bytes)
      Line parts    : 18
      Syslines      : 15
      Sysline longest: 63 (bytes)
      Syslines high : 15
      Datetime first: 2018-12-17 15:05:55 -08:00 (2018-12-17 23:05:55.000000 +00:00)
      Datetime last : 2020-03-07 12:23:02 -08:00 (2020-03-07 20:23:02.000000 +00:00)
      out of order  : 0
  Parsers:
  Processing stores:
      storage: LineReader::find_line() lines                       : hit  0, miss 29,  0.0%
      caching: LineReader::find_line() LRU cache                   : hit 15, miss 15, 50.0%, put 15
      copying: SyslineReader::get_boxptrs()                        : sgl 86, dbl   3, mult  0
      storage: SyslineReader::find_sysline() syslines              : hit  0, miss 15,  0.0%
      caching: SyslineReader::find_sysline() syslines_by_range_map : hit  0, miss  1,  0.0%, put  1
      caching: SyslineReader::find_sysline() LRU cache             : hit  1, miss 15,  6.2%, put 15
      caching: SyslineReader::parse_datetime_in_line() LRU cache   : hit 14, miss 15, 48.3%, put  0
      optimize:SyslineReader::ezcheck12                            : hit  0, miss  0,  0.0%, largest skipped 0
      optimize:SyslineReader::ezcheckd2                            : hit  0, miss  4,  0.0%, largest skipped 0
      optimize:SyslineReader::ezcheck12d2                          : hit  0, miss 85,  0.0%, largest skipped 0
      process: regex captures                                      : hit 15, miss 74
  Processing Drops:

Program summary:

Paths considered       : 1
Paths not processed    : 0
Files processed        : 1
Files printed          : 1
Printed bytes          : 2100
Printed flushes        : 30
Printed Lines          : 15
Printed Syslines       : 15
Printed ASL events     : 0
Printed ETL events     : 0
Printed EVTX events    : 0
Printed FixedStruct    : 0
Printed Journal events : 0
Printed ODL events     : 0
Line Maximum                   : 393209
Line longest                   : 63
Sysline longest                : 63
EVTX event largest processed   : 0
EVTX event largest accepted    : 0
Journal event largest processed: 0
Journal event largest accepted : 0
Managed files max deflt: 980
Managed files max adjus: 200
Managed request open   : 1
Managed request read   : 0
Managed write calls    : 0
Managed seek calls     : 4
Managed metadata calls : 1
Managed open errors    : 0
Managed evict fails    : 0
Regex patterns known   : 188
Regex patterns compiled: 188
Datetime filter -a     : 1999-03-03 00:00:00 +00:00 (1999-03-03 00:00:00.000000 +00:00)
Datetime printed first : 2018-12-17 15:05:55 -08:00 (2018-12-17 23:05:55.000000 +00:00)
Datetime printed last  : 2020-03-07 12:23:02 -08:00 (2020-03-07 20:23:02.000000 +00:00)
Datetime filter -b     : 2026-01-02 00:00:00 +00:00 (2026-01-02 00:00:00.000000 +00:00)
Channel receive ok     : 17
Channel receive err    : 0
Threads spawned        : 1
Thread spawn errors    : 0
Temporary files created: 0
Platform               : x86_64-unknown-linux-gnu
Allocator              : system
