./logs/synology-DS6/upstart/syno-auth-check.log┋20161206T043120.000000000┋2016-12-05T20:31:20-0800 nslcd is disabled.
⇳
./logs/synology-DS6/upstart/syno-auth-check.log┋20161206T043120.000000000┋2016-12-05T20:31:20-0800 Mon Dec  5 20:31:20 PST 2016
⇳
./logs/synology-DS6/upstart/syno-auth-check.log┋20161206T051130.000000000┋2016-12-05T21:11:30-0800 nslcd is disabled.
⇳
./logs/synology-DS6/upstart/syno-auth-check.log┋20161206T051130.000000000┋2016-12-05T21:11:30-0800 Mon Dec  5 21:11:30 PST 2016
⇳
./logs/synology-DS6/upstart/syno-auth-check.log┋20161206T053931.000000000┋2016-12-05T21:39:31-0800 nslcd is disabled.
⇳
./logs/synology-DS6/upstart/syno-auth-check.log┋20161206T053931.000000000┋2016-12-05T21:39:31-0800 Mon Dec  5 21:39:31 PST 2016
⇳
./logs/synology-DS6/upstart/syno-auth-check.log┋20170103T094041.000000000┋2017-01-03T01:40:41-0800 nslcd is disabled.
⇳
./logs/synology-DS6/upstart/syno-auth-check.log┋20170103T094041.000000000┋2017-01-03T01:40:41-0800 Tue Jan  3 01:40:41 PST 2017
⇳
./logs/synology-DS6/upstart/syno-auth-check.log┋20170104T075626.000000000┋2017-01-03T23:56:26-0800 nslcd is disabled.
⇳
./logs/synology-DS6/upstart/syno-auth-check.log┋20170104T075626.000000000┋2017-01-03T23:56:26-0800 Tue Jan  3 23:56:26 PST 2017
⇳
./logs/synology-DS6/upstart/syno-auth-check.log┋20170108T213535.000000000┋2017-01-08T13:35:35-0800 nslcd is disabled.
⇳
./logs/synology-DS6/upstart/syno-auth-check.log┋20170108T213535.000000000┋2017-01-08T13:35:35-0800 Sun Jan  8 13:35:35 PST 2017
⇳
./logs/synology-DS6/upstart/syno-auth-check.log┋20170125T072559.000000000┋2017-01-24T23:25:59-0800 nslcd is disabled.
⇳
./logs/synology-DS6/upstart/syno-auth-check.log┋20170125T072559.000000000┋2017-01-24T23:25:59-0800 Tue Jan 24 23:25:59 PST 2017
⇳
./logs/synology-DS6/upstart/syno-auth-check.log┋20170131T082142.000000000┋2017-01-31T00:21:42-0800 nslcd is disabled.
⇳
./logs/synology-DS6/upstart/syno-auth-check.log┋20170131T082142.000000000┋2017-01-31T00:21:42-0800 Tue Jan 31 00:21:42 PST 2017
⇳
./logs/synology-DS6/upstart/syno-auth-check.log┋20170205T070653.000000000┋2017-02-04T23:06:53-0800 nslcd is disabled.
⇳
./logs/synology-DS6/upstart/syno-auth-check.log┋20170205T070653.000000000┋2017-02-04T23:06:53-0800 Sat Feb  4 23:06:53 PST 2017
⇳
./logs/synology-DS6/upstart/syno-auth-check.log┋20170223T225159.000000000┋2017-02-23T14:51:59-0800 nslcd is disabled.
⇳
