
Files:

File: ./logs/synology-DS6/upstart/synolog-service-handler-atalk.log
  About:
      FileType      : TEXT UTF8/ASCII (text log)
      LogMessageType: text log lines
      Thread stack  : 102400 (bytes)
  Printed:
      bytes         : 2271
      flushes       : 16
      Lines         : 16
      Syslines      : 16
      Datetime first: 2016-12-05 21:16:11 -08:00 (2016-12-06 05:16:11.000000 +00:00)
      Datetime last : 2016-12-30 00:36:57 -08:00 (2016-12-30 08:36:57.000000 +00:00)
  Processed:
      file size     : 799 (0x31F) (bytes)
      bytes         : 799 (0x31F)
      bytes total   : 799 (0x31F)
      Block size    : 256 (0x100)
      Blocks        : 4
      Blocks total  : 4 (1024 bytes)
      Lines         : 16
      Line longest  : 85 (bytes)
      Line parts    : 19
      Syslines      : 16
      Sysline longest: 85 (bytes)
      Syslines high : 16
      Datetime first: 2016-12-05 21:16:11 -08:00 (2016-12-06 05:16:11.000000 +00:00)
      Datetime last : 2016-12-30 00:36:57 -08:00 (2016-12-30 08:36:57.000000 +00:00)
      out of order  : 0
  Parsers:
  Processing stores:
      storage: LineReader::find_line() lines                       : hit  0, miss 31,  0.0%
      caching: LineReader::find_line() LRU cache                   : hit 16, miss 16, 50.0%, put 16
      copying: SyslineReader::get_boxptrs()                        : sgl 87, dbl   3, mult  0
      storage: SyslineReader::find_sysline() syslines              : hit  0, miss 16,  0.0%
      caching: SyslineReader::find_sysline() syslines_by_range_map : hit  0, miss  1,  0.0%, put  1
      caching: SyslineReader::find_sysline() LRU cache             : hit  1, miss 16,  5.9%, put 16
      caching: SyslineReader::parse_datetime_in_line() LRU cache   : hit 15, miss 16, 48.4%, put  0
      optimize:SyslineReader::ezcheck12                            : hit  0, miss  0,  0.0%, largest skipped 0
      optimize:SyslineReader::ezcheckd2                            : hit  0, miss  4,  0.0%, largest skipped 0
      optimize:SyslineReader::ezcheck12d2                          : hit  0, miss 86,  0.0%, largest skipped 0
      process: regex captures                                      : hit 16, miss 74
  Processing Drops:

Program summary:

Paths considered       : 1
Paths not processed    : 0
Files processed        : 1
Files printed          : 1
Printed bytes          : 2335
Printed flushes        : 32
Printed Lines          : 16
Printed Syslines       : 16
Printed ASL events     : 0
Printed ETL events     : 0
Printed EVTX events    : 0
Printed FixedStruct    : 0
Printed Journal events : 0
Printed ODL events     : 0
Line Maximum                   : 393209
Line longest                   : 85
Sysline longest                : 85
EVTX event largest processed   : 0
EVTX event largest accepted    : 0
Journal event largest processed: 0
Journal event largest accepted : 0
Managed files max deflt: 980
Managed files max adjus: 200
Managed handles high   : 1
Managed request open   : 1
Managed request read   : 0
Managed write calls    : 0
Managed seek calls     : 4
Managed metadata calls : 1
Managed open errors    : 0
Managed evict fails    : 0
Regex patterns known   : 188
Regex patterns compiled: 188
Datetime filter -a     : 1999-03-03 00:00:00 +00:00 (1999-03-03 00:00:00.000000 +00:00)
Datetime printed first : 2016-12-05 21:16:11 -08:00 (2016-12-06 05:16:11.000000 +00:00)
Datetime printed last  : 2016-12-30 00:36:57 -08:00 (2016-12-30 08:36:57.000000 +00:00)
Datetime filter -b     : 2026-01-02 00:00:00 +00:00 (2026-01-02 00:00:00.000000 +00:00)
Channel receive ok     : 18
Channel receive err    : 0
Threads spawned        : 1
Thread spawn errors    : 0
Temporary files created: 0
Platform               : x86_64-unknown-linux-gnu
Allocator              : system
