./logs/synology-DS6/upstart/synomount.log┋20161206T043146.000000000┋2016-12-05T20:31:46-0800 Load loop.ko ... 
⇳
./logs/synology-DS6/upstart/synomount.log┋20161206T043146.000000000┋2016-12-05T20:31:46-0800 Load isofs.ko ... 
⇳
./logs/synology-DS6/upstart/synomount.log┋20161206T043147.000000000┋2016-12-05T20:31:47-0800 Load udf.ko ... 
⇳
./logs/synology-DS6/upstart/synomount.log┋20161206T043147.000000000┋2016-12-05T20:31:47-0800 Load cifs.ko ... 
⇳
./logs/synology-DS6/upstart/synomount.log┋20161206T050055.000000000┋2016-12-05T21:00:55-0800 Remove udf.ko ...
⇳
./logs/synology-DS6/upstart/synomount.log┋20161206T050055.000000000┋2016-12-05T21:00:55-0800 Remove isofs.ko ...
⇳
./logs/synology-DS6/upstart/synomount.log┋20161206T050055.000000000┋2016-12-05T21:00:55-0800 Remove loop.ko ...
⇳
./logs/synology-DS6/upstart/synomount.log┋20161206T050055.000000000┋2016-12-05T21:00:55-0800 Remove cifs.ko ...
⇳
./logs/synology-DS6/upstart/synomount.log┋20161206T051152.000000000┋2016-12-05T21:11:52-0800 Load loop.ko ... 
⇳
./logs/synology-DS6/upstart/synomount.log┋20161206T051152.000000000┋2016-12-05T21:11:52-0800 Load isofs.ko ... 
⇳
./logs/synology-DS6/upstart/synomount.log┋20161206T051152.000000000┋2016-12-05T21:11:52-0800 Load udf.ko ... 
⇳
./logs/synology-DS6/upstart/synomount.log┋20161206T051152.000000000┋2016-12-05T21:11:52-0800 Load cifs.ko ... 
⇳
./logs/synology-DS6/upstart/synomount.log┋20161206T053657.000000000┋2016-12-05T21:36:57-0800 Remove udf.ko ...
./logs/synology-DS6/upstart/synomount.log┋20161206T053657.000000000┋Remove isofs.ko ...
⇳
./logs/synology-DS6/upstart/synomount.log┋20161206T053657.000000000┋2016-12-05T21:36:57-0800 Remove loop.ko ...
⇳
./logs/synology-DS6/upstart/synomount.log┋20161206T053657.000000000┋2016-12-05T21:36:57-0800 Remove cifs.ko ...
⇳
./logs/synology-DS6/upstart/synomount.log┋20161206T053950.000000000┋2016-12-05T21:39:50-0800 Load loop.ko ... 
⇳
./logs/synology-DS6/upstart/synomount.log┋20161206T053950.000000000┋2016-12-05T21:39:50-0800 Load isofs.ko ... 
⇳
./logs/synology-DS6/upstart/synomount.log┋20161206T053950.000000000┋2016-12-05T21:39:50-0800 Load udf.ko ... 
⇳
