./logs/synology-DS6/upstart/synoconfd.log┋20161206T043120.000000000┋2016-12-05T20:31:20-0800 Tue Dec  6 04:31:20 UTC 2016: start synoconfd
⇳
./logs/synology-DS6/upstart/synoconfd.log┋20161206T050059.000000000┋2016-12-05T21:00:59-0800 Tue Dec  6 05:00:59 UTC 2016: stop synoconfd
⇳
./logs/synology-DS6/upstart/synoconfd.log┋20161206T051130.000000000┋2016-12-05T21:11:30-0800 Tue Dec  6 05:11:30 UTC 2016: start synoconfd
⇳
./logs/synology-DS6/upstart/synoconfd.log┋20161206T053657.000000000┋2016-12-05T21:36:57-0800 Tue Dec  6 05:36:57 UTC 2016: stop synoconfd
⇳
./logs/synology-DS6/upstart/synoconfd.log┋20161206T053931.000000000┋2016-12-05T21:39:31-0800 Tue Dec  6 05:39:31 UTC 2016: start synoconfd
⇳
./logs/synology-DS6/upstart/synoconfd.log┋20170103T093828.000000000┋2017-01-03T01:38:28-0800 Tue Jan  3 09:38:28 UTC 2017: stop synoconfd
⇳
./logs/synology-DS6/upstart/synoconfd.log┋20170103T094041.000000000┋2017-01-03T01:40:41-0800 Tue Jan  3 09:40:41 UTC 2017: start synoconfd
⇳
./logs/synology-DS6/upstart/synoconfd.log┋20170104T075626.000000000┋2017-01-03T23:56:26-0800 Wed Jan  4 07:56:26 UTC 2017: start synoconfd
⇳
./logs/synology-DS6/upstart/synoconfd.log┋20170108T213535.000000000┋2017-01-08T13:35:35-0800 Sun Jan  8 21:35:35 UTC 2017: start synoconfd
⇳
./logs/synology-DS6/upstart/synoconfd.log┋20170125T072400.000000000┋2017-01-24T23:24:00-0800 Wed Jan 25 07:24:00 UTC 2017: stop synoconfd
⇳
./logs/synology-DS6/upstart/synoconfd.log┋20170125T072559.000000000┋2017-01-24T23:25:59-0800 Wed Jan 25 07:25:59 UTC 2017: start synoconfd
⇳
./logs/synology-DS6/upstart/synoconfd.log┋20170131T082142.000000000┋2017-01-31T00:21:42-0800 Tue Jan 31 08:21:42 UTC 2017: start synoconfd
⇳
./logs/synology-DS6/upstart/synoconfd.log┋20170205T070653.000000000┋2017-02-04T23:06:53-0800 Sun Feb  5 07:06:53 UTC 2017: start synoconfd
⇳
./logs/synology-DS6/upstart/synoconfd.log┋20170223T224929.000000000┋2017-02-23T14:49:29-0800 Thu Feb 23 22:49:29 UTC 2017: stop synoconfd
⇳
./logs/synology-DS6/upstart/synoconfd.log┋20170223T225159.000000000┋2017-02-23T14:51:59-0800 Thu Feb 23 22:51:59 UTC 2017: start synoconfd
⇳
./logs/synology-DS6/upstart/synoconfd.log┋20170307T171320.000000000┋2017-03-07T09:13:20-0800 Tue Mar  7 17:13:20 UTC 2017: stop synoconfd
⇳
./logs/synology-DS6/upstart/synoconfd.log┋20170307T171531.000000000┋2017-03-07T09:15:31-0800 Tue Mar  7 17:15:31 UTC 2017: start synoconfd
⇳
./logs/synology-DS6/upstart/synoconfd.log┋20170309T205522.000000000┋2017-03-09T12:55:22-0800 Thu Mar  9 20:55:22 UTC 2017: stop synoconfd
⇳
./logs/synology-DS6/upstart/synoconfd.log┋20170310T041516.000000000┋2017-03-09T20:15:16-0800 Fri Mar 10 04:15:16 UTC 2017: start synoconfd
⇳
