
Files:

File: ./logs/synology-DS6/upstart/synolog-service-handler-sftp.log
  About:
      FileType      : TEXT UTF8/ASCII (text log)
      LogMessageType: text log lines
      Thread stack  : 100352 (bytes)
  Printed:
      bytes         : 965
      flushes       : 7
      Lines         : 7
      Syslines      : 7
      Datetime first: 2016-12-08 18:56:19 -08:00 (2016-12-09 02:56:19.000000 +00:00)
      Datetime last : 2016-12-08 18:56:19 -08:00 (2016-12-09 02:56:19.000000 +00:00)
  Processed:
      file size     : 328 (0x148) (bytes)
      bytes         : 328 (0x148)
      bytes total   : 328 (0x148)
      Block size    : 256 (0x100)
      Blocks        : 2
      Blocks total  : 2 (512 bytes)
      Lines         : 7
      Line longest  : 62 (bytes)
      Line parts    : 8
      Syslines      : 7
      Sysline longest: 62 (bytes)
      Syslines high : 7
      Datetime first: 2016-12-08 18:56:19 -08:00 (2016-12-09 02:56:19.000000 +00:00)
      Datetime last : 2016-12-08 18:56:19 -08:00 (2016-12-09 02:56:19.000000 +00:00)
      out of order  : 0
  Parsers:
  Processing stores:
      storage: LineReader::find_line() lines                       : hit  0, miss 13,  0.0%
      caching: LineReader::find_line() LRU cache                   : hit  7, miss  7, 50.0%, put  7
      copying: SyslineReader::get_boxptrs()                        : sgl 80, dbl   1, mult  0
      storage: SyslineReader::find_sysline() syslines              : hit  0, miss  7,  0.0%
      caching: SyslineReader::find_sysline() syslines_by_range_map : hit  0, miss  1,  0.0%, put  1
      caching: SyslineReader::find_sysline() LRU cache             : hit  1, miss  7, 12.5%, put  7
      caching: SyslineReader::parse_datetime_in_line() LRU cache   : hit  6, miss  7, 46.2%, put  0
      optimize:SyslineReader::ezcheck12                            : hit  0, miss  0,  0.0%, largest skipped 0
      optimize:SyslineReader::ezcheckd2                            : hit  0, miss  4,  0.0%, largest skipped 0
      optimize:SyslineReader::ezcheck12d2                          : hit  0, miss 77,  0.0%, largest skipped 0
      process: regex captures                                      : hit  7, miss 74
  Processing Drops:

Program summary:

Paths considered       : 1
Paths not processed    : 0
Files processed        : 1
Files printed          : 1
Printed bytes          : 993
Printed flushes        : 14
Printed Lines          : 7
Printed Syslines       : 7
Printed ASL events     : 0
Printed ETL events     : 0
Printed EVTX events    : 0
Printed FixedStruct    : 0
Printed Journal events : 0
Printed ODL events     : 0
Line Maximum                   : 393209
Line longest                   : 62
Sysline longest                : 62
EVTX event largest processed   : 0
EVTX event largest accepted    : 0
Journal event largest processed: 0
Journal event largest accepted : 0
Managed files max deflt: 980
Managed files max adjus: 200
Managed handles high   : 1
Managed request open   : 1
Managed request read   : 0
Managed write calls    : 0
Managed seek calls     : 2
Managed metadata calls : 1
Managed open errors    : 0
Managed evict fails    : 0
Regex patterns known   : 188
Regex patterns compiled: 188
Datetime filter -a     : 1999-03-03 00:00:00 +00:00 (1999-03-03 00:00:00.000000 +00:00)
Datetime printed first : 2016-12-08 18:56:19 -08:00 (2016-12-09 02:56:19.000000 +00:00)
Datetime printed last  : 2016-12-08 18:56:19 -08:00 (2016-12-09 02:56:19.000000 +00:00)
Datetime filter -b     : 2026-01-02 00:00:00 +00:00 (2026-01-02 00:00:00.000000 +00:00)
Channel receive ok     : 9
Channel receive err    : 0
Threads spawned        : 1
Thread spawn errors    : 0
Temporary files created: 0
Platform               : x86_64-unknown-linux-gnu
Allocator              : system
