./logs/synology-DS6/upstart/synowstransfer-adapter.log┋20190629T024151.000000000┋2019-06-28T19:41:51-0700 synowstransferd start/running, process 7281
⇳
./logs/synology-DS6/upstart/synowstransfer-adapter.log┋20190629T024151.000000000┋2019-06-28T19:41:51-0700 synowsdiscoveryd start/running, process 7281
⇳
./logs/synology-DS6/upstart/synowstransfer-adapter.log┋20190819T042449.000000000┋2019-08-18T21:24:49-0700 synowstransferd stop/waiting
⇳
./logs/synology-DS6/upstart/synowstransfer-adapter.log┋20190819T042449.000000000┋2019-08-18T21:24:49-0700 synowsdiscoveryd stop/waiting
⇳
./logs/synology-DS6/upstart/synowstransfer-adapter.log┋20190819T042809.000000000┋2019-08-18T21:28:09-0700 synowstransferd start/running, process 7109
⇳
./logs/synology-DS6/upstart/synowstransfer-adapter.log┋20190819T042809.000000000┋2019-08-18T21:28:09-0700 synowsdiscoveryd start/running, process 7297
⇳
./logs/synology-DS6/upstart/synowstransfer-adapter.log┋20190831T212156.000000000┋2019-08-31T14:21:56-0700 synowstransferd stop/waiting
⇳
./logs/synology-DS6/upstart/synowstransfer-adapter.log┋20190831T212157.000000000┋2019-08-31T14:21:57-0700 synowsdiscoveryd stop/waiting
⇳
./logs/synology-DS6/upstart/synowstransfer-adapter.log┋20190831T212516.000000000┋2019-08-31T14:25:16-0700 synowstransferd start/running, process 7258
⇳
./logs/synology-DS6/upstart/synowstransfer-adapter.log┋20190831T212516.000000000┋2019-08-31T14:25:16-0700 synowsdiscoveryd start/running, process 7429
⇳
./logs/synology-DS6/upstart/synowstransfer-adapter.log┋20190909T022508.000000000┋2019-09-08T19:25:08-0700 synowstransferd start/running, process 7730
⇳
./logs/synology-DS6/upstart/synowstransfer-adapter.log┋20190909T022508.000000000┋2019-09-08T19:25:08-0700 synowsdiscoveryd start/running, process 7912
⇳
./logs/synology-DS6/upstart/synowstransfer-adapter.log┋20191020T015922.000000000┋2019-10-19T18:59:22-0700 synowstransferd stop/waiting
⇳
./logs/synology-DS6/upstart/synowstransfer-adapter.log┋20191020T015923.000000000┋2019-10-19T18:59:23-0700 synowsdiscoveryd stop/waiting
⇳
./logs/synology-DS6/upstart/synowstransfer-adapter.log┋20191020T020320.000000000┋2019-10-19T19:03:20-0700 synowstransferd start/running, process 7275
⇳
./logs/synology-DS6/upstart/synowstransfer-adapter.log┋20191020T020320.000000000┋2019-10-19T19:03:20-0700 synowsdiscoveryd start/running, process 7446
⇳
./logs/synology-DS6/upstart/synowstransfer-adapter.log┋20191115T050152.000000000┋2019-11-14T21:01:52-0800 synowstransferd stop/waiting
⇳
./logs/synology-DS6/upstart/synowstransfer-adapter.log┋20191115T050153.000000000┋2019-11-14T21:01:53-0800 synowsdiscoveryd stop/waiting
⇳
./logs/synology-DS6/upstart/synowstransfer-adapter.log┋20191115T050553.000000000┋2019-11-14T21:05:53-0800 synowstransferd start/running, process 7238
⇳
