./logs/synology-DS6/upstart/syno-checkshare-usbvol.log┋20161206T043149.000000000┋2016-12-05T20:31:49-0800 Dec 05 20:31:49 =============== start checkshare for usbstation ================
⇳
./logs/synology-DS6/upstart/syno-checkshare-usbvol.log┋20161206T043149.000000000┋2016-12-05T20:31:49-0800 Dec 05 20:31:49 =============== finish checkshare for usbstation ===============
⇳
./logs/synology-DS6/upstart/syno-checkshare-usbvol.log┋20161206T051157.000000000┋2016-12-05T21:11:57-0800 Dec 05 21:11:57 =============== start checkshare for usbstation ================
⇳
./logs/synology-DS6/upstart/syno-checkshare-usbvol.log┋20161206T051157.000000000┋2016-12-05T21:11:57-0800 Dec 05 21:11:57 =============== finish checkshare for usbstation ===============
⇳
./logs/synology-DS6/upstart/syno-checkshare-usbvol.log┋20161206T053953.000000000┋2016-12-05T21:39:53-0800 Dec 05 21:39:53 =============== start checkshare for usbstation ================
⇳
./logs/synology-DS6/upstart/syno-checkshare-usbvol.log┋20161206T053953.000000000┋2016-12-05T21:39:53-0800 Dec 05 21:39:53 =============== finish checkshare for usbstation ===============
⇳
./logs/synology-DS6/upstart/syno-checkshare-usbvol.log┋20170103T094106.000000000┋2017-01-03T01:41:06-0800 Jan 03 01:41:06 =============== start checkshare for usbstation ================
⇳
./logs/synology-DS6/upstart/syno-checkshare-usbvol.log┋20170103T094106.000000000┋2017-01-03T01:41:06-0800 Jan 03 01:41:06 =============== finish checkshare for usbstation ===============
⇳
./logs/synology-DS6/upstart/syno-checkshare-usbvol.log┋20170104T075651.000000000┋2017-01-03T23:56:51-0800 Jan 03 23:56:51 =============== start checkshare for usbstation ================
⇳
./logs/synology-DS6/upstart/syno-checkshare-usbvol.log┋20170104T075651.000000000┋2017-01-03T23:56:51-0800 Jan 03 23:56:51 =============== finish checkshare for usbstation ===============
⇳
./logs/synology-DS6/upstart/syno-checkshare-usbvol.log┋20170108T213605.000000000┋2017-01-08T13:36:05-0800 Jan 08 13:36:05 =============== start checkshare for usbstation ================
⇳
./logs/synology-DS6/upstart/syno-checkshare-usbvol.log┋20170108T213605.000000000┋2017-01-08T13:36:05-0800 Jan 08 13:36:05 =============== finish checkshare for usbstation ===============
⇳
./logs/synology-DS6/upstart/syno-checkshare-usbvol.log┋20170125T072625.000000000┋2017-01-24T23:26:25-0800 Jan 24 23:26:25 =============== start checkshare for usbstation ================
⇳
./logs/synology-DS6/upstart/syno-checkshare-usbvol.log┋20170125T072625.000000000┋2017-01-24T23:26:25-0800 Jan 24 23:26:25 =============== finish checkshare for usbstation ===============
⇳
./logs/synology-DS6/upstart/syno-checkshare-usbvol.log┋20170131T082211.000000000┋2017-01-31T00:22:11-0800 Jan 31 00:22:11 =============== start checkshare for usbstation ================
⇳
./logs/synology-DS6/upstart/syno-checkshare-usbvol.log┋20170131T082211.000000000┋2017-01-31T00:22:11-0800 Jan 31 00:22:11 =============== finish checkshare for usbstation ===============
⇳
./logs/synology-DS6/upstart/syno-checkshare-usbvol.log┋20170205T070722.000000000┋2017-02-04T23:07:22-0800 Feb 04 23:07:22 =============== start checkshare for usbstation ================
⇳
./logs/synology-DS6/upstart/syno-checkshare-usbvol.log┋20170205T070722.000000000┋2017-02-04T23:07:22-0800 Feb 04 23:07:22 =============== finish checkshare for usbstation ===============
⇳
./logs/synology-DS6/upstart/syno-checkshare-usbvol.log┋20170223T225226.000000000┋2017-02-23T14:52:26-0800 Feb 23 14:52:26 =============== start checkshare for usbstation ================
⇳
