
Files:

File: ./logs/synology-DS6/upstart/syslog-acc.log
  About:
      FileType      : TEXT UTF8/ASCII (text log)
      LogMessageType: text log lines
      Thread stack  : 102400 (bytes)
  Printed:
      bytes         : 2525
      flushes       : 5
      Lines         : 19
      Syslines      : 5
      Datetime first: 2019-06-23 21:10:22 -07:00 (2019-06-24 04:10:22.000000 +00:00)
      Datetime last : 2019-10-19 19:02:43 -07:00 (2019-10-20 02:02:43.000000 +00:00)
  Processed:
      file size     : 1138 (0x472) (bytes)
      bytes         : 1138 (0x472)
      bytes total   : 1138 (0x472)
      Block size    : 256 (0x100)
      Blocks        : 5
      Blocks total  : 5 (1280 bytes)
      Lines         : 19
      Line longest  : 77 (bytes)
      Line parts    : 24
      Syslines      : 5
      Sysline longest: 239 (bytes)
      Syslines high : 5
      Datetime first: 2019-06-23 21:10:22 -07:00 (2019-06-24 04:10:22.000000 +00:00)
      Datetime last : 2019-10-19 19:02:43 -07:00 (2019-10-20 02:02:43.000000 +00:00)
      out of order  : 0
  Parsers:
  Processing stores:
      storage: LineReader::find_line() lines                       : hit   0, miss  39,  0.0%
      caching: LineReader::find_line() LRU cache                   : hit   9, miss  20, 31.0%, put  19
      copying: SyslineReader::get_boxptrs()                        : sgl 655, dbl    2, mult   0
      storage: SyslineReader::find_sysline() syslines              : hit   0, miss   6,  0.0%
      caching: SyslineReader::find_sysline() syslines_by_range_map : hit   0, miss   2,  0.0%, put   1
      caching: SyslineReader::find_sysline() LRU cache             : hit   0, miss   6,  0.0%, put   5
      caching: SyslineReader::parse_datetime_in_line() LRU cache   : hit   5, miss  22, 18.5%, put   0
      optimize:SyslineReader::ezcheck12                            : hit   0, miss   0,  0.0%, largest skipped 0
      optimize:SyslineReader::ezcheckd2                            : hit   0, miss  64,  0.0%, largest skipped 0
      optimize:SyslineReader::ezcheck12d2                          : hit   0, miss 593,  0.0%, largest skipped 0
      process: regex captures                                      : hit   5, miss 652
  Processing Drops:

Program summary:

Paths considered       : 1
Paths not processed    : 0
Files processed        : 1
Files printed          : 1
Printed bytes          : 2545
Printed flushes        : 10
Printed Lines          : 19
Printed Syslines       : 5
Printed ASL events     : 0
Printed ETL events     : 0
Printed EVTX events    : 0
Printed FixedStruct    : 0
Printed Journal events : 0
Printed ODL events     : 0
Line Maximum                   : 393209
Line longest                   : 77
Sysline longest                : 239
EVTX event largest processed   : 0
EVTX event largest accepted    : 0
Journal event largest processed: 0
Journal event largest accepted : 0
Managed files max deflt: 980
Managed files max adjus: 200
Managed handles high   : 1
Managed request open   : 1
Managed request read   : 0
Managed write calls    : 0
Managed seek calls     : 5
Managed metadata calls : 1
Managed open errors    : 0
Managed evict fails    : 0
Regex patterns known   : 188
Regex patterns compiled: 188
Datetime filter -a     : 1999-03-03 00:00:00 +00:00 (1999-03-03 00:00:00.000000 +00:00)
Datetime printed first : 2019-06-23 21:10:22 -07:00 (2019-06-24 04:10:22.000000 +00:00)
Datetime printed last  : 2019-10-19 19:02:43 -07:00 (2019-10-20 02:02:43.000000 +00:00)
Datetime filter -b     : 2026-01-02 00:00:00 +00:00 (2026-01-02 00:00:00.000000 +00:00)
Channel receive ok     : 7
Channel receive err    : 0
Threads spawned        : 1
Thread spawn errors    : 0
Temporary files created: 0
Platform               : x86_64-unknown-linux-gnu
Allocator              : system
