./logs/synology-DS6/upstart/system-profile-tuning.log┋20180801T211655.000000000┋2018-08-01T14:16:55-0700 Wed Aug  1 21:16:54 UTC 2018: Try to tuning system profile
⇳
./logs/synology-DS6/upstart/system-profile-tuning.log┋20180801T211655.000000000┋2018-08-01T14:16:55-0700 Apply Current Profile Success.
⇳
./logs/synology-DS6/upstart/system-profile-tuning.log┋20180801T211655.000000000┋2018-08-01T14:16:55-0700 
⇳
./logs/synology-DS6/upstart/system-profile-tuning.log┋20180904T212341.000000000┋2018-09-04T14:23:41-0700 Tue Sep  4 21:23:40 UTC 2018: Try to tuning system profile
⇳
./logs/synology-DS6/upstart/system-profile-tuning.log┋20180904T212341.000000000┋2018-09-04T14:23:41-0700 Apply Current Profile Success.
⇳
./logs/synology-DS6/upstart/system-profile-tuning.log┋20180904T212341.000000000┋2018-09-04T14:23:41-0700 
⇳
./logs/synology-DS6/upstart/system-profile-tuning.log┋20181015T210907.000000000┋2018-10-15T14:09:07-0700 Mon Oct 15 21:09:07 UTC 2018: Try to tuning system profile
⇳
./logs/synology-DS6/upstart/system-profile-tuning.log┋20181015T210908.000000000┋2018-10-15T14:09:08-0700 Apply Current Profile Success.
⇳
./logs/synology-DS6/upstart/system-profile-tuning.log┋20181015T210908.000000000┋2018-10-15T14:09:08-0700 
⇳
./logs/synology-DS6/upstart/system-profile-tuning.log┋20181025T192609.000000000┋2018-10-25T12:26:09-0700 Thu Oct 25 19:26:09 UTC 2018: Try to tuning system profile
⇳
./logs/synology-DS6/upstart/system-profile-tuning.log┋20181025T192610.000000000┋2018-10-25T12:26:10-0700 Apply Current Profile Success.
⇳
./logs/synology-DS6/upstart/system-profile-tuning.log┋20181025T192610.000000000┋2018-10-25T12:26:10-0700 
⇳
./logs/synology-DS6/upstart/system-profile-tuning.log┋20181217T230907.000000000┋2018-12-17T15:09:07-0800 Mon Dec 17 23:09:07 UTC 2018: Try to tuning system profile
⇳
./logs/synology-DS6/upstart/system-profile-tuning.log┋20181217T230907.000000000┋2018-12-17T15:09:07-0800 Apply Current Profile Success.
⇳
./logs/synology-DS6/upstart/system-profile-tuning.log┋20181217T230907.000000000┋2018-12-17T15:09:07-0800 
⇳
./logs/synology-DS6/upstart/system-profile-tuning.log┋20190103T080909.000000000┋2019-01-03T00:09:09-0800 Thu Jan  3 08:09:09 UTC 2019: Try to tuning system profile
⇳
./logs/synology-DS6/upstart/system-profile-tuning.log┋20190103T080909.000000000┋2019-01-03T00:09:09-0800 Apply Current Profile Success.
⇳
./logs/synology-DS6/upstart/system-profile-tuning.log┋20190103T080909.000000000┋2019-01-03T00:09:09-0800 
⇳
./logs/synology-DS6/upstart/system-profile-tuning.log┋20190212T004440.000000000┋2019-02-11T16:44:40-0800 Tue Feb 12 00:44:40 UTC 2019: Try to tuning system profile
⇳
