
Files:

File: ./logs/synology-DS6/upstart/telnetd.log
  About:
      filetype       : TEXT UTF8/ASCII
      logmessagetype : syslog lines
  Printed:
      bytes         : 2213
      lines         : 19
      syslines      : 15
  Processed:
      file size     : 883 (0x373) (bytes)
      bytes         : 883 (0x373)
      bytes total   : 883 (0x373)
      block size    : 256 (0x100)
      blocks        : 4
      blocks total  : 4 (1024 bytes)
      lines         : 19
      syslines      : 15
      syslines high : 15
  Parsers:
  Processing Stores:
      storage: LineReader::find_line() lines                       : hit  0, miss 37,  0.0%
      caching: LineReader::find_line() LRU cache                   : hit 15, miss 20, 42.9%, put 19
      copying: SyslineReader::get_boxptrs()                        : sgl 90, dbl   3, mult  0
      storage: SyslineReader::find_sysline() syslines              : hit  0, miss 15,  0.0%
      caching: SyslineReader::find_sysline() syslines_by_range_map : hit  0, miss 15,  0.0%, put 15
      caching: SyslineReader::find_sysline() LRU cache             : hit  1, miss 15,  6.2%, put 15
      caching: SyslineReader::parse_datetime_in_line() LRU cache   : hit 14, miss 19, 42.4%, put  0
      optimize:SyslineReader::ezcheck12                            : hit  0, miss  0,  0.0%, largest skipped 0
      optimize:SyslineReader::ezcheckd2                            : hit  0, miss  4,  0.0%, largest skipped 0
      optimize:SyslineReader::ezcheck12d2                          : hit  4, miss 85,  4.5%, largest skipped 17
      process: regex captures attempted                            : 89
  Processing Drops:


Program Summary:

Paths considered      : 1
Paths not processed   : 0
Files processed       : 1
Files printed         : 1
Printed bytes         : 2273
Printed lines         : 19
Printed syslines      : 15
Printed evtx events   : 0
Printed fixedstruct   : 0
Printed journal events: 0
Regex patterns        : 154
Regex compiled        : 75
Datetime filter -a    : 1999-03-03T00:00:00+00:00 (1999-03-03 00:00:00 +00:00)
Datetime filter -b    : 2023-04-10T22:10:32+00:00 (2023-04-10 22:10:32 +00:00)
Channel Receive ok    : 17
Channel Receive err   : 0
