./logs/synology-DS6/upstart/telnetd.log┋20190629T025854.000000000┋2019-06-28T19:58:54-0700 Fri Jun 28 19:58:54 PDT 2019
⇳
./logs/synology-DS6/upstart/telnetd.log┋20190629T025854.000000000┋2019-06-28T19:58:54-0700 Starting telnetd
⇳
./logs/synology-DS6/upstart/telnetd.log┋20190629T025854.000000000┋2019-06-28T19:58:54-0700 reload: Unknown instance: 
⇳
./logs/synology-DS6/upstart/telnetd.log┋20190819T042445.000000000┋2019-08-18T21:24:45-0700 Sun Aug 18 21:24:45 PDT 2019
./logs/synology-DS6/upstart/telnetd.log┋20190819T042445.000000000┋Stopped telnetd
⇳
./logs/synology-DS6/upstart/telnetd.log┋20190819T042446.000000000┋2019-08-18T21:24:46-0700 telnetd: no process found
⇳
./logs/synology-DS6/upstart/telnetd.log┋20190819T042447.000000000┋2019-08-18T21:24:47-0700 reload: Job is not running: inetd
⇳
./logs/synology-DS6/upstart/telnetd.log┋20190819T042758.000000000┋2019-08-18T21:27:58-0700 Sun Aug 18 21:27:58 PDT 2019
./logs/synology-DS6/upstart/telnetd.log┋20190819T042758.000000000┋Starting telnetd
⇳
./logs/synology-DS6/upstart/telnetd.log┋20190819T042758.000000000┋2019-08-18T21:27:58-0700 reload: Job is not running: inetd
⇳
./logs/synology-DS6/upstart/telnetd.log┋20190831T212153.000000000┋2019-08-31T14:21:53-0700 Sat Aug 31 14:21:53 PDT 2019
./logs/synology-DS6/upstart/telnetd.log┋20190831T212153.000000000┋Stopped telnetd
⇳
./logs/synology-DS6/upstart/telnetd.log┋20190831T212154.000000000┋2019-08-31T14:21:54-0700 telnetd: no process found
⇳
./logs/synology-DS6/upstart/telnetd.log┋20190831T212154.000000000┋2019-08-31T14:21:54-0700 reload: Job is not running: inetd
⇳
./logs/synology-DS6/upstart/telnetd.log┋20190831T212504.000000000┋2019-08-31T14:25:04-0700 Sat Aug 31 14:25:04 PDT 2019
./logs/synology-DS6/upstart/telnetd.log┋20190831T212504.000000000┋Starting telnetd
⇳
./logs/synology-DS6/upstart/telnetd.log┋20190831T212504.000000000┋2019-08-31T14:25:04-0700 reload: Job is not running: inetd
⇳
./logs/synology-DS6/upstart/telnetd.log┋20190909T022451.000000000┋2019-09-08T19:24:51-0700 Sun Sep  8 19:24:51 PDT 2019
⇳
./logs/synology-DS6/upstart/telnetd.log┋20190909T022451.000000000┋2019-09-08T19:24:51-0700 Starting telnetd
⇳
