./logs/synology-DS6/upstart/umount-root-fs.log┋20161206T050112.000000000┋Mon Dec 5 21:01:12 PST 2016 try umount root [1] times
⇳
./logs/synology-DS6/upstart/umount-root-fs.log┋20161206T053706.000000000┋Mon Dec 5 21:37:06 PST 2016 try umount root [1] times
⇳
./logs/synology-DS6/upstart/umount-root-fs.log┋20170103T093837.000000000┋Tue Jan 3 01:38:37 PST 2017 try umount root [1] times
⇳
./logs/synology-DS6/upstart/umount-root-fs.log┋20170125T072409.000000000┋Tue Jan 24 23:24:09 PST 2017 try umount root [1] times
⇳
./logs/synology-DS6/upstart/umount-root-fs.log┋20170223T224940.000000000┋Thu Feb 23 14:49:40 PST 2017 try umount root [1] times
⇳
./logs/synology-DS6/upstart/umount-root-fs.log┋20170307T171349.000000000┋Tue Mar 7 09:13:49 PST 2017 try umount root [1] times
⇳
./logs/synology-DS6/upstart/umount-root-fs.log┋20170309T205537.000000000┋Thu Mar 9 12:55:37 PST 2017 try umount root [1] times
⇳
./logs/synology-DS6/upstart/umount-root-fs.log┋20170508T153300.000000000┋Mon May 8 08:33:00 PDT 2017 try umount root [1] times
⇳
./logs/synology-DS6/upstart/umount-root-fs.log┋20170513T054422.000000000┋Fri May 12 22:44:22 PDT 2017 try umount root [1] times
⇳
./logs/synology-DS6/upstart/umount-root-fs.log┋20170513T054424.000000000┋Fri May 12 22:44:24 PDT 2017 try umount root [2] times
⇳
./logs/synology-DS6/upstart/umount-root-fs.log┋20170524T164131.000000000┋Wed May 24 09:41:31 PDT 2017 try umount root [1] times
⇳
./logs/synology-DS6/upstart/umount-root-fs.log┋20170619T081914.000000000┋Mon Jun 19 01:19:14 PDT 2017 try umount root [1] times
⇳
./logs/synology-DS6/upstart/umount-root-fs.log┋20170917T170151.000000000┋Sun Sep 17 10:01:51 PDT 2017 try umount root [1] times
⇳
./logs/synology-DS6/upstart/umount-root-fs.log┋20170917T171005.000000000┋Sun Sep 17 10:10:05 PDT 2017 try umount root [1] times
⇳
./logs/synology-DS6/upstart/umount-root-fs.log┋20171003T051936.000000000┋Mon Oct 2 22:19:36 PDT 2017 try umount root [1] times
⇳
./logs/synology-DS6/upstart/umount-root-fs.log┋20171010T045123.000000000┋Mon Oct 9 21:51:23 PDT 2017 try umount root [1] times
⇳
./logs/synology-DS6/upstart/umount-root-fs.log┋20171019T171920.000000000┋Thu Oct 19 10:19:20 PDT 2017 try umount root [1] times
⇳
./logs/synology-DS6/upstart/umount-root-fs.log┋20180228T225807.000000000┋Wed Feb 28 14:58:07 PST 2018 try umount root [1] times
⇳
./logs/synology-DS6/upstart/umount-root-fs.log┋20180801T211413.000000000┋Wed Aug 1 14:14:13 PDT 2018 try umount root [1] times
⇳
