./logs/synology-DS6/upstart/update-apppriv-remote.log┋20161206T043121.000000000┋2016-12-05T20:31:21-0800 start update-apppriv-remote
⇳
./logs/synology-DS6/upstart/update-apppriv-remote.log┋20161206T043121.000000000┋2016-12-05T20:31:21-0800 Mon Dec  5 20:31:21 PST 2016
⇳
./logs/synology-DS6/upstart/update-apppriv-remote.log┋20161206T043121.000000000┋2016-12-05T20:31:21-0800 delete update-apppriv jobs
⇳
./logs/synology-DS6/upstart/update-apppriv-remote.log┋20170223T225159.000000000┋2017-02-23T14:51:59-0800 start update-apppriv-remote
⇳
./logs/synology-DS6/upstart/update-apppriv-remote.log┋20170223T225159.000000000┋2017-02-23T14:51:59-0800 Thu Feb 23 14:51:59 PST 2017
⇳
./logs/synology-DS6/upstart/update-apppriv-remote.log┋20170223T225159.000000000┋2017-02-23T14:51:59-0800 delete update-apppriv jobs
⇳
./logs/synology-DS6/upstart/update-apppriv-remote.log┋20170508T153520.000000000┋2017-05-08T08:35:20-0700 start update-apppriv-remote
⇳
./logs/synology-DS6/upstart/update-apppriv-remote.log┋20170508T153520.000000000┋2017-05-08T08:35:20-0700 Mon May  8 08:35:20 PDT 2017
⇳
./logs/synology-DS6/upstart/update-apppriv-remote.log┋20170508T153520.000000000┋2017-05-08T08:35:20-0700 delete update-apppriv jobs
⇳
./logs/synology-DS6/upstart/update-apppriv-remote.log┋20170619T082138.000000000┋2017-06-19T01:21:38-0700 start update-apppriv-remote
⇳
./logs/synology-DS6/upstart/update-apppriv-remote.log┋20170619T082138.000000000┋2017-06-19T01:21:38-0700 Mon Jun 19 01:21:38 PDT 2017
./logs/synology-DS6/upstart/update-apppriv-remote.log┋20170619T082138.000000000┋delete update-apppriv jobs
⇳
./logs/synology-DS6/upstart/update-apppriv-remote.log┋20170917T170413.000000000┋2017-09-17T10:04:13-0700 start update-apppriv-remote
⇳
./logs/synology-DS6/upstart/update-apppriv-remote.log┋20170917T170413.000000000┋2017-09-17T10:04:13-0700 Sun Sep 17 10:04:13 PDT 2017
⇳
./logs/synology-DS6/upstart/update-apppriv-remote.log┋20170917T170413.000000000┋2017-09-17T10:04:13-0700 delete update-apppriv jobs
⇳
./logs/synology-DS6/upstart/update-apppriv-remote.log┋20180228T230032.000000000┋2018-02-28T15:00:32-0800 start update-apppriv-remote
⇳
./logs/synology-DS6/upstart/update-apppriv-remote.log┋20180228T230032.000000000┋2018-02-28T15:00:32-0800 Wed Feb 28 15:00:32 PST 2018
⇳
./logs/synology-DS6/upstart/update-apppriv-remote.log┋20180228T230032.000000000┋2018-02-28T15:00:32-0800 delete update-apppriv jobs
⇳
./logs/synology-DS6/upstart/update-apppriv-remote.log┋20180801T211641.000000000┋2018-08-01T14:16:41-0700 start update-apppriv-remote
⇳
