./logs/cygwin/setup.log┋20200316T024644.000000000┋2020/03/16 10:46:44 Starting cygwin install, version 2.903
⇳
./logs/cygwin/setup.log┋20200316T024644.000000000┋2020/03/16 10:46:44 User has backup/restore rights
⇳
./logs/cygwin/setup.log┋20200316T024644.000000000┋2020/03/16 10:46:44 io_stream_cygfile: fopen(/etc/setup/setup.rc) failed 2 No such file or directory
⇳
./logs/cygwin/setup.log┋20200316T024644.000000000┋2020/03/16 10:46:44 Current Directory: C:\Users\user1\AppData\Local\Temp\scoped_dir27748_1637863670
⇳
./logs/cygwin/setup.log┋20200316T024644.000000000┋2020/03/16 10:46:44 Could not open service McShield for query, start and stop. McAfee may not be installed, or we don't have access.
⇳
./logs/cygwin/setup.log┋20200316T024647.000000000┋2020/03/16 10:46:47 source: network install
⇳
./logs/cygwin/setup.log┋20200316T024651.000000000┋2020/03/16 10:46:51 source: network install
⇳
./logs/cygwin/setup.log┋20200316T024655.000000000┋2020/03/16 10:46:55 root: C:\cygwin system
⇳
./logs/cygwin/setup.log┋20200316T024659.000000000┋2020/03/16 10:46:59 Selected local directory: C:\Users\user1\AppData\Local\Temp\scoped_dir27748_1637863670
⇳
./logs/cygwin/setup.log┋20200316T024702.000000000┋2020/03/16 10:47:02 net: Preconfig
⇳
./logs/cygwin/setup.log┋20200316T024714.000000000┋2020/03/16 10:47:14 site: http://mirrors.sonic.net/cygwin/
⇳
./logs/cygwin/setup.log┋20200316T024714.000000000┋2020/03/16 10:47:14 HTTP status 404 fetching http://mirrors.sonic.net/cygwin/x86_64/setup.zst.sig
⇳
./logs/cygwin/setup.log┋20200316T024714.000000000┋2020/03/16 10:47:14 HTTP status 404 fetching http://mirrors.sonic.net/cygwin/x86_64/setup.zst
⇳
./logs/cygwin/setup.log┋20200316T024716.000000000┋2020/03/16 10:47:16 gcrypt: rsa_verify data: [160 bit]
⇳
./logs/cygwin/setup.log┋20200316T024716.000000000┋2020/03/16 10:47:16 gcrypt:                  2d51cca151702bd20e4c303ac60af2e7ba487373
⇳
./logs/cygwin/setup.log┋20200316T024716.000000000┋2020/03/16 10:47:16 gcrypt: dsa_verify data: [160 bit]
⇳
./logs/cygwin/setup.log┋20200316T024716.000000000┋2020/03/16 10:47:16 gcrypt:                  2d51cca151702bd20e4c303ac60af2e7ba487373
⇳
./logs/cygwin/setup.log┋20200316T024718.000000000┋2020/03/16 10:47:18 io_stream_cygfile: fopen(/etc/setup/timestamp) failed 2 No such file or directory
⇳
./logs/cygwin/setup.log┋20200316T024718.000000000┋2020/03/16 10:47:18 io_stream_cygfile: fopen(/etc/setup/installed.db) failed 2 No such file or directory
⇳
./logs/cygwin/setup.log┋20200316T024718.000000000┋2020/03/16 10:47:18 solving: 37 tasks, update: yes, use test packages: no
⇳
./logs/cygwin/setup.log┋20200316T025450.000000000┋2020/03/16 10:54:50 solving: 98 tasks, update: no, use test packages: no
⇳
./logs/cygwin/setup.log┋20200316T025450.000000000┋2020/03/16 10:54:50    0 install base-cygwin               3.8-1
⇳
./logs/cygwin/setup.log┋20200316T025450.000000000┋2020/03/16 10:54:50    1 install cygwin                    3.1.4-1
⇳
./logs/cygwin/setup.log┋20200316T025450.000000000┋2020/03/16 10:54:50    2 install libpipeline1              1.5.1-1
⇳
./logs/cygwin/setup.log┋20200316T025450.000000000┋2020/03/16 10:54:50    3 install libpopt-common            1.16-2
⇳
./logs/cygwin/setup.log┋20200316T025450.000000000┋2020/03/16 10:54:50    4 install terminfo                  6.1-1.20190727
⇳
./logs/cygwin/setup.log┋20200316T025450.000000000┋2020/03/16 10:54:50    5 install tzdata                    2019c-1
⇳
./logs/cygwin/setup.log┋20200316T025450.000000000┋2020/03/16 10:54:50    6 install python-pip-wheel          19.2.3-1
⇳
./logs/cygwin/setup.log┋20200316T025450.000000000┋2020/03/16 10:54:50    7 install python-setuptools-wheel   41.2.0-1
⇳
./logs/cygwin/setup.log┋20200316T025450.000000000┋2020/03/16 10:54:50    8 install libtirpc-common           1.1.4-1
⇳
./logs/cygwin/setup.log┋20200316T025450.000000000┋2020/03/16 10:54:50    9 install publicsuffix-list-dafsa   20190717-1
⇳
./logs/cygwin/setup.log┋20200316T025450.000000000┋2020/03/16 10:54:50   10 install gsettings-desktop-schemas 3.24.1-1
⇳
./logs/cygwin/setup.log┋20200316T025450.000000000┋2020/03/16 10:54:50   11 install perl_autorebase           5.30.2-1
⇳
./logs/cygwin/setup.log┋20200316T025450.000000000┋2020/03/16 10:54:50   12 install libssh-common             0.8.7-1
./logs/cygwin/setup.log┋20200316T025450.000000000┋
⇳
./logs/cygwin/setup.log┋20220322T155924.000000000┋2022/03/22 23:59:24 Changing gid back to original
⇳
./logs/cygwin/setup.log┋20220322T155924.000000000┋2022/03/22 23:59:24 running: C:\cygwin\bin\dash.exe "/etc/postinstall/0p_000_autorebase.dash"
⇳
./logs/cygwin/setup.log┋20220322T155949.000000000┋2022/03/22 23:59:49 running: C:\cygwin\bin\dash.exe "/etc/postinstall/0p_update-info-dir.dash"
⇳
./logs/cygwin/setup.log┋20220322T155953.000000000┋2022/03/22 23:59:53 running: C:\cygwin\bin\bash.exe --norc --noprofile "/etc/postinstall/ca-certificates.sh"
⇳
./logs/cygwin/setup.log┋20220322T155956.000000000┋2022/03/22 23:59:56 running: C:\cygwin\bin\bash.exe --norc --noprofile "/etc/postinstall/openssl.sh"
⇳
./logs/cygwin/setup.log┋20220322T155957.000000000┋2022/03/22 23:59:57 running: C:\cygwin\bin\bash.exe --norc --noprofile "/etc/postinstall/libxml2.sh"
⇳
./logs/cygwin/setup.log┋20220322T155957.000000000┋2022/03/22 23:59:57 running: C:\cygwin\bin\bash.exe --norc --noprofile "/etc/postinstall/openssh.sh"
⇳
./logs/cygwin/setup.log┋20220322T155957.000000000┋2022/03/22 23:59:57 running: C:\cygwin\bin\bash.exe --norc --noprofile "/etc/postinstall/libtirpc.sh"
⇳
./logs/cygwin/setup.log┋20220322T155957.000000000┋2022/03/22 23:59:57 running: C:\cygwin\bin\dash.exe "/etc/postinstall/openssl10.dash"
⇳
./logs/cygwin/setup.log┋20220322T155958.000000000┋2022/03/22 23:59:58 running: C:\cygwin\bin\bash.exe --norc --noprofile "/etc/postinstall/lynx.sh"
⇳
./logs/cygwin/setup.log┋20220322T155958.000000000┋2022/03/22 23:59:58 running: C:\cygwin\bin\bash.exe --norc --noprofile "/etc/postinstall/man-db.sh"
⇳
./logs/cygwin/setup.log┋20220322T155958.000000000┋2022/03/22 23:59:58 running: C:\cygwin\bin\bash.exe --norc --noprofile "/etc/postinstall/mintty.sh"
⇳
./logs/cygwin/setup.log┋20220322T155958.000000000┋2022/03/22 23:59:58 running: C:\cygwin\bin\bash.exe --norc --noprofile "/etc/postinstall/python36-pip.sh"
⇳
./logs/cygwin/setup.log┋20220322T155958.000000000┋2022/03/22 23:59:58 running: C:\cygwin\bin\bash.exe --norc --noprofile "/etc/postinstall/python36.sh"
⇳
./logs/cygwin/setup.log┋20220322T155959.000000000┋2022/03/22 23:59:59 running: C:\cygwin\bin\bash.exe --norc --noprofile "/etc/postinstall/python36-devel.sh"
⇳
./logs/cygwin/setup.log┋20220322T155959.000000000┋2022/03/22 23:59:59 running: C:\cygwin\bin\bash.exe --norc --noprofile "/etc/postinstall/python37-pip.sh"
⇳
./logs/cygwin/setup.log┋20220322T155959.000000000┋2022/03/22 23:59:59 running: C:\cygwin\bin\bash.exe --norc --noprofile "/etc/postinstall/python37.sh"
⇳
./logs/cygwin/setup.log┋20220322T155959.000000000┋2022/03/22 23:59:59 running: C:\cygwin\bin\bash.exe --norc --noprofile "/etc/postinstall/python37-devel.sh"
⇳
./logs/cygwin/setup.log┋20220322T160000.000000000┋2022/03/23 00:00:00 running: C:\cygwin\bin\bash.exe --norc --noprofile "/etc/postinstall/python38-pip.sh"
⇳
./logs/cygwin/setup.log┋20220322T160000.000000000┋2022/03/23 00:00:00 running: C:\cygwin\bin\bash.exe --norc --noprofile "/etc/postinstall/python38.sh"
⇳
./logs/cygwin/setup.log┋20220322T160001.000000000┋2022/03/23 00:00:01 running: C:\cygwin\bin\bash.exe --norc --noprofile "/etc/postinstall/python38-devel.sh"
⇳
./logs/cygwin/setup.log┋20220322T160001.000000000┋2022/03/23 00:00:01 running: C:\cygwin\bin\bash.exe --norc --noprofile "/etc/postinstall/vim.sh"
⇳
./logs/cygwin/setup.log┋20220322T160001.000000000┋2022/03/23 00:00:01 running: C:\cygwin\bin\bash.exe --norc --noprofile "/etc/postinstall/wget.sh"
⇳
./logs/cygwin/setup.log┋20220322T160002.000000000┋2022/03/23 00:00:02 running: C:\cygwin\bin\bash.exe --norc --noprofile "/etc/postinstall/zp_desktop-file-utils.sh"
⇳
./logs/cygwin/setup.log┋20220322T160002.000000000┋2022/03/23 00:00:02 running: C:\cygwin\bin\bash.exe --norc --noprofile "/etc/postinstall/zp_glib2.0.sh"
⇳
./logs/cygwin/setup.log┋20220322T160003.000000000┋2022/03/23 00:00:03 running: C:\cygwin\bin\dash.exe "/etc/postinstall/zp_man-db-update-index.dash"
⇳
./logs/cygwin/setup.log┋20220322T160003.000000000┋2022/03/23 00:00:03 running: C:\cygwin\bin\bash.exe --norc --noprofile "/etc/postinstall/zp_shared-mime-info.sh"
⇳
./logs/cygwin/setup.log┋20220322T160003.000000000┋2022/03/23 00:00:03 Changing gid to Administrators
⇳
./logs/cygwin/setup.log┋20220322T160027.000000000┋2022/03/23 00:00:27 note: Installation Complete
⇳
./logs/cygwin/setup.log┋20220322T160027.000000000┋2022/03/23 00:00:27 Ending cygwin install
⇳
./logs/cygwin/setup.log┋20220323T060020.000000000┋2022/03/23 14:00:20 Starting cygwin install, version 2.918
⇳
./logs/cygwin/setup.log┋20220323T060020.000000000┋2022/03/23 14:00:20 User has backup/restore rights
⇳
./logs/cygwin/setup.log┋20220323T060020.000000000┋2022/03/23 14:00:20 User has symlink creation right
⇳
./logs/cygwin/setup.log┋20220323T060020.000000000┋2022/03/23 14:00:20 Current Directory: C:\Users\user1\AppData\L\ocal\Temp\scoped_dir27748_1637863670
⇳
./logs/cygwin/setup.log┋20220323T060022.000000000┋2022/03/23 14:00:22 source: network install
⇳
./logs/cygwin/setup.log┋20220323T060022.000000000┋2022/03/23 14:00:22 root: C:\cygwin system
⇳
./logs/cygwin/setup.log┋20220323T060023.000000000┋2022/03/23 14:00:23 Selected local directory: C:\Users\user1\AppData\Local\Temp\scoped_dir27748_1637863670
⇳
./logs/cygwin/setup.log┋20220323T060024.000000000┋2022/03/23 14:00:24 net: Preconfig
⇳
./logs/cygwin/setup.log┋20220323T060049.000000000┋2022/03/23 14:00:49 site: https://mirrors.sonic.net/cygwin/
⇳
./logs/cygwin/setup.log┋20220323T060054.000000000┋2022/03/23 14:00:54 solving: 0 tasks, update: yes, use test packages: no
⇳
./logs/cygwin/setup.log┋20220323T063849.000000000┋2022/03/23 14:38:49 mbox : Are you sure you want to exit setup? Any current download or installation will be aborted.
⇳
./logs/cygwin/setup.log┋20220323T063851.000000000┋2022/03/23 14:38:51 Ending cygwin install
⇳
