
Files:

File: ./logs/cygwin/setup.log.full
  About:
      FileType      : TEXT UTF8/ASCII (text log)
      LogMessageType: text log lines
      Thread stack  : 100352 (bytes)
  Printed:
      bytes         : 8618
      flushes       : 14
      Lines         : 77
      Syslines      : 12
      Datetime first: 2022-03-23 14:00:20 +08:00 (2022-03-23 06:00:20.000000 +00:00)
      Datetime last : 2022-03-23 14:38:51 +08:00 (2022-03-23 06:38:51.000000 +00:00)
  Processed:
      file size     : 4075 (0xFEB) (bytes)
      bytes         : 4075 (0xFEB)
      bytes total   : 4075 (0xFEB)
      Block size    : 256 (0x100)
      Blocks        : 16
      Blocks total  : 16 (4096 bytes)
      Lines         : 77
      Line longest  : 119 (bytes)
      Line parts    : 92
      Syslines      : 12
      Sysline longest: 2495 (bytes)
      Syslines high : 11
      Datetime first: 2022-03-23 14:00:20 +08:00 (2022-03-23 06:00:20.000000 +00:00)
      Datetime last : 2022-03-23 14:38:51 +08:00 (2022-03-23 06:38:51.000000 +00:00)
      out of order  : 0
  Parsers:
  Processing stores:
      storage: LineReader::find_line() lines                       : hit   0, miss 153,  0.0%
      caching: LineReader::find_line() LRU cache                   : hit  12, miss  77, 13.5%, put  77
      copying: SyslineReader::get_boxptrs()                        : sgl 143, dbl   12, mult   0
      storage: SyslineReader::find_sysline() syslines              : hit   0, miss  12,  0.0%
      caching: SyslineReader::find_sysline() syslines_by_range_map : hit   0, miss   1,  0.0%, put   1
      caching: SyslineReader::find_sysline() LRU cache             : hit   1, miss  12,  7.7%, put  12
      caching: SyslineReader::parse_datetime_in_line() LRU cache   : hit  11, miss  77, 12.5%, put   0
      optimize:SyslineReader::ezcheck12                            : hit   0, miss   0,  0.0%, largest skipped 0
      optimize:SyslineReader::ezcheckd2                            : hit   0, miss   4,  0.0%, largest skipped 0
      optimize:SyslineReader::ezcheck12d2                          : hit  32, miss 119, 21.2%, largest skipped 49
      process: regex captures                                      : hit  12, miss 111
  Processing Drops:

Program summary:

Paths considered       : 1
Paths not processed    : 0
Files processed        : 1
Files printed          : 1
Printed bytes          : 8666
Printed flushes        : 26
Printed Lines          : 77
Printed Syslines       : 12
Printed ASL events     : 0
Printed ETL events     : 0
Printed EVTX events    : 0
Printed FixedStruct    : 0
Printed Journal events : 0
Printed ODL events     : 0
Line Maximum                   : 393209
Line longest                   : 119
Sysline longest                : 2495
EVTX event largest processed   : 0
EVTX event largest accepted    : 0
Journal event largest processed: 0
Journal event largest accepted : 0
Managed files max deflt: 980
Managed files max adjus: 200
Managed request open   : 1
Managed request read   : 0
Managed write calls    : 0
Managed seek calls     : 16
Managed metadata calls : 1
Managed open errors    : 0
Managed evict fails    : 0
Regex patterns known   : 188
Regex patterns compiled: 188
Datetime filter -a     : 1999-03-03 00:00:00 +00:00 (1999-03-03 00:00:00.000000 +00:00)
Datetime printed first : 2022-03-23 14:00:20 +08:00 (2022-03-23 06:00:20.000000 +00:00)
Datetime printed last  : 2022-03-23 14:38:51 +08:00 (2022-03-23 06:38:51.000000 +00:00)
Datetime filter -b     : 2026-01-02 00:00:00 +00:00 (2026-01-02 00:00:00.000000 +00:00)
Channel receive ok     : 14
Channel receive err    : 0
Threads spawned        : 1
Thread spawn errors    : 0
Temporary files created: 0
Platform               : x86_64-unknown-linux-gnu
Allocator              : system
