
Files:

File: ./logs/CentOS7/yum.log
  About:
      FileType      : TEXT UTF8/ASCII (text log)
      LogMessageType: text log lines
      Thread stack  : 100352 (bytes)
  Printed:
      bytes         : 16271
      flushes       : 142
      Lines         : 145
      Syslines      : 142
      Datetime first: 2019-10-06 01:14:54 +08:00 (2019-10-05 17:14:54.000000 +00:00)
      Datetime last : 2022-01-21 13:29:39 +08:00 (2022-01-21 05:29:39.000000 +00:00)
  Processed:
      file size     : 8586 (0x218A) (bytes)
      bytes         : 8586 (0x218A)
      bytes total   : 8586 (0x218A)
      Block size    : 256 (0x100)
      Blocks        : 34
      Blocks total  : 34 (8704 bytes)
      Lines         : 145
      Line longest  : 75 (bytes)
      Line parts    : 177
      Syslines      : 146
      Sysline longest: 75 (bytes)
      Syslines high : 142
      Datetime first: 2019-04-12 14:00:30 +08:00 (2019-04-12 06:00:30.000000 +00:00)
      Datetime last : 2022-01-21 13:29:39 +08:00 (2022-01-21 05:29:39.000000 +00:00)
      out of order  : 1
  Parsers:
                   datetime format missing year; estimated year of last sysline 2022
  Processing stores:
      storage: LineReader::find_line() lines                       : hit 141, miss 291, 32.6%
      caching: LineReader::find_line() LRU cache                   : hit  12, miss 288,  4.0%, put 288
      copying: SyslineReader::get_boxptrs()                        : sgl 173, dbl    9, mult   0
      storage: SyslineReader::find_sysline() syslines              : hit 141, miss 146, 49.1%
      caching: SyslineReader::find_sysline() syslines_by_range_map : hit   1, miss 146,  0.7%, put 146
      caching: SyslineReader::find_sysline() LRU cache             : hit   0, miss 288,  0.0%, put 288
      caching: SyslineReader::parse_datetime_in_line() LRU cache   : hit 141, miss 158, 47.2%, put   0
      optimize:SyslineReader::ezcheck12                            : hit   0, miss   0,  0.0%, largest skipped 0
      optimize:SyslineReader::ezcheckd2                            : hit   0, miss 153,  0.0%, largest skipped 0
      optimize:SyslineReader::ezcheck12d2                          : hit   0, miss  29,  0.0%, largest skipped 0
      process: regex captures                                      : hit 150, miss  32
  Processing Drops:

Program summary:

Paths considered       : 1
Paths not processed    : 0
Files processed        : 1
Files printed          : 1
Printed bytes          : 16840
Printed flushes        : 285
Printed Lines          : 145
Printed Syslines       : 142
Printed ASL events     : 0
Printed ETL events     : 0
Printed EVTX events    : 0
Printed FixedStruct    : 0
Printed Journal events : 0
Printed ODL events     : 0
Line Maximum                   : 393209
Line longest                   : 75
Sysline longest                : 75
EVTX event largest processed   : 0
EVTX event largest accepted    : 0
Journal event largest processed: 0
Journal event largest accepted : 0
Managed files max deflt: 980
Managed files max adjus: 200
Managed request open   : 1
Managed request read   : 0
Managed write calls    : 0
Managed seek calls     : 34
Managed metadata calls : 1
Managed open errors    : 0
Managed evict fails    : 0
Regex patterns known   : 188
Regex patterns compiled: 188
Datetime filter -a     : 1999-03-03 00:00:00 +00:00 (1999-03-03 00:00:00.000000 +00:00)
Datetime printed first : 2019-10-06 01:14:54 +08:00 (2019-10-05 17:14:54.000000 +00:00)
Datetime printed last  : 2022-01-21 13:29:39 +08:00 (2022-01-21 05:29:39.000000 +00:00)
Datetime filter -b     : 2026-01-02 00:00:00 +00:00 (2026-01-02 00:00:00.000000 +00:00)
Channel receive ok     : 144
Channel receive err    : 0
Threads spawned        : 1
Thread spawn errors    : 0
Temporary files created: 0
Platform               : x86_64-unknown-linux-gnu
Allocator              : system
