
Files:

File: ./logs/synology-DS6/disk.log
  About:
      filetype       : TEXT UTF8/ASCII (text log)
      logmessagetype : text log lines
  Printed:
      bytes         : 3306
      flushes       : 19
      lines         : 19
      syslines      : 19
      datetime first: 2017-05-08 08:35:08 -07:00 (2017-05-08 15:35:08.000000 +00:00)
      datetime last : 2017-05-08 08:35:08 -07:00 (2017-05-08 15:35:08.000000 +00:00)
  Processed:
      file size     : 2185 (0x889) (bytes)
      bytes         : 2185 (0x889)
      bytes total   : 2185 (0x889)
      block size    : 256 (0x100)
      blocks        : 9
      blocks total  : 9 (2304 bytes)
      lines         : 19
      syslines      : 19
      syslines high : 9
      datetime first     : 2017-05-08 08:35:08 -07:00 (2017-05-08 15:35:08.000000 +00:00)
      datetime last      : 2017-05-08 08:35:08 -07:00 (2017-05-08 15:35:08.000000 +00:00)
  Parsers:
  Processing Stores:
      storage: LineReader::find_line() lines                       : hit  0, miss 39,  0.0%
      caching: LineReader::find_line() LRU cache                   : hit 20, miss 21, 48.8%, put 19
      copying: SyslineReader::get_boxptrs()                        : sgl 92, dbl   3, mult  0
      storage: SyslineReader::find_sysline() syslines              : hit  0, miss 20,  0.0%
      caching: SyslineReader::find_sysline() syslines_by_range_map : hit  0, miss 20,  0.0%, put 19
      caching: SyslineReader::find_sysline() LRU cache             : hit  0, miss 20,  0.0%, put 19
      caching: SyslineReader::parse_datetime_in_line() LRU cache   : hit 19, miss 19, 50.0%, put  0
      optimize:SyslineReader::ezcheck12                            : hit  0, miss  0,  0.0%, largest skipped 0
      optimize:SyslineReader::ezcheckd2                            : hit  0, miss  4,  0.0%, largest skipped 0
      optimize:SyslineReader::ezcheck12d2                          : hit  0, miss 91,  0.0%, largest skipped 0
      process: regex captures attempted                            : 95
  Processing Drops:

Program Summary:

Paths considered       : 1
Paths not processed    : 0
Files processed        : 1
Files printed          : 1
Printed bytes          : 3382
Printed flushes        : 38
Printed lines          : 19
Printed syslines       : 19
Printed ASL events     : 0
Printed ETL events     : 0
Printed EVTX events    : 0
Printed fixedstruct    : 0
Printed journal events : 0
Printed ODL events     : 0
Regex patterns known   : 175
Regex patterns compiled: 77
Datetime filter -a     : 1999-03-03 00:00:00 +00:00 (1999-03-03 00:00:00.000000 +00:00)
Datetime printed first : 2017-05-08 08:35:08 -07:00 (2017-05-08 15:35:08.000000 +00:00)
Datetime printed last  : 2017-05-08 08:35:08 -07:00 (2017-05-08 15:35:08.000000 +00:00)
Datetime filter -b     : 2026-01-02 00:00:00 +00:00 (2026-01-02 00:00:00.000000 +00:00)
Channel Receive ok     : 21
Channel Receive err    : 0
Threads Spawned        : 1
Thread Spawn errors    : 0
Temporary files created: 0
Platform               : x86_64-unknown-linux-gnu
Allocator              : system
