
Files:

File: ./logs/synology-DS6/dpkg_upgrade.log
  About:
      filetype       : TEXT UTF8/ASCII (text log)
      logmessagetype : text log lines
  Printed:
      bytes         : 2684
      flushes       : 5
      lines         : 19
      syslines      : 5
      datetime first: 2016-12-05 21:34:43 +08:00 (2016-12-05 13:34:43.000000 +00:00)
      datetime last : 2016-12-05 21:38:47 +08:00 (2016-12-05 13:38:47.000000 +00:00)
  Processed:
      file size     : 1411 (0x583) (bytes)
      bytes         : 1411 (0x583)
      bytes total   : 1411 (0x583)
      block size    : 256 (0x100)
      blocks        : 6
      blocks total  : 6 (1536 bytes)
      lines         : 19
      syslines      : 5
      syslines high : 5
      datetime first     : 2016-12-05 21:34:43 +08:00 (2016-12-05 13:34:43.000000 +00:00)
      datetime last      : 2016-12-05 21:38:47 +08:00 (2016-12-05 13:38:47.000000 +00:00)
  Parsers:
  Processing Stores:
      storage: LineReader::find_line() lines                       : hit  0, miss 37,  0.0%
      caching: LineReader::find_line() LRU cache                   : hit  5, miss 20, 20.0%, put 19
      copying: SyslineReader::get_boxptrs()                        : sgl 92, dbl   3, mult  0
      storage: SyslineReader::find_sysline() syslines              : hit  0, miss  5,  0.0%
      caching: SyslineReader::find_sysline() syslines_by_range_map : hit  0, miss  5,  0.0%, put  5
      caching: SyslineReader::find_sysline() LRU cache             : hit  1, miss  5, 16.7%, put  5
      caching: SyslineReader::parse_datetime_in_line() LRU cache   : hit  4, miss 19, 17.4%, put  0
      optimize:SyslineReader::ezcheck12                            : hit  0, miss  0,  0.0%, largest skipped 0
      optimize:SyslineReader::ezcheckd2                            : hit  0, miss  4,  0.0%, largest skipped 0
      optimize:SyslineReader::ezcheck12d2                          : hit  5, miss 86,  5.5%, largest skipped 49
      process: regex captures attempted                            : 90
  Processing Drops:

Program Summary:

Paths considered       : 1
Paths not processed    : 0
Files processed        : 1
Files printed          : 1
Printed bytes          : 2704
Printed flushes        : 10
Printed lines          : 19
Printed syslines       : 5
Printed ETL events     : 0
Printed EVTX events    : 0
Printed fixedstruct    : 0
Printed journal events : 0
Printed ODL events     : 0
Regex patterns known   : 175
Regex patterns compiled: 80
Datetime filter -a     : 1999-03-03 00:00:00 +00:00 (1999-03-03 00:00:00.000000 +00:00)
Datetime printed first : 2016-12-05 21:34:43 +08:00 (2016-12-05 13:34:43.000000 +00:00)
Datetime printed last  : 2016-12-05 21:38:47 +08:00 (2016-12-05 13:38:47.000000 +00:00)
Datetime filter -b     : 2023-04-10 22:10:32 +00:00 (2023-04-10 22:10:32.000000 +00:00)
Channel Receive ok     : 7
Channel Receive err    : 0
Threads Spawned        : 1
Thread Spawn errors    : 0
Temporary files created: 0
Platform               : x86_64-unknown-linux-gnu
Allocator              : system
