./logs/synology-DS6/ha.log┋20170508T153545.000000000┋2017-05-08T08:35:45-07:00 dsnet pingpong.cgi: scemd_connector/scemd_connector.c:200 System isn't ready, so cannot get scemd status.
⇳
./logs/synology-DS6/ha.log┋20170508T153550.000000000┋2017-05-08T08:35:50-07:00 dsnet pingpong.cgi: scemd_connector/scemd_connector.c:200 System isn't ready, so cannot get scemd status.
⇳
./logs/synology-DS6/ha.log┋20170508T153553.000000000┋2017-05-08T08:35:53-07:00 dsnet pingpong.cgi: scemd_connector/scemd_connector.c:200 System isn't ready, so cannot get scemd status.
⇳
./logs/synology-DS6/ha.log┋20170508T153617.000000000┋2017-05-08T08:36:17-07:00 dsnet pingpong.cgi: SYSTEM:	Last message 'scemd_connector/scem' repeated 9 times, suppressed by syslog-ng on dsnet
⇳
./logs/synology-DS6/ha.log┋20170508T153617.000000000┋2017-05-08T08:36:17-07:00 dsnet pingpong.cgi: scemd_connector/scemd_connector.c:200 System isn't ready, so cannot get scemd status.
⇳
./logs/synology-DS6/ha.log┋20170508T153621.000000000┋2017-05-08T08:36:21-07:00 dsnet pingpong.cgi: scemd_connector/scemd_connector.c:200 System isn't ready, so cannot get scemd status.
⇳
./logs/synology-DS6/ha.log┋20170508T153623.000000000┋2017-05-08T08:36:23-07:00 dsnet pingpong.cgi: scemd_connector/scemd_connector.c:200 System isn't ready, so cannot get scemd status.
⇳
./logs/synology-DS6/ha.log┋20170508T153642.000000000┋2017-05-08T08:36:42-07:00 dsnet pingpong.cgi: SYSTEM:	Last message 'scemd_connector/scem' repeated 7 times, suppressed by syslog-ng on dsnet
⇳
./logs/synology-DS6/ha.log┋20170508T153642.000000000┋2017-05-08T08:36:42-07:00 dsnet pingpong.cgi: scemd_connector/scemd_connector.c:134 Fail to sendto() for scemd connector client.
⇳
./logs/synology-DS6/ha.log┋20170508T153642.000000000┋2017-05-08T08:36:42-07:00 dsnet pingpong.cgi: scemd_connector/scemd_connector.c:209 Fail to SYNOScemdConnectorClient() for scemd conncetor client
⇳
./logs/synology-DS6/ha.log┋20170513T054632.000000000┋2017-05-12T22:46:32-07:00 dsnet pingpong.cgi: scemd_connector/scemd_connector.c:200 System isn't ready, so cannot get scemd status.
⇳
./logs/synology-DS6/ha.log┋20170513T054635.000000000┋2017-05-12T22:46:35-07:00 dsnet pingpong.cgi: scemd_connector/scemd_connector.c:200 System isn't ready, so cannot get scemd status.
⇳
./logs/synology-DS6/ha.log┋20170513T054639.000000000┋2017-05-12T22:46:39-07:00 dsnet pingpong.cgi: SYSTEM:	Last message 'scemd_connector/scem' repeated 1 times, suppressed by syslog-ng on dsnet
⇳
./logs/synology-DS6/ha.log┋20170513T054639.000000000┋2017-05-12T22:46:39-07:00 dsnet pingpong.cgi: scemd_connector/scemd_connector.c:134 Fail to sendto() for scemd connector client.
⇳
./logs/synology-DS6/ha.log┋20170513T054639.000000000┋2017-05-12T22:46:39-07:00 dsnet pingpong.cgi: scemd_connector/scemd_connector.c:209 Fail to SYNOScemdConnectorClient() for scemd conncetor client
⇳
./logs/synology-DS6/ha.log┋20170524T164334.000000000┋2017-05-24T09:43:34-07:00 dsnet pingpong.cgi: scemd_connector/scemd_connector.c:200 System isn't ready, so cannot get scemd status.
⇳
./logs/synology-DS6/ha.log┋20170619T082202.000000000┋2017-06-19T01:22:02-07:00 dsnet pingpong.cgi: scemd_connector/scemd_connector.c:200 System isn't ready, so cannot get scemd status.
⇳
./logs/synology-DS6/ha.log┋20170619T082205.000000000┋2017-06-19T01:22:05-07:00 dsnet pingpong.cgi: scemd_connector/scemd_connector.c:200 System isn't ready, so cannot get scemd status.
⇳
./logs/synology-DS6/ha.log┋20170619T082207.000000000┋2017-06-19T01:22:07-07:00 dsnet pingpong.cgi: scemd_connector/scemd_connector.c:200 System isn't ready, so cannot get scemd status.
⇳
