./logs/synology-DS6/iscsi.log┋20161206T043140.000000000┋2016-12-05T20:31:40-08:00 DiskStation kernel: [  114.505] iSCSI: init_io_buffer_head(869) LUN-backup: 512 buffers allocated, total 505 bytes successfully
⇳
./logs/synology-DS6/iscsi.log┋20161206T043142.000000000┋2016-12-05T20:31:42-08:00 DiskStation synocheckiscsitrg: iscsi_repair.c:39 iSCSI: Total 0 issues are detected.
⇳
./logs/synology-DS6/iscsi.log┋20161206T050102.000000000┋2016-12-05T21:01:02-08:00 dsnet synocheckiscsitrg: iscsi_repair.c:39 iSCSI: Total 0 issues are detected.
⇳
./logs/synology-DS6/iscsi.log┋20161206T051144.000000000┋2016-12-05T21:11:44-08:00 dsnet synocheckiscsitrg: iscsi_repair.c:39 iSCSI: Total 0 issues are detected.
⇳
./logs/synology-DS6/iscsi.log┋20161206T051149.000000000┋2016-12-05T21:11:49-08:00 dsnet kernel: [   95.505] iSCSI: init_io_buffer_head(869) LUN-backup: 512 buffers allocated, total 505 bytes successfully
⇳
./logs/synology-DS6/iscsi.log┋20161206T051556.000000000┋2016-12-05T21:15:56-08:00 dsnet synocheckiscsitrg: iscsi_repair.c:39 iSCSI: Total 0 issues are detected.
⇳
./logs/synology-DS6/iscsi.log┋20161206T053442.000000000┋2016-12-05T21:34:42-08:00 dsnet synocheckiscsitrg: iscsi_repair.c:39 iSCSI: Total 0 issues are detected.
⇳
./logs/synology-DS6/iscsi.log┋20161206T053944.000000000┋2016-12-05T21:39:44-08:00 dsnet synocheckiscsitrg: iscsi_repair.c:39 iSCSI: Total 0 issues are detected.
⇳
./logs/synology-DS6/iscsi.log┋20161206T053948.000000000┋2016-12-05T21:39:48-08:00 dsnet kernel: [  140.505] iSCSI: init_io_buffer_head(869) LUN-backup: 512 buffers allocated, total 505 bytes successfully
⇳
./logs/synology-DS6/iscsi.log┋20170103T093552.000000000┋2017-01-03T01:35:52-08:00 dsnet synocheckiscsitrg: iscsi_repair.c:39 iSCSI: Total 0 issues are detected.
⇳
./logs/synology-DS6/iscsi.log┋20170103T094055.000000000┋2017-01-03T01:40:55-08:00 dsnet synocheckiscsitrg: iscsi_repair.c:39 iSCSI: Total 0 issues are detected.
⇳
./logs/synology-DS6/iscsi.log┋20170103T094059.000000000┋2017-01-03T01:40:59-08:00 dsnet kernel: [  119.505] iSCSI: init_io_buffer_head(869) LUN-backup: 512 buffers allocated, total 505 bytes successfully
⇳
./logs/synology-DS6/iscsi.log┋20170104T075642.000000000┋2017-01-03T23:56:42-08:00 dsnet synocheckiscsitrg: iscsi_repair.c:39 iSCSI: Total 0 issues are detected.
⇳
./logs/synology-DS6/iscsi.log┋20170104T075644.000000000┋2017-01-03T23:56:44-08:00 dsnet kernel: [   97.505] iSCSI: init_io_buffer_head(869) LUN-backup: 512 buffers allocated, total 505 bytes successfully
⇳
./logs/synology-DS6/iscsi.log┋20170108T213554.000000000┋2017-01-08T13:35:54-08:00 dsnet synocheckiscsitrg: iscsi_repair.c:39 iSCSI: Total 0 issues are detected.
⇳
./logs/synology-DS6/iscsi.log┋20170108T213556.000000000┋2017-01-08T13:35:56-08:00 dsnet kernel: [  103.505] iSCSI: init_io_buffer_head(869) LUN-backup: 512 buffers allocated, total 505 bytes successfully
⇳
./logs/synology-DS6/iscsi.log┋20170125T072148.000000000┋2017-01-24T23:21:48-08:00 dsnet synocheckiscsitrg: iscsi_repair.c:39 iSCSI: Total 0 issues are detected.
⇳
./logs/synology-DS6/iscsi.log┋20170125T072613.000000000┋2017-01-24T23:26:13-08:00 dsnet synocheckiscsitrg: iscsi_repair.c:39 iSCSI: Total 0 issues are detected.
⇳
./logs/synology-DS6/iscsi.log┋20170125T072617.000000000┋2017-01-24T23:26:17-08:00 dsnet kernel: [  105.505] iSCSI: init_io_buffer_head(869) LUN-backup: 512 buffers allocated, total 505 bytes successfully
⇳
