
Files:

File: ./logs/synology-DS6/messages
  About:
      FileType      : TEXT UTF8/ASCII (text log)
      LogMessageType: text log lines
      Thread stack  : 102400 (bytes)
  Printed:
      bytes         : 4712
      flushes       : 19
      Lines         : 19
      Syslines      : 19
      Datetime first: 2020-03-08 14:25:30 -07:00 (2020-03-08 21:25:30.000000 +00:00)
      Datetime last : 2020-03-08 14:25:59 -07:00 (2020-03-08 21:25:59.000000 +00:00)
  Processed:
      file size     : 3591 (0xE07) (bytes)
      bytes         : 3591 (0xE07)
      bytes total   : 3591 (0xE07)
      Block size    : 256 (0x100)
      Blocks        : 15
      Blocks total  : 15 (3840 bytes)
      Blocks high   : 10 (2560 bytes)
      Lines         : 19
      Line longest  : 189 (bytes)
      Lines high    : 12
      Line parts    : 34
      Syslines      : 19
      Sysline longest: 189 (bytes)
      Syslines high : 7
      Datetime first: 2020-03-08 14:25:30 -07:00 (2020-03-08 21:25:30.000000 +00:00)
      Datetime last : 2020-03-08 14:25:59 -07:00 (2020-03-08 21:25:59.000000 +00:00)
      out of order  : 0
  Parsers:
  Processing stores:
      storage: LineReader::find_line() lines                       : hit  0, miss 39,  0.0%
      caching: LineReader::find_line() LRU cache                   : hit 20, miss 20, 50.0%, put 19
      copying: SyslineReader::get_boxptrs()                        : sgl 90, dbl   4, mult  0
      storage: SyslineReader::find_sysline() syslines              : hit  0, miss 20,  0.0%
      caching: SyslineReader::find_sysline() syslines_by_range_map : hit  0, miss  2,  0.0%, put  1
      caching: SyslineReader::find_sysline() LRU cache             : hit  0, miss 20,  0.0%, put 19
      caching: SyslineReader::parse_datetime_in_line() LRU cache   : hit 19, miss 19, 50.0%, put  0
      optimize:SyslineReader::ezcheck12                            : hit  0, miss  0,  0.0%, largest skipped 0
      optimize:SyslineReader::ezcheckd2                            : hit  0, miss  4,  0.0%, largest skipped 0
      optimize:SyslineReader::ezcheck12d2                          : hit  0, miss 90,  0.0%, largest skipped 0
      process: regex captures                                      : hit 19, miss 75
  Processing Drops:

Program summary:

Paths considered       : 1
Paths not processed    : 0
Files processed        : 1
Files printed          : 1
Printed bytes          : 4788
Printed flushes        : 38
Printed Lines          : 19
Printed Syslines       : 19
Printed ASL events     : 0
Printed ETL events     : 0
Printed EVTX events    : 0
Printed FixedStruct    : 0
Printed Journal events : 0
Printed ODL events     : 0
Line longest                   : 189
Sysline longest                : 189
EVTX event largest processed   : 0
EVTX event largest accepted    : 0
Journal event largest processed: 0
Journal event largest accepted : 0
Managed files max deflt: 980
Managed files max adjus: 200
Managed handles high   : 1
Managed request open   : 1
Managed request read   : 0
Managed read calls     : 15
Managed write calls    : 0
Managed seek calls     : 15
Managed metadata calls : 1
Managed open errors    : 0
Managed evict fails    : 0
Unmanaged handles high : 0
Regex patterns known   : 188
Regex patterns compiled: 188
Datetime filter -a     : 1999-03-03 00:00:00 +00:00 (1999-03-03 00:00:00.000000 +00:00)
Datetime printed first : 2020-03-08 14:25:30 -07:00 (2020-03-08 21:25:30.000000 +00:00)
Datetime printed last  : 2020-03-08 14:25:59 -07:00 (2020-03-08 21:25:59.000000 +00:00)
Datetime filter -b     : 2026-01-02 00:00:00 +00:00 (2026-01-02 00:00:00.000000 +00:00)
Channel receive ok     : 21
Channel receive err    : 0
Threads spawned        : 1
Thread spawn errors    : 0
Temporary files created: 0
Platform               : x86_64-unknown-linux-gnu
Allocator              : system
