
Files:

File: ./logs/synology-DS6/opentftp.log
  About:
      FileType      : TEXT UTF8/ASCII (text log)
      LogMessageType: text log lines
      Thread stack  : 100352 (bytes)
  Printed:
      bytes         : 2497
      flushes       : 21
      Lines         : 21
      Syslines      : 21
      Datetime first: 2017-01-31 11:25:20 +08:00 (2017-01-31 03:25:20.000000 +00:00)
      Datetime last : 2017-02-22 21:46:30 +08:00 (2017-02-22 13:46:30.000000 +00:00)
  Processed:
      file size     : 1174 (0x496) (bytes)
      bytes         : 1174 (0x496)
      bytes total   : 1174 (0x496)
      Block size    : 256 (0x100)
      Blocks        : 5
      Blocks total  : 5 (1280 bytes)
      Lines         : 21
      Line longest  : 108 (bytes)
      Line parts    : 25
      Syslines      : 21
      Sysline longest: 108 (bytes)
      Syslines high : 17
      Datetime first: 2017-01-31 11:25:20 +08:00 (2017-01-31 03:25:20.000000 +00:00)
      Datetime last : 2017-02-22 21:46:30 +08:00 (2017-02-22 13:46:30.000000 +00:00)
      out of order  : 0
  Parsers:
  Processing stores:
      storage: LineReader::find_line() lines                       : hit  0, miss 41,  0.0%
      caching: LineReader::find_line() LRU cache                   : hit 21, miss 21, 50.0%, put 21
      copying: SyslineReader::get_boxptrs()                        : sgl 24, dbl   2, mult  0
      storage: SyslineReader::find_sysline() syslines              : hit  0, miss 21,  0.0%
      caching: SyslineReader::find_sysline() syslines_by_range_map : hit  0, miss  1,  0.0%, put  1
      caching: SyslineReader::find_sysline() LRU cache             : hit  1, miss 21,  4.5%, put 21
      caching: SyslineReader::parse_datetime_in_line() LRU cache   : hit 20, miss 21, 48.8%, put  0
      optimize:SyslineReader::ezcheck12                            : hit  0, miss  0,  0.0%, largest skipped 0
      optimize:SyslineReader::ezcheckd2                            : hit  0, miss 21,  0.0%, largest skipped 0
      optimize:SyslineReader::ezcheck12d2                          : hit  0, miss  5,  0.0%, largest skipped 0
      process: regex captures                                      : hit 21, miss  5
  Processing Drops:

Program summary:

Paths considered       : 1
Paths not processed    : 0
Files processed        : 1
Files printed          : 1
Printed bytes          : 2582
Printed flushes        : 43
Printed Lines          : 21
Printed Syslines       : 21
Printed ASL events     : 0
Printed ETL events     : 0
Printed EVTX events    : 0
Printed FixedStruct    : 0
Printed Journal events : 0
Printed ODL events     : 0
Line Maximum                   : 393209
Line longest                   : 108
Sysline longest                : 108
EVTX event largest processed   : 0
EVTX event largest accepted    : 0
Journal event largest processed: 0
Journal event largest accepted : 0
Managed files max deflt: 980
Managed files max adjus: 200
Managed handles high   : 1
Managed request open   : 1
Managed request read   : 0
Managed write calls    : 0
Managed seek calls     : 5
Managed metadata calls : 1
Managed open errors    : 0
Managed evict fails    : 0
Regex patterns known   : 188
Regex patterns compiled: 188
Datetime filter -a     : 1999-03-03 00:00:00 +00:00 (1999-03-03 00:00:00.000000 +00:00)
Datetime printed first : 2017-01-31 11:25:20 +08:00 (2017-01-31 03:25:20.000000 +00:00)
Datetime printed last  : 2017-02-22 21:46:30 +08:00 (2017-02-22 13:46:30.000000 +00:00)
Datetime filter -b     : 2026-01-02 00:00:00 +00:00 (2026-01-02 00:00:00.000000 +00:00)
Channel receive ok     : 23
Channel receive err    : 0
Threads spawned        : 1
Thread spawn errors    : 0
Temporary files created: 0
Platform               : x86_64-unknown-linux-gnu
Allocator              : system
