./logs/synology-DS6/opentftp.log┋20170131T032520.000000000┋[31-Jan-17 11:25:20] TFTP Server SinglePort Version 1.66 Unix Built 2003 Starting..
⇳
./logs/synology-DS6/opentftp.log┋20170131T032521.000000000┋[31-Jan-17 11:25:21] TFTP Server Stopped !
⇳
./logs/synology-DS6/opentftp.log┋20170222T132420.000000000┋[22-Feb-17 21:24:20] TFTP Server SinglePort Version 1.66 Unix Built 2003 Starting..
⇳
./logs/synology-DS6/opentftp.log┋20170222T132420.000000000┋[22-Feb-17 21:24:20] Section [ALLOWED-CLIENTS] Invalid entry 192.168.0.0-192.168.0.255 in ini file, ignored
⇳
./logs/synology-DS6/opentftp.log┋20170222T132420.000000000┋[22-Feb-17 21:24:20] username: user2
⇳
./logs/synology-DS6/opentftp.log┋20170222T132420.000000000┋[22-Feb-17 21:24:20] alias / is mapped to /path3/
⇳
./logs/synology-DS6/opentftp.log┋20170222T132420.000000000┋[22-Feb-17 21:24:20] permitted clients: all
⇳
./logs/synology-DS6/opentftp.log┋20170222T132420.000000000┋[22-Feb-17 21:24:20] max blksize: 9873
⇳
./logs/synology-DS6/opentftp.log┋20170222T132420.000000000┋[22-Feb-17 21:24:20] default blksize: 512
⇳
./logs/synology-DS6/opentftp.log┋20170222T132420.000000000┋[22-Feb-17 21:24:20] default timeout: 1
⇳
./logs/synology-DS6/opentftp.log┋20170222T132420.000000000┋[22-Feb-17 21:24:20] file read allowed: Yes
⇳
./logs/synology-DS6/opentftp.log┋20170222T132420.000000000┋[22-Feb-17 21:24:20] file create allowed: No
⇳
./logs/synology-DS6/opentftp.log┋20170222T132420.000000000┋[22-Feb-17 21:24:20] file overwrite allowed: No
⇳
./logs/synology-DS6/opentftp.log┋20170222T132420.000000000┋[22-Feb-17 21:24:20] logging: all
⇳
./logs/synology-DS6/opentftp.log┋20170222T132421.000000000┋[22-Feb-17 21:24:21] detecting Interfaces..
⇳
./logs/synology-DS6/opentftp.log┋20170222T132421.000000000┋[22-Feb-17 21:24:21] listening on: 192.168.0.1:69
⇳
./logs/synology-DS6/opentftp.log┋20170222T132421.000000000┋[22-Feb-17 21:24:21] listening on: 192.168.0.189:69
⇳
./logs/synology-DS6/opentftp.log┋20170222T134630.000000000┋[22-Feb-17 21:46:30] closing Network Connections...
⇳
./logs/synology-DS6/opentftp.log┋20170222T134630.000000000┋[22-Feb-17 21:46:30] TFTP Server Stopped !
⇳
./logs/synology-DS6/opentftp.log┋20170222T134630.000000000┋[22-Feb-17 21:46:30] TFTP Server SinglePort Version 1.66 Unix Built 2003 Starting..
⇳
./logs/synology-DS6/opentftp.log┋20170222T134630.000000000┋[22-Feb-17 21:46:30] Section [ALLOWED-CLIENTS] Invalid entry 192.168.0.0-192.168.0.255 in ini file, ignored⇳

