./logs/synology-DS6/router.log┋20161205T131204.000000000┋err	2016/12/05 21:12:04	PortForward:(src/libsynoportmap.cpp:532) [7364] file=/etc/portforward/router.conf not exists
⇳
./logs/synology-DS6/router.log┋20161205T131208.000000000┋err	2016/12/05 21:12:08	PortForward:(src/libsynonetcheck.cpp:361) [7364] Public IP level is 1
⇳
./logs/synology-DS6/router.log┋20161205T131210.000000000┋err	2016/12/05 21:12:10	PortForward:(src/libsynoportmap.cpp:382) [7364] All network env checks are pass
⇳
./logs/synology-DS6/router.log┋20161205T131213.000000000┋err	2016/12/05 21:12:13	PortForward:(src/NatpmpDetector.cpp:93) [7364] remove SZF_AIRPORT_LIST=/tmp/airport.tcp.local failed
⇳
./logs/synology-DS6/router.log┋20161205T131253.000000000┋err	2016/12/05 21:12:53	PortForward:(src/libsynoportmap.cpp:426) [7364] upnp no response, timeout
⇳
./logs/synology-DS6/router.log┋20161205T131255.000000000┋err	2016/12/05 21:12:55	PortForward:(src/libsynoportmapHelper.cpp:429) [7364] SLibSynoPortMapRouterDetect() success: manual
⇳
./logs/synology-DS6/router.log┋20161205T131313.000000000┋err	2016/12/05 21:13:13	PortForward:(src/UpnpDetector.cpp:111) [7665] init UPnP faild
⇳
./logs/synology-DS6/router.log┋20161205T133954.000000000┋err	2016/12/05 21:39:54	PortForward:(src/libsynoportmap.cpp:532) [7470] file=/etc/portforward/router.conf not exists
⇳
./logs/synology-DS6/router.log┋20161205T133954.000000000┋err	2016/12/05 21:39:54	PortForward:(src/libsynoportmapHelper.cpp:322) [7470] SLibSynoPortMapRouterDetect() success: manual/non-support change port router
⇳
./logs/synology-DS6/router.log┋20161205T141249.000000000┋err	2016/12/05 22:12:49	PortForward:(src/libsynoportmap.cpp:532) [3694] file=/etc/portforward/router.conf not exists
⇳
./logs/synology-DS6/router.log┋20161205T143208.000000000┋err	2016/12/05 22:32:08	PortForward:(src/libsynoportmap.cpp:532) [3694] file=/etc/portforward/router.conf not exists
⇳
./logs/synology-DS6/router.log┋20161205T143208.000000000┋err	2016/12/05 22:32:08	PortForward:(src/libsynoportmapHelper.cpp:322) [3694] SLibSynoPortMapRouterDetect() success: manual/non-support change port router
⇳
./logs/synology-DS6/router.log┋20161208T105629.000000000┋err	2016/12/08 18:56:29	PortForward:(src/libsynoportmap.cpp:532) [3694] file=/etc/portforward/router.conf not exists
⇳
./logs/synology-DS6/router.log┋20161208T105706.000000000┋err	2016/12/08 18:57:06	PortForward:(src/libsynoportmap.cpp:532) [3694] file=/etc/portforward/router.conf not exists
⇳
./logs/synology-DS6/router.log┋20161208T105706.000000000┋err	2016/12/08 18:57:06	PortForward:(src/libsynoportmapHelper.cpp:322) [3694] SLibSynoPortMapRouterDetect() success: manual/non-support change port router
⇳
./logs/synology-DS6/router.log┋20161223T013143.000000000┋err	2016/12/23 09:31:43	PortForward:(src/libsynoportmap.cpp:532) [3694] file=/etc/portforward/router.conf not exists
⇳
./logs/synology-DS6/router.log┋20170102T174112.000000000┋err	2017/01/03 01:41:12	PortForward:(src/libsynoportmap.cpp:532) [7601] file=/etc/portforward/router.conf not exists
⇳
./logs/synology-DS6/router.log┋20170102T174112.000000000┋err	2017/01/03 01:41:12	PortForward:(src/libsynoportmapHelper.cpp:322) [7601] SLibSynoPortMapRouterDetect() success: manual/non-support change port router
⇳
./logs/synology-DS6/router.log┋20170103T155659.000000000┋err	2017/01/03 23:56:59	PortForward:(src/libsynoportmap.cpp:532) [7450] file=/etc/portforward/router.conf not exists
⇳
