
Files:

File: ./logs/synology-DS6/smart_extend_log
  About:
      FileType      : TEXT UTF8/ASCII (text log)
      LogMessageType: text log lines
      Thread stack  : 102400 (bytes)
  Printed:
      bytes         : 802
      flushes       : 4
      Lines         : 8
      Syslines      : 4
      Datetime first: 2019-12-20 00:00:03 +08:00 (2019-12-19 16:00:03.000000 +00:00)
      Datetime last : 2019-12-20 00:00:04 +08:00 (2019-12-19 16:00:04.000000 +00:00)
  Processed:
      file size     : 266 (0x10A) (bytes)
      bytes         : 266 (0x10A)
      bytes total   : 266 (0x10A)
      Block size    : 256 (0x100)
      Blocks        : 2
      Blocks total  : 2 (512 bytes)
      Blocks high   : 2 (512 bytes)
      Lines         : 8
      Line longest  : 43 (bytes)
      Lines high    : 8
      Line parts    : 9
      Syslines      : 4
      Sysline longest: 70 (bytes)
      Syslines high : 4
      Datetime first: 2019-12-20 00:00:03 +08:00 (2019-12-19 16:00:03.000000 +00:00)
      Datetime last : 2019-12-20 00:00:04 +08:00 (2019-12-19 16:00:04.000000 +00:00)
      out of order  : 1
  Parsers:
  Processing stores:
      storage: LineReader::find_line() lines                       : hit   0, miss  15,  0.0%
      caching: LineReader::find_line() LRU cache                   : hit   4, miss   8, 33.3%, put   8
      copying: SyslineReader::get_boxptrs()                        : sgl 334, dbl    1, mult   0
      storage: SyslineReader::find_sysline() syslines              : hit   0, miss   4,  0.0%
      caching: SyslineReader::find_sysline() syslines_by_range_map : hit   0, miss   1,  0.0%, put   1
      caching: SyslineReader::find_sysline() LRU cache             : hit   1, miss   4, 20.0%, put   4
      caching: SyslineReader::parse_datetime_in_line() LRU cache   : hit   3, miss   8, 27.3%, put   0
      optimize:SyslineReader::ezcheck12                            : hit   0, miss   0,  0.0%, largest skipped 0
      optimize:SyslineReader::ezcheckd2                            : hit  23, miss   9, 71.9%, largest skipped 26
      optimize:SyslineReader::ezcheck12d2                          : hit   2, miss 301,  0.7%, largest skipped 19
      process: regex captures                                      : hit   4, miss 306
  Processing Drops:

Program summary:

Paths considered       : 1
Paths not processed    : 0
Files processed        : 1
Files printed          : 1
Printed bytes          : 818
Printed flushes        : 8
Printed Lines          : 8
Printed Syslines       : 4
Printed ASL events     : 0
Printed ETL events     : 0
Printed EVTX events    : 0
Printed FixedStruct    : 0
Printed Journal events : 0
Printed ODL events     : 0
Line longest                   : 43
Sysline longest                : 70
EVTX event largest processed   : 0
EVTX event largest accepted    : 0
Journal event largest processed: 0
Journal event largest accepted : 0
Managed files max deflt: 980
Managed files max adjus: 200
Managed handles high   : 1
Managed request open   : 1
Managed request read   : 0
Managed read calls     : 2
Managed write calls    : 0
Managed seek calls     : 2
Managed metadata calls : 1
Managed open errors    : 0
Managed evict fails    : 0
Unmanaged handles high : 0
Regex patterns known   : 188
Regex patterns compiled: 188
Datetime filter -a     : 1999-03-03 00:00:00 +00:00 (1999-03-03 00:00:00.000000 +00:00)
Datetime printed first : 2019-12-20 00:00:03 +08:00 (2019-12-19 16:00:03.000000 +00:00)
Datetime printed last  : 2019-12-20 00:00:04 +08:00 (2019-12-19 16:00:04.000000 +00:00)
Datetime filter -b     : 2026-01-02 00:00:00 +00:00 (2026-01-02 00:00:00.000000 +00:00)
Channel receive ok     : 6
Channel receive err    : 0
Threads spawned        : 1
Thread spawn errors    : 0
Temporary files created: 0
Platform               : x86_64-unknown-linux-gnu
Allocator              : system
