
Files:

File: ./logs/synology-DS6/smart_quick_log
  About:
      filetype       : TEXT UTF8/ASCII
      logmessagetype : syslog lines
  Printed:
      bytes         : 794
      flushes       : 4
      lines         : 8
      syslines      : 4
  Processed:
      file size     : 266 (0x10A) (bytes)
      bytes         : 266 (0x10A)
      bytes total   : 266 (0x10A)
      block size    : 256 (0x100)
      blocks        : 2
      blocks total  : 2 (512 bytes)
      lines         : 8
      syslines      : 4
      syslines high : 4
  Parsers:
  Processing Stores:
      storage: LineReader::find_line() lines                       : hit   0, miss  15,  0.0%
      caching: LineReader::find_line() LRU cache                   : hit   4, miss   9, 30.8%, put   8
      copying: SyslineReader::get_boxptrs()                        : sgl 300, dbl    1, mult   0
      storage: SyslineReader::find_sysline() syslines              : hit   0, miss   4,  0.0%
      caching: SyslineReader::find_sysline() syslines_by_range_map : hit   0, miss   4,  0.0%, put   4
      caching: SyslineReader::find_sysline() LRU cache             : hit   1, miss   4, 20.0%, put   4
      caching: SyslineReader::parse_datetime_in_line() LRU cache   : hit   3, miss   8, 27.3%, put   0
      optimize:SyslineReader::ezcheck12                            : hit   0, miss   0,  0.0%, largest skipped 0
      optimize:SyslineReader::ezcheckd2                            : hit   0, miss  22,  0.0%, largest skipped 0
      optimize:SyslineReader::ezcheck12d2                          : hit   0, miss 279,  0.0%, largest skipped 0
      process: regex captures attempted                            : 301
  Processing Drops:

Program Summary:

Paths considered       : 1
Paths not processed    : 0
Files processed        : 1
Files printed          : 1
Printed bytes          : 810
Printed flushes        : 8
Printed lines          : 8
Printed syslines       : 4
Printed evtx events    : 0
Printed fixedstruct    : 0
Printed journal events : 0
Regex patterns known   : 158
Regex patterns compiled: 158
Datetime filter -a     : 1999-03-03 00:00:00 +00:00 (1999-03-03 00:00:00 +00:00)
Datetime filter -b     : 2023-04-10 22:10:32 +00:00 (2023-04-10 22:10:32 +00:00)
Channel Receive ok     : 6
Channel Receive err    : 0
Threads Spawned        : 1
Thread Spawn errors    : 0
