
Files:

File: ./logs/synology-DS6/space_operation_error.log
  About:
      filetype       : TEXT UTF8/ASCII
      logmessagetype : syslog lines
  Printed:
      bytes         : 3797
      lines         : 19
      syslines      : 19
  Processed:
      file size     : 2353 (0x931) (bytes)
      bytes         : 2353 (0x931)
      bytes total   : 2353 (0x931)
      block size    : 256 (0x100)
      blocks        : 10
      blocks total  : 10 (2560 bytes)
      lines         : 19
      syslines      : 21
      syslines high : 19
  Parsers:
                   datetime format missing year; estimated year of last sysline 2018
  Processing Stores:
      storage: LineReader::find_line() lines                       : hit 18, miss 39, 31.6%
      caching: LineReader::find_line() LRU cache                   : hit  3, miss 40,  7.0%, put 39
      copying: SyslineReader::get_boxptrs()                        : sgl 55, dbl   1, mult  0
      storage: SyslineReader::find_sysline() syslines              : hit  0, miss 21,  0.0%
      caching: SyslineReader::find_sysline() syslines_by_range_map : hit 19, miss 21, 47.5%, put 21
      caching: SyslineReader::find_sysline() LRU cache             : hit  0, miss 40,  0.0%, put 40
      caching: SyslineReader::parse_datetime_in_line() LRU cache   : hit 18, miss 23, 43.9%, put  0
      optimize:SyslineReader::ezcheck12                            : hit  0, miss  0,  0.0%, largest skipped 0
      optimize:SyslineReader::ezcheckd2                            : hit  0, miss 26,  0.0%, largest skipped 0
      optimize:SyslineReader::ezcheck12d2                          : hit  0, miss 30,  0.0%, largest skipped 0
      process: regex captures attempted                            : 56
  Processing Drops:


Program Summary:

Paths considered       : 1
Paths not processed    : 0
Files processed        : 1
Files printed          : 1
Printed bytes          : 3873
Printed lines          : 19
Printed syslines       : 19
Printed evtx events    : 0
Printed fixedstruct    : 0
Printed journal events : 0
Regex patterns known   : 158
Regex patterns compiled: 34
Datetime filter -a     : 1999-03-03 00:00:00 +00:00 (1999-03-03 00:00:00 +00:00)
Datetime filter -b     : 2023-04-10 22:10:32 +00:00 (2023-04-10 22:10:32 +00:00)
Channel Receive ok     : 21
Channel Receive err    : 0
