./logs/synology-DS6/synopoweroff.log┋20161206T050054.000000000┋2016-12-05T21:00:54-08:00 dsnet synoscgi_SYNO.Core.System_1_shutdown[3225]: system_poweroff_pre_hook.c:17 synopoweroff: Begin SYNOPowerOffPreHook action.
⇳
./logs/synology-DS6/synopoweroff.log┋20161206T050054.000000000┋2016-12-05T21:00:54-08:00 dsnet synoscgi_SYNO.Core.System_1_shutdown[3225]: system_poweroff_pre_hook.c:22 synopoweroff: Finish SYNOPowerOffPreHook action.
⇳
./logs/synology-DS6/synopoweroff.log┋20161206T050054.000000000┋2016-12-05T21:00:54-08:00 dsnet synoscgi_SYNO.Core.System_1_shutdown[3225]: system_sys_init.c:90 synopoweroff: System is going to poweroff
⇳
./logs/synology-DS6/synopoweroff.log┋20161206T053655.000000000┋2016-12-05T21:36:55-08:00 dsnet synoscgi_SYNO.Core.System_1_renett[3225]: system_poweroff_pre_hook.c:17 synopoweroff: Begin SYNOPowerOffPreHook action.
⇳
./logs/synology-DS6/synopoweroff.log┋20161206T053656.000000000┋2016-12-05T21:36:56-08:00 dsnet synoscgi_SYNO.Core.System_1_renett[3225]: system_poweroff_pre_hook.c:22 synopoweroff: Finish SYNOPowerOffPreHook action.
⇳
./logs/synology-DS6/synopoweroff.log┋20161206T053656.000000000┋2016-12-05T21:36:56-08:00 dsnet synoscgi_SYNO.Core.System_1_renett[3225]: system_sys_init.c:90 synopoweroff: System is going to renett
⇳
./logs/synology-DS6/synopoweroff.log┋20170103T093827.000000000┋2017-01-03T01:38:27-08:00 dsnet synoscgi_SYNO.Core.Upgrade_1_start[3225]: system_poweroff_pre_hook.c:17 synopoweroff: Begin SYNOPowerOffPreHook action.
⇳
./logs/synology-DS6/synopoweroff.log┋20170103T093827.000000000┋2017-01-03T01:38:27-08:00 dsnet synoscgi_SYNO.Core.Upgrade_1_start[3225]: system_poweroff_pre_hook.c:22 synopoweroff: Finish SYNOPowerOffPreHook action.
⇳
./logs/synology-DS6/synopoweroff.log┋20170103T093827.000000000┋2017-01-03T01:38:27-08:00 dsnet synoscgi_SYNO.Core.Upgrade_1_start[3225]: system_sys_init.c:90 synopoweroff: System is going to renett
⇳
./logs/synology-DS6/synopoweroff.log┋20170125T072359.000000000┋2017-01-24T23:23:59-08:00 dsnet synoscgi_SYNO.Core.System_1_renett[8560]: system_poweroff_pre_hook.c:17 synopoweroff: Begin SYNOPowerOffPreHook action.
⇳
./logs/synology-DS6/synopoweroff.log┋20170125T072359.000000000┋2017-01-24T23:23:59-08:00 dsnet synoscgi_SYNO.Core.System_1_renett[8560]: system_poweroff_pre_hook.c:22 synopoweroff: Finish SYNOPowerOffPreHook action.
⇳
./logs/synology-DS6/synopoweroff.log┋20170125T072359.000000000┋2017-01-24T23:23:59-08:00 dsnet synoscgi_SYNO.Core.System_1_renett[8560]: system_sys_init.c:90 synopoweroff: System is going to renett
⇳
./logs/synology-DS6/synopoweroff.log┋20170223T224928.000000000┋2017-02-23T14:49:28-08:00 dsnet synoscgi_SYNO.Core.System_1_renett[1367]: system_poweroff_pre_hook.c:17 synopoweroff: Begin SYNOPowerOffPreHook action.
⇳
./logs/synology-DS6/synopoweroff.log┋20170223T224928.000000000┋2017-02-23T14:49:28-08:00 dsnet synoscgi_SYNO.Core.System_1_renett[1367]: system_poweroff_pre_hook.c:22 synopoweroff: Finish SYNOPowerOffPreHook action.
⇳
./logs/synology-DS6/synopoweroff.log┋20170223T224928.000000000┋2017-02-23T14:49:28-08:00 dsnet synoscgi_SYNO.Core.System_1_renett[1367]: system_sys_init.c:90 synopoweroff: System is going to renett
⇳
./logs/synology-DS6/synopoweroff.log┋20170307T171314.000000000┋2017-03-07T09:13:14-08:00 dsnet synoscgi_SYNO.Core.System_1_renett[6472]: system_poweroff_pre_hook.c:17 synopoweroff: Begin SYNOPowerOffPreHook action.
⇳
./logs/synology-DS6/synopoweroff.log┋20170307T171314.000000000┋2017-03-07T09:13:14-08:00 dsnet synoscgi_SYNO.Core.System_1_renett[6472]: system_poweroff_pre_hook.c:22 synopoweroff: Finish SYNOPowerOffPreHook action.
⇳
./logs/synology-DS6/synopoweroff.log┋20170307T171314.000000000┋2017-03-07T09:13:14-08:00 dsnet synoscgi_SYNO.Core.System_1_renett[6472]: system_sys_init.c:97 synopoweroff: System is going to renett
⇳
./logs/synology-DS6/synopoweroff.log┋20170309T205501.000000000┋2017-03-09T12:55:01-08:00 dsnet synoscgi_SYNO.Core.System_1_shutdown[9970]: system_poweroff_pre_hook.c:17 synopoweroff: Begin SYNOPowerOffPreHook action.
⇳
