
Files:

File: ./logs/synology-DS6/synobackup.log
  About:
      FileType      : TEXT UTF8/ASCII (text log)
      LogMessageType: text log lines
      Thread stack  : 100352 (bytes)
  Printed:
      bytes         : 2529
      flushes       : 14
      Lines         : 15
      Syslines      : 14
      Datetime first: 2017-02-21 21:36:10 +08:00 (2017-02-21 13:36:10.000000 +00:00)
      Datetime last : 2017-02-24 03:43:57 +08:00 (2017-02-23 19:43:57.000000 +00:00)
  Processed:
      file size     : 1554 (0x612) (bytes)
      bytes         : 1554 (0x612)
      bytes total   : 1554 (0x612)
      Block size    : 256 (0x100)
      Blocks        : 7
      Blocks total  : 7 (1792 bytes)
      Lines         : 15
      Line longest  : 225 (bytes)
      Line parts    : 21
      Syslines      : 14
      Sysline longest: 226 (bytes)
      Syslines high : 10
      Datetime first: 2017-02-21 21:36:10 +08:00 (2017-02-21 13:36:10.000000 +00:00)
      Datetime last : 2017-02-24 03:43:57 +08:00 (2017-02-23 19:43:57.000000 +00:00)
      out of order  : 0
  Parsers:
  Processing stores:
      storage: LineReader::find_line() lines                       : hit   0, miss  29,  0.0%
      caching: LineReader::find_line() LRU cache                   : hit  14, miss  15, 48.3%, put  15
      copying: SyslineReader::get_boxptrs()                        : sgl 148, dbl    6, mult   0
      storage: SyslineReader::find_sysline() syslines              : hit   0, miss  14,  0.0%
      caching: SyslineReader::find_sysline() syslines_by_range_map : hit   0, miss   1,  0.0%, put   1
      caching: SyslineReader::find_sysline() LRU cache             : hit   1, miss  14,  6.7%, put  14
      caching: SyslineReader::parse_datetime_in_line() LRU cache   : hit  13, miss  15, 46.4%, put   0
      optimize:SyslineReader::ezcheck12                            : hit   0, miss   0,  0.0%, largest skipped 0
      optimize:SyslineReader::ezcheckd2                            : hit   0, miss  12,  0.0%, largest skipped 0
      optimize:SyslineReader::ezcheck12d2                          : hit   0, miss 142,  0.0%, largest skipped 0
      process: regex captures                                      : hit  14, miss 140
  Processing Drops:

Program summary:

Paths considered       : 1
Paths not processed    : 0
Files processed        : 1
Files printed          : 1
Printed bytes          : 2585
Printed flushes        : 28
Printed Lines          : 15
Printed Syslines       : 14
Printed ASL events     : 0
Printed ETL events     : 0
Printed EVTX events    : 0
Printed FixedStruct    : 0
Printed Journal events : 0
Printed ODL events     : 0
Line Maximum                   : 393209
Line longest                   : 225
Sysline longest                : 226
EVTX event largest processed   : 0
EVTX event largest accepted    : 0
Journal event largest processed: 0
Journal event largest accepted : 0
Managed files max deflt: 980
Managed files max adjus: 200
Managed request open   : 1
Managed request read   : 0
Managed write calls    : 0
Managed seek calls     : 7
Managed metadata calls : 1
Managed open errors    : 0
Managed evict fails    : 0
Regex patterns known   : 188
Regex patterns compiled: 188
Datetime filter -a     : 1999-03-03 00:00:00 +00:00 (1999-03-03 00:00:00.000000 +00:00)
Datetime printed first : 2017-02-21 21:36:10 +08:00 (2017-02-21 13:36:10.000000 +00:00)
Datetime printed last  : 2017-02-24 03:43:57 +08:00 (2017-02-23 19:43:57.000000 +00:00)
Datetime filter -b     : 2026-01-02 00:00:00 +00:00 (2026-01-02 00:00:00.000000 +00:00)
Channel receive ok     : 16
Channel receive err    : 0
Threads spawned        : 1
Thread spawn errors    : 0
Temporary files created: 0
Platform               : x86_64-unknown-linux-gnu
Allocator              : system
