./logs/synology-DS6/synocmsclient.log┋20161206T043150.000000000┋Mon Dec  5 20:31:50 PST 2016
⇳
./logs/synology-DS6/synocmsclient.log┋20161206T043150.000000000┋Mon Dec  5 20:31:50 PST 2016
./logs/synology-DS6/synocmsclient.log┋20161206T043150.000000000┋synogpoclientd: not join cms, need not start
⇳
./logs/synology-DS6/synocmsclient.log┋20161206T050055.000000000┋Mon Dec  5 21:00:55 PST 2016
⇳
./logs/synology-DS6/synocmsclient.log┋20161206T050055.000000000┋Mon Dec  5 21:00:55 PST 2016
./logs/synology-DS6/synocmsclient.log┋20161206T050055.000000000┋synogpoclientd is not running
./logs/synology-DS6/synocmsclient.log┋20161206T050055.000000000┋CMS cache client is not running
⇳
./logs/synology-DS6/synocmsclient.log┋20161206T051203.000000000┋Mon Dec  5 21:12:03 PST 2016
⇳
./logs/synology-DS6/synocmsclient.log┋20161206T051203.000000000┋Mon Dec  5 21:12:03 PST 2016
./logs/synology-DS6/synocmsclient.log┋20161206T051203.000000000┋synogpoclientd: not join cms, need not start
⇳
./logs/synology-DS6/synocmsclient.log┋20161206T051558.000000000┋Mon Dec  5 21:15:58 PST 2016
./logs/synology-DS6/synocmsclient.log┋20161206T051558.000000000┋CMS cache client is not running
⇳
./logs/synology-DS6/synocmsclient.log┋20161206T051600.000000000┋Mon Dec  5 21:16:00 PST 2016
./logs/synology-DS6/synocmsclient.log┋20161206T051600.000000000┋synogpoclientd is not running
⇳
./logs/synology-DS6/synocmsclient.log┋20161206T051609.000000000┋Mon Dec  5 21:16:09 PST 2016
⇳
./logs/synology-DS6/synocmsclient.log┋20161206T051611.000000000┋Mon Dec  5 21:16:11 PST 2016
./logs/synology-DS6/synocmsclient.log┋20161206T051611.000000000┋synogpoclientd: not join cms, need not start
⇳
./logs/synology-DS6/synocmsclient.log┋20161206T053433.000000000┋Mon Dec  5 21:34:33 PST 2016
./logs/synology-DS6/synocmsclient.log┋20161206T053433.000000000┋synogpoclientd is not running
⇳
