
Files:

File: ./logs/synology-DS6/synologydrive.log
  About:
      FileType      : TEXT UTF8/ASCII (text log)
      LogMessageType: text log lines
      Thread stack  : 100352 (bytes)
  Printed:
      bytes         : 3585
      flushes       : 17
      Lines         : 18
      Syslines      : 17
      Datetime first: 2018-12-06 02:27:57 -08:00 (2018-12-06 10:27:57.000000 +00:00)
      Datetime last : 2018-12-17 15:09:11 -08:00 (2018-12-17 23:09:11.000000 +00:00)
  Processed:
      file size     : 2361 (0x939) (bytes)
      bytes         : 2361 (0x939)
      bytes total   : 2361 (0x939)
      Block size    : 256 (0x100)
      Blocks        : 10
      Blocks total  : 10 (2560 bytes)
      Lines         : 18
      Line longest  : 207 (bytes)
      Line parts    : 27
      Syslines      : 17
      Sysline longest: 254 (bytes)
      Syslines high : 9
      Datetime first: 2018-12-06 02:27:57 -08:00 (2018-12-06 10:27:57.000000 +00:00)
      Datetime last : 2018-12-17 15:09:11 -08:00 (2018-12-17 23:09:11.000000 +00:00)
      out of order  : 0
  Parsers:
  Processing stores:
      storage: LineReader::find_line() lines                       : hit  0, miss 35,  0.0%
      caching: LineReader::find_line() LRU cache                   : hit 17, miss 18, 48.6%, put 18
      copying: SyslineReader::get_boxptrs()                        : sgl 90, dbl   3, mult  0
      storage: SyslineReader::find_sysline() syslines              : hit  0, miss 17,  0.0%
      caching: SyslineReader::find_sysline() syslines_by_range_map : hit  0, miss  1,  0.0%, put  1
      caching: SyslineReader::find_sysline() LRU cache             : hit  1, miss 17,  5.6%, put 17
      caching: SyslineReader::parse_datetime_in_line() LRU cache   : hit 16, miss 18, 47.1%, put  0
      optimize:SyslineReader::ezcheck12                            : hit  0, miss  0,  0.0%, largest skipped 0
      optimize:SyslineReader::ezcheckd2                            : hit  0, miss  4,  0.0%, largest skipped 0
      optimize:SyslineReader::ezcheck12d2                          : hit  0, miss 89,  0.0%, largest skipped 0
      process: regex captures                                      : hit 17, miss 76
  Processing Drops:

Program summary:

Paths considered       : 1
Paths not processed    : 0
Files processed        : 1
Files printed          : 1
Printed bytes          : 3653
Printed flushes        : 34
Printed Lines          : 18
Printed Syslines       : 17
Printed ASL events     : 0
Printed ETL events     : 0
Printed EVTX events    : 0
Printed FixedStruct    : 0
Printed Journal events : 0
Printed ODL events     : 0
Line Maximum                   : 393209
Line longest                   : 207
Sysline longest                : 254
EVTX event largest processed   : 0
EVTX event largest accepted    : 0
Journal event largest processed: 0
Journal event largest accepted : 0
Managed files max deflt: 980
Managed files max adjus: 200
Managed request open   : 1
Managed request read   : 0
Managed write calls    : 0
Managed seek calls     : 10
Managed metadata calls : 1
Managed open errors    : 0
Managed evict fails    : 0
Regex patterns known   : 188
Regex patterns compiled: 188
Datetime filter -a     : 1999-03-03 00:00:00 +00:00 (1999-03-03 00:00:00.000000 +00:00)
Datetime printed first : 2018-12-06 02:27:57 -08:00 (2018-12-06 10:27:57.000000 +00:00)
Datetime printed last  : 2018-12-17 15:09:11 -08:00 (2018-12-17 23:09:11.000000 +00:00)
Datetime filter -b     : 2026-01-02 00:00:00 +00:00 (2026-01-02 00:00:00.000000 +00:00)
Channel receive ok     : 19
Channel receive err    : 0
Threads spawned        : 1
Thread spawn errors    : 0
Temporary files created: 0
Platform               : x86_64-unknown-linux-gnu
Allocator              : system
