
Files:

File: ./logs/synology-DS6/synoscheduler.log
  About:
      filetype       : TEXT UTF8/ASCII (text log)
      logmessagetype : text log lines
  Printed:
      bytes         : 3162
      flushes       : 18
      lines         : 18
      syslines      : 18
      datetime first: 2016-12-05 20:37:01 -08:00 (2016-12-06 04:37:01.000000 +00:00)
      datetime last : 2017-05-15 04:00:05 -07:00 (2017-05-15 11:00:05.000000 +00:00)
  Processed:
      file size     : 1938 (0x792) (bytes)
      bytes         : 1938 (0x792)
      bytes total   : 1938 (0x792)
      block size    : 256 (0x100)
      blocks        : 8
      blocks total  : 8 (2048 bytes)
      lines         : 18
      syslines      : 18
      syslines high : 10
      datetime first     : 2016-12-05 20:37:01 -08:00 (2016-12-06 04:37:01.000000 +00:00)
      datetime last      : 2017-05-15 04:00:05 -07:00 (2017-05-15 11:00:05.000000 +00:00)
  Parsers:
  Processing Stores:
      storage: LineReader::find_line() lines                       : hit  0, miss 37,  0.0%
      caching: LineReader::find_line() LRU cache                   : hit 19, miss 20, 48.7%, put 18
      copying: SyslineReader::get_boxptrs()                        : sgl 91, dbl   3, mult  0
      storage: SyslineReader::find_sysline() syslines              : hit  0, miss 19,  0.0%
      caching: SyslineReader::find_sysline() syslines_by_range_map : hit  0, miss 19,  0.0%, put 18
      caching: SyslineReader::find_sysline() LRU cache             : hit  0, miss 19,  0.0%, put 18
      caching: SyslineReader::parse_datetime_in_line() LRU cache   : hit 18, miss 18, 50.0%, put  0
      optimize:SyslineReader::ezcheck12                            : hit  0, miss  0,  0.0%, largest skipped 0
      optimize:SyslineReader::ezcheckd2                            : hit  0, miss  4,  0.0%, largest skipped 0
      optimize:SyslineReader::ezcheck12d2                          : hit  0, miss 90,  0.0%, largest skipped 0
      process: regex captures attempted                            : 94
  Processing Drops:

Program Summary:

Paths considered       : 1
Paths not processed    : 0
Files processed        : 1
Files printed          : 1
Printed bytes          : 3234
Printed flushes        : 36
Printed lines          : 18
Printed syslines       : 18
Printed ETL events     : 0
Printed EVTX events    : 0
Printed fixedstruct    : 0
Printed journal events : 0
Printed ODL events     : 0
Regex patterns known   : 175
Regex patterns compiled: 77
Datetime filter -a     : 1999-03-03 00:00:00 +00:00 (1999-03-03 00:00:00.000000 +00:00)
Datetime printed first : 2016-12-05 20:37:01 -08:00 (2016-12-06 04:37:01.000000 +00:00)
Datetime printed last  : 2017-05-15 04:00:05 -07:00 (2017-05-15 11:00:05.000000 +00:00)
Datetime filter -b     : 2026-01-02 00:00:00 +00:00 (2026-01-02 00:00:00.000000 +00:00)
Channel Receive ok     : 20
Channel Receive err    : 0
Threads Spawned        : 1
Thread Spawn errors    : 0
Temporary files created: 0
Platform               : x86_64-unknown-linux-gnu
Allocator              : system
