./logs/synology-DS6/synocontentextractd.log┋20190107T081220.000000000┋2019-01-07T00:12:20-08:00 dsnet synocontentextractd: synocontentextractd.cpp:144 Parse file: /path1/Vol/Path5/path2011/contrib/libiconv/1.9.2/libiconv-1.9.2-src/po, cfg: {"need_meta":false}
⇳
./logs/synology-DS6/synocontentextractd.log┋20190107T081239.000000000┋2019-01-07T00:12:39-08:00 dsnet synocontentextractd: synocontentextractd.cpp:144 Parse file: /path1/Vol/Path5/path2011/contrib/libiconv/1.9.2/libiconv-1.9.2-src/libcharset, cfg: {"need_meta":false}
⇳
./logs/synology-DS6/synocontentextractd.log┋20190107T081309.000000000┋2019-01-07T00:13:09-08:00 dsnet synocontentextractd: synocontentextractd.cpp:144 Parse file: /path1/Vol/Path5/path2011/contrib/libiconv/1.9.2/libiconv-1.9.2-src/libcharset/tools, cfg: {"need_meta":false}
⇳
./logs/synology-DS6/synocontentextractd.log┋20190107T081337.000000000┋2019-01-07T00:13:37-08:00 dsnet synocontentextractd: synocontentextractd.cpp:144 Parse file: /path1/Vol/Path5/path2011/contrib/libiconv/1.9.2/libiconv-1.9.2-src/libcharset/m4, cfg: {"need_meta":false}
⇳
./logs/synology-DS6/synocontentextractd.log┋20190107T081349.000000000┋2019-01-07T00:13:49-08:00 dsnet synocontentextractd: synocontentextractd.cpp:144 Parse file: /path1/Vol/Path5/path2011/contrib/libiconv/1.9.2/libiconv-1.9.2-src/libcharset/lib, cfg: {"need_meta":false}
⇳
./logs/synology-DS6/synocontentextractd.log┋20190107T081420.000000000┋2019-01-07T00:14:20-08:00 dsnet synocontentextractd: synocontentextractd.cpp:144 Parse file: /path1/Vol/Path5/path2011/contrib/libiconv/1.9.2/libiconv-1.9.2-src/libcharset/djgpp, cfg: {"need_meta":false}
⇳
./logs/synology-DS6/synocontentextractd.log┋20190107T081439.000000000┋2019-01-07T00:14:39-08:00 dsnet synocontentextractd: synocontentextractd.cpp:144 Parse file: /path1/Vol/Path5/path2011/contrib/libiconv/1.9.2/libiconv-1.9.2-src/djgpp, cfg: {"need_meta":false}
⇳
./logs/synology-DS6/synocontentextractd.log┋20190107T081508.000000000┋2019-01-07T00:15:08-08:00 dsnet synocontentextractd: synocontentextractd.cpp:144 Parse file: /path1/Vol/Path5/path2011/contrib/libiconv/1.9.2/libiconv-1.9.2-src/extras, cfg: {"need_meta":false}
⇳
./logs/synology-DS6/synocontentextractd.log┋20190107T081532.000000000┋2019-01-07T00:15:32-08:00 dsnet synocontentextractd: synocontentextractd.cpp:144 Parse file: /path1/Vol/Path5/path2011/contrib/xpm2wico, cfg: {"need_meta":false}
⇳
./logs/synology-DS6/synocontentextractd.log┋20190107T081546.000000000┋2019-01-07T00:15:46-08:00 dsnet synocontentextractd: synocontentextractd.cpp:144 Parse file: /path1/Vol/Path5/path2011/contrib/xpm2wico/192.168.0.3, cfg: {"need_meta":false}
⇳
./logs/synology-DS6/synocontentextractd.log┋20190107T081735.000000000┋2019-01-07T00:17:35-08:00 dsnet synocontentextractd: synocontentextractd.cpp:144 Parse file: /path1/Vol/Path5/path2011/contrib/xpm2wico/192.168.0.3/xpm2wico-192.168.0.3-src, cfg: {"need_meta":false}
⇳
./logs/synology-DS6/synocontentextractd.log┋20190107T081756.000000000┋2019-01-07T00:17:56-08:00 dsnet synocontentextractd: synocontentextractd.cpp:144 Parse file: /path1/Vol/Path5/path2011/contrib/pdflib-lite, cfg: {"need_meta":false}
⇳
./logs/synology-DS6/synocontentextractd.log┋20190107T081812.000000000┋2019-01-07T00:18:12-08:00 dsnet synocontentextractd: synocontentextractd.cpp:144 Parse file: /path1/Vol/Path5/path2011/contrib/pdflib-lite/6.0.2, cfg: {"need_meta":false}
⇳
./logs/synology-DS6/synocontentextractd.log┋20190107T081822.000000000┋2019-01-07T00:18:22-08:00 dsnet synocontentextractd: synocontentextractd.cpp:144 Parse file: /path1/Vol/Path5/path2011/contrib/pdflib-lite/6.0.2/pdflib-lite-6.0.2, cfg: {"need_meta":false}
⇳
./logs/synology-DS6/synocontentextractd.log┋20190107T081829.000000000┋2019-01-07T00:18:29-08:00 dsnet synocontentextractd: synocontentextractd.cpp:144 Parse file: /path1/Vol/Path5/path2011/contrib/pdflib-lite/6.0.2/pdflib-lite-6.0.2/libs, cfg: {"need_meta":false}
⇳
./logs/synology-DS6/synocontentextractd.log┋20190107T081834.000000000┋2019-01-07T00:18:34-08:00 dsnet synocontentextractd: synocontentextractd.cpp:144 Parse file: /path1/Vol/Path5/path2011/contrib/pdflib-lite/6.0.2/pdflib-lite-6.0.2/libs/jpeg, cfg: {"need_meta":false}
⇳
./logs/synology-DS6/synocontentextractd.log┋20190107T081840.000000000┋2019-01-07T00:18:40-08:00 dsnet synocontentextractd: synocontentextractd.cpp:144 Parse file: /path1/Vol/Path5/path2011/contrib/pdflib-lite/6.0.2/pdflib-lite-6.0.2/doc, cfg: {"need_meta":false}
⇳
./logs/synology-DS6/synocontentextractd.log┋20190107T081844.000000000┋2019-01-07T00:18:44-08:00 dsnet synocontentextractd: synocontentextractd.cpp:144 Parse file: /path1/Vol/Path5/path2011/contrib/pdflib-lite/6.0.2/pdflib-lite-6.0.2/doc/pdflib, cfg: {"need_meta":false}
⇳
./logs/synology-DS6/synocontentextractd.log┋20190107T081850.000000000┋2019-01-07T00:18:50-08:00 dsnet synocontentextractd: synocontentextractd.cpp:144 Parse file: /path1/Vol/Path5/path2011/contrib/pdflib-lite/6.0.2/pdflib-lite-6.0.2/bind, cfg: {"need_meta":false}
⇳
