./logs/synology-DS6/synofeasibilitycheck.log┋20161206T043636.000000000┋2016-12-05T20:36:36-08:00 DiskStation synoscgi_SYNO.Core.Network_1_set[8088]: feasibility_check.cpp:79 FeasibilityCheck: [Info] No [hostname_change] feasibility check config with type [hard].
⇳
./logs/synology-DS6/synofeasibilitycheck.log┋20161206T045359.000000000┋2016-12-05T20:53:59-08:00 dsnet synoscgi_SYNO.Core.Upgrade_1_status[16568]: feasibility_check.cpp:87 FeasibilityCheck: [Info] Start feasibility check [poweroff] with type [hard].
⇳
./logs/synology-DS6/synofeasibilitycheck.log┋20161206T045359.000000000┋2016-12-05T20:53:59-08:00 dsnet synoscgi_SYNO.Core.Upgrade_1_status[16568]: feasibility_check.cpp:106 FeasibilityCheck: [Info] [0] of feasibility check [poweroff] failed.
⇳
./logs/synology-DS6/synofeasibilitycheck.log┋20161206T045359.000000000┋2016-12-05T20:53:59-08:00 dsnet synoscgi_SYNO.Core.Upgrade_1_status[16568]: feasibility_check.cpp:79 FeasibilityCheck: [Info] No [upgrade_notice] feasibility check config with type [hard].
⇳
./logs/synology-DS6/synofeasibilitycheck.log┋20161206T045359.000000000┋2016-12-05T20:53:59-08:00 dsnet synoscgi_SYNO.Core.Upgrade_1_status[16568]: feasibility_check.cpp:87 FeasibilityCheck: [Info] Start feasibility check [poweroff] with type [soft].
⇳
./logs/synology-DS6/synofeasibilitycheck.log┋20161206T045359.000000000┋2016-12-05T20:53:59-08:00 dsnet synoscgi_SYNO.Core.Upgrade_1_status[16568]: feasibility_check.cpp:98 FeasibilityCheck: [Info] Feasibility check [/usr/syno/share/feasibilitycheck/poweroff.d/RaidResync.cfg] failed.
⇳
./logs/synology-DS6/synofeasibilitycheck.log┋20161206T045400.000000000┋2016-12-05T20:54:00-08:00 dsnet synoscgi_SYNO.Core.Upgrade_1_status[16568]: feasibility_check.cpp:106 FeasibilityCheck: [Info] [1] of feasibility check [poweroff] failed.
⇳
./logs/synology-DS6/synofeasibilitycheck.log┋20161206T045400.000000000┋2016-12-05T20:54:00-08:00 dsnet synoscgi_SYNO.Core.Upgrade_1_status[16568]: feasibility_check.cpp:79 FeasibilityCheck: [Info] No [upgrade_notice] feasibility check config with type [soft].
⇳
./logs/synology-DS6/synofeasibilitycheck.log┋20161206T050050.000000000┋2016-12-05T21:00:50-08:00 dsnet synoscgi_SYNO.Core.System_1_shutdown[16568]: feasibility_check.cpp:87 FeasibilityCheck: [Info] Start feasibility check [poweroff] with type [hard].
⇳
./logs/synology-DS6/synofeasibilitycheck.log┋20161206T050050.000000000┋2016-12-05T21:00:50-08:00 dsnet synoscgi_SYNO.Core.System_1_shutdown[16568]: feasibility_check.cpp:106 FeasibilityCheck: [Info] [0] of feasibility check [poweroff] failed.
⇳
./logs/synology-DS6/synofeasibilitycheck.log┋20161206T050050.000000000┋2016-12-05T21:00:50-08:00 dsnet synoscgi_SYNO.Core.System_1_shutdown[16568]: feasibility_check.cpp:87 FeasibilityCheck: [Info] Start feasibility check [poweroff] with type [soft].
⇳
./logs/synology-DS6/synofeasibilitycheck.log┋20161206T050050.000000000┋2016-12-05T21:00:50-08:00 dsnet synoscgi_SYNO.Core.System_1_shutdown[16568]: feasibility_check.cpp:98 FeasibilityCheck: [Info] Feasibility check [/usr/syno/share/feasibilitycheck/poweroff.d/RaidResync.cfg] failed.
⇳
./logs/synology-DS6/synofeasibilitycheck.log┋20161206T050050.000000000┋2016-12-05T21:00:50-08:00 dsnet synoscgi_SYNO.Core.System_1_shutdown[16568]: feasibility_check.cpp:106 FeasibilityCheck: [Info] [1] of feasibility check [poweroff] failed.
⇳
./logs/synology-DS6/synofeasibilitycheck.log┋20161206T050053.000000000┋2016-12-05T21:00:53-08:00 dsnet synoscgi_SYNO.Core.System_1_shutdown[16568]: feasibility_check.cpp:87 FeasibilityCheck: [Info] Start feasibility check [poweroff] with type [hard].
⇳
./logs/synology-DS6/synofeasibilitycheck.log┋20161206T050053.000000000┋2016-12-05T21:00:53-08:00 dsnet synoscgi_SYNO.Core.System_1_shutdown[16568]: feasibility_check.cpp:106 FeasibilityCheck: [Info] [0] of feasibility check [poweroff] failed.
⇳
./logs/synology-DS6/synofeasibilitycheck.log┋20161206T050054.000000000┋2016-12-05T21:00:54-08:00 dsnet synoscgi_SYNO.Core.System_1_shutdown[16568]: feasibility_check.cpp:87 FeasibilityCheck: [Info] Start feasibility check [poweroff] with type [critical].
⇳
./logs/synology-DS6/synofeasibilitycheck.log┋20161206T050054.000000000┋2016-12-05T21:00:54-08:00 dsnet synoscgi_SYNO.Core.System_1_shutdown[16568]: feasibility_check.cpp:106 FeasibilityCheck: [Info] [0] of feasibility check [poweroff] failed.
⇳
./logs/synology-DS6/synofeasibilitycheck.log┋20161206T050054.000000000┋2016-12-05T21:00:54-08:00 dsnet synoscgi_SYNO.Core.System_1_shutdown[16568]: feasibility_check.cpp:87 FeasibilityCheck: [Info] Start feasibility check [poweroff] with type [critical].
⇳
./logs/synology-DS6/synofeasibilitycheck.log┋20161206T050054.000000000┋2016-12-05T21:00:54-08:00 dsnet synoscgi_SYNO.Core.System_1_shutdown[16568]: feasibility_check.cpp:106 FeasibilityCheck: [Info] [0] of feasibility check [poweroff] failed.
⇳
