./logs/synology-DS6/synoservice.log┋20200211T112426.000000000┋2020-02-11T03:24:26-08:00 dsnet synoservice: service_reload.c:20 synoservice: reload [syslog-ng].
⇳
./logs/synology-DS6/synoservice.log┋20200211T112434.000000000┋2020-02-11T03:24:34-08:00 dsnet synoservice: service_reload.c:46 synoservice: finish reload [syslog-ng].
⇳
./logs/synology-DS6/synoservice.log┋20200211T150150.000000000┋2020-02-11T07:01:50-08:00 dsnet synoservice: service_reload.c:20 synoservice: reload [syslog-ng].
⇳
./logs/synology-DS6/synoservice.log┋20200211T150154.000000000┋2020-02-11T07:01:54-08:00 dsnet synoservice: service_reload.c:46 synoservice: finish reload [syslog-ng].
⇳
./logs/synology-DS6/synoservice.log┋20200211T192606.000000000┋2020-02-11T11:26:06-08:00 dsnet synoservice: service_reload.c:20 synoservice: reload [syslog-ng].
⇳
./logs/synology-DS6/synoservice.log┋20200211T192610.000000000┋2020-02-11T11:26:10-08:00 dsnet synoservice: service_reload.c:46 synoservice: finish reload [syslog-ng].
⇳
./logs/synology-DS6/synoservice.log┋20200211T232956.000000000┋2020-02-11T15:29:56-08:00 dsnet synoservice: service_reload.c:20 synoservice: reload [syslog-ng].
⇳
./logs/synology-DS6/synoservice.log┋20200211T233001.000000000┋2020-02-11T15:30:01-08:00 dsnet synoservice: service_reload.c:46 synoservice: finish reload [syslog-ng].
⇳
./logs/synology-DS6/synoservice.log┋20200212T033238.000000000┋2020-02-11T19:32:38-08:00 dsnet synoservice: service_reload.c:20 synoservice: reload [syslog-ng].
⇳
./logs/synology-DS6/synoservice.log┋20200212T033242.000000000┋2020-02-11T19:32:42-08:00 dsnet synoservice: service_reload.c:46 synoservice: finish reload [syslog-ng].
⇳
./logs/synology-DS6/synoservice.log┋20200212T080723.000000000┋2020-02-12T00:07:23-08:00 dsnet synoservice: service_reload.c:20 synoservice: reload [syslog-ng].
⇳
./logs/synology-DS6/synoservice.log┋20200212T080726.000000000┋2020-02-12T00:07:26-08:00 dsnet synoservice: service_reload.c:46 synoservice: finish reload [syslog-ng].
⇳
./logs/synology-DS6/synoservice.log┋20200212T104419.000000000┋2020-02-12T02:44:19-08:00 dsnet img_backup: service_stop.c:23 synoservice: [pkgctl-SynologyMoments] stopping ...
⇳
./logs/synology-DS6/synoservice.log┋20200212T104429.000000000┋2020-02-12T02:44:29-08:00 dsnet synopkgctl: service_reload.c:20 synoservice: reload [synoindexd].
⇳
./logs/synology-DS6/synoservice.log┋20200212T104429.000000000┋2020-02-12T02:44:29-08:00 dsnet synopkgctl: service_reload.c:46 synoservice: finish reload [synoindexd].
⇳
./logs/synology-DS6/synoservice.log┋20200212T104429.000000000┋2020-02-12T02:44:29-08:00 dsnet synopkgctl: service_reload.c:20 synoservice: reload [synomkthumbd].
⇳
./logs/synology-DS6/synoservice.log┋20200212T104429.000000000┋2020-02-12T02:44:29-08:00 dsnet synopkgctl: service_reload.c:46 synoservice: finish reload [synomkthumbd].
⇳
./logs/synology-DS6/synoservice.log┋20200212T104429.000000000┋2020-02-12T02:44:29-08:00 dsnet synopkgctl: service_reload.c:20 synoservice: reload [synomkflvd].
⇳
./logs/synology-DS6/synoservice.log┋20200212T104429.000000000┋2020-02-12T02:44:29-08:00 dsnet synopkgctl: service_reload.c:46 synoservice: finish reload [synomkflvd].
⇳
