
Files:

File: ./logs/synology-DS6/synoindex.log
  About:
      filetype       : TEXT UTF8/ASCII (text log)
      logmessagetype : text log lines
  Printed:
      bytes         : 1947
      flushes       : 8
      lines         : 8
      syslines      : 8
      datetime first: 2018-12-06 02:30:31 -08:00 (2018-12-06 10:30:31.000000 +00:00)
      datetime last : 2018-12-06 04:15:48 -08:00 (2018-12-06 12:15:48.000000 +00:00)
  Processed:
      file size     : 1435 (0x59B) (bytes)
      bytes         : 1435 (0x59B)
      bytes total   : 1435 (0x59B)
      block size    : 256 (0x100)
      blocks        : 6
      blocks total  : 6 (1536 bytes)
      lines         : 8
      syslines      : 8
      syslines high : 7
      datetime first     : 2018-12-06 02:30:31 -08:00 (2018-12-06 10:30:31.000000 +00:00)
      datetime last      : 2018-12-06 04:15:48 -08:00 (2018-12-06 12:15:48.000000 +00:00)
  Parsers:
  Processing Stores:
      storage: LineReader::find_line() lines                       : hit  0, miss 17,  0.0%
      caching: LineReader::find_line() LRU cache                   : hit  9, miss 10, 47.4%, put  8
      copying: SyslineReader::get_boxptrs()                        : sgl 84, dbl   0, mult  0
      storage: SyslineReader::find_sysline() syslines              : hit  0, miss  9,  0.0%
      caching: SyslineReader::find_sysline() syslines_by_range_map : hit  0, miss  9,  0.0%, put  8
      caching: SyslineReader::find_sysline() LRU cache             : hit  0, miss  9,  0.0%, put  8
      caching: SyslineReader::parse_datetime_in_line() LRU cache   : hit  8, miss  8, 50.0%, put  0
      optimize:SyslineReader::ezcheck12                            : hit  0, miss  0,  0.0%, largest skipped 0
      optimize:SyslineReader::ezcheckd2                            : hit  0, miss  4,  0.0%, largest skipped 0
      optimize:SyslineReader::ezcheck12d2                          : hit  0, miss 80,  0.0%, largest skipped 0
      process: regex captures attempted                            : 84
  Processing Drops:

Program Summary:

Paths considered       : 1
Paths not processed    : 0
Files processed        : 1
Files printed          : 1
Printed bytes          : 1979
Printed flushes        : 16
Printed lines          : 8
Printed syslines       : 8
Printed ASL events     : 0
Printed ETL events     : 0
Printed EVTX events    : 0
Printed fixedstruct    : 0
Printed journal events : 0
Printed ODL events     : 0
Regex patterns known   : 175
Regex patterns compiled: 77
Datetime filter -a     : 1999-03-03 00:00:00 +00:00 (1999-03-03 00:00:00.000000 +00:00)
Datetime printed first : 2018-12-06 02:30:31 -08:00 (2018-12-06 10:30:31.000000 +00:00)
Datetime printed last  : 2018-12-06 04:15:48 -08:00 (2018-12-06 12:15:48.000000 +00:00)
Datetime filter -b     : 2026-01-02 00:00:00 +00:00 (2026-01-02 00:00:00.000000 +00:00)
Channel Receive ok     : 10
Channel Receive err    : 0
Threads Spawned        : 1
Thread Spawn errors    : 0
Temporary files created: 0
Platform               : x86_64-unknown-linux-gnu
Allocator              : system
