
Files:

File: ./logs/synology-DS6/synocmsclient.log
  About:
      filetype       : TEXT UTF8/ASCII
      logmessagetype : syslog lines
  Printed:
      bytes         : 1900
      flushes       : 11
      lines         : 19
      syslines      : 11
  Processed:
      file size     : 608 (0x260) (bytes)
      bytes         : 608 (0x260)
      bytes total   : 608 (0x260)
      block size    : 256 (0x100)
      blocks        : 3
      blocks total  : 3 (768 bytes)
      lines         : 19
      syslines      : 11
      syslines high : 11
  Parsers:
  Processing Stores:
      storage: LineReader::find_line() lines                       : hit  0, miss 37,  0.0%
      caching: LineReader::find_line() LRU cache                   : hit 11, miss 20, 35.5%, put 19
      copying: SyslineReader::get_boxptrs()                        : sgl 96, dbl   2, mult  0
      storage: SyslineReader::find_sysline() syslines              : hit  0, miss 11,  0.0%
      caching: SyslineReader::find_sysline() syslines_by_range_map : hit  0, miss 11,  0.0%, put 11
      caching: SyslineReader::find_sysline() LRU cache             : hit  1, miss 11,  8.3%, put 11
      caching: SyslineReader::parse_datetime_in_line() LRU cache   : hit 10, miss 19, 34.5%, put  0
      optimize:SyslineReader::ezcheck12                            : hit  0, miss  0,  0.0%, largest skipped 0
      optimize:SyslineReader::ezcheckd2                            : hit  0, miss  4,  0.0%, largest skipped 0
      optimize:SyslineReader::ezcheck12d2                          : hit  8, miss 86,  8.5%, largest skipped 44
      process: regex captures attempted                            : 90
  Processing Drops:

Program Summary:

Paths considered       : 1
Paths not processed    : 0
Files processed        : 1
Files printed          : 1
Printed bytes          : 1944
Printed flushes        : 22
Printed lines          : 19
Printed syslines       : 11
Printed evtx events    : 0
Printed fixedstruct    : 0
Printed journal events : 0
Regex patterns known   : 158
Regex patterns compiled: 80
Datetime filter -a     : 1999-03-03 00:00:00 +00:00 (1999-03-03 00:00:00 +00:00)
Datetime filter -b     : 2023-04-10 22:10:32 +00:00 (2023-04-10 22:10:32 +00:00)
Channel Receive ok     : 13
Channel Receive err    : 0
Threads Spawned        : 1
Thread Spawn errors    : 0
Platform               : x86_64-unknown-linux-gnu
Allocator              : Jemalloc
