
Files:

File: ./logs/synology-DS6/synocrond.log
  About:
      FileType      : TEXT UTF8/ASCII (text log)
      LogMessageType: text log lines
      Thread stack  : 102400 (bytes)
  Printed:
      bytes         : 2343
      flushes       : 11
      Lines         : 11
      Syslines      : 11
      Datetime first: 2019-09-01 02:44:55 -07:00 (2019-09-01 09:44:55.000000 +00:00)
      Datetime last : 2019-09-04 02:42:28 -07:00 (2019-09-04 09:42:28.000000 +00:00)
  Processed:
      file size     : 1639 (0x667) (bytes)
      bytes         : 1639 (0x667)
      bytes total   : 1639 (0x667)
      Block size    : 256 (0x100)
      Blocks        : 7
      Blocks total  : 7 (1792 bytes)
      Blocks high   : 6 (1536 bytes)
      Lines         : 11
      Line longest  : 159 (bytes)
      Lines high    : 9
      Line parts    : 18
      Syslines      : 11
      Sysline longest: 159 (bytes)
      Syslines high : 8
      Datetime first: 2019-09-01 02:44:55 -07:00 (2019-09-01 09:44:55.000000 +00:00)
      Datetime last : 2019-09-04 02:42:28 -07:00 (2019-09-04 09:42:28.000000 +00:00)
      out of order  : 0
  Parsers:
  Processing stores:
      storage: LineReader::find_line() lines                       : hit  0, miss 23,  0.0%
      caching: LineReader::find_line() LRU cache                   : hit 12, miss 12, 50.0%, put 11
      copying: SyslineReader::get_boxptrs()                        : sgl 84, dbl   2, mult  0
      storage: SyslineReader::find_sysline() syslines              : hit  0, miss 12,  0.0%
      caching: SyslineReader::find_sysline() syslines_by_range_map : hit  0, miss  2,  0.0%, put  1
      caching: SyslineReader::find_sysline() LRU cache             : hit  0, miss 12,  0.0%, put 11
      caching: SyslineReader::parse_datetime_in_line() LRU cache   : hit 11, miss 11, 50.0%, put  0
      optimize:SyslineReader::ezcheck12                            : hit  0, miss  0,  0.0%, largest skipped 0
      optimize:SyslineReader::ezcheckd2                            : hit  0, miss  4,  0.0%, largest skipped 0
      optimize:SyslineReader::ezcheck12d2                          : hit  0, miss 82,  0.0%, largest skipped 0
      process: regex captures                                      : hit 11, miss 75
  Processing Drops:

Program summary:

Paths considered       : 1
Paths not processed    : 0
Files processed        : 1
Files printed          : 1
Printed bytes          : 2387
Printed flushes        : 22
Printed Lines          : 11
Printed Syslines       : 11
Printed ASL events     : 0
Printed ETL events     : 0
Printed EVTX events    : 0
Printed FixedStruct    : 0
Printed Journal events : 0
Printed ODL events     : 0
Line longest                   : 159
Sysline longest                : 159
EVTX event largest processed   : 0
EVTX event largest accepted    : 0
Journal event largest processed: 0
Journal event largest accepted : 0
Managed files max deflt: 980
Managed files max adjus: 200
Managed handles high   : 1
Managed request open   : 1
Managed request read   : 0
Managed read calls     : 7
Managed write calls    : 0
Managed seek calls     : 7
Managed metadata calls : 1
Managed open errors    : 0
Managed evict fails    : 0
Unmanaged handles high : 0
Regex patterns known   : 188
Regex patterns compiled: 188
Datetime filter -a     : 1999-03-03 00:00:00 +00:00 (1999-03-03 00:00:00.000000 +00:00)
Datetime printed first : 2019-09-01 02:44:55 -07:00 (2019-09-01 09:44:55.000000 +00:00)
Datetime printed last  : 2019-09-04 02:42:28 -07:00 (2019-09-04 09:42:28.000000 +00:00)
Datetime filter -b     : 2026-01-02 00:00:00 +00:00 (2026-01-02 00:00:00.000000 +00:00)
Channel receive ok     : 13
Channel receive err    : 0
Threads spawned        : 1
Thread spawn errors    : 0
Temporary files created: 0
Platform               : x86_64-unknown-linux-gnu
Allocator              : system
