
Files:

File: ./logs/synology-DS6/usbcopyd.log
  About:
      filetype       : TEXT UTF8/ASCII
      logmessagetype : syslog lines
  Printed:
      bytes         : 3070
      flushes       : 19
      lines         : 19
      syslines      : 19
  Processed:
      file size     : 1873 (0x751) (bytes)
      bytes         : 1873 (0x751)
      bytes total   : 1873 (0x751)
      block size    : 256 (0x100)
      blocks        : 8
      blocks total  : 8 (2048 bytes)
      lines         : 19
      syslines      : 19
      syslines high : 10
  Parsers:
  Processing Stores:
      storage: LineReader::find_line() lines                       : hit  0, miss 37,  0.0%
      caching: LineReader::find_line() LRU cache                   : hit 19, miss 20, 48.7%, put 19
      copying: SyslineReader::get_boxptrs()                        : sgl 91, dbl   4, mult  0
      storage: SyslineReader::find_sysline() syslines              : hit  0, miss 19,  0.0%
      caching: SyslineReader::find_sysline() syslines_by_range_map : hit  0, miss 19,  0.0%, put 19
      caching: SyslineReader::find_sysline() LRU cache             : hit  1, miss 19,  5.0%, put 19
      caching: SyslineReader::parse_datetime_in_line() LRU cache   : hit 18, miss 19, 48.6%, put  0
      optimize:SyslineReader::ezcheck12                            : hit  0, miss  0,  0.0%, largest skipped 0
      optimize:SyslineReader::ezcheckd2                            : hit  0, miss  4,  0.0%, largest skipped 0
      optimize:SyslineReader::ezcheck12d2                          : hit  0, miss 91,  0.0%, largest skipped 0
      process: regex captures attempted                            : 95
  Processing Drops:

Program Summary:

Paths considered       : 1
Paths not processed    : 0
Files processed        : 1
Files printed          : 1
Printed bytes          : 3146
Printed flushes        : 38
Printed lines          : 19
Printed syslines       : 19
Printed evtx events    : 0
Printed fixedstruct    : 0
Printed journal events : 0
Regex patterns known   : 175
Regex patterns compiled: 77
Datetime filter -a     : 1999-03-03 00:00:00 +00:00 (1999-03-03 00:00:00 +00:00)
Datetime filter -b     : 2023-04-10 22:10:32 +00:00 (2023-04-10 22:10:32 +00:00)
Channel Receive ok     : 21
Channel Receive err    : 0
Threads Spawned        : 1
Thread Spawn errors    : 0
Platform               : x86_64-unknown-linux-gnu
Allocator              : system
