
Files:

File: ./logs/FreeBSD13.1/devd.log
  About:
      filetype      : TEXT UTF8/ASCII (text log)
      logmessagetype: text log lines
  Printed:
      bytes         : 1714
      flushes       : 9
      lines         : 19
      syslines      : 9
      datetime first: 2023-03-09 15:15:21 +08:00 (2023-03-09 07:15:21.000000 +00:00)
      datetime last : 2023-03-17 15:15:21 +08:00 (2023-03-17 07:15:21.000000 +00:00)
  Processed:
      file size     : 612 (0x264) (bytes)
      bytes         : 612 (0x264)
      bytes total   : 612 (0x264)
      block size    : 256 (0x100)
      blocks        : 3
      blocks total  : 3 (768 bytes)
      lines         : 19
      line parts    : 21
      syslines      : 10
      syslines high : 9
      datetime first: 2023-03-09 15:15:21 +08:00 (2023-03-09 07:15:21.000000 +00:00)
      datetime last : 2023-03-17 15:15:21 +08:00 (2023-03-17 07:15:21.000000 +00:00)
      out of order  : 0
  Parsers:
                   datetime format missing year; estimated year of last sysline 2023
  Processing Stores:
      storage: LineReader::find_line() lines                       : hit  17, miss  40, 29.8%
      caching: LineReader::find_line() LRU cache                   : hit   2, miss  39,  4.9%, put  39
      copying: SyslineReader::get_boxptrs()                        : sgl 249, dbl    0, mult   0
      storage: SyslineReader::find_sysline() syslines              : hit   8, miss  10, 44.4%
      caching: SyslineReader::find_sysline() syslines_by_range_map : hit   1, miss  10,  9.1%, put  10
      caching: SyslineReader::find_sysline() LRU cache             : hit   0, miss  19,  0.0%, put  19
      caching: SyslineReader::parse_datetime_in_line() LRU cache   : hit   8, miss  32, 20.0%, put   0
      optimize:SyslineReader::ezcheck12                            : hit   0, miss   0,  0.0%, largest skipped 0
      optimize:SyslineReader::ezcheckd2                            : hit  38, miss  14, 73.1%, largest skipped 8
      optimize:SyslineReader::ezcheck12d2                          : hit 168, miss  29, 85.3%, largest skipped 8
      process: regex captures                                      : hit  11, miss  32
  Processing Drops:

Program Summary:

Paths considered       : 1
Paths not processed    : 0
Files processed        : 1
Files printed          : 1
Printed bytes          : 1750
Printed flushes        : 18
Printed lines          : 19
Printed syslines       : 9
Printed ASL events     : 0
Printed ETL events     : 0
Printed EVTX events    : 0
Printed fixedstruct    : 0
Printed journal events : 0
Printed ODL events     : 0
Managed files max def. : 200
Managed files max adj. : 200
Managed files high     : 1
Managed request open   : 1
Managed request read   : 0
Managed read calls     : 3
Managed write calls    : 0
Managed seek calls     : 3
Managed metadata calls : 1
Managed open errors    : 0
Managed evict fails    : 0
Regex patterns known   : 188
Regex patterns compiled: 188
Datetime filter -a     : 1999-03-03 00:00:00 +00:00 (1999-03-03 00:00:00.000000 +00:00)
Datetime printed first : 2023-03-09 15:15:21 +08:00 (2023-03-09 07:15:21.000000 +00:00)
Datetime printed last  : 2023-03-17 15:15:21 +08:00 (2023-03-17 07:15:21.000000 +00:00)
Datetime filter -b     : 2026-01-02 00:00:00 +00:00 (2026-01-02 00:00:00.000000 +00:00)
Channel Receive ok     : 11
Channel Receive err    : 0
Threads Spawned        : 1
Thread Spawn errors    : 0
Temporary files created: 0
Platform               : x86_64-unknown-linux-gnu
Allocator              : system
