
Files:

File: ./logs/Windows10Pro/Performance/WinSAT/winsat.log
  About:
      FileType      : TEXT UTF8/ASCII (text log)
      LogMessageType: text log lines
      Thread stack  : 102400 (bytes)
  Printed:
      bytes         : 12069
      flushes       : 6
      Lines         : 74
      Syslines      : 3
      Datetime first: 2022-05-17 14:26:09 +08:00 (2022-05-17 06:26:09.000000 +00:00)
      Datetime last : 2022-09-14 12:38:46 +08:00 (2022-09-14 04:38:46.000000 +00:00)
  Processed:
      file size     : 6149 (0x1805) (bytes)
      bytes         : 6149 (0x1805)
      bytes total   : 6149 (0x1805)
      Block size    : 256 (0x100)
      Blocks        : 25
      Blocks total  : 25 (6400 bytes)
      Blocks high   : 25 (6400 bytes)
      Lines         : 74
      Line longest  : 138 (bytes)
      Lines high    : 74
      Line parts    : 99
      Syslines      : 3
      Sysline longest: 2102 (bytes)
      Syslines high : 3
      Datetime first: 2022-05-17 14:26:09 +08:00 (2022-05-17 06:26:09.000000 +00:00)
      Datetime last : 2022-09-14 12:38:46 +08:00 (2022-09-14 04:38:46.000000 +00:00)
      out of order  : 0
  Parsers:
  Processing stores:
      storage: LineReader::find_line() lines                       : hit   5, miss 144,  3.4%
      caching: LineReader::find_line() LRU cache                   : hit   5, miss  75,  6.2%, put  74
      copying: SyslineReader::get_boxptrs()                        : sgl 291, dbl   24, mult   0
      storage: SyslineReader::find_sysline() syslines              : hit   0, miss   4,  0.0%
      caching: SyslineReader::find_sysline() syslines_by_range_map : hit   0, miss   2,  0.0%, put   1
      caching: SyslineReader::find_sysline() LRU cache             : hit   0, miss   4,  0.0%, put   3
      caching: SyslineReader::parse_datetime_in_line() LRU cache   : hit   3, miss  75,  3.8%, put   0
      optimize:SyslineReader::ezcheck12                            : hit   0, miss   0,  0.0%, largest skipped 0
      optimize:SyslineReader::ezcheckd2                            : hit   0, miss  24,  0.0%, largest skipped 0
      optimize:SyslineReader::ezcheck12d2                          : hit   0, miss 291,  0.0%, largest skipped 0
      process: regex captures                                      : hit   3, miss 312
  Processing Drops:

Program summary:

Paths considered       : 1
Paths not processed    : 0
Files processed        : 1
Files printed          : 1
Printed bytes          : 12082
Printed flushes        : 10
Printed Lines          : 74
Printed Syslines       : 3
Printed ASL events     : 0
Printed ETL events     : 0
Printed EVTX events    : 0
Printed FixedStruct    : 0
Printed Journal events : 0
Printed ODL events     : 0
Line longest                   : 138
Sysline longest                : 2102
EVTX event largest processed   : 0
EVTX event largest accepted    : 0
Journal event largest processed: 0
Journal event largest accepted : 0
Managed files max deflt: 980
Managed files max adjus: 200
Managed handles high   : 1
Managed request open   : 1
Managed request read   : 0
Managed read calls     : 25
Managed write calls    : 0
Managed seek calls     : 25
Managed metadata calls : 1
Managed open errors    : 0
Managed evict fails    : 0
Unmanaged handles high : 0
Regex patterns known   : 188
Regex patterns compiled: 188
Datetime filter -a     : 1999-03-03 00:00:00 +00:00 (1999-03-03 00:00:00.000000 +00:00)
Datetime printed first : 2022-05-17 14:26:09 +08:00 (2022-05-17 06:26:09.000000 +00:00)
Datetime printed last  : 2022-09-14 12:38:46 +08:00 (2022-09-14 04:38:46.000000 +00:00)
Datetime filter -b     : 2026-01-02 00:00:00 +00:00 (2026-01-02 00:00:00.000000 +00:00)
Channel receive ok     : 5
Channel receive err    : 0
Threads spawned        : 1
Thread spawn errors    : 0
Temporary files created: 0
Platform               : x86_64-unknown-linux-gnu
Allocator              : system
