./logs/Windows10Pro/Performance/WinSAT/winsat.log┋20220517T062609.000000000┋68902359 (21103) - exe\logging.cpp:0841: --- START 2022\5\17 14:26:09 PM ---
./logs/Windows10Pro/Performance/WinSAT/winsat.log┋20220517T062609.000000000┋68902359 (21103) - exe\main.cpp:4363: WinSAT registry node is created or present
./logs/Windows10Pro/Performance/WinSAT/winsat.log┋20220517T062609.000000000┋68902359 (21103) - exe\main.cpp:4394: Command Line = "C:\WINDOWS\system32\winsat.exe" disk -wsswap
./logs/Windows10Pro/Performance/WinSAT/winsat.log┋20220517T062609.000000000┋68902359 (21103) - exe\main.cpp:4016: INFO: The axe results path environment variable is not set. Assuming we aren't running under AXE.
./logs/Windows10Pro/Performance/WinSAT/winsat.log┋20220517T062609.000000000┋68902359 (21103) - exe\main.cpp:4500: INFO: Winsat is not running in AXE mode.
./logs/Windows10Pro/Performance/WinSAT/winsat.log┋20220517T062609.000000000┋68902359 (21103) - exe\main.cpp:4529: Skipping writing the Initial values to the registry - Axe Mode
./logs/Windows10Pro/Performance/WinSAT/winsat.log┋20220517T062609.000000000┋68902359 (21103) - exe\main.cpp:2531: > DWM not running.
./logs/Windows10Pro/Performance/WinSAT/winsat.log┋20220517T062609.000000000┋68902375 (21103) - exe\main.cpp:2496: > EMD service will be restored on exit.
./logs/Windows10Pro/Performance/WinSAT/winsat.log┋20220517T062609.000000000┋68902375 (21103) - exe\main.cpp:0816: > WinSAT info: Version=V10.0 Build-21103.1320
./logs/Windows10Pro/Performance/WinSAT/winsat.log┋20220517T062609.000000000┋
./logs/Windows10Pro/Performance/WinSAT/winsat.log┋20220517T062609.000000000┋68902375 (21103) - exe\main.cpp:0948: > IsOfficial=TRUE  IsFormal=FALSE  IsMoobe=FALSE  RanOverTs=FALSE  RanOnbatteries=FALSE
./logs/Windows10Pro/Performance/WinSAT/winsat.log┋20220517T062609.000000000┋68902375 (21103) - exe\main.cpp:3826: > Power 'execution' request successfully set.
./logs/Windows10Pro/Performance/WinSAT/winsat.log┋20220517T062609.000000000┋68902375 (21103) - exe\main.cpp:1764: > Run Assessment disk -wsswap -drive C:
./logs/Windows10Pro/Performance/WinSAT/winsat.log┋20220517T062609.000000000┋68902375 (21103) - storage\diskprof.cpp:0161: CCC Support not disabled in registry
./logs/Windows10Pro/Performance/WinSAT/winsat.log┋20220517T062609.000000000┋68902375 (21103) - storage\diskprof.cpp:0677: DiskProfilerThreadProc Launched with priority 0
./logs/Windows10Pro/Performance/WinSAT/winsat.log┋20220517T062609.000000000┋68902375 (21103) - storage\diskprof.cpp:0690: ITERATION NUMBER 1
./logs/Windows10Pro/Performance/WinSAT/winsat.log┋20220517T062609.000000000┋68902390 (21103) - storage\diskprof.cpp:0698: Random seed is 0123456789
./logs/Windows10Pro/Performance/WinSAT/winsat.log┋20220517T062609.000000000┋68918859 (21103) - exe\main.cpp:3865: > Power request 'execution' successfully cleared.
./logs/Windows10Pro/Performance/WinSAT/winsat.log┋20220517T062609.000000000┋68918875 (21103) - exe\processresults.cpp:4767: > Wrote wsswap throughput, from the profiler, to the registry 27571
./logs/Windows10Pro/Performance/WinSAT/winsat.log┋20220517T062609.000000000┋68918890 (21103) - exe\processresults.cpp:4777: > Wrote wsswap interference, from the profiler, to the registry 25009
./logs/Windows10Pro/Performance/WinSAT/winsat.log┋20220517T062609.000000000┋68918890 (21103) - exe\processresults.cpp:4854: Skipping Registry Entry for random read disk score
./logs/Windows10Pro/Performance/WinSAT/winsat.log┋20220517T062609.000000000┋68918890 (21103) - exe\processwinsaterror.cpp:0340: Skipping writing the exit code, cant msg and why msg to registry
./logs/Windows10Pro/Performance/WinSAT/winsat.log┋20220517T062609.000000000┋68918890 (21103) - exe\main.cpp:2764: > Successfully reenabled EMD.
./logs/Windows10Pro/Performance/WinSAT/winsat.log┋20220517T062609.000000000┋68918906 (21103) - exe\main.cpp:5040: > exit value = 0.
./logs/Windows10Pro/Performance/WinSAT/winsat.log┋20220517T062609.000000000┋
⇳
./logs/Windows10Pro/Performance/WinSAT/winsat.log┋20220616T084808.000000000┋27571 (21103) - exe\logging.cpp:0841: --- START 2022\6\16 16:48:08 PM ---
./logs/Windows10Pro/Performance/WinSAT/winsat.log┋20220616T084808.000000000┋27571 (21103) - exe\main.cpp:4363: WinSAT registry node is created or present
./logs/Windows10Pro/Performance/WinSAT/winsat.log┋20220616T084808.000000000┋27571 (21103) - exe\main.cpp:4394: Command Line = "C:\WINDOWS\system32\winsat.exe" disk -wsswap
./logs/Windows10Pro/Performance/WinSAT/winsat.log┋20220616T084808.000000000┋27571 (21103) - exe\main.cpp:4016: INFO: The axe results path environment variable is not set. Assuming we aren't running under AXE.
./logs/Windows10Pro/Performance/WinSAT/winsat.log┋20220616T084808.000000000┋27571 (21103) - exe\main.cpp:4500: INFO: Winsat is not running in AXE mode.
./logs/Windows10Pro/Performance/WinSAT/winsat.log┋20220616T084808.000000000┋27571 (21103) - exe\main.cpp:4529: Skipping writing the Initial values to the registry - Axe Mode
./logs/Windows10Pro/Performance/WinSAT/winsat.log┋20220616T084808.000000000┋27571 (21103) - exe\main.cpp:2531: > DWM not running.
./logs/Windows10Pro/Performance/WinSAT/winsat.log┋20220616T084808.000000000┋27571 (21103) - exe\main.cpp:2496: > EMD service will be restored on exit.
./logs/Windows10Pro/Performance/WinSAT/winsat.log┋20220616T084808.000000000┋27571 (21103) - exe\main.cpp:0816: > WinSAT info: Version=V10.0 Build-21103.1320
./logs/Windows10Pro/Performance/WinSAT/winsat.log┋20220616T084808.000000000┋
./logs/Windows10Pro/Performance/WinSAT/winsat.log┋20220616T084808.000000000┋27571 (21103) - exe\main.cpp:0948: > IsOfficial=TRUE  IsFormal=FALSE  IsMoobe=FALSE  RanOverTs=FALSE  RanOnbatteries=FALSE
./logs/Windows10Pro/Performance/WinSAT/winsat.log┋20220616T084808.000000000┋27571 (21103) - exe\main.cpp:3826: > Power 'execution' request successfully set.
./logs/Windows10Pro/Performance/WinSAT/winsat.log┋20220616T084808.000000000┋27571 (21103) - exe\main.cpp:1764: > Run Assessment disk -wsswap -drive C:
./logs/Windows10Pro/Performance/WinSAT/winsat.log┋20220616T084808.000000000┋27571 (21103) - storage\diskprof.cpp:0161: CCC Support not disabled in registry
./logs/Windows10Pro/Performance/WinSAT/winsat.log┋20220616T084808.000000000┋27571 (21103) - storage\diskprof.cpp:0677: DiskProfilerThreadProc Launched with priority 0
./logs/Windows10Pro/Performance/WinSAT/winsat.log┋20220616T084808.000000000┋27571 (21103) - storage\diskprof.cpp:0690: ITERATION NUMBER 1
./logs/Windows10Pro/Performance/WinSAT/winsat.log┋20220616T084808.000000000┋27571 (21103) - storage\diskprof.cpp:0698: Random seed is 0123456789
./logs/Windows10Pro/Performance/WinSAT/winsat.log┋20220616T084808.000000000┋27571 (21103) - exe\main.cpp:3865: > Power request 'execution' successfully cleared.
./logs/Windows10Pro/Performance/WinSAT/winsat.log┋20220616T084808.000000000┋27571 (21103) - exe\processresults.cpp:4767: > Wrote wsswap throughput, from the profiler, to the registry 27571
./logs/Windows10Pro/Performance/WinSAT/winsat.log┋20220616T084808.000000000┋27571 (21103) - exe\processresults.cpp:4777: > Wrote wsswap interference, from the profiler, to the registry 25009
./logs/Windows10Pro/Performance/WinSAT/winsat.log┋20220616T084808.000000000┋27571 (21103) - exe\processresults.cpp:4854: Skipping Registry Entry for random read disk score
./logs/Windows10Pro/Performance/WinSAT/winsat.log┋20220616T084808.000000000┋27571 (21103) - exe\processwinsaterror.cpp:0340: Skipping writing the exit code, cant msg and why msg to registry
./logs/Windows10Pro/Performance/WinSAT/winsat.log┋20220616T084808.000000000┋27571 (21103) - exe\main.cpp:2764: > Successfully reenabled EMD.
./logs/Windows10Pro/Performance/WinSAT/winsat.log┋20220616T084808.000000000┋27571 (21103) - exe\main.cpp:5040: > exit value = 0.
./logs/Windows10Pro/Performance/WinSAT/winsat.log┋20220616T084808.000000000┋
⇳
./logs/Windows10Pro/Performance/WinSAT/winsat.log┋20220914T043846.000000000┋0123456789 (21103) - exe\logging.cpp:0841: --- START 2022\9\14 12:38:46 PM ---
./logs/Windows10Pro/Performance/WinSAT/winsat.log┋20220914T043846.000000000┋0123456789 (21103) - exe\main.cpp:4363: WinSAT registry node is created or present
./logs/Windows10Pro/Performance/WinSAT/winsat.log┋20220914T043846.000000000┋0123456789 (21103) - exe\main.cpp:4394: Command Line = "C:\WINDOWS\system32\winsat.exe" disk -wsswap
./logs/Windows10Pro/Performance/WinSAT/winsat.log┋20220914T043846.000000000┋0123456789 (21103) - exe\main.cpp:4016: INFO: The axe results path environment variable is not set. Assuming we aren't running under AXE.
./logs/Windows10Pro/Performance/WinSAT/winsat.log┋20220914T043846.000000000┋0123456789 (21103) - exe\main.cpp:4500: INFO: Winsat is not running in AXE mode.
./logs/Windows10Pro/Performance/WinSAT/winsat.log┋20220914T043846.000000000┋0123456789 (21103) - exe\main.cpp:4529: Skipping writing the Initial values to the registry - Axe Mode
./logs/Windows10Pro/Performance/WinSAT/winsat.log┋20220914T043846.000000000┋0123456789 (21103) - exe\main.cpp:2531: > DWM not running.
./logs/Windows10Pro/Performance/WinSAT/winsat.log┋20220914T043846.000000000┋0123456789 (21103) - exe\main.cpp:2496: > EMD service will be restored on exit.
./logs/Windows10Pro/Performance/WinSAT/winsat.log┋20220914T043846.000000000┋0123456789 (21103) - exe\main.cpp:0816: > WinSAT info: Version=V10.0 Build-21103.1320
./logs/Windows10Pro/Performance/WinSAT/winsat.log┋20220914T043846.000000000┋
./logs/Windows10Pro/Performance/WinSAT/winsat.log┋20220914T043846.000000000┋0123456789 (21103) - exe\main.cpp:0948: > IsOfficial=TRUE  IsFormal=FALSE  IsMoobe=FALSE  RanOverTs=FALSE  RanOnbatteries=FALSE
./logs/Windows10Pro/Performance/WinSAT/winsat.log┋20220914T043846.000000000┋0123456789 (21103) - exe\main.cpp:3826: > Power 'execution' request successfully set.
./logs/Windows10Pro/Performance/WinSAT/winsat.log┋20220914T043846.000000000┋0123456789 (21103) - exe\main.cpp:1764: > Run Assessment disk -wsswap -drive C:
./logs/Windows10Pro/Performance/WinSAT/winsat.log┋20220914T043846.000000000┋0123456789 (21103) - storage\diskprof.cpp:0161: CCC Support not disabled in registry
./logs/Windows10Pro/Performance/WinSAT/winsat.log┋20220914T043846.000000000┋0123456789 (21103) - storage\diskprof.cpp:0677: DiskProfilerThreadProc Launched with priority 0
./logs/Windows10Pro/Performance/WinSAT/winsat.log┋20220914T043846.000000000┋0123456789 (21103) - storage\diskprof.cpp:0690: ITERATION NUMBER 1
./logs/Windows10Pro/Performance/WinSAT/winsat.log┋20220914T043846.000000000┋0123456789 (21103) - storage\diskprof.cpp:0698: Random seed is 0123456789
./logs/Windows10Pro/Performance/WinSAT/winsat.log┋20220914T043846.000000000┋0123456789 (21103) - exe\main.cpp:3865: > Power request 'execution' successfully cleared.
./logs/Windows10Pro/Performance/WinSAT/winsat.log┋20220914T043846.000000000┋0123456789 (21103) - exe\processresults.cpp:4767: > Wrote wsswap throughput, from the profiler, to the registry 27571
./logs/Windows10Pro/Performance/WinSAT/winsat.log┋20220914T043846.000000000┋0123456789 (21103) - exe\processresults.cpp:4777: > Wrote wsswap interference, from the profiler, to the registry 21103
./logs/Windows10Pro/Performance/WinSAT/winsat.log┋20220914T043846.000000000┋0123456789 (21103) - exe\processresults.cpp:4854: Skipping Registry Entry for random read disk score
./logs/Windows10Pro/Performance/WinSAT/winsat.log┋20220914T043846.000000000┋0123456789 (21103) - exe\processwinsaterror.cpp:0340: Skipping writing the exit code, cant msg and why msg to registry
./logs/Windows10Pro/Performance/WinSAT/winsat.log┋20220914T043846.000000000┋0123456789 (21103) - exe\main.cpp:2764: > Successfully reenabled EMD.
./logs/Windows10Pro/Performance/WinSAT/winsat.log┋20220914T043846.000000000┋0123456789 (21103) - exe\main.cpp:5040: > exit value = 0.⇳

