Oct 06 01:14:54 Updated: libgcc-4.8.5-39.el7.x86_64
Oct 06 01:14:55 Updated: 1:grub2-common-2.02-0.80.el7.centos.noarch
Oct 06 01:14:55 Updated: centos-release-7-7.1908.0.el7.centos.x86_64
Oct 06 01:14:59 Updated: 1:grub2-pc-modules-2.02-0.80.el7.centos.noarch
Oct 06 01:14:59 Updated: 1:quota-nls-4.01-19.el7.noarch
Oct 06 01:14:59 Updated: 32:bind-license-9.11.4-9.P2.el7.noarch
Oct 06 01:15:15 Updated: tzdata-2019c-1.el7.noarch
Oct 06 01:15:16 Updated: bash-4.2.46-33.el7.x86_64
Oct 06 01:15:16 Updated: nss-softokn-freebl-3.44.0-5.el7.x86_64
Oct 06 01:15:28 Updated: glibc-common-2.17-292.el7.x86_64
Oct 06 01:15:33 Updated: glibc-2.17-292.el7.x86_64
Oct 06 01:15:33 Updated: nspr-4.21.0-1.el7.x86_64
Oct 06 01:15:34 Updated: nss-util-3.44.0-3.el7.x86_64
Oct 06 01:15:34 Updated: libcom_err-1.42.9-16.el7.x86_64
Oct 06 01:15:35 Updated: audit-libs-2.8.5-4.el7.x86_64
Oct 06 01:15:35 Updated: libcap-2.22-10.el7.x86_64
Oct 06 01:15:36 Updated: 1:openssl-libs-1.0.2k-19.el7.x86_64
Oct 06 01:15:41 Updated: coreutils-8.22-24.el7.x86_64
Oct 06 01:15:42 Updated: krb5-libs-1.15.1-37.el7_7.2.x86_64
Oct 06 01:15:46 Updated: 2:shadow-utils-4.6-5.el7.x86_64
Oct 06 01:15:46 Updated: libuuid-2.23.2-61.el7.x86_64
Oct 06 01:15:47 Updated: libblkid-2.23.2-61.el7.x86_64
Oct 06 01:15:48 Updated: libdb-5.3.21-25.el7.x86_64
Oct 06 01:15:48 Updated: elfutils-libelf-0.176-2.el7.x86_64
Oct 06 01:15:48 Updated: libmount-2.23.2-61.el7.x86_64
Oct 06 01:15:51 Updated: glib2-2.56.1-5.el7.x86_64
Oct 06 01:15:51 Updated: diffutils-3.3-5.el7.x86_64
Oct 06 01:15:52 Updated: readline-6.2-11.el7.x86_64
Oct 06 01:16:17 Updated: python-libs-2.7.5-86.el7.x86_64
Oct 06 01:16:17 Updated: python-2.7.5-86.el7.x86_64
Oct 06 01:16:18 Updated: libstdc++-4.8.5-39.el7.x86_64
Oct 06 01:16:18 Updated: libtirpc-0.2.4-0.16.el7.x86_64
Oct 06 01:16:18 Updated: e2fsprogs-libs-1.42.9-16.el7.x86_64
Oct 06 01:16:19 Updated: nss-softokn-3.44.0-5.el7.x86_64
Oct 06 01:16:19 Updated: nss-pem-1.0.3-7.el7.x86_64
Oct 06 01:16:20 Updated: nss-3.44.0-4.el7.x86_64
Oct 06 01:16:20 Updated: nss-sysinit-3.44.0-4.el7.x86_64
Oct 06 01:16:20 Updated: lz4-1.7.5-3.el7.x86_64
Oct 06 01:16:21 Updated: 2:ethtool-4.8-10.el7.x86_64
Oct 06 01:16:22 Updated: python-urllib3-1.10.2-7.el7.noarch
Oct 06 01:16:25 Updated: python-jinja2-2.7.2-4.el7.noarch
Oct 06 01:16:26 Updated: audit-libs-python-2.8.5-4.el7.x86_64
Oct 06 01:16:27 Updated: python-chardet-2.2.1-3.el7.noarch
Oct 06 01:16:28 Updated: python-requests-2.6.0-5.el7.noarch
Oct 06 01:16:28 Updated: python-perf-3.10.0-1062.1.2.el7.x86_64
Oct 06 01:16:28 Updated: python-linux-procfs-0.4.11-4.el7.noarch
Oct 06 01:16:29 Updated: libdb-utils-5.3.21-25.el7.x86_64
Oct 06 01:16:30 Updated: grubby-8.28-26.el7.x86_64
Oct 06 01:16:31 Installed: 32:bind-export-libs-9.11.4-9.P2.el7.x86_64
Oct 06 01:16:34 Updated: binutils-2.27-41.base.el7.x86_64
Oct 06 01:16:35 Updated: libssh2-1.8.0-3.el7.x86_64
Oct 06 01:16:35 Updated: libcurl-7.29.0-54.el7.x86_64
Oct 06 01:16:35 Installed: geoipupdate-2.5.0-1.el7.x86_64
Oct 06 01:16:36 Updated: GeoIP-1.5.0-14.el7.x86_64
Oct 06 01:16:36 Updated: curl-7.29.0-54.el7.x86_64
Oct 06 01:16:37 Updated: rpm-libs-4.11.3-40.el7.x86_64
Oct 06 01:16:39 Updated: rpm-4.11.3-40.el7.x86_64
Oct 06 01:16:39 Updated: rpm-build-libs-4.11.3-40.el7.x86_64
Oct 06 01:16:40 Updated: rpm-python-4.11.3-40.el7.x86_64
Oct 06 01:16:40 Updated: yum-plugin-fastestmirror-1.1.31-52.el7.noarch
Oct 06 01:16:42 Updated: yum-3.4.3-163.el7.centos.noarch
Oct 06 01:16:43 Updated: libss-1.42.9-16.el7.x86_64
Oct 06 01:16:44 Updated: e2fsprogs-1.42.9-16.el7.x86_64
Oct 06 01:16:44 Updated: kernel-tools-libs-3.10.0-1062.1.2.el7.x86_64
Oct 06 01:16:45 Updated: 1:make-3.82-24.el7.x86_64
Oct 06 01:16:45 Updated: freetype-2.8-14.el7.x86_64
Oct 06 01:16:46 Updated: sg3_utils-libs-1.37-18.el7_7.1.x86_64
Oct 06 01:16:46 Updated: 2:vim-minimal-7.4.629-6.el7.x86_64
Oct 06 01:16:46 Updated: libteam-1.27-9.el7.x86_64
Oct 06 01:16:47 Updated: numactl-libs-2.0.12-3.el7.x86_64
Oct 06 01:16:47 Updated: 1:dmidecode-3.2-3.el7.x86_64
Oct 06 01:16:47 Updated: kmod-libs-20-25.el7.x86_64
Oct 06 01:16:48 Updated: libsmartcols-2.23.2-61.el7.x86_64
Oct 06 01:16:53 Updated: util-linux-2.23.2-61.el7.x86_64
Oct 06 01:16:53 Updated: kpartx-0.4.9-127.el7.x86_64
Oct 06 01:16:54 Updated: 7:device-mapper-1.02.158-2.el7.x86_64
Oct 06 01:16:55 Updated: procps-ng-3.3.10-26.el7.x86_64
Oct 06 01:16:56 Updated: 7:device-mapper-libs-1.02.158-2.el7.x86_64
Oct 06 01:16:56 Updated: cryptsetup-libs-2.0.3-5.el7.x86_64
Oct 06 01:17:00 Updated: dracut-033-564.el7.x86_64
Oct 06 01:17:00 Updated: kmod-20-25.el7.x86_64
Oct 06 01:17:01 Updated: systemd-libs-219-67.el7_7.1.x86_64
Oct 06 01:17:02 Updated: elfutils-libs-0.176-2.el7.x86_64
Oct 06 01:17:13 Updated: systemd-219-67.el7_7.1.x86_64
Oct 06 01:17:13 Updated: elfutils-default-yama-scope-0.176-2.el7.noarch
Oct 06 01:17:13 Updated: 1:grub2-tools-minimal-2.02-0.80.el7.centos.x86_64
Oct 06 01:17:16 Updated: policycoreutils-2.5-33.el7.x86_64
Oct 06 01:17:17 Updated: 1:grub2-tools-2.02-0.80.el7.centos.x86_64
Oct 06 01:17:17 Updated: systemd-sysv-219-67.el7_7.1.x86_64
Oct 06 01:17:18 Updated: rpcbind-0.2.0-48.el7.x86_64
Oct 06 01:17:18 Updated: 12:dhcp-libs-4.2.5-77.el7.centos.x86_64
Oct 06 01:17:19 Updated: openssh-7.4p1-21.el7.x86_64
Oct 06 01:17:19 Updated: 12:dhcp-common-4.2.5-77.el7.centos.x86_64
Oct 06 01:17:20 Updated: 1:quota-4.01-19.el7.x86_64
Oct 06 01:17:21 Updated: 1:grub2-tools-extra-2.02-0.80.el7.centos.x86_64
Oct 06 01:17:21 Updated: 1:grub2-pc-2.02-0.80.el7.centos.x86_64
Oct 06 01:17:21 Updated: selinux-policy-3.13.1-252.el7.1.noarch
Oct 06 01:17:23 Updated: hwdata-0.252-9.3.el7.x86_64
Oct 06 01:17:24 Updated: net-tools-2.0-0.25.20131004git.el7.x86_64
Oct 06 01:17:25 Updated: gssproxy-0.7.0-26.el7.x86_64
Oct 06 01:17:26 Updated: polkit-0.112-22.el7_7.1.x86_64
Oct 06 01:17:26 Updated: cronie-anacron-1.4.11-23.el7.x86_64
Oct 06 01:17:27 Updated: cronie-1.4.11-23.el7.x86_64
Oct 06 01:17:28 Updated: libcgroup-0.41-21.el7.x86_64
Oct 06 01:17:30 Updated: policycoreutils-python-2.5-33.el7.x86_64
Oct 06 01:17:32 Updated: iptables-1.4.21-33.el7.x86_64
Oct 06 01:17:34 Updated: iproute-4.11.0-25.el7.x86_64
Oct 06 01:17:37 Updated: initscripts-9.49.47-1.el7.x86_64
Oct 06 01:17:38 Updated: 12:dhclient-4.2.5-77.el7.centos.x86_64
Oct 06 01:17:39 Updated: dracut-network-033-564.el7.x86_64
Oct 06 01:18:09 Installed: linux-firmware-20190429-72.gitddde598.el7.noarch
Oct 06 01:19:17 Installed: kernel-3.10.0-1062.1.2.el7.x86_64
Oct 06 01:19:18 Updated: kexec-tools-2.0.15-33.el7.x86_64
Oct 06 01:19:26 Updated: cloud-init-18.5-3.el7.centos.x86_64
Oct 06 01:19:30 Updated: tuned-2.11.0-5.el7_7.1.noarch
Oct 06 01:19:32 Updated: 1:nfs-utils-1.3.0-0.65.el7.x86_64
Oct 06 01:19:32 Updated: lshw-B.02.18-13.el7.x86_64
Oct 06 01:20:07 Updated: selinux-policy-targeted-3.13.1-252.el7.1.noarch
Oct 06 01:20:07 Updated: 1:grub2-2.02-0.80.el7.centos.x86_64
Oct 06 01:20:08 Updated: openssh-server-7.4p1-21.el7.x86_64
Oct 06 01:20:09 Updated: openssh-clients-7.4p1-21.el7.x86_64
Oct 06 01:20:10 Updated: audit-2.8.5-4.el7.x86_64
Oct 06 01:20:10 Updated: 10:qemu-guest-agent-2.12.0-3.el7.x86_64
Oct 06 01:20:11 Updated: chrony-3.4-1.el7.x86_64
Oct 06 01:21:17 Updated: 2:microcode_ctl-2.1-53.el7.x86_64
Oct 06 01:21:18 Updated: rsyslog-8.24.0-41.el7_7.x86_64
Oct 06 01:21:18 Updated: 3:irqbalance-1.0.7-12.el7.x86_64
Oct 06 01:21:19 Updated: dracut-config-generic-033-564.el7.x86_64
Oct 06 01:21:19 Updated: dracut-config-rescue-033-564.el7.x86_64
Oct 06 01:21:20 Updated: parted-3.1-31.el7.x86_64
Oct 06 01:21:20 Updated: cloud-utils-growpart-0.29-5.el7.noarch
Oct 06 01:21:21 Updated: teamd-1.27-9.el7.x86_64
Oct 06 01:21:22 Updated: sudo-1.8.23-4.el7.x86_64
Oct 06 01:21:24 Updated: sg3_utils-1.37-18.el7_7.1.x86_64
Oct 06 01:21:25 Updated: 1:openssl-1.0.2k-19.el7.x86_64
Oct 06 01:21:26 Updated: kernel-tools-3.10.0-1062.1.2.el7.x86_64
Oct 06 01:21:27 Updated: yum-utils-1.1.31-52.el7.noarch
Oct 06 01:21:27 Updated: 32:bind-libs-lite-9.11.4-9.P2.el7.x86_64
Oct 06 01:21:28 Updated: nss-tools-3.44.0-4.el7.x86_64
Oct 06 01:21:29 Updated: 1:mariadb-libs-5.5.64-1.el7.x86_64
Oct 06 01:21:30 Updated: xfsprogs-4.5.0-20.el7.x86_64
Oct 06 01:21:31 Updated: passwd-0.79-5.el7.x86_64
Oct 06 01:21:32 Updated: libgomp-4.8.5-39.el7.x86_64
Oct 06 01:21:32 Updated: libndp-1.2-9.el7.x86_64
Oct 06 01:21:35 Updated: iwl7265-firmware-22.0.7.0-72.el7.noarch
Dec 20 13:33:09 Installed: python3-setuptools-39.2.0-10.el7.noarch
Dec 20 13:33:17 Installed: python3-pip-9.0.3-5.el7.noarch
Dec 20 13:33:17 Installed: python3-3.6.8-10.el7.x86_64
Dec 20 13:33:44 Installed: python3-libs-3.6.8-10.el7.x86_64
Apr 12 14:00:30 Installed: 32:bind-libs-9.11.4-9.P2.el7.x86_64
Apr 12 14:00:30 Installed: 32:bind-utils-9.11.4-9.P2.el7.x86_64
Apr 12 14:00:37 Installed: wget-1.14-18.el7_6.1.x86_64
Sep 19 17:01:45 Updated: 1:grub2-common-2.02-0.86.el7.centos.noarch
Sep 19 17:01:45 Updated: centos-release-7-8.2003.0.el7.centos.x86_64
Sep 19 17:01:46 Updated: 32:bind-license-9.11.4-16.P2.el7_8.6.noarch
Sep 19 17:01:46 Updated: setup-2.8.71-11.el7.noarch
Sep 19 17:01:50 Updated: 1:grub2-pc-modules-2.02-0.86.el7.centos.noarch
Sep 19 17:02:11 Updated: tzdata-2020a-1.el7.noarch
Sep 19 17:02:13 Updated: bash-4.2.46-34.el7.x86_64
Sep 19 17:02:31 Updated: glibc-common-2.17-307.el7.1.x86_64
Sep 19 17:02:31 Updated: nss-softokn-freebl-3.44.0-8.el7_7.x86_64
Sep 19 17:02:38 Updated: glibc-2.17-307.el7.1.x86_64
Sep 19 17:02:39 Updated: libselinux-2.5-15.el7.x86_64
Sep 19 17:02:39 Updated: nss-util-3.44.0-4.el7_7.x86_64
Sep 19 17:02:40 Updated: libcap-2.22-11.el7.x86_64
Sep 19 17:02:40 Updated: libcom_err-1.42.9-17.el7.x86_64
Sep 19 17:02:41 Updated: sed-4.2.2-6.el7.x86_64
Sep 19 17:02:43 Updated: krb5-libs-1.15.1-46.el7.x86_64
Sep 19 17:02:43 Updated: libacl-2.2.51-15.el7.x86_64
Sep 19 17:02:44 Updated: elfutils-libelf-0.176-4.el7.x86_64
Sep 19 17:02:44 Updated: libxml2-2.9.1-6.el7.4.x86_64
Sep 19 17:02:45 Updated: libuuid-2.23.2-63.el7.x86_64
Sep 19 17:02:45 Updated: libblkid-2.23.2-63.el7.x86_64
Sep 19 17:02:50 Updated: pam-1.1.8-23.el7.x86_64
Sep 19 17:02:51 Updated: sqlite-3.7.17-8.el7_7.1.x86_64
Sep 19 17:02:51 Updated: expat-2.1.0-11.el7.x86_64
Sep 19 17:02:52 Updated: libmount-2.23.2-63.el7.x86_64
Sep 19 17:02:52 Updated: file-libs-5.11-36.el7.x86_64
Sep 19 17:02:52 Updated: file-5.11-36.el7.x86_64
Sep 19 17:02:53 Updated: nss-softokn-3.44.0-8.el7_7.x86_64
Sep 19 17:02:53 Updated: nss-sysinit-3.44.0-7.el7_7.x86_64
Sep 19 17:02:54 Updated: nss-3.44.0-7.el7_7.x86_64
Sep 19 17:02:54 Updated: libcurl-7.29.0-57.el7_8.1.x86_64
Sep 19 17:02:55 Updated: 32:bind-libs-lite-9.11.4-16.P2.el7_8.6.x86_64
Sep 19 17:02:55 Updated: hostname-3.13-3.el7_7.1.x86_64
Sep 19 17:02:56 Updated: libffi-3.0.13-19.el7.x86_64
Sep 19 17:03:21 Updated: python-libs-2.7.5-88.el7.x86_64
Sep 19 17:03:22 Updated: python-2.7.5-88.el7.x86_64
Sep 19 17:03:22 Updated: libselinux-python-2.5-15.el7.x86_64
Sep 19 17:03:23 Updated: python-perf-3.10.0-1127.19.1.el7.x86_64
Sep 19 17:03:24 Updated: libxml2-python-2.9.1-6.el7.4.x86_64
Sep 19 17:03:25 Updated: python-urlgrabber-3.10-10.el7.noarch
Sep 19 17:03:36 Updated: python3-pip-9.0.3-7.el7_7.noarch
Sep 19 17:03:36 Updated: python3-3.6.8-13.el7.x86_64
Sep 19 17:04:07 Updated: python3-libs-3.6.8-13.el7.x86_64
Sep 19 17:04:07 Updated: 32:bind-libs-9.11.4-16.P2.el7_8.6.x86_64
Sep 19 17:04:08 Updated: curl-7.29.0-57.el7_8.1.x86_64
Sep 19 17:04:08 Updated: rpm-libs-4.11.3-43.el7.x86_64
Sep 19 17:04:11 Updated: rpm-4.11.3-43.el7.x86_64
Sep 19 17:04:11 Updated: rpm-build-libs-4.11.3-43.el7.x86_64
Sep 19 17:04:12 Updated: rpm-python-4.11.3-43.el7.x86_64
Sep 19 17:04:12 Updated: yum-plugin-fastestmirror-1.1.31-54.el7_8.noarch
Sep 19 17:04:15 Updated: yum-3.4.3-167.el7.centos.noarch
Sep 19 17:04:16 Updated: gettext-libs-0.19.8.1-3.el7.x86_64
Sep 19 17:04:18 Updated: gettext-0.19.8.1-3.el7.x86_64
Sep 19 17:04:19 Updated: acl-2.2.51-15.el7.x86_64
Sep 19 17:04:19 Updated: logrotate-3.8.6-19.el7.x86_64
Sep 19 17:04:20 Updated: 32:bind-export-libs-9.11.4-16.P2.el7_8.6.x86_64
Sep 19 17:04:21 Updated: e2fsprogs-libs-1.42.9-17.el7.x86_64
Sep 19 17:04:21 Updated: libss-1.42.9-17.el7.x86_64
Sep 19 17:04:22 Updated: e2fsprogs-1.42.9-17.el7.x86_64
Sep 19 17:04:23 Updated: libselinux-utils-2.5-15.el7.x86_64
Sep 19 17:04:23 Updated: kmod-libs-20-28.el7.x86_64
Sep 19 17:04:24 Updated: libsmartcols-2.23.2-63.el7.x86_64
Sep 19 17:04:27 Updated: binutils-2.27-43.base.el7_8.1.x86_64
Sep 19 17:04:32 Updated: util-linux-2.23.2-63.el7.x86_64
Sep 19 17:04:33 Updated: procps-ng-3.3.10-27.el7.x86_64
Sep 19 17:04:33 Updated: kpartx-0.4.9-131.el7.x86_64
Sep 19 17:04:33 Updated: 7:device-mapper-1.02.164-7.el7_8.2.x86_64
Sep 19 17:04:34 Updated: 7:device-mapper-libs-1.02.164-7.el7_8.2.x86_64
Sep 19 17:04:34 Updated: cryptsetup-libs-2.0.3-6.el7.x86_64
Sep 19 17:04:38 Updated: dracut-033-568.el7.x86_64
Sep 19 17:04:38 Updated: kmod-20-28.el7.x86_64
Sep 19 17:04:39 Updated: elfutils-libs-0.176-4.el7.x86_64
Sep 19 17:04:39 Updated: systemd-libs-219-73.el7_8.9.x86_64
Sep 19 17:04:40 Updated: 1:dbus-libs-1.10.24-14.el7_8.x86_64
Sep 19 17:04:50 Updated: systemd-219-73.el7_8.9.x86_64
Sep 19 17:04:51 Updated: 1:dbus-1.10.24-14.el7_8.x86_64
Sep 19 17:04:51 Updated: elfutils-default-yama-scope-0.176-4.el7.noarch
Sep 19 17:04:52 Updated: 1:grub2-tools-minimal-2.02-0.86.el7.centos.x86_64
Sep 19 17:04:54 Updated: policycoreutils-2.5-34.el7.x86_64
Sep 19 17:04:55 Updated: 1:grub2-tools-2.02-0.86.el7.centos.x86_64
Sep 19 17:04:55 Updated: systemd-sysv-219-73.el7_8.9.x86_64
Sep 19 17:04:56 Updated: 12:dhcp-libs-4.2.5-79.el7.centos.x86_64
Sep 19 17:04:56 Updated: 12:dhcp-common-4.2.5-79.el7.centos.x86_64
Sep 19 17:04:56 Updated: rpcbind-0.2.0-49.el7.x86_64
Sep 19 17:04:57 Updated: 1:grub2-tools-extra-2.02-0.86.el7.centos.x86_64
Sep 19 17:04:57 Updated: 1:grub2-pc-2.02-0.86.el7.centos.x86_64
Sep 19 17:04:58 Updated: selinux-policy-3.13.1-266.el7_8.1.noarch
Sep 19 17:05:00 Updated: policycoreutils-python-2.5-34.el7.x86_64
Sep 19 17:05:01 Updated: polkit-0.112-26.el7.x86_64
Sep 19 17:05:01 Updated: gssproxy-0.7.0-28.el7.x86_64
Sep 19 17:05:03 Updated: hwdata-0.252-9.5.el7.x86_64
Sep 19 17:05:05 Updated: iptables-1.4.21-34.el7.x86_64
Sep 19 17:05:06 Updated: iproute-4.11.0-25.el7_7.2.x86_64
Sep 19 17:05:09 Updated: initscripts-9.49.49-1.el7.x86_64
Sep 19 17:05:10 Updated: 12:dhclient-4.2.5-79.el7.centos.x86_64
Sep 19 17:05:11 Updated: dracut-network-033-568.el7.x86_64
Sep 19 17:05:11 Updated: libteam-1.29-1.el7.x86_64
Sep 19 17:05:12 Updated: 1:mariadb-libs-5.5.65-1.el7.x86_64
Sep 19 17:05:13 Updated: 1:sg3_utils-libs-1.37-19.el7.x86_64
Sep 19 17:05:13 Updated: kernel-tools-libs-3.10.0-1127.19.1.el7.x86_64
Sep 19 17:05:46 Updated: linux-firmware-20191203-76.gite8a0f4c.el7.noarch
Sep 19 17:05:50 Updated: ca-certificates-2020.2.41-70.0.el7_8.noarch
Sep 19 17:05:50 Updated: python-requests-2.6.0-9.el7_8.noarch
Sep 19 17:05:58 Updated: cloud-init-18.5-6.el7.centos.5.x86_64
Sep 19 17:07:11 Installed: kernel-3.10.0-1127.19.1.el7.x86_64
Sep 19 17:07:12 Updated: kernel-tools-3.10.0-1127.19.1.el7.x86_64
Sep 19 17:07:13 Updated: 1:sg3_utils-1.37-19.el7.x86_64
Sep 19 17:07:20 Updated: 2:postfix-2.10.1-9.el7.x86_64
Sep 19 17:07:21 Updated: teamd-1.29-1.el7.x86_64
Sep 19 17:07:22 Updated: kexec-tools-2.0.15-43.el7.x86_64
Sep 19 17:07:23 Updated: lshw-B.02.18-14.el7.x86_64
Sep 19 17:07:25 Updated: 1:nfs-utils-1.3.0-0.66.el7_8.x86_64
Sep 19 17:07:28 Updated: tuned-2.11.0-8.el7.noarch
Sep 19 17:08:06 Updated: selinux-policy-targeted-3.13.1-266.el7_8.1.noarch
Sep 19 17:08:06 Updated: 1:grub2-2.02-0.86.el7.centos.x86_64
Sep 19 17:08:07 Updated: rsyslog-8.24.0-52.el7_8.2.x86_64
Sep 19 17:08:07 Updated: rsync-3.1.2-10.el7.x86_64
Sep 19 17:09:46 Updated: 2:microcode_ctl-2.1-61.10.el7_8.x86_64
Sep 19 17:09:46 Updated: dracut-config-rescue-033-568.el7.x86_64
Sep 19 17:09:46 Updated: dracut-config-generic-033-568.el7.x86_64
Sep 19 17:09:47 Updated: parted-3.1-32.el7.x86_64
Sep 19 17:09:48 Updated: yum-utils-1.1.31-54.el7_8.noarch
Sep 19 17:09:49 Updated: 32:bind-utils-9.11.4-16.P2.el7_8.6.x86_64
Sep 19 17:09:49 Updated: nss-tools-3.44.0-7.el7_7.x86_64
Sep 19 17:09:50 Updated: passwd-0.79-6.el7.x86_64
Sep 19 17:09:52 Updated: sudo-1.8.23-9.el7.x86_64
Sep 19 17:09:52 Updated: shared-mime-info-1.8-5.el7.x86_64
Sep 19 17:09:53 Updated: libseccomp-2.3.1-4.el7.x86_64
Sep 19 17:09:53 Updated: numactl-libs-2.0.12-5.el7.x86_64
Sep 19 17:09:57 Installed: iwl7260-firmware-25.30.13.0-76.el7.noarch
Sep 19 17:10:25 Erased: iwl7265-firmware-22.0.7.0-72.el7.noarch
May 01 18:41:23 Updated: libgcc-4.8.5-44.el7.x86_64
May 01 18:41:24 Updated: 1:grub2-common-2.02-0.87.el7.centos.6.noarch
May 01 18:41:25 Updated: centos-release-7-9.2009.1.el7.centos.x86_64
May 01 18:41:25 Updated: 32:bind-license-9.11.4-26.P2.el7_9.5.noarch
May 01 18:41:31 Updated: 1:grub2-pc-modules-2.02-0.87.el7.centos.6.noarch
May 01 18:41:55 Updated: tzdata-2021a-1.el7.noarch
May 01 18:42:13 Updated: glibc-common-2.17-324.el7_9.x86_64
May 01 18:42:13 Updated: nss-softokn-freebl-3.53.1-6.el7_9.x86_64
May 01 18:42:21 Updated: glibc-2.17-324.el7_9.x86_64
May 01 18:42:21 Updated: nspr-4.25.0-2.el7_9.x86_64
May 01 18:42:22 Updated: nss-util-3.53.1-1.el7_9.x86_64
May 01 18:42:22 Updated: zlib-1.2.7-19.el7_9.x86_64
May 01 18:42:23 Updated: libcom_err-1.42.9-19.el7.x86_64
May 01 18:42:24 Updated: sed-4.2.2-7.el7.x86_64
May 01 18:42:30 Updated: coreutils-8.22-24.el7_9.2.x86_64
May 01 18:42:31 Updated: 1:openssl-libs-1.0.2k-21.el7_9.x86_64
May 01 18:42:32 Updated: krb5-libs-1.15.1-50.el7.x86_64
May 01 18:42:33 Updated: elfutils-libelf-0.176-5.el7.x86_64
May 01 18:42:33 Updated: libuuid-2.23.2-65.el7_9.1.x86_64
May 01 18:42:34 Updated: libblkid-2.23.2-65.el7_9.1.x86_64
May 01 18:42:35 Updated: libxml2-2.9.1-6.el7.5.x86_64
May 01 18:42:35 Updated: libmount-2.23.2-65.el7_9.1.x86_64
May 01 18:42:37 Updated: chkconfig-1.7.6-1.el7.x86_64
May 01 18:42:38 Updated: file-libs-5.11-37.el7.x86_64
May 01 18:42:38 Updated: file-5.11-37.el7.x86_64
May 01 18:42:39 Updated: expat-2.1.0-12.el7.x86_64
May 01 18:43:11 Updated: python-libs-2.7.5-90.el7.x86_64
May 01 18:43:11 Updated: python-2.7.5-90.el7.x86_64
May 01 18:43:12 Updated: cpio-2.11-28.el7.x86_64
May 01 18:43:16 Updated: glib2-2.56.1-8.el7.x86_64
May 01 18:43:16 Updated: 32:bind-libs-lite-9.11.4-26.P2.el7_9.5.x86_64
May 01 18:43:17 Updated: nss-softokn-3.53.1-6.el7_9.x86_64
May 01 18:43:18 Updated: nss-3.53.1-7.el7_9.x86_64
May 01 18:43:19 Updated: nss-sysinit-3.53.1-7.el7_9.x86_64
May 01 18:43:19 Updated: lz4-1.8.3-1.el7.x86_64
May 01 18:43:20 Updated: libstdc++-4.8.5-44.el7.x86_64
May 01 18:43:21 Updated: nss-tools-3.53.1-7.el7_9.x86_64
May 01 18:43:21 Updated: 32:bind-libs-9.11.4-26.P2.el7_9.5.x86_64
May 01 18:43:22 Updated: python-requests-2.6.0-10.el7.noarch
May 01 18:43:23 Updated: python-perf-3.10.0-1160.25.1.el7.x86_64
May 01 18:43:37 Updated: python3-pip-9.0.3-8.el7.noarch
May 01 18:43:37 Updated: python3-3.6.8-18.el7.x86_64
May 01 18:44:15 Updated: python3-libs-3.6.8-18.el7.x86_64
May 01 18:44:15 Updated: 32:bind-export-libs-9.11.4-26.P2.el7_9.5.x86_64
May 01 18:44:16 Updated: libssh2-1.8.0-4.el7.x86_64
May 01 18:44:16 Updated: libcurl-7.29.0-59.el7_9.1.x86_64
May 01 18:44:17 Updated: curl-7.29.0-59.el7_9.1.x86_64
May 01 18:44:17 Updated: rpm-libs-4.11.3-45.el7.x86_64
May 01 18:44:20 Updated: rpm-4.11.3-45.el7.x86_64
May 01 18:44:20 Updated: openldap-2.4.44-23.el7_9.x86_64
May 01 18:44:21 Updated: elfutils-libs-0.176-5.el7.x86_64
May 01 18:44:22 Updated: systemd-libs-219-78.el7_9.3.x86_64
May 01 18:44:22 Updated: 1:dbus-libs-1.10.24-15.el7.x86_64
May 01 18:44:35 Updated: systemd-219-78.el7_9.3.x86_64
May 01 18:44:36 Updated: 1:dbus-1.10.24-15.el7.x86_64
May 01 18:44:36 Updated: elfutils-default-yama-scope-0.176-5.el7.noarch
May 01 18:44:37 Updated: procps-ng-3.3.10-28.el7.x86_64
May 01 18:44:38 Updated: 12:dhcp-libs-4.2.5-82.el7.centos.x86_64
May 01 18:44:38 Updated: 12:dhcp-common-4.2.5-82.el7.centos.x86_64
May 01 18:44:38 Updated: systemd-sysv-219-78.el7_9.3.x86_64
May 01 18:44:39 Updated: gssproxy-0.7.0-29.el7.x86_64
May 01 18:44:41 Updated: hwdata-0.252-9.7.el7.x86_64
May 01 18:44:42 Updated: rpm-build-libs-4.11.3-45.el7.x86_64
May 01 18:44:42 Updated: rpm-python-4.11.3-45.el7.x86_64
May 01 18:44:42 Updated: selinux-policy-3.13.1-268.el7_9.2.noarch
May 01 18:44:43 Updated: libss-1.42.9-19.el7.x86_64
May 01 18:44:44 Updated: e2fsprogs-libs-1.42.9-19.el7.x86_64
May 01 18:44:45 Updated: e2fsprogs-1.42.9-19.el7.x86_64
May 01 18:44:46 Updated: 2:libpng-1.5.13-8.el7.x86_64
May 01 18:44:46 Updated: freetype-2.8-14.el7_9.1.x86_64
May 01 18:44:47 Updated: libsmartcols-2.23.2-65.el7_9.1.x86_64
May 01 18:44:52 Updated: util-linux-2.23.2-65.el7_9.1.x86_64
May 01 18:44:53 Updated: 7:device-mapper-1.02.170-6.el7_9.5.x86_64
May 01 18:44:53 Updated: 7:device-mapper-libs-1.02.170-6.el7_9.5.x86_64
May 01 18:44:54 Updated: 1:grub2-tools-minimal-2.02-0.87.el7.centos.6.x86_64
May 01 18:44:54 Updated: kpartx-0.4.9-134.el7_9.x86_64
May 01 18:44:58 Updated: dracut-033-572.el7.x86_64
May 01 18:44:59 Updated: 1:grub2-tools-2.02-0.87.el7.centos.6.x86_64
May 01 18:45:00 Updated: 1:grub2-tools-extra-2.02-0.87.el7.centos.6.x86_64
May 01 18:45:01 Updated: 1:grub2-pc-2.02-0.87.el7.centos.6.x86_64
May 01 18:45:01 Updated: 1:dmidecode-3.2-5.el7_9.1.x86_64
May 01 18:45:02 Installed: bc-1.06.95-13.el7.x86_64
May 01 18:45:02 Updated: 2:vim-minimal-7.4.629-8.el7_9.x86_64
May 01 18:45:03 Updated: libteam-1.29-3.el7.x86_64
May 01 18:45:04 Updated: kernel-tools-libs-3.10.0-1160.25.1.el7.x86_64
May 01 18:45:06 Updated: iptables-1.4.21-35.el7.x86_64
May 01 18:45:09 Updated: iproute-4.11.0-30.el7.x86_64
May 01 18:45:13 Updated: initscripts-9.49.53-1.el7_9.1.x86_64
May 01 18:45:14 Updated: 12:dhclient-4.2.5-82.el7.centos.x86_64
May 01 18:45:15 Updated: dracut-network-033-572.el7.x86_64
May 01 18:45:56 Updated: linux-firmware-20200421-80.git78c0348.el7_9.noarch
May 01 18:47:37 Installed: kernel-3.10.0-1160.25.1.el7.x86_64
May 01 18:47:39 Updated: kexec-tools-2.0.15-51.el7_9.2.x86_64
May 01 18:47:48 Updated: cloud-init-19.4-7.el7.centos.4.x86_64
May 01 18:47:49 Updated: kernel-tools-3.10.0-1160.25.1.el7.x86_64
May 01 18:47:50 Updated: teamd-1.29-3.el7.x86_64
May 01 18:47:52 Updated: sudo-1.8.23-10.el7_9.1.x86_64
May 01 18:47:52 Updated: 1:grub2-2.02-0.87.el7.centos.6.x86_64
May 01 18:47:53 Updated: dracut-config-rescue-033-572.el7.x86_64
May 01 18:47:53 Updated: dracut-config-generic-033-572.el7.x86_64
May 01 18:47:56 Updated: 1:nfs-utils-1.3.0-0.68.el7.x86_64
May 01 18:48:00 Updated: tuned-2.11.0-11.el7_9.noarch
May 01 18:48:40 Updated: selinux-policy-targeted-3.13.1-268.el7_9.2.noarch
May 01 18:48:43 Updated: yum-3.4.3-168.el7.centos.noarch
May 01 18:48:43 Updated: lshw-B.02.18-17.el7.x86_64
May 01 18:48:44 Updated: 1:wpa_supplicant-2.6-12.el7_9.2.x86_64
May 01 18:48:45 Updated: rsyslog-8.24.0-57.el7_9.x86_64
May 01 18:50:58 Updated: 2:microcode_ctl-2.1-73.8.el7_9.x86_64
May 01 18:51:00 Updated: 32:bind-utils-9.11.4-26.P2.el7_9.5.x86_64
May 01 18:51:01 Updated: 1:mariadb-libs-5.5.68-1.el7.x86_64
May 01 18:51:02 Updated: libcroco-0.6.12-6.el7_9.x86_64
May 01 18:51:03 Updated: libxml2-python-2.9.1-6.el7.5.x86_64
May 01 18:51:09 Updated: binutils-2.27-44.base.el7.x86_64
May 01 18:51:10 Updated: xfsprogs-4.5.0-22.el7.x86_64
May 01 18:51:12 Updated: 1:openssl-1.0.2k-21.el7_9.x86_64
May 01 18:51:12 Updated: libgomp-4.8.5-44.el7.x86_64
May 01 18:51:16 Updated: iwl7260-firmware-25.30.13.0-80.el7_9.noarch
Aug 13 16:09:19 Updated: 12:dhcp-libs-4.2.5-83.el7.centos.1.x86_64
Aug 13 16:09:19 Updated: 12:dhcp-common-4.2.5-83.el7.centos.1.x86_64
Aug 13 16:09:19 Updated: kernel-tools-libs-3.10.0-1160.36.2.el7.x86_64
Aug 13 16:09:20 Updated: gssproxy-0.7.0-30.el7_9.x86_64
Aug 13 16:09:22 Updated: 1:nfs-utils-1.3.0-0.68.el7.1.x86_64
Aug 13 16:09:23 Updated: kernel-tools-3.10.0-1160.36.2.el7.x86_64
Aug 13 16:09:23 Updated: 12:dhclient-4.2.5-83.el7.centos.1.x86_64
Aug 13 16:11:24 Installed: kernel-3.10.0-1160.36.2.el7.x86_64
Aug 13 16:11:25 Updated: rsyslog-8.24.0-57.el7_9.1.x86_64
Aug 13 16:11:28 Updated: glib2-2.56.1-9.el7_9.x86_64
Aug 13 16:11:29 Updated: kexec-tools-2.0.15-51.el7_9.3.x86_64
Aug 13 16:14:45 Updated: 2:microcode_ctl-2.1-73.11.el7_9.x86_64
Aug 13 16:14:45 Updated: python-perf-3.10.0-1160.36.2.el7.x86_64
Aug 13 16:14:55 Updated: cloud-init-19.4-7.el7.centos.5.x86_64
Jan 21 00:54:15 Updated: 1:grub2-common-2.02-0.87.el7.centos.7.noarch
Jan 21 00:54:16 Updated: 32:bind-license-9.11.4-26.P2.el7_9.8.noarch
Jan 21 00:54:19 Updated: 1:grub2-pc-modules-2.02-0.87.el7.centos.7.noarch
Jan 21 00:54:28 Updated: kbd-misc-1.15.5-16.el7_9.noarch
Jan 21 00:54:32 Updated: kbd-legacy-1.15.5-16.el7_9.noarch
Jan 21 00:54:48 Updated: tzdata-2021e-1.el7.noarch
Jan 21 00:54:50 Updated: bash-4.2.46-35.el7_9.x86_64
Jan 21 00:54:50 Updated: nss-softokn-freebl-3.67.0-3.el7_9.x86_64
Jan 21 00:55:03 Updated: glibc-common-2.17-325.el7_9.x86_64
Jan 21 00:55:09 Updated: glibc-2.17-325.el7_9.x86_64
Jan 21 00:55:10 Updated: nspr-4.32.0-1.el7_9.x86_64
Jan 21 00:55:10 Updated: nss-util-3.67.0-1.el7_9.x86_64
Jan 21 00:55:11 Updated: libxml2-2.9.1-6.el7_9.6.x86_64
Jan 21 00:55:11 Updated: 1:grub2-tools-minimal-2.02-0.87.el7.centos.7.x86_64
Jan 21 00:55:12 Updated: nss-softokn-3.67.0-3.el7_9.x86_64
Jan 21 00:55:13 Updated: nss-3.67.0-4.el7_9.x86_64
Jan 21 00:55:13 Updated: nss-sysinit-3.67.0-4.el7_9.x86_64
Jan 21 00:55:13 Updated: rpm-libs-4.11.3-48.el7_9.x86_64
Jan 21 00:55:15 Updated: rpm-4.11.3-48.el7_9.x86_64
Jan 21 00:55:17 Updated: 1:grub2-tools-2.02-0.87.el7.centos.7.x86_64
Jan 21 00:55:18 Updated: systemd-libs-219-78.el7_9.5.x86_64
Jan 21 00:55:32 Updated: systemd-219-78.el7_9.5.x86_64
Jan 21 00:55:32 Updated: cronie-anacron-1.4.11-24.el7_9.x86_64
Jan 21 00:55:33 Updated: cronie-1.4.11-24.el7_9.x86_64
Jan 21 00:55:33 Updated: 1:grub2-tools-extra-2.02-0.87.el7.centos.7.x86_64
Jan 21 00:55:34 Updated: 1:grub2-pc-2.02-0.87.el7.centos.7.x86_64
Jan 21 00:55:34 Updated: rpm-build-libs-4.11.3-48.el7_9.x86_64
Jan 21 00:55:35 Updated: nss-tools-3.67.0-4.el7_9.x86_64
Jan 21 00:55:35 Updated: kernel-tools-libs-3.10.0-1160.53.1.el7.x86_64
Jan 21 00:55:40 Updated: ca-certificates-2021.2.50-72.el7_9.noarch
Jan 21 00:55:41 Updated: 1:openssl-libs-1.0.2k-24.el7_9.x86_64
Jan 21 00:55:41 Updated: krb5-libs-1.15.1-51.el7_9.x86_64
Jan 21 00:55:42 Updated: openldap-2.4.44-24.el7_9.x86_64
Jan 21 00:55:43 Updated: openssh-7.4p1-22.el7_9.x86_64
Jan 21 00:55:44 Updated: 32:bind-libs-lite-9.11.4-26.P2.el7_9.8.x86_64
Jan 21 00:55:44 Updated: 32:bind-libs-9.11.4-26.P2.el7_9.8.x86_64
Jan 21 00:55:44 Updated: 32:bind-utils-9.11.4-26.P2.el7_9.8.x86_64
Jan 21 00:55:45 Updated: openssh-clients-7.4p1-22.el7_9.x86_64
Jan 21 00:55:46 Updated: openssh-server-7.4p1-22.el7_9.x86_64
Jan 21 00:55:48 Updated: sudo-1.8.23-10.el7_9.2.x86_64
Jan 21 00:55:48 Updated: 32:bind-export-libs-9.11.4-26.P2.el7_9.8.x86_64
Jan 21 00:55:49 Updated: 1:openssl-1.0.2k-24.el7_9.x86_64
Jan 21 00:55:53 Updated: 1:nfs-utils-1.3.0-0.68.el7.2.x86_64
Jan 21 00:55:54 Updated: kernel-tools-3.10.0-1160.53.1.el7.x86_64
Jan 21 00:55:54 Updated: rpm-python-4.11.3-48.el7_9.x86_64
Jan 21 00:55:55 Updated: 1:grub2-2.02-0.87.el7.centos.7.x86_64
Jan 21 00:55:55 Updated: systemd-sysv-219-78.el7_9.5.x86_64
Jan 21 00:55:56 Updated: libxml2-python-2.9.1-6.el7_9.6.x86_64
Jan 21 00:55:58 Updated: kbd-1.15.5-16.el7_9.x86_64
Jan 21 00:55:59 Updated: python-perf-3.10.0-1160.53.1.el7.x86_64
Jan 21 00:55:59 Updated: kpartx-0.4.9-135.el7_9.x86_64
Jan 21 00:56:04 Updated: binutils-2.27-44.base.el7_9.1.x86_64
Jan 21 00:56:04 Updated: virt-what-1.18-4.el7_9.1.x86_64
Jan 21 01:02:19 Installed: kernel-3.10.0-1160.53.1.el7.x86_64
Jan 21 13:28:39 Installed: 1:perl-parent-0.225-244.el7.noarch
Jan 21 13:28:39 Installed: perl-HTTP-Tiny-0.033-3.el7.noarch
Jan 21 13:28:40 Installed: perl-podlators-2.5.1-3.el7.noarch
Jan 21 13:28:40 Installed: perl-Pod-Perldoc-3.20-4.el7.noarch
Jan 21 13:28:40 Installed: 1:perl-Pod-Escapes-1.04-299.el7_9.noarch
Jan 21 13:28:42 Installed: perl-Encode-2.51-7.el7.x86_64
Jan 21 13:28:42 Installed: perl-Text-ParseWords-3.29-4.el7.noarch
Jan 21 13:28:42 Installed: perl-Pod-Usage-1.63-3.el7.noarch
Jan 21 13:28:42 Installed: 4:perl-macros-5.16.3-299.el7_9.x86_64
Jan 21 13:28:43 Installed: perl-Storable-2.45-3.el7.x86_64
Jan 21 13:28:43 Installed: perl-Exporter-5.68-3.el7.noarch
Jan 21 13:28:43 Installed: perl-constant-1.27-2.el7.noarch
Jan 21 13:28:43 Installed: perl-Socket-2.010-5.el7.x86_64
Jan 21 13:28:43 Installed: perl-Time-Local-1.2300-2.el7.noarch
Jan 21 13:28:44 Installed: perl-Carp-1.26-244.el7.noarch
Jan 21 13:28:44 Installed: 4:perl-Time-HiRes-1.9725-3.el7.x86_64
Jan 21 13:28:44 Installed: perl-PathTools-3.40-5.el7.x86_64
Jan 21 13:28:45 Installed: perl-Scalar-List-Utils-1.27-248.el7.x86_64
Jan 21 13:28:46 Installed: 1:perl-Pod-Simple-3.28-4.el7.noarch
Jan 21 13:28:46 Installed: perl-File-Temp-0.23.01-3.el7.noarch
Jan 21 13:28:46 Installed: perl-File-Path-2.09-2.el7.noarch
Jan 21 13:28:46 Installed: perl-threads-shared-1.43-6.el7.x86_64
Jan 21 13:28:47 Installed: perl-threads-1.87-4.el7.x86_64
Jan 21 13:28:47 Installed: perl-Filter-1.49-3.el7.x86_64
Jan 21 13:28:48 Installed: 4:perl-libs-5.16.3-299.el7_9.x86_64
Jan 21 13:28:48 Installed: perl-Getopt-Long-2.40-3.el7.noarch
Jan 21 13:29:17 Installed: 4:perl-5.16.3-299.el7_9.x86_64
Jan 21 13:29:18 Installed: 1:perl-Error-0.17020-2.el7.noarch
Jan 21 13:29:18 Installed: perl-TermReadKey-2.30-20.el7.x86_64
Jan 21 13:29:18 Installed: perl-Git-1.8.3.1-23.el7_8.noarch
Jan 21 13:29:39 Installed: git-1.8.3.1-23.el7_8.x86_64