
Files:

File: ./logs/Debian9/nginx/access.log
  About:
      FileType      : TEXT UTF8/ASCII (text log)
      LogMessageType: text log lines
      Thread stack  : 102400 (bytes)
  Printed:
      bytes         : 5415
      flushes       : 19
      Lines         : 19
      Syslines      : 19
      Datetime first: 2020-03-06 06:30:43 -08:00 (2020-03-06 14:30:43.000000 +00:00)
      Datetime last : 2020-03-06 11:00:42 -08:00 (2020-03-06 19:00:42.000000 +00:00)
  Processed:
      file size     : 4237 (0x108D) (bytes)
      bytes         : 4237 (0x108D)
      bytes total   : 4237 (0x108D)
      Block size    : 256 (0x100)
      Blocks        : 17
      Blocks total  : 17 (4352 bytes)
      Blocks high   : 7 (1792 bytes)
      Lines         : 19
      Line longest  : 223 (bytes)
      Lines high    : 7
      Line parts    : 36
      Syslines      : 19
      Sysline longest: 223 (bytes)
      Syslines high : 6
      Datetime first: 2020-03-06 06:30:43 -08:00 (2020-03-06 14:30:43.000000 +00:00)
      Datetime last : 2020-03-06 11:00:42 -08:00 (2020-03-06 19:00:42.000000 +00:00)
      out of order  : 0
  Parsers:
  Processing stores:
      storage: LineReader::find_line() lines                       : hit  0, miss 39,  0.0%
      caching: LineReader::find_line() LRU cache                   : hit 20, miss 20, 50.0%, put 19
      copying: SyslineReader::get_boxptrs()                        : sgl 48, dbl  16, mult  0
      storage: SyslineReader::find_sysline() syslines              : hit  0, miss 20,  0.0%
      caching: SyslineReader::find_sysline() syslines_by_range_map : hit  0, miss  2,  0.0%, put  1
      caching: SyslineReader::find_sysline() LRU cache             : hit  0, miss 20,  0.0%, put 19
      caching: SyslineReader::parse_datetime_in_line() LRU cache   : hit 19, miss 19, 50.0%, put  0
      optimize:SyslineReader::ezcheck12                            : hit  0, miss  0,  0.0%, largest skipped 0
      optimize:SyslineReader::ezcheckd2                            : hit  0, miss  4,  0.0%, largest skipped 0
      optimize:SyslineReader::ezcheck12d2                          : hit  0, miss 60,  0.0%, largest skipped 0
      process: regex captures                                      : hit 19, miss 45
  Processing Drops:

Program summary:

Paths considered       : 1
Paths not processed    : 0
Files processed        : 1
Files printed          : 1
Printed bytes          : 5491
Printed flushes        : 38
Printed Lines          : 19
Printed Syslines       : 19
Printed ASL events     : 0
Printed ETL events     : 0
Printed EVTX events    : 0
Printed FixedStruct    : 0
Printed Journal events : 0
Printed ODL events     : 0
Line longest                   : 223
Sysline longest                : 223
EVTX event largest processed   : 0
EVTX event largest accepted    : 0
Journal event largest processed: 0
Journal event largest accepted : 0
Managed files max deflt: 980
Managed files max adjus: 200
Managed handles high   : 1
Managed request open   : 1
Managed request read   : 0
Managed read calls     : 17
Managed write calls    : 0
Managed seek calls     : 17
Managed metadata calls : 1
Managed open errors    : 0
Managed evict fails    : 0
Unmanaged handles high : 0
Regex patterns known   : 188
Regex patterns compiled: 188
Datetime filter -a     : 1999-03-03 00:00:00 +00:00 (1999-03-03 00:00:00.000000 +00:00)
Datetime printed first : 2020-03-06 06:30:43 -08:00 (2020-03-06 14:30:43.000000 +00:00)
Datetime printed last  : 2020-03-06 11:00:42 -08:00 (2020-03-06 19:00:42.000000 +00:00)
Datetime filter -b     : 2026-01-02 00:00:00 +00:00 (2026-01-02 00:00:00.000000 +00:00)
Channel receive ok     : 21
Channel receive err    : 0
Threads spawned        : 1
Thread spawn errors    : 0
Temporary files created: 0
Platform               : x86_64-unknown-linux-gnu
Allocator              : system
