
Files:

File: ./logs/Debian9/nginx/error.log.1
  About:
      filetype      : TEXT UTF8/ASCII (text log)
      logmessagetype: text log lines
      thread stack  : 2150400 (bytes)
  Printed:
      bytes         : 5187
      flushes       : 19
      lines         : 19
      syslines      : 19
      datetime first: 2020-03-05 06:30:45 +08:00 (2020-03-04 22:30:45.000000 +00:00)
      datetime last : 2020-03-05 11:00:44 +08:00 (2020-03-05 03:00:44.000000 +00:00)
  Processed:
      file size     : 3990 (0xF96) (bytes)
      bytes         : 3990 (0xF96)
      bytes total   : 3990 (0xF96)
      block size    : 256 (0x100)
      blocks        : 16
      blocks total  : 16 (4096 bytes)
      lines         : 19
      line longest  : 210 (bytes)
      line parts    : 35
      syslines      : 19
      sysline longest: 210 (bytes)
      syslines high : 6
      datetime first: 2020-03-05 06:30:45 +08:00 (2020-03-04 22:30:45.000000 +00:00)
      datetime last : 2020-03-05 11:00:44 +08:00 (2020-03-05 03:00:44.000000 +00:00)
      out of order  : 0
  Parsers:
  Processing Stores:
      storage: LineReader::find_line() lines                       : hit  0, miss 39,  0.0%
      caching: LineReader::find_line() LRU cache                   : hit 20, miss 20, 50.0%, put 19
      copying: SyslineReader::get_boxptrs()                        : sgl 93, dbl   4, mult  0
      storage: SyslineReader::find_sysline() syslines              : hit  0, miss 20,  0.0%
      caching: SyslineReader::find_sysline() syslines_by_range_map : hit  0, miss  2,  0.0%, put  1
      caching: SyslineReader::find_sysline() LRU cache             : hit  0, miss 20,  0.0%, put 19
      caching: SyslineReader::parse_datetime_in_line() LRU cache   : hit 19, miss 19, 50.0%, put  0
      optimize:SyslineReader::ezcheck12                            : hit  0, miss  0,  0.0%, largest skipped 0
      optimize:SyslineReader::ezcheckd2                            : hit  0, miss  4,  0.0%, largest skipped 0
      optimize:SyslineReader::ezcheck12d2                          : hit  0, miss 93,  0.0%, largest skipped 0
      process: regex captures                                      : hit 19, miss 78
  Processing Drops:

Program Summary:

Paths considered       : 1
Paths not processed    : 0
Files processed        : 1
Files printed          : 1
Printed bytes          : 5263
Printed flushes        : 38
Printed lines          : 19
Printed syslines       : 19
Longest Line           : 210
Longest Sysline        : 210
Printed ASL events     : 0
Printed ETL events     : 0
Printed EVTX events    : 0
Printed fixedstruct    : 0
Printed journal events : 0
Printed ODL events     : 0
Managed files max deflt: 980
Managed files max adjus: 200
Managed request open   : 1
Managed request read   : 0
Managed read calls     : 16
Managed write calls    : 0
Managed seek calls     : 16
Managed metadata calls : 1
Managed open errors    : 0
Managed evict fails    : 0
Regex patterns known   : 188
Regex patterns compiled: 188
Datetime filter -a     : 1999-03-03 00:00:00 +00:00 (1999-03-03 00:00:00.000000 +00:00)
Datetime printed first : 2020-03-05 06:30:45 +08:00 (2020-03-04 22:30:45.000000 +00:00)
Datetime printed last  : 2020-03-05 11:00:44 +08:00 (2020-03-05 03:00:44.000000 +00:00)
Datetime filter -b     : 2026-01-02 00:00:00 +00:00 (2026-01-02 00:00:00.000000 +00:00)
Channel Receive ok     : 21
Channel Receive err    : 0
Threads Spawned        : 1
Thread Spawn errors    : 0
Temporary files created: 0
Platform               : x86_64-unknown-linux-gnu
Allocator              : system
