./logs/Ubuntu18/samba/log.10.0.0.2┋20200305T044508.592000000┋[2020/03/05 12:45:08.5920,  3] ../source3/smbd/oplock.c:1340(init_oplocks)
./logs/Ubuntu18/samba/log.10.0.0.2┋20200305T044508.592000000┋  init_oplocks: initializing messages.
⇳
./logs/Ubuntu18/samba/log.10.0.0.2┋20200305T044508.592000000┋[2020/03/05 12:45:08.5920,  3] ../source3/smbd/process.c:1959(process_smb)
./logs/Ubuntu18/samba/log.10.0.0.2┋20200305T044508.592000000┋  Transaction 0 of length 53 (0 toread)
⇳
./logs/Ubuntu18/samba/log.10.0.0.2┋20200305T044508.592000000┋[2020/03/05 12:45:08.5920,  3] ../source3/smbd/process.c:1539(switch_message)
./logs/Ubuntu18/samba/log.10.0.0.2┋20200305T044508.592000000┋  switch message SMBnegprot (pid 5920) conn 0x0
⇳
./logs/Ubuntu18/samba/log.10.0.0.2┋20200305T044508.592000000┋[2020/03/05 12:45:08.5920,  4] ../source3/smbd/sec_ctx.c:320(set_sec_ctx_internal)
./logs/Ubuntu18/samba/log.10.0.0.2┋20200305T044508.592000000┋  setting sec ctx (0, 0) - sec_ctx_stack_ndx = 0
⇳
./logs/Ubuntu18/samba/log.10.0.0.2┋20200305T044508.592000000┋[2020/03/05 12:45:08.5920,  3] ../source3/smbd/negprot.c:629(reply_negprot)
./logs/Ubuntu18/samba/log.10.0.0.2┋20200305T044508.592000000┋  Requested protocol [NT LM 0.12]
⇳
./logs/Ubuntu18/samba/log.10.0.0.2┋20200305T044508.592000000┋[2020/03/05 12:45:08.5920,  3] ../source3/smbd/negprot.c:629(reply_negprot)
./logs/Ubuntu18/samba/log.10.0.0.2┋20200305T044508.592000000┋  Requested protocol []
⇳
./logs/Ubuntu18/samba/log.10.0.0.2┋20200305T044508.592000000┋[2020/03/05 12:45:08.5920,  3] ../source3/smbd/negprot.c:755(reply_negprot)
./logs/Ubuntu18/samba/log.10.0.0.2┋20200305T044508.592000000┋  reply_negprot: No protocol supported !
⇳
./logs/Ubuntu18/samba/log.10.0.0.2┋20200305T044508.592000000┋[2020/03/05 12:45:08.5920,  4] ../source3/smbd/sec_ctx.c:320(set_sec_ctx_internal)
./logs/Ubuntu18/samba/log.10.0.0.2┋20200305T044508.592000000┋  setting sec ctx (0, 0) - sec_ctx_stack_ndx = 0
⇳
./logs/Ubuntu18/samba/log.10.0.0.2┋20200305T044508.592000000┋[2020/03/05 12:45:08.5920,  4] ../source3/smbd/sec_ctx.c:320(set_sec_ctx_internal)
./logs/Ubuntu18/samba/log.10.0.0.2┋20200305T044508.592000000┋  setting sec ctx (0, 0) - sec_ctx_stack_ndx = 0
⇳
./logs/Ubuntu18/samba/log.10.0.0.2┋20200305T044508.592000000┋[2020/03/05 12:45:08.5920,  4] ../source3/smbd/sec_ctx.c:320(set_sec_ctx_internal)
⇳
