
Files:

File: ./logs/Ubuntu18/samba/log.nmbd
  About:
      filetype       : TEXT UTF8/ASCII (text log)
      logmessagetype : text log lines
  Printed:
      bytes         : 2905
      flushes       : 10
      lines         : 19
      syslines      : 10
      datetime first: 2020-03-15 22:17:15 +08:00 (2020-03-15 14:17:15.120200 +00:00)
      datetime last : 2020-03-15 22:17:17 +08:00 (2020-03-15 14:17:17.120200 +00:00)
  Processed:
      file size     : 1746 (0x6D2) (bytes)
      bytes         : 1746 (0x6D2)
      bytes total   : 1746 (0x6D2)
      block size    : 256 (0x100)
      blocks        : 7
      blocks total  : 7 (1792 bytes)
      lines         : 19
      syslines      : 10
      syslines high : 7
      datetime first     : 2020-03-15 22:17:15 +08:00 (2020-03-15 14:17:15.120200 +00:00)
      datetime last      : 2020-03-15 22:17:17 +08:00 (2020-03-15 14:17:17.120200 +00:00)
  Parsers:
  Processing Stores:
      storage: LineReader::find_line() lines                       : hit   0, miss  39,  0.0%
      caching: LineReader::find_line() LRU cache                   : hit  12, miss  21, 36.4%, put  19
      copying: SyslineReader::get_boxptrs()                        : sgl 197, dbl    2, mult   0
      storage: SyslineReader::find_sysline() syslines              : hit   0, miss  11,  0.0%
      caching: SyslineReader::find_sysline() syslines_by_range_map : hit   0, miss  11,  0.0%, put  10
      caching: SyslineReader::find_sysline() LRU cache             : hit   0, miss  11,  0.0%, put  10
      caching: SyslineReader::parse_datetime_in_line() LRU cache   : hit  10, miss  20, 33.3%, put   0
      optimize:SyslineReader::ezcheck12                            : hit   0, miss   0,  0.0%, largest skipped 0
      optimize:SyslineReader::ezcheckd2                            : hit  11, miss   3, 78.6%, largest skipped 63
      optimize:SyslineReader::ezcheck12d2                          : hit  87, miss  98, 47.0%, largest skipped 64
      process: regex captures attempted                            : 101
  Processing Drops:

Program Summary:

Paths considered       : 1
Paths not processed    : 0
Files processed        : 1
Files printed          : 1
Printed bytes          : 2945
Printed flushes        : 20
Printed lines          : 19
Printed syslines       : 10
Printed ASL events     : 0
Printed ETL events     : 0
Printed EVTX events    : 0
Printed fixedstruct    : 0
Printed journal events : 0
Printed ODL events     : 0
Regex patterns known   : 175
Regex patterns compiled: 92
Datetime filter -a     : 1999-03-03 00:00:00 +00:00 (1999-03-03 00:00:00.000000 +00:00)
Datetime printed first : 2020-03-15 22:17:15 +08:00 (2020-03-15 14:17:15.120200 +00:00)
Datetime printed last  : 2020-03-15 22:17:17 +08:00 (2020-03-15 14:17:17.120200 +00:00)
Datetime filter -b     : 2026-01-02 00:00:00 +00:00 (2026-01-02 00:00:00.000000 +00:00)
Channel Receive ok     : 12
Channel Receive err    : 0
Threads Spawned        : 1
Thread Spawn errors    : 0
Temporary files created: 0
Platform               : x86_64-unknown-linux-gnu
Allocator              : system
