
Files:

File: ./logs/Ubuntu18/samba/log.10.0.0.6
  About:
      filetype      : TEXT UTF8/ASCII (text log)
      logmessagetype: text log lines
      thread stack  : 2150400 (bytes)
  Printed:
      bytes         : 2393
      flushes       : 10
      lines         : 19
      syslines      : 10
      datetime first: 2020-03-05 12:17:59 +08:00 (2020-03-05 04:17:59.350300 +00:00)
      datetime last : 2020-03-05 12:17:59 +08:00 (2020-03-05 04:17:59.350300 +00:00)
  Processed:
      file size     : 1158 (0x486) (bytes)
      bytes         : 1158 (0x486)
      bytes total   : 1158 (0x486)
      block size    : 256 (0x100)
      blocks        : 5
      blocks total  : 5 (1280 bytes)
      lines         : 19
      line longest  : 101 (bytes)
      line parts    : 23
      syslines      : 10
      sysline longest: 132 (bytes)
      syslines high : 9
      datetime first: 2020-03-05 12:17:59 +08:00 (2020-03-05 04:17:59.350300 +00:00)
      datetime last : 2020-03-05 12:17:59 +08:00 (2020-03-05 04:17:59.350300 +00:00)
      out of order  : 0
  Parsers:
  Processing Stores:
      storage: LineReader::find_line() lines                       : hit   0, miss  37,  0.0%
      caching: LineReader::find_line() LRU cache                   : hit  10, miss  19, 34.5%, put  19
      copying: SyslineReader::get_boxptrs()                        : sgl 208, dbl    2, mult   0
      storage: SyslineReader::find_sysline() syslines              : hit   0, miss  10,  0.0%
      caching: SyslineReader::find_sysline() syslines_by_range_map : hit   0, miss   1,  0.0%, put   1
      caching: SyslineReader::find_sysline() LRU cache             : hit   1, miss  10,  9.1%, put  10
      caching: SyslineReader::parse_datetime_in_line() LRU cache   : hit   9, miss  19, 32.1%, put   0
      optimize:SyslineReader::ezcheck12                            : hit   0, miss   0,  0.0%, largest skipped 0
      optimize:SyslineReader::ezcheckd2                            : hit  20, miss   0, 100.0%, largest skipped 38
      optimize:SyslineReader::ezcheck12d2                          : hit 170, miss  20, 89.5%, largest skipped 39
      process: regex captures                                      : hit  10, miss  10
  Processing Drops:

Program Summary:

Paths considered       : 1
Paths not processed    : 0
Files processed        : 1
Files printed          : 1
Printed bytes          : 2433
Printed flushes        : 20
Printed lines          : 19
Printed syslines       : 10
Longest Line           : 101
Longest Sysline        : 132
Printed ASL events     : 0
Printed ETL events     : 0
Printed EVTX events    : 0
Printed fixedstruct    : 0
Printed journal events : 0
Printed ODL events     : 0
Managed files max deflt: 980
Managed files max adjus: 200
Managed request open   : 1
Managed request read   : 0
Managed read calls     : 5
Managed write calls    : 0
Managed seek calls     : 5
Managed metadata calls : 1
Managed open errors    : 0
Managed evict fails    : 0
Regex patterns known   : 188
Regex patterns compiled: 188
Datetime filter -a     : 1999-03-03 00:00:00 +00:00 (1999-03-03 00:00:00.000000 +00:00)
Datetime printed first : 2020-03-05 12:17:59 +08:00 (2020-03-05 04:17:59.350300 +00:00)
Datetime printed last  : 2020-03-05 12:17:59 +08:00 (2020-03-05 04:17:59.350300 +00:00)
Datetime filter -b     : 2026-01-02 00:00:00 +00:00 (2026-01-02 00:00:00.000000 +00:00)
Channel Receive ok     : 12
Channel Receive err    : 0
Threads Spawned        : 1
Thread Spawn errors    : 0
Temporary files created: 0
Platform               : x86_64-unknown-linux-gnu
Allocator              : system
