
Files:

File: ./logs/Ubuntu18/samba/log.smbd
  About:
      FileType      : TEXT UTF8/ASCII (text log)
      LogMessageType: text log lines
      Thread stack  : 100352 (bytes)
  Printed:
      bytes         : 2051
      flushes       : 4
      Lines         : 19
      Syslines      : 4
      Datetime first: 2020-03-08 00:07:47 +08:00 (2020-03-07 16:07:47.990800 +00:00)
      Datetime last : 2020-03-08 00:07:47 +08:00 (2020-03-07 16:07:47.990800 +00:00)
  Processed:
      file size     : 892 (0x37C) (bytes)
      bytes         : 892 (0x37C)
      bytes total   : 892 (0x37C)
      Block size    : 256 (0x100)
      Blocks        : 4
      Blocks total  : 4 (1024 bytes)
      Lines         : 19
      Line longest  : 87 (bytes)
      Line parts    : 22
      Syslines      : 4
      Sysline longest: 583 (bytes)
      Syslines high : 4
      Datetime first: 2020-03-08 00:07:47 +08:00 (2020-03-07 16:07:47.990800 +00:00)
      Datetime last : 2020-03-08 00:07:47 +08:00 (2020-03-07 16:07:47.990800 +00:00)
      out of order  : 0
  Parsers:
  Processing stores:
      storage: LineReader::find_line() lines                       : hit   0, miss  37,  0.0%
      caching: LineReader::find_line() LRU cache                   : hit   4, miss  19, 17.4%, put  19
      copying: SyslineReader::get_boxptrs()                        : sgl 207, dbl    3, mult   0
      storage: SyslineReader::find_sysline() syslines              : hit   0, miss   4,  0.0%
      caching: SyslineReader::find_sysline() syslines_by_range_map : hit   0, miss   1,  0.0%, put   1
      caching: SyslineReader::find_sysline() LRU cache             : hit   1, miss   4, 20.0%, put   4
      caching: SyslineReader::parse_datetime_in_line() LRU cache   : hit   3, miss  19, 13.6%, put   0
      optimize:SyslineReader::ezcheck12                            : hit   0, miss   0,  0.0%, largest skipped 0
      optimize:SyslineReader::ezcheckd2                            : hit  20, miss   0, 100.0%, largest skipped 35
      optimize:SyslineReader::ezcheck12d2                          : hit 180, miss  10, 94.7%, largest skipped 39
      process: regex captures                                      : hit   4, miss   6
  Processing Drops:

Program summary:

Paths considered       : 1
Paths not processed    : 0
Files processed        : 1
Files printed          : 1
Printed bytes          : 2067
Printed flushes        : 8
Printed Lines          : 19
Printed Syslines       : 4
Printed ASL events     : 0
Printed ETL events     : 0
Printed EVTX events    : 0
Printed FixedStruct    : 0
Printed Journal events : 0
Printed ODL events     : 0
Line Maximum                   : 393209
Line longest                   : 87
Sysline longest                : 583
EVTX event largest processed   : 0
EVTX event largest accepted    : 0
Journal event largest processed: 0
Journal event largest accepted : 0
Managed files max deflt: 980
Managed files max adjus: 200
Managed handles high   : 1
Managed request open   : 1
Managed request read   : 0
Managed write calls    : 0
Managed seek calls     : 4
Managed metadata calls : 1
Managed open errors    : 0
Managed evict fails    : 0
Regex patterns known   : 188
Regex patterns compiled: 188
Datetime filter -a     : 1999-03-03 00:00:00 +00:00 (1999-03-03 00:00:00.000000 +00:00)
Datetime printed first : 2020-03-08 00:07:47 +08:00 (2020-03-07 16:07:47.990800 +00:00)
Datetime printed last  : 2020-03-08 00:07:47 +08:00 (2020-03-07 16:07:47.990800 +00:00)
Datetime filter -b     : 2026-01-02 00:00:00 +00:00 (2026-01-02 00:00:00.000000 +00:00)
Channel receive ok     : 6
Channel receive err    : 0
Threads spawned        : 1
Thread spawn errors    : 0
Temporary files created: 0
Platform               : x86_64-unknown-linux-gnu
Allocator              : system
