
Files:

File: ./logs/Ubuntu18/samba/log.10.0.0.3
  About:
      filetype       : TEXT UTF8/ASCII
      logmessagetype : syslog lines
  Printed:
      bytes         : 2446
      flushes       : 10
      lines         : 19
      syslines      : 10
  Processed:
      file size     : 1211 (0x4BB) (bytes)
      bytes         : 1211 (0x4BB)
      bytes total   : 1211 (0x4BB)
      block size    : 256 (0x100)
      blocks        : 5
      blocks total  : 5 (1280 bytes)
      lines         : 19
      syslines      : 10
      syslines high : 8
  Parsers:
  Processing Stores:
      storage: LineReader::find_line() lines                       : hit   0, miss  37,  0.0%
      caching: LineReader::find_line() LRU cache                   : hit  10, miss  20, 33.3%, put  19
      copying: SyslineReader::get_boxptrs()                        : sgl 195, dbl    3, mult   0
      storage: SyslineReader::find_sysline() syslines              : hit   0, miss  10,  0.0%
      caching: SyslineReader::find_sysline() syslines_by_range_map : hit   0, miss  10,  0.0%, put  10
      caching: SyslineReader::find_sysline() LRU cache             : hit   1, miss  10,  9.1%, put  10
      caching: SyslineReader::parse_datetime_in_line() LRU cache   : hit   9, miss  19, 32.1%, put   0
      optimize:SyslineReader::ezcheck12                            : hit   0, miss   0,  0.0%, largest skipped 0
      optimize:SyslineReader::ezcheckd2                            : hit  14, miss   0, 100.0%, largest skipped 38
      optimize:SyslineReader::ezcheck12d2                          : hit 167, miss  17, 90.8%, largest skipped 39
      process: regex captures attempted                            : 17
  Processing Drops:

Program Summary:

Paths considered       : 1
Paths not processed    : 0
Files processed        : 1
Files printed          : 1
Printed bytes          : 2486
Printed flushes        : 20
Printed lines          : 19
Printed syslines       : 10
Printed evtx events    : 0
Printed fixedstruct    : 0
Printed journal events : 0
Regex patterns known   : 175
Regex patterns compiled: 6
Datetime filter -a     : 1999-03-03 00:00:00 +00:00 (1999-03-03 00:00:00 +00:00)
Datetime filter -b     : 2023-04-10 22:10:32 +00:00 (2023-04-10 22:10:32 +00:00)
Channel Receive ok     : 12
Channel Receive err    : 0
Threads Spawned        : 1
Thread Spawn errors    : 0
Temporary files created: 0
Platform               : x86_64-unknown-linux-gnu
Allocator              : system
