
Files:

File: ./logs/Ubuntu18/samba/log.smbd.1
  About:
      FileType      : TEXT UTF8/ASCII (text log)
      LogMessageType: text log lines
      Thread stack  : 100352 (bytes)
  Printed:
      bytes         : 2338
      flushes       : 7
      Lines         : 19
      Syslines      : 7
      Datetime first: 2020-03-05 11:57:04 +08:00 (2020-03-05 03:57:04.343000 +00:00)
      Datetime last : 2020-03-05 12:16:44 +08:00 (2020-03-05 04:16:44.343000 +00:00)
  Processed:
      file size     : 1141 (0x475) (bytes)
      bytes         : 1141 (0x475)
      bytes total   : 1141 (0x475)
      Block size    : 256 (0x100)
      Blocks        : 5
      Blocks total  : 5 (1280 bytes)
      Lines         : 19
      Line longest  : 79 (bytes)
      Line parts    : 23
      Syslines      : 7
      Sysline longest: 311 (bytes)
      Syslines high : 7
      Datetime first: 2020-03-05 11:57:04 +08:00 (2020-03-05 03:57:04.343000 +00:00)
      Datetime last : 2020-03-05 12:16:44 +08:00 (2020-03-05 04:16:44.343000 +00:00)
      out of order  : 0
  Parsers:
  Processing stores:
      storage: LineReader::find_line() lines                       : hit   0, miss  37,  0.0%
      caching: LineReader::find_line() LRU cache                   : hit   7, miss  19, 26.9%, put  19
      copying: SyslineReader::get_boxptrs()                        : sgl 209, dbl    1, mult   0
      storage: SyslineReader::find_sysline() syslines              : hit   0, miss   7,  0.0%
      caching: SyslineReader::find_sysline() syslines_by_range_map : hit   0, miss   1,  0.0%, put   1
      caching: SyslineReader::find_sysline() LRU cache             : hit   1, miss   7, 12.5%, put   7
      caching: SyslineReader::parse_datetime_in_line() LRU cache   : hit   6, miss  19, 24.0%, put   0
      optimize:SyslineReader::ezcheck12                            : hit   0, miss   0,  0.0%, largest skipped 0
      optimize:SyslineReader::ezcheckd2                            : hit  20, miss   0, 100.0%, largest skipped 74
      optimize:SyslineReader::ezcheck12d2                          : hit 178, miss  12, 93.7%, largest skipped 74
      process: regex captures                                      : hit   7, miss   5
  Processing Drops:

Program summary:

Paths considered       : 1
Paths not processed    : 0
Files processed        : 1
Files printed          : 1
Printed bytes          : 2366
Printed flushes        : 14
Printed Lines          : 19
Printed Syslines       : 7
Printed ASL events     : 0
Printed ETL events     : 0
Printed EVTX events    : 0
Printed FixedStruct    : 0
Printed Journal events : 0
Printed ODL events     : 0
Line Maximum                   : 393209
Line longest                   : 79
Sysline longest                : 311
EVTX event largest processed   : 0
EVTX event largest accepted    : 0
Journal event largest processed: 0
Journal event largest accepted : 0
Managed files max deflt: 980
Managed files max adjus: 200
Managed handles high   : 1
Managed request open   : 1
Managed request read   : 0
Managed write calls    : 0
Managed seek calls     : 5
Managed metadata calls : 1
Managed open errors    : 0
Managed evict fails    : 0
Regex patterns known   : 188
Regex patterns compiled: 188
Datetime filter -a     : 1999-03-03 00:00:00 +00:00 (1999-03-03 00:00:00.000000 +00:00)
Datetime printed first : 2020-03-05 11:57:04 +08:00 (2020-03-05 03:57:04.343000 +00:00)
Datetime printed last  : 2020-03-05 12:16:44 +08:00 (2020-03-05 04:16:44.343000 +00:00)
Datetime filter -b     : 2026-01-02 00:00:00 +00:00 (2026-01-02 00:00:00.000000 +00:00)
Channel receive ok     : 9
Channel receive err    : 0
Threads spawned        : 1
Thread spawn errors    : 0
Temporary files created: 0
Platform               : x86_64-unknown-linux-gnu
Allocator              : system
