
Files:

File: ./logs/Ubuntu18/samba/log.nmbd.old
  About:
      real path      : /home/ulug/Projects-Here/super-speedy-syslog-searcher/logs/Ubuntu18/samba/log.nmbd.old
      modified time  : 2020-03-16 13:06:52 +08:00 (2020-03-16 05:06:52 +00:00)
      filetype       : TEXT UTF8/ASCII
      logmessagetype : syslog lines
  Printed:
      bytes         : 2991
      lines         : 19
      syslines      : 10
  Processed:
      file size     : 1756 (0x6DC) (bytes)
      bytes         : 1756 (0x6DC)
      bytes total   : 1756 (0x6DC)
      block size    : 256 (0x100)
      blocks        : 7
      blocks total  : 7 (1792 bytes)
      lines         : 19
      syslines      : 10
      syslines high : 7
  Parsers:
  Processing Stores:
      storage: LineReader::find_line() lines                       : hit   0, miss  39,  0.0%
      caching: LineReader::find_line() LRU cache                   : hit  12, miss  21, 36.4%, put  19
      copying: SyslineReader::get_boxptrs()                        : sgl 176, dbl    2, mult   0
      storage: SyslineReader::find_sysline() syslines              : hit   0, miss  11,  0.0%
      caching: SyslineReader::find_sysline() syslines_by_range_map : hit   0, miss  11,  0.0%, put  10
      caching: SyslineReader::find_sysline() LRU cache             : hit   0, miss  11,  0.0%, put  10
      caching: SyslineReader::parse_datetime_in_line() LRU cache   : hit  10, miss  20, 33.3%, put   0
      optimize:SyslineReader::ezcheck12                            : hit   0, miss   0,  0.0%, largest skipped 0
      optimize:SyslineReader::ezcheckd2                            : hit   5, miss   3, 62.5%, largest skipped 63
      optimize:SyslineReader::ezcheck12d2                          : hit  86, miss  84, 50.6%, largest skipped 64
      process: regex captures attempted                            : 87
  Processing Drops:


Program Summary:

Paths considered       : 1
Paths not processed    : 0
Files processed        : 1
Files printed          : 1
Printed bytes          : 3031
Printed lines          : 19
Printed syslines       : 10
Printed evtx events    : 0
Printed fixedstruct    : 0
Printed journal events : 0
Regex patterns known   : 154
Regex patterns compiled: 78
Datetime filter -a     : 1999-03-03 00:00:00 +00:00 (1999-03-03 00:00:00 +00:00)
Datetime filter -b     : 2023-04-10 22:10:32 +00:00 (2023-04-10 22:10:32 +00:00)
Channel Receive ok     : 12
Channel Receive err    : 0
