
Files:

File: ./logs/Ubuntu22/alternatives.log.1
  About:
      FileType      : TEXT UTF8/ASCII (text log)
      LogMessageType: text log lines
      Thread stack  : 102400 (bytes)
  Printed:
      bytes         : 7521
      flushes       : 13
      Lines         : 13
      Syslines      : 13
      Datetime first: 2022-10-04 06:22:31 +08:00 (2022-10-03 22:22:31.000000 +00:00)
      Datetime last : 2022-10-04 06:22:31 +08:00 (2022-10-03 22:22:31.000000 +00:00)
  Processed:
      file size     : 6676 (0x1A14) (bytes)
      bytes         : 6676 (0x1A14)
      bytes total   : 6676 (0x1A14)
      Block size    : 256 (0x100)
      Blocks        : 27
      Blocks total  : 27 (6912 bytes)
      Lines         : 13
      Line longest  : 816 (bytes)
      Line parts    : 39
      Syslines      : 13
      Sysline longest: 816 (bytes)
      Syslines high : 7
      Datetime first: 2022-10-04 06:22:31 +08:00 (2022-10-03 22:22:31.000000 +00:00)
      Datetime last : 2022-10-04 06:22:31 +08:00 (2022-10-03 22:22:31.000000 +00:00)
      out of order  : 0
  Parsers:
  Processing stores:
      storage: LineReader::find_line() lines                       : hit   0, miss  25,  0.0%
      caching: LineReader::find_line() LRU cache                   : hit  13, miss  13, 50.0%, put  13
      copying: SyslineReader::get_boxptrs()                        : sgl 143, dbl    2, mult   8
      storage: SyslineReader::find_sysline() syslines              : hit   0, miss  13,  0.0%
      caching: SyslineReader::find_sysline() syslines_by_range_map : hit   0, miss   1,  0.0%, put   1
      caching: SyslineReader::find_sysline() LRU cache             : hit   1, miss  13,  7.1%, put  13
      caching: SyslineReader::parse_datetime_in_line() LRU cache   : hit  12, miss  13, 48.0%, put   0
      optimize:SyslineReader::ezcheck12                            : hit   0, miss   0,  0.0%, largest skipped 0
      optimize:SyslineReader::ezcheckd2                            : hit   1, miss  11,  8.3%, largest skipped 18
      optimize:SyslineReader::ezcheck12d2                          : hit   1, miss 140,  0.7%, largest skipped 19
      process: regex captures                                      : hit  13, miss 138
  Processing Drops:

Program summary:

Paths considered       : 1
Paths not processed    : 0
Files processed        : 1
Files printed          : 1
Printed bytes          : 7573
Printed flushes        : 26
Printed Lines          : 13
Printed Syslines       : 13
Printed ASL events     : 0
Printed ETL events     : 0
Printed EVTX events    : 0
Printed FixedStruct    : 0
Printed Journal events : 0
Printed ODL events     : 0
Line Maximum                   : 393209
Line longest                   : 816
Sysline longest                : 816
EVTX event largest processed   : 0
EVTX event largest accepted    : 0
Journal event largest processed: 0
Journal event largest accepted : 0
Managed files max deflt: 980
Managed files max adjus: 200
Managed handles high   : 1
Managed request open   : 1
Managed request read   : 0
Managed write calls    : 0
Managed seek calls     : 27
Managed metadata calls : 1
Managed open errors    : 0
Managed evict fails    : 0
Regex patterns known   : 188
Regex patterns compiled: 188
Datetime filter -a     : 1999-03-03 00:00:00 +00:00 (1999-03-03 00:00:00.000000 +00:00)
Datetime printed first : 2022-10-04 06:22:31 +08:00 (2022-10-03 22:22:31.000000 +00:00)
Datetime printed last  : 2022-10-04 06:22:31 +08:00 (2022-10-03 22:22:31.000000 +00:00)
Datetime filter -b     : 2026-01-02 00:00:00 +00:00 (2026-01-02 00:00:00.000000 +00:00)
Channel receive ok     : 15
Channel receive err    : 0
Threads spawned        : 1
Thread spawn errors    : 0
Temporary files created: 0
Platform               : x86_64-unknown-linux-gnu
Allocator              : system
