
Files:

File: ./logs/Ubuntu22/cloud-init-output.log
  About:
      filetype       : TEXT UTF8/ASCII (text log)
      logmessagetype : text log lines
  Printed:
      bytes         : 2205
      flushes       : 2
      lines         : 13
      syslines      : 1
      datetime first: 2022-07-31 19:12:53 +08:00 (2022-07-31 11:12:53.084000 +00:00)
      datetime last : 2022-07-31 19:12:53 +08:00 (2022-07-31 11:12:53.084000 +00:00)
  Processed:
      file size     : 1431 (0x597) (bytes)
      bytes         : 1431 (0x597)
      bytes total   : 1431 (0x597)
      block size    : 256 (0x100)
      blocks        : 6
      blocks total  : 6 (1536 bytes)
      lines         : 14
      syslines      : 1
      syslines high : 1
      datetime first     : 2022-07-31 19:12:53 +08:00 (2022-07-31 11:12:53.084000 +00:00)
      datetime last      : 2022-07-31 19:12:53 +08:00 (2022-07-31 11:12:53.084000 +00:00)
  Parsers:
  Processing Stores:
      storage: LineReader::find_line() lines                       : hit   0, miss  29,  0.0%
      caching: LineReader::find_line() LRU cache                   : hit   4, miss  16, 20.0%, put  14
      copying: SyslineReader::get_boxptrs()                        : sgl 262, dbl    2, mult   0
      storage: SyslineReader::find_sysline() syslines              : hit   0, miss   2,  0.0%
      caching: SyslineReader::find_sysline() syslines_by_range_map : hit   0, miss   2,  0.0%, put   1
      caching: SyslineReader::find_sysline() LRU cache             : hit   0, miss   2,  0.0%, put   1
      caching: SyslineReader::parse_datetime_in_line() LRU cache   : hit   1, miss  16,  5.9%, put   0
      optimize:SyslineReader::ezcheck12                            : hit   0, miss   0,  0.0%, largest skipped 0
      optimize:SyslineReader::ezcheckd2                            : hit   0, miss  18,  0.0%, largest skipped 0
      optimize:SyslineReader::ezcheck12d2                          : hit   4, miss 242,  1.6%, largest skipped 49
      process: regex captures attempted                            : 260
  Processing Drops:

Program Summary:

Paths considered       : 1
Paths not processed    : 0
Files processed        : 1
Files printed          : 1
Printed bytes          : 2209
Printed flushes        : 3
Printed lines          : 13
Printed syslines       : 1
Printed ASL events     : 0
Printed ETL events     : 0
Printed EVTX events    : 0
Printed fixedstruct    : 0
Printed journal events : 0
Printed ODL events     : 0
Regex patterns known   : 175
Regex patterns compiled: 175
Datetime filter -a     : 1999-03-03 00:00:00 +00:00 (1999-03-03 00:00:00.000000 +00:00)
Datetime printed first : 2022-07-31 19:12:53 +08:00 (2022-07-31 11:12:53.084000 +00:00)
Datetime printed last  : 2022-07-31 19:12:53 +08:00 (2022-07-31 11:12:53.084000 +00:00)
Datetime filter -b     : 2026-01-02 00:00:00 +00:00 (2026-01-02 00:00:00.000000 +00:00)
Channel Receive ok     : 3
Channel Receive err    : 0
Threads Spawned        : 1
Thread Spawn errors    : 0
Temporary files created: 0
Platform               : x86_64-unknown-linux-gnu
Allocator              : system
