
Files:

File: ./logs/Ubuntu22/dmesg.0
  About:
      FileType      : TEXT UTF8/ASCII (text log)
      LogMessageType: text log lines
      Thread stack  : 100352 (bytes)
      Processing Err : failed to calculate systemtime at uptime zero
  Printed:
      bytes         : 0
      flushes       : 0
      Lines         : 0
      Syslines      : 0
      Datetime first: None Found
      Datetime last : None Found
  Processed:
      file size     : 1161 (0x489) (bytes)
      bytes         : 393 (0x189)
      bytes total   : 1161 (0x489)
      Block size    : 256 (0x100)
      Blocks        : 2
      Blocks total  : 5 (1280 bytes)
      Lines         : 2
      Line longest  : 237 (bytes)
      Line parts    : 3
      Syslines      : 1
      Sysline longest: 53 (bytes)
      Syslines high : 1
      Datetime first: 1970-01-01 00:00:00 +08:00 (1969-12-31 16:00:00.342000 +00:00)
      Datetime last : 1970-01-01 00:00:00 +08:00 (1969-12-31 16:00:00.342000 +00:00)
      out of order  : 0
  Parsers:
  Processing stores:
      storage: LineReader::find_line() lines                       : hit   0, miss   5,  0.0%
      caching: LineReader::find_line() LRU cache                   : hit   1, miss   3, 25.0%, put   2
      copying: SyslineReader::get_boxptrs()                        : sgl 161, dbl    0, mult   0
      storage: SyslineReader::find_sysline() syslines              : hit   0, miss   2,  0.0%
      caching: SyslineReader::find_sysline() syslines_by_range_map : hit   0, miss   2,  0.0%, put   1
      caching: SyslineReader::find_sysline() LRU cache             : hit   0, miss   2,  0.0%, put   1
      caching: SyslineReader::parse_datetime_in_line() LRU cache   : hit   0, miss   2,  0.0%, put   0
      optimize:SyslineReader::ezcheck12                            : hit   0, miss   0,  0.0%, largest skipped 0
      optimize:SyslineReader::ezcheckd2                            : hit   0, miss  15,  0.0%, largest skipped 0
      optimize:SyslineReader::ezcheck12d2                          : hit   0, miss 146,  0.0%, largest skipped 0
      process: regex captures                                      : hit   2, miss 159
  Processing Drops:

Program summary:

Paths considered       : 1
Paths not processed    : 0
Files processed        : 1
Files printed          : 0
Printed bytes          : 0
Printed flushes        : 0
Printed Lines          : 0
Printed Syslines       : 0
Printed ASL events     : 0
Printed ETL events     : 0
Printed EVTX events    : 0
Printed FixedStruct    : 0
Printed Journal events : 0
Printed ODL events     : 0
Line Maximum                   : 393209
Line longest                   : 237
Sysline longest                : 53
EVTX event largest processed   : 0
EVTX event largest accepted    : 0
Journal event largest processed: 0
Journal event largest accepted : 0
Managed files max deflt: 980
Managed files max adjus: 200
Managed handles high   : 1
Managed request open   : 1
Managed request read   : 0
Managed write calls    : 0
Managed seek calls     : 2
Managed metadata calls : 1
Managed open errors    : 0
Managed evict fails    : 0
Regex patterns known   : 188
Regex patterns compiled: 188
Datetime filter -a     : 1999-03-03 00:00:00 +00:00 (1999-03-03 00:00:00.000000 +00:00)
Datetime printed first :
Datetime printed last  :
Datetime filter -b     : 2026-01-02 00:00:00 +00:00 (2026-01-02 00:00:00.000000 +00:00)
Channel receive ok     : 2
Channel receive err    : 0
Threads spawned        : 1
Thread spawn errors    : 0
Temporary files created: 0
Platform               : x86_64-unknown-linux-gnu
Allocator              : system
