
Files:

File: ./logs/Ubuntu22/dmesg
  About:
      filetype       : TEXT UTF8/ASCII
      logmessagetype : syslog lines
  Printed:
      bytes         : 1890
      flushes       : 1
      lines         : 14
      syslines      : 1
  Processed:
      file size     : 1162 (0x48A) (bytes)
      bytes         : 1162 (0x48A)
      bytes total   : 1162 (0x48A)
      block size    : 256 (0x100)
      blocks        : 5
      blocks total  : 5 (1280 bytes)
      lines         : 14
      syslines      : 1
      syslines high : 1
  Parsers:
  Processing Stores:
      storage: LineReader::find_line() lines                       : hit   0, miss  29,  0.0%
      caching: LineReader::find_line() LRU cache                   : hit   2, miss  16, 11.1%, put  14
      copying: SyslineReader::get_boxptrs()                        : sgl 168, dbl    4, mult   0
      storage: SyslineReader::find_sysline() syslines              : hit   0, miss   2,  0.0%
      caching: SyslineReader::find_sysline() syslines_by_range_map : hit   0, miss   2,  0.0%, put   1
      caching: SyslineReader::find_sysline() LRU cache             : hit   0, miss   2,  0.0%, put   1
      caching: SyslineReader::parse_datetime_in_line() LRU cache   : hit   1, miss  14,  6.7%, put   0
      optimize:SyslineReader::ezcheck12                            : hit   0, miss   0,  0.0%, largest skipped 0
      optimize:SyslineReader::ezcheckd2                            : hit   0, miss  11,  0.0%, largest skipped 0
      optimize:SyslineReader::ezcheck12d2                          : hit   0, miss 161,  0.0%, largest skipped 0
      process: regex captures attempted                            : 172
  Processing Drops:

Program Summary:

Paths considered       : 1
Paths not processed    : 0
Files processed        : 1
Files printed          : 1
Printed bytes          : 1894
Printed flushes        : 2
Printed lines          : 14
Printed syslines       : 1
Printed evtx events    : 0
Printed fixedstruct    : 0
Printed journal events : 0
Regex patterns known   : 172
Regex patterns compiled: 159
Datetime filter -a     : 1999-03-03 00:00:00 +00:00 (1999-03-03 00:00:00 +00:00)
Datetime filter -b     : 2023-04-10 22:10:32 +00:00 (2023-04-10 22:10:32 +00:00)
Channel Receive ok     : 3
Channel Receive err    : 0
Threads Spawned        : 1
Thread Spawn errors    : 0
Platform               : x86_64-unknown-linux-gnu
Allocator              : Jemalloc
