./logs/Ubuntu22/dmesg┋20221004T092321.407400000┋[    0.4074] kernel: Linux version 5.15.0-47-generic (buildd@lcy02-amd64-060) (gcc (Ubuntu 11.2.0-19ubuntu1) 11.2.0, GNU ld (GNU Binutils for Ubuntu) 2.38) #51-Ubuntu SMP Thu Aug 11 07:51:15 UTC 2022 (Ubuntu 5.15.0-47.51-generic 5.15.46)
⇳
./logs/Ubuntu22/dmesg┋20221004T092321.407400000┋[    0.4074] kernel: Command line: NETT_IMAGE=/nett/vmlinuz-5.15.0-47-generic root=UUID=4074-1111-2222-9359-012345678911 ro console=tty1 console=ttyS0 net.ifnames=0 biosdevname=0
⇳
./logs/Ubuntu22/dmesg┋20221004T092321.407400000┋[    0.4074] kernel: KERNEL supported cpus:
⇳
./logs/Ubuntu22/dmesg┋20221004T092321.407400000┋[    0.4074] kernel:   Intel GenuineIntel
⇳
./logs/Ubuntu22/dmesg┋20221004T092321.407400000┋[    0.4074] kernel:   AMD AuthenticAMD
⇳
./logs/Ubuntu22/dmesg┋20221004T092321.407400000┋[    0.4074] kernel:   Hygon HygonGenuine
⇳
./logs/Ubuntu22/dmesg┋20221004T092321.407400000┋[    0.4074] kernel:   Centaur CentaurHauls
⇳
./logs/Ubuntu22/dmesg┋20221004T092321.407400000┋[    0.4074] kernel:   zhaoxin   Shanghai  
⇳
./logs/Ubuntu22/dmesg┋20221004T092322.407400000┋[    1.4074] kernel: x86/fpu: Supporting XSAVE feature 0x001: 'x87 floating point registers'
⇳
./logs/Ubuntu22/dmesg┋20221004T092323.407400000┋[    2.4074] kernel: x86/fpu: Supporting XSAVE feature 0x002: 'SSE registers'
⇳
./logs/Ubuntu22/dmesg┋20221004T092324.407400000┋[    3.4074] kernel: x86/fpu: Supporting XSAVE feature 0x004: 'AVX registers'
⇳
./logs/Ubuntu22/dmesg┋20221004T092325.407400000┋[    4.4074] kernel: x86/fpu: xstate_offset[2]:  576, xstate_sizes[2]:  256
⇳
./logs/Ubuntu22/dmesg┋20221004T092326.407400000┋[    5.4074] kernel: x86/fpu: Enabled xstate features 0x7, context size is 832 bytes, using 'standard' format.
⇳
./logs/Ubuntu22/dmesg┋20221004T092327.407400000┋[    6.4074] kernel: signal: max sigframe size: 1776
⇳
