
Files:

File: ./logs/Ubuntu22/dpkg.log.1
  About:
      filetype      : TEXT UTF8/ASCII (text log)
      logmessagetype: text log lines
      thread stack  : 2150400 (bytes)
  Printed:
      bytes         : 1749
      flushes       : 14
      lines         : 14
      syslines      : 14
      datetime first: 2022-09-01 06:21:01 +08:00 (2022-08-31 22:21:01.000000 +00:00)
      datetime last : 2022-09-01 06:21:07 +08:00 (2022-08-31 22:21:07.000000 +00:00)
  Processed:
      file size     : 951 (0x3B7) (bytes)
      bytes         : 951 (0x3B7)
      bytes total   : 951 (0x3B7)
      block size    : 256 (0x100)
      blocks        : 4
      blocks total  : 4 (1024 bytes)
      lines         : 14
      line longest  : 83 (bytes)
      line parts    : 17
      syslines      : 14
      sysline longest: 83 (bytes)
      syslines high : 14
      datetime first: 2022-09-01 06:21:01 +08:00 (2022-08-31 22:21:01.000000 +00:00)
      datetime last : 2022-09-01 06:21:07 +08:00 (2022-08-31 22:21:07.000000 +00:00)
      out of order  : 0
  Parsers:
  Processing Stores:
      storage: LineReader::find_line() lines                       : hit  0, miss 27,  0.0%
      caching: LineReader::find_line() LRU cache                   : hit 14, miss 14, 50.0%, put 14
      copying: SyslineReader::get_boxptrs()                        : sgl 91, dbl   1, mult  0
      storage: SyslineReader::find_sysline() syslines              : hit  0, miss 14,  0.0%
      caching: SyslineReader::find_sysline() syslines_by_range_map : hit  0, miss  1,  0.0%, put  1
      caching: SyslineReader::find_sysline() LRU cache             : hit  1, miss 14,  6.7%, put 14
      caching: SyslineReader::parse_datetime_in_line() LRU cache   : hit 13, miss 14, 48.1%, put  0
      optimize:SyslineReader::ezcheck12                            : hit  0, miss  0,  0.0%, largest skipped 0
      optimize:SyslineReader::ezcheckd2                            : hit  0, miss  4,  0.0%, largest skipped 0
      optimize:SyslineReader::ezcheck12d2                          : hit  0, miss 88,  0.0%, largest skipped 0
      process: regex captures                                      : hit 14, miss 78
  Processing Drops:

Program Summary:

Paths considered       : 1
Paths not processed    : 0
Files processed        : 1
Files printed          : 1
Printed bytes          : 1805
Printed flushes        : 28
Printed lines          : 14
Printed syslines       : 14
Longest Line           : 83
Longest Sysline        : 83
Printed ASL events     : 0
Printed ETL events     : 0
Printed EVTX events    : 0
Printed fixedstruct    : 0
Printed journal events : 0
Printed ODL events     : 0
Managed files max deflt: 980
Managed files max adjus: 200
Managed request open   : 1
Managed request read   : 0
Managed read calls     : 4
Managed write calls    : 0
Managed seek calls     : 4
Managed metadata calls : 1
Managed open errors    : 0
Managed evict fails    : 0
Regex patterns known   : 188
Regex patterns compiled: 188
Datetime filter -a     : 1999-03-03 00:00:00 +00:00 (1999-03-03 00:00:00.000000 +00:00)
Datetime printed first : 2022-09-01 06:21:01 +08:00 (2022-08-31 22:21:01.000000 +00:00)
Datetime printed last  : 2022-09-01 06:21:07 +08:00 (2022-08-31 22:21:07.000000 +00:00)
Datetime filter -b     : 2026-01-02 00:00:00 +00:00 (2026-01-02 00:00:00.000000 +00:00)
Channel Receive ok     : 16
Channel Receive err    : 0
Threads Spawned        : 1
Thread Spawn errors    : 0
Temporary files created: 0
Platform               : x86_64-unknown-linux-gnu
Allocator              : system
