
Files:

File: ./logs/Ubuntu22/kern.log
  About:
      FileType      : TEXT UTF8/ASCII (text log)
      LogMessageType: text log lines
      Thread stack  : 100352 (bytes)
  Printed:
      bytes         : 3653
      flushes       : 14
      Lines         : 14
      Syslines      : 14
      Datetime first: 2022-10-03 21:48:26 +08:00 (2022-10-03 13:48:26.000000 +00:00)
      Datetime last : 2022-10-03 21:48:37 +08:00 (2022-10-03 13:48:37.000000 +00:00)
  Processed:
      file size     : 2883 (0xB43) (bytes)
      bytes         : 2883 (0xB43)
      bytes total   : 2883 (0xB43)
      Block size    : 256 (0x100)
      Blocks        : 12
      Blocks total  : 12 (3072 bytes)
      Lines         : 14
      Line longest  : 266 (bytes)
      Line parts    : 25
      Syslines      : 15
      Sysline longest: 266 (bytes)
      Syslines high : 14
      Datetime first: 2022-10-03 21:48:26 +08:00 (2022-10-03 13:48:26.000000 +00:00)
      Datetime last : 2022-10-03 21:48:37 +08:00 (2022-10-03 13:48:37.000000 +00:00)
      out of order  : 0
  Parsers:
                   datetime format missing year; estimated year of last sysline 2022
  Processing stores:
      storage: LineReader::find_line() lines                       : hit 13, miss 29, 31.0%
      caching: LineReader::find_line() LRU cache                   : hit  1, miss 29,  3.3%, put 29
      copying: SyslineReader::get_boxptrs()                        : sgl 39, dbl   9, mult  0
      storage: SyslineReader::find_sysline() syslines              : hit 13, miss 15, 46.4%
      caching: SyslineReader::find_sysline() syslines_by_range_map : hit  1, miss 15,  6.2%, put 15
      caching: SyslineReader::find_sysline() LRU cache             : hit  0, miss 29,  0.0%, put 29
      caching: SyslineReader::parse_datetime_in_line() LRU cache   : hit 13, miss 16, 44.8%, put  0
      optimize:SyslineReader::ezcheck12                            : hit  0, miss  0,  0.0%, largest skipped 0
      optimize:SyslineReader::ezcheckd2                            : hit  0, miss 19,  0.0%, largest skipped 0
      optimize:SyslineReader::ezcheck12d2                          : hit  0, miss 29,  0.0%, largest skipped 0
      process: regex captures                                      : hit 16, miss 32
  Processing Drops:

Program summary:

Paths considered       : 1
Paths not processed    : 0
Files processed        : 1
Files printed          : 1
Printed bytes          : 3709
Printed flushes        : 28
Printed Lines          : 14
Printed Syslines       : 14
Printed ASL events     : 0
Printed ETL events     : 0
Printed EVTX events    : 0
Printed FixedStruct    : 0
Printed Journal events : 0
Printed ODL events     : 0
Line Maximum                   : 393209
Line longest                   : 266
Sysline longest                : 266
EVTX event largest processed   : 0
EVTX event largest accepted    : 0
Journal event largest processed: 0
Journal event largest accepted : 0
Managed files max deflt: 980
Managed files max adjus: 200
Managed request open   : 1
Managed request read   : 0
Managed write calls    : 0
Managed seek calls     : 12
Managed metadata calls : 1
Managed open errors    : 0
Managed evict fails    : 0
Regex patterns known   : 188
Regex patterns compiled: 188
Datetime filter -a     : 1999-03-03 00:00:00 +00:00 (1999-03-03 00:00:00.000000 +00:00)
Datetime printed first : 2022-10-03 21:48:26 +08:00 (2022-10-03 13:48:26.000000 +00:00)
Datetime printed last  : 2022-10-03 21:48:37 +08:00 (2022-10-03 13:48:37.000000 +00:00)
Datetime filter -b     : 2026-01-02 00:00:00 +00:00 (2026-01-02 00:00:00.000000 +00:00)
Channel receive ok     : 16
Channel receive err    : 0
Threads spawned        : 1
Thread spawn errors    : 0
Temporary files created: 0
Platform               : x86_64-unknown-linux-gnu
Allocator              : system
