
Files:

File: ./logs/Ubuntu22/syslog.1
  About:
      filetype       : TEXT UTF8/ASCII
      logmessagetype : syslog lines
  Printed:
      bytes         : 2028
      flushes       : 14
      lines         : 14
      syslines      : 14
  Processed:
      file size     : 1258 (0x4EA) (bytes)
      bytes         : 1258 (0x4EA)
      bytes total   : 1258 (0x4EA)
      block size    : 256 (0x100)
      blocks        : 5
      blocks total  : 5 (1280 bytes)
      lines         : 14
      syslines      : 15
      syslines high : 14
  Parsers:
                   datetime format missing year; estimated year of last sysline 2022
  Processing Stores:
      storage: LineReader::find_line() lines                       : hit 13, miss 29, 31.0%
      caching: LineReader::find_line() LRU cache                   : hit  1, miss 30,  3.2%, put 29
      copying: SyslineReader::get_boxptrs()                        : sgl 48, dbl   1, mult  0
      storage: SyslineReader::find_sysline() syslines              : hit  0, miss 15,  0.0%
      caching: SyslineReader::find_sysline() syslines_by_range_map : hit 14, miss 15, 48.3%, put 15
      caching: SyslineReader::find_sysline() LRU cache             : hit  0, miss 29,  0.0%, put 29
      caching: SyslineReader::parse_datetime_in_line() LRU cache   : hit 13, miss 16, 44.8%, put  0
      optimize:SyslineReader::ezcheck12                            : hit  0, miss  0,  0.0%, largest skipped 0
      optimize:SyslineReader::ezcheckd2                            : hit  0, miss 19,  0.0%, largest skipped 0
      optimize:SyslineReader::ezcheck12d2                          : hit  0, miss 30,  0.0%, largest skipped 0
      process: regex captures attempted                            : 49
  Processing Drops:

Program Summary:

Paths considered       : 1
Paths not processed    : 0
Files processed        : 1
Files printed          : 1
Printed bytes          : 2084
Printed flushes        : 28
Printed lines          : 14
Printed syslines       : 14
Printed evtx events    : 0
Printed fixedstruct    : 0
Printed journal events : 0
Regex patterns known   : 175
Regex patterns compiled: 34
Datetime filter -a     : 1999-03-03 00:00:00 +00:00 (1999-03-03 00:00:00 +00:00)
Datetime filter -b     : 2023-04-10 22:10:32 +00:00 (2023-04-10 22:10:32 +00:00)
Channel Receive ok     : 16
Channel Receive err    : 0
Threads Spawned        : 1
Thread Spawn errors    : 0
Temporary files created: 0
Platform               : x86_64-unknown-linux-gnu
Allocator              : system
