
Files:

File: ./logs/Ubuntu22/ubuntu-advantage-timer.log
  About:
      filetype       : TEXT UTF8/ASCII
      logmessagetype : syslog lines
  Printed:
      bytes         : 1824
      flushes       : 12
      lines         : 12
      syslines      : 12
  Processed:
      file size     : 948 (0x3B4) (bytes)
      bytes         : 948 (0x3B4)
      bytes total   : 948 (0x3B4)
      block size    : 256 (0x100)
      blocks        : 4
      blocks total  : 4 (1024 bytes)
      lines         : 12
      syslines      : 12
      syslines high : 12
  Parsers:
  Processing Stores:
      storage: LineReader::find_line() lines                       : hit  0, miss 23,  0.0%
      caching: LineReader::find_line() LRU cache                   : hit 12, miss 13, 48.0%, put 12
      copying: SyslineReader::get_boxptrs()                        : sgl 84, dbl   2, mult  0
      storage: SyslineReader::find_sysline() syslines              : hit  0, miss 12,  0.0%
      caching: SyslineReader::find_sysline() syslines_by_range_map : hit  0, miss 12,  0.0%, put 12
      caching: SyslineReader::find_sysline() LRU cache             : hit  1, miss 12,  7.7%, put 12
      caching: SyslineReader::parse_datetime_in_line() LRU cache   : hit 11, miss 12, 47.8%, put  0
      optimize:SyslineReader::ezcheck12                            : hit  0, miss  0,  0.0%, largest skipped 0
      optimize:SyslineReader::ezcheckd2                            : hit  0, miss  4,  0.0%, largest skipped 0
      optimize:SyslineReader::ezcheck12d2                          : hit  0, miss 82,  0.0%, largest skipped 0
      process: regex captures attempted                            : 86
  Processing Drops:

Program Summary:

Paths considered       : 1
Paths not processed    : 0
Files processed        : 1
Files printed          : 1
Printed bytes          : 1872
Printed flushes        : 24
Printed lines          : 12
Printed syslines       : 12
Printed evtx events    : 0
Printed fixedstruct    : 0
Printed journal events : 0
Regex patterns known   : 174
Regex patterns compiled: 75
Datetime filter -a     : 1999-03-03 00:00:00 +00:00 (1999-03-03 00:00:00 +00:00)
Datetime filter -b     : 2023-04-10 22:10:32 +00:00 (2023-04-10 22:10:32 +00:00)
Channel Receive ok     : 14
Channel Receive err    : 0
Threads Spawned        : 1
Thread Spawn errors    : 0
Platform               : x86_64-unknown-linux-gnu
Allocator              : system
