
Files:

File: ./logs/Ubuntu22/ubuntu-advantage-timer.log.1
  About:
      FileType      : TEXT UTF8/ASCII (text log)
      LogMessageType: text log lines
      Thread stack  : 100352 (bytes)
  Printed:
      bytes         : 2155
      flushes       : 14
      Lines         : 14
      Syslines      : 14
      Datetime first: 2022-09-01 02:51:55 +08:00 (2022-08-31 18:51:55.595000 +00:00)
      Datetime last : 2022-09-02 23:13:55 +08:00 (2022-09-02 15:13:55.641000 +00:00)
  Processed:
      file size     : 1105 (0x451) (bytes)
      bytes         : 1105 (0x451)
      bytes total   : 1105 (0x451)
      Block size    : 256 (0x100)
      Blocks        : 5
      Blocks total  : 5 (1280 bytes)
      Lines         : 14
      Line longest  : 80 (bytes)
      Line parts    : 18
      Syslines      : 14
      Sysline longest: 80 (bytes)
      Syslines high : 12
      Datetime first: 2022-09-01 02:51:55 +08:00 (2022-08-31 18:51:55.595000 +00:00)
      Datetime last : 2022-09-02 23:13:55 +08:00 (2022-09-02 15:13:55.641000 +00:00)
      out of order  : 1
  Parsers:
  Processing stores:
      storage: LineReader::find_line() lines                       : hit  0, miss 27,  0.0%
      caching: LineReader::find_line() LRU cache                   : hit 14, miss 14, 50.0%, put 14
      copying: SyslineReader::get_boxptrs()                        : sgl 85, dbl   2, mult  0
      storage: SyslineReader::find_sysline() syslines              : hit  0, miss 14,  0.0%
      caching: SyslineReader::find_sysline() syslines_by_range_map : hit  0, miss  1,  0.0%, put  1
      caching: SyslineReader::find_sysline() LRU cache             : hit  1, miss 14,  6.7%, put 14
      caching: SyslineReader::parse_datetime_in_line() LRU cache   : hit 13, miss 14, 48.1%, put  0
      optimize:SyslineReader::ezcheck12                            : hit  0, miss  0,  0.0%, largest skipped 0
      optimize:SyslineReader::ezcheckd2                            : hit  0, miss  4,  0.0%, largest skipped 0
      optimize:SyslineReader::ezcheck12d2                          : hit  0, miss 83,  0.0%, largest skipped 0
      process: regex captures                                      : hit 14, miss 73
  Processing Drops:

Program summary:

Paths considered       : 1
Paths not processed    : 0
Files processed        : 1
Files printed          : 1
Printed bytes          : 2211
Printed flushes        : 28
Printed Lines          : 14
Printed Syslines       : 14
Printed ASL events     : 0
Printed ETL events     : 0
Printed EVTX events    : 0
Printed FixedStruct    : 0
Printed Journal events : 0
Printed ODL events     : 0
Line Maximum                   : 393209
Line longest                   : 80
Sysline longest                : 80
EVTX event largest processed   : 0
EVTX event largest accepted    : 0
Journal event largest processed: 0
Journal event largest accepted : 0
Managed files max deflt: 980
Managed files max adjus: 200
Managed request open   : 1
Managed request read   : 0
Managed write calls    : 0
Managed seek calls     : 5
Managed metadata calls : 1
Managed open errors    : 0
Managed evict fails    : 0
Regex patterns known   : 188
Regex patterns compiled: 188
Datetime filter -a     : 1999-03-03 00:00:00 +00:00 (1999-03-03 00:00:00.000000 +00:00)
Datetime printed first : 2022-09-01 02:51:55 +08:00 (2022-08-31 18:51:55.595000 +00:00)
Datetime printed last  : 2022-09-02 23:13:55 +08:00 (2022-09-02 15:13:55.641000 +00:00)
Datetime filter -b     : 2026-01-02 00:00:00 +00:00 (2026-01-02 00:00:00.000000 +00:00)
Channel receive ok     : 16
Channel receive err    : 0
Threads spawned        : 1
Thread spawn errors    : 0
Temporary files created: 0
Platform               : x86_64-unknown-linux-gnu
Allocator              : system
