
Files:

File: ./logs/RockyLinux9/dnf.rpm.log
  About:
      FileType      : TEXT UTF8/ASCII (text log)
      LogMessageType: text log lines
      Thread stack  : 100352 (bytes)
  Printed:
      bytes         : 4779
      flushes       : 36
      Lines         : 39
      Syslines      : 36
      Datetime first: 2022-09-12 17:53:18 +00:00 (2022-09-12 17:53:18.000000 +00:00)
      Datetime last : 2022-10-08 22:26:52 +00:00 (2022-10-08 22:26:52.000000 +00:00)
  Processed:
      file size     : 2400 (0x960) (bytes)
      bytes         : 2400 (0x960)
      bytes total   : 2400 (0x960)
      Block size    : 256 (0x100)
      Blocks        : 10
      Blocks total  : 10 (2560 bytes)
      Lines         : 39
      Line longest  : 129 (bytes)
      Line parts    : 48
      Syslines      : 36
      Sysline longest: 183 (bytes)
      Syslines high : 12
      Datetime first: 2022-09-12 17:53:18 +00:00 (2022-09-12 17:53:18.000000 +00:00)
      Datetime last : 2022-10-08 22:26:52 +00:00 (2022-10-08 22:26:52.000000 +00:00)
      out of order  : 0
  Parsers:
  Processing stores:
      storage: LineReader::find_line() lines                       : hit   2, miss  75,  2.6%
      caching: LineReader::find_line() LRU cache                   : hit  36, miss  39, 48.0%, put  39
      copying: SyslineReader::get_boxptrs()                        : sgl 106, dbl    5, mult   0
      storage: SyslineReader::find_sysline() syslines              : hit   0, miss  36,  0.0%
      caching: SyslineReader::find_sysline() syslines_by_range_map : hit   0, miss   1,  0.0%, put   1
      caching: SyslineReader::find_sysline() LRU cache             : hit   1, miss  36,  2.7%, put  36
      caching: SyslineReader::parse_datetime_in_line() LRU cache   : hit  35, miss  39, 47.3%, put   0
      optimize:SyslineReader::ezcheck12                            : hit   0, miss   0,  0.0%, largest skipped 0
      optimize:SyslineReader::ezcheckd2                            : hit   0, miss   4,  0.0%, largest skipped 0
      optimize:SyslineReader::ezcheck12d2                          : hit   1, miss 106,  0.9%, largest skipped 49
      process: regex captures                                      : hit  36, miss  74
  Processing Drops:

Program summary:

Paths considered       : 1
Paths not processed    : 0
Files processed        : 1
Files printed          : 1
Printed bytes          : 4924
Printed flushes        : 73
Printed Lines          : 39
Printed Syslines       : 36
Printed ASL events     : 0
Printed ETL events     : 0
Printed EVTX events    : 0
Printed FixedStruct    : 0
Printed Journal events : 0
Printed ODL events     : 0
Line Maximum                   : 393209
Line longest                   : 129
Sysline longest                : 183
EVTX event largest processed   : 0
EVTX event largest accepted    : 0
Journal event largest processed: 0
Journal event largest accepted : 0
Managed files max deflt: 980
Managed files max adjus: 200
Managed request open   : 1
Managed request read   : 0
Managed write calls    : 0
Managed seek calls     : 10
Managed metadata calls : 1
Managed open errors    : 0
Managed evict fails    : 0
Regex patterns known   : 188
Regex patterns compiled: 188
Datetime filter -a     : 1999-03-03 00:00:00 +00:00 (1999-03-03 00:00:00.000000 +00:00)
Datetime printed first : 2022-09-12 17:53:18 +00:00 (2022-09-12 17:53:18.000000 +00:00)
Datetime printed last  : 2022-10-08 22:26:52 +00:00 (2022-10-08 22:26:52.000000 +00:00)
Datetime filter -b     : 2026-01-02 00:00:00 +00:00 (2026-01-02 00:00:00.000000 +00:00)
Channel receive ok     : 38
Channel receive err    : 0
Threads spawned        : 1
Thread spawn errors    : 0
Temporary files created: 0
Platform               : x86_64-unknown-linux-gnu
Allocator              : system
