
Files:

File: ./logs/RockyLinux9/dnf.librepo.log
  About:
      FileType      : TEXT UTF8/ASCII (text log)
      LogMessageType: text log lines
      Thread stack  : 100352 (bytes)
  Printed:
      bytes         : 22911
      flushes       : 104
      Lines         : 104
      Syslines      : 104
      Datetime first: 2022-09-12 17:53:18 +00:00 (2022-09-12 17:53:18.000000 +00:00)
      Datetime last : 2022-10-08 22:26:51 +00:00 (2022-10-08 22:26:51.000000 +00:00)
  Processed:
      file size     : 16151 (0x3F17) (bytes)
      bytes         : 16151 (0x3F17)
      bytes total   : 16151 (0x3F17)
      Block size    : 256 (0x100)
      Blocks        : 64
      Blocks total  : 64 (16384 bytes)
      Lines         : 104
      Line longest  : 231 (bytes)
      Line parts    : 166
      Syslines      : 104
      Sysline longest: 231 (bytes)
      Syslines high : 8
      Datetime first: 2022-09-12 17:53:18 +00:00 (2022-09-12 17:53:18.000000 +00:00)
      Datetime last : 2022-10-08 22:26:51 +00:00 (2022-10-08 22:26:51.000000 +00:00)
      out of order  : 0
  Parsers:
  Processing stores:
      storage: LineReader::find_line() lines                       : hit   0, miss 209,  0.0%
      caching: LineReader::find_line() LRU cache                   : hit 105, miss 105, 50.0%, put 104
      copying: SyslineReader::get_boxptrs()                        : sgl 163, dbl   15, mult   0
      storage: SyslineReader::find_sysline() syslines              : hit   0, miss 105,  0.0%
      caching: SyslineReader::find_sysline() syslines_by_range_map : hit   0, miss   2,  0.0%, put   1
      caching: SyslineReader::find_sysline() LRU cache             : hit   0, miss 105,  0.0%, put 104
      caching: SyslineReader::parse_datetime_in_line() LRU cache   : hit 104, miss 104, 50.0%, put   0
      optimize:SyslineReader::ezcheck12                            : hit   0, miss   0,  0.0%, largest skipped 0
      optimize:SyslineReader::ezcheckd2                            : hit   0, miss   4,  0.0%, largest skipped 0
      optimize:SyslineReader::ezcheck12d2                          : hit   0, miss 174,  0.0%, largest skipped 0
      process: regex captures                                      : hit 104, miss  74
  Processing Drops:

Program summary:

Paths considered       : 1
Paths not processed    : 0
Files processed        : 1
Files printed          : 1
Printed bytes          : 23328
Printed flushes        : 209
Printed Lines          : 104
Printed Syslines       : 104
Printed ASL events     : 0
Printed ETL events     : 0
Printed EVTX events    : 0
Printed FixedStruct    : 0
Printed Journal events : 0
Printed ODL events     : 0
Line Maximum                   : 393209
Line longest                   : 231
Sysline longest                : 231
EVTX event largest processed   : 0
EVTX event largest accepted    : 0
Journal event largest processed: 0
Journal event largest accepted : 0
Managed files max deflt: 980
Managed files max adjus: 200
Managed request open   : 1
Managed request read   : 0
Managed write calls    : 0
Managed seek calls     : 64
Managed metadata calls : 1
Managed open errors    : 0
Managed evict fails    : 0
Regex patterns known   : 188
Regex patterns compiled: 188
Datetime filter -a     : 1999-03-03 00:00:00 +00:00 (1999-03-03 00:00:00.000000 +00:00)
Datetime printed first : 2022-09-12 17:53:18 +00:00 (2022-09-12 17:53:18.000000 +00:00)
Datetime printed last  : 2022-10-08 22:26:51 +00:00 (2022-10-08 22:26:51.000000 +00:00)
Datetime filter -b     : 2026-01-02 00:00:00 +00:00 (2026-01-02 00:00:00.000000 +00:00)
Channel receive ok     : 106
Channel receive err    : 0
Threads spawned        : 1
Thread spawn errors    : 0
Temporary files created: 0
Platform               : x86_64-unknown-linux-gnu
Allocator              : system
