
Files:

File: ./logs/RockyLinux9/hawkey.log
  About:
      FileType      : TEXT UTF8/ASCII (text log)
      LogMessageType: text log lines
      Thread stack  : 100352 (bytes)
  Printed:
      bytes         : 3359
      flushes       : 28
      Lines         : 28
      Syslines      : 28
      Datetime first: 2022-09-12 17:53:19 +00:00 (2022-09-12 17:53:19.000000 +00:00)
      Datetime last : 2022-10-08 22:26:52 +00:00 (2022-10-08 22:26:52.000000 +00:00)
  Processed:
      file size     : 1679 (0x68F) (bytes)
      bytes         : 1679 (0x68F)
      bytes total   : 1679 (0x68F)
      Block size    : 256 (0x100)
      Blocks        : 7
      Blocks total  : 7 (1792 bytes)
      Lines         : 28
      Line longest  : 60 (bytes)
      Line parts    : 34
      Syslines      : 28
      Sysline longest: 60 (bytes)
      Syslines high : 15
      Datetime first: 2022-09-12 17:53:19 +00:00 (2022-09-12 17:53:19.000000 +00:00)
      Datetime last : 2022-10-08 22:26:52 +00:00 (2022-10-08 22:26:52.000000 +00:00)
      out of order  : 0
  Parsers:
  Processing stores:
      storage: LineReader::find_line() lines                       : hit  0, miss 55,  0.0%
      caching: LineReader::find_line() LRU cache                   : hit 28, miss 28, 50.0%, put 28
      copying: SyslineReader::get_boxptrs()                        : sgl 96, dbl   6, mult  0
      storage: SyslineReader::find_sysline() syslines              : hit  0, miss 28,  0.0%
      caching: SyslineReader::find_sysline() syslines_by_range_map : hit  0, miss  1,  0.0%, put  1
      caching: SyslineReader::find_sysline() LRU cache             : hit  1, miss 28,  3.4%, put 28
      caching: SyslineReader::parse_datetime_in_line() LRU cache   : hit 27, miss 28, 49.1%, put  0
      optimize:SyslineReader::ezcheck12                            : hit  0, miss  0,  0.0%, largest skipped 0
      optimize:SyslineReader::ezcheckd2                            : hit  0, miss  4,  0.0%, largest skipped 0
      optimize:SyslineReader::ezcheck12d2                          : hit  0, miss 98,  0.0%, largest skipped 0
      process: regex captures                                      : hit 28, miss 74
  Processing Drops:

Program summary:

Paths considered       : 1
Paths not processed    : 0
Files processed        : 1
Files printed          : 1
Printed bytes          : 3472
Printed flushes        : 57
Printed Lines          : 28
Printed Syslines       : 28
Printed ASL events     : 0
Printed ETL events     : 0
Printed EVTX events    : 0
Printed FixedStruct    : 0
Printed Journal events : 0
Printed ODL events     : 0
Line Maximum                   : 393209
Line longest                   : 60
Sysline longest                : 60
EVTX event largest processed   : 0
EVTX event largest accepted    : 0
Journal event largest processed: 0
Journal event largest accepted : 0
Managed files max deflt: 980
Managed files max adjus: 200
Managed handles high   : 1
Managed request open   : 1
Managed request read   : 0
Managed write calls    : 0
Managed seek calls     : 7
Managed metadata calls : 1
Managed open errors    : 0
Managed evict fails    : 0
Regex patterns known   : 188
Regex patterns compiled: 188
Datetime filter -a     : 1999-03-03 00:00:00 +00:00 (1999-03-03 00:00:00.000000 +00:00)
Datetime printed first : 2022-09-12 17:53:19 +00:00 (2022-09-12 17:53:19.000000 +00:00)
Datetime printed last  : 2022-10-08 22:26:52 +00:00 (2022-10-08 22:26:52.000000 +00:00)
Datetime filter -b     : 2026-01-02 00:00:00 +00:00 (2026-01-02 00:00:00.000000 +00:00)
Channel receive ok     : 30
Channel receive err    : 0
Threads spawned        : 1
Thread spawn errors    : 0
Temporary files created: 0
Platform               : x86_64-unknown-linux-gnu
Allocator              : system
