
Files:

File: ./logs/MacOS11/powermanagement/2023.10.26.asl
  About:
      FileType      : ASL (Apple System Log)
      LogMessageType: Python parsed events (ASL/ETL/ODL)
      Thread stack  : 137216 (bytes)
  Printed:
      bytes         : 4699
      flushes       : 10
      Events        : 10
      Datetime first: 2023-10-26 16:27:25 +08:00 (2023-10-26 08:27:25.731000 +00:00)
      Datetime last : 2023-10-26 16:31:31 +08:00 (2023-10-26 08:31:31.898000 +00:00)
  Processed:
      file size          : 3366 (0xD26) (bytes)
      Events processed   : 10
      Events accepted    : 10
      Events read max    : 1
      Events queue high  : 1
      Python pipe size stdout    : 256
      Python pipe size stderr    : 256
      Python exit status         : 0
      Datetime first: 2023-10-26 16:27:25 +08:00 (2023-10-26 08:27:25.731000 +00:00)
      Datetime last : 2023-10-26 16:31:31 +08:00 (2023-10-26 08:31:31.898000 +00:00)
      out of order  : 0

Program summary:

Paths considered       : 1
Paths not processed    : 0
Files processed        : 1
Files printed          : 1
Printed bytes          : 4739
Printed flushes        : 20
Printed Lines          : 0
Printed Syslines       : 0
Printed ASL events     : 10
Printed ETL events     : 0
Printed EVTX events    : 0
Printed FixedStruct    : 0
Printed Journal events : 0
Printed ODL events     : 0
Line Maximum                   : 393209
Line longest                   : 0
Sysline longest                : 0
EVTX event largest processed   : 0
EVTX event largest accepted    : 0
Journal event largest processed: 0
Journal event largest accepted : 0
Managed files max deflt: 980
Managed files max adjus: 200
Managed handles high   : 1
Managed request open   : 1
Managed request read   : 0
Managed write calls    : 0
Managed seek calls     : 0
Managed metadata calls : 1
Managed open errors    : 0
Managed evict fails    : 0
Regex patterns known   : 188
Regex patterns compiled: 188
Datetime filter -a     : 1999-03-03 00:00:00 +00:00 (1999-03-03 00:00:00.000000 +00:00)
Datetime printed first : 2023-10-26 16:27:25 +08:00 (2023-10-26 08:27:25.731000 +00:00)
Datetime printed last  : 2023-10-26 16:31:31 +08:00 (2023-10-26 08:31:31.898000 +00:00)
Datetime filter -b     : 2026-01-02 00:00:00 +00:00 (2026-01-02 00:00:00.000000 +00:00)
Channel receive ok     : 12
Channel receive err    : 0
Threads spawned        : 1
Thread spawn errors    : 0
Temporary files created: 0
Platform               : x86_64-unknown-linux-gnu
Allocator              : system
