{"logTime": "0425/073721", "correlationVector":"63EBBED7FB5845DDB9AF2810D983A3BD","action":"FETCH_UX_CONFIG", "result":""}
{"logTime": "0426/154423", "correlationVector":"A399F19FD266434C99DC5E0972C8CBC7","action":"FETCH_UX_CONFIG", "result":""}
{"logTime": "0427/034628", "correlationVector":"8C022681D4714CDB8BADE569A9736215","action":"FETCH_UX_CONFIG", "result":""}
{"logTime": "0428/182140", "correlationVector":"C134EA72B12740AAB01B0E59DE714ACB","action":"FETCH_UX_CONFIG", "result":""}
{"logTime": "0505/054512", "correlationVector":"F4986CDDDD8B417FAB402EA6F2CBFFE7","action":"FETCH_UX_CONFIG", "result":""}
{"logTime": "0509/180253", "correlationVector":"929A6D2D56D547C1917CB7A6004CFFDB","action":"FETCH_UX_CONFIG", "result":""}
{"logTime": "0513/165831", "correlationVector":"FB39A49AA017403FAAB59C4D69C902B8","action":"FETCH_UX_CONFIG", "result":""}
{"logTime": "0514/224208", "correlationVector":"96854EEA8DE048DAB0569D6EE7090E2D","action":"FETCH_UX_CONFIG", "result":""}
{"logTime": "0517/210655", "correlationVector":"CA201AC732FF40E294A037255C5A7D4E","action":"FETCH_UX_CONFIG", "result":""}
{"logTime": "0523/213839", "correlationVector":"9A320EC7E24742149E47FAF380427D5A","action":"FETCH_UX_CONFIG", "result":""}
{"logTime": "0523/235945", "correlationVector":"BB5DFC9F07B64356ACBCC2914DED1EDF","action":"FETCH_UX_CONFIG", "result":""}
{"logTime": "0524/000911", "correlationVector":"D48DBD2A00084D8E823A7B1FA016B8FE","action":"FETCH_UX_CONFIG", "result":""}
{"logTime": "0524/002058", "correlationVector":"KkmN6v3OD7QESTYv3gJIau","action":"EXTENSION_UPDATE_SERVICE", "result":""}
{"logTime": "0524/003147", "correlationVector":"D9EC23A5869348AFB9F604DAFDB6AD43","action":"FETCH_UX_CONFIG", "result":""}
{"logTime": "0525/212932", "correlationVector":"D8D69665B99E42A99AAE1D97E56220C0","action":"FETCH_UX_CONFIG", "result":""}
{"logTime": "0525/232932", "correlationVector":"827A25E72AAF471D9252B687833961C3","action":"FETCH_UX_CONFIG", "result":""}
{"logTime": "0526/020356", "correlationVector":"MXDXp/ROu61NnvOOzzzyVE","action":"EXTENSION_UPDATE_SERVICE", "result":""}
{"logTime": "0526/032931", "correlationVector":"F718D55CFC4A42F9B6F05AAFF140DC6B","action":"FETCH_UX_CONFIG", "result":""}
{"logTime": "0527/060424", "correlationVector":"46AD96E91A174A1FB267943AC03B6EA4","action":"FETCH_UX_CONFIG", "result":""}
{"logTime": "0527/174114", "correlationVector":"9D86C7F944DA48C3A047C3E5FB32BF80","action":"FETCH_UX_CONFIG", "result":""}
{"logTime": "0527/232935", "correlationVector":"D65CD5C5A36742108AE28DA92AE64A12","action":"FETCH_UX_CONFIG", "result":""}
{"logTime": "0528/002935", "correlationVector":"66F0F11F1CA5418E9D0FD03758050216","action":"FETCH_UX_CONFIG", "result":""}
{"logTime": "0528/012935", "correlationVector":"479E813C28774485A179648F5FAF44F8","action":"FETCH_UX_CONFIG", "result":""}
{"logTime": "0528/021102", "correlationVector":"2M3g0XF5K/Zv3z3REx1lwx","action":"EXTENSION_UPDATE_SERVICE", "result":""}
{"logTime": "0528/032935", "correlationVector":"E0861A253AC74D478E4597A95523F89E","action":"FETCH_UX_CONFIG", "result":""}
{"logTime": "0528/052935", "correlationVector":"A594EC2C48554578923B747EC80F6FD5","action":"FETCH_UX_CONFIG", "result":""}
{"logTime": "0528/062935", "correlationVector":"8E6B2A1365C0468EBE55104FB6E66302","action":"FETCH_UX_CONFIG", "result":""}
{"logTime": "0528/070315", "correlationVector":"NKosIQcyCZnmEDCyFpJDHD","action":"EXTENSION_UPDATE_SERVICE", "result":""}
{"logTime": "0528/072935", "correlationVector":"4DB67A79F4EF4EB798087F6582163F3F","action":"FETCH_UX_CONFIG", "result":""}
{"logTime": "0528/082935", "correlationVector":"22A6AFAF2D53497F8F9BF1B5226C99C7","action":"FETCH_UX_CONFIG", "result":""}
{"logTime": "0528/092934", "correlationVector":"552D60DA01674BC78D5696562B9C3A04","action":"FETCH_UX_CONFIG", "result":""}
{"logTime": "0528/102934", "correlationVector":"03B03BD998BF48C99BFAC80312C16A60","action":"FETCH_UX_CONFIG", "result":""}
{"logTime": "0528/112934", "correlationVector":"1D9C63D46FD14EADA0DE2B81C86F0EBF","action":"FETCH_UX_CONFIG", "result":""}
{"logTime": "0528/113852", "correlationVector":"1EOq3U5crtWhTmQjVn8w9g","action":"EXTENSION_UPDATE_SERVICE", "result":""}
{"logTime": "0528/122934", "correlationVector":"24B192ADC35044BEA3B7A88643CA5267","action":"FETCH_UX_CONFIG", "result":""}
{"logTime": "0529/012933", "correlationVector":"A3767C63DD2646F0BC7F461F9ED0CF22","action":"FETCH_UX_CONFIG", "result":""}
{"logTime": "0530/071509", "correlationVector":"95C025966F11466392173A0E80F79714","action":"FETCH_UX_CONFIG", "result":""}
{"logTime": "0604/045137", "correlationVector":"34B89CDFE30A459183E3E2AFFC1B8334","action":"FETCH_UX_CONFIG", "result":""}
{"logTime": "0608/035851", "correlationVector":"76B327C63AF14252BA12ADEDD0045476","action":"FETCH_UX_CONFIG", "result":""}
{"logTime": "0611/033658", "correlationVector":"714CA309DD0D43D988C7FE1AC1459155","action":"FETCH_UX_CONFIG", "result":""}
{"logTime": "0612/214530", "correlationVector":"4A8A39A6DAA445B0B9DF37A6D81AF689","action":"FETCH_UX_CONFIG", "result":""}
{"logTime": "0612/215430", "correlationVector":"JIsFgFtwIFhjzrbsfFcurU.0","action":"LIST_TOKEN_METADATA_GET_REQUEST", "result":""}
