
Files:

File: ./logs/Debian9/apt/history.log
  About:
      FileType      : TEXT UTF8/ASCII (text log)
      LogMessageType: text log lines
      Thread stack  : 102400 (bytes)
  Printed:
      bytes         : 846
      flushes       : 4
      Lines         : 9
      Syslines      : 4
      Datetime first: 2019-09-13 19:20:11 +08:00 (2019-09-13 11:20:11.000000 +00:00)
      Datetime last : 2020-02-18 16:36:26 +08:00 (2020-02-18 08:36:26.000000 +00:00)
  Processed:
      file size     : 298 (0x12A) (bytes)
      bytes         : 298 (0x12A)
      bytes total   : 298 (0x12A)
      Block size    : 256 (0x100)
      Blocks        : 2
      Blocks total  : 2 (512 bytes)
      Lines         : 10
      Line longest  : 69 (bytes)
      Line parts    : 11
      Syslines      : 4
      Sysline longest: 136 (bytes)
      Syslines high : 4
      Datetime first: 2019-09-13 19:20:11 +08:00 (2019-09-13 11:20:11.000000 +00:00)
      Datetime last : 2020-02-18 16:36:26 +08:00 (2020-02-18 08:36:26.000000 +00:00)
      out of order  : 0
  Parsers:
  Processing stores:
      storage: LineReader::find_line() lines                       : hit   2, miss  17, 10.5%
      caching: LineReader::find_line() LRU cache                   : hit   4, miss  10, 28.6%, put  10
      copying: SyslineReader::get_boxptrs()                        : sgl 424, dbl    1, mult   0
      storage: SyslineReader::find_sysline() syslines              : hit   0, miss   4,  0.0%
      caching: SyslineReader::find_sysline() syslines_by_range_map : hit   0, miss   1,  0.0%, put   1
      caching: SyslineReader::find_sysline() LRU cache             : hit   1, miss   4, 20.0%, put   4
      caching: SyslineReader::parse_datetime_in_line() LRU cache   : hit   3, miss  10, 23.1%, put   0
      optimize:SyslineReader::ezcheck12                            : hit   0, miss   0,  0.0%, largest skipped 0
      optimize:SyslineReader::ezcheckd2                            : hit  40, miss   4, 90.9%, largest skipped 68
      optimize:SyslineReader::ezcheck12d2                          : hit 171, miss 210, 44.9%, largest skipped 33
      process: regex captures                                      : hit   4, miss 210
  Processing Drops:

Program summary:

Paths considered       : 1
Paths not processed    : 0
Files processed        : 1
Files printed          : 1
Printed bytes          : 862
Printed flushes        : 8
Printed Lines          : 9
Printed Syslines       : 4
Printed ASL events     : 0
Printed ETL events     : 0
Printed EVTX events    : 0
Printed FixedStruct    : 0
Printed Journal events : 0
Printed ODL events     : 0
Line Maximum                   : 393209
Line longest                   : 69
Sysline longest                : 136
EVTX event largest processed   : 0
EVTX event largest accepted    : 0
Journal event largest processed: 0
Journal event largest accepted : 0
Managed files max deflt: 980
Managed files max adjus: 200
Managed handles high   : 1
Managed request open   : 1
Managed request read   : 0
Managed write calls    : 0
Managed seek calls     : 2
Managed metadata calls : 1
Managed open errors    : 0
Managed evict fails    : 0
Regex patterns known   : 188
Regex patterns compiled: 188
Datetime filter -a     : 1999-03-03 00:00:00 +00:00 (1999-03-03 00:00:00.000000 +00:00)
Datetime printed first : 2019-09-13 19:20:11 +08:00 (2019-09-13 11:20:11.000000 +00:00)
Datetime printed last  : 2020-02-18 16:36:26 +08:00 (2020-02-18 08:36:26.000000 +00:00)
Datetime filter -b     : 2026-01-02 00:00:00 +00:00 (2026-01-02 00:00:00.000000 +00:00)
Channel receive ok     : 6
Channel receive err    : 0
Threads spawned        : 1
Thread spawn errors    : 0
Temporary files created: 0
Platform               : x86_64-unknown-linux-gnu
Allocator              : system
