./logs/Debian9/apt/term.logâ”‹20191004T080721.000000000â”‹Log started: 2019-10-04  16:07:21
./logs/Debian9/apt/term.logâ”‹20191004T080721.000000000â”‹(Reading database ... 
./logs/Debian9/apt/term.logâ”‹20191004T080721.000000000â”‹(Reading database ... 5%
./logs/Debian9/apt/term.logâ”‹20191004T080721.000000000â”‹(Reading database ... 10%
./logs/Debian9/apt/term.logâ”‹20191004T080721.000000000â”‹(Reading database ... 15%
./logs/Debian9/apt/term.logâ”‹20191004T080721.000000000â”‹(Reading database ... 20%
./logs/Debian9/apt/term.logâ”‹20191004T080721.000000000â”‹(Reading database ... 25%
./logs/Debian9/apt/term.logâ”‹20191004T080721.000000000â”‹(Reading database ... 30%
./logs/Debian9/apt/term.logâ”‹20191004T080721.000000000â”‹(Reading database ... 35%
./logs/Debian9/apt/term.logâ”‹20191004T080721.000000000â”‹(Reading database ... 40%
./logs/Debian9/apt/term.logâ”‹20191004T080721.000000000â”‹(Reading database ... 45%
./logs/Debian9/apt/term.logâ”‹20191004T080721.000000000â”‹(Reading database ... 50%
./logs/Debian9/apt/term.logâ”‹20191004T080721.000000000â”‹(Reading database ... 55%
./logs/Debian9/apt/term.logâ”‹20191004T080721.000000000â”‹(Reading database ... 60%
./logs/Debian9/apt/term.logâ”‹20191004T080721.000000000â”‹(Reading database ... 65%
./logs/Debian9/apt/term.logâ”‹20191004T080721.000000000â”‹(Reading database ... 70%
./logs/Debian9/apt/term.logâ”‹20191004T080721.000000000â”‹(Reading database ... 75%
./logs/Debian9/apt/term.logâ”‹20191004T080721.000000000â”‹(Reading database ... 80%
./logs/Debian9/apt/term.logâ”‹20191004T080721.000000000â”‹(Reading database ... 85%
â‡³
./logs/Debian9/apt/term.logâ”‹20191004T080721.000000000â”‹Log started: 2019-10-04  16:07:21
./logs/Debian9/apt/term.logâ”‹20191004T080721.000000000â”‹(Reading database ... 
./logs/Debian9/apt/term.logâ”‹20191004T080721.000000000â”‹(Reading database ... 5%
./logs/Debian9/apt/term.logâ”‹20191004T080721.000000000â”‹(Reading database ... 10%
./logs/Debian9/apt/term.logâ”‹20191004T080721.000000000â”‹(Reading database ... 15%
./logs/Debian9/apt/term.logâ”‹20191004T080721.000000000â”‹(Reading database ... 20%
./logs/Debian9/apt/term.logâ”‹20191004T080721.000000000â”‹(Reading database ... 25%
./logs/Debian9/apt/term.logâ”‹20191004T080721.000000000â”‹(Reading database ... 30%
./logs/Debian9/apt/term.logâ”‹20191004T080721.000000000â”‹(Reading database ... 35%
./logs/Debian9/apt/term.logâ”‹20191004T080721.000000000â”‹(Reading database ... 40%
./logs/Debian9/apt/term.logâ”‹20191004T080721.000000000â”‹(Reading database ... 45%
./logs/Debian9/apt/term.logâ”‹20191004T080721.000000000â”‹(Reading database ... 50%
./logs/Debian9/apt/term.logâ”‹20191004T080721.000000000â”‹(Reading database ... 55%
./logs/Debian9/apt/term.logâ”‹20191004T080721.000000000â”‹(Reading database ... 60%
./logs/Debian9/apt/term.logâ”‹20191004T080721.000000000â”‹(Reading database ... 65%
./logs/Debian9/apt/term.logâ”‹20191004T080721.000000000â”‹(Reading database ... 70%
./logs/Debian9/apt/term.logâ”‹20191004T080721.000000000â”‹(Reading database ... 75%
./logs/Debian9/apt/term.logâ”‹20191004T080721.000000000â”‹(Reading database ... 80%
./logs/Debian9/apt/term.logâ”‹20191004T080721.000000000â”‹(Reading database ... 85%
./logs/Debian9/apt/term.logâ”‹20191004T080721.000000000â”‹(Reading database ... 90%
./logs/Debian9/apt/term.logâ”‹20191004T080721.000000000â”‹(Reading database ... 95%
./logs/Debian9/apt/term.logâ”‹20191004T080721.000000000â”‹(Reading database ... 100%
./logs/Debian9/apt/term.logâ”‹20191004T080721.000000000â”‹(Reading database ... 45058 files and directories currently installed.)
./logs/Debian9/apt/term.logâ”‹20191004T080721.000000000â”‹Removing clamav (0.101.4+dfsg-0+deb9u1) ...
./logs/Debian9/apt/term.logâ”‹20191004T080721.000000000â”‹Removing clamdscan (0.101.4+dfsg-0+deb9u1) ...
./logs/Debian9/apt/term.logâ”‹20191004T080721.000000000â”‹Removing clamav-daemon (0.101.4+dfsg-0+deb9u1) ...
./logs/Debian9/apt/term.logâ”‹20191004T080721.000000000â”‹Removing clamav-freshclam (0.101.4+dfsg-0+deb9u1) ...
./logs/Debian9/apt/term.logâ”‹20191004T080721.000000000â”‹Removing clamav-base (0.101.4+dfsg-0+deb9u1) ...
./logs/Debian9/apt/term.logâ”‹20191004T080721.000000000â”‹Removing libclamav9:armhf (0.101.4+dfsg-0+deb9u1) ...
./logs/Debian9/apt/term.logâ”‹20191004T080721.000000000â”‹Removing libjson-c3:armhf (0.12.1-1.1) ...
./logs/Debian9/apt/term.logâ”‹20191004T080721.000000000â”‹Removing libltdl7:armhf (2.4.6-2) ...
./logs/Debian9/apt/term.logâ”‹20191004T080721.000000000â”‹Removing libmspack0:armhf (0.5-1+deb9u3) ...
./logs/Debian9/apt/term.logâ”‹20191004T080721.000000000â”‹Removing libtfm1:armhf (0.13-4) ...
./logs/Debian9/apt/term.logâ”‹20191004T080721.000000000â”‹Processing triggers for libc-bin (2.24-11+deb9u4) ...
./logs/Debian9/apt/term.logâ”‹20191004T080721.000000000â”‹Processing triggers for man-db (2.7.6.1-2) ...
â‡³
./logs/Debian9/apt/term.logâ”‹20191004T080746.000000000â”‹Log ended: 2019-10-04  16:07:46
./logs/Debian9/apt/term.logâ”‹20191004T080746.000000000â”‹
â‡³
./logs/Debian9/apt/term.logâ”‹20191018T154205.000000000â”‹Log started: 2019-10-18  23:42:05
./logs/Debian9/apt/term.logâ”‹20191018T154205.000000000â”‹Selecting previously unselected package libiperf0:armhf.
./logs/Debian9/apt/term.logâ”‹20191018T154205.000000000â”‹(Reading database ... 
./logs/Debian9/apt/term.logâ”‹20191018T154205.000000000â”‹(Reading database ... 5%
./logs/Debian9/apt/term.logâ”‹20191018T154205.000000000â”‹(Reading database ... 10%
./logs/Debian9/apt/term.logâ”‹20191018T154205.000000000â”‹(Reading database ... 15%
./logs/Debian9/apt/term.logâ”‹20191018T154205.000000000â”‹(Reading database ... 20%
./logs/Debian9/apt/term.logâ”‹20191018T154205.000000000â”‹(Reading database ... 25%
./logs/Debian9/apt/term.logâ”‹20191018T154205.000000000â”‹(Reading database ... 30%
./logs/Debian9/apt/term.logâ”‹20191018T154205.000000000â”‹(Reading database ... 35%
./logs/Debian9/apt/term.logâ”‹20191018T154205.000000000â”‹(Reading database ... 40%
./logs/Debian9/apt/term.logâ”‹20191018T154205.000000000â”‹(Reading database ... 45%
./logs/Debian9/apt/term.logâ”‹20191018T154205.000000000â”‹(Reading database ... 50%
./logs/Debian9/apt/term.logâ”‹20191018T154205.000000000â”‹(Reading database ... 55%
./logs/Debian9/apt/term.logâ”‹20191018T154205.000000000â”‹(Reading database ... 60%
./logs/Debian9/apt/term.logâ”‹20191018T154205.000000000â”‹(Reading database ... 65%
./logs/Debian9/apt/term.logâ”‹20191018T154205.000000000â”‹(Reading database ... 70%
./logs/Debian9/apt/term.logâ”‹20191018T154205.000000000â”‹(Reading database ... 75%
./logs/Debian9/apt/term.logâ”‹20191018T154205.000000000â”‹(Reading database ... 80%
./logs/Debian9/apt/term.logâ”‹20191018T154205.000000000â”‹(Reading database ... 85%
./logs/Debian9/apt/term.logâ”‹20191018T154205.000000000â”‹(Reading database ... 90%
./logs/Debian9/apt/term.logâ”‹20191018T154205.000000000â”‹(Reading database ... 95%
./logs/Debian9/apt/term.logâ”‹20191018T154205.000000000â”‹(Reading database ... 100%
./logs/Debian9/apt/term.logâ”‹20191018T154205.000000000â”‹(Reading database ... 44939 files and directories currently installed.)
./logs/Debian9/apt/term.logâ”‹20191018T154205.000000000â”‹Preparing to unpack .../libiperf0_3.1.3-1_armhf.deb ...
./logs/Debian9/apt/term.logâ”‹20191018T154205.000000000â”‹Unpacking libiperf0:armhf (3.1.3-1) ...
./logs/Debian9/apt/term.logâ”‹20191018T154205.000000000â”‹Selecting previously unselected package iperf3.
./logs/Debian9/apt/term.logâ”‹20191018T154205.000000000â”‹Preparing to unpack .../iperf3_3.1.3-1_armhf.deb ...
./logs/Debian9/apt/term.logâ”‹20191018T154205.000000000â”‹Unpacking iperf3 (3.1.3-1) ...
./logs/Debian9/apt/term.logâ”‹20191018T154205.000000000â”‹Processing triggers for libc-bin (2.24-11+deb9u4) ...
./logs/Debian9/apt/term.logâ”‹20191018T154205.000000000â”‹Setting up libiperf0:armhf (3.1.3-1) ...
./logs/Debian9/apt/term.logâ”‹20191018T154205.000000000â”‹Processing triggers for man-db (2.7.6.1-2) ...
./logs/Debian9/apt/term.logâ”‹20191018T154205.000000000â”‹Setting up iperf3 (3.1.3-1) ...
./logs/Debian9/apt/term.logâ”‹20191018T154205.000000000â”‹Processing triggers for libc-bin (2.24-11+deb9u4) ...
â‡³
./logs/Debian9/apt/term.logâ”‹20191018T154215.000000000â”‹Log ended: 2019-10-18  23:42:15
./logs/Debian9/apt/term.logâ”‹20191018T154215.000000000â”‹
â‡³
./logs/Debian9/apt/term.logâ”‹20191026T081413.000000000â”‹Log started: 2019-10-26  16:14:13
./logs/Debian9/apt/term.logâ”‹20191026T081413.000000000â”‹(Reading database ... 
./logs/Debian9/apt/term.logâ”‹20191026T081413.000000000â”‹(Reading database ... 5%
./logs/Debian9/apt/term.logâ”‹20191026T081413.000000000â”‹(Reading database ... 10%
./logs/Debian9/apt/term.logâ”‹20191026T081413.000000000â”‹(Reading database ... 15%
./logs/Debian9/apt/term.logâ”‹20191026T081413.000000000â”‹(Reading database ... 20%
./logs/Debian9/apt/term.logâ”‹20191026T081413.000000000â”‹(Reading database ... 25%
./logs/Debian9/apt/term.logâ”‹20191026T081413.000000000â”‹(Reading database ... 30%
./logs/Debian9/apt/term.logâ”‹20191026T081413.000000000â”‹(Reading database ... 35%
./logs/Debian9/apt/term.logâ”‹20191026T081413.000000000â”‹(Reading database ... 40%
./logs/Debian9/apt/term.logâ”‹20191026T081413.000000000â”‹(Reading database ... 45%
./logs/Debian9/apt/term.logâ”‹20191026T081413.000000000â”‹(Reading database ... 50%
./logs/Debian9/apt/term.logâ”‹20191026T081413.000000000â”‹(Reading database ... 55%
./logs/Debian9/apt/term.logâ”‹20191026T081413.000000000â”‹(Reading database ... 60%
./logs/Debian9/apt/term.logâ”‹20191026T081413.000000000â”‹(Reading database ... 65%
./logs/Debian9/apt/term.logâ”‹20191026T081413.000000000â”‹(Reading database ... 70%
./logs/Debian9/apt/term.logâ”‹20191026T081413.000000000â”‹(Reading database ... 75%
./logs/Debian9/apt/term.logâ”‹20191026T081413.000000000â”‹(Reading database ... 80%
./logs/Debian9/apt/term.logâ”‹20191026T081413.000000000â”‹(Reading database ... 85%
./logs/Debian9/apt/term.logâ”‹20191026T081413.000000000â”‹(Reading database ... 90%
./logs/Debian9/apt/term.logâ”‹20191026T081413.000000000â”‹(Reading database ... 95%
./logs/Debian9/apt/term.logâ”‹20191026T081413.000000000â”‹(Reading database ... 100%
./logs/Debian9/apt/term.logâ”‹20191026T081413.000000000â”‹(Reading database ... 45085 files and directories currently installed.)
./logs/Debian9/apt/term.logâ”‹20191026T081413.000000000â”‹Preparing to unpack .../e2fslibs_1.43.4-2+deb9u1_armhf.deb ...
./logs/Debian9/apt/term.logâ”‹20191026T081413.000000000â”‹Unpacking e2fslibs:armhf (1.43.4-2+deb9u1) over (1.43.4-2) ...
./logs/Debian9/apt/term.logâ”‹20191026T081413.000000000â”‹Setting up e2fslibs:armhf (1.43.4-2+deb9u1) ...
./logs/Debian9/apt/term.logâ”‹20191026T081413.000000000â”‹(Reading database ... 
./logs/Debian9/apt/term.logâ”‹20191026T081413.000000000â”‹(Reading database ... 5%
./logs/Debian9/apt/term.logâ”‹20191026T081413.000000000â”‹(Reading database ... 10%
./logs/Debian9/apt/term.logâ”‹20191026T081413.000000000â”‹(Reading database ... 15%
./logs/Debian9/apt/term.logâ”‹20191026T081413.000000000â”‹(Reading database ... 20%
./logs/Debian9/apt/term.logâ”‹20191026T081413.000000000â”‹(Reading database ... 25%
./logs/Debian9/apt/term.logâ”‹20191026T081413.000000000â”‹(Reading database ... 30%
./logs/Debian9/apt/term.logâ”‹20191026T081413.000000000â”‹(Reading database ... 35%
./logs/Debian9/apt/term.logâ”‹20191026T081413.000000000â”‹(Reading database ... 40%
./logs/Debian9/apt/term.logâ”‹20191026T081413.000000000â”‹(Reading database ... 45%
./logs/Debian9/apt/term.logâ”‹20191026T081413.000000000â”‹(Reading database ... 50%
./logs/Debian9/apt/term.logâ”‹20191026T081413.000000000â”‹(Reading database ... 55%
./logs/Debian9/apt/term.logâ”‹20191026T081413.000000000â”‹(Reading database ... 60%
./logs/Debian9/apt/term.logâ”‹20191026T081413.000000000â”‹(Reading database ... 65%
./logs/Debian9/apt/term.logâ”‹20191026T081413.000000000â”‹(Reading database ... 70%
./logs/Debian9/apt/term.logâ”‹20191026T081413.000000000â”‹(Reading database ... 75%
./logs/Debian9/apt/term.logâ”‹20191026T081413.000000000â”‹(Reading database ... 80%
./logs/Debian9/apt/term.logâ”‹20191026T081413.000000000â”‹(Reading database ... 85%
./logs/Debian9/apt/term.logâ”‹20191026T081413.000000000â”‹(Reading database ... 90%
./logs/Debian9/apt/term.logâ”‹20191026T081413.000000000â”‹(Reading database ... 95%
./logs/Debian9/apt/term.logâ”‹20191026T081413.000000000â”‹(Reading database ... 100%
./logs/Debian9/apt/term.logâ”‹20191026T081413.000000000â”‹(Reading database ... 45085 files and directories currently installed.)
./logs/Debian9/apt/term.logâ”‹20191026T081413.000000000â”‹Preparing to unpack .../e2fsprogs_1.43.4-2+deb9u1_armhf.deb ...
./logs/Debian9/apt/term.logâ”‹20191026T081413.000000000â”‹Unpacking e2fsprogs (1.43.4-2+deb9u1) over (1.43.4-2) ...
./logs/Debian9/apt/term.logâ”‹20191026T081413.000000000â”‹Setting up e2fsprogs (1.43.4-2+deb9u1) ...
./logs/Debian9/apt/term.logâ”‹20191026T081413.000000000â”‹update-initramfs: deferring update (trigger activated)
./logs/Debian9/apt/term.logâ”‹20191026T081413.000000000â”‹(Reading database ... 
./logs/Debian9/apt/term.logâ”‹20191026T081413.000000000â”‹(Reading database ... 5%
./logs/Debian9/apt/term.logâ”‹20191026T081413.000000000â”‹(Reading database ... 10%
./logs/Debian9/apt/term.logâ”‹20191026T081413.000000000â”‹(Reading database ... 15%
./logs/Debian9/apt/term.logâ”‹20191026T081413.000000000â”‹(Reading database ... 20%
./logs/Debian9/apt/term.logâ”‹20191026T081413.000000000â”‹(Reading database ... 25%
./logs/Debian9/apt/term.logâ”‹20191026T081413.000000000â”‹(Reading database ... 30%
./logs/Debian9/apt/term.logâ”‹20191026T081413.000000000â”‹(Reading database ... 35%
./logs/Debian9/apt/term.logâ”‹20191026T081413.000000000â”‹(Reading database ... 40%
./logs/Debian9/apt/term.logâ”‹20191026T081413.000000000â”‹(Reading database ... 45%
./logs/Debian9/apt/term.logâ”‹20191026T081413.000000000â”‹(Reading database ... 50%
./logs/Debian9/apt/term.logâ”‹20191026T081413.000000000â”‹(Reading database ... 55%
./logs/Debian9/apt/term.logâ”‹20191026T081413.000000000â”‹(Reading database ... 60%
./logs/Debian9/apt/term.logâ”‹20191026T081413.000000000â”‹(Reading database ... 65%
./logs/Debian9/apt/term.logâ”‹20191026T081413.000000000â”‹(Reading database ... 70%
./logs/Debian9/apt/term.logâ”‹20191026T081413.000000000â”‹(Reading database ... 75%
./logs/Debian9/apt/term.logâ”‹20191026T081413.000000000â”‹(Reading database ... 80%
./logs/Debian9/apt/term.logâ”‹20191026T081413.000000000â”‹(Reading database ... 85%
./logs/Debian9/apt/term.logâ”‹20191026T081413.000000000â”‹(Reading database ... 90%
./logs/Debian9/apt/term.logâ”‹20191026T081413.000000000â”‹(Reading database ... 95%
./logs/Debian9/apt/term.logâ”‹20191026T081413.000000000â”‹(Reading database ... 100%
./logs/Debian9/apt/term.logâ”‹20191026T081413.000000000â”‹(Reading database ... 45085 files and directories currently installed.)
./logs/Debian9/apt/term.logâ”‹20191026T081413.000000000â”‹Preparing to unpack .../0-samba-vfs-modules_2%3a4.5.16+dfsg-1+deb9u2_armhf.deb ...
./logs/Debian9/apt/term.logâ”‹20191026T081413.000000000â”‹Unpacking samba-vfs-modules (2:4.5.16+dfsg-1+deb9u2) over (2:4.5.16+dfsg-1+deb9u1) ...
./logs/Debian9/apt/term.logâ”‹20191026T081413.000000000â”‹Preparing to unpack .../1-samba-dsdb-modules_2%3a4.5.16+dfsg-1+deb9u2_armhf.deb ...
./logs/Debian9/apt/term.logâ”‹20191026T081413.000000000â”‹Unpacking samba-dsdb-modules (2:4.5.16+dfsg-1+deb9u2) over (2:4.5.16+dfsg-1+deb9u1) ...
./logs/Debian9/apt/term.logâ”‹20191026T081413.000000000â”‹Preparing to unpack .../2-python-samba_2%3a4.5.16+dfsg-1+deb9u2_armhf.deb ...
./logs/Debian9/apt/term.logâ”‹20191026T081413.000000000â”‹Unpacking python-samba (2:4.5.16+dfsg-1+deb9u2) over (2:4.5.16+dfsg-1+deb9u1) ...
./logs/Debian9/apt/term.logâ”‹20191026T081413.000000000â”‹Preparing to unpack .../3-samba-common-bin_2%3a4.5.16+dfsg-1+deb9u2_armhf.deb ...
./logs/Debian9/apt/term.logâ”‹20191026T081413.000000000â”‹Unpacking samba-common-bin (2:4.5.16+dfsg-1+deb9u2) over (2:4.5.16+dfsg-1+deb9u1) ...
./logs/Debian9/apt/term.logâ”‹20191026T081413.000000000â”‹Preparing to unpack .../4-samba-libs_2%3a4.5.16+dfsg-1+deb9u2_armhf.deb ...
./logs/Debian9/apt/term.logâ”‹20191026T081413.000000000â”‹Unpacking samba-libs:armhf (2:4.5.16+dfsg-1+deb9u2) over (2:4.5.16+dfsg-1+deb9u1) ...
./logs/Debian9/apt/term.logâ”‹20191026T081413.000000000â”‹Preparing to unpack .../5-libwbclient0_2%3a4.5.16+dfsg-1+deb9u2_armhf.deb ...
./logs/Debian9/apt/term.logâ”‹20191026T081413.000000000â”‹Unpacking libwbclient0:armhf (2:4.5.16+dfsg-1+deb9u2) over (2:4.5.16+dfsg-1+deb9u1) ...
./logs/Debian9/apt/term.logâ”‹20191026T081413.000000000â”‹Preparing to unpack .../6-samba_2%3a4.5.16+dfsg-1+deb9u2_armhf.deb ...
./logs/Debian9/apt/term.logâ”‹20191026T081413.000000000â”‹Unpacking samba (2:4.5.16+dfsg-1+deb9u2) over (2:4.5.16+dfsg-1+deb9u1) ...
./logs/Debian9/apt/term.logâ”‹20191026T081413.000000000â”‹Preparing to unpack .../7-samba-common_2%3a4.5.16+dfsg-1+deb9u2_all.deb ...
./logs/Debian9/apt/term.logâ”‹20191026T081413.000000000â”‹Unpacking samba-common (2:4.5.16+dfsg-1+deb9u2) over (2:4.5.16+dfsg-1+deb9u1) ...
./logs/Debian9/apt/term.logâ”‹20191026T081413.000000000â”‹Preparing to unpack .../8-libcomerr2_1.43.4-2+deb9u1_armhf.deb ...
./logs/Debian9/apt/term.logâ”‹20191026T081413.000000000â”‹Unpacking libcomerr2:armhf (1.43.4-2+deb9u1) over (1.43.4-2) ...
./logs/Debian9/apt/term.logâ”‹20191026T081413.000000000â”‹Setting up libcomerr2:armhf (1.43.4-2+deb9u1) ...
./logs/Debian9/apt/term.logâ”‹20191026T081413.000000000â”‹(Reading database ... 
./logs/Debian9/apt/term.logâ”‹20191026T081413.000000000â”‹(Reading database ... 5%
./logs/Debian9/apt/term.logâ”‹20191026T081413.000000000â”‹(Reading database ... 10%
./logs/Debian9/apt/term.logâ”‹20191026T081413.000000000â”‹(Reading database ... 15%
./logs/Debian9/apt/term.logâ”‹20191026T081413.000000000â”‹(Reading database ... 20%
./logs/Debian9/apt/term.logâ”‹20191026T081413.000000000â”‹(Reading database ... 25%
./logs/Debian9/apt/term.logâ”‹20191026T081413.000000000â”‹(Reading database ... 30%
./logs/Debian9/apt/term.logâ”‹20191026T081413.000000000â”‹(Reading database ... 35%
./logs/Debian9/apt/term.logâ”‹20191026T081413.000000000â”‹(Reading database ... 40%
./logs/Debian9/apt/term.logâ”‹20191026T081413.000000000â”‹(Reading database ... 45%
./logs/Debian9/apt/term.logâ”‹20191026T081413.000000000â”‹(Reading database ... 50%
./logs/Debian9/apt/term.logâ”‹20191026T081413.000000000â”‹(Reading database ... 55%
./logs/Debian9/apt/term.logâ”‹20191026T081413.000000000â”‹(Reading database ... 60%
./logs/Debian9/apt/term.logâ”‹20191026T081413.000000000â”‹(Reading database ... 65%
./logs/Debian9/apt/term.logâ”‹20191026T081413.000000000â”‹(Reading database ... 70%
./logs/Debian9/apt/term.logâ”‹20191026T081413.000000000â”‹(Reading database ... 75%
./logs/Debian9/apt/term.logâ”‹20191026T081413.000000000â”‹(Reading database ... 80%
./logs/Debian9/apt/term.logâ”‹20191026T081413.000000000â”‹(Reading database ... 85%
./logs/Debian9/apt/term.logâ”‹20191026T081413.000000000â”‹(Reading database ... 90%
./logs/Debian9/apt/term.logâ”‹20191026T081413.000000000â”‹(Reading database ... 95%
./logs/Debian9/apt/term.logâ”‹20191026T081413.000000000â”‹(Reading database ... 100%
./logs/Debian9/apt/term.logâ”‹20191026T081413.000000000â”‹(Reading database ... 45085 files and directories currently installed.)
./logs/Debian9/apt/term.logâ”‹20191026T081413.000000000â”‹Preparing to unpack .../libss2_1.43.4-2+deb9u1_armhf.deb ...
./logs/Debian9/apt/term.logâ”‹20191026T081413.000000000â”‹Unpacking libss2:armhf (1.43.4-2+deb9u1) over (1.43.4-2) ...
./logs/Debian9/apt/term.logâ”‹20191026T081413.000000000â”‹Setting up libss2:armhf (1.43.4-2+deb9u1) ...
./logs/Debian9/apt/term.logâ”‹20191026T081413.000000000â”‹(Reading database ... 
./logs/Debian9/apt/term.logâ”‹20191026T081413.000000000â”‹(Reading database ... 5%
./logs/Debian9/apt/term.logâ”‹20191026T081413.000000000â”‹(Reading database ... 10%
./logs/Debian9/apt/term.logâ”‹20191026T081413.000000000â”‹(Reading database ... 15%
./logs/Debian9/apt/term.logâ”‹20191026T081413.000000000â”‹(Reading database ... 20%
./logs/Debian9/apt/term.logâ”‹20191026T081413.000000000â”‹(Reading database ... 25%
./logs/Debian9/apt/term.logâ”‹20191026T081413.000000000â”‹(Reading database ... 30%
./logs/Debian9/apt/term.logâ”‹20191026T081413.000000000â”‹(Reading database ... 35%
./logs/Debian9/apt/term.logâ”‹20191026T081413.000000000â”‹(Reading database ... 40%
./logs/Debian9/apt/term.logâ”‹20191026T081413.000000000â”‹(Reading database ... 45%
./logs/Debian9/apt/term.logâ”‹20191026T081413.000000000â”‹(Reading database ... 50%
./logs/Debian9/apt/term.logâ”‹20191026T081413.000000000â”‹(Reading database ... 55%
./logs/Debian9/apt/term.logâ”‹20191026T081413.000000000â”‹(Reading database ... 60%
./logs/Debian9/apt/term.logâ”‹20191026T081413.000000000â”‹(Reading database ... 65%
./logs/Debian9/apt/term.logâ”‹20191026T081413.000000000â”‹(Reading database ... 70%
./logs/Debian9/apt/term.logâ”‹20191026T081413.000000000â”‹(Reading database ... 75%
./logs/Debian9/apt/term.logâ”‹20191026T081413.000000000â”‹(Reading database ... 80%
./logs/Debian9/apt/term.logâ”‹20191026T081413.000000000â”‹(Reading database ... 85%
./logs/Debian9/apt/term.logâ”‹20191026T081413.000000000â”‹(Reading database ... 90%
./logs/Debian9/apt/term.logâ”‹20191026T081413.000000000â”‹(Reading database ... 95%
./logs/Debian9/apt/term.logâ”‹20191026T081413.000000000â”‹(Reading database ... 100%
./logs/Debian9/apt/term.logâ”‹20191026T081413.000000000â”‹(Reading database ... 45085 files and directories currently installed.)
./logs/Debian9/apt/term.logâ”‹20191026T081413.000000000â”‹Preparing to unpack .../00-tzdata_2019c-0+deb9u1_all.deb ...
./logs/Debian9/apt/term.logâ”‹20191026T081413.000000000â”‹Unpacking tzdata (2019c-0+deb9u1) over (2019a-0+deb9u1) ...
./logs/Debian9/apt/term.logâ”‹20191026T081413.000000000â”‹Preparing to unpack .../01-libssl1.0.2_1.0.2t-1~deb9u1_armhf.deb ...
./logs/Debian9/apt/term.logâ”‹20191026T081413.000000000â”‹Unpacking libssl1.0.2:armhf (1.0.2t-1~deb9u1) over (1.0.2s-1~deb9u1) ...
./logs/Debian9/apt/term.logâ”‹20191026T081413.000000000â”‹Preparing to unpack .../02-libssl-doc_1.1.0l-1~deb9u1_all.deb ...
./logs/Debian9/apt/term.logâ”‹20191026T081413.000000000â”‹Unpacking libssl-doc (1.1.0l-1~deb9u1) over (1.1.0k-1~deb9u1) ...
./logs/Debian9/apt/term.logâ”‹20191026T081413.000000000â”‹Preparing to unpack .../03-libssl-dev_1.1.0l-1~deb9u1_armhf.deb ...
./logs/Debian9/apt/term.logâ”‹20191026T081413.000000000â”‹Unpacking libssl-dev:armhf (1.1.0l-1~deb9u1) over (1.1.0k-1~deb9u1) ...
./logs/Debian9/apt/term.logâ”‹20191026T081413.000000000â”‹Preparing to unpack .../04-libssl1.1_1.1.0l-1~deb9u1_armhf.deb ...
./logs/Debian9/apt/term.logâ”‹20191026T081413.000000000â”‹Unpacking libssl1.1:armhf (1.1.0l-1~deb9u1) over (1.1.0k-1~deb9u1) ...
./logs/Debian9/apt/term.logâ”‹20191026T081413.000000000â”‹Preparing to unpack .../05-file_1%3a5.30-1+deb9u3_armhf.deb ...
./logs/Debian9/apt/term.logâ”‹20191026T081413.000000000â”‹Unpacking file (1:5.30-1+deb9u3) over (1:5.30-1+deb9u2) ...
./logs/Debian9/apt/term.logâ”‹20191026T081413.000000000â”‹Preparing to unpack .../06-libmagic1_1%3a5.30-1+deb9u3_armhf.deb ...
./logs/Debian9/apt/term.logâ”‹20191026T081413.000000000â”‹Unpacking libmagic1:armhf (1:5.30-1+deb9u3) over (1:5.30-1+deb9u2) ...
./logs/Debian9/apt/term.logâ”‹20191026T081413.000000000â”‹Preparing to unpack .../07-libmagic-mgc_1%3a5.30-1+deb9u3_armhf.deb ...
./logs/Debian9/apt/term.logâ”‹20191026T081413.000000000â”‹Unpacking libmagic-mgc (1:5.30-1+deb9u3) over (1:5.30-1+deb9u2) ...
./logs/Debian9/apt/term.logâ”‹20191026T081413.000000000â”‹Preparing to unpack .../08-libexpat1-dev_2.2.0-2+deb9u3_armhf.deb ...
./logs/Debian9/apt/term.logâ”‹20191026T081413.000000000â”‹Unpacking libexpat1-dev:armhf (2.2.0-2+deb9u3) over (2.2.0-2+deb9u2) ...
./logs/Debian9/apt/term.logâ”‹20191026T081413.000000000â”‹Preparing to unpack .../09-libexpat1_2.2.0-2+deb9u3_armhf.deb ...
./logs/Debian9/apt/term.logâ”‹20191026T081413.000000000â”‹Unpacking libexpat1:armhf (2.2.0-2+deb9u3) over (2.2.0-2+deb9u2) ...
./logs/Debian9/apt/term.logâ”‹20191026T081413.000000000â”‹Preparing to unpack .../10-openssl_1.1.0l-1~deb9u1_armhf.deb ...
./logs/Debian9/apt/term.logâ”‹20191026T081413.000000000â”‹Unpacking openssl (1.1.0l-1~deb9u1) over (1.1.0k-1~deb9u1) ...
./logs/Debian9/apt/term.logâ”‹20191026T081413.000000000â”‹Preparing to unpack .../11-sudo_1.8.19p1-2.1+deb9u1_armhf.deb ...
./logs/Debian9/apt/term.logâ”‹20191026T081413.000000000â”‹Unpacking sudo (1.8.19p1-2.1+deb9u1) over (1.8.19p1-2.1) ...
./logs/Debian9/apt/term.logâ”‹20191026T081413.000000000â”‹Setting up libwbclient0:armhf (2:4.5.16+dfsg-1+deb9u2) ...
./logs/Debian9/apt/term.logâ”‹20191026T081413.000000000â”‹Setting up libexpat1:armhf (2.2.0-2+deb9u3) ...
./logs/Debian9/apt/term.logâ”‹20191026T081413.000000000â”‹Setting up samba-libs:armhf (2:4.5.16+dfsg-1+deb9u2) ...
./logs/Debian9/apt/term.logâ”‹20191026T081413.000000000â”‹Setting up samba-vfs-modules (2:4.5.16+dfsg-1+deb9u2) ...
./logs/Debian9/apt/term.logâ”‹20191026T081413.000000000â”‹Setting up sudo (1.8.19p1-2.1+deb9u1) ...
./logs/Debian9/apt/term.logâ”‹20191026T081413.000000000â”‹Setting up tzdata (2019c-0+deb9u1) ...
./logs/Debian9/apt/term.logâ”‹20191026T081413.000000000â”‹
./logs/Debian9/apt/term.logâ”‹20191026T081413.000000000â”‹Current default time zone: 'US/Pacific-New'
./logs/Debian9/apt/term.logâ”‹20191026T081413.000000000â”‹Local time is now:      Sat Oct 26 16:17:03 PDT 2019.
./logs/Debian9/apt/term.logâ”‹20191026T081413.000000000â”‹Universal Time is now:  Sat Oct 26 23:17:03 UTC 2019.
./logs/Debian9/apt/term.logâ”‹20191026T081413.000000000â”‹Run 'dpkg-reconfigure tzdata' if you wish to change it.
./logs/Debian9/apt/term.logâ”‹20191026T081413.000000000â”‹
./logs/Debian9/apt/term.logâ”‹20191026T081413.000000000â”‹Setting up python-samba (2:4.5.16+dfsg-1+deb9u2) ...
./logs/Debian9/apt/term.logâ”‹20191026T081413.000000000â”‹Setting up samba-common (2:4.5.16+dfsg-1+deb9u2) ...
./logs/Debian9/apt/term.logâ”‹20191026T081413.000000000â”‹[?1049h[1;47r[4l[?25l(B[m[37m[40m[1;47r[H[2J[1;1H[1m[37m[44m                                                                      [2;1H                                                                      [3;1H                                                                      [4;1H                                                                      [5;1H                                                                      [6;1H                                                                      [7;1H                                                                      [8;1H                                                                      [9;1H                                                                      [10;1H                                                                      [11;1H                                                                      [12;1H                                                                      [13;1H                                                                      [14;1H                                                                      [15;1H                                                                      [16;1H                                                                      [17;1H                                                                      [18;1H                                                                      [19;1H                                                                      [20;1H                                                                      [21;1H                                                                      [22;1H                                                                      [23;1H                                                                      [24;1H                                                                      [25;1H                                                                      [26;1H                                                                      [27;1H                                                                      [28;1H                                                                      [29;1H                                                                      [30;1H                                                                      [31;1H                                                                      [32;1H                                                                      [33;1H                                                                      [34;1H                                                                      [35;1H                                                                      [36;1H                                                                      [37;1H                                                                      [38;1H                                                                      [39;1H                                                                      [40;1H                                                                      [41;1H                                                                      [42;1H                                                                      [43;1H                                                                      [44;1H                                                                      [45;1H                                                                      [46;1H                                                                      [47;1H                                                                     [47;69H [4h [4l[1;1H(B[m[37m[44mPackage configuration[14;1H[30m[47mâ”€â”€â”€â”€â”€â”€â”€â”€â”€â”€â”€â”€â”€â”€â”€â”€â”€â”€â”€â”¤ [31mSamba server and utilities[30m â”œâ”€â”€â”€â”€â”€â”€â”€â”€â”€â”€â”€â”€â”€â”€â”€â”€â”€â”€â”€â”€â”[15;1H A new version (/run/samba/upgrades/smb.conf) of configuration       â”‚[16;1H file /etc/samba/smb.conf is available, but the version              â”‚[17;1H installed currently has been locally modified.                      â”‚[18;1H                                                                     â”‚[19;1H What do you want to do about modified configuration file            â”‚[20;1H smb.conf?                                                           â”‚[21;1H                                                                     â”‚[22;1H     install the package maintainer's version                        â”‚[23;1H     [37m[41mkeep the local version currently installed                [30m[47m      â”‚[24;1H     show the differences between the versions                       â”‚[25;1H     show a side-by-side difference between the versions             â”‚[26;1H     show a 3-way difference between available versions              â”‚[27;1H     do a 3-way merge between available versions (experimental)      â”‚[28;1H     start a new shell to examine the situation                      â”‚[29;1H                                                                     â”‚[30;1H                                                                     â”‚[31;1H                               <Ok>                                  â”‚[32;1H                                                                     â”‚[33;1Hâ”€â”€â”€â”€â”€â”€â”€â”€â”€â”€â”€â”€â”€â”€â”€â”€â”€â”€â”€â”€â”€â”€â”€â”€â”€â”€â”€â”€â”€â”€â”€â”€â”€â”€â”€â”€â”€â”€â”€â”€â”€â”€â”€â”€â”€â”€â”€â”€â”€â”€â”€â”€â”€â”€â”€â”€â”€â”€â”€â”€â”€â”€â”€â”€â”€â”€â”€â”€â”€â”˜[34;1H[1m[37m[40m                                                                      [23;6H(B[m[30m[47mkeep the local version currently installed                [24;6H[37m[41mshow the differences between the versions                 [24;6H[Akeep the local version currently installed                [24;6H[30m[47mshow the differences between the versions                 [23;6H[?12l[?25h[47;1H[37m[40m(B[m[39;49m
./logs/Debian9/apt/term.logâ”‹20191026T081413.000000000â”‹[K
./logs/Debian9/apt/term.logâ”‹20191026T081413.000000000â”‹[?1049lProcessing triggers for initramfs-tools (0.130) ...
./logs/Debian9/apt/term.logâ”‹20191026T081413.000000000â”‹Setting up libmagic-mgc (1:5.30-1+deb9u3) ...
./logs/Debian9/apt/term.logâ”‹20191026T081413.000000000â”‹Setting up libmagic1:armhf (1:5.30-1+deb9u3) ...
./logs/Debian9/apt/term.logâ”‹20191026T081413.000000000â”‹Setting up libssl1.0.2:armhf (1.0.2t-1~deb9u1) ...
./logs/Debian9/apt/term.logâ”‹20191026T081413.000000000â”‹Processing triggers for libc-bin (2.24-11+deb9u4) ...
./logs/Debian9/apt/term.logâ”‹20191026T081413.000000000â”‹Setting up libssl1.1:armhf (1.1.0l-1~deb9u1) ...
./logs/Debian9/apt/term.logâ”‹20191026T081413.000000000â”‹Processing triggers for systemd (232-25+deb9u12) ...
./logs/Debian9/apt/term.logâ”‹20191026T081413.000000000â”‹Setting up openssl (1.1.0l-1~deb9u1) ...
./logs/Debian9/apt/term.logâ”‹20191026T081413.000000000â”‹Setting up libexpat1-dev:armhf (2.2.0-2+deb9u3) ...
./logs/Debian9/apt/term.logâ”‹20191026T081413.000000000â”‹Processing triggers for man-db (2.7.6.1-2) ...
./logs/Debian9/apt/term.logâ”‹20191026T081413.000000000â”‹Setting up libssl-doc (1.1.0l-1~deb9u1) ...
./logs/Debian9/apt/term.logâ”‹20191026T081413.000000000â”‹Setting up samba-common-bin (2:4.5.16+dfsg-1+deb9u2) ...
./logs/Debian9/apt/term.logâ”‹20191026T081413.000000000â”‹Setting up samba-dsdb-modules (2:4.5.16+dfsg-1+deb9u2) ...
./logs/Debian9/apt/term.logâ”‹20191026T081413.000000000â”‹Setting up libssl-dev:armhf (1.1.0l-1~deb9u1) ...
./logs/Debian9/apt/term.logâ”‹20191026T081413.000000000â”‹Setting up file (1:5.30-1+deb9u3) ...
./logs/Debian9/apt/term.logâ”‹20191026T081413.000000000â”‹Setting up samba (2:4.5.16+dfsg-1+deb9u2) ...
./logs/Debian9/apt/term.logâ”‹20191026T081413.000000000â”‹Failed to preset unit: Unit file /etc/systemd/system/samba-ad-dc.service is masked.
./logs/Debian9/apt/term.logâ”‹20191026T081413.000000000â”‹/usr/bin/deb-systemd-helper: error: systemctl preset failed on samba-ad-dc.service: No such file or directory
./logs/Debian9/apt/term.logâ”‹20191026T081413.000000000â”‹Processing triggers for libc-bin (2.24-11+deb9u4) ...
â‡³
./logs/Debian9/apt/term.logâ”‹20191026T082013.000000000â”‹Log ended: 2019-10-26  16:20:13
â‡³
