
Files:

File: ./logs/Windows10Pro/SoftwareDistribution/ReportingEvents.log
  About:
      filetype      : TEXT UTF8/ASCII (text log)
      logmessagetype: text log lines
  Printed:
      bytes         : 61384
      flushes       : 163
      lines         : 175
      syslines      : 163
      datetime first: 2022-08-05 22:17:58 -07:00 (2022-08-06 05:17:58.914000 +00:00)
      datetime last : 2022-10-12 09:26:48 -07:00 (2022-10-12 16:26:48.872000 +00:00)
  Processed:
      file size     : 90920 (0x16328) (bytes)
      bytes         : 90920 (0x16328)
      bytes total   : 90920 (0x16328)
      block size    : 256 (0x100)
      blocks        : 356
      blocks total  : 356 (91136 bytes)
      lines         : 175
      line parts    : 531
      syslines      : 163
      syslines high : 5
      datetime first: 2022-08-05 22:17:58 -07:00 (2022-08-06 05:17:58.914000 +00:00)
      datetime last : 2022-10-12 09:26:48 -07:00 (2022-10-12 16:26:48.872000 +00:00)
      out of order  : 0
  Parsers:
  Processing Stores:
      storage: LineReader::find_line() lines                       : hit   0, miss 351,  0.0%
      caching: LineReader::find_line() LRU cache                   : hit 162, miss 177, 47.8%, put 175
      copying: SyslineReader::get_boxptrs()                        : sgl  88, dbl   12, mult 165
      storage: SyslineReader::find_sysline() syslines              : hit   0, miss 164,  0.0%
      caching: SyslineReader::find_sysline() syslines_by_range_map : hit   0, miss   2,  0.0%, put   1
      caching: SyslineReader::find_sysline() LRU cache             : hit   0, miss 164,  0.0%, put 163
      caching: SyslineReader::parse_datetime_in_line() LRU cache   : hit 162, miss 176, 47.9%, put   0
      optimize:SyslineReader::ezcheck12                            : hit   0, miss   0,  0.0%, largest skipped 0
      optimize:SyslineReader::ezcheckd2                            : hit   0, miss   0,  0.0%, largest skipped 0
      optimize:SyslineReader::ezcheck12d2                          : hit   0, miss   0,  0.0%, largest skipped 0
      process: regex captures                                      : hit 163, miss 102
  Processing Drops:

Program Summary:

Paths considered       : 1
Paths not processed    : 0
Files processed        : 1
Files printed          : 1
Printed bytes          : 62036
Printed flushes        : 326
Printed lines          : 175
Printed syslines       : 163
Printed ASL events     : 0
Printed ETL events     : 0
Printed EVTX events    : 0
Printed fixedstruct    : 0
Printed journal events : 0
Printed ODL events     : 0
Managed files max      : 200
Managed files high     : 1
Managed request open   : 1
Managed request read   : 0
Managed read calls     : 356
Managed write calls    : 0
Managed seek calls     : 356
Managed metadata calls : 1
Managed physical opens : 1
Managed open errors    : 0
Managed physical reopen: 0
Managed evict succeed  : 0
Managed evict fails    : 0
Regex patterns known   : 188
Regex patterns compiled: 188
Datetime filter -a     : 1999-03-03 00:00:00 +00:00 (1999-03-03 00:00:00.000000 +00:00)
Datetime printed first : 2022-08-05 22:17:58 -07:00 (2022-08-06 05:17:58.914000 +00:00)
Datetime printed last  : 2022-10-12 09:26:48 -07:00 (2022-10-12 16:26:48.872000 +00:00)
Datetime filter -b     : 2026-01-02 00:00:00 +00:00 (2026-01-02 00:00:00.000000 +00:00)
Channel Receive ok     : 165
Channel Receive err    : 0
Threads Spawned        : 1
Thread Spawn errors    : 0
Temporary files created: 0
Platform               : x86_64-unknown-linux-gnu
Allocator              : system
