
Files:

File: ./logs/Debian13/RISC-V/utmp
  About:
      FileType      : UTMP/WTMP (Unix accounting log (acct/lastlog/lastlogx/utmp/utmpx))
      FixedStructTyp: Utmp
      LogMessageType: fixedstruct entries (Unix acct/lastlog/lastlogx/utmp/utmpx)
      specific type : Fs_Linux_x86_Utmpx
      Thread stack  : 102400 (bytes)
  Printed:
      bytes         : 1408
      flushes       : 6
      Entries       : 6
  Processed:
      file size     : 2304 (0x900) (bytes)
      bytes         : 2304 (0x900)
      bytes total   : 2304 (0x900)
      Block size    : 256 (0x100)
      Blocks        : 9
      Blocks total  : 9 (2304 bytes)
      Blocks high   : 9 (2304 bytes)
      Entries       : 6
      Entry size    : 384 (bytes)
      Entry hi-score: 133
      first Entry   : @0
      Entry high    : 5
      peak map size : 6
      Datetime first: 2024-02-25 03:27:57 +08:00 (2024-02-24 19:27:57.450673 +00:00)
      Datetime last : 2024-02-25 05:01:04 +08:00 (2024-02-24 21:01:04.022818 +00:00)
      out of order  : 1
  Processing stores:
      storage: FixedStructReader::find_entry()                     : hit  5, miss  1, 83.3%
  Processing Drops:

Program summary:

Paths considered       : 1
Paths not processed    : 0
Files processed        : 1
Files printed          : 1
Printed bytes          : 1432
Printed flushes        : 12
Printed Lines          : 0
Printed Syslines       : 0
Printed ASL events     : 0
Printed ETL events     : 0
Printed EVTX events    : 0
Printed FixedStruct    : 6
Printed Journal events : 0
Printed ODL events     : 0
Line longest                   : 0
Sysline longest                : 0
EVTX event largest processed   : 0
EVTX event largest accepted    : 0
Journal event largest processed: 0
Journal event largest accepted : 0
Managed files max deflt: 980
Managed files max adjus: 200
Managed handles high   : 1
Managed request open   : 1
Managed request read   : 0
Managed read calls     : 9
Managed write calls    : 0
Managed seek calls     : 9
Managed metadata calls : 1
Managed open errors    : 0
Managed evict fails    : 0
Unmanaged handles high : 0
Regex patterns known   : 188
Regex patterns compiled: 188
Datetime filter -a     : 1999-03-03 00:00:00 +00:00 (1999-03-03 00:00:00.000000 +00:00)
Datetime printed first : 2024-02-25 03:27:57 +08:00 (2024-02-24 19:27:57.450673 +00:00)
Datetime printed last  : 2024-02-25 05:01:04 +08:00 (2024-02-24 21:01:04.022818 +00:00)
Datetime filter -b     : 2026-01-02 00:00:00 +00:00 (2026-01-02 00:00:00.000000 +00:00)
Channel receive ok     : 8
Channel receive err    : 0
Threads spawned        : 1
Thread spawn errors    : 0
Temporary files created: 0
Platform               : x86_64-unknown-linux-gnu
Allocator              : system
