
Files:

File: ./logs/programs/OneDrive/Local/Microsoft/OneDrive/logs/Common/FileCoAuth-2025-12-21.1214.4056.1.odl
  About:
      FileType      : ODL (OneDrive Log)
      LogMessageType: Python parsed events (ASL/ETL/ODL)
      Thread stack  : 137216 (bytes)
  Printed:
      bytes         : 2524
      flushes       : 11
      Events        : 11
      Datetime first: 2025-12-21 20:14:05 +08:00 (2025-12-21 12:14:05.875000 +00:00)
      Datetime last : 2025-12-21 20:14:05 +08:00 (2025-12-21 12:14:05.897000 +00:00)
  Processed:
      file size          : 1961 (0x7A9) (bytes)
      Events processed   : 11
      Events accepted    : 11
      Events read max    : 1
      Events queue high  : 1
      Python pipe size stdout    : 256
      Python pipe size stderr    : 256
      Python exit status         : 0
      Datetime first: 2025-12-21 20:14:05 +08:00 (2025-12-21 12:14:05.875000 +00:00)
      Datetime last : 2025-12-21 20:14:05 +08:00 (2025-12-21 12:14:05.897000 +00:00)
      out of order  : 0

Program summary:

Paths considered       : 1
Paths not processed    : 0
Files processed        : 1
Files printed          : 1
Printed bytes          : 2568
Printed flushes        : 22
Printed Lines          : 0
Printed Syslines       : 0
Printed ASL events     : 0
Printed ETL events     : 0
Printed EVTX events    : 0
Printed FixedStruct    : 0
Printed Journal events : 0
Printed ODL events     : 11
Line Maximum                   : 393209
Line longest                   : 0
Sysline longest                : 0
EVTX event largest processed   : 0
EVTX event largest accepted    : 0
Journal event largest processed: 0
Journal event largest accepted : 0
Managed files max deflt: 980
Managed files max adjus: 200
Managed request open   : 1
Managed request read   : 0
Managed write calls    : 0
Managed seek calls     : 0
Managed metadata calls : 1
Managed open errors    : 0
Managed evict fails    : 0
Regex patterns known   : 188
Regex patterns compiled: 188
Datetime filter -a     : 1999-03-03 00:00:00 +00:00 (1999-03-03 00:00:00.000000 +00:00)
Datetime printed first : 2025-12-21 20:14:05 +08:00 (2025-12-21 12:14:05.875000 +00:00)
Datetime printed last  : 2025-12-21 20:14:05 +08:00 (2025-12-21 12:14:05.897000 +00:00)
Datetime filter -b     : 2026-01-02 00:00:00 +00:00 (2026-01-02 00:00:00.000000 +00:00)
Channel receive ok     : 13
Channel receive err    : 0
Threads spawned        : 1
Thread spawn errors    : 0
Temporary files created: 0
Platform               : x86_64-unknown-linux-gnu
Allocator              : system
