
Files:

File: ./logs/Ubuntu20/x86_64/lastlog
  About:
      filetype       : LASTLOG (Unix accounting log (acct/lastlog/lastlogx/utmp/utmpx))
      fixedstructtype: Lastlog
      logmessagetype : fixedstruct entries (Unix acct/lastlog/lastlogx/utmp/utmpx)
      fixedstructtype: Fs_Linux_x86_Lastlog
  Printed:
      bytes         : 240
      flushes       : 2
      entries       : 2
  Processed:
      file size     : 292292 (0x475C4) (bytes)
      bytes         : 292292 (0x475C4)
      bytes total   : 292292 (0x475C4)
      block size    : 256 (0x100)
      blocks        : 1142
      blocks total  : 1142 (292352 bytes)
      entries       : 2
      entry size    : 292 (bytes)
      entry hi-score: 87
      first entry   : @0
      entry high    : 2
      peak map size : 2
      out of order? : 0
      datetime first     : 2023-12-15 16:14:23 +08:00 (2023-12-15 08:14:23.000000 +00:00)
      datetime last      : 2023-12-15 16:18:35 +08:00 (2023-12-15 08:18:35.000000 +00:00)
  Processing Stores:
      storage: FixedStructReader::find_entry()                     : hit    2, miss    0, 100.0%
  Processing Drops:

Program Summary:

Paths considered       : 1
Paths not processed    : 0
Files processed        : 1
Files printed          : 1
Printed bytes          : 248
Printed flushes        : 4
Printed lines          : 0
Printed syslines       : 0
Printed ASL events     : 0
Printed ETL events     : 0
Printed EVTX events    : 0
Printed fixedstruct    : 2
Printed journal events : 0
Printed ODL events     : 0
Regex patterns known   : 175
Regex patterns compiled: 0
Datetime filter -a     : 1999-03-03 00:00:00 +00:00 (1999-03-03 00:00:00.000000 +00:00)
Datetime printed first : 2023-12-15 16:14:23 +08:00 (2023-12-15 08:14:23.000000 +00:00)
Datetime printed last  : 2023-12-15 16:18:35 +08:00 (2023-12-15 08:18:35.000000 +00:00)
Datetime filter -b     : 2026-01-02 00:00:00 +00:00 (2026-01-02 00:00:00.000000 +00:00)
Channel Receive ok     : 4
Channel Receive err    : 0
Threads Spawned        : 1
Thread Spawn errors    : 0
Temporary files created: 0
Platform               : x86_64-unknown-linux-gnu
Allocator              : system
