./logs/programs/Event_Trace_Log/waasmedic.20251005_113019_195.etl┋20251005T113019.201000000┋<SystemHeader version=2 provider_id=68fdd900-4a3e-11d1-84f4-0000f80464e3 timestamp=2025-10-05 11:30:19.201590+00:00 ThreadId=24484 ProcessId=29468 ProcessorTime=0> <EventTraceEvent/Header <EventTrace_Header BufferSize=0x2000 Version=0x501000a ProviderVersion=0x5867 NumberOfProcessors=0x1 EndTime=0x1dc35eb91cabb86 TimerResolution=0x2625a MaxFileSize=0x800 LogFileMode=0x11002002 BuffersWritten=0x2 StartBuffers=0x1 PointerSize=0x8 EventsLost=0x0 CPUSpeed=0x118b LoggerName=10 LogFileName=7 TimeZoneInformation=[224, 1, 0, 0, 64, 0, 116, 0, 122, 0, 114, 0, 101, 0, 115, 0, 46, 0, 100, 0, 108, 0, 108, 0, 44, 0, 45, 0, 50, 0, 49, 0, 50, 0, 0, 0, 0, 0, 0, 0, 0, 0, 0, 0, 0, 0, 0, 0, 0, 0, 0, 0, 0, 0, 0, 0, 0, 0, 0, 0, 0, 0, 0, 0, 0, 0, 0, 0, 0, 0, 11, 0, 0, 0, 1, 0, 2, 0, 0, 0, 0, 0, 0, 0, 0, 0, 0, 0, 64, 0, 116, 0, 122, 0, 114, 0, 101, 0, 115, 0, 46, 0, 100, 0, 108, 0, 108, 0, 44, 0, 45, 0, 50, 0, 49, 0, 49, 0, 0, 0, 0, 0, 0, 0, 0, 0, 0, 0, 0, 0, 0, 0, 0, 0, 0, 0, 0, 0, 0, 0, 0, 0, 0, 0, 0, 0, 0, 0, 0, 0, 0, 0, 0, 0, 3, 0, 0, 0, 2, 0, 2, 0, 0, 0, 0, 0, 0, 0, 196, 255, 255, 255, 0, 0, 0, 0] BootTime=0x1dc334d5cb2eac0 PerfFreq=0x989680 StartTime=0x1dc35eb6deb9a24 ReservedFlags=0x1 BuffersLost=0x0 SessionNameString='ECCB175F-1EB2-43DA-BFB5-A8D58A40A4D7' LogFileNameString='C:\\Windows\\logs\\waasmedic\\waasmedic.20251005_113019_195.etl'>><Event provider_name="Windows Kernel" symbol="EventTraceEvent/Header" />
⇳
./logs/programs/Event_Trace_Log/waasmedic.20251005_113019_195.etl┋20251005T113019.201000000┋<SystemHeader version=2 provider_id=68fdd900-4a3e-11d1-84f4-0000f80464e3 timestamp=2025-10-05 11:30:19.201590+00:00 ThreadId=24484 ProcessId=29468 ProcessorTime=0> <EventTraceEvent/PartitionInfoExtension <Header_PartitionInformation_TypeGroup EventVersion=0x0 Reserved=0x0 PartitionType=0x0 QpcOffsetFromRoot=0x0 PartitionId=b'\x00\x00\x00\x00\x00\x00\x00\x00\x00\x00\x00\x00\x00\x00\x00\x00' ParentId=b'\x00\x00\x00\x00\x00\x00\x00\x00\x00\x00\x00\x00\x00\x00\x00\x00'>><Event provider_name="Windows Kernel" symbol="EventTraceEvent/PartitionInfoExtension" />
⇳
./logs/programs/Event_Trace_Log/waasmedic.20251005_113019_195.etl┋20251005T113019.201000000┋<PerfinfoTraceHeader version=2 provider_id=68fdd900-4a3e-11d1-84f4-0000f80464e3 timestamp=2025-10-05 11:30:19.201590+00:00 > <EventTraceEvent/BuildInfo <NULLx60b881d9L BuildString=b'22621.1.amd64fre.ni_release.220506-1250'>><Event provider_name="Windows Kernel" symbol="EventTraceEvent/BuildInfo" />
⇳
./logs/programs/Event_Trace_Log/waasmedic.20251005_113019_195.etl┋20251005T113019.201000000┋<PerfinfoTraceHeader version=2 provider_id=68fdd900-4a3e-11d1-84f4-0000f80464e3 timestamp=2025-10-05 11:30:19.201590+00:00 > <EventTraceEvent/DbgIdRSDS <NULLx15284aa3L Guid=b'q\x93\x860\xd6\xf7#\xab\x86\x10\xaf\x80\xc7*\xe5y' Age=0x1 PdbName=b'WaaSMedicSvcImpl.pdb'>><Event provider_name="Windows Kernel" symbol="EventTraceEvent/DbgIdRSDS" />
⇳
./logs/programs/Event_Trace_Log/waasmedic.20251005_113019_195.etl┋20251005T113019.202000000┋<EventHeader version=0 provider_id=2451d230-68a4-5c50-de82-8411646eb8b5 timestamp=2025-10-05 11:30:19.202053+00:00 ThreadId=24484 ProcessId=29468 ActivityId=00000000-0000-0000-0000-000000000000 Extensions=[{'ExtType': <ExtType.PROV_TRAITS: 12>, 'TraitSize': 36, 'ProviderName': b'Microsoft.Windows.WaaSMedic.Local', 'Traits': []}, {'ExtType': <ExtType.EVENT_SCHEMA_TL: 11>, 'EventSchema': b'\x0b\x00\x00Info\x00m\x00\x01'}]><Event />
⇳
./logs/programs/Event_Trace_Log/waasmedic.20251005_113019_195.etl┋20251005T113019.202000000┋<EventHeader version=0 provider_id=2451d230-68a4-5c50-de82-8411646eb8b5 timestamp=2025-10-05 11:30:19.202057+00:00 ThreadId=24484 ProcessId=29468 ActivityId=00000000-0000-0000-0000-000000000000 Extensions=[{'ExtType': <ExtType.PROV_TRAITS: 12>, 'TraitSize': 36, 'ProviderName': b'Microsoft.Windows.WaaSMedic.Local', 'Traits': []}, {'ExtType': <ExtType.EVENT_SCHEMA_TL: 11>, 'EventSchema': b'\x0b\x00\x00Info\x00m\x00\x01'}]><Event />
⇳
./logs/programs/Event_Trace_Log/waasmedic.20251005_113019_195.etl┋20251005T113019.203000000┋<EventHeader version=0 provider_id=2451d230-68a4-5c50-de82-8411646eb8b5 timestamp=2025-10-05 11:30:19.203543+00:00 ThreadId=24484 ProcessId=29468 ActivityId=00000000-0000-0000-0000-000000000000 Extensions=[{'ExtType': <ExtType.PROV_TRAITS: 12>, 'TraitSize': 36, 'ProviderName': b'Microsoft.Windows.WaaSMedic.Local', 'Traits': []}, {'ExtType': <ExtType.EVENT_SCHEMA_TL: 11>, 'EventSchema': b'\x0b\x00\x00Info\x00m\x00\x01'}]><Event />
⇳
./logs/programs/Event_Trace_Log/waasmedic.20251005_113019_195.etl┋20251005T113019.206000000┋<EventHeader version=0 provider_id=2451d230-68a4-5c50-de82-8411646eb8b5 timestamp=2025-10-05 11:30:19.206095+00:00 ThreadId=25964 ProcessId=29468 ActivityId=00000000-0000-0000-0000-000000000000 Extensions=[{'ExtType': <ExtType.PROV_TRAITS: 12>, 'TraitSize': 36, 'ProviderName': b'Microsoft.Windows.WaaSMedic.Local', 'Traits': []}, {'ExtType': <ExtType.EVENT_SCHEMA_TL: 11>, 'EventSchema': b'\x0b\x00\x00Info\x00m\x00\x01'}]><Event />
⇳
./logs/programs/Event_Trace_Log/waasmedic.20251005_113019_195.etl┋20251005T113019.351000000┋<EventHeader version=0 provider_id=2451d230-68a4-5c50-de82-8411646eb8b5 timestamp=2025-10-05 11:30:19.351252+00:00 ThreadId=25964 ProcessId=29468 ActivityId=00000000-0000-0000-0000-000000000000 Extensions=[{'ExtType': <ExtType.PROV_TRAITS: 12>, 'TraitSize': 36, 'ProviderName': b'Microsoft.Windows.WaaSMedic.Local', 'Traits': []}, {'ExtType': <ExtType.EVENT_SCHEMA_TL: 11>, 'EventSchema': b'\x0b\x00\x00Info\x00m\x00\x01'}]><Event />
⇳
./logs/programs/Event_Trace_Log/waasmedic.20251005_113019_195.etl┋20251005T113019.351000000┋<EventHeader version=0 provider_id=2451d230-68a4-5c50-de82-8411646eb8b5 timestamp=2025-10-05 11:30:19.351776+00:00 ThreadId=25964 ProcessId=29468 ActivityId=00000000-0000-0000-0000-000000000000 Extensions=[{'ExtType': <ExtType.PROV_TRAITS: 12>, 'TraitSize': 36, 'ProviderName': b'Microsoft.Windows.WaaSMedic.Local', 'Traits': []}, {'ExtType': <ExtType.EVENT_SCHEMA_TL: 11>, 'EventSchema': b'\x0b\x00\x00Info\x00m\x00\x01'}]><Event />
⇳
./logs/programs/Event_Trace_Log/waasmedic.20251005_113019_195.etl┋20251005T113019.367000000┋<EventHeader version=0 provider_id=2451d230-68a4-5c50-de82-8411646eb8b5 timestamp=2025-10-05 11:30:19.367567+00:00 ThreadId=25964 ProcessId=29468 ActivityId=00000000-0000-0000-0000-000000000000 Extensions=[{'ExtType': <ExtType.PROV_TRAITS: 12>, 'TraitSize': 36, 'ProviderName': b'Microsoft.Windows.WaaSMedic.Local', 'Traits': []}, {'ExtType': <ExtType.EVENT_SCHEMA_TL: 11>, 'EventSchema': b'\x0b\x00\x00Info\x00m\x00\x01'}]><Event />
⇳
./logs/programs/Event_Trace_Log/waasmedic.20251005_113019_195.etl┋20251005T113019.382000000┋<EventHeader version=0 provider_id=2451d230-68a4-5c50-de82-8411646eb8b5 timestamp=2025-10-05 11:30:19.382135+00:00 ThreadId=25964 ProcessId=29468 ActivityId=00000000-0000-0000-0000-000000000000 Extensions=[{'ExtType': <ExtType.PROV_TRAITS: 12>, 'TraitSize': 36, 'ProviderName': b'Microsoft.Windows.WaaSMedic.Local', 'Traits': []}, {'ExtType': <ExtType.EVENT_SCHEMA_TL: 11>, 'EventSchema': b'\x0b\x00\x00Info\x00m\x00\x01'}]><Event />
⇳
./logs/programs/Event_Trace_Log/waasmedic.20251005_113019_195.etl┋20251005T113019.384000000┋<EventHeader version=0 provider_id=2451d230-68a4-5c50-de82-8411646eb8b5 timestamp=2025-10-05 11:30:19.384144+00:00 ThreadId=25964 ProcessId=29468 ActivityId=00000000-0000-0000-0000-000000000000 Extensions=[{'ExtType': <ExtType.PROV_TRAITS: 12>, 'TraitSize': 36, 'ProviderName': b'Microsoft.Windows.WaaSMedic.Local', 'Traits': []}, {'ExtType': <ExtType.EVENT_SCHEMA_TL: 11>, 'EventSchema': b'\x0b\x00\x00Info\x00m\x00\x01'}]><Event />
⇳
./logs/programs/Event_Trace_Log/waasmedic.20251005_113019_195.etl┋20251005T113019.385000000┋<EventHeader version=0 provider_id=2451d230-68a4-5c50-de82-8411646eb8b5 timestamp=2025-10-05 11:30:19.385881+00:00 ThreadId=25964 ProcessId=29468 ActivityId=00000000-0000-0000-0000-000000000000 Extensions=[{'ExtType': <ExtType.PROV_TRAITS: 12>, 'TraitSize': 36, 'ProviderName': b'Microsoft.Windows.WaaSMedic.Local', 'Traits': []}, {'ExtType': <ExtType.EVENT_SCHEMA_TL: 11>, 'EventSchema': b'\x0b\x00\x00Info\x00m\x00\x01'}]><Event />
⇳
./logs/programs/Event_Trace_Log/waasmedic.20251005_113019_195.etl┋20251005T113019.385000000┋<EventHeader version=0 provider_id=2451d230-68a4-5c50-de82-8411646eb8b5 timestamp=2025-10-05 11:30:19.385923+00:00 ThreadId=25964 ProcessId=29468 ActivityId=00000000-0000-0000-0000-000000000000 Extensions=[{'ExtType': <ExtType.PROV_TRAITS: 12>, 'TraitSize': 36, 'ProviderName': b'Microsoft.Windows.WaaSMedic.Local', 'Traits': []}, {'ExtType': <ExtType.EVENT_SCHEMA_TL: 11>, 'EventSchema': b'\x0b\x00\x00Info\x00m\x00\x01'}]><Event />
⇳
./logs/programs/Event_Trace_Log/waasmedic.20251005_113019_195.etl┋20251005T113019.386000000┋<EventHeader version=0 provider_id=2451d230-68a4-5c50-de82-8411646eb8b5 timestamp=2025-10-05 11:30:19.386095+00:00 ThreadId=25964 ProcessId=29468 ActivityId=00000000-0000-0000-0000-000000000000 Extensions=[{'ExtType': <ExtType.PROV_TRAITS: 12>, 'TraitSize': 36, 'ProviderName': b'Microsoft.Windows.WaaSMedic.Local', 'Traits': []}, {'ExtType': <ExtType.EVENT_SCHEMA_TL: 11>, 'EventSchema': b'\x0b\x00\x00Info\x00m\x00\x01'}]><Event />
⇳
./logs/programs/Event_Trace_Log/waasmedic.20251005_113019_195.etl┋20251005T113019.386000000┋<EventHeader version=0 provider_id=2451d230-68a4-5c50-de82-8411646eb8b5 timestamp=2025-10-05 11:30:19.386097+00:00 ThreadId=25964 ProcessId=29468 ActivityId=00000000-0000-0000-0000-000000000000 Extensions=[{'ExtType': <ExtType.PROV_TRAITS: 12>, 'TraitSize': 36, 'ProviderName': b'Microsoft.Windows.WaaSMedic.Local', 'Traits': []}, {'ExtType': <ExtType.EVENT_SCHEMA_TL: 11>, 'EventSchema': b'\x0b\x00\x00Info\x00m\x00\x01'}]><Event />
⇳
./logs/programs/Event_Trace_Log/waasmedic.20251005_113019_195.etl┋20251005T113020.957000000┋<EventHeader version=0 provider_id=2451d230-68a4-5c50-de82-8411646eb8b5 timestamp=2025-10-05 11:30:20.957697+00:00 ThreadId=25964 ProcessId=29468 ActivityId=00000000-0000-0000-0000-000000000000 Extensions=[{'ExtType': <ExtType.PROV_TRAITS: 12>, 'TraitSize': 36, 'ProviderName': b'Microsoft.Windows.WaaSMedic.Local', 'Traits': []}, {'ExtType': <ExtType.EVENT_SCHEMA_TL: 11>, 'EventSchema': b'\x0e\x00\x00Warning\x00m\x00\x01'}]><Event />
⇳
./logs/programs/Event_Trace_Log/waasmedic.20251005_113019_195.etl┋20251005T113020.957000000┋<EventHeader version=0 provider_id=2451d230-68a4-5c50-de82-8411646eb8b5 timestamp=2025-10-05 11:30:20.957699+00:00 ThreadId=25964 ProcessId=29468 ActivityId=00000000-0000-0000-0000-000000000000 Extensions=[{'ExtType': <ExtType.PROV_TRAITS: 12>, 'TraitSize': 36, 'ProviderName': b'Microsoft.Windows.WaaSMedic.Local', 'Traits': []}, {'ExtType': <ExtType.EVENT_SCHEMA_TL: 11>, 'EventSchema': b'\x0b\x00\x00Info\x00m\x00\x01'}]><Event />
⇳
./logs/programs/Event_Trace_Log/waasmedic.20251005_113019_195.etl┋20251005T113020.957000000┋<EventHeader version=0 provider_id=2451d230-68a4-5c50-de82-8411646eb8b5 timestamp=2025-10-05 11:30:20.957701+00:00 ThreadId=25964 ProcessId=29468 ActivityId=00000000-0000-0000-0000-000000000000 Extensions=[{'ExtType': <ExtType.PROV_TRAITS: 12>, 'TraitSize': 36, 'ProviderName': b'Microsoft.Windows.WaaSMedic.Local', 'Traits': []}, {'ExtType': <ExtType.EVENT_SCHEMA_TL: 11>, 'EventSchema': b'\x0b\x00\x00Info\x00m\x00\x01'}]><Event />
⇳
./logs/programs/Event_Trace_Log/waasmedic.20251005_113019_195.etl┋20251005T113119.384000000┋<EventHeader version=0 provider_id=2451d230-68a4-5c50-de82-8411646eb8b5 timestamp=2025-10-05 11:31:19.384882+00:00 ThreadId=14648 ProcessId=29468 ActivityId=00000000-0000-0000-0000-000000000000 Extensions=[{'ExtType': <ExtType.PROV_TRAITS: 12>, 'TraitSize': 36, 'ProviderName': b'Microsoft.Windows.WaaSMedic.Local', 'Traits': []}, {'ExtType': <ExtType.EVENT_SCHEMA_TL: 11>, 'EventSchema': b'\x0b\x00\x00Info\x00m\x00\x01'}]><Event />
⇳
