
Files:

File: ./logs/Ubuntu18/apt/term.log
  About:
      filetype       : TEXT UTF8/ASCII (text log)
      logmessagetype : text log lines
  Printed:
      bytes         : 2607
      flushes       : 2
      lines         : 18
      syslines      : 1
  Processed:
      file size     : 1546 (0x60A) (bytes)
      bytes         : 1546 (0x60A)
      bytes total   : 1546 (0x60A)
      block size    : 256 (0x100)
      blocks        : 7
      blocks total  : 7 (1792 bytes)
      lines         : 19
      syslines      : 1
      syslines high : 1
  Parsers:
  Processing Stores:
      storage: LineReader::find_line() lines                       : hit   1, miss  38,  2.6%
      caching: LineReader::find_line() LRU cache                   : hit   5, miss  21, 19.2%, put  19
      copying: SyslineReader::get_boxptrs()                        : sgl 215, dbl    2, mult   0
      storage: SyslineReader::find_sysline() syslines              : hit   0, miss   2,  0.0%
      caching: SyslineReader::find_sysline() syslines_by_range_map : hit   0, miss   2,  0.0%, put   1
      caching: SyslineReader::find_sysline() LRU cache             : hit   0, miss   2,  0.0%, put   1
      caching: SyslineReader::parse_datetime_in_line() LRU cache   : hit   1, miss  22,  4.3%, put   0
      optimize:SyslineReader::ezcheck12                            : hit   0, miss   0,  0.0%, largest skipped 0
      optimize:SyslineReader::ezcheckd2                            : hit  14, miss   2, 87.5%, largest skipped 58
      optimize:SyslineReader::ezcheck12d2                          : hit 168, miss  33, 83.6%, largest skipped 58
      process: regex captures attempted                            : 35
  Processing Drops:

Program Summary:

Paths considered       : 1
Paths not processed    : 0
Files processed        : 1
Files printed          : 1
Printed bytes          : 2611
Printed flushes        : 3
Printed lines          : 18
Printed syslines       : 1
Printed ETL events     : 0
Printed EVTX events    : 0
Printed fixedstruct    : 0
Printed journal events : 0
Printed ODL events     : 0
Regex patterns known   : 175
Regex patterns compiled: 25
Datetime filter -a     : 1999-03-03 00:00:00 +00:00 (1999-03-03 00:00:00.000000 +00:00)
Datetime filter -b     : 2023-04-10 22:10:32 +00:00 (2023-04-10 22:10:32.000000 +00:00)
Channel Receive ok     : 3
Channel Receive err    : 0
Threads Spawned        : 1
Thread Spawn errors    : 0
Temporary files created: 0
Platform               : x86_64-unknown-linux-gnu
Allocator              : system
