
Files:

File: ./logs/Debian11/aarch64_ARM64/lastlog
  About:
      filetype       : LASTLOG (Unix accounting log (acct/lastlog/lastlogx/utmp/utmpx))
      fixedstructtype: Lastlog
      logmessagetype : fixedstruct entries (Unix acct/lastlog/lastlogx/utmp/utmpx)
      fixedstructtype: Fs_Linux_Arm64Aarch64_Lastlog
  Printed:
      bytes         : 127
      flushes       : 1
      entries       : 1
  Processed:
      file size     : 296296 (0x48568) (bytes)
      bytes         : 296296 (0x48568)
      bytes total   : 296296 (0x48568)
      block size    : 256 (0x100)
      blocks        : 1158
      blocks total  : 1158 (296448 bytes)
      entries       : 1
      entry size    : 296 (bytes)
      entry hi-score: 81
      first entry   : @296000
      entry high    : 1
      peak map size : 1
      out of order? : 0
      datetime first     : 2024-02-18 05:08:45 +08:00 (2024-02-17 21:08:45.000000 +00:00)
      datetime last      : 2024-02-18 05:08:45 +08:00 (2024-02-17 21:08:45.000000 +00:00)
  Processing Stores:
      storage: FixedStructReader::find_entry()                     : hit    1, miss    0, 100.0%
  Processing Drops:

Program Summary:

Paths considered       : 1
Paths not processed    : 0
Files processed        : 1
Files printed          : 1
Printed bytes          : 131
Printed flushes        : 2
Printed lines          : 0
Printed syslines       : 0
Printed ETL events     : 0
Printed EVTX events    : 0
Printed fixedstruct    : 1
Printed journal events : 0
Printed ODL events     : 0
Regex patterns known   : 175
Regex patterns compiled: 0
Datetime filter -a     : 1999-03-03 00:00:00 +00:00 (1999-03-03 00:00:00.000000 +00:00)
Datetime printed first : 2024-02-18 05:08:45 +08:00 (2024-02-17 21:08:45.000000 +00:00)
Datetime printed last  : 2024-02-18 05:08:45 +08:00 (2024-02-17 21:08:45.000000 +00:00)
Datetime filter -b     : 2026-01-02 00:00:00 +00:00 (2026-01-02 00:00:00.000000 +00:00)
Channel Receive ok     : 3
Channel Receive err    : 0
Threads Spawned        : 1
Thread Spawn errors    : 0
Temporary files created: 0
Platform               : x86_64-unknown-linux-gnu
Allocator              : system
