
Files:

File: ./logs/Debian11/aarch64_ARM64/wtmp
  About:
      FileType      : UTMP/WTMP (Unix accounting log (acct/lastlog/lastlogx/utmp/utmpx))
      FixedStructTyp: Utmp
      LogMessageType: fixedstruct entries (Unix acct/lastlog/lastlogx/utmp/utmpx)
      specific type : Fs_Linux_Arm64Aarch64_Utmpx
      Thread stack  : 104448 (bytes)
  Printed:
      bytes         : 1146
      flushes       : 5
      Entries       : 5
  Processed:
      file size     : 2000 (0x7D0) (bytes)
      bytes         : 2000 (0x7D0)
      bytes total   : 2000 (0x7D0)
      Block size    : 256 (0x100)
      Blocks        : 8
      Blocks total  : 8 (2048 bytes)
      Entries       : 5
      Entry size    : 400 (bytes)
      Entry hi-score: 104
      first Entry   : @0
      Entry high    : 5
      peak map size : 5
      Datetime first: 2024-02-18 05:01:23 +08:00 (2024-02-17 21:01:23.767336 +00:00)
      Datetime last : 2024-02-18 05:08:45 +08:00 (2024-02-17 21:08:45.450732 +00:00)
      out of order  : 0
  Processing stores:
      storage: FixedStructReader::find_entry()                     : hit  5, miss  0, 100.0%
  Processing Drops:

Program summary:

Paths considered       : 1
Paths not processed    : 0
Files processed        : 1
Files printed          : 1
Printed bytes          : 1166
Printed flushes        : 10
Printed Lines          : 0
Printed Syslines       : 0
Printed ASL events     : 0
Printed ETL events     : 0
Printed EVTX events    : 0
Printed FixedStruct    : 5
Printed Journal events : 0
Printed ODL events     : 0
Line Maximum                   : 393209
Line longest                   : 0
Sysline longest                : 0
EVTX event largest processed   : 0
EVTX event largest accepted    : 0
Journal event largest processed: 0
Journal event largest accepted : 0
Managed files max deflt: 980
Managed files max adjus: 200
Managed handles high   : 1
Managed request open   : 1
Managed request read   : 0
Managed write calls    : 0
Managed seek calls     : 8
Managed metadata calls : 1
Managed open errors    : 0
Managed evict fails    : 0
Regex patterns known   : 188
Regex patterns compiled: 188
Datetime filter -a     : 1999-03-03 00:00:00 +00:00 (1999-03-03 00:00:00.000000 +00:00)
Datetime printed first : 2024-02-18 05:01:23 +08:00 (2024-02-17 21:01:23.767336 +00:00)
Datetime printed last  : 2024-02-18 05:08:45 +08:00 (2024-02-17 21:08:45.450732 +00:00)
Datetime filter -b     : 2026-01-02 00:00:00 +00:00 (2026-01-02 00:00:00.000000 +00:00)
Channel receive ok     : 7
Channel receive err    : 0
Threads spawned        : 1
Thread spawn errors    : 0
Temporary files created: 0
Platform               : x86_64-unknown-linux-gnu
Allocator              : system
