
Files:

File: ./logs/OpenBSD7.2/x86_32/utmp.1
  About:
      FileType      : UTMP/WTMP (Unix accounting log (acct/lastlog/lastlogx/utmp/utmpx))
      FixedStructTyp: Utmp
      LogMessageType: fixedstruct entries (Unix acct/lastlog/lastlogx/utmp/utmpx)
      specific type : Fs_Openbsd_x86_Utmp
      Thread stack  : 104448 (bytes)
  Printed:
      bytes         : 265
      flushes       : 2
      Entries       : 2
  Processed:
      file size     : 7600 (0x1DB0) (bytes)
      bytes         : 7600 (0x1DB0)
      bytes total   : 7600 (0x1DB0)
      Block size    : 256 (0x100)
      Blocks        : 30
      Blocks total  : 30 (7680 bytes)
      Entries       : 2
      Entry size    : 304 (bytes)
      Entry hi-score: 96
      first Entry   : @6992
      Entry high    : 2
      peak map size : 2
      Datetime first: 2023-12-01 15:50:41 +08:00 (2023-12-01 07:50:41.000000 +00:00)
      Datetime last : 2023-12-01 15:59:31 +08:00 (2023-12-01 07:59:31.000000 +00:00)
      out of order  : 0
  Processing stores:
      storage: FixedStructReader::find_entry()                     : hit   2, miss   0, 100.0%
  Processing Drops:

Program summary:

Paths considered       : 1
Paths not processed    : 0
Files processed        : 1
Files printed          : 1
Printed bytes          : 273
Printed flushes        : 4
Printed Lines          : 0
Printed Syslines       : 0
Printed ASL events     : 0
Printed ETL events     : 0
Printed EVTX events    : 0
Printed FixedStruct    : 2
Printed Journal events : 0
Printed ODL events     : 0
Line Maximum                   : 393209
Line longest                   : 0
Sysline longest                : 0
EVTX event largest processed   : 0
EVTX event largest accepted    : 0
Journal event largest processed: 0
Journal event largest accepted : 0
Managed files max deflt: 980
Managed files max adjus: 200
Managed request open   : 1
Managed request read   : 0
Managed write calls    : 0
Managed seek calls     : 30
Managed metadata calls : 1
Managed open errors    : 0
Managed evict fails    : 0
Regex patterns known   : 188
Regex patterns compiled: 188
Datetime filter -a     : 1999-03-03 00:00:00 +00:00 (1999-03-03 00:00:00.000000 +00:00)
Datetime printed first : 2023-12-01 15:50:41 +08:00 (2023-12-01 07:50:41.000000 +00:00)
Datetime printed last  : 2023-12-01 15:59:31 +08:00 (2023-12-01 07:59:31.000000 +00:00)
Datetime filter -b     : 2026-01-02 00:00:00 +00:00 (2026-01-02 00:00:00.000000 +00:00)
Channel receive ok     : 4
Channel receive err    : 0
Threads spawned        : 1
Thread spawn errors    : 0
Temporary files created: 0
Platform               : x86_64-unknown-linux-gnu
Allocator              : system
