
Files:

File: ./logs/OpenBSD7.2/x86_32/wtmp
  About:
      FileType      : UTMP/WTMP (Unix accounting log (acct/lastlog/lastlogx/utmp/utmpx))
      FixedStructTyp: Utmp
      LogMessageType: fixedstruct entries (Unix acct/lastlog/lastlogx/utmp/utmpx)
      specific type : Fs_Openbsd_x86_Utmp
      Thread stack  : 104448 (bytes)
  Printed:
      bytes         : 2342
      flushes       : 19
      Entries       : 19
  Processed:
      file size     : 5776 (0x1690) (bytes)
      bytes         : 5776 (0x1690)
      bytes total   : 5776 (0x1690)
      Block size    : 256 (0x100)
      Blocks        : 23
      Blocks total  : 23 (5888 bytes)
      Entries       : 19
      Entry size    : 304 (bytes)
      Entry hi-score: 96
      first Entry   : @0
      Entry high    : 5
      peak map size : 19
      Datetime first: 2023-03-29 05:17:37 +08:00 (2023-03-28 21:17:37.000000 +00:00)
      Datetime last : 2023-10-27 01:57:43 +08:00 (2023-10-26 17:57:43.000000 +00:00)
      out of order  : 0
  Processing stores:
      storage: FixedStructReader::find_entry()                     : hit  5, miss 14, 26.3%
  Processing Drops:

Program summary:

Paths considered       : 1
Paths not processed    : 0
Files processed        : 1
Files printed          : 1
Printed bytes          : 2418
Printed flushes        : 38
Printed Lines          : 0
Printed Syslines       : 0
Printed ASL events     : 0
Printed ETL events     : 0
Printed EVTX events    : 0
Printed FixedStruct    : 19
Printed Journal events : 0
Printed ODL events     : 0
Line Maximum                   : 393209
Line longest                   : 0
Sysline longest                : 0
EVTX event largest processed   : 0
EVTX event largest accepted    : 0
Journal event largest processed: 0
Journal event largest accepted : 0
Managed files max deflt: 980
Managed files max adjus: 200
Managed handles high   : 1
Managed request open   : 1
Managed request read   : 0
Managed write calls    : 0
Managed seek calls     : 23
Managed metadata calls : 1
Managed open errors    : 0
Managed evict fails    : 0
Regex patterns known   : 188
Regex patterns compiled: 188
Datetime filter -a     : 1999-03-03 00:00:00 +00:00 (1999-03-03 00:00:00.000000 +00:00)
Datetime printed first : 2023-03-29 05:17:37 +08:00 (2023-03-28 21:17:37.000000 +00:00)
Datetime printed last  : 2023-10-27 01:57:43 +08:00 (2023-10-26 17:57:43.000000 +00:00)
Datetime filter -b     : 2026-01-02 00:00:00 +00:00 (2026-01-02 00:00:00.000000 +00:00)
Channel receive ok     : 21
Channel receive err    : 0
Threads spawned        : 1
Thread spawn errors    : 0
Temporary files created: 0
Platform               : x86_64-unknown-linux-gnu
Allocator              : system
