
Files:

File: ./logs/programs/utmp/host-entry6_1_(b1).wtmp.tar|host-entry6.wtmp
  About:
      Archive subpath: host-entry6.wtmp
      FileType      : UTMP/WTMP (TAR) (Unix accounting log (acct/lastlog/lastlogx/utmp/utmpx))
      FixedStructTyp: Utmp
      LogMessageType: fixedstruct entries (Unix acct/lastlog/lastlogx/utmp/utmpx)
      Thread stack  : 160768 (bytes)
      Processing Err : streamed block 0 was previously dropped for file "./logs/programs/utmp/host-entry6_1_(b1).wtmp.tar"
  Error: streamed block 0 was previously dropped for file "./logs/programs/utmp/host-entry6_1_(b1).wtmp.tar"

File: ./logs/programs/utmp/host-entry6_1_(b1).wtmp.tar|host-entry1.wtmp
  About:
      Archive subpath: host-entry1.wtmp
      FileType      : UTMP/WTMP (TAR) (Unix accounting log (acct/lastlog/lastlogx/utmp/utmpx))
      FixedStructTyp: Utmp
      LogMessageType: fixedstruct entries (Unix acct/lastlog/lastlogx/utmp/utmpx)
      Thread stack  : 160768 (bytes)
      Processing Err : streamed block 0 was previously dropped for file "./logs/programs/utmp/host-entry6_1_(b1).wtmp.tar"
  Error: streamed block 0 was previously dropped for file "./logs/programs/utmp/host-entry6_1_(b1).wtmp.tar"

Program summary:

Paths considered       : 2
Paths not processed    : 0
Files processed        : 2
Files printed          : 0
Printed bytes          : 0
Printed flushes        : 0
Printed Lines          : 0
Printed Syslines       : 0
Printed ASL events     : 0
Printed ETL events     : 0
Printed EVTX events    : 0
Printed FixedStruct    : 0
Printed Journal events : 0
Printed ODL events     : 0
Line Maximum                   : 393209
Line longest                   : 0
Sysline longest                : 0
EVTX event largest processed   : 0
EVTX event largest accepted    : 0
Journal event largest processed: 0
Journal event largest accepted : 0
Managed files max deflt: 980
Managed files max adjus: 200
Managed handles high   : 4
Managed request open   : 4
Managed request read   : 0
Managed write calls    : 0
Managed seek calls     : 8
Managed metadata calls : 2
Managed open errors    : 0
Managed evict fails    : 0
Regex patterns known   : 188
Regex patterns compiled: 188
Datetime filter -a     : 1999-03-03 00:00:00 +00:00 (1999-03-03 00:00:00.000000 +00:00)
Datetime printed first :
Datetime printed last  :
Datetime filter -b     : 2026-01-02 00:00:00 +00:00 (2026-01-02 00:00:00.000000 +00:00)
Channel receive ok     : 4
Channel receive err    : 0
Threads spawned        : 2
Thread spawn errors    : 0
Temporary files created: 0
Platform               : x86_64-unknown-linux-gnu
Allocator              : system
