
Files:

File: ./logs/programs/utmp/host-entry6.wtmp
  About:
      filetype       : UTMP/WTMP (Unix accounting log (acct/lastlog/lastlogx/utmp/utmpx))
      fixedstructtype: Utmp
      logmessagetype : fixedstruct entries (Unix acct/lastlog/lastlogx/utmp/utmpx)
      fixedstructtype: Fs_Linux_x86_Utmpx
  Printed:
      bytes         : 1517
      flushes       : 6
      entries       : 6
  Processed:
      file size     : 2304 (0x900) (bytes)
      bytes         : 2304 (0x900)
      bytes total   : 2304 (0x900)
      block size    : 256 (0x100)
      blocks        : 9
      blocks total  : 9 (2304 bytes)
      entries       : 6
      entry size    : 384 (bytes)
      entry hi-score: 135
      first entry   : @0
      entry high    : 5
      peak map size : 6
      out of order? : 0
      datetime first     : 2023-02-24 16:40:27 +08:00 (2023-02-24 08:40:27.123636 +00:00)
      datetime last      : 2023-02-24 16:52:26 +08:00 (2023-02-24 08:52:26.987104 +00:00)
  Processing Stores:
      storage: FixedStructReader::find_entry()                     : hit  5, miss  1, 83.3%
  Processing Drops:

Program Summary:

Paths considered       : 1
Paths not processed    : 0
Files processed        : 1
Files printed          : 1
Printed bytes          : 1541
Printed flushes        : 12
Printed lines          : 0
Printed syslines       : 0
Printed ASL events     : 0
Printed ETL events     : 0
Printed EVTX events    : 0
Printed fixedstruct    : 6
Printed journal events : 0
Printed ODL events     : 0
Regex patterns known   : 175
Regex patterns compiled: 0
Datetime filter -a     : 1999-03-03 00:00:00 +00:00 (1999-03-03 00:00:00.000000 +00:00)
Datetime printed first : 2023-02-24 16:40:27 +08:00 (2023-02-24 08:40:27.123636 +00:00)
Datetime printed last  : 2023-02-24 16:52:26 +08:00 (2023-02-24 08:52:26.987104 +00:00)
Datetime filter -b     : 2026-01-02 00:00:00 +00:00 (2026-01-02 00:00:00.000000 +00:00)
Channel Receive ok     : 8
Channel Receive err    : 0
Threads Spawned        : 1
Thread Spawn errors    : 0
Temporary files created: 0
Platform               : x86_64-unknown-linux-gnu
Allocator              : system
