AudMig: Initializing upgrade diagnostics for first run
AudMig: Upgrade defaults unavailable for copy, already copied, or not an upgrade. (0x80070002)
AudMig: No previous os data available, no work to do, migration diagnostics complete.
[02/21/2023 07:07.05.259] WudfCoInstaller: ReadWdfSection: Checking WdfSection [Basic_Install.Wdf]

[02/21/2023 07:07.05.262] WudfCoInstaller: Configuring UMDF Service WpdFs.

[02/21/2023 07:07.05.263] WudfCoInstaller: ImpersonationLevel set to 2

[02/21/2023 07:07.05.264] WudfCoInstaller: Final status: error(0) The operation completed successfully.


[02/21/2023 07:07.05.324] WudfCoInstaller: Created marker file C:\Windows\system32\drivers\Msft_User_WpdFs_01_11_00.Wdf.

[02/21/2023 07:07.05.631] WudfCoInstaller: ReadWdfSection: Checking WdfSection [Basic_Install.Wdf]

[02/21/2023 07:07.05.632] WudfCoInstaller: UMDF Service WpdFs is already installed - removing existing settings in preparation for setting new ones.

[02/21/2023 07:07.05.633] WudfCoInstaller: Configuring UMDF Service WpdFs.

[02/21/2023 07:07.05.634] WudfCoInstaller: ImpersonationLevel set to 2

[02/21/2023 07:07.05.635] WudfCoInstaller: Final status: error(0) The operation completed successfully.


[02/21/2023 07:07.05.650] WudfCoInstaller: Created marker file C:\Windows\system32\drivers\Msft_User_WpdFs_01_11_00.Wdf.

AudMig: Device Ids perfect match - {2}.\\?\hdaudio#func_01&ven_1002&dev_aa01&subsys_00aa0100&rev_1008#5&28984c5&0&0001#{6994ad04-93ef-11d0-a3cc-00a0c9223196}\ehdmiouttopo/00010001 {2}.\\?\hdaudio#func_01&ven_1002&dev_aa01&subsys_00aa0100&rev_1008#5&28984c5&0&0001#{6994ad04-93ef-11d0-a3cc-00a0c9223196}\ehdmiouttopo/00010001
AudMig: Migrated {a45c254e-df1c-4efd-8020-67d146a850e0},2 property at 1
AudMig: Migrated {9637b4b9-11ee-4c35-b43c-7b2452c993cc},1 property at 11
AudMig: Migrated {259abffc-50a7-47ce-af08-68c9a7d73366},12 property at 16
AudMig: Migrating role and device state from SOFTWARE\Microsoft\Windows\CurrentVersion\MMDevices\Audio\Render\{1C009645-1DD1-4672-8DA0-D6CD046A3F9A} to SOFTWARE\Microsoft\Windows\CurrentVersion\MMDevices\Audio\Render\{16443B5F-EA20-4C4B-92D4-602675337957}
AudMig: Device Ids perfect match - {2}.\\?\hdaudio#func_01&ven_10de&dev_009e&subsys_1458405b&rev_1001#5&1aecca16&0&0001#{6994ad04-93ef-11d0-a3cc-00a0c9223196}\topo03/00010001 {2}.\\?\hdaudio#func_01&ven_10de&dev_009e&subsys_1458405b&rev_1001#5&1aecca16&0&0001#{6994ad04-93ef-11d0-a3cc-00a0c9223196}\topo03/00010001
AudMig: Migrated {a45c254e-df1c-4efd-8020-67d146a850e0},2 property at 1
AudMig: Migrated {9637b4b9-11ee-4c35-b43c-7b2452c993cc},1 property at 11
AudMig: Migrated {259abffc-50a7-47ce-af08-68c9a7d73366},12 property at 15
AudMig: Migrating role and device state from SOFTWARE\Microsoft\Windows\CurrentVersion\MMDevices\Audio\Render\{3ABFBCC5-C9C8-469A-8207-2150CA0F223F} to SOFTWARE\Microsoft\Windows\CurrentVersion\MMDevices\Audio\Render\{49B0D51E-5A45-420E-B55E-FCCB7759985C}
AudMig: Device Ids perfect match - {2}.\\?\hdaudio#func_01&ven_1002&dev_aa01&subsys_00aa0100&rev_1008#5&28984c5&0&0001#{6994ad04-93ef-11d0-a3cc-00a0c9223196}\ehdmiout2topo/00010001 {2}.\\?\hdaudio#func_01&ven_1002&dev_aa01&subsys_00aa0100&rev_1008#5&28984c5&0&0001#{6994ad04-93ef-11d0-a3cc-00a0c9223196}\ehdmiout2topo/00010001
AudMig: Migrated {a45c254e-df1c-4efd-8020-67d146a850e0},2 property at 1
AudMig: Migrated {9637b4b9-11ee-4c35-b43c-7b2452c993cc},1 property at 11
AudMig: Migrated {259abffc-50a7-47ce-af08-68c9a7d73366},12 property at 16

AudMig: Migrated {a45c254e-df1c-4efd-8020-67d146a850e0},2 property at 1
AudMig: Migrated {9637b4b9-11ee-4c35-b43c-7b2452c993cc},1 property at 11

AudMig: Device Ids perfect match - {2}.\\?\hdaudio#func_01&ven_10ec&dev_0897&subsys_10438814&rev_1005#5&fb3c456&0&0001#{6994ad04-93ef-11d0-a3cc-00a0c9223196}\emicintopo/00010001 {2}.\\?\hdaudio#func_01&ven_10ec&dev_0897&subsys_10438814&rev_1005#5&fb3c456&0&0001#{6994ad04-93ef-11d0-a3cc-00a0c9223196}\emicintopo/00010001
AudMig: Migrated {a45c254e-df1c-4efd-8020-67d146a850e0},2 property at 1
AudMig: Migrated {9637b4b9-11ee-4c35-b43c-7b2452c993cc},1 property at 11
AudMig: Migrated {259abffc-50a7-47ce-af08-68c9a7d73366},12 property at 16

AudMig: Migrating role and device state from SOFTWARE\Microsoft\Windows\CurrentVersion\MMDevices\Audio\Capture\{958665EC-83A3-4C91-A508-AADAAC6A7BE7} to SOFTWARE\Microsoft\Windows\CurrentVersion\MMDevices\Audio\Capture\{E0113C68-0694-4F57-A4A6-617C2BB2B55D}
AudMig: Device Ids perfect match - {2}.\\?\hdaudio#func_01&ven_10de&dev_009e&subsys_1458405b&rev_1001#5&1aecca16&0&0001#{6994ad04-93ef-11d0-a3cc-00a0c9223196}\topo00/00010000 {2}.\\?\hdaudio#func_01&ven_10de&dev_009e&subsys_1458405b&rev_1001#5&1aecca16&0&0001#{6994ad04-93ef-11d0-a3cc-00a0c9223196}\topo00/00010000
AudMig: Migrated {a45c254e-df1c-4efd-8020-67d146a850e0},2 property at 1
AudMig: Migrated {9637b4b9-11ee-4c35-b43c-7b2452c993cc},1 property at 11
AudMig: Migrated {259abffc-50a7-47ce-af08-68c9a7d73366},12 property at 15
AudMig: Migrating role and device state from SOFTWARE\Microsoft\Windows\CurrentVersion\MMDevices\Audio\Capture\{F1F4642D-7D85-46C6-8B66-72DFA7B1B316} to SOFTWARE\Microsoft\Windows\CurrentVersion\MMDevices\Audio\Capture\{0C14E09E-2BF0-4667-893C-CE565D241546}
[02/21/2023 07:23.53.212] WudfCoInstaller: ReadWdfSection: Checking WdfSection [Basic_Install.Wdf]

[02/21/2023 07:23.53.213] WudfCoInstaller: UMDF Service WpdFs is already installed - removing existing settings in preparation for setting new ones.

[02/21/2023 07:23.53.214] WudfCoInstaller: Configuring UMDF Service WpdFs.

AudMig: Device Ids perfect match - {2}.\\?\bthhfenum#bthhfpaudio#b&f385328&0&97#{6994ad04-93ef-11d0-a3cc-00a0c9223196}\wave/00010001 {2}.\\?\bthhfenum#bthhfpaudio#b&f385328&0&97#{6994ad04-93ef-11d0-a3cc-00a0c9223196}\wave/00010001
AudMig: Migrated {a45c254e-df1c-4efd-8020-67d146a850e0},2 property at 1
AudMig: Migrated {9637b4b9-11ee-4c35-b43c-7b2452c993cc},1 property at 11
AudMig: Migrated {259abffc-50a7-47ce-af08-68c9a7d73366},12 property at 17

AudMig: Device Ids perfect match - {2}.\\?\hdaudio#func_01&ven_10de&dev_009e&subsys_1458405b&rev_1001#5&1aecca16&0&0001#{6994ad04-93ef-11d0-a3cc-00a0c9223196}\topo01/00010001 {2}.\\?\hdaudio#func_01&ven_10de&dev_009e&subsys_1458405b&rev_1001#5&1aecca16&0&0001#{6994ad04-93ef-11d0-a3cc-00a0c9223196}\topo01/00010001
