
Files:

File: ./logs/Debian9/samba/log.nmbd
  About:
      filetype       : TEXT UTF8/ASCII
      logmessagetype : syslog lines
  Printed:
      bytes         : 406
      flushes       : 1
      lines         : 3
      syslines      : 1
  Processed:
      file size     : 226 (0xE2) (bytes)
      bytes         : 226 (0xE2)
      bytes total   : 226 (0xE2)
      block size    : 256 (0x100)
      blocks        : 1
      blocks total  : 1 (256 bytes)
      lines         : 3
      syslines      : 1
      syslines high : 1
  Parsers:
  Processing Stores:
      storage: LineReader::find_line() lines                       : hit   0, miss   5,  0.0%
      caching: LineReader::find_line() LRU cache                   : hit   1, miss   4, 20.0%, put   3
      copying: SyslineReader::get_boxptrs()                        : sgl 350, dbl    0, mult   0
      storage: SyslineReader::find_sysline() syslines              : hit   0, miss   1,  0.0%
      caching: SyslineReader::find_sysline() syslines_by_range_map : hit   0, miss   1,  0.0%, put   1
      caching: SyslineReader::find_sysline() LRU cache             : hit   1, miss   1, 50.0%, put   1
      caching: SyslineReader::parse_datetime_in_line() LRU cache   : hit   0, miss   3,  0.0%, put   0
      optimize:SyslineReader::ezcheck12                            : hit   0, miss   0,  0.0%, largest skipped 0
      optimize:SyslineReader::ezcheckd2                            : hit  14, miss  10, 58.3%, largest skipped 63
      optimize:SyslineReader::ezcheck12d2                          : hit  10, miss 316,  3.1%, largest skipped 29
      process: regex captures attempted                            : 326
  Processing Drops:

Program Summary:

Paths considered       : 1
Paths not processed    : 0
Files processed        : 1
Files printed          : 1
Printed bytes          : 410
Printed flushes        : 2
Printed lines          : 3
Printed syslines       : 1
Printed evtx events    : 0
Printed fixedstruct    : 0
Printed journal events : 0
Regex patterns known   : 172
Regex patterns compiled: 165
Datetime filter -a     : 1999-03-03 00:00:00 +00:00 (1999-03-03 00:00:00 +00:00)
Datetime filter -b     : 2023-04-10 22:10:32 +00:00 (2023-04-10 22:10:32 +00:00)
Channel Receive ok     : 3
Channel Receive err    : 0
Threads Spawned        : 1
Thread Spawn errors    : 0
Platform               : x86_64-unknown-linux-gnu
Allocator              : Jemalloc
