
Files:

File: ./logs/Debian9/samba/log.192.168.0.1
  About:
      filetype      : TEXT UTF8/ASCII (text log)
      logmessagetype: text log lines
  Printed:
      bytes         : 292
      flushes       : 1
      lines         : 2
      syslines      : 1
      datetime first: 2019-04-21 20:43:58 +08:00 (2019-04-21 12:43:58.816000 +00:00)
      datetime last : 2019-04-21 20:43:58 +08:00 (2019-04-21 12:43:58.816000 +00:00)
  Processed:
      file size     : 158 (0x9E) (bytes)
      bytes         : 158 (0x9E)
      bytes total   : 158 (0x9E)
      block size    : 256 (0x100)
      blocks        : 1
      blocks total  : 1 (256 bytes)
      lines         : 2
      line parts    : 2
      syslines      : 1
      syslines high : 1
      datetime first: 2019-04-21 20:43:58 +08:00 (2019-04-21 12:43:58.816000 +00:00)
      datetime last : 2019-04-21 20:43:58 +08:00 (2019-04-21 12:43:58.816000 +00:00)
      out of order  : 0
  Parsers:
  Processing Stores:
      storage: LineReader::find_line() lines                       : hit   0, miss   3,  0.0%
      caching: LineReader::find_line() LRU cache                   : hit   1, miss   2, 33.3%, put   2
      copying: SyslineReader::get_boxptrs()                        : sgl 193, dbl    0, mult   0
      storage: SyslineReader::find_sysline() syslines              : hit   0, miss   1,  0.0%
      caching: SyslineReader::find_sysline() syslines_by_range_map : hit   0, miss   1,  0.0%, put   1
      caching: SyslineReader::find_sysline() LRU cache             : hit   1, miss   1, 50.0%, put   1
      caching: SyslineReader::parse_datetime_in_line() LRU cache   : hit   0, miss   2,  0.0%, put   0
      optimize:SyslineReader::ezcheck12                            : hit   0, miss   0,  0.0%, largest skipped 0
      optimize:SyslineReader::ezcheckd2                            : hit  20, miss   0, 100.0%, largest skipped 70
      optimize:SyslineReader::ezcheck12d2                          : hit 168, miss   5, 97.1%, largest skipped 70
      process: regex captures                                      : hit   1, miss   4
  Processing Drops:

Program Summary:

Paths considered       : 1
Paths not processed    : 0
Files processed        : 1
Files printed          : 1
Printed bytes          : 296
Printed flushes        : 2
Printed lines          : 2
Printed syslines       : 1
Printed ASL events     : 0
Printed ETL events     : 0
Printed EVTX events    : 0
Printed fixedstruct    : 0
Printed journal events : 0
Printed ODL events     : 0
Managed files max def. : 200
Managed files max adj. : 200
Managed files high     : 1
Managed request open   : 1
Managed request read   : 0
Managed read calls     : 1
Managed write calls    : 0
Managed seek calls     : 1
Managed metadata calls : 1
Managed open errors    : 0
Managed evict fails    : 0
Regex patterns known   : 188
Regex patterns compiled: 188
Datetime filter -a     : 1999-03-03 00:00:00 +00:00 (1999-03-03 00:00:00.000000 +00:00)
Datetime printed first : 2019-04-21 20:43:58 +08:00 (2019-04-21 12:43:58.816000 +00:00)
Datetime printed last  : 2019-04-21 20:43:58 +08:00 (2019-04-21 12:43:58.816000 +00:00)
Datetime filter -b     : 2026-01-02 00:00:00 +00:00 (2026-01-02 00:00:00.000000 +00:00)
Channel Receive ok     : 3
Channel Receive err    : 0
Threads Spawned        : 1
Thread Spawn errors    : 0
Temporary files created: 0
Platform               : x86_64-unknown-linux-gnu
Allocator              : system
