
Files:

File: ./logs/Debian9/samba/log.nmbd.1
  About:
      FileType      : TEXT UTF8/ASCII (text log)
      LogMessageType: text log lines
      Thread stack  : 100352 (bytes)
  Printed:
      bytes         : 2814
      flushes       : 6
      Lines         : 18
      Syslines      : 6
      Datetime first: 2020-03-02 04:48:05 +08:00 (2020-03-01 20:48:05.426000 +00:00)
      Datetime last : 2020-03-02 05:13:26 +08:00 (2020-03-01 21:13:26.426000 +00:00)
  Processed:
      file size     : 1783 (0x6F7) (bytes)
      bytes         : 1783 (0x6F7)
      bytes total   : 1783 (0x6F7)
      Block size    : 256 (0x100)
      Blocks        : 7
      Blocks total  : 7 (1792 bytes)
      Lines         : 19
      Line longest  : 109 (bytes)
      Line parts    : 26
      Syslines      : 6
      Sysline longest: 283 (bytes)
      Syslines high : 5
      Datetime first: 2020-03-02 04:48:05 +08:00 (2020-03-01 20:48:05.426000 +00:00)
      Datetime last : 2020-03-02 05:13:26 +08:00 (2020-03-01 21:13:26.426000 +00:00)
      out of order  : 0
  Parsers:
  Processing stores:
      storage: LineReader::find_line() lines                       : hit   0, miss  39,  0.0%
      caching: LineReader::find_line() LRU cache                   : hit   9, miss  20, 31.0%, put  19
      copying: SyslineReader::get_boxptrs()                        : sgl 209, dbl    3, mult   0
      storage: SyslineReader::find_sysline() syslines              : hit   0, miss   7,  0.0%
      caching: SyslineReader::find_sysline() syslines_by_range_map : hit   0, miss   2,  0.0%, put   1
      caching: SyslineReader::find_sysline() LRU cache             : hit   0, miss   7,  0.0%, put   6
      caching: SyslineReader::parse_datetime_in_line() LRU cache   : hit   6, miss  21, 22.2%, put   0
      optimize:SyslineReader::ezcheck12                            : hit   0, miss   0,  0.0%, largest skipped 0
      optimize:SyslineReader::ezcheckd2                            : hit   7, miss  13, 35.0%, largest skipped 28
      optimize:SyslineReader::ezcheck12d2                          : hit   2, miss 190,  1.0%, largest skipped 24
      process: regex captures                                      : hit   6, miss 197
  Processing Drops:

Program summary:

Paths considered       : 1
Paths not processed    : 0
Files processed        : 1
Files printed          : 1
Printed bytes          : 2838
Printed flushes        : 12
Printed Lines          : 18
Printed Syslines       : 6
Printed ASL events     : 0
Printed ETL events     : 0
Printed EVTX events    : 0
Printed FixedStruct    : 0
Printed Journal events : 0
Printed ODL events     : 0
Line Maximum                   : 393209
Line longest                   : 109
Sysline longest                : 283
EVTX event largest processed   : 0
EVTX event largest accepted    : 0
Journal event largest processed: 0
Journal event largest accepted : 0
Managed files max deflt: 980
Managed files max adjus: 200
Managed request open   : 1
Managed request read   : 0
Managed write calls    : 0
Managed seek calls     : 7
Managed metadata calls : 1
Managed open errors    : 0
Managed evict fails    : 0
Regex patterns known   : 188
Regex patterns compiled: 188
Datetime filter -a     : 1999-03-03 00:00:00 +00:00 (1999-03-03 00:00:00.000000 +00:00)
Datetime printed first : 2020-03-02 04:48:05 +08:00 (2020-03-01 20:48:05.426000 +00:00)
Datetime printed last  : 2020-03-02 05:13:26 +08:00 (2020-03-01 21:13:26.426000 +00:00)
Datetime filter -b     : 2026-01-02 00:00:00 +00:00 (2026-01-02 00:00:00.000000 +00:00)
Channel receive ok     : 8
Channel receive err    : 0
Threads spawned        : 1
Thread spawn errors    : 0
Temporary files created: 0
Platform               : x86_64-unknown-linux-gnu
Allocator              : system
