time="2022-10-09T21:31:43Z" level=debug msg="START: [/usr/bin/dockerlaunch /usr/bin/dockerd --log-opt max-file=2 --log-opt max-size=25m --host unix:///var/run/docker.sock --group docker] in /"
time="2022-10-09T21:31:43Z" level=debug msg="Launch config dfs.Config{Fork:false, PidOne:false, CommandName:"", DNSConfig:netconf.DNSConfig{Nameservers:[]string(nil), Search:[]string(nil)}, BridgeName:"", BridgeAddress:"", BridgeMtu:0, CgroupHierarchy:map[string]string(nil), LogFile:"", NoLog:false, NoFiles:0x0, Environment:[]string(nil), GraphDirectory:"", DaemonConfig:""}"
time="2022-10-09T21:31:43Z" level=debug msg="Mounting devtmpfs /dev devtmpfs "
time="2022-10-09T21:31:43Z" level=debug msg="Mounting none /dev/pts devpts "
time="2022-10-09T21:31:43Z" level=debug msg="Mounting shm /dev/shm tmpfs rw,nosuid,nodev,noexec,relatime,size=65536k"
time="2022-10-09T21:31:43Z" level=debug msg="Mounting mqueue /dev/mqueue mqueue rw,nosuid,nodev,noexec,relatime"
time="2022-10-09T21:31:43Z" level=debug msg="Mounting none /proc proc "
time="2022-10-09T21:31:43Z" level=debug msg="Mounting none /run tmpfs "
time="2022-10-09T21:31:43Z" level=debug msg="Mounting none /sys sysfs "
time="2022-10-09T21:31:43Z" level=debug msg="Mounting none /sys/fs/cgroup tmpfs "
time="2022-10-09T21:31:43Z" level=debug msg="Mounting none /sys/fs/selinux selinuxfs ro"
time="2022-10-09T21:31:43Z" level=debug msg="/proc/cgroups: #subsys_name        hierarchy       num_cgroups     enabled"
time="2022-10-09T21:31:43Z" level=debug msg="/proc/cgroups: cpuset      1       11      1"
time="2022-10-09T21:31:43Z" level=debug msg="/proc/cgroups: cpu 5       11      1"
time="2022-10-09T21:31:43Z" level=debug msg="/proc/cgroups: cpuacct     5       11      1"
time="2022-10-09T21:31:43Z" level=debug msg="/proc/cgroups: blkio       6       11      1"
time="2022-10-09T21:31:43Z" level=debug msg="/proc/cgroups: memory      7       16      1"
time="2022-10-09T21:31:43Z" level=debug msg="/proc/cgroups: devices     2       11      1"
time="2022-10-09T21:31:43Z" level=debug msg="/proc/cgroups: freezer     8       11      1"
time="2022-10-09T21:31:43Z" level=debug msg="/proc/cgroups: net_cls     3       11      1"
time="2022-10-09T21:31:43Z" level=debug msg="/proc/cgroups: perf_event  9       11      1"
time="2022-10-09T21:31:43Z" level=debug msg="/proc/cgroups: net_prio    3       11      1"
time="2022-10-09T21:31:43Z" level=debug msg="/proc/cgroups: hugetlb     4       11      1"
time="2022-10-09T21:31:43Z" level=debug msg="/proc/cgroups: pids        10      11      1"
time="2022-10-09T21:31:43Z" level=debug msg="Mounting none /sys/fs/cgroup/cpuset cgroup cpuset"
time="2022-10-09T21:31:43Z" level=debug msg="Mounting none /sys/fs/cgroup/cpu,cpuacct cgroup cpu,cpuacct"
time="2022-10-09T21:31:43Z" level=debug msg="Mounting none /sys/fs/cgroup/memory cgroup memory"
time="2022-10-09T21:31:43Z" level=debug msg="Mounting none /sys/fs/cgroup/freezer cgroup freezer"
time="2022-10-09T21:31:43Z" level=debug msg="Mounting none /sys/fs/cgroup/perf_event cgroup perf_event"
time="2022-10-09T21:31:43Z" level=debug msg="Mounting none /sys/fs/cgroup/hugetlb cgroup hugetlb"
time="2022-10-09T21:31:43Z" level=debug msg="Mounting none /sys/fs/cgroup/blkio cgroup blkio"
time="2022-10-09T21:31:43Z" level=debug msg="Mounting none /sys/fs/cgroup/devices cgroup devices"
time="2022-10-09T21:31:43Z" level=debug msg="Mounting none /sys/fs/cgroup/net_cls,net_prio cgroup net_cls,net_prio"
time="2022-10-09T21:31:43Z" level=debug msg="Mounting none /sys/fs/cgroup/pids cgroup pids"
time="2022-10-09T21:31:43Z" level=debug msg="Done mouting cgroupfs"
time="2022-10-09T21:31:43Z" level=debug msg="Creating /root/.ssh"
time="2022-10-09T21:31:43Z" level=debug msg="Not copying /usr/etc/ssl/certs/ca-certificates.crt, does not exists"
time="2022-10-09T21:31:43Z" level=debug msg="Not copying /usr/etc/passwd, does not exists"
time="2022-10-09T21:31:43Z" level=debug msg="Not copying /usr/etc/group, does not exists"
time="2022-10-09T21:31:43Z" level=debug msg="Copying folder /etc/docker"
time="2022-10-09T21:31:43Z" level=debug msg="Copying folder /etc/selinux"
time="2022-10-09T21:31:43Z" level=debug msg="Copying folder /etc/selinux/ros"
time="2022-10-09T21:31:43Z" level=debug msg="Copying folder /etc/selinux/ros/policy"
time="2022-10-09T21:31:43Z" level=debug msg="Copying folder /etc/selinux/ros/contexts"
time="2022-10-09T21:31:43Z" level=debug msg="Launching Docker /usr/bin/dockerd dockerd [--log-opt max-file=2 --log-opt max-size=25m --host unix:///var/run/docker.sock --group docker]"