
Files:

File: ./logs/Debian11/apache2/access.log
  About:
      FileType      : TEXT UTF8/ASCII (text log)
      LogMessageType: text log lines
      Thread stack  : 100352 (bytes)
  Printed:
      bytes         : 1059
      flushes       : 5
      Lines         : 5
      Syslines      : 5
      Datetime first: 2022-10-11 00:10:26 +00:00 (2022-10-11 00:10:26.000000 +00:00)
      Datetime last : 2022-10-11 00:10:56 +00:00 (2022-10-11 00:10:56.000000 +00:00)
  Processed:
      file size     : 734 (0x2DE) (bytes)
      bytes         : 734 (0x2DE)
      bytes total   : 734 (0x2DE)
      Block size    : 256 (0x100)
      Blocks        : 3
      Blocks total  : 3 (768 bytes)
      Lines         : 5
      Line longest  : 162 (bytes)
      Line parts    : 8
      Syslines      : 5
      Sysline longest: 162 (bytes)
      Syslines high : 5
      Datetime first: 2022-10-11 00:10:26 +00:00 (2022-10-11 00:10:26.000000 +00:00)
      Datetime last : 2022-10-11 00:10:56 +00:00 (2022-10-11 00:10:56.000000 +00:00)
      out of order  : 0
  Parsers:
  Processing stores:
      storage: LineReader::find_line() lines                       : hit  0, miss 11,  0.0%
      caching: LineReader::find_line() LRU cache                   : hit  6, miss  6, 50.0%, put  5
      copying: SyslineReader::get_boxptrs()                        : sgl 48, dbl   2, mult  0
      storage: SyslineReader::find_sysline() syslines              : hit  0, miss  6,  0.0%
      caching: SyslineReader::find_sysline() syslines_by_range_map : hit  0, miss  2,  0.0%, put  1
      caching: SyslineReader::find_sysline() LRU cache             : hit  0, miss  6,  0.0%, put  5
      caching: SyslineReader::parse_datetime_in_line() LRU cache   : hit  5, miss  5, 50.0%, put  0
      optimize:SyslineReader::ezcheck12                            : hit  0, miss  0,  0.0%, largest skipped 0
      optimize:SyslineReader::ezcheckd2                            : hit  0, miss  4,  0.0%, largest skipped 0
      optimize:SyslineReader::ezcheck12d2                          : hit  0, miss 46,  0.0%, largest skipped 0
      process: regex captures                                      : hit  5, miss 45
  Processing Drops:

Program summary:

Paths considered       : 1
Paths not processed    : 0
Files processed        : 1
Files printed          : 1
Printed bytes          : 1080
Printed flushes        : 11
Printed Lines          : 5
Printed Syslines       : 5
Printed ASL events     : 0
Printed ETL events     : 0
Printed EVTX events    : 0
Printed FixedStruct    : 0
Printed Journal events : 0
Printed ODL events     : 0
Line Maximum                   : 393209
Line longest                   : 162
Sysline longest                : 162
EVTX event largest processed   : 0
EVTX event largest accepted    : 0
Journal event largest processed: 0
Journal event largest accepted : 0
Managed files max deflt: 980
Managed files max adjus: 200
Managed request open   : 1
Managed request read   : 0
Managed write calls    : 0
Managed seek calls     : 3
Managed metadata calls : 1
Managed open errors    : 0
Managed evict fails    : 0
Regex patterns known   : 188
Regex patterns compiled: 188
Datetime filter -a     : 1999-03-03 00:00:00 +00:00 (1999-03-03 00:00:00.000000 +00:00)
Datetime printed first : 2022-10-11 00:10:26 +00:00 (2022-10-11 00:10:26.000000 +00:00)
Datetime printed last  : 2022-10-11 00:10:56 +00:00 (2022-10-11 00:10:56.000000 +00:00)
Datetime filter -b     : 2026-01-02 00:00:00 +00:00 (2026-01-02 00:00:00.000000 +00:00)
Channel receive ok     : 7
Channel receive err    : 0
Threads spawned        : 1
Thread spawn errors    : 0
Temporary files created: 0
Platform               : x86_64-unknown-linux-gnu
Allocator              : system
