
Files:

File: ./logs/Debian11/apache2/error.log
  About:
      filetype      : TEXT UTF8/ASCII (text log)
      logmessagetype: text log lines
      thread stack  : 2150400 (bytes)
  Printed:
      bytes         : 1013
      flushes       : 5
      lines         : 5
      syslines      : 5
      datetime first: 2022-10-10 23:56:29 +08:00 (2022-10-10 15:56:29.204202 +00:00)
      datetime last : 2022-10-11 00:02:36 +08:00 (2022-10-10 16:02:36.467654 +00:00)
  Processed:
      file size     : 693 (0x2B5) (bytes)
      bytes         : 693 (0x2B5)
      bytes total   : 693 (0x2B5)
      block size    : 256 (0x100)
      blocks        : 3
      blocks total  : 3 (768 bytes)
      lines         : 5
      line longest  : 158 (bytes)
      line parts    : 8
      syslines      : 5
      sysline longest: 158 (bytes)
      syslines high : 5
      datetime first: 2022-10-10 23:56:29 +08:00 (2022-10-10 15:56:29.204202 +00:00)
      datetime last : 2022-10-11 00:02:36 +08:00 (2022-10-10 16:02:36.467654 +00:00)
      out of order  : 0
  Parsers:
  Processing Stores:
      storage: LineReader::find_line() lines                       : hit  0, miss 11,  0.0%
      caching: LineReader::find_line() LRU cache                   : hit  6, miss  6, 50.0%, put  5
      copying: SyslineReader::get_boxptrs()                        : sgl 58, dbl   2, mult  0
      storage: SyslineReader::find_sysline() syslines              : hit  0, miss  6,  0.0%
      caching: SyslineReader::find_sysline() syslines_by_range_map : hit  0, miss  2,  0.0%, put  1
      caching: SyslineReader::find_sysline() LRU cache             : hit  0, miss  6,  0.0%, put  5
      caching: SyslineReader::parse_datetime_in_line() LRU cache   : hit  5, miss  5, 50.0%, put  0
      optimize:SyslineReader::ezcheck12                            : hit  0, miss  0,  0.0%, largest skipped 0
      optimize:SyslineReader::ezcheckd2                            : hit  0, miss  4,  0.0%, largest skipped 0
      optimize:SyslineReader::ezcheck12d2                          : hit  0, miss 56,  0.0%, largest skipped 0
      process: regex captures                                      : hit  5, miss 55
  Processing Drops:

Program Summary:

Paths considered       : 1
Paths not processed    : 0
Files processed        : 1
Files printed          : 1
Printed bytes          : 1034
Printed flushes        : 11
Printed lines          : 5
Printed syslines       : 5
Longest Line           : 158
Longest Sysline        : 158
Printed ASL events     : 0
Printed ETL events     : 0
Printed EVTX events    : 0
Printed fixedstruct    : 0
Printed journal events : 0
Printed ODL events     : 0
Managed files max deflt: 980
Managed files max adjus: 200
Managed request open   : 1
Managed request read   : 0
Managed read calls     : 3
Managed write calls    : 0
Managed seek calls     : 3
Managed metadata calls : 1
Managed open errors    : 0
Managed evict fails    : 0
Regex patterns known   : 188
Regex patterns compiled: 188
Datetime filter -a     : 1999-03-03 00:00:00 +00:00 (1999-03-03 00:00:00.000000 +00:00)
Datetime printed first : 2022-10-10 23:56:29 +08:00 (2022-10-10 15:56:29.204202 +00:00)
Datetime printed last  : 2022-10-11 00:02:36 +08:00 (2022-10-10 16:02:36.467654 +00:00)
Datetime filter -b     : 2026-01-02 00:00:00 +00:00 (2026-01-02 00:00:00.000000 +00:00)
Channel Receive ok     : 7
Channel Receive err    : 0
Threads Spawned        : 1
Thread Spawn errors    : 0
Temporary files created: 0
Platform               : x86_64-unknown-linux-gnu
Allocator              : system
