
Files:

File: ./logs/synology-DS6/surveillance/ssnotification.log
  About:
      FileType      : TEXT UTF8/ASCII (text log)
      LogMessageType: text log lines
      Thread stack  : 100352 (bytes)
  Printed:
      bytes         : 3653
      flushes       : 19
      Lines         : 19
      Syslines      : 19
      Datetime first: 2022-12-15 21:30:29 +08:00 (2022-12-15 13:30:29.000000 +00:00)
      Datetime last : 2022-12-15 21:34:12 +08:00 (2022-12-15 13:34:12.000000 +00:00)
  Processed:
      file size     : 2095 (0x82F) (bytes)
      bytes         : 2095 (0x82F)
      bytes total   : 2095 (0x82F)
      Block size    : 256 (0x100)
      Blocks        : 9
      Blocks total  : 9 (2304 bytes)
      Lines         : 19
      Line longest  : 132 (bytes)
      Line parts    : 27
      Syslines      : 20
      Sysline longest: 132 (bytes)
      Syslines high : 19
      Datetime first: 2022-12-15 21:30:29 +08:00 (2022-12-15 13:30:29.000000 +00:00)
      Datetime last : 2022-12-15 21:34:12 +08:00 (2022-12-15 13:34:12.000000 +00:00)
      out of order  : 0
  Parsers:
                   datetime format missing year; estimated year of last sysline 2022
  Processing stores:
      storage: LineReader::find_line() lines                       : hit 18, miss 39, 31.6%
      caching: LineReader::find_line() LRU cache                   : hit  1, miss 39,  2.5%, put 39
      copying: SyslineReader::get_boxptrs()                        : sgl 53, dbl   0, mult  0
      storage: SyslineReader::find_sysline() syslines              : hit 18, miss 20, 47.4%
      caching: SyslineReader::find_sysline() syslines_by_range_map : hit  1, miss 20,  4.8%, put 20
      caching: SyslineReader::find_sysline() LRU cache             : hit  0, miss 39,  0.0%, put 39
      caching: SyslineReader::parse_datetime_in_line() LRU cache   : hit 18, miss 21, 46.2%, put  0
      optimize:SyslineReader::ezcheck12                            : hit  0, miss  0,  0.0%, largest skipped 0
      optimize:SyslineReader::ezcheckd2                            : hit  0, miss 24,  0.0%, largest skipped 0
      optimize:SyslineReader::ezcheck12d2                          : hit  0, miss 29,  0.0%, largest skipped 0
      process: regex captures                                      : hit 21, miss 32
  Processing Drops:

Program summary:

Paths considered       : 1
Paths not processed    : 0
Files processed        : 1
Files printed          : 1
Printed bytes          : 3729
Printed flushes        : 38
Printed Lines          : 19
Printed Syslines       : 19
Printed ASL events     : 0
Printed ETL events     : 0
Printed EVTX events    : 0
Printed FixedStruct    : 0
Printed Journal events : 0
Printed ODL events     : 0
Line Maximum                   : 393209
Line longest                   : 132
Sysline longest                : 132
EVTX event largest processed   : 0
EVTX event largest accepted    : 0
Journal event largest processed: 0
Journal event largest accepted : 0
Managed files max deflt: 980
Managed files max adjus: 200
Managed handles high   : 1
Managed request open   : 1
Managed request read   : 0
Managed write calls    : 0
Managed seek calls     : 9
Managed metadata calls : 1
Managed open errors    : 0
Managed evict fails    : 0
Regex patterns known   : 188
Regex patterns compiled: 188
Datetime filter -a     : 1999-03-03 00:00:00 +00:00 (1999-03-03 00:00:00.000000 +00:00)
Datetime printed first : 2022-12-15 21:30:29 +08:00 (2022-12-15 13:30:29.000000 +00:00)
Datetime printed last  : 2022-12-15 21:34:12 +08:00 (2022-12-15 13:34:12.000000 +00:00)
Datetime filter -b     : 2026-01-02 00:00:00 +00:00 (2026-01-02 00:00:00.000000 +00:00)
Channel receive ok     : 21
Channel receive err    : 0
Threads spawned        : 1
Thread spawn errors    : 0
Temporary files created: 0
Platform               : x86_64-unknown-linux-gnu
Allocator              : system
