
Files:

File: ./logs/synology-DS6/surveillance/surveillance.log
  About:
      filetype       : TEXT UTF8/ASCII
      logmessagetype : syslog lines
  Printed:
      bytes         : 3585
      flushes       : 19
      lines         : 19
      syslines      : 19
  Processed:
      file size     : 2065 (0x811) (bytes)
      bytes         : 2065 (0x811)
      bytes total   : 2065 (0x811)
      block size    : 256 (0x100)
      blocks        : 9
      blocks total  : 9 (2304 bytes)
      lines         : 19
      syslines      : 20
      syslines high : 19
  Parsers:
                   datetime format missing year; estimated year of last sysline 2020
  Processing Stores:
      storage: LineReader::find_line() lines                       : hit 18, miss 39, 31.6%
      caching: LineReader::find_line() LRU cache                   : hit  1, miss 40,  2.4%, put 39
      copying: SyslineReader::get_boxptrs()                        : sgl 52, dbl   2, mult  0
      storage: SyslineReader::find_sysline() syslines              : hit  0, miss 20,  0.0%
      caching: SyslineReader::find_sysline() syslines_by_range_map : hit 19, miss 20, 48.7%, put 20
      caching: SyslineReader::find_sysline() LRU cache             : hit  0, miss 39,  0.0%, put 39
      caching: SyslineReader::parse_datetime_in_line() LRU cache   : hit 18, miss 21, 46.2%, put  0
      optimize:SyslineReader::ezcheck12                            : hit  0, miss  0,  0.0%, largest skipped 0
      optimize:SyslineReader::ezcheckd2                            : hit  0, miss 24,  0.0%, largest skipped 0
      optimize:SyslineReader::ezcheck12d2                          : hit  0, miss 30,  0.0%, largest skipped 0
      process: regex captures attempted                            : 54
  Processing Drops:

Program Summary:

Paths considered       : 1
Paths not processed    : 0
Files processed        : 1
Files printed          : 1
Printed bytes          : 3661
Printed flushes        : 38
Printed lines          : 19
Printed syslines       : 19
Printed evtx events    : 0
Printed fixedstruct    : 0
Printed journal events : 0
Regex patterns known   : 175
Regex patterns compiled: 34
Datetime filter -a     : 1999-03-03 00:00:00 +00:00 (1999-03-03 00:00:00 +00:00)
Datetime filter -b     : 2023-04-10 22:10:32 +00:00 (2023-04-10 22:10:32 +00:00)
Channel Receive ok     : 21
Channel Receive err    : 0
Threads Spawned        : 1
Thread Spawn errors    : 0
Temporary files created: 0
Platform               : x86_64-unknown-linux-gnu
Allocator              : system
