addons: ignoring set_time due to bad or too small range
Fri Feb 16 01:43:44 PST 2024: Checking /System/Volumes/Data...
Fri Feb 16 01:43:44 PST 2024: Checking /System/Volumes/Preboot...
Fri Feb 16 01:43:45 PST 2024: Checking /System/Volumes/VM...
Fri Feb 16 01:43:45 PST 2024: Checking /...
Fri Feb 16 01:43:45 PST 2024: No updates found
delaying exit for 9 seconds...
Fri Feb 16 01:44:48 PST 2024: Checking /System/Volumes/Data...
Fri Feb 16 01:44:48 PST 2024: Checking /System/Volumes/Preboot...
Fri Feb 16 01:44:48 PST 2024: Checking /System/Volumes/VM...
Fri Feb 16 01:44:49 PST 2024: Checking /...
Fri Feb 16 01:44:49 PST 2024: No updates found
delaying exit for 9 seconds...
Fri Feb 16 01:46:03 PST 2024: Checking /System/Volumes/Data...
Fri Feb 16 01:46:03 PST 2024: Checking /System/Volumes/Preboot...
Fri Feb 16 01:46:03 PST 2024: Checking /System/Volumes/VM...
Fri Feb 16 01:46:04 PST 2024: Checking /System/Volumes/Update/mnt1...
Fri Feb 16 01:46:04 PST 2024: Checking /...
Fri Feb 16 01:46:04 PST 2024: No updates found
delaying exit for 9 seconds...
Fri Feb 16 01:47:13 PST 2024: Checking /System/Volumes/Data...
Fri Feb 16 01:47:13 PST 2024: Checking /System/Volumes/Preboot...
Fri Feb 16 01:47:14 PST 2024: Checking /System/Volumes/VM...
Fri Feb 16 01:47:14 PST 2024: Checking /...
Fri Feb 16 01:47:14 PST 2024: No updates found
delaying exit for 9 seconds...
Fri Feb 16 01:48:24 PST 2024: Checking /System/Volumes/Data...
Fri Feb 16 01:48:24 PST 2024: Checking /System/Volumes/Preboot...
Fri Feb 16 01:48:24 PST 2024: Checking /System/Volumes/VM...
Fri Feb 16 01:48:25 PST 2024: Checking /...
Fri Feb 16 01:48:25 PST 2024: No updates found
delaying exit for 9 seconds...
Fri Feb 16 01:49:47 PST 2024: Checking /System/Volumes/Data...
Fri Feb 16 01:49:47 PST 2024: Checking /System/Volumes/Preboot...
Fri Feb 16 01:49:47 PST 2024: Checking /System/Volumes/VM...
Fri Feb 16 01:49:48 PST 2024: Checking /System/Volumes/Update/mnt1...
Fri Feb 16 01:49:48 PST 2024: Checking /...
Fri Feb 16 01:49:48 PST 2024: No updates found
delaying exit for 9 seconds...
Mon Feb 19 13:03:13 PST 2024: Checking /System/Volumes/Data...
Mon Feb 19 13:03:13 PST 2024: Checking /System/Volumes/Preboot...
Mon Feb 19 13:03:14 PST 2024: Checking /System/Volumes/VM...
Mon Feb 19 13:03:14 PST 2024: Checking /System/Volumes/Update/mnt1...
Mon Feb 19 13:03:14 PST 2024: Checking /...
Mon Feb 19 13:03:14 PST 2024: No updates found
delaying exit for 9 seconds...
Mon Feb 19 13:04:25 PST 2024: Checking /System/Volumes/Data...
Mon Feb 19 13:04:25 PST 2024: Checking /System/Volumes/Preboot...
Mon Feb 19 13:04:26 PST 2024: Checking /System/Volumes/VM...
Mon Feb 19 13:04:26 PST 2024: Checking /...
Mon Feb 19 13:04:26 PST 2024: No updates found
delaying exit for 9 seconds...
Mon Feb 19 13:05:36 PST 2024: Checking /System/Volumes/Data...
Mon Feb 19 13:05:36 PST 2024: Checking /System/Volumes/Preboot...
Mon Feb 19 13:05:36 PST 2024: Checking /System/Volumes/VM...
Mon Feb 19 13:05:37 PST 2024: Checking /...
Mon Feb 19 13:05:37 PST 2024: No updates found
delaying exit for 9 seconds...
Mon Feb 19 13:06:47 PST 2024: Checking /System/Volumes/Data...
Mon Feb 19 13:06:47 PST 2024: Checking /System/Volumes/Preboot...
Mon Feb 19 13:06:47 PST 2024: Checking /System/Volumes/VM...
Mon Feb 19 13:06:48 PST 2024: Checking /...
Mon Feb 19 13:06:48 PST 2024: No updates found
delaying exit for 9 seconds...
Mon Feb 19 13:07:58 PST 2024: Checking /System/Volumes/Data...
Mon Feb 19 13:07:58 PST 2024: Checking /System/Volumes/Preboot...
Mon Feb 19 13:07:58 PST 2024: Checking /System/Volumes/VM...
Mon Feb 19 13:07:59 PST 2024: Checking /...
Mon Feb 19 13:07:59 PST 2024: No updates found
delaying exit for 9 seconds...
Mon Feb 19 13:09:09 PST 2024: Checking /System/Volumes/Data...
Mon Feb 19 13:09:09 PST 2024: Checking /System/Volumes/Preboot...
Mon Feb 19 13:09:09 PST 2024: Checking /System/Volumes/VM...
Mon Feb 19 13:09:09 PST 2024: Checking /...
Mon Feb 19 13:09:09 PST 2024: No updates found
delaying exit for 10 seconds...
Mon Feb 19 13:10:21 PST 2024: Checking /System/Volumes/Data...
Mon Feb 19 13:10:21 PST 2024: Checking /System/Volumes/Preboot...
Mon Feb 19 13:10:21 PST 2024: Checking /System/Volumes/VM...
Mon Feb 19 13:10:21 PST 2024: Checking /...
Mon Feb 19 13:10:21 PST 2024: No updates found
delaying exit for 10 seconds...
Mon Feb 19 13:11:33 PST 2024: Checking /System/Volumes/Data...
Mon Feb 19 13:11:33 PST 2024: Checking /System/Volumes/Preboot...
Mon Feb 19 13:11:33 PST 2024: Checking /System/Volumes/VM...
Mon Feb 19 13:11:34 PST 2024: Checking /...
Mon Feb 19 13:11:34 PST 2024: No updates found
delaying exit for 8 seconds...
Mon Feb 19 13:12:43 PST 2024: Checking /System/Volumes/Data...
Mon Feb 19 13:12:43 PST 2024: Checking /System/Volumes/Preboot...
Mon Feb 19 13:12:43 PST 2024: Checking /System/Volumes/VM...
Mon Feb 19 13:12:43 PST 2024: Checking /...
Mon Feb 19 13:12:43 PST 2024: No updates found
delaying exit for 10 seconds...
Mon Feb 19 13:13:54 PST 2024: Checking /System/Volumes/Data...
Mon Feb 19 13:13:55 PST 2024: Checking /System/Volumes/Preboot...
Mon Feb 19 13:13:55 PST 2024: Checking /System/Volumes/VM...
Mon Feb 19 13:13:55 PST 2024: Checking /...
Mon Feb 19 13:13:55 PST 2024: No updates found
delaying exit for 9 seconds...
Mon Feb 19 13:15:05 PST 2024: Checking /System/Volumes/Data...
Mon Feb 19 13:15:05 PST 2024: Checking /System/Volumes/Preboot...
Mon Feb 19 13:15:06 PST 2024: Checking /System/Volumes/VM...
Mon Feb 19 13:15:06 PST 2024: Checking /...
Mon Feb 19 13:15:06 PST 2024: No updates found
delaying exit for 9 seconds...
Mon Feb 19 13:16:16 PST 2024: Checking /System/Volumes/Data...
Mon Feb 19 13:16:16 PST 2024: Checking /System/Volumes/Preboot...
Mon Feb 19 13:16:16 PST 2024: Checking /System/Volumes/VM...
Mon Feb 19 13:16:17 PST 2024: Checking /...
Mon Feb 19 13:16:17 PST 2024: No updates found
delaying exit for 9 seconds...
Mon Feb 19 21:17:27 UTC 2024: Checking /System/Volumes/Data...
Mon Feb 19 21:17:27 UTC 2024: Checking /System/Volumes/Preboot...
Mon Feb 19 21:17:27 UTC 2024: Checking /System/Volumes/VM...
Mon Feb 19 21:17:27 UTC 2024: Checking /...
Mon Feb 19 21:17:27 UTC 2024: No updates found
delaying exit for 10 seconds...
Mon Feb 19 21:18:34 UTC 2024: Checking /System/Volumes/Data...
Mon Feb 19 21:18:34 UTC 2024: Checking /System/Volumes/Preboot...
Mon Feb 19 21:18:35 UTC 2024: Checking /System/Volumes/VM...
Mon Feb 19 21:18:35 UTC 2024: Checking /System/Volumes/Update/mnt1...
Mon Feb 19 21:18:35 UTC 2024: Checking /...
Mon Feb 19 21:18:35 UTC 2024: No updates found
delaying exit for 9 seconds...
Mon Feb 19 21:19:45 UTC 2024: Checking /System/Volumes/Data...
Mon Feb 19 21:19:45 UTC 2024: Checking /System/Volumes/Preboot...
Mon Feb 19 21:19:45 UTC 2024: Checking /System/Volumes/VM...
Mon Feb 19 21:19:46 UTC 2024: Checking /...
Mon Feb 19 21:19:46 UTC 2024: No updates found
delaying exit for 9 seconds...
Mon Feb 19 21:20:56 UTC 2024: Checking /System/Volumes/Data...
Mon Feb 19 21:20:56 UTC 2024: Checking /System/Volumes/Preboot...
Mon Feb 19 21:20:56 UTC 2024: Checking /System/Volumes/VM...
Mon Feb 19 21:20:56 UTC 2024: Checking /...
Mon Feb 19 21:20:56 UTC 2024: No updates found
delaying exit for 10 seconds...
Mon Feb 19 21:22:07 UTC 2024: Checking /System/Volumes/Data...
Mon Feb 19 21:22:08 UTC 2024: Checking /System/Volumes/Preboot...
Mon Feb 19 21:22:08 UTC 2024: Checking /System/Volumes/VM...
Mon Feb 19 21:22:08 UTC 2024: Checking /...
Mon Feb 19 21:22:08 UTC 2024: No updates found
delaying exit for 9 seconds...
Mon Feb 19 21:23:18 UTC 2024: Checking /System/Volumes/Data...
Mon Feb 19 21:23:18 UTC 2024: Checking /System/Volumes/Preboot...
Mon Feb 19 21:23:19 UTC 2024: Checking /System/Volumes/VM...
Mon Feb 19 21:23:19 UTC 2024: Checking /...
Mon Feb 19 21:23:19 UTC 2024: No updates found
delaying exit for 9 seconds...
Mon Feb 19 21:24:29 UTC 2024: Checking /System/Volumes/Data...
Mon Feb 19 21:24:29 UTC 2024: Checking /System/Volumes/Preboot...
Mon Feb 19 21:24:29 UTC 2024: Checking /System/Volumes/VM...
Mon Feb 19 21:24:29 UTC 2024: Checking /...
Mon Feb 19 21:24:29 UTC 2024: No updates found
delaying exit for 10 seconds...
Mon Feb 19 21:25:41 UTC 2024: Checking /System/Volumes/Data...
Mon Feb 19 21:25:41 UTC 2024: Checking /System/Volumes/Preboot...
Mon Feb 19 21:25:41 UTC 2024: Checking /System/Volumes/VM...
Mon Feb 19 21:25:41 UTC 2024: Checking /...
Mon Feb 19 21:25:41 UTC 2024: No updates found
delaying exit for 10 seconds...
Mon Feb 19 21:26:53 UTC 2024: Checking /System/Volumes/Data...
Mon Feb 19 21:26:53 UTC 2024: Checking /System/Volumes/Preboot...
Mon Feb 19 21:26:53 UTC 2024: Checking /System/Volumes/VM...
Mon Feb 19 21:26:53 UTC 2024: Checking /...
Mon Feb 19 21:26:53 UTC 2024: No updates found
delaying exit for 9 seconds...
Mon Feb 19 21:28:03 UTC 2024: Checking /System/Volumes/Data...
Mon Feb 19 21:28:04 UTC 2024: Checking /System/Volumes/Preboot...
Mon Feb 19 21:28:04 UTC 2024: Checking /System/Volumes/VM...
Mon Feb 19 21:28:04 UTC 2024: Checking /...
Mon Feb 19 21:28:04 UTC 2024: No updates found
delaying exit for 9 seconds...
Mon Feb 19 21:29:14 UTC 2024: Checking /System/Volumes/Data...
Mon Feb 19 21:29:14 UTC 2024: Checking /System/Volumes/Preboot...
Mon Feb 19 21:29:15 UTC 2024: Checking /System/Volumes/VM...
Mon Feb 19 21:29:15 UTC 2024: Checking /...
Mon Feb 19 21:29:15 UTC 2024: No updates found
delaying exit for 9 seconds...
Mon Feb 19 21:30:25 UTC 2024: Checking /System/Volumes/Data...
Mon Feb 19 21:30:25 UTC 2024: Checking /System/Volumes/Preboot...
Mon Feb 19 21:30:25 UTC 2024: Checking /System/Volumes/VM...
Mon Feb 19 21:30:26 UTC 2024: Checking /...
Mon Feb 19 21:30:26 UTC 2024: No updates found
delaying exit for 9 seconds...
Mon Feb 19 21:31:36 UTC 2024: Checking /System/Volumes/Data...
Mon Feb 19 21:31:36 UTC 2024: Checking /System/Volumes/Preboot...
Mon Feb 19 21:31:36 UTC 2024: Checking /System/Volumes/VM...
Mon Feb 19 21:31:36 UTC 2024: Checking /...
Mon Feb 19 21:31:36 UTC 2024: No updates found
delaying exit for 10 seconds...
Mon Feb 19 21:32:47 UTC 2024: Checking /System/Volumes/Data...
Mon Feb 19 21:32:48 UTC 2024: Checking /System/Volumes/Preboot...
Mon Feb 19 21:32:48 UTC 2024: Checking /System/Volumes/VM...
Mon Feb 19 21:32:48 UTC 2024: Checking /...
Mon Feb 19 21:32:48 UTC 2024: No updates found
delaying exit for 9 seconds...
Mon Feb 19 21:33:58 UTC 2024: Checking /System/Volumes/Data...
Mon Feb 19 21:33:58 UTC 2024: Checking /System/Volumes/Preboot...
Mon Feb 19 21:33:59 UTC 2024: Checking /System/Volumes/VM...
Mon Feb 19 21:33:59 UTC 2024: Checking /...
Mon Feb 19 21:33:59 UTC 2024: No updates found
delaying exit for 9 seconds...
Mon Feb 19 21:35:09 UTC 2024: Checking /System/Volumes/Data...
Mon Feb 19 21:35:09 UTC 2024: Checking /System/Volumes/Preboot...
Mon Feb 19 21:35:09 UTC 2024: Checking /System/Volumes/VM...
Mon Feb 19 21:35:09 UTC 2024: Checking /...
Mon Feb 19 21:35:09 UTC 2024: No updates found
delaying exit for 10 seconds...
Mon Feb 19 21:36:21 UTC 2024: Checking /System/Volumes/Data...
Mon Feb 19 21:36:21 UTC 2024: Checking /System/Volumes/Preboot...
Mon Feb 19 21:36:21 UTC 2024: Checking /System/Volumes/VM...
Mon Feb 19 21:36:21 UTC 2024: Checking /...
Mon Feb 19 21:36:21 UTC 2024: No updates found
delaying exit for 10 seconds...
Mon Feb 19 21:37:32 UTC 2024: Checking /System/Volumes/Data...
Mon Feb 19 21:37:32 UTC 2024: Checking /System/Volumes/Preboot...
Mon Feb 19 21:37:33 UTC 2024: Checking /System/Volumes/VM...
Mon Feb 19 21:37:33 UTC 2024: Checking /...
Mon Feb 19 21:37:33 UTC 2024: No updates found
delaying exit for 9 seconds...
Mon Feb 19 21:38:44 UTC 2024: Checking /System/Volumes/Data...
Mon Feb 19 21:38:44 UTC 2024: Checking /System/Volumes/Preboot...
Mon Feb 19 21:38:44 UTC 2024: Checking /System/Volumes/VM...
Mon Feb 19 21:38:45 UTC 2024: Checking /...
Mon Feb 19 21:38:45 UTC 2024: No updates found
delaying exit for 8 seconds...
Mon Feb 19 21:39:54 UTC 2024: Checking /System/Volumes/Data...
Mon Feb 19 21:39:54 UTC 2024: Checking /System/Volumes/Preboot...
Mon Feb 19 21:39:55 UTC 2024: Checking /System/Volumes/VM...
Mon Feb 19 21:39:55 UTC 2024: Checking /...
Mon Feb 19 21:39:55 UTC 2024: No updates found
delaying exit for 9 seconds...
Mon Feb 19 21:41:06 UTC 2024: Checking /System/Volumes/Data...
Mon Feb 19 21:41:06 UTC 2024: Checking /System/Volumes/Preboot...
Mon Feb 19 21:41:07 UTC 2024: Checking /System/Volumes/VM...
Mon Feb 19 21:41:07 UTC 2024: Checking /...
Mon Feb 19 21:41:07 UTC 2024: No updates found
delaying exit for 8 seconds...
Mon Feb 19 21:42:17 UTC 2024: Checking /System/Volumes/Data...
Mon Feb 19 21:42:17 UTC 2024: Checking /System/Volumes/Preboot...
Mon Feb 19 21:42:17 UTC 2024: Checking /System/Volumes/VM...
Mon Feb 19 21:42:18 UTC 2024: Checking /...
Mon Feb 19 21:42:18 UTC 2024: No updates found
delaying exit for 8 seconds...
Mon Feb 19 21:43:29 UTC 2024: Checking /System/Volumes/Data...
Mon Feb 19 21:43:29 UTC 2024: Checking /System/Volumes/Preboot...
Mon Feb 19 21:43:30 UTC 2024: Checking /System/Volumes/VM...
Mon Feb 19 21:43:31 UTC 2024: Checking /...
Mon Feb 19 21:43:31 UTC 2024: No updates found
delaying exit for 6 seconds...
Mon Feb 19 21:44:39 UTC 2024: Checking /System/Volumes/Data...
Mon Feb 19 21:44:39 UTC 2024: Checking /System/Volumes/Preboot...
Mon Feb 19 21:44:40 UTC 2024: Checking /System/Volumes/VM...
Mon Feb 19 21:44:41 UTC 2024: Checking /...
Mon Feb 19 21:44:41 UTC 2024: No updates found
delaying exit for 7 seconds...
Mon Feb 19 21:45:50 UTC 2024: Checking /System/Volumes/Data...
Mon Feb 19 21:45:50 UTC 2024: Checking /System/Volumes/Preboot...
Mon Feb 19 21:45:51 UTC 2024: Checking /System/Volumes/VM...
Mon Feb 19 21:45:51 UTC 2024: Checking /...
Mon Feb 19 21:45:51 UTC 2024: No updates found
delaying exit for 8 seconds...
Mon Feb 19 21:47:02 UTC 2024: Checking /System/Volumes/Data...
Mon Feb 19 21:47:02 UTC 2024: Checking /System/Volumes/Preboot...
Mon Feb 19 21:47:03 UTC 2024: Checking /System/Volumes/VM...
Mon Feb 19 21:47:03 UTC 2024: Checking /...
Mon Feb 19 21:47:03 UTC 2024: No updates found
delaying exit for 8 seconds...
Mon Feb 19 21:48:13 UTC 2024: Checking /System/Volumes/Data...
Mon Feb 19 21:48:14 UTC 2024: Checking /System/Volumes/Preboot...
Mon Feb 19 21:48:14 UTC 2024: Checking /System/Volumes/VM...
Mon Feb 19 21:48:15 UTC 2024: Checking /...
Mon Feb 19 21:48:15 UTC 2024: No updates found
delaying exit for 7 seconds...

Mon Feb 19 23:15:58 UTC 2024: Checking /System/Volumes/Data...
Mon Feb 19 23:15:58 UTC 2024: Checking /System/Volumes/Preboot...
Mon Feb 19 23:15:59 UTC 2024: Checking /System/Volumes/VM...
Mon Feb 19 23:15:59 UTC 2024: Checking /...
Mon Feb 19 23:15:59 UTC 2024: No updates found
delaying exit for 9 seconds...
Mon Feb 19 23:17:09 UTC 2024: Checking /System/Volumes/Data...
Mon Feb 19 23:17:09 UTC 2024: Checking /System/Volumes/Preboot...
Mon Feb 19 23:17:09 UTC 2024: Checking /System/Volumes/VM...
Mon Feb 19 23:17:10 UTC 2024: Checking /...
Mon Feb 19 23:17:10 UTC 2024: No updates found
delaying exit for 9 seconds...
Mon Feb 19 23:18:20 UTC 2024: Checking /System/Volumes/Data...
Mon Feb 19 23:18:20 UTC 2024: Checking /System/Volumes/Preboot...
Mon Feb 19 23:18:20 UTC 2024: Checking /System/Volumes/VM...
Mon Feb 19 23:18:20 UTC 2024: Checking /...
Mon Feb 19 23:18:20 UTC 2024: No updates found
delaying exit for 10 seconds...
Mon Feb 19 23:19:31 UTC 2024: Checking /System/Volumes/Data...
Mon Feb 19 23:19:32 UTC 2024: Checking /System/Volumes/Preboot...
Mon Feb 19 23:19:32 UTC 2024: Checking /System/Volumes/VM...
Mon Feb 19 23:19:32 UTC 2024: Checking /...
Mon Feb 19 23:19:32 UTC 2024: No updates found
delaying exit for 9 seconds...
Mon Feb 19 23:20:42 UTC 2024: Checking /System/Volumes/Data...
Mon Feb 19 23:20:42 UTC 2024: Checking /System/Volumes/Preboot...
Mon Feb 19 23:20:43 UTC 2024: Checking /System/Volumes/VM...
Mon Feb 19 23:20:43 UTC 2024: Checking /...
Mon Feb 19 23:20:43 UTC 2024: No updates found
delaying exit for 9 seconds...
Mon Feb 19 23:21:53 UTC 2024: Checking /System/Volumes/Data...
Mon Feb 19 23:21:53 UTC 2024: Checking /System/Volumes/Preboot...
Mon Feb 19 23:21:54 UTC 2024: Checking /System/Volumes/VM...
Mon Feb 19 23:21:54 UTC 2024: Checking /...
Mon Feb 19 23:21:54 UTC 2024: No updates found
delaying exit for 9 seconds...
Mon Feb 19 23:23:04 UTC 2024: Checking /System/Volumes/Data...
Mon Feb 19 23:23:04 UTC 2024: Checking /System/Volumes/Preboot...
Mon Feb 19 23:23:05 UTC 2024: Checking /System/Volumes/VM...
Mon Feb 19 23:23:05 UTC 2024: Checking /...
Mon Feb 19 23:23:05 UTC 2024: No updates found
delaying exit for 9 seconds...
Mon Feb 19 23:24:15 UTC 2024: Checking /System/Volumes/Data...
Mon Feb 19 23:24:15 UTC 2024: Checking /System/Volumes/Preboot...
Mon Feb 19 23:24:16 UTC 2024: Checking /System/Volumes/VM...
Mon Feb 19 23:24:16 UTC 2024: Checking /...
Mon Feb 19 23:24:16 UTC 2024: No updates found
delaying exit for 9 seconds...
Mon Feb 19 23:25:26 UTC 2024: Checking /System/Volumes/Data...
Mon Feb 19 23:25:26 UTC 2024: Checking /System/Volumes/Preboot...
Mon Feb 19 23:25:26 UTC 2024: Checking /System/Volumes/VM...
Mon Feb 19 23:25:27 UTC 2024: Checking /...
Mon Feb 19 23:25:27 UTC 2024: No updates found
delaying exit for 9 seconds...
Mon Feb 19 23:26:37 UTC 2024: Checking /System/Volumes/Data...
Mon Feb 19 23:26:37 UTC 2024: Checking /System/Volumes/Preboot...
Mon Feb 19 23:26:37 UTC 2024: Checking /System/Volumes/VM...
Mon Feb 19 23:26:38 UTC 2024: Checking /...
Mon Feb 19 23:26:38 UTC 2024: No updates found
delaying exit for 9 seconds...
Mon Feb 19 23:27:48 UTC 2024: Checking /System/Volumes/Data...
Mon Feb 19 23:27:48 UTC 2024: Checking /System/Volumes/Preboot...
Mon Feb 19 23:27:48 UTC 2024: Checking /System/Volumes/VM...
Mon Feb 19 23:27:49 UTC 2024: Checking /...
Mon Feb 19 23:27:49 UTC 2024: No updates found
delaying exit for 9 seconds...
Mon Feb 19 23:28:59 UTC 2024: Checking /System/Volumes/Data...
Mon Feb 19 23:28:59 UTC 2024: Checking /System/Volumes/Preboot...
Mon Feb 19 23:28:59 UTC 2024: Checking /System/Volumes/VM...
Mon Feb 19 23:29:00 UTC 2024: Checking /...
Mon Feb 19 23:29:00 UTC 2024: Checking /Library/Developer/CoreSimulator/Volumes/tvOS_21K364...
Mon Feb 19 23:29:01 UTC 2024: Checking /Library/Developer/CoreSimulator/Volumes/watchOS_20T253...
Mon Feb 19 23:29:01 UTC 2024: Checking /Library/Developer/CoreSimulator/Volumes/iOS_21C62...
Mon Feb 19 23:29:02 UTC 2024: Checking /Library/Developer/CoreSimulator/Volumes/tvOS_20L494...
Mon Feb 19 23:29:03 UTC 2024: Checking /Library/Developer/CoreSimulator/Volumes/watchOS_20S75...
Mon Feb 19 23:29:03 UTC 2024: Checking /Library/Developer/CoreSimulator/Volumes/tvOS_21J353...
Mon Feb 19 23:29:04 UTC 2024: Checking /Library/Developer/CoreSimulator/Volumes/watchOS_21R355...
Mon Feb 19 23:29:05 UTC 2024: Checking /Library/Developer/CoreSimulator/Volumes/watchOS_21S364...
Mon Feb 19 23:29:05 UTC 2024: Checking /Library/Developer/CoreSimulator/Volumes/tvOS_20K67...
Mon Feb 19 23:29:06 UTC 2024: Checking /Library/Developer/CoreSimulator/Volumes/iOS_21A342...
Mon Feb 19 23:29:06 UTC 2024: No updates found
delaying exit for 3 seconds...
Mon Feb 19 23:30:10 UTC 2024: Checking /System/Volumes/Data...
Mon Feb 19 23:30:11 UTC 2024: Checking /System/Volumes/Preboot...
Mon Feb 19 23:30:11 UTC 2024: Checking /System/Volumes/VM...
Mon Feb 19 23:30:11 UTC 2024: Checking /...
Mon Feb 19 23:30:12 UTC 2024: Checking /Library/Developer/CoreSimulator/Volumes/tvOS_21K364...
Mon Feb 19 23:30:13 UTC 2024: Checking /Library/Developer/CoreSimulator/Volumes/watchOS_20T253...
Mon Feb 19 23:30:14 UTC 2024: Checking /Library/Developer/CoreSimulator/Volumes/iOS_21C62...
Mon Feb 19 23:30:14 UTC 2024: Checking /Library/Developer/CoreSimulator/Volumes/tvOS_20L494...
Mon Feb 19 23:30:15 UTC 2024: Checking /Library/Developer/CoreSimulator/Volumes/watchOS_20S75...
Mon Feb 19 23:30:16 UTC 2024: Checking /Library/Developer/CoreSimulator/Volumes/tvOS_21J353...
Mon Feb 19 23:30:17 UTC 2024: Checking /Library/Developer/CoreSimulator/Volumes/watchOS_21R355...
Mon Feb 19 23:30:18 UTC 2024: Checking /Library/Developer/CoreSimulator/Volumes/watchOS_21S364...
Mon Feb 19 23:30:18 UTC 2024: Checking /Library/Developer/CoreSimulator/Volumes/tvOS_20K67...
Mon Feb 19 23:30:19 UTC 2024: Checking /Library/Developer/CoreSimulator/Volumes/iOS_21A342...
Mon Feb 19 23:30:19 UTC 2024: No updates found
delaying exit for 1 seconds...
Mon Feb 19 23:31:22 UTC 2024: Checking /System/Volumes/Data...
Mon Feb 19 23:31:22 UTC 2024: Checking /System/Volumes/Preboot...
Mon Feb 19 23:31:22 UTC 2024: Checking /System/Volumes/VM...
Mon Feb 19 23:31:22 UTC 2024: Checking /...
Mon Feb 19 23:31:23 UTC 2024: Checking /Library/Developer/CoreSimulator/Volumes/tvOS_21K364...
Mon Feb 19 23:31:24 UTC 2024: Checking /Library/Developer/CoreSimulator/Volumes/watchOS_20T253...
Mon Feb 19 23:31:24 UTC 2024: Checking /Library/Developer/CoreSimulator/Volumes/iOS_21C62...
Mon Feb 19 23:31:25 UTC 2024: Checking /Library/Developer/CoreSimulator/Volumes/tvOS_20L494...
Mon Feb 19 23:31:26 UTC 2024: Checking /Library/Developer/CoreSimulator/Volumes/watchOS_20S75...
Mon Feb 19 23:31:26 UTC 2024: Checking /Library/Developer/CoreSimulator/Volumes/tvOS_21J353...
Mon Feb 19 23:31:27 UTC 2024: Checking /Library/Developer/CoreSimulator/Volumes/watchOS_21R355...
Mon Feb 19 23:31:28 UTC 2024: Checking /Library/Developer/CoreSimulator/Volumes/watchOS_21S364...
Mon Feb 19 23:31:28 UTC 2024: Checking /Library/Developer/CoreSimulator/Volumes/tvOS_20K67...
Mon Feb 19 23:31:29 UTC 2024: Checking /Library/Developer/CoreSimulator/Volumes/iOS_21A342...
Mon Feb 19 23:31:29 UTC 2024: No updates found
delaying exit for 2 seconds...
Tue Mar  5 15:34:40 UTC 2024: Checking /System/Volumes/Data...
Tue Mar  5 15:34:41 UTC 2024: Checking /System/Volumes/Preboot...
Tue Mar  5 15:34:42 UTC 2024: Checking /System/Volumes/VM...
Tue Mar  5 15:34:42 UTC 2024: Checking /...
Tue Mar  5 15:34:42 UTC 2024: No updates found
delaying exit for 8 seconds...
Tue Mar  5 15:35:51 UTC 2024: Checking /System/Volumes/Data...
Tue Mar  5 15:35:51 UTC 2024: Checking /System/Volumes/Preboot...
Tue Mar  5 15:35:52 UTC 2024: Checking /System/Volumes/VM...
Tue Mar  5 15:35:52 UTC 2024: Checking /...
Tue Mar  5 15:35:52 UTC 2024: No updates found
delaying exit for 9 seconds...
Tue Mar  5 15:37:02 UTC 2024: Checking /System/Volumes/Data...
Tue Mar  5 15:37:02 UTC 2024: Checking /System/Volumes/Preboot...
Tue Mar  5 15:37:02 UTC 2024: Checking /System/Volumes/VM...
Tue Mar  5 15:37:03 UTC 2024: Checking /...
Tue Mar  5 15:37:03 UTC 2024: No updates found
delaying exit for 9 seconds...
Sun Mar 24 19:11:48 UTC 2024: Checking /System/Volumes/Data...
Sun Mar 24 19:11:48 UTC 2024: Checking /System/Volumes/Preboot...
Sun Mar 24 19:11:49 UTC 2024: Checking /System/Volumes/VM...
Sun Mar 24 19:11:49 UTC 2024: Checking /System/Volumes/Update/mnt1...
Sun Mar 24 19:11:50 UTC 2024: Checking /...
Sun Mar 24 19:11:50 UTC 2024: No updates found
delaying exit for 8 seconds...
Sun Mar 24 19:12:59 UTC 2024: Checking /System/Volumes/Data...
Sun Mar 24 19:13:00 UTC 2024: Checking /System/Volumes/Preboot...
Sun Mar 24 19:13:00 UTC 2024: Checking /System/Volumes/VM...
Sun Mar 24 19:13:00 UTC 2024: Checking /...
Sun Mar 24 19:13:00 UTC 2024: No updates found
delaying exit for 9 seconds...
Sun Mar 24 19:14:10 UTC 2024: Checking /System/Volumes/Data...
Sun Mar 24 19:14:10 UTC 2024: Checking /System/Volumes/Preboot...
Sun Mar 24 19:14:11 UTC 2024: Checking /System/Volumes/VM...
Sun Mar 24 19:14:11 UTC 2024: Checking /...
Sun Mar 24 19:14:11 UTC 2024: No updates found
delaying exit for 9 seconds...
Sun Mar 24 19:15:21 UTC 2024: Checking /System/Volumes/Data...
Sun Mar 24 19:15:21 UTC 2024: Checking /System/Volumes/Preboot...
Sun Mar 24 19:15:21 UTC 2024: Checking /System/Volumes/VM...
Sun Mar 24 19:15:21 UTC 2024: Checking /...
Sun Mar 24 19:15:21 UTC 2024: No updates found
delaying exit for 10 seconds...
Sun Mar 24 19:16:32 UTC 2024: Checking /System/Volumes/Data...
Sun Mar 24 19:16:33 UTC 2024: Checking /System/Volumes/Preboot...
Sun Mar 24 19:16:33 UTC 2024: Checking /System/Volumes/VM...
Sun Mar 24 19:16:33 UTC 2024: Checking /...
Sun Mar 24 19:16:33 UTC 2024: No updates found
delaying exit for 9 seconds...
Sun Mar 24 19:17:43 UTC 2024: Checking /System/Volumes/Data...
Sun Mar 24 19:17:43 UTC 2024: Checking /System/Volumes/Preboot...
Sun Mar 24 19:17:44 UTC 2024: Checking /System/Volumes/VM...
Sun Mar 24 19:17:44 UTC 2024: Checking /...
Sun Mar 24 19:17:44 UTC 2024: No updates found
delaying exit for 9 seconds...
Sun Mar 24 19:18:54 UTC 2024: Checking /System/Volumes/Data...
Sun Mar 24 19:18:54 UTC 2024: Checking /System/Volumes/Preboot...
Sun Mar 24 19:18:54 UTC 2024: Checking /System/Volumes/VM...
Sun Mar 24 19:18:55 UTC 2024: Checking /...
Sun Mar 24 19:18:55 UTC 2024: No updates found
delaying exit for 9 seconds...
Sun Mar 24 19:20:05 UTC 2024: Checking /System/Volumes/Data...
Sun Mar 24 19:20:05 UTC 2024: Checking /System/Volumes/Preboot...
Sun Mar 24 19:20:05 UTC 2024: Checking /System/Volumes/VM...
Sun Mar 24 19:20:05 UTC 2024: Checking /...
Sun Mar 24 19:20:05 UTC 2024: No updates found
delaying exit for 10 seconds...

Sun Mar 24 19:48:33 UTC 2024: Checking /System/Volumes/Data...
Sun Mar 24 19:48:33 UTC 2024: Checking /System/Volumes/Preboot...
Sun Mar 24 19:48:34 UTC 2024: Checking /System/Volumes/VM...
Sun Mar 24 19:48:34 UTC 2024: Checking /...
Sun Mar 24 19:48:34 UTC 2024: No updates found
delaying exit for 9 seconds...
Sun Mar 24 19:49:44 UTC 2024: Checking /System/Volumes/Data...
Sun Mar 24 19:49:44 UTC 2024: Checking /System/Volumes/Preboot...
Sun Mar 24 19:49:44 UTC 2024: Checking /System/Volumes/VM...
Sun Mar 24 19:49:45 UTC 2024: Checking /...
Sun Mar 24 19:49:45 UTC 2024: No updates found
delaying exit for 9 seconds...
Sun Mar 24 19:50:55 UTC 2024: Checking /System/Volumes/Data...
Sun Mar 24 19:50:55 UTC 2024: Checking /System/Volumes/Preboot...
Sun Mar 24 19:50:55 UTC 2024: Checking /System/Volumes/VM...
Sun Mar 24 19:50:55 UTC 2024: Checking /...
Sun Mar 24 19:50:55 UTC 2024: No updates found
delaying exit for 10 seconds...
Sun Mar 24 19:52:06 UTC 2024: Checking /System/Volumes/Data...
Sun Mar 24 19:52:06 UTC 2024: Checking /System/Volumes/Preboot...
Sun Mar 24 19:52:07 UTC 2024: Checking /System/Volumes/VM...
Sun Mar 24 19:52:07 UTC 2024: Checking /...
Sun Mar 24 19:52:07 UTC 2024: No updates found
delaying exit for 9 seconds...
Sun Mar 24 19:53:17 UTC 2024: Checking /System/Volumes/Data...
Sun Mar 24 19:53:17 UTC 2024: Checking /System/Volumes/Preboot...
Sun Mar 24 19:53:17 UTC 2024: Checking /System/Volumes/VM...
Sun Mar 24 19:53:18 UTC 2024: Checking /...
Sun Mar 24 19:53:18 UTC 2024: No updates found
delaying exit for 9 seconds...
Sun Mar 24 19:54:28 UTC 2024: Checking /System/Volumes/Data...
Sun Mar 24 19:54:28 UTC 2024: Checking /System/Volumes/Preboot...
Sun Mar 24 19:54:28 UTC 2024: Checking /System/Volumes/VM...
Sun Mar 24 19:54:28 UTC 2024: Checking /...
Sun Mar 24 19:54:28 UTC 2024: No updates found
delaying exit for 10 seconds...
Sun Mar 24 19:55:40 UTC 2024: Checking /System/Volumes/Data...
Sun Mar 24 19:55:40 UTC 2024: Checking /System/Volumes/Preboot...
Sun Mar 24 19:55:40 UTC 2024: Checking /System/Volumes/VM...
Sun Mar 24 19:55:40 UTC 2024: Checking /...
Sun Mar 24 19:55:40 UTC 2024: No updates found
delaying exit for 10 seconds...
Sun Mar 24 19:56:51 UTC 2024: Checking /System/Volumes/Data...
Sun Mar 24 19:56:51 UTC 2024: Checking /System/Volumes/Preboot...
Sun Mar 24 19:56:52 UTC 2024: Checking /System/Volumes/VM...
Sun Mar 24 19:56:52 UTC 2024: Checking /...
Sun Mar 24 19:56:52 UTC 2024: No updates found
delaying exit for 9 seconds...
Sun Mar 24 19:58:02 UTC 2024: Checking /System/Volumes/Data...
Sun Mar 24 19:58:02 UTC 2024: Checking /System/Volumes/Preboot...
Sun Mar 24 19:58:02 UTC 2024: Checking /System/Volumes/VM...
Sun Mar 24 19:58:02 UTC 2024: Checking /...
Sun Mar 24 19:58:02 UTC 2024: No updates found
delaying exit for 10 seconds...
Sun Mar 24 19:59:14 UTC 2024: Checking /System/Volumes/Data...
Sun Mar 24 19:59:14 UTC 2024: Checking /System/Volumes/Preboot...
Sun Mar 24 19:59:14 UTC 2024: Checking /System/Volumes/VM...
Sun Mar 24 19:59:14 UTC 2024: Checking /...
Sun Mar 24 19:59:14 UTC 2024: No updates found
delaying exit for 10 seconds...
Sun Mar 24 20:00:25 UTC 2024: Checking /System/Volumes/Data...
Sun Mar 24 20:00:25 UTC 2024: Checking /System/Volumes/Preboot...
Sun Mar 24 20:00:26 UTC 2024: Checking /System/Volumes/VM...
Sun Mar 24 20:00:26 UTC 2024: Checking /...
Sun Mar 24 20:00:26 UTC 2024: No updates found
delaying exit for 9 seconds...
Sun Mar 24 20:01:36 UTC 2024: Checking /System/Volumes/Data...
Sun Mar 24 20:01:36 UTC 2024: Checking /System/Volumes/Preboot...
Sun Mar 24 20:01:36 UTC 2024: Checking /System/Volumes/VM...
Sun Mar 24 20:01:37 UTC 2024: Checking /...
Sun Mar 24 20:01:37 UTC 2024: No updates found
delaying exit for 9 seconds...
Sun Mar 24 20:02:47 UTC 2024: Checking /System/Volumes/Data...
Sun Mar 24 20:02:47 UTC 2024: Checking /System/Volumes/Preboot...
Sun Mar 24 20:02:47 UTC 2024: Checking /System/Volumes/VM...
Sun Mar 24 20:02:47 UTC 2024: Checking /...
Sun Mar 24 20:02:47 UTC 2024: No updates found
delaying exit for 10 seconds...
Sun Mar 24 20:03:58 UTC 2024: Checking /System/Volumes/Data...
Sun Mar 24 20:03:59 UTC 2024: Checking /System/Volumes/Preboot...
Sun Mar 24 20:03:59 UTC 2024: Checking /System/Volumes/VM...
Sun Mar 24 20:03:59 UTC 2024: Checking /...
Sun Mar 24 20:03:59 UTC 2024: No updates found
delaying exit for 9 seconds...
Sun Mar 24 20:05:09 UTC 2024: Checking /System/Volumes/Data...
Sun Mar 24 20:05:09 UTC 2024: Checking /System/Volumes/Preboot...
Sun Mar 24 20:05:10 UTC 2024: Checking /System/Volumes/VM...
Sun Mar 24 20:05:10 UTC 2024: Checking /...
Sun Mar 24 20:05:10 UTC 2024: No updates found
delaying exit for 9 seconds...
Sun Mar 24 20:06:20 UTC 2024: Checking /System/Volumes/Data...
Sun Mar 24 20:06:20 UTC 2024: Checking /System/Volumes/Preboot...
Sun Mar 24 20:06:20 UTC 2024: Checking /System/Volumes/VM...
Sun Mar 24 20:06:21 UTC 2024: Checking /...
Sun Mar 24 20:06:21 UTC 2024: No updates found
delaying exit for 9 seconds...
Sun Mar 24 20:07:31 UTC 2024: Checking /System/Volumes/Data...
Sun Mar 24 20:07:31 UTC 2024: Checking /System/Volumes/Preboot...
Sun Mar 24 20:07:31 UTC 2024: Checking /System/Volumes/VM...
Sun Mar 24 20:07:31 UTC 2024: Checking /...
Sun Mar 24 20:07:31 UTC 2024: No updates found
delaying exit for 10 seconds...
Sun Mar 24 20:08:42 UTC 2024: Checking /System/Volumes/Data...
Sun Mar 24 20:08:43 UTC 2024: Checking /System/Volumes/Preboot...
Sun Mar 24 20:08:43 UTC 2024: Checking /System/Volumes/VM...
Sun Mar 24 20:08:43 UTC 2024: Checking /...
Sun Mar 24 20:08:43 UTC 2024: No updates found
delaying exit for 9 seconds...
Sun Mar 24 20:09:53 UTC 2024: Checking /System/Volumes/Data...
Sun Mar 24 20:09:53 UTC 2024: Checking /System/Volumes/Preboot...
Sun Mar 24 20:09:54 UTC 2024: Checking /System/Volumes/VM...
Sun Mar 24 20:09:54 UTC 2024: Checking /...
Sun Mar 24 20:09:54 UTC 2024: No updates found
delaying exit for 9 seconds...
Sun Mar 24 20:11:04 UTC 2024: Checking /System/Volumes/Data...
Sun Mar 24 20:11:04 UTC 2024: Checking /System/Volumes/Preboot...
Sun Mar 24 20:11:04 UTC 2024: Checking /System/Volumes/VM...
Sun Mar 24 20:11:04 UTC 2024: Checking /...
Sun Mar 24 20:11:04 UTC 2024: No updates found
delaying exit for 10 seconds...
Sun Mar 24 20:12:16 UTC 2024: Checking /System/Volumes/Data...
Sun Mar 24 20:12:16 UTC 2024: Checking /System/Volumes/Preboot...
Sun Mar 24 20:12:16 UTC 2024: Checking /System/Volumes/VM...
Sun Mar 24 20:12:16 UTC 2024: Checking /...
Sun Mar 24 20:12:16 UTC 2024: No updates found
delaying exit for 10 seconds...
Sun Mar 24 20:13:28 UTC 2024: Checking /System/Volumes/Data...
Sun Mar 24 20:13:28 UTC 2024: Checking /System/Volumes/Preboot...
Sun Mar 24 20:13:28 UTC 2024: Checking /System/Volumes/VM...
Sun Mar 24 20:13:28 UTC 2024: Checking /...
Sun Mar 24 20:13:28 UTC 2024: No updates found
delaying exit for 10 seconds...
Sun Mar 24 20:14:39 UTC 2024: Checking /System/Volumes/Data...
Sun Mar 24 20:14:40 UTC 2024: Checking /System/Volumes/Preboot...
Sun Mar 24 20:14:40 UTC 2024: Checking /System/Volumes/VM...
Sun Mar 24 20:14:40 UTC 2024: Checking /...
Sun Mar 24 20:14:40 UTC 2024: No updates found
delaying exit for 9 seconds...
Sun Mar 24 20:15:50 UTC 2024: Checking /System/Volumes/Data...
Sun Mar 24 20:15:50 UTC 2024: Checking /System/Volumes/Preboot...
Sun Mar 24 20:15:51 UTC 2024: Checking /System/Volumes/VM...
Sun Mar 24 20:15:51 UTC 2024: Checking /...
Sun Mar 24 20:15:51 UTC 2024: No updates found
delaying exit for 9 seconds...
Sun Mar 24 20:17:01 UTC 2024: Checking /System/Volumes/Data...
Sun Mar 24 20:17:01 UTC 2024: Checking /System/Volumes/Preboot...
Sun Mar 24 20:17:01 UTC 2024: Checking /System/Volumes/VM...
Sun Mar 24 20:17:02 UTC 2024: Checking /...
Sun Mar 24 20:17:02 UTC 2024: No updates found
delaying exit for 9 seconds...
Sun Mar 24 20:18:11 UTC 2024: Checking /System/Volumes/Data...
Sun Mar 24 20:18:12 UTC 2024: Checking /System/Volumes/Preboot...
Sun Mar 24 20:18:12 UTC 2024: Checking /System/Volumes/VM...
Sun Mar 24 20:18:12 UTC 2024: Checking /...
Sun Mar 24 20:18:12 UTC 2024: No updates found
delaying exit for 10 seconds...
Sun Mar 24 20:19:23 UTC 2024: Checking /System/Volumes/Data...
Sun Mar 24 20:19:23 UTC 2024: Checking /System/Volumes/Preboot...
Sun Mar 24 20:19:23 UTC 2024: Checking /System/Volumes/VM...
Sun Mar 24 20:19:24 UTC 2024: Checking /...
Sun Mar 24 20:19:24 UTC 2024: No updates found
delaying exit for 9 seconds...
Sun Mar 24 20:20:34 UTC 2024: Checking /System/Volumes/Data...
Sun Mar 24 20:20:34 UTC 2024: Checking /System/Volumes/Preboot...
Sun Mar 24 20:20:34 UTC 2024: Checking /System/Volumes/VM...
Sun Mar 24 20:20:34 UTC 2024: Checking /...
Sun Mar 24 20:20:34 UTC 2024: No updates found
delaying exit for 10 seconds...
Sun Mar 24 20:21:46 UTC 2024: Checking /System/Volumes/Data...
Sun Mar 24 20:21:46 UTC 2024: Checking /System/Volumes/Preboot...
Sun Mar 24 20:21:46 UTC 2024: Checking /System/Volumes/VM...
Sun Mar 24 20:21:47 UTC 2024: Checking /...
Sun Mar 24 20:21:47 UTC 2024: No updates found
delaying exit for 9 seconds...
