
/dev/rdisk1s1: fsck_apfs started at Fri Feb 16 01:43:24 2024
/dev/rdisk1s1: error: container /dev/rdisk1 is mounted with write access; please re-run with -l.
/dev/rdisk1s1: fsck_apfs completed at Fri Feb 16 01:43:24 2024


/dev/rdisk1s2: fsck_apfs started at Fri Feb 16 01:43:24 2024
/dev/rdisk1s2: error: container /dev/rdisk1 is mounted with write access; please re-run with -l.
/dev/rdisk1s2: fsck_apfs completed at Fri Feb 16 01:43:24 2024


/dev/rdisk1s3: fsck_apfs started at Fri Feb 16 01:43:24 2024
/dev/rdisk1s3: ** QUICKCHECK ONLY; FILESYSTEM CLEAN
/dev/rdisk1s3: fsck_apfs completed at Fri Feb 16 01:43:24 2024


/dev/rdisk1s4: fsck_apfs started at Fri Feb 16 01:43:24 2024
/dev/rdisk1s4: error: container /dev/rdisk1 is mounted with write access; please re-run with -l.
/dev/rdisk1s4: fsck_apfs completed at Fri Feb 16 01:43:24 2024


/dev/rdisk1s5: fsck_apfs started at Fri Feb 16 01:43:24 2024
/dev/rdisk1s5: ** QUICKCHECK ONLY; FILESYSTEM CLEAN
/dev/rdisk1s5: fsck_apfs completed at Fri Feb 16 01:43:24 2024


/dev/rdisk1s6: fsck_apfs started at Fri Feb 16 01:43:24 2024
/dev/rdisk1s6: error: container /dev/rdisk1 is mounted with write access; please re-run with -l.
/dev/rdisk1s6: fsck_apfs completed at Fri Feb 16 01:43:24 2024


/dev/rdisk1s5s1: fsck_apfs started at Fri Feb 16 01:43:24 2024
/dev/rdisk1s5s1: ** QUICKCHECK ONLY; FILESYSTEM CLEAN
/dev/rdisk1s5s1: fsck_apfs completed at Fri Feb 16 01:43:24 2024


/dev/rdisk1s1: fsck_apfs started at Fri Feb 16 01:44:42 2024
/dev/rdisk1s1: error: container /dev/rdisk1 is mounted with write access; please re-run with -l.
/dev/rdisk1s1: fsck_apfs completed at Fri Feb 16 01:44:42 2024


/dev/rdisk1s2: fsck_apfs started at Fri Feb 16 01:44:42 2024
/dev/rdisk1s2: error: container /dev/rdisk1 is mounted with write access; please re-run with -l.
/dev/rdisk1s2: fsck_apfs completed at Fri Feb 16 01:44:42 2024


/dev/rdisk1s3: fsck_apfs started at Fri Feb 16 01:44:42 2024
/dev/rdisk1s3: ** QUICKCHECK ONLY; FILESYSTEM CLEAN
/dev/rdisk1s3: fsck_apfs completed at Fri Feb 16 01:44:42 2024


/dev/rdisk1s4: fsck_apfs started at Fri Feb 16 01:44:42 2024
/dev/rdisk1s4: error: container /dev/rdisk1 is mounted with write access; please re-run with -l.
/dev/rdisk1s4: fsck_apfs completed at Fri Feb 16 01:44:42 2024


/dev/rdisk1s5: fsck_apfs started at Fri Feb 16 01:44:42 2024
/dev/rdisk1s5: ** QUICKCHECK ONLY; FILESYSTEM CLEAN
/dev/rdisk1s5: fsck_apfs completed at Fri Feb 16 01:44:42 2024


/dev/rdisk1s6: fsck_apfs started at Fri Feb 16 01:44:42 2024
/dev/rdisk1s6: error: container /dev/rdisk1 is mounted with write access; please re-run with -l.
/dev/rdisk1s6: fsck_apfs completed at Fri Feb 16 01:44:42 2024


/dev/rdisk1s5s1: fsck_apfs started at Fri Feb 16 01:44:43 2024
/dev/rdisk1s5s1: ** QUICKCHECK ONLY; FILESYSTEM CLEAN
/dev/rdisk1s5s1: fsck_apfs completed at Fri Feb 16 01:44:43 2024


/dev/rdisk1s1: fsck_apfs started at Fri Feb 16 01:45:58 2024
/dev/rdisk1s1: error: container /dev/rdisk1 is mounted with write access; please re-run with -l.
/dev/rdisk1s1: fsck_apfs completed at Fri Feb 16 01:45:58 2024


/dev/rdisk1s2: fsck_apfs started at Fri Feb 16 01:45:58 2024
/dev/rdisk1s2: error: container /dev/rdisk1 is mounted with write access; please re-run with -l.
/dev/rdisk1s2: fsck_apfs completed at Fri Feb 16 01:45:58 2024


/dev/rdisk1s3: fsck_apfs started at Fri Feb 16 01:45:59 2024
/dev/rdisk1s3: ** QUICKCHECK ONLY; FILESYSTEM CLEAN
/dev/rdisk1s3: fsck_apfs completed at Fri Feb 16 01:45:59 2024


/dev/rdisk1s4: fsck_apfs started at Fri Feb 16 01:45:59 2024
/dev/rdisk1s4: error: container /dev/rdisk1 is mounted with write access; please re-run with -l.
/dev/rdisk1s4: fsck_apfs completed at Fri Feb 16 01:45:59 2024


/dev/rdisk1s5: fsck_apfs started at Fri Feb 16 01:45:59 2024
/dev/rdisk1s5: ** QUICKCHECK ONLY; FILESYSTEM CLEAN
/dev/rdisk1s5: fsck_apfs completed at Fri Feb 16 01:45:59 2024


/dev/rdisk1s6: fsck_apfs started at Fri Feb 16 01:45:59 2024
/dev/rdisk1s6: error: container /dev/rdisk1 is mounted with write access; please re-run with -l.
/dev/rdisk1s6: fsck_apfs completed at Fri Feb 16 01:45:59 2024


/dev/rdisk1s5s1: fsck_apfs started at Fri Feb 16 01:45:59 2024
/dev/rdisk1s5s1: ** QUICKCHECK ONLY; FILESYSTEM CLEAN
/dev/rdisk1s5s1: fsck_apfs completed at Fri Feb 16 01:45:59 2024


/dev/rdisk1s1: fsck_apfs started at Fri Feb 16 01:47:09 2024
/dev/rdisk1s1: error: container /dev/rdisk1 is mounted with write access; please re-run with -l.
/dev/rdisk1s1: fsck_apfs completed at Fri Feb 16 01:47:09 2024


/dev/rdisk1s2: fsck_apfs started at Fri Feb 16 01:47:09 2024
/dev/rdisk1s2: error: container /dev/rdisk1 is mounted with write access; please re-run with -l.
/dev/rdisk1s2: fsck_apfs completed at Fri Feb 16 01:47:09 2024


/dev/rdisk1s3: fsck_apfs started at Fri Feb 16 01:47:09 2024
/dev/rdisk1s3: ** QUICKCHECK ONLY; FILESYSTEM CLEAN
/dev/rdisk1s3: fsck_apfs completed at Fri Feb 16 01:47:09 2024


/dev/rdisk1s5: fsck_apfs started at Fri Feb 16 01:47:09 2024
/dev/rdisk1s5: ** QUICKCHECK ONLY; FILESYSTEM CLEAN
/dev/rdisk1s5: fsck_apfs completed at Fri Feb 16 01:47:09 2024


/dev/rdisk1s4: fsck_apfs started at Fri Feb 16 01:47:09 2024
/dev/rdisk1s4: error: container /dev/rdisk1 is mounted with write access; please re-run with -l.
/dev/rdisk1s4: fsck_apfs completed at Fri Feb 16 01:47:09 2024


/dev/rdisk1s6: fsck_apfs started at Fri Feb 16 01:47:09 2024
/dev/rdisk1s6: error: container /dev/rdisk1 is mounted with write access; please re-run with -l.
/dev/rdisk1s6: fsck_apfs completed at Fri Feb 16 01:47:09 2024


/dev/rdisk1s5s1: fsck_apfs started at Fri Feb 16 01:47:09 2024
/dev/rdisk1s5s1: ** QUICKCHECK ONLY; FILESYSTEM CLEAN
/dev/rdisk1s5s1: fsck_apfs completed at Fri Feb 16 01:47:09 2024


/dev/rdisk1s1: fsck_apfs started at Fri Feb 16 01:49:43 2024
/dev/rdisk1s1: error: container /dev/rdisk1 is mounted with write access; please re-run with -l.
/dev/rdisk1s1: fsck_apfs completed at Fri Feb 16 01:49:43 2024


/dev/rdisk1s2: fsck_apfs started at Fri Feb 16 01:49:43 2024
/dev/rdisk1s2: error: container /dev/rdisk1 is mounted with write access; please re-run with -l.
/dev/rdisk1s2: fsck_apfs completed at Fri Feb 16 01:49:43 2024


/dev/rdisk1s3: fsck_apfs started at Fri Feb 16 01:49:43 2024
/dev/rdisk1s3: ** QUICKCHECK ONLY; FILESYSTEM CLEAN
/dev/rdisk1s3: fsck_apfs completed at Fri Feb 16 01:49:43 2024


/dev/rdisk1s4: fsck_apfs started at Fri Feb 16 01:49:43 2024
/dev/rdisk1s4: error: container /dev/rdisk1 is mounted with write access; please re-run with -l.
/dev/rdisk1s4: fsck_apfs completed at Fri Feb 16 01:49:43 2024


/dev/rdisk1s5: fsck_apfs started at Fri Feb 16 01:49:43 2024
/dev/rdisk1s5: ** QUICKCHECK ONLY; FILESYSTEM CLEAN
/dev/rdisk1s5: fsck_apfs completed at Fri Feb 16 01:49:43 2024


/dev/rdisk1s6: fsck_apfs started at Fri Feb 16 01:49:43 2024
/dev/rdisk1s6: error: container /dev/rdisk1 is mounted with write access; please re-run with -l.
/dev/rdisk1s6: fsck_apfs completed at Fri Feb 16 01:49:43 2024


/dev/rdisk1s5s1: fsck_apfs started at Fri Feb 16 01:49:43 2024
/dev/rdisk1s5s1: ** QUICKCHECK ONLY; FILESYSTEM CLEAN
/dev/rdisk1s5s1: fsck_apfs completed at Fri Feb 16 01:49:43 2024


/dev/rdisk1s1: fsck_apfs started at Mon Feb 19 13:03:08 2024
/dev/rdisk1s1: error: container /dev/rdisk1 is mounted with write access; please re-run with -l.
/dev/rdisk1s1: fsck_apfs completed at Mon Feb 19 13:03:08 2024


/dev/rdisk1s2: fsck_apfs started at Mon Feb 19 13:03:08 2024
/dev/rdisk1s2: error: container /dev/rdisk1 is mounted with write access; please re-run with -l.
/dev/rdisk1s2: fsck_apfs completed at Mon Feb 19 13:03:08 2024


/dev/rdisk1s3: fsck_apfs started at Mon Feb 19 13:03:08 2024
/dev/rdisk1s3: ** QUICKCHECK ONLY; FILESYSTEM CLEAN
/dev/rdisk1s3: fsck_apfs completed at Mon Feb 19 13:03:08 2024


/dev/rdisk1s4: fsck_apfs started at Mon Feb 19 13:03:08 2024
/dev/rdisk1s4: error: container /dev/rdisk1 is mounted with write access; please re-run with -l.
/dev/rdisk1s4: fsck_apfs completed at Mon Feb 19 13:03:08 2024


/dev/rdisk1s5: fsck_apfs started at Mon Feb 19 13:03:08 2024
/dev/rdisk1s5: ** QUICKCHECK ONLY; FILESYSTEM CLEAN
/dev/rdisk1s5: fsck_apfs completed at Mon Feb 19 13:03:08 2024


/dev/rdisk1s6: fsck_apfs started at Mon Feb 19 13:03:09 2024
/dev/rdisk1s6: error: container /dev/rdisk1 is mounted with write access; please re-run with -l.
/dev/rdisk1s6: fsck_apfs completed at Mon Feb 19 13:03:09 2024


/dev/rdisk1s5s1: fsck_apfs started at Mon Feb 19 13:03:09 2024
/dev/rdisk1s5s1: ** QUICKCHECK ONLY; FILESYSTEM CLEAN
/dev/rdisk1s5s1: fsck_apfs completed at Mon Feb 19 13:03:09 2024


/dev/rdisk1s1: fsck_apfs started at Mon Feb 19 21:18:29 2024
/dev/rdisk1s1: error: container /dev/rdisk1 is mounted with write access; please re-run with -l.
/dev/rdisk1s1: fsck_apfs completed at Mon Feb 19 21:18:29 2024


/dev/rdisk1s2: fsck_apfs started at Mon Feb 19 21:18:29 2024
/dev/rdisk1s2: error: container /dev/rdisk1 is mounted with write access; please re-run with -l.
/dev/rdisk1s2: fsck_apfs completed at Mon Feb 19 21:18:29 2024


/dev/rdisk1s3: fsck_apfs started at Mon Feb 19 21:18:29 2024
/dev/rdisk1s3: ** QUICKCHECK ONLY; FILESYSTEM CLEAN
/dev/rdisk1s3: fsck_apfs completed at Mon Feb 19 21:18:29 2024


/dev/rdisk1s4: fsck_apfs started at Mon Feb 19 21:18:29 2024
/dev/rdisk1s4: error: container /dev/rdisk1 is mounted with write access; please re-run with -l.
/dev/rdisk1s4: fsck_apfs completed at Mon Feb 19 21:18:29 2024


/dev/rdisk1s5: fsck_apfs started at Mon Feb 19 21:18:29 2024
/dev/rdisk1s5: ** QUICKCHECK ONLY; FILESYSTEM CLEAN
/dev/rdisk1s5: fsck_apfs completed at Mon Feb 19 21:18:29 2024


/dev/rdisk1s6: fsck_apfs started at Mon Feb 19 21:18:29 2024
/dev/rdisk1s6: error: container /dev/rdisk1 is mounted with write access; please re-run with -l.
/dev/rdisk1s6: fsck_apfs completed at Mon Feb 19 21:18:29 2024


/dev/rdisk1s5s1: fsck_apfs started at Mon Feb 19 21:18:29 2024
/dev/rdisk1s5s1: ** QUICKCHECK ONLY; FILESYSTEM CLEAN
/dev/rdisk1s5s1: fsck_apfs completed at Mon Feb 19 21:18:29 2024


/dev/rdisk1s3: fsck_apfs started at Mon Feb 19 22:17:00 2024
/dev/rdisk1s3: ** QUICKCHECK ONLY; FILESYSTEM CLEAN
/dev/rdisk1s3: fsck_apfs completed at Mon Feb 19 22:17:00 2024


/dev/rdisk3s1: fsck_apfs started at Mon Feb 19 22:18:39 2024
/dev/rdisk3s1: ** Checking the container superblock.
/dev/rdisk3s1:    Checking the checkpoint with transaction ID 144.
/dev/rdisk3s1: ** Checking the object map.
/dev/rdisk3s1: ** Checking volume /dev/rdisk3s1.
/dev/rdisk3s1: ** Checking the APFS volume superblock.
/dev/rdisk3s1:    The volume AppleTVOS 16.1 Simulator was formatted by newfs_apfs (1677.41.3.100.4) and last modified by apfs_kext (1677.41.3.100.4).
/dev/rdisk3s1: ** QUICKCHECK ONLY; FILESYSTEM CLEAN
/dev/rdisk3s1: fsck_apfs completed at Mon Feb 19 22:18:39 2024


/dev/rdisk3s1: fsck_apfs started at Mon Feb 19 22:18:39 2024
/dev/rdisk3s1: ** Checking the container superblock.
/dev/rdisk3s1:    Checking the checkpoint with transaction ID 144.
/dev/rdisk3s1: ** Checking the object map.
/dev/rdisk3s1: ** Checking volume /dev/rdisk3s1.
/dev/rdisk3s1: ** Checking the APFS volume superblock.
/dev/rdisk3s1:    The volume AppleTVOS 16.1 Simulator was formatted by newfs_apfs (1677.41.3.100.4) and last modified by apfs_kext (1677.41.3.100.4).
/dev/rdisk3s1: ** QUICKCHECK ONLY; FILESYSTEM CLEAN
/dev/rdisk3s1: fsck_apfs completed at Mon Feb 19 22:18:39 2024


/dev/rdisk3s1: fsck_apfs started at Mon Feb 19 22:18:40 2024
/dev/rdisk3s1: ** Checking the container superblock.
/dev/rdisk3s1:    Checking the checkpoint with transaction ID 144.
/dev/rdisk3s1: ** Checking the object map.
/dev/rdisk3s1: ** Checking volume /dev/rdisk3s1.
/dev/rdisk3s1: ** Checking the APFS volume superblock.
/dev/rdisk3s1:    The volume AppleTVOS 16.1 Simulator was formatted by newfs_apfs (1677.41.3.100.4) and last modified by apfs_kext (1677.41.3.100.4).
/dev/rdisk3s1: ** QUICKCHECK ONLY; FILESYSTEM CLEAN
/dev/rdisk3s1: fsck_apfs completed at Mon Feb 19 22:18:40 2024


/dev/rdisk3s1: fsck_apfs started at Mon Feb 19 22:18:40 2024
/dev/rdisk3s1: ** Checking the container superblock.
/dev/rdisk3s1:    Checking the checkpoint with transaction ID 144.
/dev/rdisk3s1: ** Checking the object map.
/dev/rdisk3s1: ** Checking volume /dev/rdisk3s1.
/dev/rdisk3s1: ** Checking the APFS volume superblock.
/dev/rdisk3s1:    The volume AppleTVOS 16.1 Simulator was formatted by newfs_apfs (1677.41.3.100.4) and last modified by apfs_kext (1677.41.3.100.4).
/dev/rdisk3s1: ** QUICKCHECK ONLY; FILESYSTEM CLEAN
/dev/rdisk3s1: fsck_apfs completed at Mon Feb 19 22:18:40 2024


/dev/rdisk5s1: fsck_apfs started at Mon Feb 19 22:19:54 2024
/dev/rdisk5s1: ** Checking the container superblock.
/dev/rdisk5s1:    Checking the checkpoint with transaction ID 233.
/dev/rdisk5s1: ** Checking the object map.
/dev/rdisk5s1: ** Checking volume /dev/rdisk5s1.
/dev/rdisk5s1: ** Checking the APFS volume superblock.
/dev/rdisk5s1:    The volume WatchOS 9.1 Simulator was formatted by newfs_apfs (1677.41.3.100.4) and last modified by apfs_kext (1677.41.3.100.4).
/dev/rdisk5s1: ** QUICKCHECK ONLY; FILESYSTEM CLEAN
/dev/rdisk5s1: fsck_apfs completed at Mon Feb 19 22:19:54 2024


/dev/rdisk5s1: fsck_apfs started at Mon Feb 19 22:19:54 2024
/dev/rdisk5s1: ** Checking the container superblock.
/dev/rdisk5s1:    Checking the checkpoint with transaction ID 233.
/dev/rdisk5s1: ** Checking the object map.
/dev/rdisk5s1: ** Checking volume /dev/rdisk5s1.
/dev/rdisk5s1: ** Checking the APFS volume superblock.
/dev/rdisk5s1:    The volume WatchOS 9.1 Simulator was formatted by newfs_apfs (1677.41.3.100.4) and last modified by apfs_kext (1677.41.3.100.4).
/dev/rdisk5s1: ** QUICKCHECK ONLY; FILESYSTEM CLEAN
/dev/rdisk5s1: fsck_apfs completed at Mon Feb 19 22:19:54 2024


/dev/rdisk21s1: fsck_apfs started at Mon Feb 19 22:37:17 2024
/dev/rdisk21s1: ** Checking the container superblock.
/dev/rdisk21s1:    Checking the checkpoint with transaction ID 119.
/dev/rdisk21s1: ** Checking the object map.
/dev/rdisk21s1: ** Checking volume /dev/rdisk21s1.
/dev/rdisk21s1: ** Checking the APFS volume superblock.
/dev/rdisk21s1:    The volume tvOS 17.2 21K364 Simulator was formatted by newfs_apfs (1677.41.3.101.1) and last modified by apfs_kext (1677.41.3.101.1).
/dev/rdisk21s1: ** QUICKCHECK ONLY; FILESYSTEM CLEAN
/dev/rdisk21s1: fsck_apfs completed at Mon Feb 19 22:37:17 2024


/dev/rdisk21s1: fsck_apfs started at Mon Feb 19 22:37:17 2024
/dev/rdisk21s1: ** Checking the container superblock.
/dev/rdisk21s1:    Checking the checkpoint with transaction ID 119.
/dev/rdisk21s1: ** Checking the object map.
/dev/rdisk21s1: ** Checking volume /dev/rdisk21s1.
/dev/rdisk21s1: ** Checking the APFS volume superblock.
/dev/rdisk21s1:    The volume tvOS 17.2 21K364 Simulator was formatted by newfs_apfs (1677.41.3.101.1) and last modified by apfs_kext (1677.41.3.101.1).
/dev/rdisk21s1: ** QUICKCHECK ONLY; FILESYSTEM CLEAN
/dev/rdisk21s1: fsck_apfs completed at Mon Feb 19 22:37:17 2024


/dev/rdisk21s1: fsck_apfs started at Mon Feb 19 22:37:18 2024
/dev/rdisk21s1: ** Checking the container superblock.
/dev/rdisk21s1:    Checking the checkpoint with transaction ID 119.
/dev/rdisk21s1: ** Checking the object map.
/dev/rdisk21s1: ** Checking volume /dev/rdisk21s1.
/dev/rdisk21s1: ** Checking the APFS volume superblock.
/dev/rdisk21s1:    The volume tvOS 17.2 21K364 Simulator was formatted by newfs_apfs (1677.41.3.101.1) and last modified by apfs_kext (1677.41.3.101.1).
/dev/rdisk21s1: ** QUICKCHECK ONLY; FILESYSTEM CLEAN
/dev/rdisk21s1: fsck_apfs completed at Mon Feb 19 22:37:18 2024


/dev/rdisk21s1: fsck_apfs started at Mon Feb 19 22:37:18 2024
/dev/rdisk21s1: ** Checking the container superblock.
/dev/rdisk21s1:    Checking the checkpoint with transaction ID 119.
/dev/rdisk21s1: ** Checking the object map.
/dev/rdisk21s1: ** Checking volume /dev/rdisk21s1.
/dev/rdisk21s1: ** Checking the APFS volume superblock.
/dev/rdisk21s1:    The volume tvOS 17.2 21K364 Simulator was formatted by newfs_apfs (1677.41.3.101.1) and last modified by apfs_kext (1677.41.3.101.1).
/dev/rdisk21s1: ** QUICKCHECK ONLY; FILESYSTEM CLEAN
/dev/rdisk21s1: fsck_apfs completed at Mon Feb 19 22:37:18 2024


/dev/rdisk1s1: fsck_apfs started at Mon Feb 19 22:40:18 2024
/dev/rdisk1s1: error: container /dev/rdisk1 is mounted with write access; please re-run with -l.
/dev/rdisk1s1: fsck_apfs completed at Mon Feb 19 22:40:18 2024


/dev/rdisk1s2: fsck_apfs started at Mon Feb 19 22:40:18 2024
/dev/rdisk1s2: error: container /dev/rdisk1 is mounted with write access; please re-run with -l.
/dev/rdisk1s2: fsck_apfs completed at Mon Feb 19 22:40:18 2024


/dev/rdisk1s3: fsck_apfs started at Mon Feb 19 22:40:18 2024
/dev/rdisk1s3: ** QUICKCHECK ONLY; FILESYSTEM CLEAN
/dev/rdisk1s3: fsck_apfs completed at Mon Feb 19 22:40:18 2024


/dev/rdisk1s4: fsck_apfs started at Mon Feb 19 22:40:18 2024
/dev/rdisk1s4: error: container /dev/rdisk1 is mounted with write access; please re-run with -l.
/dev/rdisk1s4: fsck_apfs completed at Mon Feb 19 22:40:18 2024


/dev/rdisk1s5: fsck_apfs started at Mon Feb 19 22:40:18 2024
/dev/rdisk1s5: ** QUICKCHECK ONLY; FILESYSTEM CLEAN
/dev/rdisk1s5: fsck_apfs completed at Mon Feb 19 22:40:18 2024


/dev/rdisk1s6: fsck_apfs started at Mon Feb 19 22:40:18 2024
/dev/rdisk1s6: error: container /dev/rdisk1 is mounted with write access; please re-run with -l.
/dev/rdisk1s6: fsck_apfs completed at Mon Feb 19 22:40:18 2024


/dev/rdisk1s5s1: fsck_apfs started at Mon Feb 19 22:40:18 2024
/dev/rdisk1s5s1: ** QUICKCHECK ONLY; FILESYSTEM CLEAN
/dev/rdisk1s5s1: fsck_apfs completed at Mon Feb 19 22:40:18 2024


/dev/rdisk3s1: fsck_apfs started at Mon Feb 19 23:28:29 2024
/dev/rdisk3s1: ** Checking the container superblock.
/dev/rdisk3s1:    Checking the checkpoint with transaction ID 119.
/dev/rdisk3s1: ** Checking the object map.
/dev/rdisk3s1: ** Checking volume /dev/rdisk3s1.
/dev/rdisk3s1: ** Checking the APFS volume superblock.
/dev/rdisk3s1:    The volume tvOS 17.2 21K364 Simulator was formatted by newfs_apfs (1677.41.3.101.1) and last modified by apfs_kext (1677.41.3.101.1).
/dev/rdisk3s1: ** QUICKCHECK ONLY; FILESYSTEM CLEAN
/dev/rdisk3s1: fsck_apfs completed at Mon Feb 19 23:28:29 2024



/dev/rdisk19s1: fsck_apfs started at Mon Feb 19 23:28:31 2024
/dev/rdisk19s1: ** Checking the container superblock.
/dev/rdisk19s1:    Checking the checkpoint with transaction ID 144.
/dev/rdisk19s1: ** Checking the object map.
/dev/rdisk19s1: ** Checking volume /dev/rdisk19s1.
/dev/rdisk19s1: ** Checking the APFS volume superblock.
/dev/rdisk19s1:    The volume AppleTVOS 16.1 Simulator was formatted by newfs_apfs (1677.41.3.100.4) and last modified by apfs_kext (1677.41.3.100.4).
/dev/rdisk19s1: ** QUICKCHECK ONLY; FILESYSTEM CLEAN
/dev/rdisk19s1: fsck_apfs completed at Mon Feb 19 23:28:31 2024



/dev/rdisk21s1: fsck_apfs started at Mon Feb 19 23:28:31 2024
/dev/rdisk21s1: ** Checking the container superblock.
/dev/rdisk21s1:    Checking the checkpoint with transaction ID 232.
/dev/rdisk21s1: ** Checking the object map.
/dev/rdisk21s1: ** Checking volume /dev/rdisk21s1.
/dev/rdisk21s1: ** Checking the APFS volume superblock.
/dev/rdisk21s1:    The volume iOS 17.0.1 21A342 Simulator was formatted by newfs_apfs (1677.41.3.101.1) and last modified by apfs_kext (1677.41.3.101.1).
/dev/rdisk21s1: ** QUICKCHECK ONLY; FILESYSTEM CLEAN
/dev/rdisk21s1: fsck_apfs completed at Mon Feb 19 23:28:31 2024


/dev/rdisk21s1: fsck_apfs started at Mon Feb 19 23:28:31 2024
/dev/rdisk21s1: ** Checking the container superblock.
/dev/rdisk21s1:    Checking the checkpoint with transaction ID 232.
/dev/rdisk21s1: ** Checking the object map.
/dev/rdisk21s1: ** Checking volume /dev/rdisk21s1.
/dev/rdisk21s1: ** Checking the APFS volume superblock.
/dev/rdisk21s1:    The volume iOS 17.0.1 21A342 Simulator was formatted by newfs_apfs (1677.41.3.101.1) and last modified by apfs_kext (1677.41.3.101.1).
/dev/rdisk21s1: ** QUICKCHECK ONLY; FILESYSTEM CLEAN
/dev/rdisk21s1: fsck_apfs completed at Mon Feb 19 23:28:31 2024


/dev/rdisk1s1: fsck_apfs started at Tue Mar  5 15:34:34 2024
/dev/rdisk1s1: error: container /dev/rdisk1 is mounted with write access; please re-run with -l.
/dev/rdisk1s1: fsck_apfs completed at Tue Mar  5 15:34:34 2024


/dev/rdisk1s2: fsck_apfs started at Tue Mar  5 15:34:34 2024
/dev/rdisk1s2: error: container /dev/rdisk1 is mounted with write access; please re-run with -l.
/dev/rdisk1s2: fsck_apfs completed at Tue Mar  5 15:34:34 2024


/dev/rdisk1s3: fsck_apfs started at Tue Mar  5 15:34:34 2024
/dev/rdisk1s3: ** QUICKCHECK ONLY; FILESYSTEM CLEAN
/dev/rdisk1s3: fsck_apfs completed at Tue Mar  5 15:34:34 2024


/dev/rdisk1s4: fsck_apfs started at Tue Mar  5 15:34:34 2024
/dev/rdisk1s4: error: container /dev/rdisk1 is mounted with write access; please re-run with -l.
/dev/rdisk1s4: fsck_apfs completed at Tue Mar  5 15:34:34 2024


/dev/rdisk1s5: fsck_apfs started at Tue Mar  5 15:34:34 2024
/dev/rdisk1s5: ** QUICKCHECK ONLY; FILESYSTEM CLEAN
/dev/rdisk1s5: fsck_apfs completed at Tue Mar  5 15:34:34 2024


/dev/rdisk1s6: fsck_apfs started at Tue Mar  5 15:34:34 2024
/dev/rdisk1s6: error: container /dev/rdisk1 is mounted with write access; please re-run with -l.
/dev/rdisk1s6: fsck_apfs completed at Tue Mar  5 15:34:34 2024


/dev/rdisk1s5s1: fsck_apfs started at Tue Mar  5 15:34:34 2024
/dev/rdisk1s5s1: ** QUICKCHECK ONLY; FILESYSTEM CLEAN
/dev/rdisk1s5s1: fsck_apfs completed at Tue Mar  5 15:34:34 2024


/dev/rdisk1s1: fsck_apfs started at Sun Mar 24 19:11:42 2024
/dev/rdisk1s1: error: container /dev/rdisk1 is mounted with write access; please re-run with -l.
/dev/rdisk1s1: fsck_apfs completed at Sun Mar 24 19:11:42 2024


/dev/rdisk1s2: fsck_apfs started at Sun Mar 24 19:11:42 2024
/dev/rdisk1s2: error: container /dev/rdisk1 is mounted with write access; please re-run with -l.
/dev/rdisk1s2: fsck_apfs completed at Sun Mar 24 19:11:42 2024


/dev/rdisk1s3: fsck_apfs started at Sun Mar 24 19:11:42 2024
/dev/rdisk1s3: ** QUICKCHECK ONLY; FILESYSTEM CLEAN
/dev/rdisk1s3: fsck_apfs completed at Sun Mar 24 19:11:42 2024


/dev/rdisk1s5: fsck_apfs started at Sun Mar 24 19:11:42 2024
/dev/rdisk1s5: ** QUICKCHECK ONLY; FILESYSTEM CLEAN
/dev/rdisk1s5: fsck_apfs completed at Sun Mar 24 19:11:42 2024


/dev/rdisk1s4: fsck_apfs started at Sun Mar 24 19:11:42 2024
/dev/rdisk1s4: error: container /dev/rdisk1 is mounted with write access; please re-run with -l.
/dev/rdisk1s4: fsck_apfs completed at Sun Mar 24 19:11:42 2024


/dev/rdisk1s6: fsck_apfs started at Sun Mar 24 19:11:42 2024
/dev/rdisk1s6: error: container /dev/rdisk1 is mounted with write access; please re-run with -l.
/dev/rdisk1s6: fsck_apfs completed at Sun Mar 24 19:11:42 2024


/dev/rdisk1s5s1: fsck_apfs started at Sun Mar 24 19:11:42 2024
/dev/rdisk1s5s1: ** QUICKCHECK ONLY; FILESYSTEM CLEAN
/dev/rdisk1s5s1: fsck_apfs completed at Sun Mar 24 19:11:42 2024

