
Files:

File: ./logs/Windows10Pro/INF/setupapi.offline.log
  About:
      filetype      : TEXT UTF8/ASCII (text log)
      logmessagetype: text log lines
  Printed:
      bytes         : 3826
      flushes       : 6
      lines         : 26
      syslines      : 6
      datetime first: 2020-05-27 11:29:27 +08:00 (2020-05-27 03:29:27.787000 +00:00)
      datetime last : 2020-05-27 12:07:06 +08:00 (2020-05-27 04:07:06.604000 +00:00)
  Processed:
      file size     : 1919 (0x77F) (bytes)
      bytes         : 1919 (0x77F)
      bytes total   : 1919 (0x77F)
      block size    : 256 (0x100)
      blocks        : 8
      blocks total  : 8 (2048 bytes)
      lines         : 27
      line parts    : 35
      syslines      : 6
      syslines high : 5
      datetime first: 2020-05-27 11:29:27 +08:00 (2020-05-27 03:29:27.787000 +00:00)
      datetime last : 2020-05-27 12:07:06 +08:00 (2020-05-27 04:07:06.604000 +00:00)
      out of order  : 0
  Parsers:
  Processing Stores:
      storage: LineReader::find_line() lines                       : hit   3, miss  52,  5.5%
      caching: LineReader::find_line() LRU cache                   : hit  10, miss  28, 26.3%, put  27
      copying: SyslineReader::get_boxptrs()                        : sgl 529, dbl    7, mult   0
      storage: SyslineReader::find_sysline() syslines              : hit   0, miss   7,  0.0%
      caching: SyslineReader::find_sysline() syslines_by_range_map : hit   0, miss   2,  0.0%, put   1
      caching: SyslineReader::find_sysline() LRU cache             : hit   0, miss   7,  0.0%, put   6
      caching: SyslineReader::parse_datetime_in_line() LRU cache   : hit   6, miss  30, 16.7%, put   0
      optimize:SyslineReader::ezcheck12                            : hit   0, miss   0,  0.0%, largest skipped 0
      optimize:SyslineReader::ezcheckd2                            : hit  24, miss  28, 46.2%, largest skipped 42
      optimize:SyslineReader::ezcheck12d2                          : hit 176, miss 308, 36.4%, largest skipped 44
      process: regex captures                                      : hit   6, miss 330
  Processing Drops:

Program Summary:

Paths considered       : 1
Paths not processed    : 0
Files processed        : 1
Files printed          : 1
Printed bytes          : 3851
Printed flushes        : 13
Printed lines          : 26
Printed syslines       : 6
Printed ASL events     : 0
Printed ETL events     : 0
Printed EVTX events    : 0
Printed fixedstruct    : 0
Printed journal events : 0
Printed ODL events     : 0
Managed files max def. : 200
Managed files max adj. : 200
Managed files high     : 1
Managed request open   : 1
Managed request read   : 0
Managed read calls     : 8
Managed write calls    : 0
Managed seek calls     : 8
Managed metadata calls : 1
Managed open errors    : 0
Managed evict fails    : 0
Regex patterns known   : 188
Regex patterns compiled: 188
Datetime filter -a     : 1999-03-03 00:00:00 +00:00 (1999-03-03 00:00:00.000000 +00:00)
Datetime printed first : 2020-05-27 11:29:27 +08:00 (2020-05-27 03:29:27.787000 +00:00)
Datetime printed last  : 2020-05-27 12:07:06 +08:00 (2020-05-27 04:07:06.604000 +00:00)
Datetime filter -b     : 2026-01-02 00:00:00 +00:00 (2026-01-02 00:00:00.000000 +00:00)
Channel Receive ok     : 8
Channel Receive err    : 0
Threads Spawned        : 1
Thread Spawn errors    : 0
Temporary files created: 0
Platform               : x86_64-unknown-linux-gnu
Allocator              : system
