
Files:

File: ./logs/Windows10Pro/INF/setupapi.upgrade.log
  About:
      FileType      : TEXT UTF8/ASCII (text log)
      LogMessageType: text log lines
      Thread stack  : 102400 (bytes)
  Printed:
      bytes         : 16901
      flushes       : 12
      Lines         : 128
      Syslines      : 5
      Datetime first: 2020-05-21 11:03:50 +08:00 (2020-05-21 03:03:50.069000 +00:00)
      Datetime last : 2020-05-27 11:27:05 +08:00 (2020-05-27 03:27:05.575000 +00:00)
  Processed:
      file size     : 7330 (0x1CA2) (bytes)
      bytes         : 7330 (0x1CA2)
      bytes total   : 7330 (0x1CA2)
      Block size    : 256 (0x100)
      Blocks        : 29
      Blocks total  : 29 (7424 bytes)
      Lines         : 129
      Line longest  : 160 (bytes)
      Line parts    : 158
      Syslines      : 5
      Sysline longest: 6800 (bytes)
      Syslines high : 5
      Datetime first: 2020-05-21 11:03:50 +08:00 (2020-05-21 03:03:50.069000 +00:00)
      Datetime last : 2020-05-27 11:27:05 +08:00 (2020-05-27 03:27:05.575000 +00:00)
      out of order  : 0
  Parsers:
  Processing stores:
      storage: LineReader::find_line() lines                       : hit   3, miss 256,  1.2%
      caching: LineReader::find_line() LRU cache                   : hit   9, miss 130,  6.5%, put 129
      copying: SyslineReader::get_boxptrs()                        : sgl 610, dbl   28, mult   0
      storage: SyslineReader::find_sysline() syslines              : hit   0, miss   6,  0.0%
      caching: SyslineReader::find_sysline() syslines_by_range_map : hit   0, miss   2,  0.0%, put   1
      caching: SyslineReader::find_sysline() LRU cache             : hit   0, miss   6,  0.0%, put   5
      caching: SyslineReader::parse_datetime_in_line() LRU cache   : hit   5, miss 132,  3.6%, put   0
      optimize:SyslineReader::ezcheck12                            : hit   0, miss   0,  0.0%, largest skipped 0
      optimize:SyslineReader::ezcheckd2                            : hit  29, miss  23, 55.8%, largest skipped 29
      optimize:SyslineReader::ezcheck12d2                          : hit 251, miss 335, 42.8%, largest skipped 112
      process: regex captures                                      : hit   5, miss 353
  Processing Drops:

Program summary:

Paths considered       : 1
Paths not processed    : 0
Files processed        : 1
Files printed          : 1
Printed bytes          : 16922
Printed flushes        : 18
Printed Lines          : 128
Printed Syslines       : 5
Printed ASL events     : 0
Printed ETL events     : 0
Printed EVTX events    : 0
Printed FixedStruct    : 0
Printed Journal events : 0
Printed ODL events     : 0
Line Maximum                   : 393209
Line longest                   : 160
Sysline longest                : 6800
EVTX event largest processed   : 0
EVTX event largest accepted    : 0
Journal event largest processed: 0
Journal event largest accepted : 0
Managed files max deflt: 980
Managed files max adjus: 200
Managed handles high   : 1
Managed request open   : 1
Managed request read   : 0
Managed write calls    : 0
Managed seek calls     : 29
Managed metadata calls : 1
Managed open errors    : 0
Managed evict fails    : 0
Regex patterns known   : 188
Regex patterns compiled: 188
Datetime filter -a     : 1999-03-03 00:00:00 +00:00 (1999-03-03 00:00:00.000000 +00:00)
Datetime printed first : 2020-05-21 11:03:50 +08:00 (2020-05-21 03:03:50.069000 +00:00)
Datetime printed last  : 2020-05-27 11:27:05 +08:00 (2020-05-27 03:27:05.575000 +00:00)
Datetime filter -b     : 2026-01-02 00:00:00 +00:00 (2026-01-02 00:00:00.000000 +00:00)
Channel receive ok     : 7
Channel receive err    : 0
Threads spawned        : 1
Thread spawn errors    : 0
Temporary files created: 0
Platform               : x86_64-unknown-linux-gnu
Allocator              : system
