2024-03-01T10:55:02-08:00 0x00005458         RoomsPlatformUtils: Process invoked without rooms flag, no platform ID override provided
2024-03-01T10:55:02-08:00 0x00005458         BackgroundTaskBase: Registering msteamsupdate.exe as bgtask com server for task: TeamsAsyncUpdaterTask
2024-03-01T10:55:02-08:00 0x00005458         Scenario: shell_bgtask_comserverregistration [start,success] Scenario.Status:success, Scenario.Step:start, delta:0, elapsed:0, elapsedSinceProcessStart:90, sequence:0
2024-03-01T10:55:02-08:00 0x000076f0         AsyncUpdaterTask: Starting updater background task
2024-03-01T10:55:02-08:00 0x000076f0         Scenario: shell_ecs_refresh [start,success] Scenario.Status:success, Scenario.Step:start, delta:0, elapsed:0, elapsedSinceProcessStart:96, sequence:0
2024-03-01T10:55:02-08:00 0x000076f0         Scenario: shell_peristent_storage_read [start,success] Scenario.Status:success, Scenario.Step:start, delta:0, elapsed:13, elapsedSinceProcessStart:109, sequence:0
2024-03-01T10:55:02-08:00 0x000076f0         Scenario: shell_peristent_storage_read [stop,abandoned] InstanceId:00000000-1111-2222-92bb-012345678911, Scenario.Mode:1, Scenario.Name:shell_peristent_storage_read, Scenario.Status:abandoned, Scenario.Step:stop, delta:0, elapsed:13, elapsedSinceProcessStart:109, error:no such file or directory, fileName:configuration.json, previousStep:start, sequence:1, stepDelta:0
2024-03-01T10:55:02-08:00 0x000076f0         Scenario: shell_peristent_storage_read [start,success] Scenario.Status:success, Scenario.Step:start, delta:0, elapsed:16, elapsedSinceProcessStart:112, sequence:0
2024-03-01T10:55:02-08:00 0x000076f0         Scenario: shell_peristent_storage_read [stop,success] InstanceId:00000000-1111-2222-afee-012345678911, Scenario.Mode:1, Scenario.Name:shell_peristent_storage_read, Scenario.Status:success, Scenario.Step:stop, delta:2, elapsed:18, elapsedSinceProcessStart:114, fileName:ecs_request_param.json, previousStep:start, sequence:1, stepDelta:2
2024-03-01T10:55:02-08:00 0x000076f0         TelemetryService: No primary user detected during a SetUserTenantId Call, setting 00000000-1111-2222-b112-012345678911 as default tenant
2024-03-01T10:55:02-08:00 0x000076f0         TelemetryService: No primary user detected during a SetUserId Call, setting 00000000-1111-2222-ecea-012345678911 as UserInfo_Id
2024-03-01T10:55:02-08:00 0x000076f0         AsyncUpdaterTask: Starting ecs fetch
2024-03-01T10:55:02-08:00 0x000076f0         Scenario: shell_ecs_cache [start,success] Scenario.Status:success, Scenario.Step:start, delta:0, elapsed:23, elapsedSinceProcessStart:119, sequence:0
2024-03-01T10:55:02-08:00 0x000076f0         Scenario: shell_ecs_cache [stop,success] InstanceId:00000000-1111-2222-a54d-012345678911, LatestVersion:23247.1113.2398.2671, LatestVersionPath:/BuildSettings/WebView2/x64/latestVersion, Scenario.Mode:1, Scenario.Name:shell_ecs_cache, Scenario.Status:success, Scenario.Step:stop, StatusCode:200, TeamsBuilds:["arm64","latestVersion","x64","x86"], TeamsWebView2:["app","auth","autostart","core","deviceCapability","ecs","extensibility","logging","meetNow","nativeModules","nbaFinalExperience","security","systemTray","taskbar","telemetry","thirdPartyDevices","tma","toasts","update","uxStateError","webLauncher","webNrc","webview","windowcontrols"], configExpiryTimeInSec:0, delta:2, elapsed:25, elapsedSinceProcessStart:121, expiry:Wed, 11 Oct 2023 17:55:20 GMT, previousStep:start, process:updater, requestParameters:{"ClientId":"00000000-1111-2222-a544-012345678911","aaduserid":"00000000-1111-2222-ecea-012345678911","agents":"TeamsBuilds,TeamsWebview2","audience":"general","cloud":"Consumer","cpuarch":"x64","desktopVersion":"23247.1113.2398.2671","environment":"life","id":"00000000-1111-2222-ecea-012345678911","osplatform":"windows","osversion":"10.0.22621","teamsring":"general","tenantId":"00000000-1111-2222-b112-012345678911"}, sequence:1, stepDelta:2
2024-03-01T10:55:02-08:00 0x000076f0         EcsFetchCompletion: Ecs settings less than 60s to expiring. Keeping bg task alive until then
2024-03-01T10:55:02-08:00 0x000076f0         AsyncUpdaterTask: Completed ecs fetch. Result is 258
2024-03-01T10:55:02-08:00 0x000076f0         Scenario: shell_ecs_refresh [stop,timeout] InstanceId:00000000-1111-2222-a322-012345678911, Scenario.Mode:1, Scenario.Name:shell_ecs_refresh, Scenario.Status:timeout, Scenario.Step:stop, delta:120000, elapsed:120000, elapsedSinceProcessStart:120096, previousStep:start, reason:Fetch exceeded 60s in update background task, sequence:1, stepDelta:120000
2024-03-01T10:55:02-08:00 0x000076f0         GetBuildDaysTillEnd: Current build age is: 179
2024-03-01T10:55:02-08:00 0x000076f0         Scenario: shell_msix_update [start,success] Scenario.Status:success, Scenario.Step:start, delta:0, elapsed:98, elapsedSinceProcessStart:194, sequence:0
2024-03-01T10:55:02-08:00 0x000076f0 <ERROR> DeploymentProviderMSIX: Already up to date
2024-03-01T10:55:02-08:00 0x000076f0 <ERROR> WIL: msteamsupdate.exe!0123456789112345: LogHr(1) tid(76f0) 800704C7 The operation was canceled by the user.

2024-03-01T10:55:02-08:00 0x000076f0 <ERROR> WIL: msteamsupdate.exe!0123456789112345: ReturnHr(1) tid(76f0) 800704C7 The operation was canceled by the user.

    Msg:[winrt::hresult_error: The operation was canceled by the user.] 
2024-03-01T10:55:02-08:00 0x000076f0         Scenario: shell_msix_update [stop,success] CurrentVersion:23247.1113.2398.2671, DeviceInfo_OfficeMachineId:, ErrorText:, ExtendedErrorCode:0x0
, GenericErrorCode:0x800704c7
, InstanceId:00000000-1111-2222-a3bf-012345678911, LatestVersion:23247.1113.2398.2671, Scenario.Mode:3, Scenario.Name:shell_msix_update, Scenario.Status:success, Scenario.Step:stop, Scenario.Steps:[{"Scenario.Status":"success","Scenario.Step":"stop","delta":0,"elapsed":98,"elapsedSinceProcessStart":194,"previousStep":"start","sequence":1,"stepDelta":0}], Scenario.StepsEx:[{"CurrentVersion":"23247.1113.2398.2671","DeviceInfo_OfficeMachineId":"","ErrorText":"","ExtendedErrorCode":"0x0\n","GenericErrorCode":"0x800704c7\n","LatestVersion":"23247.1113.2398.2671","UpdateCheckReason":"BgUpdateCheck","UpdateFailureCount":59,"UpdateUrl":"https://statics.teams.cdn.office.net/production-windows-x64/23247.1113.2398.2671/MicrosoftTeams-x64.msix","reason":"uptodate","update-current-version":"23247.1113.2398.2671"}], UpdateCheckReason:BgUpdateCheck, UpdateFailureCount:59, UpdateUrl:https://statics.teams.cdn.office.net/production-windows-x64/23247.1113.2398.2671/MicrosoftTeams-x64.msix, delta:0, elapsed:98, elapsedSinceProcessStart:194, previousStep:start, reason:uptodate, sequence:1, stepDelta:0, update-current-version:23247.1113.2398.2671
2024-03-01T10:55:02-08:00 0x000076f0         Scenario: shell_install_msi_addin [start,success] Scenario.Status:success, Scenario.Step:start, delta:0, elapsed:99, elapsedSinceProcessStart:195, sequence:0
2024-03-01T10:55:02-08:00 0x000076f0         Scenario: shell_install_msi_addin [stop,abandoned] InstanceId:00000000-1111-2222-8a93-012345678911, Scenario.Mode:3, Scenario.Name:shell_install_msi_addin, Scenario.Status:abandoned, Scenario.Step:stop, Scenario.Steps:[{"Scenario.Status":"abandoned","Scenario.Step":"stop","delta":0,"elapsed":99,"elapsedSinceProcessStart":195,"previousStep":"start","sequence":1,"stepDelta":0}], Scenario.StepsEx:[{"UpdateCheckReason":"BackgroundUpdate","reason":"flag_off"}], UpdateCheckReason:BackgroundUpdate, delta:0, elapsed:99, elapsedSinceProcessStart:195, previousStep:start, reason:flag_off, sequence:1, stepDelta:0
2024-03-01T10:55:02-08:00 0x000076f0         AsyncUpdaterTask: Updater task completed
2024-03-01T10:55:02-08:00 0x00005458         Scenario: shell_bgtask_comserverregistration [stop,success] InstanceId:00000000-1111-2222-99e3-012345678911, Scenario.Mode:3, Scenario.Name:shell_bgtask_comserverregistration, Scenario.Status:success, Scenario.Step:stop, Scenario.Steps:[{"Scenario.Status":"success","Scenario.Step":"stop","delta":106,"elapsed":106,"elapsedSinceProcessStart":196,"previousStep":"start","sequence":1,"stepDelta":106}], Scenario.StepsEx:[{"taskName":"TeamsAsyncUpdaterTask"}], delta:106, elapsed:106, elapsedSinceProcessStart:196, previousStep:start, sequence:1, stepDelta:106, taskName:TeamsAsyncUpdaterTask
2024-03-01T10:55:03-08:00 0x00005458         TelemetryService: Telemetry service stopped
