Fri Jan  5 04:00:28 2018(298)-> ProtectionMerge: postponing merge until first XPC message for CPU boost
Fri Jan  5 04:06:05 2018(269)-> ProtectionMerge: postponing merge until first XPC message for CPU boost
Fri Jan  5 04:10:34 2018(292)-> ProtectionMerge: postponing merge until first XPC message for CPU boost
Fri Jan  5 04:34:49 2018(335)-> ProtectionMerge: postponing merge until first XPC message for CPU boost
Thu Jan 11 06:33:55 2018(431)-> ProtectionMerge: postponing merge until first XPC message for CPU boost
Thu Jan 11 06:45:32 2018(293)-> ProtectionMerge: postponing merge until first XPC message for CPU boost
Fri Jan 12 03:08:15 2018(396)-> ProtectionMerge: postponing merge until first XPC message for CPU boost
Fri Jan 26 04:10:39 2018(459)-> ProtectionMerge: postponing merge until first XPC message for CPU boost
Fri Jan 26 04:34:44 2018(304)-> ProtectionMerge: postponing merge until first XPC message for CPU boost
Fri Jan 26 06:28:36 2018(303)-> ProtectionMerge: postponing merge until first XPC message for CPU boost
Fri Feb 16 05:57:42 2018(450)-> ProtectionMerge: postponing merge until first XPC message for CPU boost
Wed Feb 28 03:59:41 2018(441)-> ProtectionMerge: postponing merge until first XPC message for CPU boost
Wed Feb 28 05:32:27 2018(287)-> ProtectionMerge: postponing merge until first XPC message for CPU boost
Tue Apr 10 23:34:20 2018(478)-> ProtectionMerge: postponing merge until first XPC message for CPU boost
Tue Apr 10 23:48:52 2018(265)-> ProtectionMerge: postponing merge until first XPC message for CPU boost
Wed Apr 11 00:21:46 2018(311)-> ProtectionMerge: postponing merge until first XPC message for CPU boost
Wed Apr 11 00:28:16 2018(286)-> ProtectionMerge: postponing merge until first XPC message for CPU boost
Wed Apr 11 01:08:30 2018(336)-> ProtectionMerge: postponing merge until first XPC message for CPU boost
Thu Jun  7 03:44:03 2018(330)-> ProtectionMerge: postponing merge until first XPC message for CPU boost
Thu Jun  7 03:58:09 2018(268)-> ProtectionMerge: postponing merge until first XPC message for CPU boost
Fri Jun  8 06:05:54 2018(334)-> ProtectionMerge: postponing merge until first XPC message for CPU boost
Thu Jun 14 08:19:26 2018(427)-> ProtectionMerge: postponing merge until first XPC message for CPU boost
Thu Aug  9 02:12:00 2018(434)-> ProtectionMerge: postponing merge until first XPC message for CPU boost
Thu Aug  9 08:06:15 2018(271)-> ProtectionMerge: postponing merge until first XPC message for CPU boost
Thu Sep 13 01:46:33 2018(350)-> ProtectionMerge: postponing merge until first XPC message for CPU boost
Wed Nov 28 01:21:21 2018(341)-> ProtectionMerge: postponing merge until first XPC message for CPU boost
Wed Nov 28 01:38:46 2018(286)-> ProtectionMerge: postponing merge until first XPC message for CPU boost
Tue Dec  4 11:17:44 2018(431)-> ProtectionMerge: postponing merge until first XPC message for CPU boost
Tue Dec  4 11:51:39 2018(334)-> ProtectionMerge: postponing merge until first XPC message for CPU boost
Thu Jan 24 04:42:38 2019(415)-> ProtectionMerge: postponing merge until first XPC message for CPU boost
Thu Jan 24 04:58:42 2019(281)-> ProtectionMerge: postponing merge until first XPC message for CPU boost
Wed Mar  6 22:04:46 2019(480)-> ProtectionMerge: postponing merge until first XPC message for CPU boost
Wed Mar  6 22:51:10 2019(393)-> ProtectionMerge: postponing merge until first XPC message for CPU boost
Thu Mar  7 00:06:46 2019(316)-> ProtectionMerge: postponing merge until first XPC message for CPU boost
Thu Mar  7 00:16:10 2019(298)-> ProtectionMerge: postponing merge until first XPC message for CPU boost
Wed Mar 27 09:09:11 2019(314)-> ProtectionMerge: postponing merge until first XPC message for CPU boost
Wed Mar 27 09:23:24 2019(302)-> ProtectionMerge: postponing merge until first XPC message for CPU boost
Thu Mar 28 01:21:18 2019(345)-> ProtectionMerge: postponing merge until first XPC message for CPU boost
Tue May 14 05:00:14 2019(328)-> ProtectionMerge: postponing merge until first XPC message for CPU boost
Tue May 14 05:16:58 2019(293)-> ProtectionMerge: postponing merge until first XPC message for CPU boost
Mon Jul 22 11:53:53 2019(313)-> ProtectionMerge: postponing merge until first XPC message for CPU boost
Mon Jul 22 12:05:30 2019(296)-> ProtectionMerge: postponing merge until first XPC message for CPU boost
Tue Aug  6 07:21:57 2019(328)-> ProtectionMerge: postponing merge until first XPC message for CPU boost
Wed Aug 14 06:18:31 2019(338)-> ProtectionMerge: postponing merge until first XPC message for CPU boost
Wed Aug 14 06:27:15 2019(295)-> ProtectionMerge: postponing merge until first XPC message for CPU boost
Tue Aug 20 10:08:26 2019(469)-> ProtectionMerge: postponing merge until first XPC message for CPU boost
Tue Aug 20 10:19:40 2019(298)-> ProtectionMerge: postponing merge until first XPC message for CPU boost
Tue Aug 20 17:02:28 2019(350)-> ProtectionMerge: postponing merge until first XPC message for CPU boost
Tue Aug 20 20:43:44 2019(363)-> ProtectionMerge: postponing merge until first XPC message for CPU boost
Tue Aug 20 22:19:05 2019(448)-> ProtectionMerge: postponing merge until first XPC message for CPU boost
Tue Aug 20 23:15:36 2019(350)-> ProtectionMerge: postponing merge until first XPC message for CPU boost
Wed Aug 28 16:24:05 2019(328)-> ProtectionMerge: postponing merge until first XPC message for CPU boost
Tue Oct  1 07:02:02 2019(300)-> ProtectionMerge: postponing merge until first XPC message for CPU boost
Tue Oct  1 07:20:10 2019(299)-> ProtectionMerge: postponing merge until first XPC message for CPU boost
Tue Oct  1 08:47:47 2019(288)-> ProtectionMerge: postponing merge until first XPC message for CPU boost
Tue Oct  1 08:56:48 2019(290)-> ProtectionMerge: postponing merge until first XPC message for CPU boost
Fri Oct 11 03:30:58 2019(309)-> ProtectionMerge: postponing merge until first XPC message for CPU boost
Fri Oct 11 04:27:50 2019(460)-> ProtectionMerge: postponing merge until first XPC message for CPU boost
Fri Oct 18 02:31:01 2019(408)-> ProtectionMerge: postponing merge until first XPC message for CPU boost
Fri Oct 18 02:42:45 2019(491)-> ProtectionMerge: postponing merge until first XPC message for CPU boost
Fri Nov  1 05:45:41 2019(412)-> ProtectionMerge: postponing merge until first XPC message for CPU boost
Fri Nov  1 06:08:46 2019(490)-> ProtectionMerge: postponing merge until first XPC message for CPU boost
Fri Nov  1 06:54:34 2019(411)-> ProtectionMerge: postponing merge until first XPC message for CPU boost
Fri Nov  1 07:21:49 2019(408)-> ProtectionMerge: postponing merge until first XPC message for CPU boost
Thu Nov  7 08:53:25 2019(423)-> ProtectionMerge: postponing merge until first XPC message for CPU boost
Fri Nov  8 03:05:20 2019(432)-> ProtectionMerge: postponing merge until first XPC message for CPU boost
Thu Dec  5 02:25:30 2019(421)-> ProtectionMerge: postponing merge until first XPC message for CPU boost
Thu Dec  5 02:38:35 2019(407)-> ProtectionMerge: postponing merge until first XPC message for CPU boost
Thu Dec  5 02:49:30 2019(415)-> ProtectionMerge: postponing merge until first XPC message for CPU boost
Tue Dec 10 23:47:49 2019(419)-> ProtectionMerge: postponing merge until first XPC message for CPU boost
Wed Dec 11 00:06:32 2019(495)-> ProtectionMerge: postponing merge until first XPC message for CPU boost
Tue Jan 28 10:15:49 2020(417)-> ProtectionMerge: postponing merge until first XPC message for CPU boost
Tue Jan 28 10:34:04 2020(495)-> ProtectionMerge: postponing merge until first XPC message for CPU boost
Wed Feb  5 23:43:27 2020(427)-> ProtectionMerge: postponing merge until first XPC message for CPU boost
Wed Mar 11 22:29:57 2020(428)-> ProtectionMerge: postponing merge until first XPC message for CPU boost
Thu Mar 12 00:58:51 2020(448)-> ProtectionMerge: postponing merge until first XPC message for CPU boost
Thu Mar 12 01:03:51 2020(379)-> ProtectionMerge: postponing merge until first XPC message for CPU boost
Thu Mar 12 01:05:57 2020(379)-> ProtectionMerge: postponing merge until first XPC message for CPU boost
Thu Mar 12 01:14:30 2020(409)-> ProtectionMerge: postponing merge until first XPC message for CPU boost
Thu Mar 12 01:42:10 2020(444)-> ProtectionMerge: postponing merge until first XPC message for CPU boost
Wed Mar 18 15:27:58 2020(431)-> ProtectionMerge: postponing merge until first XPC message for CPU boost
Wed Mar 18 15:32:58 2020(409)-> ProtectionMerge: postponing merge until first XPC message for CPU boost
Wed Mar 18 15:37:12 2020(406)-> ProtectionMerge: postponing merge until first XPC message for CPU boost
Wed Mar 25 01:55:10 2020(428)-> ProtectionMerge: postponing merge until first XPC message for CPU boost
Wed Mar 25 02:16:54 2020(496)-> ProtectionMerge: postponing merge until first XPC message for CPU boost
Thu Apr  9 03:19:36 2020(413)-> ProtectionMerge: postponing merge until first XPC message for CPU boost
Thu Apr  9 03:32:31 2020(494)-> ProtectionMerge: postponing merge until first XPC message for CPU boost
Fri May  8 23:21:10 2020(421)-> ProtectionMerge: postponing merge until first XPC message for CPU boost
Tue May 26 14:59:59 2020(400)-> ProtectionMerge: postponing merge until first XPC message for CPU boost
Tue May 26 15:17:16 2020(498)-> ProtectionMerge: postponing merge until first XPC message for CPU boost
Mon Jun  1 10:37:30 2020(427)-> ProtectionMerge: postponing merge until first XPC message for CPU boost
Mon Jun  1 13:35:13 2020(428)-> ProtectionMerge: postponing merge until first XPC message for CPU boost
Mon Jun  1 13:46:54 2020(495)-> ProtectionMerge: postponing merge until first XPC message for CPU boost
Tue Jun  2 02:43:16 2020(441)-> ProtectionMerge: postponing merge until first XPC message for CPU boost
Tue Jun  2 08:39:10 2020(427)-> ProtectionMerge: postponing merge until first XPC message for CPU boost
Tue Jun  2 08:44:48 2020(415)-> ProtectionMerge: postponing merge until first XPC message for CPU boost
Wed Jun  3 03:31:53 2020(414)-> ProtectionMerge: postponing merge until first XPC message for CPU boost
Wed Jun  3 03:50:50 2020(420)-> ProtectionMerge: postponing merge until first XPC message for CPU boost
Fri Jun  5 04:44:33 2020(427)-> ProtectionMerge: postponing merge until first XPC message for CPU boost
Fri Jun  5 05:06:28 2020(439)-> ProtectionMerge: postponing merge until first XPC message for CPU boost
Fri Jun  5 05:28:48 2020(417)-> ProtectionMerge: postponing merge until first XPC message for CPU boost
Fri Jun  5 05:33:03 2020(405)-> ProtectionMerge: postponing merge until first XPC message for CPU boost
Sun Jun  7 05:21:29 2020(421)-> ProtectionMerge: postponing merge until first XPC message for CPU boost
Tue Jun  9 01:25:13 2020(423)-> ProtectionMerge: postponing merge until first XPC message for CPU boost
Tue Jun  9 01:34:43 2020(415)-> ProtectionMerge: postponing merge until first XPC message for CPU boost
Fri Jun 12 03:10:09 2020(428)-> ProtectionMerge: postponing merge until first XPC message for CPU boost
Fri Jun 12 03:19:41 2020(416)-> ProtectionMerge: postponing merge until first XPC message for CPU boost
Tue Jun 23 06:35:11 2020(432)-> ProtectionMerge: postponing merge until first XPC message for CPU boost
Mon Jul  6 07:19:27 2020(441)-> ProtectionMerge: postponing merge until first XPC message for CPU boost
Thu Jul 16 00:13:34 2020(430)-> ProtectionMerge: postponing merge until first XPC message for CPU boost
Thu Jul 16 00:32:59 2020(496)-> ProtectionMerge: postponing merge until first XPC message for CPU boost
Thu Aug 13 01:03:13 2020(423)-> ProtectionMerge: postponing merge until first XPC message for CPU boost
Thu Aug 13 01:15:33 2020(485)-> ProtectionMerge: postponing merge until first XPC message for CPU boost
Thu Aug 13 01:31:08 2020(408)-> ProtectionMerge: postponing merge until first XPC message for CPU boost
Wed Aug 19 04:56:05 2020(425)-> ProtectionMerge: postponing merge until first XPC message for CPU boost
Wed Aug 19 05:00:56 2020(409)-> ProtectionMerge: postponing merge until first XPC message for CPU boost
Thu Sep 10 05:18:48 2020(424)-> ProtectionMerge: postponing merge until first XPC message for CPU boost
Thu Sep 10 05:27:21 2020(436)-> ProtectionMerge: postponing merge until first XPC message for CPU boost
Thu Sep 10 05:44:42 2020(430)-> ProtectionMerge: postponing merge until first XPC message for CPU boost
Thu Sep 10 10:22:36 2020(427)-> ProtectionMerge: postponing merge until first XPC message for CPU boost
Fri Sep 11 06:25:39 2020(437)-> ProtectionMerge: postponing merge until first XPC message for CPU boost
Fri Sep 11 06:31:50 2020(410)-> ProtectionMerge: postponing merge until first XPC message for CPU boost
Fri Sep 11 06:36:43 2020(435)-> ProtectionMerge: postponing merge until first XPC message for CPU boost
Thu Sep 17 00:22:27 2020(429)-> ProtectionMerge: postponing merge until first XPC message for CPU boost
Fri Sep 18 04:03:53 2020(410)-> ProtectionMerge: postponing merge until first XPC message for CPU boost
Thu Sep 24 10:52:57 2020(432)-> ProtectionMerge: postponing merge until first XPC message for CPU boost
Thu Sep 24 11:05:57 2020(497)-> ProtectionMerge: postponing merge until first XPC message for CPU boost
Wed Sep 30 04:23:52 2020(422)-> ProtectionMerge: postponing merge until first XPC message for CPU boost
Wed Sep 30 05:12:55 2020(421)-> ProtectionMerge: postponing merge until first XPC message for CPU boost
Wed Sep 30 05:18:43 2020(434)-> ProtectionMerge: postponing merge until first XPC message for CPU boost
Thu Nov  5 22:36:15 2020(423)-> ProtectionMerge: postponing merge until first XPC message for CPU boost
Thu Nov  5 22:52:48 2020(609)-> ProtectionMerge: postponing merge until first XPC message for CPU boost
Tue Dec 15 12:29:34 2020(426)-> ProtectionMerge: postponing merge until first XPC message for CPU boost
Tue Dec 15 12:41:31 2020(483)-> ProtectionMerge: postponing merge until first XPC message for CPU boost
Sat Feb  6 12:34:45 2021(421)-> ProtectionMerge: postponing merge until first XPC message for CPU boost
Sat Feb  6 12:45:49 2021(483)-> ProtectionMerge: postponing merge until first XPC message for CPU boost
Mon Mar  8 11:10:13 2021(432)-> ProtectionMerge: postponing merge until first XPC message for CPU boost
Mon Mar  8 11:23:50 2021(482)-> ProtectionMerge: postponing merge until first XPC message for CPU boost
Mon Mar  8 11:30:25 2021(400)-> ProtectionMerge: postponing merge until first XPC message for CPU boost
Mon Apr 26 10:49:49 2021(424)-> ProtectionMerge: postponing merge until first XPC message for CPU boost
