addons: ignoring set_time due to bad or too small range
Fri Sep 15 04:27:15 PDT 2023: Checking /System/Volumes/Data...
Fri Sep 15 04:27:15 PDT 2023: Checking /System/Volumes/Preboot...
Fri Sep 15 04:27:15 PDT 2023: Checking /System/Volumes/VM...
Fri Sep 15 04:27:15 PDT 2023: Checking /...
Fri Sep 15 04:27:15 PDT 2023: No updates found
delaying exit for 10 seconds...
Fri Sep 15 04:27:59 PDT 2023: Checking /System/Volumes/Data...
Fri Sep 15 04:27:59 PDT 2023: Checking /System/Volumes/Preboot...
Fri Sep 15 04:27:59 PDT 2023: Checking /System/Volumes/VM...
Fri Sep 15 04:27:59 PDT 2023: Checking /...
Fri Sep 15 04:27:59 PDT 2023: No updates found
delaying exit for 7 seconds...
Fri Sep 15 04:29:05 PDT 2023: Checking /System/Volumes/Data...
Fri Sep 15 04:29:05 PDT 2023: Checking /System/Volumes/Preboot...
Fri Sep 15 04:29:05 PDT 2023: Checking /System/Volumes/VM...
Fri Sep 15 04:29:05 PDT 2023: Checking /...
Fri Sep 15 04:29:05 PDT 2023: No updates found
delaying exit for 7 seconds...
Fri Sep 15 04:30:11 PDT 2023: Checking /System/Volumes/Data...
Fri Sep 15 04:30:11 PDT 2023: Checking /System/Volumes/Preboot...
Fri Sep 15 04:30:11 PDT 2023: Checking /System/Volumes/VM...
Fri Sep 15 04:30:11 PDT 2023: Checking /...
Fri Sep 15 04:30:11 PDT 2023: No updates found
delaying exit for 7 seconds...
Thu Sep 21 14:03:06 PDT 2023: Checking /System/Volumes/Data...
Thu Sep 21 14:03:06 PDT 2023: Checking /System/Volumes/Preboot...
Thu Sep 21 14:03:06 PDT 2023: Checking /System/Volumes/VM...
Thu Sep 21 14:03:06 PDT 2023: Checking /...
Thu Sep 21 14:03:06 PDT 2023: No updates found
delaying exit for 7 seconds...
Thu Sep 21 14:04:16 PDT 2023: Checking /System/Volumes/Data...
Thu Sep 21 14:04:16 PDT 2023: Checking /System/Volumes/Preboot...
Thu Sep 21 14:04:16 PDT 2023: Checking /System/Volumes/VM...
Thu Sep 21 14:04:16 PDT 2023: Checking /...
Thu Sep 21 14:04:16 PDT 2023: No updates found
delaying exit for 10 seconds...
Thu Sep 21 14:05:27 PDT 2023: Checking /System/Volumes/Data...
Thu Sep 21 14:05:27 PDT 2023: Checking /System/Volumes/Preboot...
Thu Sep 21 14:05:27 PDT 2023: Checking /System/Volumes/VM...
Thu Sep 21 14:05:28 PDT 2023: Checking /...
Thu Sep 21 14:05:28 PDT 2023: No updates found
delaying exit for 9 seconds...
Thu Sep 21 14:06:38 PDT 2023: Checking /System/Volumes/Data...
Thu Sep 21 14:06:38 PDT 2023: Checking /System/Volumes/Preboot...
Thu Sep 21 14:06:38 PDT 2023: Checking /System/Volumes/VM...
Thu Sep 21 14:06:38 PDT 2023: Checking /...
Thu Sep 21 14:06:38 PDT 2023: No updates found
delaying exit for 10 seconds...
Thu Sep 21 14:07:49 PDT 2023: Checking /System/Volumes/Data...
Thu Sep 21 14:07:49 PDT 2023: Checking /System/Volumes/Preboot...
Thu Sep 21 14:07:49 PDT 2023: Checking /System/Volumes/VM...
Thu Sep 21 14:07:49 PDT 2023: Checking /...
Thu Sep 21 14:07:49 PDT 2023: No updates found
delaying exit for 10 seconds...
Thu Sep 21 14:09:00 PDT 2023: Checking /System/Volumes/Data...
Thu Sep 21 14:09:00 PDT 2023: Checking /System/Volumes/Preboot...
Thu Sep 21 14:09:01 PDT 2023: Checking /System/Volumes/VM...
Thu Sep 21 14:09:01 PDT 2023: Checking /...
Thu Sep 21 14:09:01 PDT 2023: No updates found
delaying exit for 9 seconds...
Thu Sep 21 14:10:11 PDT 2023: Checking /System/Volumes/Data...
Thu Sep 21 14:10:11 PDT 2023: Checking /System/Volumes/Preboot...
Thu Sep 21 14:10:11 PDT 2023: Checking /System/Volumes/VM...
Thu Sep 21 14:10:11 PDT 2023: Checking /...
Thu Sep 21 14:10:11 PDT 2023: No updates found
delaying exit for 10 seconds...
Thu Sep 21 14:11:22 PDT 2023: Checking /System/Volumes/Data...
Thu Sep 21 14:11:22 PDT 2023: Checking /System/Volumes/Preboot...
Thu Sep 21 14:11:22 PDT 2023: Checking /System/Volumes/VM...
Thu Sep 21 14:11:23 PDT 2023: Checking /...
Thu Sep 21 14:11:23 PDT 2023: No updates found
delaying exit for 9 seconds...
Thu Sep 21 14:12:33 PDT 2023: Checking /System/Volumes/Data...
Thu Sep 21 14:12:33 PDT 2023: Checking /System/Volumes/Preboot...
Thu Sep 21 14:12:33 PDT 2023: Checking /System/Volumes/VM...
Thu Sep 21 14:12:33 PDT 2023: Checking /...
Thu Sep 21 14:12:33 PDT 2023: No updates found
delaying exit for 10 seconds...
Thu Sep 21 14:13:44 PDT 2023: Checking /System/Volumes/Data...
Thu Sep 21 14:13:44 PDT 2023: Checking /System/Volumes/Preboot...
Thu Sep 21 14:13:44 PDT 2023: Checking /System/Volumes/VM...
Thu Sep 21 14:13:44 PDT 2023: Checking /...
Thu Sep 21 14:13:44 PDT 2023: No updates found
delaying exit for 10 seconds...
Thu Sep 21 21:14:55 UTC 2023: Checking /System/Volumes/Data...
Thu Sep 21 21:14:55 UTC 2023: Checking /System/Volumes/Preboot...
Thu Sep 21 21:14:56 UTC 2023: Checking /System/Volumes/VM...
Thu Sep 21 21:14:56 UTC 2023: Checking /...
Thu Sep 21 21:14:56 UTC 2023: No updates found
delaying exit for 10 seconds...
Thu Sep 21 21:15:48 UTC 2023: Checking /System/Volumes/Data...
Thu Sep 21 21:15:48 UTC 2023: Checking /System/Volumes/Preboot...
Thu Sep 21 21:15:48 UTC 2023: Checking /System/Volumes/VM...
Thu Sep 21 21:15:49 UTC 2023: Checking /...
Thu Sep 21 21:15:49 UTC 2023: No updates found
delaying exit for 7 seconds...
Thu Sep 21 21:16:56 UTC 2023: Checking /System/Volumes/Data...
Thu Sep 21 21:16:57 UTC 2023: Checking /System/Volumes/Preboot...
Thu Sep 21 21:16:57 UTC 2023: Checking /System/Volumes/VM...
Thu Sep 21 21:16:57 UTC 2023: Checking /...
Thu Sep 21 21:16:57 UTC 2023: No updates found
delaying exit for 10 seconds...
Thu Sep 21 21:18:08 UTC 2023: Checking /System/Volumes/Data...
Thu Sep 21 21:18:08 UTC 2023: Checking /System/Volumes/Preboot...
Thu Sep 21 21:18:08 UTC 2023: Checking /System/Volumes/VM...
Thu Sep 21 21:18:08 UTC 2023: Checking /...
Thu Sep 21 21:18:08 UTC 2023: No updates found
delaying exit for 10 seconds...
Thu Sep 21 21:19:19 UTC 2023: Checking /System/Volumes/Data...
Thu Sep 21 21:19:19 UTC 2023: Checking /System/Volumes/Preboot...
Thu Sep 21 21:19:20 UTC 2023: Checking /System/Volumes/VM...
Thu Sep 21 21:19:20 UTC 2023: Checking /...
Thu Sep 21 21:19:20 UTC 2023: No updates found
delaying exit for 10 seconds...
Thu Sep 21 21:20:31 UTC 2023: Checking /System/Volumes/Data...
Thu Sep 21 21:20:31 UTC 2023: Checking /System/Volumes/Preboot...
Thu Sep 21 21:20:31 UTC 2023: Checking /System/Volumes/VM...
Thu Sep 21 21:20:31 UTC 2023: Checking /...
Thu Sep 21 21:20:31 UTC 2023: No updates found
delaying exit for 10 seconds...
Thu Sep 21 21:21:42 UTC 2023: Checking /System/Volumes/Data...
Thu Sep 21 21:21:42 UTC 2023: Checking /System/Volumes/Preboot...
Thu Sep 21 21:21:42 UTC 2023: Checking /System/Volumes/VM...
Thu Sep 21 21:21:42 UTC 2023: Checking /...
Thu Sep 21 21:21:42 UTC 2023: No updates found
delaying exit for 10 seconds...
Thu Sep 21 21:22:53 UTC 2023: Checking /System/Volumes/Data...
Thu Sep 21 21:22:53 UTC 2023: Checking /System/Volumes/Preboot...
Thu Sep 21 21:22:54 UTC 2023: Checking /System/Volumes/VM...
Thu Sep 21 21:22:54 UTC 2023: Checking /...
Thu Sep 21 21:22:54 UTC 2023: No updates found
delaying exit for 10 seconds...
Thu Sep 21 21:24:05 UTC 2023: Checking /System/Volumes/Data...
Thu Sep 21 21:24:05 UTC 2023: Checking /System/Volumes/Preboot...
Thu Sep 21 21:24:05 UTC 2023: Checking /System/Volumes/VM...
Thu Sep 21 21:24:05 UTC 2023: Checking /...
Thu Sep 21 21:24:05 UTC 2023: No updates found
delaying exit for 10 seconds...
Thu Sep 21 21:25:16 UTC 2023: Checking /System/Volumes/Data...
Thu Sep 21 21:25:16 UTC 2023: Checking /System/Volumes/Preboot...
Thu Sep 21 21:25:16 UTC 2023: Checking /System/Volumes/VM...
Thu Sep 21 21:25:17 UTC 2023: Checking /...
Thu Sep 21 21:25:17 UTC 2023: No updates found
delaying exit for 9 seconds...
Thu Sep 21 21:26:27 UTC 2023: Checking /System/Volumes/Data...
Thu Sep 21 21:26:27 UTC 2023: Checking /System/Volumes/Preboot...
Thu Sep 21 21:26:27 UTC 2023: Checking /System/Volumes/VM...
Thu Sep 21 21:26:27 UTC 2023: Checking /...
Thu Sep 21 21:26:27 UTC 2023: No updates found
delaying exit for 10 seconds...
Thu Sep 21 21:27:38 UTC 2023: Checking /System/Volumes/Data...
Thu Sep 21 21:27:38 UTC 2023: Checking /System/Volumes/Preboot...
Thu Sep 21 21:27:38 UTC 2023: Checking /System/Volumes/VM...
Thu Sep 21 21:27:39 UTC 2023: Checking /...
Thu Sep 21 21:27:39 UTC 2023: No updates found
delaying exit for 9 seconds...
Thu Sep 21 21:28:48 UTC 2023: Checking /System/Volumes/Data...
Thu Sep 21 21:28:49 UTC 2023: Checking /System/Volumes/Preboot...
Thu Sep 21 21:28:49 UTC 2023: Checking /System/Volumes/VM...
Thu Sep 21 21:28:49 UTC 2023: Checking /...
Thu Sep 21 21:28:49 UTC 2023: No updates found
delaying exit for 10 seconds...
Thu Sep 21 21:30:00 UTC 2023: Checking /System/Volumes/Data...
Thu Sep 21 21:30:00 UTC 2023: Checking /System/Volumes/Preboot...
Thu Sep 21 21:30:00 UTC 2023: Checking /System/Volumes/VM...
Thu Sep 21 21:30:00 UTC 2023: Checking /...
Thu Sep 21 21:30:00 UTC 2023: No updates found
delaying exit for 10 seconds...
Thu Sep 21 21:31:11 UTC 2023: Checking /System/Volumes/Data...
Thu Sep 21 21:31:11 UTC 2023: Checking /System/Volumes/Preboot...
Thu Sep 21 21:31:11 UTC 2023: Checking /System/Volumes/VM...
Thu Sep 21 21:31:12 UTC 2023: Checking /...
Thu Sep 21 21:31:12 UTC 2023: No updates found
delaying exit for 9 seconds...
Thu Sep 21 21:32:22 UTC 2023: Checking /System/Volumes/Data...
Thu Sep 21 21:32:22 UTC 2023: Checking /System/Volumes/Preboot...
Thu Sep 21 21:32:22 UTC 2023: Checking /System/Volumes/VM...
Thu Sep 21 21:32:22 UTC 2023: Checking /...
Thu Sep 21 21:32:22 UTC 2023: No updates found
delaying exit for 10 seconds...
Thu Sep 21 21:33:33 UTC 2023: Checking /System/Volumes/Data...
Thu Sep 21 21:33:33 UTC 2023: Checking /System/Volumes/Preboot...
Thu Sep 21 21:33:33 UTC 2023: Checking /System/Volumes/VM...
Thu Sep 21 21:33:33 UTC 2023: Checking /...
Thu Sep 21 21:33:33 UTC 2023: No updates found
delaying exit for 10 seconds...
Thu Sep 21 21:34:44 UTC 2023: Checking /System/Volumes/Data...
Thu Sep 21 21:34:44 UTC 2023: Checking /System/Volumes/Preboot...
Thu Sep 21 21:34:45 UTC 2023: Checking /System/Volumes/VM...
Thu Sep 21 21:34:45 UTC 2023: Checking /...
Thu Sep 21 21:34:45 UTC 2023: No updates found
delaying exit for 10 seconds...
Thu Sep 21 21:35:56 UTC 2023: Checking /System/Volumes/Data...
Thu Sep 21 21:35:56 UTC 2023: Checking /System/Volumes/Preboot...
Thu Sep 21 21:35:56 UTC 2023: Checking /System/Volumes/VM...
Thu Sep 21 21:35:56 UTC 2023: Checking /...
Thu Sep 21 21:35:56 UTC 2023: No updates found
delaying exit for 10 seconds...
Thu Sep 21 21:37:08 UTC 2023: Checking /System/Volumes/Data...
Thu Sep 21 21:37:08 UTC 2023: Checking /System/Volumes/Preboot...
Thu Sep 21 21:37:08 UTC 2023: Checking /System/Volumes/VM...
Thu Sep 21 21:37:08 UTC 2023: Checking /...
Thu Sep 21 21:37:08 UTC 2023: No updates found
delaying exit for 9 seconds...
Thu Sep 21 21:38:18 UTC 2023: Checking /System/Volumes/Data...
Thu Sep 21 21:38:18 UTC 2023: Checking /System/Volumes/Preboot...
Thu Sep 21 21:38:19 UTC 2023: Checking /System/Volumes/VM...
Thu Sep 21 21:38:19 UTC 2023: Checking /...
Thu Sep 21 21:38:19 UTC 2023: No updates found
delaying exit for 9 seconds...
Thu Sep 21 21:39:29 UTC 2023: Checking /System/Volumes/Data...
Thu Sep 21 21:39:29 UTC 2023: Checking /System/Volumes/Preboot...
Thu Sep 21 21:39:30 UTC 2023: Checking /System/Volumes/VM...
Thu Sep 21 21:39:30 UTC 2023: Checking /...
Thu Sep 21 21:39:30 UTC 2023: No updates found
delaying exit for 9 seconds...
Thu Sep 21 21:40:40 UTC 2023: Checking /System/Volumes/Data...
Thu Sep 21 21:40:40 UTC 2023: Checking /System/Volumes/Preboot...
Thu Sep 21 21:40:41 UTC 2023: Checking /System/Volumes/VM...
Thu Sep 21 21:40:41 UTC 2023: Checking /...
Thu Sep 21 21:40:41 UTC 2023: No updates found
delaying exit for 9 seconds...
Thu Sep 21 21:41:51 UTC 2023: Checking /System/Volumes/Data...
Thu Sep 21 21:41:51 UTC 2023: Checking /System/Volumes/Preboot...
Thu Sep 21 21:41:51 UTC 2023: Checking /System/Volumes/VM...
Thu Sep 21 21:41:52 UTC 2023: Checking /...
Thu Sep 21 21:41:52 UTC 2023: No updates found
delaying exit for 9 seconds...
Thu Sep 21 21:43:03 UTC 2023: Checking /System/Volumes/Data...
Thu Sep 21 21:43:03 UTC 2023: Checking /System/Volumes/Preboot...
Thu Sep 21 21:43:04 UTC 2023: Checking /System/Volumes/VM...
Thu Sep 21 21:43:04 UTC 2023: Checking /...
Thu Sep 21 21:43:04 UTC 2023: No updates found
delaying exit for 8 seconds...
Thu Sep 21 21:44:14 UTC 2023: Checking /System/Volumes/Data...
Thu Sep 21 21:44:14 UTC 2023: Checking /System/Volumes/Preboot...
Thu Sep 21 21:44:14 UTC 2023: Checking /System/Volumes/VM...
Thu Sep 21 21:44:15 UTC 2023: Checking /...
Thu Sep 21 21:44:15 UTC 2023: No updates found
delaying exit for 8 seconds...
Thu Sep 21 21:45:24 UTC 2023: Checking /System/Volumes/Data...
Thu Sep 21 21:45:24 UTC 2023: Checking /System/Volumes/Preboot...
Thu Sep 21 21:45:24 UTC 2023: Checking /System/Volumes/VM...
Thu Sep 21 21:45:25 UTC 2023: Checking /...
Thu Sep 21 21:45:25 UTC 2023: No updates found
delaying exit for 9 seconds...
Thu Sep 21 21:46:35 UTC 2023: Checking /System/Volumes/Data...
Thu Sep 21 21:46:35 UTC 2023: Checking /System/Volumes/Preboot...
Thu Sep 21 21:46:36 UTC 2023: Checking /System/Volumes/VM...
Thu Sep 21 21:46:36 UTC 2023: Checking /...
Thu Sep 21 21:46:36 UTC 2023: No updates found
delaying exit for 9 seconds...
Thu Sep 21 21:47:47 UTC 2023: Checking /System/Volumes/Data...
Thu Sep 21 21:47:47 UTC 2023: Checking /System/Volumes/Preboot...
Thu Sep 21 21:47:47 UTC 2023: Checking /System/Volumes/VM...
Thu Sep 21 21:47:47 UTC 2023: Checking /...
Thu Sep 21 21:47:48 UTC 2023: No updates found
delaying exit for 8 seconds...
Thu Sep 21 21:48:57 UTC 2023: Checking /System/Volumes/Data...
Thu Sep 21 21:48:57 UTC 2023: Checking /System/Volumes/Preboot...
Thu Sep 21 21:48:58 UTC 2023: Checking /System/Volumes/VM...
Thu Sep 21 21:48:58 UTC 2023: Checking /...
Thu Sep 21 21:48:58 UTC 2023: No updates found
delaying exit for 9 seconds...
Thu Sep 21 21:50:09 UTC 2023: Checking /System/Volumes/Data...
Thu Sep 21 21:50:09 UTC 2023: Checking /System/Volumes/Preboot...
Thu Sep 21 21:50:09 UTC 2023: Checking /System/Volumes/VM...
Thu Sep 21 21:50:09 UTC 2023: Checking /...
Thu Sep 21 21:50:09 UTC 2023: No updates found
delaying exit for 10 seconds...
Thu Sep 21 21:51:21 UTC 2023: Checking /System/Volumes/Data...
Thu Sep 21 21:51:21 UTC 2023: Checking /System/Volumes/Preboot...
Thu Sep 21 21:51:21 UTC 2023: Checking /System/Volumes/VM...
Thu Sep 21 21:51:22 UTC 2023: Checking /...
Thu Sep 21 21:51:22 UTC 2023: No updates found
delaying exit for 9 seconds...
Thu Sep 21 21:52:32 UTC 2023: Checking /System/Volumes/Data...
Thu Sep 21 21:52:32 UTC 2023: Checking /System/Volumes/Preboot...
Thu Sep 21 21:52:33 UTC 2023: Checking /System/Volumes/VM...
Thu Sep 21 21:52:33 UTC 2023: Checking /...
Thu Sep 21 21:52:33 UTC 2023: No updates found
delaying exit for 9 seconds...
Thu Sep 21 21:53:43 UTC 2023: Checking /System/Volumes/Data...
Thu Sep 21 21:53:43 UTC 2023: Checking /System/Volumes/Preboot...
Thu Sep 21 21:53:43 UTC 2023: Checking /System/Volumes/VM...
Thu Sep 21 21:53:44 UTC 2023: Checking /...
Thu Sep 21 21:53:44 UTC 2023: No updates found
delaying exit for 9 seconds...
Thu Sep 21 21:54:54 UTC 2023: Checking /System/Volumes/Data...
Thu Sep 21 21:54:54 UTC 2023: Checking /System/Volumes/Preboot...
Thu Sep 21 21:54:54 UTC 2023: Checking /System/Volumes/VM...
Thu Sep 21 21:54:54 UTC 2023: Checking /...
Thu Sep 21 21:54:54 UTC 2023: No updates found
delaying exit for 10 seconds...
Thu Sep 21 21:56:06 UTC 2023: Checking /System/Volumes/Data...
Thu Sep 21 21:56:06 UTC 2023: Checking /System/Volumes/Preboot...
Thu Sep 21 21:56:06 UTC 2023: Checking /System/Volumes/VM...
Thu Sep 21 21:56:07 UTC 2023: Checking /...
Thu Sep 21 21:56:07 UTC 2023: No updates found
delaying exit for 9 seconds...
Thu Sep 21 21:57:17 UTC 2023: Checking /System/Volumes/Data...
Thu Sep 21 21:57:17 UTC 2023: Checking /System/Volumes/Preboot...
Thu Sep 21 21:57:17 UTC 2023: Checking /System/Volumes/VM...
Thu Sep 21 21:57:18 UTC 2023: Checking /...
Thu Sep 21 21:57:18 UTC 2023: No updates found
delaying exit for 9 seconds...
Thu Sep 21 21:58:28 UTC 2023: Checking /System/Volumes/Data...
Thu Sep 21 21:58:28 UTC 2023: Checking /System/Volumes/Preboot...
Thu Sep 21 21:58:29 UTC 2023: Checking /System/Volumes/VM...
Thu Sep 21 21:58:29 UTC 2023: Checking /...
Thu Sep 21 21:58:29 UTC 2023: No updates found
delaying exit for 9 seconds...
Thu Sep 21 21:59:39 UTC 2023: Checking /System/Volumes/Data...
Thu Sep 21 21:59:39 UTC 2023: Checking /System/Volumes/Preboot...
Thu Sep 21 21:59:40 UTC 2023: Checking /System/Volumes/VM...
Thu Sep 21 21:59:40 UTC 2023: Checking /...
Thu Sep 21 21:59:40 UTC 2023: No updates found
delaying exit for 9 seconds...
Thu Sep 21 22:00:51 UTC 2023: Checking /System/Volumes/Data...
Thu Sep 21 22:00:51 UTC 2023: Checking /System/Volumes/Preboot...
Thu Sep 21 22:00:51 UTC 2023: Checking /System/Volumes/VM...
Thu Sep 21 22:00:52 UTC 2023: Checking /...
Thu Sep 21 22:00:52 UTC 2023: No updates found
delaying exit for 8 seconds...
Thu Sep 21 22:02:01 UTC 2023: Checking /System/Volumes/Data...
Thu Sep 21 22:02:01 UTC 2023: Checking /System/Volumes/Preboot...
Thu Sep 21 22:02:02 UTC 2023: Checking /System/Volumes/VM...
Thu Sep 21 22:02:02 UTC 2023: Checking /...
Thu Sep 21 22:02:02 UTC 2023: No updates found
delaying exit for 9 seconds...
Thu Sep 21 22:03:12 UTC 2023: Checking /System/Volumes/Data...
Thu Sep 21 22:03:12 UTC 2023: Checking /System/Volumes/Preboot...
Thu Sep 21 22:03:12 UTC 2023: Checking /System/Volumes/VM...
Thu Sep 21 22:03:13 UTC 2023: Checking /...
Thu Sep 21 22:03:13 UTC 2023: No updates found
delaying exit for 9 seconds...
Thu Sep 21 22:04:23 UTC 2023: Checking /System/Volumes/Data...
Thu Sep 21 22:04:23 UTC 2023: Checking /System/Volumes/Preboot...
Thu Sep 21 22:04:23 UTC 2023: Checking /System/Volumes/VM...
Thu Sep 21 22:04:23 UTC 2023: Checking /...
Thu Sep 21 22:04:23 UTC 2023: No updates found
delaying exit for 10 seconds...
Thu Sep 21 22:05:36 UTC 2023: Checking /System/Volumes/Data...
Thu Sep 21 22:05:36 UTC 2023: Checking /System/Volumes/Preboot...
Thu Sep 21 22:05:36 UTC 2023: Checking /System/Volumes/VM...
Thu Sep 21 22:05:37 UTC 2023: Checking /...
Thu Sep 21 22:05:37 UTC 2023: No updates found
delaying exit for 8 seconds...
Thu Sep 21 22:06:46 UTC 2023: Checking /System/Volumes/Data...
Thu Sep 21 22:06:47 UTC 2023: Checking /System/Volumes/Preboot...
Thu Sep 21 22:06:47 UTC 2023: Checking /System/Volumes/VM...
Thu Sep 21 22:06:47 UTC 2023: Checking /...
Thu Sep 21 22:06:47 UTC 2023: No updates found
delaying exit for 9 seconds...
Thu Sep 21 22:07:58 UTC 2023: Checking /System/Volumes/Data...
Thu Sep 21 22:07:58 UTC 2023: Checking /System/Volumes/Preboot...
Thu Sep 21 22:07:58 UTC 2023: Checking /System/Volumes/VM...
Thu Sep 21 22:07:58 UTC 2023: Checking /...
Thu Sep 21 22:07:58 UTC 2023: No updates found
delaying exit for 9 seconds...
Thu Sep 21 22:09:09 UTC 2023: Checking /System/Volumes/Data...
Thu Sep 21 22:09:09 UTC 2023: Checking /System/Volumes/Preboot...
Thu Sep 21 22:09:10 UTC 2023: Checking /System/Volumes/VM...
Thu Sep 21 22:09:10 UTC 2023: Checking /...
Thu Sep 21 22:09:10 UTC 2023: No updates found
delaying exit for 9 seconds...
Thu Sep 21 22:10:20 UTC 2023: Checking /System/Volumes/Data...
Thu Sep 21 22:10:21 UTC 2023: Checking /System/Volumes/Preboot...
Thu Sep 21 22:10:21 UTC 2023: Checking /System/Volumes/VM...
Thu Sep 21 22:10:21 UTC 2023: Checking /...
Thu Sep 21 22:10:21 UTC 2023: No updates found
delaying exit for 9 seconds...
Thu Sep 21 22:11:32 UTC 2023: Checking /System/Volumes/Data...
Thu Sep 21 22:11:32 UTC 2023: Checking /System/Volumes/Preboot...
Thu Sep 21 22:11:32 UTC 2023: Checking /System/Volumes/VM...
Thu Sep 21 22:11:32 UTC 2023: Checking /...
Thu Sep 21 22:11:32 UTC 2023: No updates found
delaying exit for 9 seconds...
Thu Sep 21 22:12:43 UTC 2023: Checking /System/Volumes/Data...
Thu Sep 21 22:12:43 UTC 2023: Checking /System/Volumes/Preboot...
Thu Sep 21 22:12:43 UTC 2023: Checking /System/Volumes/VM...
Thu Sep 21 22:12:44 UTC 2023: Checking /...
Thu Sep 21 22:12:44 UTC 2023: No updates found
delaying exit for 9 seconds...
Thu Sep 21 22:13:54 UTC 2023: Checking /System/Volumes/Data...
Thu Sep 21 22:13:55 UTC 2023: Checking /System/Volumes/Preboot...
Thu Sep 21 22:13:55 UTC 2023: Checking /System/Volumes/VM...
Thu Sep 21 22:13:55 UTC 2023: Checking /...
Thu Sep 21 22:13:55 UTC 2023: No updates found
delaying exit for 9 seconds...
Thu Sep 21 22:15:19 UTC 2023: Checking /System/Volumes/Data...
Thu Sep 21 22:15:20 UTC 2023: Checking /System/Volumes/Preboot...
Thu Sep 21 22:15:20 UTC 2023: Checking /System/Volumes/VM...
Thu Sep 21 22:15:21 UTC 2023: Checking /...
Thu Sep 21 22:15:21 UTC 2023: No updates found
Thu Sep 21 22:16:28 UTC 2023: Checking /System/Volumes/Data...
Thu Sep 21 22:16:28 UTC 2023: Checking /System/Volumes/Preboot...
Thu Sep 21 22:16:28 UTC 2023: Checking /System/Volumes/VM...
Thu Sep 21 22:16:29 UTC 2023: Checking /...
Thu Sep 21 22:16:29 UTC 2023: No updates found
delaying exit for 3 seconds...
Thu Sep 21 22:17:36 UTC 2023: Checking /System/Volumes/Data...
Thu Sep 21 22:17:36 UTC 2023: Checking /System/Volumes/Preboot...
Thu Sep 21 22:17:37 UTC 2023: Checking /System/Volumes/VM...
Thu Sep 21 22:17:37 UTC 2023: Checking /...
Thu Sep 21 22:17:37 UTC 2023: No updates found
delaying exit for 7 seconds...
Thu Sep 21 22:18:49 UTC 2023: Checking /System/Volumes/Data...
Thu Sep 21 22:18:49 UTC 2023: Checking /System/Volumes/Preboot...
Thu Sep 21 22:18:50 UTC 2023: Checking /System/Volumes/VM...
Thu Sep 21 22:18:50 UTC 2023: Checking /...
Thu Sep 21 22:18:50 UTC 2023: No updates found
delaying exit for 5 seconds...
Thu Sep 21 22:19:59 UTC 2023: Checking /System/Volumes/Data...
Thu Sep 21 22:19:59 UTC 2023: Checking /System/Volumes/Preboot...
Thu Sep 21 22:19:59 UTC 2023: Checking /System/Volumes/VM...
Thu Sep 21 22:20:00 UTC 2023: Checking /...
Thu Sep 21 22:20:00 UTC 2023: No updates found
delaying exit for 7 seconds...
Thu Sep 21 22:21:11 UTC 2023: Checking /System/Volumes/Data...
Thu Sep 21 22:21:11 UTC 2023: Checking /System/Volumes/Preboot...
Thu Sep 21 22:21:12 UTC 2023: Checking /System/Volumes/VM...
Thu Sep 21 22:21:12 UTC 2023: Checking /...
Thu Sep 21 22:21:12 UTC 2023: No updates found
delaying exit for 6 seconds...
Thu Sep 21 22:22:21 UTC 2023: Checking /System/Volumes/Data...
Thu Sep 21 22:22:21 UTC 2023: Checking /System/Volumes/Preboot...
Thu Sep 21 22:22:21 UTC 2023: Checking /System/Volumes/VM...
Thu Sep 21 22:22:22 UTC 2023: Checking /...
Thu Sep 21 22:22:22 UTC 2023: No updates found
delaying exit for 7 seconds...
Thu Sep 21 22:23:36 UTC 2023: Checking /System/Volumes/Data...
Thu Sep 21 22:23:37 UTC 2023: Checking /System/Volumes/Preboot...
Thu Sep 21 22:23:37 UTC 2023: Checking /System/Volumes/VM...
Thu Sep 21 22:23:39 UTC 2023: Checking /...
Thu Sep 21 22:23:39 UTC 2023: No updates found
delaying exit for 2 seconds...
Thu Sep 21 22:24:45 UTC 2023: Checking /System/Volumes/Data...
Thu Sep 21 22:24:45 UTC 2023: Checking /System/Volumes/Preboot...
Thu Sep 21 22:24:46 UTC 2023: Checking /System/Volumes/VM...
Thu Sep 21 22:24:47 UTC 2023: Checking /...
Thu Sep 21 22:24:47 UTC 2023: No updates found
delaying exit for 5 seconds...
Thu Sep 21 22:25:56 UTC 2023: Checking /System/Volumes/Data...
Thu Sep 21 22:25:58 UTC 2023: Checking /System/Volumes/Preboot...
Thu Sep 21 22:25:58 UTC 2023: Checking /System/Volumes/VM...
Thu Sep 21 22:25:58 UTC 2023: Checking /...
Thu Sep 21 22:25:58 UTC 2023: No updates found
delaying exit for 6 seconds...
Thu Sep 21 22:27:11 UTC 2023: Checking /System/Volumes/Data...
Thu Sep 21 22:27:11 UTC 2023: Checking /System/Volumes/Preboot...
Thu Sep 21 22:27:12 UTC 2023: Checking /System/Volumes/VM...
Thu Sep 21 22:27:14 UTC 2023: Checking /...
Thu Sep 21 22:27:14 UTC 2023: No updates found
delaying exit for 2 seconds...
Thu Sep 21 22:28:22 UTC 2023: Checking /System/Volumes/Data...
Thu Sep 21 22:28:22 UTC 2023: Checking /System/Volumes/Preboot...
Thu Sep 21 22:28:22 UTC 2023: Checking /System/Volumes/VM...
Thu Sep 21 22:28:23 UTC 2023: Checking /...
Thu Sep 21 22:28:23 UTC 2023: No updates found
delaying exit for 5 seconds...
Thu Sep 21 22:29:32 UTC 2023: Checking /System/Volumes/Data...
Thu Sep 21 22:29:32 UTC 2023: Checking /System/Volumes/Preboot...
Thu Sep 21 22:29:33 UTC 2023: Checking /System/Volumes/VM...
Thu Sep 21 22:29:33 UTC 2023: Checking /...
Thu Sep 21 22:29:33 UTC 2023: No updates found
delaying exit for 6 seconds...
Thu Sep 21 22:30:43 UTC 2023: Checking /System/Volumes/Data...
Thu Sep 21 22:30:43 UTC 2023: Checking /System/Volumes/Preboot...
Thu Sep 21 22:30:44 UTC 2023: Checking /System/Volumes/VM...
Thu Sep 21 22:30:45 UTC 2023: Checking /...
Thu Sep 21 22:30:45 UTC 2023: No updates found
delaying exit for 6 seconds...
Thu Sep 21 22:31:53 UTC 2023: Checking /System/Volumes/Data...
Thu Sep 21 22:31:53 UTC 2023: Checking /System/Volumes/Preboot...
Thu Sep 21 22:31:54 UTC 2023: Checking /System/Volumes/VM...
Thu Sep 21 22:31:54 UTC 2023: Checking /...
Thu Sep 21 22:31:54 UTC 2023: No updates found
delaying exit for 8 seconds...
Thu Sep 21 22:33:04 UTC 2023: Checking /System/Volumes/Data...
Thu Sep 21 22:33:04 UTC 2023: Checking /System/Volumes/Preboot...
Thu Sep 21 22:33:04 UTC 2023: Checking /System/Volumes/VM...
Thu Sep 21 22:33:05 UTC 2023: Checking /...
Thu Sep 21 22:33:05 UTC 2023: No updates found
delaying exit for 8 seconds...
Thu Sep 21 22:34:14 UTC 2023: Checking /System/Volumes/Data...
Thu Sep 21 22:34:14 UTC 2023: Checking /System/Volumes/Preboot...
Thu Sep 21 22:34:15 UTC 2023: Checking /System/Volumes/VM...
Thu Sep 21 22:34:15 UTC 2023: Checking /...
Thu Sep 21 22:34:15 UTC 2023: No updates found
delaying exit for 9 seconds...
Thu Sep 21 22:35:25 UTC 2023: Checking /System/Volumes/Data...
Thu Sep 21 22:35:25 UTC 2023: Checking /System/Volumes/Preboot...
Thu Sep 21 22:35:26 UTC 2023: Checking /System/Volumes/VM...
Thu Sep 21 22:35:26 UTC 2023: Checking /...
Thu Sep 21 22:35:26 UTC 2023: No updates found
delaying exit for 9 seconds...
Thu Sep 21 22:36:36 UTC 2023: Checking /System/Volumes/Data...
Thu Sep 21 22:36:36 UTC 2023: Checking /System/Volumes/Preboot...
Thu Sep 21 22:36:36 UTC 2023: Checking /System/Volumes/VM...
Thu Sep 21 22:36:37 UTC 2023: Checking /...
Thu Sep 21 22:36:37 UTC 2023: No updates found
delaying exit for 9 seconds...
Thu Sep 21 22:37:47 UTC 2023: Checking /System/Volumes/Data...
Thu Sep 21 22:37:47 UTC 2023: Checking /System/Volumes/Preboot...
Thu Sep 21 22:37:47 UTC 2023: Checking /System/Volumes/VM...
Thu Sep 21 22:37:48 UTC 2023: Checking /...
Thu Sep 21 22:37:48 UTC 2023: No updates found
delaying exit for 9 seconds...
Thu Sep 21 22:38:59 UTC 2023: Checking /System/Volumes/Data...
Thu Sep 21 22:38:59 UTC 2023: Checking /System/Volumes/Preboot...
Thu Sep 21 22:38:59 UTC 2023: Checking /System/Volumes/VM...
Thu Sep 21 22:38:59 UTC 2023: Checking /...
Thu Sep 21 22:38:59 UTC 2023: No updates found
delaying exit for 9 seconds...
Thu Sep 21 22:40:09 UTC 2023: Checking /System/Volumes/Data...
Thu Sep 21 22:40:09 UTC 2023: Checking /System/Volumes/Preboot...
Thu Sep 21 22:40:10 UTC 2023: Checking /System/Volumes/VM...
Thu Sep 21 22:40:10 UTC 2023: Checking /...
Thu Sep 21 22:40:10 UTC 2023: No updates found
delaying exit for 9 seconds...
Thu Sep 21 22:41:20 UTC 2023: Checking /System/Volumes/Data...
Thu Sep 21 22:41:20 UTC 2023: Checking /System/Volumes/Preboot...
Thu Sep 21 22:41:21 UTC 2023: Checking /System/Volumes/VM...
Thu Sep 21 22:41:21 UTC 2023: Checking /...
Thu Sep 21 22:41:21 UTC 2023: No updates found
delaying exit for 9 seconds...
Thu Sep 21 22:42:31 UTC 2023: Checking /System/Volumes/Data...
Thu Sep 21 22:42:31 UTC 2023: Checking /System/Volumes/Preboot...
Thu Sep 21 22:42:32 UTC 2023: Checking /System/Volumes/VM...
Thu Sep 21 22:42:32 UTC 2023: Checking /...
Thu Sep 21 22:42:32 UTC 2023: No updates found
delaying exit for 9 seconds...
Thu Sep 21 22:43:42 UTC 2023: Checking /System/Volumes/Data...
Thu Sep 21 22:43:42 UTC 2023: Checking /System/Volumes/Preboot...
Thu Sep 21 22:43:42 UTC 2023: Checking /System/Volumes/VM...
Thu Sep 21 22:43:42 UTC 2023: Checking /...
Thu Sep 21 22:43:42 UTC 2023: No updates found
delaying exit for 10 seconds...
Thu Sep 21 22:44:54 UTC 2023: Checking /System/Volumes/Data...
Thu Sep 21 22:44:54 UTC 2023: Checking /System/Volumes/Preboot...
Thu Sep 21 22:44:54 UTC 2023: Checking /System/Volumes/VM...
Thu Sep 21 22:44:54 UTC 2023: Checking /...
Thu Sep 21 22:44:54 UTC 2023: No updates found
delaying exit for 10 seconds...
Thu Sep 21 22:46:05 UTC 2023: Checking /System/Volumes/Data...
Thu Sep 21 22:46:05 UTC 2023: Checking /System/Volumes/Preboot...
Thu Sep 21 22:46:05 UTC 2023: Checking /System/Volumes/VM...
Thu Sep 21 22:46:06 UTC 2023: Checking /...
Thu Sep 21 22:46:06 UTC 2023: No updates found
delaying exit for 9 seconds...
Thu Sep 21 22:47:16 UTC 2023: Checking /System/Volumes/Data...
Thu Sep 21 22:47:16 UTC 2023: Checking /System/Volumes/Preboot...
Thu Sep 21 22:47:16 UTC 2023: Checking /System/Volumes/VM...
Thu Sep 21 22:47:16 UTC 2023: Checking /...
Thu Sep 21 22:47:16 UTC 2023: No updates found
delaying exit for 10 seconds...
Thu Sep 21 22:48:27 UTC 2023: Checking /System/Volumes/Data...
Thu Sep 21 22:48:27 UTC 2023: Checking /System/Volumes/Preboot...
Thu Sep 21 22:48:28 UTC 2023: Checking /System/Volumes/VM...
Thu Sep 21 22:48:28 UTC 2023: Checking /...
Thu Sep 21 22:48:28 UTC 2023: No updates found
delaying exit for 9 seconds...
Thu Sep 21 22:49:38 UTC 2023: Checking /System/Volumes/Data...
Thu Sep 21 22:49:38 UTC 2023: Checking /System/Volumes/Preboot...
Thu Sep 21 22:49:38 UTC 2023: Checking /System/Volumes/VM...
Thu Sep 21 22:49:39 UTC 2023: Checking /...
Thu Sep 21 22:49:39 UTC 2023: No updates found
delaying exit for 9 seconds...
Thu Sep 21 22:50:49 UTC 2023: Checking /System/Volumes/Data...
Thu Sep 21 22:50:49 UTC 2023: Checking /System/Volumes/Preboot...
Thu Sep 21 22:50:49 UTC 2023: Checking /System/Volumes/VM...
Thu Sep 21 22:50:49 UTC 2023: Checking /...
Thu Sep 21 22:50:49 UTC 2023: No updates found
delaying exit for 10 seconds...
Thu Sep 21 22:52:00 UTC 2023: Checking /System/Volumes/Data...
Thu Sep 21 22:52:00 UTC 2023: Checking /System/Volumes/Preboot...
Thu Sep 21 22:52:00 UTC 2023: Checking /Volumes/Recovery...
Thu Sep 21 22:52:01 UTC 2023: Checking /System/Volumes/VM...
Thu Sep 21 22:52:01 UTC 2023: Checking /...
Thu Sep 21 22:52:01 UTC 2023: No updates found
delaying exit for 9 seconds...
Thu Sep 21 22:53:11 UTC 2023: Checking /System/Volumes/Data...
Thu Sep 21 22:53:11 UTC 2023: Checking /System/Volumes/Preboot...
Thu Sep 21 22:53:11 UTC 2023: Checking /System/Volumes/VM...
Thu Sep 21 22:53:11 UTC 2023: Checking /...
Thu Sep 21 22:53:11 UTC 2023: No updates found
delaying exit for 10 seconds...
Thu Sep 21 22:54:23 UTC 2023: Checking /System/Volumes/Data...
Thu Sep 21 22:54:23 UTC 2023: Checking /System/Volumes/Preboot...
Thu Sep 21 22:54:23 UTC 2023: Checking /System/Volumes/VM...
Thu Sep 21 22:54:23 UTC 2023: Checking /...
Thu Sep 21 22:54:24 UTC 2023: Checking /Library/Developer/CoreSimulator/Volumes/tvOS_20J373...
Thu Sep 21 22:54:24 UTC 2023: No updates found
delaying exit for 8 seconds...
Thu Sep 21 22:55:33 UTC 2023: Checking /System/Volumes/Data...
Thu Sep 21 22:55:33 UTC 2023: Checking /System/Volumes/Preboot...
Thu Sep 21 22:55:33 UTC 2023: Checking /System/Volumes/VM...
Thu Sep 21 22:55:33 UTC 2023: Checking /...
Thu Sep 21 22:55:34 UTC 2023: Checking /Library/Developer/CoreSimulator/Volumes/tvOS_20J373...
Thu Sep 21 22:55:34 UTC 2023: Checking /Library/Developer/CoreSimulator/Volumes/watchOS_20R362...
Thu Sep 21 22:55:34 UTC 2023: No updates found
delaying exit for 9 seconds...
Thu Sep 21 22:56:45 UTC 2023: Checking /System/Volumes/Data...
Thu Sep 21 22:56:45 UTC 2023: Checking /System/Volumes/Preboot...
Thu Sep 21 22:56:46 UTC 2023: Checking /System/Volumes/VM...
Thu Sep 21 22:56:46 UTC 2023: Checking /...
Thu Sep 21 22:56:47 UTC 2023: Checking /Library/Developer/CoreSimulator/Volumes/tvOS_20J373...
Thu Sep 21 22:56:47 UTC 2023: Checking /Library/Developer/CoreSimulator/Volumes/watchOS_20R362...
Thu Sep 21 22:56:47 UTC 2023: No updates found
delaying exit for 7 seconds...
Thu Sep 21 22:57:55 UTC 2023: Checking /System/Volumes/Data...
Thu Sep 21 22:57:56 UTC 2023: Checking /System/Volumes/Preboot...
Thu Sep 21 22:57:56 UTC 2023: Checking /System/Volumes/VM...
Thu Sep 21 22:57:56 UTC 2023: Checking /...
Thu Sep 21 22:57:57 UTC 2023: Checking /Library/Developer/CoreSimulator/Volumes/tvOS_20J373...
Thu Sep 21 22:57:57 UTC 2023: Checking /Library/Developer/CoreSimulator/Volumes/watchOS_20R362...
Thu Sep 21 22:57:58 UTC 2023: Checking /Library/Developer/CoreSimulator/Volumes/watchOS_20S75...
Thu Sep 21 22:57:58 UTC 2023: No updates found
delaying exit for 7 seconds...
Thu Sep 21 22:59:06 UTC 2023: Checking /System/Volumes/Data...
Thu Sep 21 22:59:06 UTC 2023: Checking /System/Volumes/Preboot...
Thu Sep 21 22:59:06 UTC 2023: Checking /System/Volumes/VM...
Thu Sep 21 22:59:06 UTC 2023: Checking /...
Thu Sep 21 22:59:07 UTC 2023: Checking /Library/Developer/CoreSimulator/Volumes/tvOS_20J373...
Thu Sep 21 22:59:07 UTC 2023: Checking /Library/Developer/CoreSimulator/Volumes/watchOS_20R362...
Thu Sep 21 22:59:08 UTC 2023: Checking /Library/Developer/CoreSimulator/Volumes/watchOS_20S75...
Thu Sep 21 22:59:08 UTC 2023: Checking /Library/Developer/CoreSimulator/Volumes/tvOS_20K67...
Thu Sep 21 22:59:08 UTC 2023: No updates found
delaying exit for 8 seconds...
Thu Sep 21 23:00:17 UTC 2023: Checking /System/Volumes/Data...
Thu Sep 21 23:00:17 UTC 2023: Checking /System/Volumes/Preboot...
Thu Sep 21 23:00:18 UTC 2023: Checking /System/Volumes/VM...
Thu Sep 21 23:00:18 UTC 2023: Checking /...
Thu Sep 21 23:00:18 UTC 2023: Checking /Library/Developer/CoreSimulator/Volumes/tvOS_20J373...
Thu Sep 21 23:00:19 UTC 2023: Checking /Library/Developer/CoreSimulator/Volumes/watchOS_20R362...
Thu Sep 21 23:00:19 UTC 2023: Checking /Library/Developer/CoreSimulator/Volumes/watchOS_20S75...
Thu Sep 21 23:00:20 UTC 2023: Checking /Library/Developer/CoreSimulator/Volumes/tvOS_20K67...
Thu Sep 21 23:00:20 UTC 2023: No updates found
delaying exit for 7 seconds...
Thu Sep 21 23:01:28 UTC 2023: Checking /System/Volumes/Data...
Thu Sep 21 23:01:28 UTC 2023: Checking /System/Volumes/Preboot...
Thu Sep 21 23:01:28 UTC 2023: Checking /System/Volumes/VM...
Thu Sep 21 23:01:28 UTC 2023: Checking /...
Thu Sep 21 23:01:29 UTC 2023: Checking /Library/Developer/CoreSimulator/Volumes/tvOS_20J373...
Thu Sep 21 23:01:29 UTC 2023: Checking /Library/Developer/CoreSimulator/Volumes/watchOS_20R362...
Thu Sep 21 23:01:29 UTC 2023: Checking /Library/Developer/CoreSimulator/Volumes/watchOS_20S75...
Thu Sep 21 23:01:30 UTC 2023: Checking /Library/Developer/CoreSimulator/Volumes/tvOS_20K67...
Thu Sep 21 23:01:30 UTC 2023: No updates found
delaying exit for 8 seconds...
Thu Sep 21 23:02:39 UTC 2023: Checking /System/Volumes/Data...
Thu Sep 21 23:02:39 UTC 2023: Checking /System/Volumes/Preboot...
Thu Sep 21 23:02:39 UTC 2023: Checking /System/Volumes/VM...
Thu Sep 21 23:02:39 UTC 2023: Checking /...
Thu Sep 21 23:02:40 UTC 2023: Checking /Library/Developer/CoreSimulator/Volumes/tvOS_20J373...
Thu Sep 21 23:02:40 UTC 2023: Checking /Library/Developer/CoreSimulator/Volumes/watchOS_20R362...
Thu Sep 21 23:02:41 UTC 2023: Checking /Library/Developer/CoreSimulator/Volumes/watchOS_20S75...
Thu Sep 21 23:02:41 UTC 2023: Checking /Library/Developer/CoreSimulator/Volumes/tvOS_20K67...
Thu Sep 21 23:02:41 UTC 2023: No updates found
delaying exit for 8 seconds...
Thu Sep 21 23:03:50 UTC 2023: Checking /System/Volumes/Data...
Thu Sep 21 23:03:51 UTC 2023: Checking /System/Volumes/Preboot...
Thu Sep 21 23:03:51 UTC 2023: Checking /System/Volumes/VM...
Thu Sep 21 23:03:51 UTC 2023: Checking /...
Thu Sep 21 23:03:51 UTC 2023: Checking /Library/Developer/CoreSimulator/Volumes/tvOS_20J373...
Thu Sep 21 23:03:52 UTC 2023: Checking /Library/Developer/CoreSimulator/Volumes/watchOS_20R362...
Thu Sep 21 23:03:52 UTC 2023: Checking /Library/Developer/CoreSimulator/Volumes/watchOS_20S75...
Thu Sep 21 23:03:53 UTC 2023: Checking /Library/Developer/CoreSimulator/Volumes/tvOS_20K67...
Thu Sep 21 23:03:53 UTC 2023: No updates found
delaying exit for 7 seconds...
Thu Sep 21 23:05:01 UTC 2023: Checking /System/Volumes/Data...
Thu Sep 21 23:05:01 UTC 2023: Checking /System/Volumes/Preboot...
Thu Sep 21 23:05:01 UTC 2023: Checking /System/Volumes/VM...
Thu Sep 21 23:05:01 UTC 2023: Checking /...
Thu Sep 21 23:05:02 UTC 2023: Checking /Library/Developer/CoreSimulator/Volumes/tvOS_20J373...
Thu Sep 21 23:05:02 UTC 2023: Checking /Library/Developer/CoreSimulator/Volumes/watchOS_20R362...
Thu Sep 21 23:05:03 UTC 2023: Checking /Library/Developer/CoreSimulator/Volumes/watchOS_20S75...
Thu Sep 21 23:05:03 UTC 2023: Checking /Library/Developer/CoreSimulator/Volumes/tvOS_20K67...
Thu Sep 21 23:05:03 UTC 2023: No updates found
delaying exit for 8 seconds...
Thu Sep 21 23:05:35 UTC 2023: Checking /System/Volumes/Data...
Thu Sep 21 23:05:35 UTC 2023: Checking /System/Volumes/Preboot...
Thu Sep 21 23:05:35 UTC 2023: Checking /System/Volumes/VM...
Thu Sep 21 23:05:35 UTC 2023: Checking /...
Thu Sep 21 23:05:35 UTC 2023: No updates found
delaying exit for 8 seconds...
usock: can not open socket. Error 0xe00002c5
Thu Sep 21 23:06:44 UTC 2023: Checking /System/Volumes/Data...
Thu Sep 21 23:06:44 UTC 2023: Checking /System/Volumes/Preboot...
Thu Sep 21 23:06:45 UTC 2023: Checking /System/Volumes/VM...
Thu Sep 21 23:06:45 UTC 2023: Checking /...
Thu Sep 21 23:06:45 UTC 2023: No updates found
delaying exit for 10 seconds...
Thu Sep 21 23:07:56 UTC 2023: Checking /System/Volumes/Data...
Thu Sep 21 23:07:56 UTC 2023: Checking /System/Volumes/Preboot...
Thu Sep 21 23:07:56 UTC 2023: Checking /System/Volumes/VM...
Thu Sep 21 23:07:56 UTC 2023: Checking /...
Thu Sep 21 23:07:56 UTC 2023: No updates found
delaying exit for 10 seconds...
Thu Sep 21 23:09:07 UTC 2023: Checking /System/Volumes/Data...
Thu Sep 21 23:09:07 UTC 2023: Checking /System/Volumes/Preboot...
Thu Sep 21 23:09:07 UTC 2023: Checking /System/Volumes/VM...
Thu Sep 21 23:09:07 UTC 2023: Checking /...
Thu Sep 21 23:09:07 UTC 2023: No updates found
delaying exit for 10 seconds...
Thu Sep 21 23:10:19 UTC 2023: Checking /System/Volumes/Data...
Thu Sep 21 23:10:19 UTC 2023: Checking /System/Volumes/Preboot...
Thu Sep 21 23:10:19 UTC 2023: Checking /System/Volumes/VM...
Thu Sep 21 23:10:19 UTC 2023: Checking /...
Thu Sep 21 23:10:19 UTC 2023: No updates found
delaying exit for 10 seconds...
Thu Sep 21 23:11:30 UTC 2023: Checking /System/Volumes/Data...
Thu Sep 21 23:11:30 UTC 2023: Checking /System/Volumes/Preboot...
Thu Sep 21 23:11:31 UTC 2023: Checking /System/Volumes/VM...
Thu Sep 21 23:11:31 UTC 2023: Checking /...
Thu Sep 21 23:11:31 UTC 2023: No updates found
delaying exit for 9 seconds...
Thu Sep 21 23:12:41 UTC 2023: Checking /System/Volumes/Data...
Thu Sep 21 23:12:41 UTC 2023: Checking /System/Volumes/Preboot...
Thu Sep 21 23:12:42 UTC 2023: Checking /System/Volumes/VM...
Thu Sep 21 23:12:42 UTC 2023: Checking /...
Thu Sep 21 23:12:42 UTC 2023: No updates found
delaying exit for 9 seconds...
Thu Sep 21 23:13:52 UTC 2023: Checking /System/Volumes/Data...
Thu Sep 21 23:13:52 UTC 2023: Checking /System/Volumes/Preboot...
Thu Sep 21 23:13:52 UTC 2023: Checking /System/Volumes/VM...
Thu Sep 21 23:13:53 UTC 2023: Checking /...
Thu Sep 21 23:13:53 UTC 2023: No updates found
delaying exit for 9 seconds...
Thu Sep 21 23:15:03 UTC 2023: Checking /System/Volumes/Data...
Thu Sep 21 23:15:03 UTC 2023: Checking /System/Volumes/Preboot...
Thu Sep 21 23:15:03 UTC 2023: Checking /System/Volumes/VM...
Thu Sep 21 23:15:03 UTC 2023: Checking /...
Thu Sep 21 23:15:03 UTC 2023: No updates found
delaying exit for 10 seconds...
Thu Sep 21 23:16:14 UTC 2023: Checking /System/Volumes/Data...
Thu Sep 21 23:16:14 UTC 2023: Checking /System/Volumes/Preboot...
Thu Sep 21 23:16:14 UTC 2023: Checking /System/Volumes/VM...
Thu Sep 21 23:16:15 UTC 2023: Checking /...
Thu Sep 21 23:16:15 UTC 2023: No updates found
delaying exit for 9 seconds...
Thu Sep 21 23:17:25 UTC 2023: Checking /System/Volumes/Data...
Thu Sep 21 23:17:25 UTC 2023: Checking /System/Volumes/Preboot...
Thu Sep 21 23:17:25 UTC 2023: Checking /System/Volumes/VM...
Thu Sep 21 23:17:25 UTC 2023: Checking /...
Thu Sep 21 23:17:25 UTC 2023: No updates found
delaying exit for 10 seconds...
Thu Sep 21 23:18:36 UTC 2023: Checking /System/Volumes/Data...
Thu Sep 21 23:18:36 UTC 2023: Checking /System/Volumes/Preboot...
Thu Sep 21 23:18:36 UTC 2023: Checking /System/Volumes/VM...
Thu Sep 21 23:18:37 UTC 2023: Checking /...
Thu Sep 21 23:18:37 UTC 2023: No updates found
delaying exit for 9 seconds...
Thu Sep 21 23:19:47 UTC 2023: Checking /System/Volumes/Data...
Thu Sep 21 23:19:47 UTC 2023: Checking /System/Volumes/Preboot...
Thu Sep 21 23:19:47 UTC 2023: Checking /System/Volumes/VM...
Thu Sep 21 23:19:47 UTC 2023: Checking /...
Thu Sep 21 23:19:47 UTC 2023: No updates found
delaying exit for 10 seconds...
Thu Sep 21 23:20:58 UTC 2023: Checking /System/Volumes/Data...
Thu Sep 21 23:20:58 UTC 2023: Checking /System/Volumes/Preboot...
Thu Sep 21 23:20:59 UTC 2023: Checking /System/Volumes/VM...
Thu Sep 21 23:20:59 UTC 2023: Checking /...
Thu Sep 21 23:20:59 UTC 2023: No updates found
delaying exit for 10 seconds...
Thu Sep 21 23:22:10 UTC 2023: Checking /System/Volumes/Data...
Thu Sep 21 23:22:10 UTC 2023: Checking /System/Volumes/Preboot...
Thu Sep 21 23:22:11 UTC 2023: Checking /System/Volumes/VM...
Thu Sep 21 23:22:11 UTC 2023: Checking /...
Thu Sep 21 23:22:11 UTC 2023: No updates found
delaying exit for 9 seconds...
Thu Sep 21 23:23:21 UTC 2023: Checking /System/Volumes/Data...
Thu Sep 21 23:23:21 UTC 2023: Checking /System/Volumes/Preboot...
Thu Sep 21 23:23:21 UTC 2023: Checking /System/Volumes/VM...
Thu Sep 21 23:23:21 UTC 2023: Checking /...
Thu Sep 21 23:23:21 UTC 2023: No updates found
delaying exit for 10 seconds...
Thu Sep 21 23:24:32 UTC 2023: Checking /System/Volumes/Data...
Thu Sep 21 23:24:32 UTC 2023: Checking /System/Volumes/Preboot...
Thu Sep 21 23:24:33 UTC 2023: Checking /System/Volumes/VM...
Thu Sep 21 23:24:33 UTC 2023: Checking /...
Thu Sep 21 23:24:33 UTC 2023: No updates found
delaying exit for 10 seconds...
Thu Sep 21 23:25:44 UTC 2023: Checking /System/Volumes/Data...
Thu Sep 21 23:25:44 UTC 2023: Checking /System/Volumes/Preboot...
Thu Sep 21 23:25:44 UTC 2023: Checking /System/Volumes/VM...
Thu Sep 21 23:25:44 UTC 2023: Checking /...
Thu Sep 21 23:25:44 UTC 2023: No updates found
delaying exit for 10 seconds...
Thu Sep 21 23:26:56 UTC 2023: Checking /System/Volumes/Data...
Thu Sep 21 23:26:56 UTC 2023: Checking /System/Volumes/Preboot...
Thu Sep 21 23:26:56 UTC 2023: Checking /System/Volumes/VM...
Thu Sep 21 23:26:56 UTC 2023: Checking /...
Thu Sep 21 23:26:56 UTC 2023: No updates found
delaying exit for 10 seconds...
Thu Sep 21 23:28:07 UTC 2023: Checking /System/Volumes/Data...
Thu Sep 21 23:28:07 UTC 2023: Checking /System/Volumes/Preboot...
Thu Sep 21 23:28:08 UTC 2023: Checking /System/Volumes/VM...
Thu Sep 21 23:28:08 UTC 2023: Checking /...
Thu Sep 21 23:28:08 UTC 2023: No updates found
delaying exit for 9 seconds...
Thu Sep 21 23:29:18 UTC 2023: Checking /System/Volumes/Data...
Thu Sep 21 23:29:18 UTC 2023: Checking /System/Volumes/Preboot...
Thu Sep 21 23:29:18 UTC 2023: Checking /System/Volumes/VM...
Thu Sep 21 23:29:18 UTC 2023: Checking /...
Thu Sep 21 23:29:18 UTC 2023: No updates found
delaying exit for 10 seconds...
Thu Sep 21 23:30:29 UTC 2023: Checking /System/Volumes/Data...
Thu Sep 21 23:30:29 UTC 2023: Checking /System/Volumes/Preboot...
Thu Sep 21 23:30:30 UTC 2023: Checking /System/Volumes/VM...
Thu Sep 21 23:30:30 UTC 2023: Checking /...
Thu Sep 21 23:30:30 UTC 2023: No updates found
delaying exit for 9 seconds...
Thu Sep 21 23:31:40 UTC 2023: Checking /System/Volumes/Data...
Thu Sep 21 23:31:40 UTC 2023: Checking /System/Volumes/Preboot...
Thu Sep 21 23:31:40 UTC 2023: Checking /System/Volumes/VM...
Thu Sep 21 23:31:40 UTC 2023: Checking /...
Thu Sep 21 23:31:40 UTC 2023: No updates found
delaying exit for 10 seconds...
Thu Sep 21 23:32:51 UTC 2023: Checking /System/Volumes/Data...
Thu Sep 21 23:32:51 UTC 2023: Checking /System/Volumes/Preboot...
Thu Sep 21 23:32:51 UTC 2023: Checking /System/Volumes/VM...
Thu Sep 21 23:32:52 UTC 2023: Checking /...
Thu Sep 21 23:32:52 UTC 2023: No updates found
delaying exit for 9 seconds...
Thu Sep 21 23:34:02 UTC 2023: Checking /System/Volumes/Data...
Thu Sep 21 23:34:02 UTC 2023: Checking /System/Volumes/Preboot...
Thu Sep 21 23:34:02 UTC 2023: Checking /System/Volumes/VM...
Thu Sep 21 23:34:03 UTC 2023: Checking /...
Thu Sep 21 23:34:03 UTC 2023: No updates found
delaying exit for 9 seconds...
Thu Sep 21 23:35:13 UTC 2023: Checking /System/Volumes/Data...
Thu Sep 21 23:35:13 UTC 2023: Checking /System/Volumes/Preboot...
Thu Sep 21 23:35:14 UTC 2023: Checking /System/Volumes/VM...
Thu Sep 21 23:35:14 UTC 2023: Checking /...
Thu Sep 21 23:35:14 UTC 2023: No updates found
delaying exit for 10 seconds...
Thu Sep 21 23:36:25 UTC 2023: Checking /System/Volumes/Data...
Thu Sep 21 23:36:25 UTC 2023: Checking /System/Volumes/Preboot...
Thu Sep 21 23:36:25 UTC 2023: Checking /System/Volumes/VM...
Thu Sep 21 23:36:26 UTC 2023: Checking /...
Thu Sep 21 23:36:26 UTC 2023: No updates found
delaying exit for 9 seconds...
Thu Sep 21 23:37:36 UTC 2023: Checking /System/Volumes/Data...
Thu Sep 21 23:37:36 UTC 2023: Checking /System/Volumes/Preboot...
Thu Sep 21 23:37:36 UTC 2023: Checking /System/Volumes/VM...
Thu Sep 21 23:37:36 UTC 2023: Checking /...
Thu Sep 21 23:37:36 UTC 2023: No updates found
delaying exit for 10 seconds...
Thu Sep 21 23:38:47 UTC 2023: Checking /System/Volumes/Data...
Thu Sep 21 23:38:47 UTC 2023: Checking /System/Volumes/Preboot...
Thu Sep 21 23:38:48 UTC 2023: Checking /System/Volumes/VM...
Thu Sep 21 23:38:48 UTC 2023: Checking /...
Thu Sep 21 23:38:48 UTC 2023: No updates found
delaying exit for 9 seconds...
Thu Sep 21 23:39:59 UTC 2023: Checking /System/Volumes/Data...
Thu Sep 21 23:39:59 UTC 2023: Checking /System/Volumes/Preboot...
Thu Sep 21 23:39:59 UTC 2023: Checking /System/Volumes/VM...
Thu Sep 21 23:39:59 UTC 2023: Checking /...
Thu Sep 21 23:39:59 UTC 2023: No updates found
delaying exit for 10 seconds...
Thu Sep 21 23:41:10 UTC 2023: Checking /System/Volumes/Data...
Thu Sep 21 23:41:10 UTC 2023: Checking /System/Volumes/Preboot...
Thu Sep 21 23:41:11 UTC 2023: Checking /System/Volumes/VM...
Thu Sep 21 23:41:11 UTC 2023: Checking /...
Thu Sep 21 23:41:11 UTC 2023: No updates found
delaying exit for 10 seconds...
Thu Sep 21 23:42:22 UTC 2023: Checking /System/Volumes/Data...
Thu Sep 21 23:42:22 UTC 2023: Checking /System/Volumes/Preboot...
Thu Sep 21 23:42:22 UTC 2023: Checking /System/Volumes/VM...
Thu Sep 21 23:42:22 UTC 2023: Checking /...
Thu Sep 21 23:42:23 UTC 2023: Checking /private/tmp/visualstudio.7khy...
Thu Sep 21 23:42:23 UTC 2023: No updates found
delaying exit for 9 seconds...
Thu Sep 21 23:43:33 UTC 2023: Checking /System/Volumes/Data...
Thu Sep 21 23:43:33 UTC 2023: Checking /System/Volumes/Preboot...
Thu Sep 21 23:43:33 UTC 2023: Checking /System/Volumes/VM...
Thu Sep 21 23:43:33 UTC 2023: Checking /...
Thu Sep 21 23:43:34 UTC 2023: Checking /private/tmp/visualstudio.7khy...
Thu Sep 21 23:43:34 UTC 2023: No updates found
delaying exit for 9 seconds...
Thu Sep 21 23:44:43 UTC 2023: Checking /System/Volumes/Data...
Thu Sep 21 23:44:44 UTC 2023: Checking /System/Volumes/Preboot...
Thu Sep 21 23:44:44 UTC 2023: Checking /System/Volumes/VM...
Thu Sep 21 23:44:44 UTC 2023: Checking /...
Thu Sep 21 23:44:44 UTC 2023: No updates found
delaying exit for 10 seconds...
Thu Sep 21 23:45:55 UTC 2023: Checking /System/Volumes/Data...
Thu Sep 21 23:45:55 UTC 2023: Checking /System/Volumes/Preboot...
Thu Sep 21 23:45:55 UTC 2023: Checking /System/Volumes/VM...
Thu Sep 21 23:45:55 UTC 2023: Checking /...
Thu Sep 21 23:45:56 UTC 2023: Checking /private/tmp/visualstudio.n2t8...
Thu Sep 21 23:45:56 UTC 2023: No updates found
delaying exit for 9 seconds...
Thu Sep 21 23:47:06 UTC 2023: Checking /System/Volumes/Data...
Thu Sep 21 23:47:06 UTC 2023: Checking /System/Volumes/Preboot...
Thu Sep 21 23:47:06 UTC 2023: Checking /System/Volumes/VM...
Thu Sep 21 23:47:06 UTC 2023: Checking /...
Thu Sep 21 23:47:07 UTC 2023: Checking /private/tmp/visualstudio.n2t8...
Thu Sep 21 23:47:07 UTC 2023: No updates found
delaying exit for 9 seconds...
Thu Sep 21 23:48:16 UTC 2023: Checking /System/Volumes/Data...
Thu Sep 21 23:48:17 UTC 2023: Checking /System/Volumes/Preboot...
Thu Sep 21 23:48:17 UTC 2023: Checking /System/Volumes/VM...
Thu Sep 21 23:48:17 UTC 2023: Checking /...
Thu Sep 21 23:48:17 UTC 2023: Checking /private/tmp/visualstudio.n2t8...
Thu Sep 21 23:48:17 UTC 2023: No updates found
delaying exit for 10 seconds...
Thu Sep 21 23:49:28 UTC 2023: Checking /System/Volumes/Data...
Thu Sep 21 23:49:28 UTC 2023: Checking /System/Volumes/Preboot...
Thu Sep 21 23:49:28 UTC 2023: Checking /System/Volumes/VM...
Thu Sep 21 23:49:29 UTC 2023: Checking /...
Thu Sep 21 23:49:29 UTC 2023: No updates found
delaying exit for 9 seconds...
Thu Sep 21 23:50:39 UTC 2023: Checking /System/Volumes/Data...
Thu Sep 21 23:50:39 UTC 2023: Checking /System/Volumes/Preboot...
Thu Sep 21 23:50:39 UTC 2023: Checking /System/Volumes/VM...
Thu Sep 21 23:50:39 UTC 2023: Checking /...
Thu Sep 21 23:50:39 UTC 2023: No updates found
delaying exit for 10 seconds...
Thu Sep 21 23:51:50 UTC 2023: Checking /System/Volumes/Data...
Thu Sep 21 23:51:50 UTC 2023: Checking /System/Volumes/Preboot...
Thu Sep 21 23:51:50 UTC 2023: Checking /System/Volumes/VM...
Thu Sep 21 23:51:51 UTC 2023: Checking /...
Thu Sep 21 23:51:51 UTC 2023: No updates found
delaying exit for 9 seconds...
Thu Sep 21 23:53:00 UTC 2023: Checking /System/Volumes/Data...
Thu Sep 21 23:53:01 UTC 2023: Checking /System/Volumes/Preboot...
Thu Sep 21 23:53:01 UTC 2023: Checking /System/Volumes/VM...
Thu Sep 21 23:53:01 UTC 2023: Checking /...
Thu Sep 21 23:53:01 UTC 2023: No updates found
delaying exit for 10 seconds...
Thu Sep 21 23:54:12 UTC 2023: Checking /System/Volumes/Data...
Thu Sep 21 23:54:12 UTC 2023: Checking /System/Volumes/Preboot...
Thu Sep 21 23:54:12 UTC 2023: Checking /System/Volumes/VM...
Thu Sep 21 23:54:12 UTC 2023: Checking /...
Thu Sep 21 23:54:12 UTC 2023: No updates found
delaying exit for 10 seconds...
Thu Sep 21 23:55:23 UTC 2023: Checking /System/Volumes/Data...
Thu Sep 21 23:55:23 UTC 2023: Checking /System/Volumes/Preboot...
Thu Sep 21 23:55:24 UTC 2023: Checking /System/Volumes/VM...
Thu Sep 21 23:55:24 UTC 2023: Checking /...
Thu Sep 21 23:55:24 UTC 2023: No updates found
delaying exit for 9 seconds...
Thu Sep 21 23:56:34 UTC 2023: Checking /System/Volumes/Data...
Thu Sep 21 23:56:34 UTC 2023: Checking /System/Volumes/Preboot...
Thu Sep 21 23:56:35 UTC 2023: Checking /System/Volumes/VM...
Thu Sep 21 23:56:35 UTC 2023: Checking /...
Thu Sep 21 23:56:35 UTC 2023: No updates found
delaying exit for 9 seconds...
Thu Sep 21 23:57:45 UTC 2023: Checking /System/Volumes/Data...
Thu Sep 21 23:57:45 UTC 2023: Checking /System/Volumes/Preboot...
Thu Sep 21 23:57:45 UTC 2023: Checking /System/Volumes/VM...
Thu Sep 21 23:57:45 UTC 2023: Checking /...
Thu Sep 21 23:57:45 UTC 2023: No updates found
delaying exit for 10 seconds...
Thu Sep 21 23:58:56 UTC 2023: Checking /System/Volumes/Data...
Thu Sep 21 23:58:56 UTC 2023: Checking /System/Volumes/Preboot...
Thu Sep 21 23:58:57 UTC 2023: Checking /System/Volumes/VM...
Thu Sep 21 23:58:57 UTC 2023: Checking /...
Thu Sep 21 23:58:57 UTC 2023: No updates found
delaying exit for 10 seconds...
Fri Sep 22 00:00:08 UTC 2023: Checking /System/Volumes/Data...
Fri Sep 22 00:00:08 UTC 2023: Checking /System/Volumes/Preboot...
Fri Sep 22 00:00:08 UTC 2023: Checking /System/Volumes/VM...
Fri Sep 22 00:00:08 UTC 2023: Checking /...
Fri Sep 22 00:00:08 UTC 2023: No updates found
delaying exit for 10 seconds...
Fri Sep 22 00:01:19 UTC 2023: Checking /System/Volumes/Data...
Fri Sep 22 00:01:19 UTC 2023: Checking /System/Volumes/Preboot...
Fri Sep 22 00:01:20 UTC 2023: Checking /System/Volumes/VM...
Fri Sep 22 00:01:20 UTC 2023: Checking /...
Fri Sep 22 00:01:20 UTC 2023: Checking /Library/Developer/CoreSimulator/Volumes/tvOS_20J373...
Fri Sep 22 00:01:21 UTC 2023: Checking /Library/Developer/CoreSimulator/Volumes/tvOS_20K67...
Fri Sep 22 00:01:21 UTC 2023: Checking /Library/Developer/CoreSimulator/Volumes/watchOS_20R362...
Fri Sep 22 00:01:22 UTC 2023: Checking /Library/Developer/CoreSimulator/Volumes/watchOS_20S75...
Fri Sep 22 00:01:22 UTC 2023: No updates found
delaying exit for 7 seconds...
Fri Sep 22 00:02:30 UTC 2023: Checking /System/Volumes/Data...
Fri Sep 22 00:02:30 UTC 2023: Checking /System/Volumes/Preboot...
Fri Sep 22 00:02:30 UTC 2023: Checking /System/Volumes/VM...
Fri Sep 22 00:02:31 UTC 2023: Checking /...
Fri Sep 22 00:02:31 UTC 2023: Checking /Library/Developer/CoreSimulator/Volumes/tvOS_20J373...
Fri Sep 22 00:02:32 UTC 2023: Checking /Library/Developer/CoreSimulator/Volumes/tvOS_20K67...
Fri Sep 22 00:02:32 UTC 2023: Checking /Library/Developer/CoreSimulator/Volumes/watchOS_20R362...
Fri Sep 22 00:02:33 UTC 2023: Checking /Library/Developer/CoreSimulator/Volumes/watchOS_20S75...
Fri Sep 22 00:02:33 UTC 2023: No updates found
delaying exit for 7 seconds...
Fri Sep 22 00:03:41 UTC 2023: Checking /System/Volumes/Data...
Fri Sep 22 00:03:41 UTC 2023: Checking /System/Volumes/Preboot...
Fri Sep 22 00:03:41 UTC 2023: Checking /System/Volumes/VM...
Fri Sep 22 00:03:41 UTC 2023: Checking /...
Fri Sep 22 00:03:42 UTC 2023: Checking /Library/Developer/CoreSimulator/Volumes/tvOS_20J373...
Fri Sep 22 00:03:42 UTC 2023: Checking /Library/Developer/CoreSimulator/Volumes/tvOS_20K67...
Fri Sep 22 00:03:43 UTC 2023: Checking /Library/Developer/CoreSimulator/Volumes/watchOS_20R362...
Fri Sep 22 00:03:43 UTC 2023: Checking /Library/Developer/CoreSimulator/Volumes/watchOS_20S75...
Fri Sep 22 00:03:43 UTC 2023: No updates found
delaying exit for 8 seconds...
Fri Sep 22 00:04:52 UTC 2023: Checking /System/Volumes/Data...
Fri Sep 22 00:04:52 UTC 2023: Checking /System/Volumes/Preboot...
Fri Sep 22 00:04:53 UTC 2023: Checking /System/Volumes/VM...
Fri Sep 22 00:04:53 UTC 2023: Checking /...
Fri Sep 22 00:04:53 UTC 2023: Checking /Library/Developer/CoreSimulator/Volumes/tvOS_20J373...
Fri Sep 22 00:04:54 UTC 2023: Checking /Library/Developer/CoreSimulator/Volumes/tvOS_20K67...
Fri Sep 22 00:04:54 UTC 2023: Checking /Library/Developer/CoreSimulator/Volumes/watchOS_20R362...
Fri Sep 22 00:04:55 UTC 2023: Checking /Library/Developer/CoreSimulator/Volumes/watchOS_20S75...
Fri Sep 22 00:04:55 UTC 2023: No updates found
delaying exit for 7 seconds...
Fri Sep 22 00:06:03 UTC 2023: Checking /System/Volumes/Data...
Fri Sep 22 00:06:03 UTC 2023: Checking /System/Volumes/Preboot...
Fri Sep 22 00:06:03 UTC 2023: Checking /System/Volumes/VM...
Fri Sep 22 00:06:03 UTC 2023: Checking /...
Fri Sep 22 00:06:04 UTC 2023: Checking /Library/Developer/CoreSimulator/Volumes/tvOS_20J373...
Fri Sep 22 00:06:04 UTC 2023: Checking /Library/Developer/CoreSimulator/Volumes/tvOS_20K67...
Fri Sep 22 00:06:05 UTC 2023: Checking /Library/Developer/CoreSimulator/Volumes/watchOS_20R362...
Fri Sep 22 00:06:05 UTC 2023: Checking /Library/Developer/CoreSimulator/Volumes/watchOS_20S75...
Fri Sep 22 00:06:05 UTC 2023: No updates found
delaying exit for 8 seconds...
Wed Oct 11 15:05:00 UTC 2023: Checking /System/Volumes/Data...
Wed Oct 11 15:05:00 UTC 2023: Checking /System/Volumes/Preboot...
Wed Oct 11 15:05:00 UTC 2023: Checking /System/Volumes/VM...
Wed Oct 11 15:05:00 UTC 2023: Checking /...
Wed Oct 11 15:05:00 UTC 2023: No updates found
delaying exit for 7 seconds...
usock: can not open socket. Error 0xe00002c5
Wed Oct 11 15:06:09 UTC 2023: Checking /System/Volumes/Data...
Wed Oct 11 15:06:09 UTC 2023: Checking /System/Volumes/Preboot...
Wed Oct 11 15:06:09 UTC 2023: Checking /System/Volumes/VM...
Wed Oct 11 15:06:09 UTC 2023: Checking /...
Wed Oct 11 15:06:09 UTC 2023: No updates found
delaying exit for 10 seconds...
Wed Oct 11 15:07:20 UTC 2023: Checking /System/Volumes/Data...
Wed Oct 11 15:07:20 UTC 2023: Checking /System/Volumes/Preboot...
Wed Oct 11 15:07:21 UTC 2023: Checking /System/Volumes/VM...
Wed Oct 11 15:07:21 UTC 2023: Checking /...
Wed Oct 11 15:07:21 UTC 2023: No updates found
delaying exit for 10 seconds...
Thu Oct 26 16:56:35 UTC 2023: Checking /System/Volumes/Data...
Thu Oct 26 16:56:36 UTC 2023: Checking /System/Volumes/Preboot...
Thu Oct 26 16:56:36 UTC 2023: Checking /System/Volumes/VM...
Thu Oct 26 16:56:36 UTC 2023: Checking /...
Thu Oct 26 16:56:36 UTC 2023: No updates found
delaying exit for 7 seconds...
usock: can not open socket. Error 0xe00002c5
Thu Oct 26 16:57:46 UTC 2023: Checking /System/Volumes/Data...
Thu Oct 26 16:57:46 UTC 2023: Checking /System/Volumes/Preboot...
Thu Oct 26 16:57:46 UTC 2023: Checking /System/Volumes/VM...
Thu Oct 26 16:57:46 UTC 2023: Checking /...
Thu Oct 26 16:57:46 UTC 2023: No updates found
delaying exit for 10 seconds...
Thu Oct 26 16:58:57 UTC 2023: Checking /System/Volumes/Data...
Thu Oct 26 16:58:57 UTC 2023: Checking /System/Volumes/Preboot...
Thu Oct 26 16:58:58 UTC 2023: Checking /System/Volumes/VM...
Thu Oct 26 16:58:58 UTC 2023: Checking /...
Thu Oct 26 16:58:58 UTC 2023: No updates found
delaying exit for 9 seconds...
Thu Oct 26 17:00:08 UTC 2023: Checking /System/Volumes/Data...
Thu Oct 26 17:00:08 UTC 2023: Checking /System/Volumes/Preboot...
Thu Oct 26 17:00:08 UTC 2023: Checking /System/Volumes/VM...
Thu Oct 26 17:00:08 UTC 2023: Checking /...
Thu Oct 26 17:00:09 UTC 2023: No updates found
delaying exit for 9 seconds...
Thu Oct 26 17:01:19 UTC 2023: Checking /System/Volumes/Data...
Thu Oct 26 17:01:19 UTC 2023: Checking /System/Volumes/Preboot...
Thu Oct 26 17:01:20 UTC 2023: Checking /System/Volumes/VM...
Thu Oct 26 17:01:20 UTC 2023: Checking /...
Thu Oct 26 17:01:20 UTC 2023: No updates found
delaying exit for 9 seconds...
Thu Oct 26 17:02:30 UTC 2023: Checking /System/Volumes/Data...
Thu Oct 26 17:02:30 UTC 2023: Checking /System/Volumes/Preboot...
Thu Oct 26 17:02:30 UTC 2023: Checking /System/Volumes/VM...
Thu Oct 26 17:02:31 UTC 2023: Checking /...
Thu Oct 26 17:02:31 UTC 2023: No updates found
delaying exit for 9 seconds...
Thu Oct 26 17:03:41 UTC 2023: Checking /System/Volumes/Data...
Thu Oct 26 17:03:41 UTC 2023: Checking /System/Volumes/Preboot...
Thu Oct 26 17:03:42 UTC 2023: Checking /System/Volumes/VM...
Thu Oct 26 17:03:42 UTC 2023: Checking /...
Thu Oct 26 17:03:42 UTC 2023: No updates found
delaying exit for 9 seconds...
Thu Oct 26 17:04:52 UTC 2023: Checking /System/Volumes/Data...
Thu Oct 26 17:04:52 UTC 2023: Checking /System/Volumes/Preboot...
Thu Oct 26 17:04:53 UTC 2023: Checking /System/Volumes/VM...
Thu Oct 26 17:04:54 UTC 2023: Checking /...
Thu Oct 26 17:04:54 UTC 2023: No updates found
delaying exit for 8 seconds...
Thu Oct 26 17:06:03 UTC 2023: Checking /System/Volumes/Data...
Thu Oct 26 17:06:03 UTC 2023: Checking /System/Volumes/Preboot...
Thu Oct 26 17:06:03 UTC 2023: Checking /System/Volumes/VM...
Thu Oct 26 17:06:04 UTC 2023: Checking /...
Thu Oct 26 17:06:04 UTC 2023: No updates found
delaying exit for 9 seconds...
Thu Oct 26 17:07:14 UTC 2023: Checking /System/Volumes/Data...
Thu Oct 26 17:07:14 UTC 2023: Checking /System/Volumes/Preboot...
Thu Oct 26 17:07:14 UTC 2023: Checking /System/Volumes/VM...
Thu Oct 26 17:07:14 UTC 2023: Checking /...
Thu Oct 26 17:07:14 UTC 2023: No updates found
delaying exit for 10 seconds...
Thu Oct 26 17:08:25 UTC 2023: Checking /System/Volumes/Data...
Thu Oct 26 17:08:26 UTC 2023: Checking /System/Volumes/Preboot...
Thu Oct 26 17:08:26 UTC 2023: Checking /System/Volumes/VM...
Thu Oct 26 17:08:26 UTC 2023: Checking /...
Thu Oct 26 17:08:26 UTC 2023: No updates found
delaying exit for 9 seconds...
Thu Oct 26 17:09:36 UTC 2023: Checking /System/Volumes/Data...
Thu Oct 26 17:09:37 UTC 2023: Checking /System/Volumes/Preboot...
Thu Oct 26 17:09:37 UTC 2023: Checking /System/Volumes/VM...
Thu Oct 26 17:09:37 UTC 2023: Checking /...
Thu Oct 26 17:09:37 UTC 2023: No updates found
delaying exit for 9 seconds...
