Sep 15 11:07:15 localhost opendirectoryd[59]: opendirectoryd (build 859.120) launched - installer mode
Sep 15 11:07:15 localhost opendirectoryd[59]: [default] Failed to open file <private> [2: No such file or directory]
Sep 15 11:07:15 localhost opendirectoryd[59]: [default] Initialize trigger support
Sep 15 11:07:15 localhost opendirectoryd[59]: [default] Failed to open file <private> [2: No such file or directory]
Sep 15 11:07:15 localhost opendirectoryd[59]: [default] Failed to open file <private> [2: No such file or directory]
Sep 15 11:07:15 localhost opendirectoryd[59]: [default] created endpoint for mach service 'com.apple.private.opendirectoryd.rpc'
Sep 15 11:07:15 localhost opendirectoryd[59]: [session] Registered RPC over XPC 'reset_cache' for service 'com.apple.private.opendirectoryd.rpc'
Sep 15 11:07:15 localhost opendirectoryd[59]: [session] Registered RPC over XPC 'reset_online' for service 'com.apple.private.opendirectoryd.rpc'
Sep 15 11:07:15 localhost opendirectoryd[59]: [session] Registered RPC over XPC 'reset_statistics' for service 'com.apple.private.opendirectoryd.rpc'
Sep 15 11:07:15 localhost opendirectoryd[59]: [session] Registered RPC over XPC 'show' for service 'com.apple.private.opendirectoryd.rpc'
Sep 15 11:07:15 localhost opendirectoryd[59]: [session] starting endpoint for service 'com.apple.private.opendirectoryd.rpc'
Sep 15 11:07:15 localhost Installer Progress[56]: Progress UI App Starting
Sep 15 11:07:15 localhost opendirectoryd[59]: [session] Scanning for configurations in '/System/Library/OpenDirectory/Configurations/'
Sep 15 11:07:15 localhost opendirectoryd[59]: [default] Found configuration for node name '/Local' at path '/System/Library/OpenDirectory/Configurations/Local.plist'
Sep 15 11:07:15 localhost opendirectoryd[59]: [default] Failed to open file <private> [2: No such file or directory]
Sep 15 11:07:15 localhost opendirectoryd[59]: [session] Flagging configuration '/Local' as locked for changes
Sep 15 11:07:15 localhost opendirectoryd[59]: [session] Flagging configuration '/Local' as a system-owned configuration that cannot be deleted
Sep 15 11:07:15 localhost opendirectoryd[59]: [session] Registered node with name '/Local' as hidden
Sep 15 11:07:15 localhost opendirectoryd[59]: [session] Trigger - fired node event 'register' for '/Local'
Sep 15 11:07:15 localhost opendirectoryd[59]: [session] Trigger - notified opendirectoryd:nodes;register;/Local
Sep 15 11:07:15 localhost opendirectoryd[59]: [default] Found configuration for node name '/Configure' at path '/System/Library/OpenDirectory/Configurations/Configure.plist'
Sep 15 11:07:15 localhost opendirectoryd[59]: [default] Failed to open file <private> [2: No such file or directory]
Sep 15 11:07:15 localhost opendirectoryd[59]: [session] Flagging configuration '/Configure' as locked for changes
Sep 15 11:07:15 localhost opendirectoryd[59]: [session] Flagging configuration '/Configure' as a system-owned configuration that cannot be deleted
Sep 15 11:07:15 localhost opendirectoryd[59]: [session] Registered node with name '/Configure' as hidden
Sep 15 11:07:15 localhost opendirectoryd[59]: [session] Trigger - fired node event 'register' for '/Configure'
Sep 15 11:07:15 localhost opendirectoryd[59]: [session] Trigger - notified opendirectoryd:nodes;register;/Configure
Sep 15 11:07:15 localhost opendirectoryd[59]: [session] loading configuration for '/Local' from '/System/Library/OpenDirectory/Configurations/Local.plist'
Sep 15 11:07:15 localhost opendirectoryd[59]: [default] Loaded bundle at path '/System/Library/OpenDirectory/Modules/PlistFile.bundle'
Sep 15 11:07:15 localhost opendirectoryd[59]: [session] Trigger - new attribute trigger watching for 'opendirectoryd:records;modify;/Local/Default;dsRecTypeStandard:Config;CIFSServer;dsAttrTypeStandard:XMLPlist'
Sep 15 11:07:15 localhost opendirectoryd[59]: [default] Failed to open file <private> [2: No such file or directory]
Sep 15 11:07:15 localhost opendirectoryd[59]: [session] Registered subnode with name '/Local/Default'
Sep 15 11:07:15 localhost opendirectoryd[59]: [session] Trigger - fired node event 'register' for '/Local/Default'
Sep 15 11:07:15 localhost opendirectoryd[59]: [session] Trigger - notified opendirectoryd:nodes;register;/Local/Default
Sep 15 11:07:15 localhost opendirectoryd[59]: [session] Registering for network changes
Sep 15 11:07:15 localhost opendirectoryd[59]: [session] /Local/Default nodestate: starting check
Sep 15 11:07:15 localhost opendirectoryd[59]: [session] /Local/Default service discovery: not needed, no discovery functions
Sep 15 11:07:15 localhost opendirectoryd[59]: [session] /Local/Default service discovery: successfully completed
Sep 15 11:07:15 localhost opendirectoryd[59]: [default] Failed to open file <private> [2: No such file or directory]
Sep 15 11:07:15 localhost opendirectoryd[59]: [session] Node is 10.7 or later
Sep 15 11:07:15 localhost opendirectoryd[59]: [session] initiating reconnect for C597B19E-26D3-4E05-A1B8-463EBBF7FA8E
Sep 15 11:07:15 localhost opendirectoryd[59]: [session] /Local/Default nodestate: is now online
Sep 15 11:07:15 localhost opendirectoryd[59]: [session] Trigger - notified opendirectoryd:nodes;online;/Local/Default
Sep 15 11:07:15 localhost opendirectoryd[59]: [session] Internal: ODNodeCreateWithNameAndOptions request, SessionID: 00000000-0000-0000-0000-000000000000, Name: /Local/Default, Options: 0x0
Sep 15 11:07:15 localhost opendirectoryd[59]: [session] /Local/Default service discovery: successfully completed
Sep 15 11:07:15 localhost opendirectoryd[59]: [session] node assigned UUID - E3882BA9-CC2D-4272-A589-94B7774F94A3
Sep 15 11:07:15 localhost opendirectoryd[59]: [session] ODNodeCreateWithNameAndOptions completed
Sep 15 11:07:15 localhost powerd[44]: powerd process is started
Sep 15 11:07:15 localhost opendirectoryd[59]: [session] UID: 0, EUID: 0, GID: 0, EGID: 0, PID: 73, PROC: sandboxd ODNodeCreateWithNameAndOptions request, SessionID: 00000000-0000-0000-0000-000000000000, Name: /Local/Default, Options: 0x0
Sep 15 11:07:15 localhost opendirectoryd[59]: [session] Setting external work dequeue limit to 256
Sep 15 11:07:15 localhost opendirectoryd[59]: [session] Setting external work limit to 128
Sep 15 11:07:15 localhost opendirectoryd[59]: [session] /Local/Default service discovery: successfully completed
Sep 15 11:07:15 localhost opendirectoryd[59]: [session] node assigned UUID - 70D050E6-56C7-433C-9B26-AF8A62088E83
Sep 15 11:07:15 localhost opendirectoryd[59]: [session] ODNodeCreateWithNameAndOptions completed
Sep 15 11:07:15 localhost opendirectoryd[59]: [session] Scanning for configurations in '/Library/OpenDirectory/Configurations/'
Sep 15 11:07:15 localhost opendirectoryd[59]: [session] Scanning for configurations in '/Library/Preferences/OpenDirectory/Configurations/'
Sep 15 11:07:15 localhost opendirectoryd[59]: [session] UID: 0, EUID: 0, GID: 0, EGID: 0, PID: 73, PROC: sandboxd ODQueryCreateWithNode request, NodeID: 70D050E6-56C7-433C-9B26-AF8A62088E83, RecordType(s): dsRecTypeStandard:Users, Attribute: dsAttrTypeStandard:UniqueID, MatchType: GreaterThan, Equality: Number, Value(s): 500, Requested Attributes: dsAttrTypeStandard:NFSHomeDirectory,dsAttrTypeStandard:GeneratedUID,dsAttrTypeStandard:RecordName,dsAttrTypeStandard:UniqueID,dsAttrTypeStandard:AppleMetaRecordName,dsAttrTypeStandard:RecordType,dsAttrTypeStandard:AppleMetaNodeLocation, Max Results: 2147483647
Sep 15 11:07:15 localhost opendirectoryd[59]: [session] queuing request to connection - C597B19E-26D3-4E05-A1B8-463EBBF7FA8E - CFBundle 0x7fc556c074a0 </System/Library/OpenDirectory/Modules/PlistFile.bundle> (bundle, loaded)
Sep 15 11:07:15 localhost opendirectoryd[59]: [session] ODQueryCreateWithNode completed
Sep 15 11:07:15 localhost opendirectoryd[59]: [session] UID: 0, EUID: 0, GID: 0, EGID: 0, PID: 73, PROC: sandboxd ODNodeRelease request, NodeID: 70D050E6-56C7-433C-9B26-AF8A62088E83
Sep 15 11:07:15 localhost opendirectoryd[59]: [session] ODNodeRelease completed
Sep 15 11:07:15 localhost opendirectoryd[59]: [session] Internal: ODQueryCreateWithNode request, NodeID: E3882BA9-CC2D-4272-A589-94B7774F94A3, RecordType(s): dsRecTypeStandard:Config, Attribute: dsAttrTypeStandard:RecordName, MatchType: EqualTo, Equality: CaseIgnore, Value(s): CIFSServer, Requested Attributes: dsAttrTypeStandard:XMLPlist,dsAttrTypeStandard:RecordName,dsAttrTypeStandard:RecordType, Max Results: 1
Sep 15 11:07:15 localhost opendirectoryd[59]: [session] queuing request to connection - C597B19E-26D3-4E05-A1B8-463EBBF7FA8E - CFBundle 0x7fc556c074a0 </System/Library/OpenDirectory/Modules/PlistFile.bundle> (bundle, loaded)
Sep 15 11:07:15 localhost opendirectoryd[59]: [session] ODQueryCreateWithNode completed
Sep 15 11:07:15 localhost opendirectoryd[59]: [session] UID: 0, EUID: 0, GID: 0, EGID: 0, PID: 60, PROC: apsd ODNodeCreateWithNameAndOptions request, SessionID: 00000000-0000-0000-0000-000000000000, Name: /Search, Options: 0x0
Sep 15 11:07:15 localhost opendirectoryd[59]: [session] ODNodeCreateWithNameAndOptions failed with result 2000
Sep 15 11:07:15 localhost opendirectoryd[59]: [session] Received a network change notification
Sep 15 11:07:17 Mac-mini mobileassetd[126]: SUPreferenceManager: Service connection invalidated!
Sep 15 11:07:17 Mac-mini mobileassetd[126]: SUPreferenceManager: Connection proxy failure with error:Error Domain=NSCocoaErrorDomain Code=4099 "The connection to service named com.apple.softwareupdated was invalidated: failed at lookup with error 3 - No such process." UserInfo={NSDebugDescription=The connection to service named com.apple.softwareupdated was invalidated: failed at lookup with error 3 - No such process.}
Sep 15 11:07:17 Mac-mini mobileassetd[126]: SUPreferenceManager: Service connection invalidated!
Sep 15 11:07:17 Mac-mini mobileassetd[126]: SUPreferenceManager: Connection proxy failure with error:Error Domain=NSCocoaErrorDomain Code=4099 "The connection to service named com.apple.softwareupdated was invalidated: failed at lookup with error 3 - No such process." UserInfo={NSDebugDescription=The connection to service named com.apple.softwareupdated was invalidated: failed at lookup with error 3 - No such process.}
Sep 15 11:07:17 Mac-mini mobileassetd[126]: SUPreferenceManager: Service connection invalidated!
Sep 15 11:07:17 Mac-mini mobileassetd[126]: SUPreferenceManager: Connection proxy failure with error:Error Domain=NSCocoaErrorDomain Code=4099 "The connection to service named com.apple.softwareupdated was invalidated: failed at lookup with error 3 - No such process." UserInfo={NSDebugDescription=The connection to service named com.apple.softwareupdated was invalidated: failed at lookup with error 3 - No such process.}
Sep 15 11:07:20 Mac-mini opendirectoryd[59]: [session] Processing a network change notification
Sep 15 11:07:20 Mac-mini opendirectoryd[59]: [session] Received a network change notification
Sep 15 11:07:21 Mac-mini opendirectoryd[59]: [session] UID: 0, EUID: 0, GID: 0, EGID: 0, PID: 75, PROC: tccd ODNodeCreateWithNameAndOptions request, SessionID: 00000000-0000-0000-0000-000000000000, Name: /Local/Default, Options: 0x0
Sep 15 11:07:21 Mac-mini opendirectoryd[59]: [session] /Local/Default service discovery: successfully completed
Sep 15 11:07:21 Mac-mini opendirectoryd[59]: [session] node assigned UUID - EDBFC989-29AE-4884-A0E2-66AF58124C13
Sep 15 11:07:21 Mac-mini opendirectoryd[59]: [session] ODNodeCreateWithNameAndOptions completed
Sep 15 11:07:21 Mac-mini opendirectoryd[59]: [session] UID: 0, EUID: 0, GID: 0, EGID: 0, PID: 75, PROC: tccd ODNodeCopyDetails request, NodeID: EDBFC989-29AE-4884-A0E2-66AF58124C13, Keys: (
	    "dsAttrTypeStandard:NodePath"
	)
Sep 15 11:07:21 Mac-mini opendirectoryd[59]: [session] found via filename '/System/Volumes/Data/private/var/db/dslocal/nodes/Default/computers/localhost.plist'
Sep 15 11:07:21 Mac-mini opendirectoryd[59]: [session] ODNodeCopyDetails completed, delivered 1 result
Sep 15 11:07:21 Mac-mini opendirectoryd[59]: [session] UID: 0, EUID: 0, GID: 0, EGID: 0, PID: 75, PROC: tccd ODNodeRelease request, NodeID: EDBFC989-29AE-4884-A0E2-66AF58124C13
Sep 15 11:07:21 Mac-mini opendirectoryd[59]: [session] ODNodeRelease completed
Sep 15 11:07:21 Mac-mini opendirectoryd[59]: [session] UID: 0, EUID: 0, GID: 0, EGID: 0, PID: 75, PROC: tccd ODNodeCreateWithNameAndOptions request, SessionID: 00000000-0000-0000-0000-000000000000, Name: /Search, Options: 0x0
Sep 15 11:07:21 Mac-mini opendirectoryd[59]: [session] ODNodeCreateWithNameAndOptions failed with result 2000

2023-09-15 04:30:25-07 Mac-mini Installer Progress[103]: Quitting Progress App
2023-09-15 04:30:25-07 Mac-mini Installer Progress[103]: Setting window alpha values to 0.0
2023-09-15 04:30:28-07 Mac-mini softwareupdate[568]: Starting softwareupdate CLI tool
2023-09-15 04:30:28-07 Mac-mini softwareupdate[568]: SUOSUAuthenticationManager: Disabling local authentication requirement
2023-09-15 04:30:28-07 Mac-mini softwareupdate[568]: CLI invoked by parent pid 567 (/usr/sbin/sshd) with arguments: (
	    "/usr/sbin/softwareupdate",
	    "--list"
	)
2023-09-15 04:30:28-07 Mac-mini softwareupdated[275]: Adding client SUUpdateServiceClient pid=568, uid=501, installAuth=NO rights=(), transactions=0 (/usr/sbin/softwareupdate)
2023-09-15 04:30:28-07 Mac-mini softwareupdated[275]: Adding client SUUpdateServiceClient pid=568, uid=501, installAuth=NO rights=(), transactions=0 (/usr/sbin/softwareupdate)
2023-09-15 04:30:28-07 Mac-mini softwareupdated[275]: SUScan: Scan for client pid 275 (/System/Library/CoreServices/Software Update.app/Contents/Resources/softwareupdated)
2023-09-15 04:30:28-07 Mac-mini softwareupdated[275]: Adding client SUUpdateServiceClient pid=568, uid=501, installAuth=NO rights=(), transactions=0 (/usr/sbin/softwareupdate)
2023-09-15 04:30:28-07 Mac-mini softwareupdate[568]: Query for available updates: FINISHED
2023-09-15 04:30:28-07 Mac-mini softwareupdate[568]: Controller: currentPallasAudience - (null), shouldScan - 1, productKeysInActiveForegroundTransactions - 0, client = 3, shouldScanForClient: 1, foregroundScan: 0
2023-09-15 04:30:28-07 Mac-mini softwareupdate[568]: SUOSUShimController: Start legacy scan
2023-09-15 04:30:28-07 Mac-mini softwareupdate[568]: SUOSUShimController: Start MSU scan
2023-09-15 04:30:28-07 Mac-mini softwareupdate[568]: SUOSUAuthenticationManager: Disabling local authentication requirement
2023-09-15 04:30:28-07 Mac-mini softwareupdated[275]: SUOSUServiceDaemon: Adding client: (null) (pid = 568, uid = 501, path = /usr/sbin/softwareupdate, connection remote object interface = <NSXPCInterface: 0x7fac51209c50>, exported interface = <NSXPCInterface: 0x7fac512081f0>, remote object proxy = <__NSXPCInterfaceProxy_SUOSUServiceClientProtocol: 0x7fac5120b3c0>)
2023-09-15 04:30:28-07 Mac-mini softwareupdated[275]: SUOSUMobileSoftwareUpdateController: Set bridgeOS catalog override to catalogURL default
2023-09-15 04:30:29-07 Mac-mini softwareupdated[275]: Got status 200
2023-09-15 04:30:29-07 Mac-mini softwareupdate[568]: SUOSUShimController: Available MSU updates: (
	)
2023-09-15 04:30:29-07 Mac-mini SoftwareUpdateNotificationManager[569]: AssertionMgr: Take com.apple.softwareupdate.NotifyAgentAssertion-BadgingCountChanged assertion with type BackgroundTask for pid 569, id 0x80BD
2023-09-15 04:30:29-07 Mac-mini SoftwareUpdateNotificationManager[569]: SUOSUAuthenticationManager: Disabling local authentication requirement
2023-09-15 04:30:29-07 Mac-mini softwareupdated[275]: Adding client SUUpdateServiceClient pid=569, uid=501, installAuth=NO rights=(), transactions=0 (/System/Library/PrivateFrameworks/SoftwareUpdate.framework/Versions/A/Resources/SoftwareUpdateNotificationManager.app/Contents/MacOS/SoftwareUpdateNotificationManager)
2023-09-15 04:30:29-07 Mac-mini softwareupdated[275]: SUOSUServiceDaemon: Adding client: (null) (pid = 569, uid = 501, path = /System/Library/PrivateFrameworks/SoftwareUpdate.framework/Versions/A/Resources/SoftwareUpdateNotificationManager.app/Contents/MacOS/SoftwareUpdateNotificationManager, connection remote object interface = <NSXPCInterface: 0x7fac510420b0>, exported interface = <NSXPCInterface: 0x7fac5103cf50>, remote object proxy = <__NSXPCInterfaceProxy_SUOSUServiceClientProtocol: 0x7fac51029d50>)
2023-09-15 04:30:29-07 Mac-mini SoftwareUpdateNotificationManager[569]: AssertionMgr: Cancel com.apple.softwareupdate.NotifyAgentAssertion-BadgingCountChanged assertion for pid 569, id 0x80BD
2023-09-15 04:30:29-07 Mac-mini SoftwareUpdateNotificationManager[569]: SUOSUAuthenticationManager: Disabling local authentication requirement
2023-09-15 04:30:29-07 Mac-mini softwareupdated[275]: Adding client SUUpdateServiceClient pid=569, uid=501, installAuth=NO rights=(), transactions=0 (/System/Library/PrivateFrameworks/SoftwareUpdate.framework/Versions/A/Resources/SoftwareUpdateNotificationManager.app/Contents/MacOS/SoftwareUpdateNotificationManager)
2023-09-15 04:30:29-07 Mac-mini softwareupdated[275]: SUOSUServiceDaemon: Adding client: (null) (pid = 569, uid = 501, path = /System/Library/PrivateFrameworks/SoftwareUpdate.framework/Versions/A/Resources/SoftwareUpdateNotificationManager.app/Contents/MacOS/SoftwareUpdateNotificationManager, connection remote object interface = <NSXPCInterface: 0x7fac5102c240>, exported interface = <NSXPCInterface: 0x7fac5103b660>, remote object proxy = <__NSXPCInterfaceProxy_SUOSUServiceClientProtocol: 0x7fac51052930>)
2023-09-15 04:30:29-07 Mac-mini SoftwareUpdateNotificationManager[569]: AssertionMgr: Could not cancel com.apple.softwareupdate.NotifyAgentAssertion-BadgingCountChanged assertion - no assertion found for pid 569
2023-09-15 04:30:29-07 Mac-mini softwareupdated[275]: SUScan: Using catalog https://swscan.apple.com/content/catalogs/others/index-12-10.16-10.15-10.14-10.13-10.12-10.11-10.10-10.9-mountainlion-lion-snowleopard-leopard.merged-1.sucatalog.gz
2023-09-15 04:30:29-07 Mac-mini softwareupdated[275]: Adding client SUUpdateServiceClient pid=569, uid=501, installAuth=NO rights=(), transactions=0 (/System/Library/PrivateFrameworks/SoftwareUpdate.framework/Versions/A/Resources/SoftwareUpdateNotificationManager.app/Contents/MacOS/SoftwareUpdateNotificationManager)
2023-09-15 04:30:29-07 Mac-mini softwareupdated[275]: Adding client SUUpdateServiceClient pid=569, uid=501, installAuth=NO rights=(), transactions=0 (/System/Library/PrivateFrameworks/SoftwareUpdate.framework/Versions/A/Resources/SoftwareUpdateNotificationManager.app/Contents/MacOS/SoftwareUpdateNotificationManager)
2023-09-15 04:30:29-07 Mac-mini SoftwareUpdateNotificationManager[569]: Controller: currentPallasAudience - (null), shouldScan - 1, productKeysInActiveForegroundTransactions - 0, client = 2, shouldScanForClient: 0, foregroundScan: 0
2023-09-15 04:30:29-07 Mac-mini SoftwareUpdateNotificationManager[569]: Query for available updates: FINISHED
2023-09-15 04:30:29-07 Mac-mini SoftwareUpdateNotificationManager[569]: SUOSUAuthenticationManager: Disabling local authentication requirement
2023-09-15 04:30:29-07 Mac-mini softwareupdated[275]: SUOSUServiceDaemon: Adding client: (null) (pid = 569, uid = 501, path = /System/Library/PrivateFrameworks/SoftwareUpdate.framework/Versions/A/Resources/SoftwareUpdateNotificationManager.app/Contents/MacOS/SoftwareUpdateNotificationManager, connection remote object interface = <NSXPCInterface: 0x7fac5137ae80>, exported interface = <NSXPCInterface: 0x7fac5132b990>, remote object proxy = <__NSXPCInterfaceProxy_SUOSUServiceClientProtocol: 0x7fac5137c2b0>)
2023-09-15 04:30:29-07 Mac-mini SoftwareUpdateNotificationManager[569]: SUOSUShimController: Armed: 0, with mode: 0, date: (null), updates queued for later: (
	)
2023-09-15 04:30:29-07 Mac-mini softwareupdated[275]: SUOSUServiceDaemon: Adding client: (null) (pid = 81, uid = 278, path = /System/Library/PrivateFrameworks/MobileAccessoryUpdater.framework/Support/accessoryupdaterd, connection remote object interface = <NSXPCInterface: 0x7fac50741540>, exported interface = <NSXPCInterface: 0x7fac541a98f0>, remote object proxy = <__NSXPCInterfaceProxy_SUOSUServiceClientProtocol: 0x7fac541c65b0>)
2023-09-15 04:30:29-07 Mac-mini softwareupdated[275]: Set available third party update infos to: (
	)
2023-09-15 04:30:29-07 Mac-mini SoftwareUpdateNotificationManager[569]: AssertionMgr: Take com.apple.softwareupdate.NotifyAgentAssertion-UpdatesAvailable assertion with type BackgroundTask for pid 569, id 0x80BE
2023-09-15 04:30:29-07 Mac-mini SoftwareUpdateNotificationManager[569]: SUOSUAuthenticationManager: Disabling local authentication requirement
2023-09-15 04:30:29-07 Mac-mini softwareupdated[275]: Adding client SUUpdateServiceClient pid=569, uid=501, installAuth=NO rights=(), transactions=0 (/System/Library/PrivateFrameworks/SoftwareUpdate.framework/Versions/A/Resources/SoftwareUpdateNotificationManager.app/Contents/MacOS/SoftwareUpdateNotificationManager)
2023-09-15 04:30:29-07 Mac-mini SoftwareUpdateNotificationManager[569]: AssertionMgr: Cancel com.apple.softwareupdate.NotifyAgentAssertion-UpdatesAvailable assertion for pid 569, id 0x80BE
2023-09-15 04:30:29-07 Mac-mini SoftwareUpdateNotificationManager[569]: (null)：softwareupdated: Service connection invalidated!
2023-09-15 04:30:29-07 Mac-mini softwareupdated[275]: Removing client SUUpdateServiceClient pid=569, uid=501, installAuth=NO rights=(), transactions=0 (/System/Library/PrivateFrameworks/SoftwareUpdate.framework/Versions/A/Resources/SoftwareUpdateNotificationManager.app/Contents/MacOS/SoftwareUpdateNotificationManager)
2023-09-15 04:30:29-07 Mac-mini softwareupdated[275]: bridgeOS: Minimum bridge version requirement satisfied ((null)), skipping search for bridgeOS update
2023-09-15 04:30:30-07 Mac-mini softwareupdated[275]: bridgeOS: Minimum bridge version requirement satisfied ((null)), skipping search for bridgeOS update
2023-09-15 04:30:30-07 Mac-mini softwareupdated[275]: bridgeOS: Minimum bridge version requirement satisfied ((null)), skipping search for bridgeOS update

2023-09-21 21:18:49+00 Mac-mini package_script_service[636]: ./postinstall: Compiling /Library/Frameworks/Python.framework/Versions/2.7/lib/python2.7/plat-mac/Carbon/Folders.py ...
2023-09-21 21:18:49+00 Mac-mini package_script_service[636]: ./postinstall: Compiling /Library/Frameworks/Python.framework/Versions/2.7/lib/python2.7/plat-mac/Carbon/Fonts.py ...
2023-09-21 21:18:49+00 Mac-mini package_script_service[636]: ./postinstall: Compiling /Library/Frameworks/Python.framework/Versions/2.7/lib/python2.7/plat-mac/Carbon/Help.py ...
2023-09-21 21:18:49+00 Mac-mini package_script_service[636]: ./postinstall: Compiling /Library/Frameworks/Python.framework/Versions/2.7/lib/python2.7/plat-mac/Carbon/IBCarbon.py ...
2023-09-21 21:18:49+00 Mac-mini package_script_service[636]: ./postinstall: Compiling /Library/Frameworks/Python.framework/Versions/2.7/lib/python2.7/plat-mac/Carbon/IBCarbonRuntime.py ...
2023-09-21 21:18:49+00 Mac-mini package_script_service[636]: ./postinstall: Compiling /Library/Frameworks/Python.framework/Versions/2.7/lib/python2.7/plat-mac/Carbon/Icn.py ...
2023-09-21 21:18:49+00 Mac-mini package_script_service[636]: ./postinstall: Compiling /Library/Frameworks/Python.framework/Versions/2.7/lib/python2.7/plat-mac/Carbon/Icons.py ...
2023-09-21 21:18:49+00 Mac-mini package_script_service[636]: ./postinstall: Compiling /Library/Frameworks/Python.framework/Versions/2.7/lib/python2.7/plat-mac/Carbon/Launch.py ...
2023-09-21 21:18:49+00 Mac-mini package_script_service[636]: ./postinstall: Compiling /Library/Frameworks/Python.framework/Versions/2.7/lib/python2.7/plat-mac/Carbon/LaunchServices.py ...
2023-09-21 21:18:49+00 Mac-mini package_script_service[636]: ./postinstall: Compiling /Library/Frameworks/Python.framework/Versions/2.7/lib/python2.7/plat-mac/Carbon/List.py ...
2023-09-21 21:18:49+00 Mac-mini package_script_service[636]: ./postinstall: Compiling /Library/Frameworks/Python.framework/Versions/2.7/lib/python2.7/plat-mac/Carbon/Lists.py ...
2023-09-21 21:18:49+00 Mac-mini package_script_service[636]: ./postinstall: Compiling /Library/Frameworks/Python.framework/Versions/2.7/lib/python2.7/plat-mac/Carbon/MacHelp.py ...
2023-09-21 21:18:49+00 Mac-mini package_script_service[636]: ./postinstall: Compiling /Library/Frameworks/Python.framework/Versions/2.7/lib/python2.7/plat-mac/Carbon/MacTextEditor.py ...
2023-09-21 21:18:49+00 Mac-mini package_script_service[636]: ./postinstall: Compiling /Library/Frameworks/Python.framework/Versions/2.7/lib/python2.7/plat-mac/Carbon/MediaDescr.py ...
2023-09-21 21:18:49+00 Mac-mini package_script_service[636]: ./postinstall: Compiling /Library/Frameworks/Python.framework/Versions/2.7/lib/python2.7/plat-mac/Carbon/Menu.py ...
2023-09-21 21:18:49+00 Mac-mini package_script_service[636]: ./postinstall: Compiling /Library/Frameworks/Python.framework/Versions/2.7/lib/python2.7/plat-mac/Carbon/Menus.py ...
2023-09-21 21:18:49+00 Mac-mini package_script_service[636]: ./postinstall: Compiling /Library/Frameworks/Python.framework/Versions/2.7/lib/python2.7/plat-mac/Carbon/Mlte.py ...
2023-09-21 21:18:49+00 Mac-mini package_script_service[636]: ./postinstall: Compiling /Library/Frameworks/Python.framework/Versions/2.7/lib/python2.7/plat-mac/Carbon/OSA.py ...
2023-09-21 21:18:49+00 Mac-mini package_script_service[636]: ./postinstall: Compiling /Library/Frameworks/Python.framework/Versions/2.7/lib/python2.7/plat-mac/Carbon/OSAconst.py ...
2023-09-21 21:18:49+00 Mac-mini package_script_service[636]: ./postinstall: Compiling /Library/Frameworks/Python.framework/Versions/2.7/lib/python2.7/plat-mac/Carbon/QDOffscreen.py ...
2023-09-21 21:18:49+00 Mac-mini package_script_service[636]: ./postinstall: Compiling /Library/Frameworks/Python.framework/Versions/2.7/lib/python2.7/plat-mac/Carbon/Qd.py ...
2023-09-21 21:18:49+00 Mac-mini package_script_service[636]: ./postinstall: Compiling /Library/Frameworks/Python.framework/Versions/2.7/lib/python2.7/plat-mac/Carbon/Qdoffs.py ...
2023-09-21 21:18:49+00 Mac-mini package_script_service[636]: ./postinstall: Compiling /Library/Frameworks/Python.framework/Versions/2.7/lib/python2.7/plat-mac/Carbon/Qt.py ...
2023-09-21 21:18:49+00 Mac-mini package_script_service[636]: ./postinstall: Compiling /Library/Frameworks/Python.framework/Versions/2.7/lib/python2.7/plat-mac/Carbon/QuickDraw.py ...
2023-09-21 21:18:49+00 Mac-mini package_script_service[636]: ./postinstall: Compiling /Library/Frameworks/Python.framework/Versions/2.7/lib/python2.7/plat-mac/Carbon/QuickTime.py ...
2023-09-21 21:18:49+00 Mac-mini package_script_service[636]: ./postinstall: Compiling /Library/Frameworks/Python.framework/Versions/2.7/lib/python2.7/plat-mac/Carbon/Res.py ...
2023-09-21 21:18:49+00 Mac-mini package_script_service[636]: ./postinstall: Compiling /Library/Frameworks/Python.framework/Versions/2.7/lib/python2.7/plat-mac/Carbon/Resources.py ...
2023-09-21 21:18:49+00 Mac-mini package_script_service[636]: ./postinstall: Compiling /Library/Frameworks/Python.framework/Versions/2.7/lib/python2.7/plat-mac/Carbon/Scrap.py ...
2023-09-21 21:18:49+00 Mac-mini package_script_service[636]: ./postinstall: Compiling /Library/Frameworks/Python.framework/Versions/2.7/lib/python2.7/plat-mac/Carbon/Snd.py ...
2023-09-21 21:18:49+00 Mac-mini package_script_service[636]: ./postinstall: Compiling /Library/Frameworks/Python.framework/Versions/2.7/lib/python2.7/plat-mac/Carbon/Sndihooks.py ...
2023-09-21 21:18:49+00 Mac-mini package_script_service[636]: ./postinstall: Compiling /Library/Frameworks/Python.framework/Versions/2.7/lib/python2.7/plat-mac/Carbon/Sound.py ...
2023-09-21 21:18:49+00 Mac-mini package_script_service[636]: ./postinstall: Compiling /Library/Frameworks/Python.framework/Versions/2.7/lib/python2.7/plat-mac/Carbon/TE.py ...
2023-09-21 21:18:49+00 Mac-mini package_script_service[636]: ./postinstall: Compiling /Library/Frameworks/Python.framework/Versions/2.7/lib/python2.7/plat-mac/Carbon/TextEdit.py ...
2023-09-21 21:18:49+00 Mac-mini package_script_service[636]: ./postinstall: Compiling /Library/Frameworks/Python.framework/Versions/2.7/lib/python2.7/plat-mac/Carbon/Win.py ...
2023-09-21 21:18:49+00 Mac-mini package_script_service[636]: ./postinstall: Compiling /Library/Frameworks/Python.framework/Versions/2.7/lib/python2.7/plat-mac/Carbon/Windows.py ...
2023-09-21 21:18:49+00 Mac-mini package_script_service[636]: ./postinstall: Compiling /Library/Frameworks/Python.framework/Versions/2.7/lib/python2.7/plat-mac/Carbon/__init__.py ...
2023-09-21 21:18:49+00 Mac-mini package_script_service[636]: ./postinstall: Compiling /Library/Frameworks/Python.framework/Versions/2.7/lib/python2.7/plat-mac/EasyDialogs.py ...
2023-09-21 21:18:49+00 Mac-mini package_script_service[636]: ./postinstall: Compiling /Library/Frameworks/Python.framework/Versions/2.7/lib/python2.7/plat-mac/FrameWork.py ...
2023-09-21 21:18:49+00 Mac-mini package_script_service[636]: ./postinstall: Compiling /Library/Frameworks/Python.framework/Versions/2.7/lib/python2.7/plat-mac/MiniAEFrame.py ...
2023-09-21 21:18:49+00 Mac-mini package_script_service[636]: ./postinstall: Compiling /Library/Frameworks/Python.framework/Versions/2.7/lib/python2.7/plat-mac/PixMapWrapper.py ...
2023-09-21 21:18:49+00 Mac-mini package_script_service[636]: ./postinstall: Compiling /Library/Frameworks/Python.framework/Versions/2.7/lib/python2.7/plat-mac/aepack.py ...
2023-09-21 21:18:49+00 Mac-mini package_script_service[636]: ./postinstall: Compiling /Library/Frameworks/Python.framework/Versions/2.7/lib/python2.7/plat-mac/aetools.py ...
2023-09-21 21:18:49+00 Mac-mini package_script_service[636]: ./postinstall: Compiling /Library/Frameworks/Python.framework/Versions/2.7/lib/python2.7/plat-mac/aetypes.py ...
2023-09-21 21:18:49+00 Mac-mini package_script_service[636]: ./postinstall: Compiling /Library/Frameworks/Python.framework/Versions/2.7/lib/python2.7/plat-mac/applesingle.py ...
2023-09-21 21:18:49+00 Mac-mini package_script_service[636]: ./postinstall: Compiling /Library/Frameworks/Python.framework/Versions/2.7/lib/python2.7/plat-mac/appletrawmain.py ...
2023-09-21 21:18:49+00 Mac-mini package_script_service[636]: ./postinstall: Compiling /Library/Frameworks/Python.framework/Versions/2.7/lib/python2.7/plat-mac/appletrunner.py ...
2023-09-21 21:18:49+00 Mac-mini package_script_service[636]: ./postinstall: Compiling /Library/Frameworks/Python.framework/Versions/2.7/lib/python2.7/plat-mac/argvemulator.py ...
2023-09-21 21:18:49+00 Mac-mini package_script_service[636]: ./postinstall: Compiling /Library/Frameworks/Python.framework/Versions/2.7/lib/python2.7/plat-mac/bgenlocations.py ...
2023-09-21 21:18:49+00 Mac-mini package_script_service[636]: ./postinstall: Compiling /Library/Frameworks/Python.framework/Versions/2.7/lib/python2.7/plat-mac/buildtools.py ...
2023-09-21 21:18:49+00 Mac-mini package_script_service[636]: ./postinstall: Compiling /Library/Frameworks/Python.framework/Versions/2.7/lib/python2.7/plat-mac/bundlebuilder.py ...
2023-09-21 21:18:49+00 Mac-mini package_script_service[636]: ./postinstall: Compiling /Library/Frameworks/Python.framework/Versions/2.7/lib/python2.7/plat-mac/cfmfile.py ...
2023-09-21 21:18:49+00 Mac-mini package_script_service[636]: ./postinstall: Compiling /Library/Frameworks/Python.framework/Versions/2.7/lib/python2.7/plat-mac/findertools.py ...
2023-09-21 21:18:49+00 Mac-mini package_script_service[636]: ./postinstall: Compiling /Library/Frameworks/Python.framework/Versions/2.7/lib/python2.7/plat-mac/gensuitemodule.py ...
2023-09-21 21:18:49+00 Mac-mini package_script_service[636]: ./postinstall: Compiling /Library/Frameworks/Python.framework/Versions/2.7/lib/python2.7/plat-mac/ic.py ...
2023-09-21 21:18:49+00 Mac-mini package_script_service[636]: ./postinstall: Compiling /Library/Frameworks/Python.framework/Versions/2.7/lib/python2.7/plat-mac/icopen.py ...
2023-09-21 21:18:49+00 Mac-mini package_script_service[636]: ./postinstall: Listing /Library/Frameworks/Python.framework/Versions/2.7/lib/python2.7/plat-mac/lib-scriptpackages ...
2023-09-21 21:18:49+00 Mac-mini package_script_service[636]: ./postinstall: Listing /Library/Frameworks/Python.framework/Versions/2.7/lib/python2.7/plat-mac/lib-scriptpackages/CodeWarrior ...
2023-09-21 21:18:49+00 Mac-mini package_script_service[636]: ./postinstall: Compiling /Library/Frameworks/Python.framework/Versions/2.7/lib/python2.7/plat-mac/lib-scriptpackages/CodeWarrior/CodeWarrior_suite.py ...
2023-09-21 21:18:49+00 Mac-mini package_script_service[636]: ./postinstall: Compiling /Library/Frameworks/Python.framework/Versions/2.7/lib/python2.7/plat-mac/lib-scriptpackages/CodeWarrior/Metrowerks_Shell_Suite.py ...
2023-09-21 21:18:49+00 Mac-mini package_script_service[636]: ./postinstall: Compiling /Library/Frameworks/Python.framework/Versions/2.7/lib/python2.7/plat-mac/lib-scriptpackages/CodeWarrior/Required.py ...
2023-09-21 21:18:49+00 Mac-mini package_script_service[636]: ./postinstall: Compiling /Library/Frameworks/Python.framework/Versions/2.7/lib/python2.7/plat-mac/lib-scriptpackages/CodeWarrior/Standard_Suite.py ...
2023-09-21 21:18:49+00 Mac-mini package_script_service[636]: ./postinstall: Compiling /Library/Frameworks/Python.framework/Versions/2.7/lib/python2.7/plat-mac/lib-scriptpackages/CodeWarrior/__init__.py ...
2023-09-21 21:18:49+00 Mac-mini package_script_service[636]: ./postinstall: Listing /Library/Frameworks/Python.framework/Versions/2.7/lib/python2.7/plat-mac/lib-scriptpackages/Explorer ...

2023-10-26 16:56:58+00 Mac-1698339417976 SoftwareUpdateNotificationManager[857]: Found latest qualifying major MSU product: <SUOSUMajorProduct: MSU_UPDATE_23B74_patch_14.1>(Title:macOS Sonoma 14.1 Version:14.1, Identifier:(null), IconSize:6941084, Deferred:0, Deferred Until:(null))
2023-10-26 16:56:58+00 Mac-1698339417976 softwareupdated[287]: MSU updates found: (
	    "<SUOSUProduct: MSU_UPDATE_21G920_patch_12.7.1>",
	    "<SUOSUProduct: MSU_UPDATE_23B74_patch_14.1>"
	)
2023-10-26 16:56:58+00 Mac-1698339417976 SoftwareUpdateNotificationManager[857]: SUOSUAuthenticationManager: Disabling local authentication requirement
2023-10-26 16:56:58+00 Mac-1698339417976 SoftwareUpdateNotificationManager[857]: SUOSUShimController: Armed: 0, with mode: 0, date: (null), updates queued for later: (
	)
2023-10-26 16:56:58+00 Mac-1698339417976 softwareupdated[287]: Adding client SUUpdateServiceClient pid=857, uid=501, installAuth=NO rights=(), transactions=0 (/System/Library/PrivateFrameworks/SoftwareUpdate.framework/Versions/A/Resources/SoftwareUpdateNotificationManager.app/Contents/MacOS/SoftwareUpdateNotificationManager)
2023-10-26 16:56:58+00 Mac-1698339417976 softwareupdated[287]: SoftwareUpdate: request for status for unknown product MSU_UPDATE_21G920_patch_12.7.1
2023-10-26 16:56:58+00 Mac-1698339417976 softwareupdated[287]: Descriptor has changed since previous download (12.7.1 vs (null))
2023-10-26 16:56:58+00 Mac-1698339417976 SoftwareUpdateNotificationManager[857]: SUOSUShimController: MSU update is not yet downloaded & prepared
2023-10-26 16:56:58+00 Mac-1698339417976 softwareupdated[287]: SUOSUServiceDaemon: Adding client: (null) (pid = 857, uid = 501, path = /System/Library/PrivateFrameworks/SoftwareUpdate.framework/Versions/A/Resources/SoftwareUpdateNotificationManager.app/Contents/MacOS/SoftwareUpdateNotificationManager, connection remote object interface = <NSXPCInterface: 0x7fe414d70c10>, exported interface = <NSXPCInterface: 0x7fe414d63980>, remote object proxy = <__NSXPCInterfaceProxy_SUOSUServiceClientProtocol: 0x7fe414d71c30>)
2023-10-26 16:56:58+00 Mac-1698339417976 SoftwareUpdateNotificationManager[857]: SUOSUAuthenticationManager: Disabling local authentication requirement
2023-10-26 16:56:58+00 Mac-1698339417976 softwareupdated[287]: SUOSUServiceDaemon: Adding client: (null) (pid = 857, uid = 501, path = /System/Library/PrivateFrameworks/SoftwareUpdate.framework/Versions/A/Resources/SoftwareUpdateNotificationManager.app/Contents/MacOS/SoftwareUpdateNotificationManager, connection remote object interface = <NSXPCInterface: 0x7fe414d736a0>, exported interface = <NSXPCInterface: 0x7fe414d6e400>, remote object proxy = <__NSXPCInterfaceProxy_SUOSUServiceClientProtocol: 0x7fe414d749c0>)
2023-10-26 16:56:58+00 Mac-1698339417976 softwareupdated[287]: Descriptor has changed since previous download (12.7.1 vs (null))
2023-10-26 16:56:58+00 Mac-1698339417976 SoftwareUpdateNotificationManager[857]: SUOSUShimController: MSU update is not yet downloaded & prepared
2023-10-26 17:00:16+00 Mac-1698339417976 installd[1499]: installd: Starting
2023-10-26 17:00:16+00 Mac-1698339417976 installd[1499]: installd: uid=0, euid=0
2023-10-26 17:00:16+00 Mac-1698339417976 system_installd[1497]: installd: Starting
2023-10-26 17:00:16+00 Mac-1698339417976 system_installd[1497]: installd: uid=0, euid=0
