Sampling completed, generating report...
There are 11 processes, limiting analysis to first 10
Security policies don't allow ddt
Security policies don't allow ddt
Security policies don't allow ddt
Security policies don't allow ddt
Security policies don't allow ddt
Security policies don't allow ddt
Security policies don't allow ddt
Security policies don't allow ddt
Saved report to /Library/Logs/DiagnosticReports/shutdown_stall_2023-09-15-042723_Mac-mini.shutdownStall
Sampling completed, generating report...
Security policies don't allow ddt
Security policies don't allow ddt
Security policies don't allow ddt
Security policies don't allow ddt
Security policies don't allow ddt
Saved report to /Library/Logs/DiagnosticReports/shutdown_stall_2023-09-15-042844_Mac-mini.shutdownStall
Sampling completed, generating report...
Security policies don't allow ddt
Security policies don't allow ddt
Security policies don't allow ddt
Saved report to /Library/Logs/DiagnosticReports/shutdown_stall_2023-09-15-043001_Mac-mini.shutdownStall
Sampling completed, generating report...
Security policies don't allow ddt
Security policies don't allow ddt
Security policies don't allow ddt
Saved report to /Library/Logs/DiagnosticReports/shutdown_stall_2023-09-15-043102_Mac-mini.shutdownStall
Sampling completed, generating report...
Security policies don't allow ddt
Security policies don't allow ddt
Security policies don't allow ddt
Saved report to /Library/Logs/DiagnosticReports/shutdown_stall_2023-09-21-211537_Mac-mini.shutdownStall
Sampling completed, generating report...
Security policies don't allow ddt
Security policies don't allow ddt
Security policies don't allow ddt
Security policies don't allow ddt
Security policies don't allow ddt
Security policies don't allow ddt
Saved report to /Library/Logs/DiagnosticReports/shutdown_stall_2023-09-21-230517_Mac-mini.shutdownStall
Sampling completed, generating report...
Security policies don't allow ddt
Security policies don't allow ddt
Security policies don't allow ddt
Saved report to /Library/Logs/DiagnosticReports/shutdown_stall_2023-09-22-000627_Mac-mini.shutdownStall
Sampling completed, generating report...
Security policies don't allow ddt
Security policies don't allow ddt
Security policies don't allow ddt
Security policies don't allow ddt
Saved report to /Library/Logs/DiagnosticReports/shutdown_stall_2023-10-11-150813_Mac-1697036723204.shutdownStall
