
Files:

File: ./logs/synology-DS6/synolog/synobackup.log
  About:
      FileType      : TEXT UTF8/ASCII (text log)
      LogMessageType: text log lines
      Thread stack  : 100352 (bytes)
  Printed:
      bytes         : 2872
      flushes       : 15
      Lines         : 16
      Syslines      : 15
      Datetime first: 2017-02-21 21:36:10 +08:00 (2017-02-21 13:36:10.000000 +00:00)
      Datetime last : 2017-02-24 03:43:57 +08:00 (2017-02-23 19:43:57.000000 +00:00)
  Processed:
      file size     : 1704 (0x6A8) (bytes)
      bytes         : 1704 (0x6A8)
      bytes total   : 1704 (0x6A8)
      Block size    : 256 (0x100)
      Blocks        : 7
      Blocks total  : 7 (1792 bytes)
      Lines         : 16
      Line longest  : 220 (bytes)
      Line parts    : 22
      Syslines      : 15
      Sysline longest: 221 (bytes)
      Syslines high : 10
      Datetime first: 2017-02-21 21:36:10 +08:00 (2017-02-21 13:36:10.000000 +00:00)
      Datetime last : 2017-02-24 03:43:57 +08:00 (2017-02-23 19:43:57.000000 +00:00)
      out of order  : 0
  Parsers:
  Processing stores:
      storage: LineReader::find_line() lines                       : hit   0, miss  31,  0.0%
      caching: LineReader::find_line() LRU cache                   : hit  15, miss  16, 48.4%, put  16
      copying: SyslineReader::get_boxptrs()                        : sgl 149, dbl    6, mult   0
      storage: SyslineReader::find_sysline() syslines              : hit   0, miss  15,  0.0%
      caching: SyslineReader::find_sysline() syslines_by_range_map : hit   0, miss   1,  0.0%, put   1
      caching: SyslineReader::find_sysline() LRU cache             : hit   1, miss  15,  6.2%, put  15
      caching: SyslineReader::parse_datetime_in_line() LRU cache   : hit  14, miss  16, 46.7%, put   0
      optimize:SyslineReader::ezcheck12                            : hit   0, miss   0,  0.0%, largest skipped 0
      optimize:SyslineReader::ezcheckd2                            : hit   0, miss  12,  0.0%, largest skipped 0
      optimize:SyslineReader::ezcheck12d2                          : hit   0, miss 143,  0.0%, largest skipped 0
      process: regex captures                                      : hit  15, miss 140
  Processing Drops:

Program summary:

Paths considered       : 1
Paths not processed    : 0
Files processed        : 1
Files printed          : 1
Printed bytes          : 2932
Printed flushes        : 30
Printed Lines          : 16
Printed Syslines       : 15
Printed ASL events     : 0
Printed ETL events     : 0
Printed EVTX events    : 0
Printed FixedStruct    : 0
Printed Journal events : 0
Printed ODL events     : 0
Line Maximum                   : 393209
Line longest                   : 220
Sysline longest                : 221
EVTX event largest processed   : 0
EVTX event largest accepted    : 0
Journal event largest processed: 0
Journal event largest accepted : 0
Managed files max deflt: 980
Managed files max adjus: 200
Managed request open   : 1
Managed request read   : 0
Managed write calls    : 0
Managed seek calls     : 7
Managed metadata calls : 1
Managed open errors    : 0
Managed evict fails    : 0
Regex patterns known   : 188
Regex patterns compiled: 188
Datetime filter -a     : 1999-03-03 00:00:00 +00:00 (1999-03-03 00:00:00.000000 +00:00)
Datetime printed first : 2017-02-21 21:36:10 +08:00 (2017-02-21 13:36:10.000000 +00:00)
Datetime printed last  : 2017-02-24 03:43:57 +08:00 (2017-02-23 19:43:57.000000 +00:00)
Datetime filter -b     : 2026-01-02 00:00:00 +00:00 (2026-01-02 00:00:00.000000 +00:00)
Channel receive ok     : 17
Channel receive err    : 0
Threads spawned        : 1
Thread spawn errors    : 0
Temporary files created: 0
Platform               : x86_64-unknown-linux-gnu
Allocator              : system
