******************************************************************************
** VirtualBox Unattended Guest Installation - Late installation actions
** Date:    Fri, 15 Dec 2023 11:24:25 -0800
** Started: /target/root/vboxpostinstall.sh --ubiquity-success-command
** chroot_setup: done
--------------------------------------------------
** Date:      Fri, 15 Dec 2023 11:24:30 -0800
** Executing: mount -o bind /cdrom /target/cdrom
** binding cdrom into jail: success
--------------------------------------------------
** Installing packages for building kernel modules...
--------------------------------------------------
** Date:      Fri, 15 Dec 2023 11:24:30 -0800
** Executing: chroot /target apt-get -y install build-essential
Reading package lists...
Building dependency tree...
Reading state information...
build-essential is already the newest version (12.1ubuntu2).
0 upgraded, 0 newly installed, 0 to remove and 192 not upgraded.
--------------------------------------------------
** Date:      Fri, 15 Dec 2023 11:24:30 -0800
** Executing: chroot /target apt-get -y install linux-headers-4.15.0-112-generic
Reading package lists...
Building dependency tree...
Reading state information...
linux-headers-4.15.0-112-generic is already the newest version (4.15.0-112.113~16.04.1).
linux-headers-4.15.0-112-generic set to manually installed.
0 upgraded, 0 newly installed, 0 to remove and 192 not upgraded.
** unbinding cdrom from jail...
--------------------------------------------------
** Date:      Fri, 15 Dec 2023 11:24:30 -0800
** Executing: umount /target/cdrom
** chroot_cleanup: done
******************************************************************************
** Date:            Fri, 15 Dec 2023 11:24:45 -0800
** Final exit code: 0
******************************************************************************
