
Files:

File: ./logs/Orbi/tmp/auto_fw_upgrade_log
  About:
      FileType      : TEXT UTF8/ASCII (text log)
      LogMessageType: text log lines
      Thread stack  : 102400 (bytes)
  Printed:
      bytes         : 1237
      flushes       : 8
      Lines         : 9
      Syslines      : 8
      Datetime first: 2022-04-04 16:37:20 +08:00 (2022-04-04 08:37:20.000000 +00:00)
      Datetime last : 2022-04-04 23:37:16 +08:00 (2022-04-04 15:37:16.000000 +00:00)
  Processed:
      file size     : 643 (0x283) (bytes)
      bytes         : 643 (0x283)
      bytes total   : 643 (0x283)
      Block size    : 256 (0x100)
      Blocks        : 3
      Blocks total  : 3 (768 bytes)
      Blocks high   : 3 (768 bytes)
      Lines         : 9
      Line longest  : 128 (bytes)
      Lines high    : 9
      Line parts    : 11
      Syslines      : 8
      Sysline longest: 128 (bytes)
      Syslines high : 8
      Datetime first: 2022-04-04 16:37:20 +08:00 (2022-04-04 08:37:20.000000 +00:00)
      Datetime last : 2022-04-04 23:37:16 +08:00 (2022-04-04 15:37:16.000000 +00:00)
      out of order  : 4
  Parsers:
  Processing stores:
      storage: LineReader::find_line() lines                       : hit   1, miss  16,  5.9%
      caching: LineReader::find_line() LRU cache                   : hit   8, miss   9, 47.1%, put   9
      copying: SyslineReader::get_boxptrs()                        : sgl 146, dbl    2, mult   0
      storage: SyslineReader::find_sysline() syslines              : hit   0, miss   8,  0.0%
      caching: SyslineReader::find_sysline() syslines_by_range_map : hit   0, miss   1,  0.0%, put   1
      caching: SyslineReader::find_sysline() LRU cache             : hit   1, miss   8, 11.1%, put   8
      caching: SyslineReader::parse_datetime_in_line() LRU cache   : hit   7, miss   9, 43.8%, put   0
      optimize:SyslineReader::ezcheck12                            : hit   0, miss   0,  0.0%, largest skipped 0
      optimize:SyslineReader::ezcheckd2                            : hit   0, miss  12,  0.0%, largest skipped 0
      optimize:SyslineReader::ezcheck12d2                          : hit   0, miss 136,  0.0%, largest skipped 0
      process: regex captures                                      : hit   8, miss 140
  Processing Drops:

Program summary:

Paths considered       : 1
Paths not processed    : 0
Files processed        : 1
Files printed          : 1
Printed bytes          : 1269
Printed flushes        : 16
Printed Lines          : 9
Printed Syslines       : 8
Printed ASL events     : 0
Printed ETL events     : 0
Printed EVTX events    : 0
Printed FixedStruct    : 0
Printed Journal events : 0
Printed ODL events     : 0
Line longest                   : 128
Sysline longest                : 128
EVTX event largest processed   : 0
EVTX event largest accepted    : 0
Journal event largest processed: 0
Journal event largest accepted : 0
Managed files max deflt: 980
Managed files max adjus: 200
Managed handles high   : 1
Managed request open   : 1
Managed request read   : 0
Managed read calls     : 3
Managed write calls    : 0
Managed seek calls     : 3
Managed metadata calls : 1
Managed open errors    : 0
Managed evict fails    : 0
Unmanaged handles high : 0
Regex patterns known   : 188
Regex patterns compiled: 188
Datetime filter -a     : 1999-03-03 00:00:00 +00:00 (1999-03-03 00:00:00.000000 +00:00)
Datetime printed first : 2022-04-04 16:37:20 +08:00 (2022-04-04 08:37:20.000000 +00:00)
Datetime printed last  : 2022-04-04 23:37:16 +08:00 (2022-04-04 15:37:16.000000 +00:00)
Datetime filter -b     : 2026-01-02 00:00:00 +00:00 (2026-01-02 00:00:00.000000 +00:00)
Channel receive ok     : 10
Channel receive err    : 0
Threads spawned        : 1
Thread spawn errors    : 0
Temporary files created: 0
Platform               : x86_64-unknown-linux-gnu
Allocator              : system
