
Files:

File: ./logs/Orbi/var/log/soapclient/CC_AA_DD_EE_FF_00-ns.old
  About:
      FileType      : TEXT UTF8/ASCII (text log)
      LogMessageType: text log lines
      Thread stack  : 100352 (bytes)
  Printed:
      bytes         : 3498
      flushes       : 17
      Lines         : 19
      Syslines      : 17
      Datetime first: 2022-05-10 13:24:56 +08:00 (2022-05-10 05:24:56.000000 +00:00)
      Datetime last : 2022-05-10 13:24:56 +08:00 (2022-05-10 05:24:56.000000 +00:00)
  Processed:
      file size     : 1864 (0x748) (bytes)
      bytes         : 1864 (0x748)
      bytes total   : 1864 (0x748)
      Block size    : 256 (0x100)
      Blocks        : 8
      Blocks total  : 8 (2048 bytes)
      Lines         : 19
      Line longest  : 134 (bytes)
      Line parts    : 26
      Syslines      : 17
      Sysline longest: 134 (bytes)
      Syslines high : 10
      Datetime first: 2022-05-10 13:24:56 +08:00 (2022-05-10 05:24:56.000000 +00:00)
      Datetime last : 2022-05-10 13:24:56 +08:00 (2022-05-10 05:24:56.000000 +00:00)
      out of order  : 0
  Parsers:
  Processing stores:
      storage: LineReader::find_line() lines                       : hit   0, miss  37,  0.0%
      caching: LineReader::find_line() LRU cache                   : hit  17, miss  19, 47.2%, put  19
      copying: SyslineReader::get_boxptrs()                        : sgl 151, dbl    7, mult   0
      storage: SyslineReader::find_sysline() syslines              : hit   0, miss  17,  0.0%
      caching: SyslineReader::find_sysline() syslines_by_range_map : hit   0, miss   1,  0.0%, put   1
      caching: SyslineReader::find_sysline() LRU cache             : hit   1, miss  17,  5.6%, put  17
      caching: SyslineReader::parse_datetime_in_line() LRU cache   : hit  16, miss  19, 45.7%, put   0
      optimize:SyslineReader::ezcheck12                            : hit   0, miss   0,  0.0%, largest skipped 0
      optimize:SyslineReader::ezcheckd2                            : hit   1, miss  11,  8.3%, largest skipped 18
      optimize:SyslineReader::ezcheck12d2                          : hit   2, miss 144,  1.4%, largest skipped 25
      process: regex captures                                      : hit  17, miss 138
  Processing Drops:

Program summary:

Paths considered       : 1
Paths not processed    : 0
Files processed        : 1
Files printed          : 1
Printed bytes          : 3566
Printed flushes        : 34
Printed Lines          : 19
Printed Syslines       : 17
Printed ASL events     : 0
Printed ETL events     : 0
Printed EVTX events    : 0
Printed FixedStruct    : 0
Printed Journal events : 0
Printed ODL events     : 0
Line Maximum                   : 393209
Line longest                   : 134
Sysline longest                : 134
EVTX event largest processed   : 0
EVTX event largest accepted    : 0
Journal event largest processed: 0
Journal event largest accepted : 0
Managed files max deflt: 980
Managed files max adjus: 200
Managed handles high   : 1
Managed request open   : 1
Managed request read   : 0
Managed write calls    : 0
Managed seek calls     : 8
Managed metadata calls : 1
Managed open errors    : 0
Managed evict fails    : 0
Regex patterns known   : 188
Regex patterns compiled: 188
Datetime filter -a     : 1999-03-03 00:00:00 +00:00 (1999-03-03 00:00:00.000000 +00:00)
Datetime printed first : 2022-05-10 13:24:56 +08:00 (2022-05-10 05:24:56.000000 +00:00)
Datetime printed last  : 2022-05-10 13:24:56 +08:00 (2022-05-10 05:24:56.000000 +00:00)
Datetime filter -b     : 2026-01-02 00:00:00 +00:00 (2026-01-02 00:00:00.000000 +00:00)
Channel receive ok     : 19
Channel receive err    : 0
Threads spawned        : 1
Thread spawn errors    : 0
Temporary files created: 0
Platform               : x86_64-unknown-linux-gnu
Allocator              : system
