
Files:

File: ./logs/OpenSUSE15/lightdm.log
  About:
      filetype       : TEXT UTF8/ASCII (text log)
      logmessagetype : text log lines
      Processing Err : failed to calculate systemtime at uptime zero
  Printed:
      bytes         : 0
      flushes       : 0
      lines         : 0
      syslines      : 0
  Processed:
      file size     : 1232 (0x4D0) (bytes)
      bytes         : 464 (0x1D0)
      bytes total   : 1232 (0x4D0)
      block size    : 256 (0x100)
      blocks        : 2
      blocks total  : 5 (1280 bytes)
      lines         : 4
      syslines      : 2
      syslines high : 2
  Parsers:
  Processing Stores:
      storage: LineReader::find_line() lines                       : hit   0, miss   7,  0.0%
      caching: LineReader::find_line() LRU cache                   : hit   2, miss   5, 28.6%, put   4
      copying: SyslineReader::get_boxptrs()                        : sgl 159, dbl    0, mult   0
      storage: SyslineReader::find_sysline() syslines              : hit   0, miss   2,  0.0%
      caching: SyslineReader::find_sysline() syslines_by_range_map : hit   0, miss   2,  0.0%, put   2
      caching: SyslineReader::find_sysline() LRU cache             : hit   0, miss   2,  0.0%, put   2
      caching: SyslineReader::parse_datetime_in_line() LRU cache   : hit   0, miss   5,  0.0%, put   0
      optimize:SyslineReader::ezcheck12                            : hit   0, miss   0,  0.0%, largest skipped 0
      optimize:SyslineReader::ezcheckd2                            : hit   0, miss  15,  0.0%, largest skipped 0
      optimize:SyslineReader::ezcheck12d2                          : hit   0, miss 144,  0.0%, largest skipped 0
      process: regex captures attempted                            : 159
  Processing Drops:

Program Summary:

Paths considered       : 1
Paths not processed    : 0
Files processed        : 1
Files printed          : 0
Printed bytes          : 0
Printed flushes        : 0
Printed lines          : 0
Printed syslines       : 0
Printed ETL events     : 0
Printed EVTX events    : 0
Printed fixedstruct    : 0
Printed journal events : 0
Printed ODL events     : 0
Regex patterns known   : 175
Regex patterns compiled: 157
Datetime filter -a     : 1999-03-03 00:00:00 +00:00 (1999-03-03 00:00:00.000000 +00:00)
Datetime filter -b     : 2023-04-10 22:10:32 +00:00 (2023-04-10 22:10:32.000000 +00:00)
Channel Receive ok     : 2
Channel Receive err    : 0
Threads Spawned        : 1
Thread Spawn errors    : 0
Temporary files created: 0
Platform               : x86_64-unknown-linux-gnu
Allocator              : system
