
Files:

File: ./logs/Windows10Pro/System32/LogFiles/setupcln/setuperr.log
  About:
      FileType      : TEXT UTF8/ASCII (text log)
      LogMessageType: text log lines
      Thread stack  : 100352 (bytes)
  Printed:
      bytes         : 24705
      flushes       : 105
      Lines         : 105
      Syslines      : 105
      Datetime first: 2020-05-28 12:32:23 +08:00 (2020-05-28 04:32:23.000000 +00:00)
      Datetime last : 2022-10-12 13:26:20 +08:00 (2022-10-12 05:26:20.000000 +00:00)
  Processed:
      file size     : 15258 (0x3B9A) (bytes)
      bytes         : 15258 (0x3B9A)
      bytes total   : 15258 (0x3B9A)
      Block size    : 256 (0x100)
      Blocks        : 60
      Blocks total  : 60 (15360 bytes)
      Lines         : 105
      Line longest  : 230 (bytes)
      Line parts    : 164
      Syslines      : 105
      Sysline longest: 230 (bytes)
      Syslines high : 7
      Datetime first: 2020-05-28 12:32:23 +08:00 (2020-05-28 04:32:23.000000 +00:00)
      Datetime last : 2022-10-12 13:26:20 +08:00 (2022-10-12 05:26:20.000000 +00:00)
      out of order  : 0
  Parsers:
  Processing stores:
      storage: LineReader::find_line() lines                       : hit   0, miss 211,  0.0%
      caching: LineReader::find_line() LRU cache                   : hit 106, miss 106, 50.0%, put 105
      copying: SyslineReader::get_boxptrs()                        : sgl 163, dbl   20, mult   0
      storage: SyslineReader::find_sysline() syslines              : hit   0, miss 106,  0.0%
      caching: SyslineReader::find_sysline() syslines_by_range_map : hit   0, miss   2,  0.0%, put   1
      caching: SyslineReader::find_sysline() LRU cache             : hit   0, miss 106,  0.0%, put 105
      caching: SyslineReader::parse_datetime_in_line() LRU cache   : hit 105, miss 105, 50.0%, put   0
      optimize:SyslineReader::ezcheck12                            : hit   0, miss   0,  0.0%, largest skipped 0
      optimize:SyslineReader::ezcheckd2                            : hit   0, miss   4,  0.0%, largest skipped 0
      optimize:SyslineReader::ezcheck12d2                          : hit   0, miss 179,  0.0%, largest skipped 0
      process: regex captures                                      : hit 105, miss  78
  Processing Drops:

Program summary:

Paths considered       : 1
Paths not processed    : 0
Files processed        : 1
Files printed          : 1
Printed bytes          : 25125
Printed flushes        : 210
Printed Lines          : 105
Printed Syslines       : 105
Printed ASL events     : 0
Printed ETL events     : 0
Printed EVTX events    : 0
Printed FixedStruct    : 0
Printed Journal events : 0
Printed ODL events     : 0
Line Maximum                   : 393209
Line longest                   : 230
Sysline longest                : 230
EVTX event largest processed   : 0
EVTX event largest accepted    : 0
Journal event largest processed: 0
Journal event largest accepted : 0
Managed files max deflt: 980
Managed files max adjus: 200
Managed handles high   : 1
Managed request open   : 1
Managed request read   : 0
Managed write calls    : 0
Managed seek calls     : 60
Managed metadata calls : 1
Managed open errors    : 0
Managed evict fails    : 0
Regex patterns known   : 188
Regex patterns compiled: 188
Datetime filter -a     : 1999-03-03 00:00:00 +00:00 (1999-03-03 00:00:00.000000 +00:00)
Datetime printed first : 2020-05-28 12:32:23 +08:00 (2020-05-28 04:32:23.000000 +00:00)
Datetime printed last  : 2022-10-12 13:26:20 +08:00 (2022-10-12 05:26:20.000000 +00:00)
Datetime filter -b     : 2026-01-02 00:00:00 +00:00 (2026-01-02 00:00:00.000000 +00:00)
Channel receive ok     : 107
Channel receive err    : 0
Threads spawned        : 1
Thread spawn errors    : 0
Temporary files created: 0
Platform               : x86_64-unknown-linux-gnu
Allocator              : system
