
Files:

File: ./logs/programs/proftpd/proftpd.log
  About:
      FileType      : TEXT UTF8/ASCII (text log)
      LogMessageType: text log lines
      Thread stack  : 100352 (bytes)
  Printed:
      bytes         : 3328
      flushes       : 19
      Lines         : 19
      Syslines      : 19
      Datetime first: 2020-10-03 11:24:09 +08:00 (2020-10-03 03:24:09.447000 +00:00)
      Datetime last : 2020-10-03 11:26:12 +08:00 (2020-10-03 03:26:12.134000 +00:00)
  Processed:
      file size     : 2074 (0x81A) (bytes)
      bytes         : 2074 (0x81A)
      bytes total   : 2074 (0x81A)
      Block size    : 256 (0x100)
      Blocks        : 9
      Blocks total  : 9 (2304 bytes)
      Lines         : 19
      Line longest  : 141 (bytes)
      Line parts    : 27
      Syslines      : 19
      Sysline longest: 141 (bytes)
      Syslines high : 10
      Datetime first: 2020-10-03 11:24:09 +08:00 (2020-10-03 03:24:09.447000 +00:00)
      Datetime last : 2020-10-03 11:26:12 +08:00 (2020-10-03 03:26:12.134000 +00:00)
      out of order  : 0
  Parsers:
  Processing stores:
      storage: LineReader::find_line() lines                       : hit  0, miss 37,  0.0%
      caching: LineReader::find_line() LRU cache                   : hit 19, miss 19, 50.0%, put 19
      copying: SyslineReader::get_boxptrs()                        : sgl 88, dbl   4, mult  0
      storage: SyslineReader::find_sysline() syslines              : hit  0, miss 19,  0.0%
      caching: SyslineReader::find_sysline() syslines_by_range_map : hit  0, miss  1,  0.0%, put  1
      caching: SyslineReader::find_sysline() LRU cache             : hit  1, miss 19,  5.0%, put 19
      caching: SyslineReader::parse_datetime_in_line() LRU cache   : hit 18, miss 19, 48.6%, put  0
      optimize:SyslineReader::ezcheck12                            : hit  0, miss  0,  0.0%, largest skipped 0
      optimize:SyslineReader::ezcheckd2                            : hit  0, miss  4,  0.0%, largest skipped 0
      optimize:SyslineReader::ezcheck12d2                          : hit  0, miss 88,  0.0%, largest skipped 0
      process: regex captures                                      : hit 19, miss 73
  Processing Drops:

Program summary:

Paths considered       : 1
Paths not processed    : 0
Files processed        : 1
Files printed          : 1
Printed bytes          : 3404
Printed flushes        : 38
Printed Lines          : 19
Printed Syslines       : 19
Printed ASL events     : 0
Printed ETL events     : 0
Printed EVTX events    : 0
Printed FixedStruct    : 0
Printed Journal events : 0
Printed ODL events     : 0
Line Maximum                   : 393209
Line longest                   : 141
Sysline longest                : 141
EVTX event largest processed   : 0
EVTX event largest accepted    : 0
Journal event largest processed: 0
Journal event largest accepted : 0
Managed files max deflt: 980
Managed files max adjus: 200
Managed request open   : 1
Managed request read   : 0
Managed write calls    : 0
Managed seek calls     : 9
Managed metadata calls : 1
Managed open errors    : 0
Managed evict fails    : 0
Regex patterns known   : 188
Regex patterns compiled: 188
Datetime filter -a     : 1999-03-03 00:00:00 +00:00 (1999-03-03 00:00:00.000000 +00:00)
Datetime printed first : 2020-10-03 11:24:09 +08:00 (2020-10-03 03:24:09.447000 +00:00)
Datetime printed last  : 2020-10-03 11:26:12 +08:00 (2020-10-03 03:26:12.134000 +00:00)
Datetime filter -b     : 2026-01-02 00:00:00 +00:00 (2026-01-02 00:00:00.000000 +00:00)
Channel receive ok     : 21
Channel receive err    : 0
Threads spawned        : 1
Thread spawn errors    : 0
Temporary files created: 0
Platform               : x86_64-unknown-linux-gnu
Allocator              : system
