
Files:

File: ./logs/programs/proftpd/xferlog
  About:
      filetype      : TEXT UTF8/ASCII (text log)
      logmessagetype: text log lines
      thread stack  : 2150400 (bytes)
  Printed:
      bytes         : 465
      flushes       : 3
      lines         : 3
      syslines      : 3
      datetime first: 2020-10-03 11:26:12 +08:00 (2020-10-03 03:26:12.000000 +00:00)
      datetime last : 2020-10-03 11:26:12 +08:00 (2020-10-03 03:26:12.000000 +00:00)
  Processed:
      file size     : 279 (0x117) (bytes)
      bytes         : 279 (0x117)
      bytes total   : 279 (0x117)
      block size    : 256 (0x100)
      blocks        : 2
      blocks total  : 2 (512 bytes)
      lines         : 3
      line longest  : 96 (bytes)
      line parts    : 4
      syslines      : 3
      sysline longest: 96 (bytes)
      syslines high : 3
      datetime first: 2020-10-03 11:26:12 +08:00 (2020-10-03 03:26:12.000000 +00:00)
      datetime last : 2020-10-03 11:26:12 +08:00 (2020-10-03 03:26:12.000000 +00:00)
      out of order  : 0
  Parsers:
  Processing Stores:
      storage: LineReader::find_line() lines                       : hit  0, miss  5,  0.0%
      caching: LineReader::find_line() LRU cache                   : hit  3, miss  3, 50.0%, put  3
      copying: SyslineReader::get_boxptrs()                        : sgl 92, dbl   0, mult  0
      storage: SyslineReader::find_sysline() syslines              : hit  0, miss  3,  0.0%
      caching: SyslineReader::find_sysline() syslines_by_range_map : hit  0, miss  1,  0.0%, put  1
      caching: SyslineReader::find_sysline() LRU cache             : hit  1, miss  3, 25.0%, put  3
      caching: SyslineReader::parse_datetime_in_line() LRU cache   : hit  2, miss  3, 40.0%, put  0
      optimize:SyslineReader::ezcheck12                            : hit  0, miss  0,  0.0%, largest skipped 0
      optimize:SyslineReader::ezcheckd2                            : hit  0, miss  4,  0.0%, largest skipped 0
      optimize:SyslineReader::ezcheck12d2                          : hit  0, miss 88,  0.0%, largest skipped 0
      process: regex captures                                      : hit  3, miss 89
  Processing Drops:

Program Summary:

Paths considered       : 1
Paths not processed    : 0
Files processed        : 1
Files printed          : 1
Printed bytes          : 477
Printed flushes        : 6
Printed lines          : 3
Printed syslines       : 3
Longest Line           : 96
Longest Sysline        : 96
Printed ASL events     : 0
Printed ETL events     : 0
Printed EVTX events    : 0
Printed fixedstruct    : 0
Printed journal events : 0
Printed ODL events     : 0
Managed files max deflt: 980
Managed files max adjus: 200
Managed request open   : 1
Managed request read   : 0
Managed read calls     : 2
Managed write calls    : 0
Managed seek calls     : 2
Managed metadata calls : 1
Managed open errors    : 0
Managed evict fails    : 0
Regex patterns known   : 188
Regex patterns compiled: 188
Datetime filter -a     : 1999-03-03 00:00:00 +00:00 (1999-03-03 00:00:00.000000 +00:00)
Datetime printed first : 2020-10-03 11:26:12 +08:00 (2020-10-03 03:26:12.000000 +00:00)
Datetime printed last  : 2020-10-03 11:26:12 +08:00 (2020-10-03 03:26:12.000000 +00:00)
Datetime filter -b     : 2026-01-02 00:00:00 +00:00 (2026-01-02 00:00:00.000000 +00:00)
Channel Receive ok     : 5
Channel Receive err    : 0
Threads Spawned        : 1
Thread Spawn errors    : 0
Temporary files created: 0
Platform               : x86_64-unknown-linux-gnu
Allocator              : system
