
Files:

File: ./logs/Ubuntu22/apt/eipp.log
  About:
      FileType      : TEXT UTF8/ASCII (text log)
      LogMessageType: text log lines
      Thread stack  : 102400 (bytes)
      Processing Err : no syslog lines found in file
  Printed:
      bytes         : 0
      flushes       : 0
      Lines         : 0
      Syslines      : 0
      Datetime first: None Found
      Datetime last : None Found
  Processed:
      file size     : 266 (0x10A) (bytes)
      bytes         : 256 (0x100)
      bytes total   : 266 (0x10A)
      Block size    : 256 (0x100)
      Blocks        : 1
      Blocks total  : 2 (512 bytes)
      Blocks high   : 1 (256 bytes)
      Lines         : 13
      Line longest  : 38 (bytes)
      Lines high    : 13
      Line parts    : 14
      Syslines      : 0
      Sysline longest: 0 (bytes)
      Syslines high : 0
      out of order  : 0
  Processing stores:
      storage: LineReader::find_line() lines                       : hit    1, miss   26,  3.7%
      caching: LineReader::find_line() LRU cache                   : hit    1, miss   14,  6.7%, put   13
      copying: SyslineReader::get_boxptrs()                        : sgl 2256, dbl     0, mult    0
      storage: SyslineReader::find_sysline() syslines              : hit    0, miss    1,  0.0%
      caching: SyslineReader::find_sysline() syslines_by_range_map : hit    0, miss    1,  0.0%, put    0
      caching: SyslineReader::find_sysline() LRU cache             : hit    0, miss    1,  0.0%, put    0
      caching: SyslineReader::parse_datetime_in_line() LRU cache   : hit    0, miss   14,  0.0%, put    0
      optimize:SyslineReader::ezcheck12                            : hit    0, miss    0,  0.0%, largest skipped 0
      optimize:SyslineReader::ezcheckd2                            : hit  126, miss  114, 52.5%, largest skipped 24
      optimize:SyslineReader::ezcheck12d2                          : hit  841, miss 1175, 41.7%, largest skipped 19
      process: regex captures                                      : hit    0, miss 1289
  Processing Drops:

Program summary:

Paths considered       : 1
Paths not processed    : 0
Files processed        : 1
Files printed          : 0
Printed bytes          : 0
Printed flushes        : 0
Printed Lines          : 0
Printed Syslines       : 0
Printed ASL events     : 0
Printed ETL events     : 0
Printed EVTX events    : 0
Printed FixedStruct    : 0
Printed Journal events : 0
Printed ODL events     : 0
Line longest                   : 38
Sysline longest                : 0
EVTX event largest processed   : 0
EVTX event largest accepted    : 0
Journal event largest processed: 0
Journal event largest accepted : 0
Managed files max deflt: 980
Managed files max adjus: 200
Managed handles high   : 1
Managed request open   : 1
Managed request read   : 0
Managed read calls     : 1
Managed write calls    : 0
Managed seek calls     : 1
Managed metadata calls : 1
Managed open errors    : 0
Managed evict fails    : 0
Unmanaged handles high : 0
Regex patterns known   : 188
Regex patterns compiled: 188
Datetime filter -a     : 1999-03-03 00:00:00 +00:00 (1999-03-03 00:00:00.000000 +00:00)
Datetime printed first :
Datetime printed last  :
Datetime filter -b     : 2026-01-02 00:00:00 +00:00 (2026-01-02 00:00:00.000000 +00:00)
Channel receive ok     : 2
Channel receive err    : 0
Threads spawned        : 1
Thread spawn errors    : 0
Temporary files created: 0
Platform               : x86_64-unknown-linux-gnu
Allocator              : system
