
Files:

File: ./logs/Ubuntu22/apt/history.log
  About:
      filetype       : TEXT UTF8/ASCII
      logmessagetype : syslog lines
  Printed:
      bytes         : 2202
      lines         : 13
      syslines      : 5
  Processed:
      file size     : 1397 (0x575) (bytes)
      bytes         : 1397 (0x575)
      bytes total   : 1397 (0x575)
      block size    : 256 (0x100)
      blocks        : 6
      blocks total  : 6 (1536 bytes)
      lines         : 14
      syslines      : 5
      syslines high : 5
  Parsers:
  Processing Stores:
      storage: LineReader::find_line() lines                       : hit   3, miss  26, 10.3%
      caching: LineReader::find_line() LRU cache                   : hit   9, miss  16, 36.0%, put  14
      copying: SyslineReader::get_boxptrs()                        : sgl 213, dbl    0, mult   0
      storage: SyslineReader::find_sysline() syslines              : hit   0, miss   6,  0.0%
      caching: SyslineReader::find_sysline() syslines_by_range_map : hit   0, miss   6,  0.0%, put   5
      caching: SyslineReader::find_sysline() LRU cache             : hit   0, miss   6,  0.0%, put   5
      caching: SyslineReader::parse_datetime_in_line() LRU cache   : hit   5, miss  17, 22.7%, put   0
      optimize:SyslineReader::ezcheck12                            : hit   0, miss   0,  0.0%, largest skipped 0
      optimize:SyslineReader::ezcheckd2                            : hit  12, miss   4, 75.0%, largest skipped 40
      optimize:SyslineReader::ezcheck12d2                          : hit 149, miss  48, 75.6%, largest skipped 40
      process: regex captures attempted                            : 52
  Processing Drops:

Program Summary:

Paths considered       : 1
Paths not processed    : 0
Files processed        : 1
Files printed          : 1
Printed bytes          : 2222
Printed lines          : 13
Printed syslines       : 5
Printed evtx events    : 0
Printed fixedstruct    : 0
Printed journal events : 0
Regex patterns known   : 158
Regex patterns compiled: 45
Datetime filter -a     : 1999-03-03 00:00:00 +00:00 (1999-03-03 00:00:00 +00:00)
Datetime filter -b     : 2023-04-10 22:10:32 +00:00 (2023-04-10 22:10:32 +00:00)
Channel Receive ok     : 7
Channel Receive err    : 0
