
Files:

File: ./logs/FedoraRemix29/dnf.log
  About:
      FileType      : TEXT UTF8/ASCII (text log)
      LogMessageType: text log lines
      Thread stack  : 102400 (bytes)
  Printed:
      bytes         : 64719
      flushes       : 239
      Lines         : 476
      Syslines      : 226
      Datetime first: 2019-06-16 14:09:08 +00:00 (2019-06-16 14:09:08.000000 +00:00)
      Datetime last : 2019-06-16 14:11:21 +00:00 (2019-06-16 14:11:21.000000 +00:00)
  Processed:
      file size     : 36635 (0x8F1B) (bytes)
      bytes         : 36635 (0x8F1B)
      bytes total   : 36635 (0x8F1B)
      Block size    : 256 (0x100)
      Blocks        : 144
      Blocks total  : 144 (36864 bytes)
      Lines         : 476
      Line longest  : 1344 (bytes)
      Line parts    : 617
      Syslines      : 226
      Sysline longest: 9518 (bytes)
      Syslines high : 13
      Datetime first: 2019-06-16 14:09:08 +00:00 (2019-06-16 14:09:08.000000 +00:00)
      Datetime last : 2019-06-16 14:11:21 +00:00 (2019-06-16 14:11:21.000000 +00:00)
      out of order  : 0
  Parsers:
  Processing stores:
      storage: LineReader::find_line() lines                       : hit  39, miss 912,  4.1%
      caching: LineReader::find_line() LRU cache                   : hit 226, miss 476, 32.2%, put 476
      copying: SyslineReader::get_boxptrs()                        : sgl 445, dbl   69, mult   0
      storage: SyslineReader::find_sysline() syslines              : hit   0, miss 226,  0.0%
      caching: SyslineReader::find_sysline() syslines_by_range_map : hit   0, miss   1,  0.0%, put   1
      caching: SyslineReader::find_sysline() LRU cache             : hit   1, miss 226,  0.4%, put 226
      caching: SyslineReader::parse_datetime_in_line() LRU cache   : hit 225, miss 476, 32.1%, put   0
      optimize:SyslineReader::ezcheck12                            : hit   0, miss   0,  0.0%, largest skipped 0
      optimize:SyslineReader::ezcheckd2                            : hit   0, miss   4,  0.0%, largest skipped 0
      optimize:SyslineReader::ezcheck12d2                          : hit  10, miss 500,  2.0%, largest skipped 49
      process: regex captures                                      : hit 226, miss 278
  Processing Drops:

Program summary:

Paths considered       : 1
Paths not processed    : 0
Files processed        : 1
Files printed          : 1
Printed bytes          : 65624
Printed flushes        : 466
Printed Lines          : 476
Printed Syslines       : 226
Printed ASL events     : 0
Printed ETL events     : 0
Printed EVTX events    : 0
Printed FixedStruct    : 0
Printed Journal events : 0
Printed ODL events     : 0
Line Maximum                   : 393209
Line longest                   : 1344
Sysline longest                : 9518
EVTX event largest processed   : 0
EVTX event largest accepted    : 0
Journal event largest processed: 0
Journal event largest accepted : 0
Managed files max deflt: 980
Managed files max adjus: 200
Managed handles high   : 1
Managed request open   : 1
Managed request read   : 0
Managed write calls    : 0
Managed seek calls     : 144
Managed metadata calls : 1
Managed open errors    : 0
Managed evict fails    : 0
Regex patterns known   : 188
Regex patterns compiled: 188
Datetime filter -a     : 1999-03-03 00:00:00 +00:00 (1999-03-03 00:00:00.000000 +00:00)
Datetime printed first : 2019-06-16 14:09:08 +00:00 (2019-06-16 14:09:08.000000 +00:00)
Datetime printed last  : 2019-06-16 14:11:21 +00:00 (2019-06-16 14:11:21.000000 +00:00)
Datetime filter -b     : 2026-01-02 00:00:00 +00:00 (2026-01-02 00:00:00.000000 +00:00)
Channel receive ok     : 228
Channel receive err    : 0
Threads spawned        : 1
Thread spawn errors    : 0
Temporary files created: 0
Platform               : x86_64-unknown-linux-gnu
Allocator              : system
