
Files:

File: ./logs/FedoraRemix29/dnf.librepo.log
  About:
      FileType      : TEXT UTF8/ASCII (text log)
      LogMessageType: text log lines
      Thread stack  : 100352 (bytes)
  Printed:
      bytes         : 4980
      flushes       : 27
      Lines         : 27
      Syslines      : 27
      Datetime first: 2019-06-16 14:09:08 +00:00 (2019-06-16 14:09:08.000000 +00:00)
      Datetime last : 2019-06-16 14:09:37 +00:00 (2019-06-16 14:09:37.000000 +00:00)
  Processed:
      file size     : 3171 (0xC63) (bytes)
      bytes         : 3171 (0xC63)
      bytes total   : 3171 (0xC63)
      Block size    : 256 (0x100)
      Blocks        : 13
      Blocks total  : 13 (3328 bytes)
      Lines         : 27
      Line longest  : 229 (bytes)
      Line parts    : 40
      Syslines      : 27
      Sysline longest: 229 (bytes)
      Syslines high : 9
      Datetime first: 2019-06-16 14:09:08 +00:00 (2019-06-16 14:09:08.000000 +00:00)
      Datetime last : 2019-06-16 14:09:37 +00:00 (2019-06-16 14:09:37.000000 +00:00)
      out of order  : 0
  Parsers:
  Processing stores:
      storage: LineReader::find_line() lines                       : hit  0, miss 55,  0.0%
      caching: LineReader::find_line() LRU cache                   : hit 28, miss 28, 50.0%, put 27
      copying: SyslineReader::get_boxptrs()                        : sgl 97, dbl   7, mult  0
      storage: SyslineReader::find_sysline() syslines              : hit  0, miss 28,  0.0%
      caching: SyslineReader::find_sysline() syslines_by_range_map : hit  0, miss  2,  0.0%, put  1
      caching: SyslineReader::find_sysline() LRU cache             : hit  0, miss 28,  0.0%, put 27
      caching: SyslineReader::parse_datetime_in_line() LRU cache   : hit 27, miss 27, 50.0%, put  0
      optimize:SyslineReader::ezcheck12                            : hit  0, miss  0,  0.0%, largest skipped 0
      optimize:SyslineReader::ezcheckd2                            : hit  0, miss  4,  0.0%, largest skipped 0
      optimize:SyslineReader::ezcheck12d2                          : hit  0, miss 100,  0.0%, largest skipped 0
      process: regex captures                                      : hit 27, miss 77
  Processing Drops:

Program summary:

Paths considered       : 1
Paths not processed    : 0
Files processed        : 1
Files printed          : 1
Printed bytes          : 5089
Printed flushes        : 55
Printed Lines          : 27
Printed Syslines       : 27
Printed ASL events     : 0
Printed ETL events     : 0
Printed EVTX events    : 0
Printed FixedStruct    : 0
Printed Journal events : 0
Printed ODL events     : 0
Line Maximum                   : 393209
Line longest                   : 229
Sysline longest                : 229
EVTX event largest processed   : 0
EVTX event largest accepted    : 0
Journal event largest processed: 0
Journal event largest accepted : 0
Managed files max deflt: 980
Managed files max adjus: 200
Managed request open   : 1
Managed request read   : 0
Managed write calls    : 0
Managed seek calls     : 13
Managed metadata calls : 1
Managed open errors    : 0
Managed evict fails    : 0
Regex patterns known   : 188
Regex patterns compiled: 188
Datetime filter -a     : 1999-03-03 00:00:00 +00:00 (1999-03-03 00:00:00.000000 +00:00)
Datetime printed first : 2019-06-16 14:09:08 +00:00 (2019-06-16 14:09:08.000000 +00:00)
Datetime printed last  : 2019-06-16 14:09:37 +00:00 (2019-06-16 14:09:37.000000 +00:00)
Datetime filter -b     : 2026-01-02 00:00:00 +00:00 (2026-01-02 00:00:00.000000 +00:00)
Channel receive ok     : 29
Channel receive err    : 0
Threads spawned        : 1
Thread spawn errors    : 0
Temporary files created: 0
Platform               : x86_64-unknown-linux-gnu
Allocator              : system
