
Files:

File: ./logs/FedoraRemix29/hawkeye.log
  About:
      FileType      : TEXT UTF8/ASCII (text log)
      LogMessageType: text log lines
      Thread stack  : 100352 (bytes)
  Printed:
      bytes         : 5798
      flushes       : 36
      Lines         : 37
      Syslines      : 36
      Datetime first: 2021-06-16 14:09:08 +08:00 (2021-06-16 06:09:08.000000 +00:00)
      Datetime last : 2021-06-16 14:10:30 +08:00 (2021-06-16 06:10:30.000000 +00:00)
  Processed:
      file size     : 3467 (0xD8B) (bytes)
      bytes         : 3467 (0xD8B)
      bytes total   : 3467 (0xD8B)
      Block size    : 256 (0x100)
      Blocks        : 14
      Blocks total  : 14 (3584 bytes)
      Lines         : 37
      Line longest  : 198 (bytes)
      Line parts    : 50
      Syslines      : 37
      Sysline longest: 198 (bytes)
      Syslines high : 36
      Datetime first: 2021-06-16 14:09:08 +08:00 (2021-06-16 06:09:08.000000 +00:00)
      Datetime last : 2021-06-16 14:10:30 +08:00 (2021-06-16 06:10:30.000000 +00:00)
      out of order  : 3
  Parsers:
                   datetime format missing year; estimated year of last sysline 2021
  Processing stores:
      storage: LineReader::find_line() lines                       : hit  35, miss  75, 31.8%
      caching: LineReader::find_line() LRU cache                   : hit   2, miss  74,  2.6%, put  74
      copying: SyslineReader::get_boxptrs()                        : sgl 190, dbl    6, mult   0
      storage: SyslineReader::find_sysline() syslines              : hit  35, miss  37, 48.6%
      caching: SyslineReader::find_sysline() syslines_by_range_map : hit   1, miss  37,  2.6%, put  37
      caching: SyslineReader::find_sysline() LRU cache             : hit   0, miss  73,  0.0%, put  73
      caching: SyslineReader::parse_datetime_in_line() LRU cache   : hit  35, miss  40, 46.7%, put   0
      optimize:SyslineReader::ezcheck12                            : hit   0, miss   0,  0.0%, largest skipped 0
      optimize:SyslineReader::ezcheckd2                            : hit   0, miss  50,  0.0%, largest skipped 0
      optimize:SyslineReader::ezcheck12d2                          : hit   0, miss 146,  0.0%, largest skipped 0
      process: regex captures                                      : hit  38, miss 158
  Processing Drops:

Program summary:

Paths considered       : 1
Paths not processed    : 0
Files processed        : 1
Files printed          : 1
Printed bytes          : 5943
Printed flushes        : 73
Printed Lines          : 37
Printed Syslines       : 36
Printed ASL events     : 0
Printed ETL events     : 0
Printed EVTX events    : 0
Printed FixedStruct    : 0
Printed Journal events : 0
Printed ODL events     : 0
Line Maximum                   : 393209
Line longest                   : 198
Sysline longest                : 198
EVTX event largest processed   : 0
EVTX event largest accepted    : 0
Journal event largest processed: 0
Journal event largest accepted : 0
Managed files max deflt: 980
Managed files max adjus: 200
Managed handles high   : 1
Managed request open   : 1
Managed request read   : 0
Managed write calls    : 0
Managed seek calls     : 14
Managed metadata calls : 1
Managed open errors    : 0
Managed evict fails    : 0
Regex patterns known   : 188
Regex patterns compiled: 188
Datetime filter -a     : 1999-03-03 00:00:00 +00:00 (1999-03-03 00:00:00.000000 +00:00)
Datetime printed first : 2021-06-16 14:09:08 +08:00 (2021-06-16 06:09:08.000000 +00:00)
Datetime printed last  : 2021-06-16 14:10:30 +08:00 (2021-06-16 06:10:30.000000 +00:00)
Datetime filter -b     : 2026-01-02 00:00:00 +00:00 (2026-01-02 00:00:00.000000 +00:00)
Channel receive ok     : 38
Channel receive err    : 0
Threads spawned        : 1
Thread spawn errors    : 0
Temporary files created: 0
Platform               : x86_64-unknown-linux-gnu
Allocator              : system
