./logs/FedoraRemix29/hawkeye.log┋20210616T060908.000000000┋INFO Jun-16 14:09:08 === Started libdnf-0.31.0 ===
⇳
./logs/FedoraRemix29/hawkeye.log┋20210616T060910.000000000┋DEBUG Jun-16 14:09:10 deleting directory /tmp/tmp.NTapzr1VBm/dist/var/cache/dnf/fedora-a924e206df91842b/repodata
⇳
./logs/FedoraRemix29/hawkeye.log┋20210616T060910.000000000┋DEBUG Jun-16 14:09:10 deleting directory /tmp/tmp.NTapzr1VBm/dist/var/cache/dnf/fedora-a924e206df91842b/tmpdir.DOAvxb
⇳
./logs/FedoraRemix29/hawkeye.log┋20210616T060911.000000000┋DEBUG Jun-16 14:09:11 fetching fedora
⇳
./logs/FedoraRemix29/hawkeye.log┋20210616T060913.000000000┋DEBUG Jun-16 14:09:13 caching repo: fedora (0x1beae2d49fdb7dbd5bda6b6ce22bd2f746f387665fdd3641abd15b4398f30be3)
⇳
./logs/FedoraRemix29/hawkeye.log┋20210616T060914.000000000┋DEBUG Jun-16 14:09:14 load_ext: loading: /tmp/tmp.NTapzr1VBm/dist/var/cache/dnf/fedora-a924e206df91842b/repodata/7f6d70fd83b7294baa770d35a8f514c22d182a44a0d07466b543de476d5b98f0-filelists.xml.zck
⇳
./logs/FedoraRemix29/hawkeye.log┋20210616T060926.000000000┋DEBUG Jun-16 14:09:26 write_ext: storing fedora to: /tmp/tmp.NTapzr1VBm/dist/var/cache/dnf/fedora-filenames.solvx.SvSHsG
⇳
./logs/FedoraRemix29/hawkeye.log┋20210616T060929.000000000┋DEBUG Jun-16 14:09:29 no updateinfo available for fedora
⇳
./logs/FedoraRemix29/hawkeye.log┋20210616T060930.000000000┋DEBUG Jun-16 14:09:30 deleting directory /tmp/tmp.NTapzr1VBm/dist/var/cache/dnf/updates-d6521d96a82a4d6a/repodata
⇳
./logs/FedoraRemix29/hawkeye.log┋20210616T060930.000000000┋DEBUG Jun-16 14:09:30 deleting directory /tmp/tmp.NTapzr1VBm/dist/var/cache/dnf/updates-d6521d96a82a4d6a/tmpdir.dhod1s
⇳
./logs/FedoraRemix29/hawkeye.log┋20210616T060930.000000000┋DEBUG Jun-16 14:09:30 fetching updates
⇳
./logs/FedoraRemix29/hawkeye.log┋20210616T060931.000000000┋DEBUG Jun-16 14:09:31 caching repo: updates (0x3f3405247cb66dd2c34e99edadffbe228ced5c04cdf324e4330983d0f35e0a6a)
⇳
./logs/FedoraRemix29/hawkeye.log┋20210616T060931.000000000┋DEBUG Jun-16 14:09:31 load_ext: loading: /tmp/tmp.NTapzr1VBm/dist/var/cache/dnf/updates-d6521d96a82a4d6a/repodata/a36777b1eed456cdb7022a818af8a79db2ffa3090b20e40af7ac3bc15524d8cc-filelists.xml.zck
⇳
./logs/FedoraRemix29/hawkeye.log┋20210616T060933.000000000┋DEBUG Jun-16 14:09:33 write_ext: storing updates to: /tmp/tmp.NTapzr1VBm/dist/var/cache/dnf/updates-filenames.solvx.qZMUW0
⇳
./logs/FedoraRemix29/hawkeye.log┋20210616T060934.000000000┋DEBUG Jun-16 14:09:34 load_ext: loading: /tmp/tmp.NTapzr1VBm/dist/var/cache/dnf/updates-d6521d96a82a4d6a/repodata/9ebd8acb222dad87b3c1e6e389a2d47d38d401aed6af9000aacfbc0abdf0f820-updateinfo.xml.zck
⇳
./logs/FedoraRemix29/hawkeye.log┋20210616T060934.000000000┋DEBUG Jun-16 14:09:34 write_ext: storing updates to: /tmp/tmp.NTapzr1VBm/dist/var/cache/dnf/updates-updateinfo.solvx.XmEeTZ
⇳
./logs/FedoraRemix29/hawkeye.log┋20210616T060934.000000000┋DEBUG Jun-16 14:09:34 Architecture is: x86_64
⇳
./logs/FedoraRemix29/hawkeye.log┋20210616T060935.000000000┋DEBUG Jun-16 14:09:35 rewriting repo: fedora
⇳
./logs/FedoraRemix29/hawkeye.log┋20210616T060935.000000000┋DEBUG Jun-16 14:09:35 caching repo: fedora (0x1beae2d49fdb7dbd5bda6b6ce22bd2f746f387665fdd3641abd15b4398f30be3)
⇳
./logs/FedoraRemix29/hawkeye.log┋20210616T060936.000000000┋DEBUG Jun-16 14:09:36 rewriting repo: updates
⇳
./logs/FedoraRemix29/hawkeye.log┋20210616T060936.000000000┋DEBUG Jun-16 14:09:36 caching repo: updates (0x3f3405247cb66dd2c34e99edadffbe228ced5c04cdf324e4330983d0f35e0a6a)
⇳
./logs/FedoraRemix29/hawkeye.log┋20210616T060958.000000000┋DEBUG Jun-16 14:09:58 Architecture is: x86_64
⇳
./logs/FedoraRemix29/hawkeye.log┋20210616T060958.000000000┋INFO Jun-16 14:09:58 === Started libdnf-0.31.0 ===
⇳
./logs/FedoraRemix29/hawkeye.log┋20210616T060958.000000000┋DEBUG Jun-16 14:09:58 fetching rpmdb
./logs/FedoraRemix29/hawkeye.log┋20210616T060958.000000000┋
⇳
./logs/FedoraRemix29/hawkeye.log┋20210616T061008.000000000┋INFO Jun-16 14:10:08 === Started libdnf-0.31.0 ===
⇳
./logs/FedoraRemix29/hawkeye.log┋20210616T061008.000000000┋DEBUG Jun-16 14:10:08 fetching rpmdb
⇳
./logs/FedoraRemix29/hawkeye.log┋20210616T061011.000000000┋DEBUG Jun-16 14:10:11 deleting directory /tmp/tmp.NTapzr1VBm/dist/var/cache/dnf/fedora-a924e206df91842b/repodata
⇳
./logs/FedoraRemix29/hawkeye.log┋20210616T061011.000000000┋DEBUG Jun-16 14:10:11 deleting directory /tmp/tmp.NTapzr1VBm/dist/var/cache/dnf/fedora-a924e206df91842b/tmpdir.3v9glr
⇳
./logs/FedoraRemix29/hawkeye.log┋20210616T061012.000000000┋DEBUG Jun-16 14:10:12 fetching fedora
⇳
./logs/FedoraRemix29/hawkeye.log┋20210616T061014.000000000┋DEBUG Jun-16 14:10:14 caching repo: fedora (0x1beae2d49fdb7dbd5bda6b6ce22bd2f746f387665fdd3641abd15b4398f30be3)
⇳
./logs/FedoraRemix29/hawkeye.log┋20210616T061015.000000000┋DEBUG Jun-16 14:10:15 load_ext: loading: /tmp/tmp.NTapzr1VBm/dist/var/cache/dnf/fedora-a924e206df91842b/repodata/7f6d70fd83b7294baa770d35a8f514c22d182a44a0d07466b543de476d5b98f0-filelists.xml.zck
⇳
./logs/FedoraRemix29/hawkeye.log┋20210616T061027.000000000┋DEBUG Jun-16 14:10:27 write_ext: storing fedora to: /tmp/tmp.NTapzr1VBm/dist/var/cache/dnf/fedora-filenames.solvx.SRX67c
⇳
./logs/FedoraRemix29/hawkeye.log┋20210616T061030.000000000┋DEBUG Jun-16 14:10:30 no presto metadata available for fedora
⇳
./logs/FedoraRemix29/hawkeye.log┋20210616T061030.000000000┋DEBUG Jun-16 14:10:30 no updateinfo available for fedora
⇳
./logs/FedoraRemix29/hawkeye.log┋20210616T061030.000000000┋DEBUG Jun-16 14:10:30 deleting directory /tmp/tmp.NTapzr1VBm/dist/var/cache/dnf/updates-d6521d96a82a4d6a/repodata
⇳
./logs/FedoraRemix29/hawkeye.log┋20210616T061030.000000000┋DEBUG Jun-16 14:10:30 deleting directory /tmp/tmp.NTapzr1VBm/dist/var/cache/dnf/updates-d6521d96a82a4d6a/tmpdir.TS5OhK⇳

