./logs/RancherOS-1.5.8/docker.log┋20221009T213315.541012931┋time="2022-10-09T21:33:15.541012931Z" level=info msg="Starting up"
⇳
./logs/RancherOS-1.5.8/docker.log┋20221009T213315.547531433┋time="2022-10-09T21:33:15.547531433Z" level=info msg="libcontainerd: started new containerd process" pid=1178
⇳
./logs/RancherOS-1.5.8/docker.log┋20221009T213315.547646332┋time="2022-10-09T21:33:15.547646332Z" level=info msg="parsed scheme: \"unix\"" module=grpc
⇳
./logs/RancherOS-1.5.8/docker.log┋20221009T213315.547663448┋time="2022-10-09T21:33:15.547663448Z" level=info msg="scheme \"unix\" not registered, fallback to default scheme" module=grpc
⇳
./logs/RancherOS-1.5.8/docker.log┋20221009T213315.547749994┋time="2022-10-09T21:33:15.547749994Z" level=info msg="ccResolverWrapper: sending update to cc: {[{unix:///var/run/docker/containerd/containerd.sock 0  <nil>}] <nil>}" module=grpc
⇳
./logs/RancherOS-1.5.8/docker.log┋20221009T213315.547775982┋time="2022-10-09T21:33:15.547775982Z" level=info msg="ClientConn switching balancer to \"pick_first\"" module=grpc
⇳
./logs/RancherOS-1.5.8/docker.log┋20221009T213315.861794667┋time="2022-10-09T21:33:15.861794667Z" level=info msg="starting containerd" revision=ea765aba0d05254012b0b9e595e995c09186427f version=v1.3.9
⇳
./logs/RancherOS-1.5.8/docker.log┋20221009T213315.909186571┋time="2022-10-09T21:33:15.909186571Z" level=info msg="loading plugin \"io.containerd.content.v1.content\"..." type=io.containerd.content.v1
⇳
./logs/RancherOS-1.5.8/docker.log┋20221009T213315.909532054┋time="2022-10-09T21:33:15.909532054Z" level=info msg="loading plugin \"io.containerd.snapshotter.v1.btrfs\"..." type=io.containerd.snapshotter.v1
⇳
./logs/RancherOS-1.5.8/docker.log┋20221009T213315.910190534┋time="2022-10-09T21:33:15.910190534Z" level=info msg="skip loading plugin \"io.containerd.snapshotter.v1.btrfs\"..." error="path /var/lib/docker/containerd/daemon/io.containerd.snapshotter.v1.btrfs (ext4) must be a btrfs filesystem to be used with the btrfs snapshotter: skip plugin" type=io.containerd.snapshotter.v1
⇳
./logs/RancherOS-1.5.8/docker.log┋20221009T213315.910239929┋time="2022-10-09T21:33:15.910239929Z" level=info msg="loading plugin \"io.containerd.snapshotter.v1.devmapper\"..." type=io.containerd.snapshotter.v1
⇳
./logs/RancherOS-1.5.8/docker.log┋20221009T213315.910289645┋time="2022-10-09T21:33:15.910289645Z" level=warning msg="failed to load plugin io.containerd.snapshotter.v1.devmapper" error="devmapper not configured"
⇳
./logs/RancherOS-1.5.8/docker.log┋20221009T213315.910306177┋time="2022-10-09T21:33:15.910306177Z" level=info msg="loading plugin \"io.containerd.snapshotter.v1.aufs\"..." type=io.containerd.snapshotter.v1
⇳
./logs/RancherOS-1.5.8/docker.log┋20221009T213315.920985127┋time="2022-10-09T21:33:15.920985127Z" level=info msg="skip loading plugin \"io.containerd.snapshotter.v1.aufs\"..." error="modprobe aufs failed: \"modprobe: module aufs not found in modules.dep\\n\": exit status 1: skip plugin" type=io.containerd.snapshotter.v1
⇳
./logs/RancherOS-1.5.8/docker.log┋20221009T213315.921076991┋time="2022-10-09T21:33:15.921076991Z" level=info msg="loading plugin \"io.containerd.snapshotter.v1.native\"..." type=io.containerd.snapshotter.v1
⇳
./logs/RancherOS-1.5.8/docker.log┋20221009T213315.921262113┋time="2022-10-09T21:33:15.921262113Z" level=info msg="loading plugin \"io.containerd.snapshotter.v1.overlayfs\"..." type=io.containerd.snapshotter.v1
⇳
./logs/RancherOS-1.5.8/docker.log┋20221009T213315.921554714┋time="2022-10-09T21:33:15.921554714Z" level=info msg="loading plugin \"io.containerd.snapshotter.v1.zfs\"..." type=io.containerd.snapshotter.v1
⇳
./logs/RancherOS-1.5.8/docker.log┋20221009T213315.922558792┋time="2022-10-09T21:33:15.922558792Z" level=info msg="skip loading plugin \"io.containerd.snapshotter.v1.zfs\"..." error="path /var/lib/docker/containerd/daemon/io.containerd.snapshotter.v1.zfs must be a zfs filesystem to be used with the zfs snapshotter: skip plugin" type=io.containerd.snapshotter.v1
⇳
./logs/RancherOS-1.5.8/docker.log┋20221009T213315.922621500┋time="2022-10-09T21:33:15.922621500Z" level=info msg="loading plugin \"io.containerd.metadata.v1.bolt\"..." type=io.containerd.metadata.v1
⇳
./logs/RancherOS-1.5.8/docker.log┋20221009T213315.922760850┋time="2022-10-09T21:33:15.922760850Z" level=warning msg="could not use snapshotter devmapper in metadata plugin" error="devmapper not configured"
⇳
./logs/RancherOS-1.5.8/docker.log┋20221009T213315.922788397┋time="2022-10-09T21:33:15.922788397Z" level=info msg="metadata content store policy set" policy=shared
⇳
./logs/RancherOS-1.5.8/docker.log┋20221009T213315.935610468┋time="2022-10-09T21:33:15.935610468Z" level=info msg="loading plugin \"io.containerd.differ.v1.walking\"..." type=io.containerd.differ.v1
⇳
./logs/RancherOS-1.5.8/docker.log┋20221009T213315.935742088┋time="2022-10-09T21:33:15.935742088Z" level=info msg="loading plugin \"io.containerd.gc.v1.scheduler\"..." type=io.containerd.gc.v1
⇳
./logs/RancherOS-1.5.8/docker.log┋20221009T213315.935896201┋time="2022-10-09T21:33:15.935896201Z" level=info msg="loading plugin \"io.containerd.service.v1.containers-service\"..." type=io.containerd.service.v1
⇳
./logs/RancherOS-1.5.8/docker.log┋20221009T213315.935926865┋time="2022-10-09T21:33:15.935926865Z" level=info msg="loading plugin \"io.containerd.service.v1.content-service\"..." type=io.containerd.service.v1
⇳
./logs/RancherOS-1.5.8/docker.log┋20221009T213315.935943924┋time="2022-10-09T21:33:15.935943924Z" level=info msg="loading plugin \"io.containerd.service.v1.diff-service\"..." type=io.containerd.service.v1
⇳
./logs/RancherOS-1.5.8/docker.log┋20221009T213315.936014165┋time="2022-10-09T21:33:15.936014165Z" level=info msg="loading plugin \"io.containerd.service.v1.images-service\"..." type=io.containerd.service.v1
⇳
./logs/RancherOS-1.5.8/docker.log┋20221009T213315.936055823┋time="2022-10-09T21:33:15.936055823Z" level=info msg="loading plugin \"io.containerd.service.v1.leases-service\"..." type=io.containerd.service.v1
⇳
./logs/RancherOS-1.5.8/docker.log┋20221009T213315.936089741┋time="2022-10-09T21:33:15.936089741Z" level=info msg="loading plugin \"io.containerd.service.v1.namespaces-service\"..." type=io.containerd.service.v1
⇳
./logs/RancherOS-1.5.8/docker.log┋20221009T213315.936107512┋time="2022-10-09T21:33:15.936107512Z" level=info msg="loading plugin \"io.containerd.service.v1.snapshots-service\"..." type=io.containerd.service.v1
⇳
./logs/RancherOS-1.5.8/docker.log┋20221009T213315.936141158┋time="2022-10-09T21:33:15.936141158Z" level=info msg="loading plugin \"io.containerd.runtime.v1.linux\"..." type=io.containerd.runtime.v1
⇳
./logs/RancherOS-1.5.8/docker.log┋20221009T213315.936442821┋time="2022-10-09T21:33:15.936442821Z" level=info msg="loading plugin \"io.containerd.runtime.v2.task\"..." type=io.containerd.runtime.v2
⇳
./logs/RancherOS-1.5.8/docker.log┋20221009T213315.936580227┋time="2022-10-09T21:33:15.936580227Z" level=info msg="loading plugin \"io.containerd.monitor.v1.cgroups\"..." type=io.containerd.monitor.v1
⇳
./logs/RancherOS-1.5.8/docker.log┋20221009T213315.937060711┋time="2022-10-09T21:33:15.937060711Z" level=info msg="loading plugin \"io.containerd.service.v1.tasks-service\"..." type=io.containerd.service.v1
⇳
./logs/RancherOS-1.5.8/docker.log┋20221009T213315.937116246┋time="2022-10-09T21:33:15.937116246Z" level=info msg="loading plugin \"io.containerd.internal.v1.restart\"..." type=io.containerd.internal.v1
⇳
./logs/RancherOS-1.5.8/docker.log┋20221009T213315.937183081┋time="2022-10-09T21:33:15.937183081Z" level=info msg="loading plugin \"io.containerd.grpc.v1.containers\"..." type=io.containerd.grpc.v1
⇳
./logs/RancherOS-1.5.8/docker.log┋20221009T213315.937202671┋time="2022-10-09T21:33:15.937202671Z" level=info msg="loading plugin \"io.containerd.grpc.v1.content\"..." type=io.containerd.grpc.v1
⇳
./logs/RancherOS-1.5.8/docker.log┋20221009T213315.937222667┋time="2022-10-09T21:33:15.937222667Z" level=info msg="loading plugin \"io.containerd.grpc.v1.diff\"..." type=io.containerd.grpc.v1
⇳
./logs/RancherOS-1.5.8/docker.log┋20221009T213315.937244538┋time="2022-10-09T21:33:15.937244538Z" level=info msg="loading plugin \"io.containerd.grpc.v1.events\"..." type=io.containerd.grpc.v1
⇳
./logs/RancherOS-1.5.8/docker.log┋20221009T213315.937259203┋time="2022-10-09T21:33:15.937259203Z" level=info msg="loading plugin \"io.containerd.grpc.v1.healthcheck\"..." type=io.containerd.grpc.v1
⇳
./logs/RancherOS-1.5.8/docker.log┋20221009T213315.937275737┋time="2022-10-09T21:33:15.937275737Z" level=info msg="loading plugin \"io.containerd.grpc.v1.images\"..." type=io.containerd.grpc.v1
⇳
./logs/RancherOS-1.5.8/docker.log┋20221009T213315.937288793┋time="2022-10-09T21:33:15.937288793Z" level=info msg="loading plugin \"io.containerd.grpc.v1.leases\"..." type=io.containerd.grpc.v1
⇳
./logs/RancherOS-1.5.8/docker.log┋20221009T213315.937301461┋time="2022-10-09T21:33:15.937301461Z" level=info msg="loading plugin \"io.containerd.grpc.v1.namespaces\"..." type=io.containerd.grpc.v1
⇳
./logs/RancherOS-1.5.8/docker.log┋20221009T213315.937322677┋time="2022-10-09T21:33:15.937322677Z" level=info msg="loading plugin \"io.containerd.internal.v1.opt\"..." type=io.containerd.internal.v1
⇳
./logs/RancherOS-1.5.8/docker.log┋20221009T213315.938078438┋time="2022-10-09T21:33:15.938078438Z" level=info msg="loading plugin \"io.containerd.grpc.v1.snapshots\"..." type=io.containerd.grpc.v1
⇳
./logs/RancherOS-1.5.8/docker.log┋20221009T213315.938127740┋time="2022-10-09T21:33:15.938127740Z" level=info msg="loading plugin \"io.containerd.grpc.v1.tasks\"..." type=io.containerd.grpc.v1
⇳
./logs/RancherOS-1.5.8/docker.log┋20221009T213315.938146829┋time="2022-10-09T21:33:15.938146829Z" level=info msg="loading plugin \"io.containerd.grpc.v1.version\"..." type=io.containerd.grpc.v1
⇳
./logs/RancherOS-1.5.8/docker.log┋20221009T213315.938160022┋time="2022-10-09T21:33:15.938160022Z" level=info msg="loading plugin \"io.containerd.grpc.v1.introspection\"..." type=io.containerd.grpc.v1
⇳
./logs/RancherOS-1.5.8/docker.log┋20221009T213315.938528481┋time="2022-10-09T21:33:15.938528481Z" level=info msg=serving... address=/var/run/docker/containerd/containerd-debug.sock
⇳
./logs/RancherOS-1.5.8/docker.log┋20221009T213315.938624891┋time="2022-10-09T21:33:15.938624891Z" level=info msg=serving... address=/var/run/docker/containerd/containerd.sock.ttrpc
⇳
./logs/RancherOS-1.5.8/docker.log┋20221009T213315.938677136┋time="2022-10-09T21:33:15.938677136Z" level=info msg=serving... address=/var/run/docker/containerd/containerd.sock
⇳
./logs/RancherOS-1.5.8/docker.log┋20221009T213315.938690895┋time="2022-10-09T21:33:15.938690895Z" level=info msg="containerd successfully booted in 0.078207s"
⇳
./logs/RancherOS-1.5.8/docker.log┋20221009T213315.957819077┋time="2022-10-09T21:33:15.957819077Z" level=info msg="parsed scheme: \"unix\"" module=grpc
⇳
./logs/RancherOS-1.5.8/docker.log┋20221009T213315.957892087┋time="2022-10-09T21:33:15.957892087Z" level=info msg="scheme \"unix\" not registered, fallback to default scheme" module=grpc
⇳
./logs/RancherOS-1.5.8/docker.log┋20221009T213315.957945267┋time="2022-10-09T21:33:15.957945267Z" level=info msg="ccResolverWrapper: sending update to cc: {[{unix:///var/run/docker/containerd/containerd.sock 0  <nil>}] <nil>}" module=grpc
⇳
./logs/RancherOS-1.5.8/docker.log┋20221009T213315.957963839┋time="2022-10-09T21:33:15.957963839Z" level=info msg="ClientConn switching balancer to \"pick_first\"" module=grpc
⇳
./logs/RancherOS-1.5.8/docker.log┋20221009T213315.962545487┋time="2022-10-09T21:33:15.962545487Z" level=info msg="parsed scheme: \"unix\"" module=grpc
⇳
./logs/RancherOS-1.5.8/docker.log┋20221009T213315.962665769┋time="2022-10-09T21:33:15.962665769Z" level=info msg="scheme \"unix\" not registered, fallback to default scheme" module=grpc
⇳
./logs/RancherOS-1.5.8/docker.log┋20221009T213315.962718754┋time="2022-10-09T21:33:15.962718754Z" level=info msg="ccResolverWrapper: sending update to cc: {[{unix:///var/run/docker/containerd/containerd.sock 0  <nil>}] <nil>}" module=grpc
⇳
./logs/RancherOS-1.5.8/docker.log┋20221009T213315.962737721┋time="2022-10-09T21:33:15.962737721Z" level=info msg="ClientConn switching balancer to \"pick_first\"" module=grpc
⇳
./logs/RancherOS-1.5.8/docker.log┋20221009T213315.994449090┋time="2022-10-09T21:33:15.994449090Z" level=info msg="Loading containers: start."
⇳
./logs/RancherOS-1.5.8/docker.log┋20221009T213316.058624305┋time="2022-10-09T21:33:16.058624305Z" level=info msg="Default bridge (docker0) is assigned with an IP address 192.168.0.0/16. Daemon option --bip can be used to set a preferred IP address"
⇳
./logs/RancherOS-1.5.8/docker.log┋20221009T213316.094220750┋time="2022-10-09T21:33:16.094220750Z" level=info msg="Loading containers: done."
⇳
./logs/RancherOS-1.5.8/docker.log┋20221009T213316.109096857┋time="2022-10-09T21:33:16.109096857Z" level=info msg="Docker daemon" commit=99e3ed8 graphdriver(s)=overlay2 version=19.03.15
⇳
./logs/RancherOS-1.5.8/docker.log┋20221009T213316.109299996┋time="2022-10-09T21:33:16.109299996Z" level=info msg="Daemon has completed initialization"
⇳
./logs/RancherOS-1.5.8/docker.log┋20221009T213316.162883717┋time="2022-10-09T21:33:16.162883717Z" level=info msg="API listen on /var/run/docker.sock"⇳

