
Files:

File: ./logs/RancherOS-1.5.8/docker.log
  About:
      FileType      : TEXT UTF8/ASCII (text log)
      LogMessageType: text log lines
      Thread stack  : 102400 (bytes)
  Printed:
      bytes         : 13400
      flushes       : 66
      Lines         : 66
      Syslines      : 66
      Datetime first: 2022-10-09 21:33:15 +00:00 (2022-10-09 21:33:15.541012 +00:00)
      Datetime last : 2022-10-09 21:33:16 +00:00 (2022-10-09 21:33:16.162883 +00:00)
  Processed:
      file size     : 9256 (0x2428) (bytes)
      bytes         : 9256 (0x2428)
      bytes total   : 9256 (0x2428)
      Block size    : 256 (0x100)
      Blocks        : 37
      Blocks total  : 37 (9472 bytes)
      Lines         : 67
      Line longest  : 318 (bytes)
      Line parts    : 103
      Syslines      : 66
      Sysline longest: 318 (bytes)
      Syslines high : 8
      Datetime first: 2022-10-09 21:33:15 +00:00 (2022-10-09 21:33:15.541012 +00:00)
      Datetime last : 2022-10-09 21:33:16 +00:00 (2022-10-09 21:33:16.162883 +00:00)
      out of order  : 0
  Parsers:
  Processing stores:
      storage: LineReader::find_line() lines                       : hit   0, miss 135,  0.0%
      caching: LineReader::find_line() LRU cache                   : hit  69, miss  68, 50.4%, put  67
      copying: SyslineReader::get_boxptrs()                        : sgl 355, dbl   35, mult   0
      storage: SyslineReader::find_sysline() syslines              : hit   0, miss  67,  0.0%
      caching: SyslineReader::find_sysline() syslines_by_range_map : hit   0, miss   2,  0.0%, put   1
      caching: SyslineReader::find_sysline() LRU cache             : hit   0, miss  67,  0.0%, put  66
      caching: SyslineReader::parse_datetime_in_line() LRU cache   : hit  66, miss  69, 48.9%, put   0
      optimize:SyslineReader::ezcheck12                            : hit   0, miss   0,  0.0%, largest skipped 0
      optimize:SyslineReader::ezcheckd2                            : hit   6, miss  26, 18.8%, largest skipped 25
      optimize:SyslineReader::ezcheck12d2                          : hit   2, miss 356,  0.6%, largest skipped 24
      process: regex captures                                      : hit  66, miss 316
  Processing Drops:

Program summary:

Paths considered       : 1
Paths not processed    : 0
Files processed        : 1
Files printed          : 1
Printed bytes          : 13665
Printed flushes        : 133
Printed Lines          : 66
Printed Syslines       : 66
Printed ASL events     : 0
Printed ETL events     : 0
Printed EVTX events    : 0
Printed FixedStruct    : 0
Printed Journal events : 0
Printed ODL events     : 0
Line Maximum                   : 393209
Line longest                   : 318
Sysline longest                : 318
EVTX event largest processed   : 0
EVTX event largest accepted    : 0
Journal event largest processed: 0
Journal event largest accepted : 0
Managed files max deflt: 980
Managed files max adjus: 200
Managed handles high   : 1
Managed request open   : 1
Managed request read   : 0
Managed write calls    : 0
Managed seek calls     : 37
Managed metadata calls : 1
Managed open errors    : 0
Managed evict fails    : 0
Regex patterns known   : 188
Regex patterns compiled: 188
Datetime filter -a     : 1999-03-03 00:00:00 +00:00 (1999-03-03 00:00:00.000000 +00:00)
Datetime printed first : 2022-10-09 21:33:15 +00:00 (2022-10-09 21:33:15.541012 +00:00)
Datetime printed last  : 2022-10-09 21:33:16 +00:00 (2022-10-09 21:33:16.162883 +00:00)
Datetime filter -b     : 2026-01-02 00:00:00 +00:00 (2026-01-02 00:00:00.000000 +00:00)
Channel receive ok     : 68
Channel receive err    : 0
Threads spawned        : 1
Thread spawn errors    : 0
Temporary files created: 0
Platform               : x86_64-unknown-linux-gnu
Allocator              : system
