
Files:

File: ./logs/RancherOS-1.5.8/dockerlaunch.log
  About:
      FileType      : TEXT UTF8/ASCII (text log)
      LogMessageType: text log lines
      Thread stack  : 102400 (bytes)
  Printed:
      bytes         : 7707
      flushes       : 45
      Lines         : 45
      Syslines      : 45
      Datetime first: 2022-10-09 21:31:43 +00:00 (2022-10-09 21:31:43.000000 +00:00)
      Datetime last : 2022-10-09 21:31:43 +00:00 (2022-10-09 21:31:43.000000 +00:00)
  Processed:
      file size     : 4557 (0x11CD) (bytes)
      bytes         : 4557 (0x11CD)
      bytes total   : 4557 (0x11CD)
      Block size    : 256 (0x100)
      Blocks        : 18
      Blocks total  : 18 (4608 bytes)
      Lines         : 45
      Line longest  : 378 (bytes)
      Line parts    : 63
      Syslines      : 45
      Sysline longest: 378 (bytes)
      Syslines high : 9
      Datetime first: 2022-10-09 21:31:43 +00:00 (2022-10-09 21:31:43.000000 +00:00)
      Datetime last : 2022-10-09 21:31:43 +00:00 (2022-10-09 21:31:43.000000 +00:00)
      out of order  : 0
  Parsers:
  Processing stores:
      storage: LineReader::find_line() lines                       : hit   0, miss  91,  0.0%
      caching: LineReader::find_line() LRU cache                   : hit  46, miss  46, 50.0%, put  45
      copying: SyslineReader::get_boxptrs()                        : sgl 168, dbl   15, mult   1
      storage: SyslineReader::find_sysline() syslines              : hit   0, miss  46,  0.0%
      caching: SyslineReader::find_sysline() syslines_by_range_map : hit   0, miss   2,  0.0%, put   1
      caching: SyslineReader::find_sysline() LRU cache             : hit   0, miss  46,  0.0%, put  45
      caching: SyslineReader::parse_datetime_in_line() LRU cache   : hit  45, miss  45, 50.0%, put   0
      optimize:SyslineReader::ezcheck12                            : hit   0, miss   0,  0.0%, largest skipped 0
      optimize:SyslineReader::ezcheckd2                            : hit   0, miss  12,  0.0%, largest skipped 0
      optimize:SyslineReader::ezcheck12d2                          : hit   0, miss 172,  0.0%, largest skipped 0
      process: regex captures                                      : hit  45, miss 139
  Processing Drops:

Program summary:

Paths considered       : 1
Paths not processed    : 0
Files processed        : 1
Files printed          : 1
Printed bytes          : 7888
Printed flushes        : 91
Printed Lines          : 45
Printed Syslines       : 45
Printed ASL events     : 0
Printed ETL events     : 0
Printed EVTX events    : 0
Printed FixedStruct    : 0
Printed Journal events : 0
Printed ODL events     : 0
Line Maximum                   : 393209
Line longest                   : 378
Sysline longest                : 378
EVTX event largest processed   : 0
EVTX event largest accepted    : 0
Journal event largest processed: 0
Journal event largest accepted : 0
Managed files max deflt: 980
Managed files max adjus: 200
Managed handles high   : 1
Managed request open   : 1
Managed request read   : 0
Managed write calls    : 0
Managed seek calls     : 18
Managed metadata calls : 1
Managed open errors    : 0
Managed evict fails    : 0
Regex patterns known   : 188
Regex patterns compiled: 188
Datetime filter -a     : 1999-03-03 00:00:00 +00:00 (1999-03-03 00:00:00.000000 +00:00)
Datetime printed first : 2022-10-09 21:31:43 +00:00 (2022-10-09 21:31:43.000000 +00:00)
Datetime printed last  : 2022-10-09 21:31:43 +00:00 (2022-10-09 21:31:43.000000 +00:00)
Datetime filter -b     : 2026-01-02 00:00:00 +00:00 (2026-01-02 00:00:00.000000 +00:00)
Channel receive ok     : 47
Channel receive err    : 0
Threads spawned        : 1
Thread spawn errors    : 0
Temporary files created: 0
Platform               : x86_64-unknown-linux-gnu
Allocator              : system
