
Files:

File: ./logs/RancherOS-1.5.8/messages
  About:
      FileType      : TEXT UTF8/ASCII (text log)
      LogMessageType: text log lines
      Thread stack  : 102400 (bytes)
  Printed:
      bytes         : 41754
      flushes       : 231
      Lines         : 234
      Syslines      : 231
      Datetime first: 2022-10-09 21:31:38 +08:00 (2022-10-09 13:31:38.000000 +00:00)
      Datetime last : 2022-10-10 20:31:23 +08:00 (2022-10-10 12:31:23.000000 +00:00)
  Processed:
      file size     : 27246 (0x6A6E) (bytes)
      bytes         : 27246 (0x6A6E)
      bytes total   : 27246 (0x6A6E)
      Block size    : 256 (0x100)
      Blocks        : 107
      Blocks total  : 107 (27392 bytes)
      Blocks high   : 107 (27392 bytes)
      Lines         : 234
      Line longest  : 441 (bytes)
      Lines high    : 234
      Line parts    : 341
      Syslines      : 231
      Sysline longest: 441 (bytes)
      Syslines high : 231
      Datetime first: 2022-10-09 21:31:38 +08:00 (2022-10-09 13:31:38.000000 +00:00)
      Datetime last : 2022-10-10 20:31:23 +08:00 (2022-10-10 12:31:23.000000 +00:00)
      out of order  : 5
  Parsers:
                   datetime format missing year; estimated year of last sysline 2022
  Processing stores:
      storage: LineReader::find_line() lines                       : hit 230, miss 470, 32.9%
      caching: LineReader::find_line() LRU cache                   : hit   4, miss 466,  0.9%, put 465
      copying: SyslineReader::get_boxptrs()                        : sgl 242, dbl   22, mult   0
      storage: SyslineReader::find_sysline() syslines              : hit 230, miss 232, 49.8%
      caching: SyslineReader::find_sysline() syslines_by_range_map : hit   1, miss 232,  0.4%, put 231
      caching: SyslineReader::find_sysline() LRU cache             : hit   0, miss 463,  0.0%, put 462
      caching: SyslineReader::parse_datetime_in_line() LRU cache   : hit 230, miss 238, 49.1%, put   0
      optimize:SyslineReader::ezcheck12                            : hit   0, miss   0,  0.0%, largest skipped 0
      optimize:SyslineReader::ezcheckd2                            : hit   0, miss 235,  0.0%, largest skipped 0
      optimize:SyslineReader::ezcheck12d2                          : hit   0, miss  29,  0.0%, largest skipped 0
      process: regex captures                                      : hit 232, miss  32
  Processing Drops:

Program summary:

Paths considered       : 1
Paths not processed    : 0
Files processed        : 1
Files printed          : 1
Printed bytes          : 42679
Printed flushes        : 463
Printed Lines          : 234
Printed Syslines       : 231
Printed ASL events     : 0
Printed ETL events     : 0
Printed EVTX events    : 0
Printed FixedStruct    : 0
Printed Journal events : 0
Printed ODL events     : 0
Line longest                   : 441
Sysline longest                : 441
EVTX event largest processed   : 0
EVTX event largest accepted    : 0
Journal event largest processed: 0
Journal event largest accepted : 0
Managed files max deflt: 980
Managed files max adjus: 200
Managed handles high   : 1
Managed request open   : 1
Managed request read   : 0
Managed read calls     : 107
Managed write calls    : 0
Managed seek calls     : 107
Managed metadata calls : 1
Managed open errors    : 0
Managed evict fails    : 0
Unmanaged handles high : 0
Regex patterns known   : 188
Regex patterns compiled: 188
Datetime filter -a     : 1999-03-03 00:00:00 +00:00 (1999-03-03 00:00:00.000000 +00:00)
Datetime printed first : 2022-10-09 21:31:38 +08:00 (2022-10-09 13:31:38.000000 +00:00)
Datetime printed last  : 2022-10-10 20:31:23 +08:00 (2022-10-10 12:31:23.000000 +00:00)
Datetime filter -b     : 2026-01-02 00:00:00 +00:00 (2026-01-02 00:00:00.000000 +00:00)
Channel receive ok     : 233
Channel receive err    : 0
Threads spawned        : 1
Thread spawn errors    : 0
Temporary files created: 0
Platform               : x86_64-unknown-linux-gnu
Allocator              : system
