
Files:

File: ./logs/RancherOS-1.5.8/syslog
  About:
      FileType      : TEXT UTF8/ASCII (text log)
      LogMessageType: text log lines
      Thread stack  : 102400 (bytes)
  Printed:
      bytes         : 1867
      flushes       : 10
      Lines         : 10
      Syslines      : 10
      Datetime first: 2022-10-10 20:31:15 +08:00 (2022-10-10 12:31:15.000000 +00:00)
      Datetime last : 2022-10-10 20:31:23 +08:00 (2022-10-10 12:31:23.000000 +00:00)
  Processed:
      file size     : 1267 (0x4F3) (bytes)
      bytes         : 1267 (0x4F3)
      bytes total   : 1267 (0x4F3)
      Block size    : 256 (0x100)
      Blocks        : 5
      Blocks total  : 5 (1280 bytes)
      Blocks high   : 5 (1280 bytes)
      Lines         : 10
      Line longest  : 177 (bytes)
      Lines high    : 10
      Line parts    : 14
      Syslines      : 11
      Sysline longest: 177 (bytes)
      Syslines high : 10
      Datetime first: 2022-10-10 20:31:15 +08:00 (2022-10-10 12:31:15.000000 +00:00)
      Datetime last : 2022-10-10 20:31:23 +08:00 (2022-10-10 12:31:23.000000 +00:00)
      out of order  : 5
  Parsers:
                   datetime format missing year; estimated year of last sysline 2022
  Processing stores:
      storage: LineReader::find_line() lines                       : hit  9, miss 21, 30.0%
      caching: LineReader::find_line() LRU cache                   : hit  1, miss 21,  4.5%, put 21
      copying: SyslineReader::get_boxptrs()                        : sgl 41, dbl   3, mult  0
      storage: SyslineReader::find_sysline() syslines              : hit  9, miss 11, 45.0%
      caching: SyslineReader::find_sysline() syslines_by_range_map : hit  1, miss 11,  8.3%, put 11
      caching: SyslineReader::find_sysline() LRU cache             : hit  0, miss 21,  0.0%, put 21
      caching: SyslineReader::parse_datetime_in_line() LRU cache   : hit  9, miss 12, 42.9%, put  0
      optimize:SyslineReader::ezcheck12                            : hit  0, miss  0,  0.0%, largest skipped 0
      optimize:SyslineReader::ezcheckd2                            : hit  0, miss 15,  0.0%, largest skipped 0
      optimize:SyslineReader::ezcheck12d2                          : hit  0, miss 29,  0.0%, largest skipped 0
      process: regex captures                                      : hit 12, miss 32
  Processing Drops:

Program summary:

Paths considered       : 1
Paths not processed    : 0
Files processed        : 1
Files printed          : 1
Printed bytes          : 1908
Printed flushes        : 21
Printed Lines          : 10
Printed Syslines       : 10
Printed ASL events     : 0
Printed ETL events     : 0
Printed EVTX events    : 0
Printed FixedStruct    : 0
Printed Journal events : 0
Printed ODL events     : 0
Line longest                   : 177
Sysline longest                : 177
EVTX event largest processed   : 0
EVTX event largest accepted    : 0
Journal event largest processed: 0
Journal event largest accepted : 0
Managed files max deflt: 980
Managed files max adjus: 200
Managed handles high   : 1
Managed request open   : 1
Managed request read   : 0
Managed read calls     : 5
Managed write calls    : 0
Managed seek calls     : 5
Managed metadata calls : 1
Managed open errors    : 0
Managed evict fails    : 0
Unmanaged handles high : 0
Regex patterns known   : 188
Regex patterns compiled: 188
Datetime filter -a     : 1999-03-03 00:00:00 +00:00 (1999-03-03 00:00:00.000000 +00:00)
Datetime printed first : 2022-10-10 20:31:15 +08:00 (2022-10-10 12:31:15.000000 +00:00)
Datetime printed last  : 2022-10-10 20:31:23 +08:00 (2022-10-10 12:31:23.000000 +00:00)
Datetime filter -b     : 2026-01-02 00:00:00 +00:00 (2026-01-02 00:00:00.000000 +00:00)
Channel receive ok     : 12
Channel receive err    : 0
Threads spawned        : 1
Thread spawn errors    : 0
Temporary files created: 0
Platform               : x86_64-unknown-linux-gnu
Allocator              : system
