
Files:

File: ./logs/RancherOS-1.5.8/system-docker.log
  About:
      FileType      : TEXT UTF8/ASCII (text log)
      LogMessageType: text log lines
      Thread stack  : 102400 (bytes)
  Printed:
      bytes         : 3843
      flushes       : 2
      Lines         : 20
      Syslines      : 1
      Datetime first: 2022-10-09 21:31:23 +00:00 (2022-10-09 21:31:23.000000 +00:00)
      Datetime last : 2022-10-09 21:31:23 +00:00 (2022-10-09 21:31:23.000000 +00:00)
  Processed:
      file size     : 2501 (0x9C5) (bytes)
      bytes         : 2501 (0x9C5)
      bytes total   : 2501 (0x9C5)
      Block size    : 256 (0x100)
      Blocks        : 10
      Blocks total  : 10 (2560 bytes)
      Blocks high   : 10 (2560 bytes)
      Lines         : 21
      Line longest  : 243 (bytes)
      Lines high    : 21
      Line parts    : 31
      Syslines      : 1
      Sysline longest: 2423 (bytes)
      Syslines high : 1
      Datetime first: 2022-10-09 21:31:23 +00:00 (2022-10-09 21:31:23.000000 +00:00)
      Datetime last : 2022-10-09 21:31:23 +00:00 (2022-10-09 21:31:23.000000 +00:00)
      out of order  : 0
  Parsers:
  Processing stores:
      storage: LineReader::find_line() lines                       : hit   1, miss  42,  2.3%
      caching: LineReader::find_line() LRU cache                   : hit   4, miss  22, 15.4%, put  21
      copying: SyslineReader::get_boxptrs()                        : sgl 339, dbl    9, mult   0
      storage: SyslineReader::find_sysline() syslines              : hit   0, miss   2,  0.0%
      caching: SyslineReader::find_sysline() syslines_by_range_map : hit   0, miss   2,  0.0%, put   1
      caching: SyslineReader::find_sysline() LRU cache             : hit   0, miss   2,  0.0%, put   1
      caching: SyslineReader::parse_datetime_in_line() LRU cache   : hit   1, miss  23,  4.2%, put   0
      optimize:SyslineReader::ezcheck12                            : hit   0, miss   0,  0.0%, largest skipped 0
      optimize:SyslineReader::ezcheckd2                            : hit  20, miss  12, 62.5%, largest skipped 77
      optimize:SyslineReader::ezcheck12d2                          : hit 170, miss 146, 53.8%, largest skipped 77
      process: regex captures                                      : hit   1, miss 157
  Processing Drops:

Program summary:

Paths considered       : 1
Paths not processed    : 0
Files processed        : 1
Files printed          : 1
Printed bytes          : 3848
Printed flushes        : 4
Printed Lines          : 20
Printed Syslines       : 1
Printed ASL events     : 0
Printed ETL events     : 0
Printed EVTX events    : 0
Printed FixedStruct    : 0
Printed Journal events : 0
Printed ODL events     : 0
Line longest                   : 243
Sysline longest                : 2423
EVTX event largest processed   : 0
EVTX event largest accepted    : 0
Journal event largest processed: 0
Journal event largest accepted : 0
Managed files max deflt: 980
Managed files max adjus: 200
Managed handles high   : 1
Managed request open   : 1
Managed request read   : 0
Managed read calls     : 10
Managed write calls    : 0
Managed seek calls     : 10
Managed metadata calls : 1
Managed open errors    : 0
Managed evict fails    : 0
Unmanaged handles high : 0
Regex patterns known   : 188
Regex patterns compiled: 188
Datetime filter -a     : 1999-03-03 00:00:00 +00:00 (1999-03-03 00:00:00.000000 +00:00)
Datetime printed first : 2022-10-09 21:31:23 +00:00 (2022-10-09 21:31:23.000000 +00:00)
Datetime printed last  : 2022-10-09 21:31:23 +00:00 (2022-10-09 21:31:23.000000 +00:00)
Datetime filter -b     : 2026-01-02 00:00:00 +00:00 (2026-01-02 00:00:00.000000 +00:00)
Channel receive ok     : 3
Channel receive err    : 0
Threads spawned        : 1
Thread spawn errors    : 0
Temporary files created: 0
Platform               : x86_64-unknown-linux-gnu
Allocator              : system
