1716856320.776461 [  59] [00007f2d62a9808b] execve("/usr/bin/ls", ["ls", "/tmp/a"], 0x7ffe225c3d18 /* 41 vars */) = 0
 > /usr/lib/x86_64-linux-gnu/ld-linux-x86-64.so.2(_dl_catch_error+0x2ec0) [0x20290]
1716856320.776810 [  12] [00007ff7aa737a8b] brk(NULL) = 0x564250168000
 > /usr/lib/x86_64-linux-gnu/ld-linux-x86-64.so.2(_dl_catch_error+0x86bb) [0x25a8b]
 > /usr/lib/x86_64-linux-gnu/ld-linux-x86-64.so.2(_dl_catch_error+0x241e) [0x1f7ee]
 > /usr/lib/x86_64-linux-gnu/ld-linux-x86-64.so.2(_dl_catch_error+0x41c8) [0x21598]
 > /usr/lib/x86_64-linux-gnu/ld-linux-x86-64.so.2(_dl_catch_error+0x2ec8) [0x20298]
1716856320.777069 [ 158] [00007ff7aa72bcb4] arch_prctl(0x3001 /* ARCH_??? */, 0x7ffd8f701b00) = -1 EINVAL (Invalid argument)
 > /usr/lib/x86_64-linux-gnu/ld-linux-x86-64.so.2(__tls_get_addr+0x1ae4) [0x19cb4]
 > /usr/lib/x86_64-linux-gnu/ld-linux-x86-64.so.2(_dl_catch_error+0x2423) [0x1f7f3]
 > /usr/lib/x86_64-linux-gnu/ld-linux-x86-64.so.2(_dl_catch_error+0x41c8) [0x21598]
 > /usr/lib/x86_64-linux-gnu/ld-linux-x86-64.so.2(_dl_catch_error+0x2ec8) [0x20298]
1716856320.777295 [   9] [00007ff7aa738cb7] mmap(NULL, 8192, PROT_READ|PROT_WRITE, MAP_PRIVATE|MAP_ANONYMOUS, -1, 0) = 0x7ff7aa710000
 > /usr/lib/x86_64-linux-gnu/ld-linux-x86-64.so.2(_dl_catch_error+0x98e7) [0x26cb7]
 > /usr/lib/x86_64-linux-gnu/ld-linux-x86-64.so.2(_dl_rtld_di_serinfo+0x2511) [0xd471]
 > /usr/lib/x86_64-linux-gnu/ld-linux-x86-64.so.2(__nptl_change_stack_perm+0x35ef) [0x879f]
 > /usr/lib/x86_64-linux-gnu/ld-linux-x86-64.so.2(_dl_catch_error+0x5d3f) [0x2310f]
 > /usr/lib/x86_64-linux-gnu/ld-linux-x86-64.so.2(_dl_catch_error+0x246c) [0x1f83c]
 > /usr/lib/x86_64-linux-gnu/ld-linux-x86-64.so.2(_dl_catch_error+0x41c8) [0x21598]
 > /usr/lib/x86_64-linux-gnu/ld-linux-x86-64.so.2(_dl_catch_error+0x2ec8) [0x20298]
1716856320.777741 [  21] [00007ff7aa7389ab] access("/etc/ld.so.preload", R_OK) = -1 ENOENT (No such file or directory)
 > /usr/lib/x86_64-linux-gnu/ld-linux-x86-64.so.2(_dl_catch_error+0x95db) [0x269ab]
 > /usr/lib/x86_64-linux-gnu/ld-linux-x86-64.so.2(_dl_catch_error+0x5f7c) [0x2334c]
 > /usr/lib/x86_64-linux-gnu/ld-linux-x86-64.so.2(_dl_catch_error+0x246c) [0x1f83c]
 > /usr/lib/x86_64-linux-gnu/ld-linux-x86-64.so.2(_dl_catch_error+0x41c8) [0x21598]
 > /usr/lib/x86_64-linux-gnu/ld-linux-x86-64.so.2(_dl_catch_error+0x2ec8) [0x20298]
1716856320.777965 [ 257] [00007ff7aa738b18] openat(AT_FDCWD, "/etc/ld.so.cache", O_RDONLY|O_CLOEXEC) = 3
 > /usr/lib/x86_64-linux-gnu/ld-linux-x86-64.so.2(_dl_catch_error+0x9748) [0x26b18]
 > /usr/lib/x86_64-linux-gnu/ld-linux-x86-64.so.2(_dl_rtld_di_serinfo+0x26ca) [0xd62a]
 > /usr/lib/x86_64-linux-gnu/ld-linux-x86-64.so.2(_dl_deallocate_tls+0x2148) [0x16bb8]
 > /usr/lib/x86_64-linux-gnu/ld-linux-x86-64.so.2(__nptl_change_stack_perm+0x57d2) [0xa982]
 > /usr/lib/x86_64-linux-gnu/ld-linux-x86-64.so.2(_dl_debug_state+0x195) [0x3495]
 > /usr/lib/x86_64-linux-gnu/ld-linux-x86-64.so.2(_dl_catch_exception+0x6a) [0x1d34a]
 > /usr/lib/x86_64-linux-gnu/ld-linux-x86-64.so.2(_dl_debug_state+0x97c) [0x3c7c]
 > /usr/lib/x86_64-linux-gnu/ld-linux-x86-64.so.2(_dl_catch_error+0x5fd0) [0x233a0]
 > /usr/lib/x86_64-linux-gnu/ld-linux-x86-64.so.2(_dl_catch_error+0x246c) [0x1f83c]
 > /usr/lib/x86_64-linux-gnu/ld-linux-x86-64.so.2(_dl_catch_error+0x41c8) [0x21598]
 > /usr/lib/x86_64-linux-gnu/ld-linux-x86-64.so.2(_dl_catch_error+0x2ec8) [0x20298]
1716856320.778370 [ 262] [00007ff7aa7388de] newfstatat(3, "", {st_mode=S_IFREG|0644, st_size=48263, ...}, AT_EMPTY_PATH) = 0
 > /usr/lib/x86_64-linux-gnu/ld-linux-x86-64.so.2(_dl_catch_error+0x950e) [0x268de]
 > /usr/lib/x86_64-linux-gnu/ld-linux-x86-64.so.2(_dl_rtld_di_serinfo+0x26ec) [0xd64c]
 > /usr/lib/x86_64-linux-gnu/ld-linux-x86-64.so.2(_dl_deallocate_tls+0x2148) [0x16bb8]
 > /usr/lib/x86_64-linux-gnu/ld-linux-x86-64.so.2(__nptl_change_stack_perm+0x57d2) [0xa982]
 > /usr/lib/x86_64-linux-gnu/ld-linux-x86-64.so.2(_dl_debug_state+0x195) [0x3495]
 > /usr/lib/x86_64-linux-gnu/ld-linux-x86-64.so.2(_dl_catch_exception+0x6a) [0x1d34a]
 > /usr/lib/x86_64-linux-gnu/ld-linux-x86-64.so.2(_dl_debug_state+0x97c) [0x3c7c]
 > /usr/lib/x86_64-linux-gnu/ld-linux-x86-64.so.2(_dl_catch_error+0x5fd0) [0x233a0]
 > /usr/lib/x86_64-linux-gnu/ld-linux-x86-64.so.2(_dl_catch_error+0x246c) [0x1f83c]
 > /usr/lib/x86_64-linux-gnu/ld-linux-x86-64.so.2(_dl_catch_error+0x41c8) [0x21598]
 > /usr/lib/x86_64-linux-gnu/ld-linux-x86-64.so.2(_dl_catch_error+0x2ec8) [0x20298]
1716856320.778631 [   9] [00007ff7aa738cb7] mmap(NULL, 48263, PROT_READ, MAP_PRIVATE, 3, 0) = 0x7ff7aa704000
 > /usr/lib/x86_64-linux-gnu/ld-linux-x86-64.so.2(_dl_catch_error+0x98e7) [0x26cb7]
 > /usr/lib/x86_64-linux-gnu/ld-linux-x86-64.so.2(_dl_rtld_di_serinfo+0x2725) [0xd685]
 > /usr/lib/x86_64-linux-gnu/ld-linux-x86-64.so.2(_dl_deallocate_tls+0x2148) [0x16bb8]
 > /usr/lib/x86_64-linux-gnu/ld-linux-x86-64.so.2(__nptl_change_stack_perm+0x57d2) [0xa982]
 > /usr/lib/x86_64-linux-gnu/ld-linux-x86-64.so.2(_dl_debug_state+0x195) [0x3495]
 > /usr/lib/x86_64-linux-gnu/ld-linux-x86-64.so.2(_dl_catch_exception+0x6a) [0x1d34a]
 > /usr/lib/x86_64-linux-gnu/ld-linux-x86-64.so.2(_dl_debug_state+0x97c) [0x3c7c]
 > /usr/lib/x86_64-linux-gnu/ld-linux-x86-64.so.2(_dl_catch_error+0x5fd0) [0x233a0]
 > /usr/lib/x86_64-linux-gnu/ld-linux-x86-64.so.2(_dl_catch_error+0x246c) [0x1f83c]
 > /usr/lib/x86_64-linux-gnu/ld-linux-x86-64.so.2(_dl_catch_error+0x41c8) [0x21598]
 > /usr/lib/x86_64-linux-gnu/ld-linux-x86-64.so.2(_dl_catch_error+0x2ec8) [0x20298]
1716856320.779126 [   3] [00007ff7aa7389db] close(3) = 0
 > /usr/lib/x86_64-linux-gnu/ld-linux-x86-64.so.2(_dl_catch_error+0x960b) [0x269db]
 > /usr/lib/x86_64-linux-gnu/ld-linux-x86-64.so.2(_dl_rtld_di_serinfo+0x270b) [0xd66b]
 > /usr/lib/x86_64-linux-gnu/ld-linux-x86-64.so.2(_dl_deallocate_tls+0x2148) [0x16bb8]
 > /usr/lib/x86_64-linux-gnu/ld-linux-x86-64.so.2(__nptl_change_stack_perm+0x57d2) [0xa982]
 > /usr/lib/x86_64-linux-gnu/ld-linux-x86-64.so.2(_dl_debug_state+0x195) [0x3495]
 > /usr/lib/x86_64-linux-gnu/ld-linux-x86-64.so.2(_dl_catch_exception+0x6a) [0x1d34a]
 > /usr/lib/x86_64-linux-gnu/ld-linux-x86-64.so.2(_dl_debug_state+0x97c) [0x3c7c]
 > /usr/lib/x86_64-linux-gnu/ld-linux-x86-64.so.2(_dl_catch_error+0x5fd0) [0x233a0]
 > /usr/lib/x86_64-linux-gnu/ld-linux-x86-64.so.2(_dl_catch_error+0x246c) [0x1f83c]
 > /usr/lib/x86_64-linux-gnu/ld-linux-x86-64.so.2(_dl_catch_error+0x41c8) [0x21598]
 > /usr/lib/x86_64-linux-gnu/ld-linux-x86-64.so.2(_dl_catch_error+0x2ec8) [0x20298]
1716856320.779385 [ 257] [00007ff7aa738b18] openat(AT_FDCWD, "/lib/x86_64-linux-gnu/libselinux.so.1", O_RDONLY|O_CLOEXEC) = 3
 > /usr/lib/x86_64-linux-gnu/ld-linux-x86-64.so.2(_dl_catch_error+0x9748) [0x26b18]
 > /usr/lib/x86_64-linux-gnu/ld-linux-x86-64.so.2(__nptl_change_stack_perm+0x17c9) [0x6979]
 > /usr/lib/x86_64-linux-gnu/ld-linux-x86-64.so.2(__nptl_change_stack_perm+0x5815) [0xa9c5]
 > /usr/lib/x86_64-linux-gnu/ld-linux-x86-64.so.2(_dl_debug_state+0x195) [0x3495]
 > /usr/lib/x86_64-linux-gnu/ld-linux-x86-64.so.2(_dl_catch_exception+0x6a) [0x1d34a]
 > /usr/lib/x86_64-linux-gnu/ld-linux-x86-64.so.2(_dl_debug_state+0x97c) [0x3c7c]
 > /usr/lib/x86_64-linux-gnu/ld-linux-x86-64.so.2(_dl_catch_error+0x5fd0) [0x233a0]
 > /usr/lib/x86_64-linux-gnu/ld-linux-x86-64.so.2(_dl_catch_error+0x246c) [0x1f83c]
 > /usr/lib/x86_64-linux-gnu/ld-linux-x86-64.so.2(_dl_catch_error+0x41c8) [0x21598]
 > /usr/lib/x86_64-linux-gnu/ld-linux-x86-64.so.2(_dl_catch_error+0x2ec8) [0x20298]
1716856320.779699 [   0] [00007ff7aa738b68] read(3, "\177ELF\2\1\1\0\0\0\0\0\0\0\0\0\3\0>\0\1\0\0\0\0\0\0\0\0\0\0\0"..., 832) = 832
 > /usr/lib/x86_64-linux-gnu/ld-linux-x86-64.so.2(_dl_catch_error+0x9798) [0x26b68]
 > /usr/lib/x86_64-linux-gnu/ld-linux-x86-64.so.2(__nptl_change_stack_perm+0x180c) [0x69bc]
 > /usr/lib/x86_64-linux-gnu/ld-linux-x86-64.so.2(__nptl_change_stack_perm+0x5815) [0xa9c5]
 > /usr/lib/x86_64-linux-gnu/ld-linux-x86-64.so.2(_dl_debug_state+0x195) [0x3495]
 > /usr/lib/x86_64-linux-gnu/ld-linux-x86-64.so.2(_dl_catch_exception+0x6a) [0x1d34a]
 > /usr/lib/x86_64-linux-gnu/ld-linux-x86-64.so.2(_dl_debug_state+0x97c) [0x3c7c]
 > /usr/lib/x86_64-linux-gnu/ld-linux-x86-64.so.2(_dl_catch_error+0x5fd0) [0x233a0]
 > /usr/lib/x86_64-linux-gnu/ld-linux-x86-64.so.2(_dl_catch_error+0x246c) [0x1f83c]
 > /usr/lib/x86_64-linux-gnu/ld-linux-x86-64.so.2(_dl_catch_error+0x41c8) [0x21598]
 > /usr/lib/x86_64-linux-gnu/ld-linux-x86-64.so.2(_dl_catch_error+0x2ec8) [0x20298]
1716856320.779941 [ 262] [00007ff7aa7388de] newfstatat(3, "", {st_mode=S_IFREG|0644, st_size=166280, ...}, AT_EMPTY_PATH) = 0
 > /usr/lib/x86_64-linux-gnu/ld-linux-x86-64.so.2(_dl_catch_error+0x950e) [0x268de]
 > /usr/lib/x86_64-linux-gnu/ld-linux-x86-64.so.2(__nptl_change_stack_perm+0x3f2a) [0x90da]
 > /usr/lib/x86_64-linux-gnu/ld-linux-x86-64.so.2(__nptl_change_stack_perm+0x5451) [0xa601]
 > /usr/lib/x86_64-linux-gnu/ld-linux-x86-64.so.2(_dl_debug_state+0x195) [0x3495]
 > /usr/lib/x86_64-linux-gnu/ld-linux-x86-64.so.2(_dl_catch_exception+0x6a) [0x1d34a]
 > /usr/lib/x86_64-linux-gnu/ld-linux-x86-64.so.2(_dl_debug_state+0x97c) [0x3c7c]
 > /usr/lib/x86_64-linux-gnu/ld-linux-x86-64.so.2(_dl_catch_error+0x5fd0) [0x233a0]
 > /usr/lib/x86_64-linux-gnu/ld-linux-x86-64.so.2(_dl_catch_error+0x246c) [0x1f83c]
 > /usr/lib/x86_64-linux-gnu/ld-linux-x86-64.so.2(_dl_catch_error+0x41c8) [0x21598]
 > /usr/lib/x86_64-linux-gnu/ld-linux-x86-64.so.2(_dl_catch_error+0x2ec8) [0x20298]
1716856320.780212 [   9] [00007ff7aa738cb7] mmap(NULL, 177672, PROT_READ, MAP_PRIVATE|MAP_DENYWRITE, 3, 0) = 0x7ff7aa6d8000
 > /usr/lib/x86_64-linux-gnu/ld-linux-x86-64.so.2(_dl_catch_error+0x98e7) [0x26cb7]
 > /usr/lib/x86_64-linux-gnu/ld-linux-x86-64.so.2(__nptl_change_stack_perm+0x3d6c) [0x8f1c]
 > /usr/lib/x86_64-linux-gnu/ld-linux-x86-64.so.2(__nptl_change_stack_perm+0x5451) [0xa601]
 > /usr/lib/x86_64-linux-gnu/ld-linux-x86-64.so.2(_dl_debug_state+0x195) [0x3495]
 > /usr/lib/x86_64-linux-gnu/ld-linux-x86-64.so.2(_dl_catch_exception+0x6a) [0x1d34a]
 > /usr/lib/x86_64-linux-gnu/ld-linux-x86-64.so.2(_dl_debug_state+0x97c) [0x3c7c]
 > /usr/lib/x86_64-linux-gnu/ld-linux-x86-64.so.2(_dl_catch_error+0x5fd0) [0x233a0]
 > /usr/lib/x86_64-linux-gnu/ld-linux-x86-64.so.2(_dl_catch_error+0x246c) [0x1f83c]
 > /usr/lib/x86_64-linux-gnu/ld-linux-x86-64.so.2(_dl_catch_error+0x41c8) [0x21598]
 > /usr/lib/x86_64-linux-gnu/ld-linux-x86-64.so.2(_dl_catch_error+0x2ec8) [0x20298]
1716856320.780602 [  10] [00007ff7aa738d2b] mprotect(0x7ff7aa6de000, 139264, PROT_NONE) = 0
 > /usr/lib/x86_64-linux-gnu/ld-linux-x86-64.so.2(_dl_catch_error+0x995b) [0x26d2b]
 > /usr/lib/x86_64-linux-gnu/ld-linux-x86-64.so.2(__nptl_change_stack_perm+0x3de4) [0x8f94]
 > /usr/lib/x86_64-linux-gnu/ld-linux-x86-64.so.2(__nptl_change_stack_perm+0x5451) [0xa601]
 > /usr/lib/x86_64-linux-gnu/ld-linux-x86-64.so.2(_dl_debug_state+0x195) [0x3495]
 > /usr/lib/x86_64-linux-gnu/ld-linux-x86-64.so.2(_dl_catch_exception+0x6a) [0x1d34a]
 > /usr/lib/x86_64-linux-gnu/ld-linux-x86-64.so.2(_dl_debug_state+0x97c) [0x3c7c]
 > /usr/lib/x86_64-linux-gnu/ld-linux-x86-64.so.2(_dl_catch_error+0x5fd0) [0x233a0]
 > /usr/lib/x86_64-linux-gnu/ld-linux-x86-64.so.2(_dl_catch_error+0x246c) [0x1f83c]
 > /usr/lib/x86_64-linux-gnu/ld-linux-x86-64.so.2(_dl_catch_error+0x41c8) [0x21598]
 > /usr/lib/x86_64-linux-gnu/ld-linux-x86-64.so.2(_dl_catch_error+0x2ec8) [0x20298]
1716856320.781012 [   9] [00007ff7aa738cb7] mmap(0x7ff7aa6de000, 106496, PROT_READ|PROT_EXEC, MAP_PRIVATE|MAP_FIXED|MAP_DENYWRITE, 3, 0x6000) = 0x7ff7aa6de000
 > /usr/lib/x86_64-linux-gnu/ld-linux-x86-64.so.2(_dl_catch_error+0x98e7) [0x26cb7]
 > /usr/lib/x86_64-linux-gnu/ld-linux-x86-64.so.2(__nptl_change_stack_perm+0x3ee9) [0x9099]
 > /usr/lib/x86_64-linux-gnu/ld-linux-x86-64.so.2(__nptl_change_stack_perm+0x5451) [0xa601]
 > /usr/lib/x86_64-linux-gnu/ld-linux-x86-64.so.2(_dl_debug_state+0x195) [0x3495]
 > /usr/lib/x86_64-linux-gnu/ld-linux-x86-64.so.2(_dl_catch_exception+0x6a) [0x1d34a]
 > /usr/lib/x86_64-linux-gnu/ld-linux-x86-64.so.2(_dl_debug_state+0x97c) [0x3c7c]
 > /usr/lib/x86_64-linux-gnu/ld-linux-x86-64.so.2(_dl_catch_error+0x5fd0) [0x233a0]
 > /usr/lib/x86_64-linux-gnu/ld-linux-x86-64.so.2(_dl_catch_error+0x246c) [0x1f83c]
 > /usr/lib/x86_64-linux-gnu/ld-linux-x86-64.so.2(_dl_catch_error+0x41c8) [0x21598]
 > /usr/lib/x86_64-linux-gnu/ld-linux-x86-64.so.2(_dl_catch_error+0x2ec8) [0x20298]
1716856320.781417 [   9] [00007ff7aa738cb7] mmap(0x7ff7aa6f8000, 28672, PROT_READ, MAP_PRIVATE|MAP_FIXED|MAP_DENYWRITE, 3, 0x20000) = 0x7ff7aa6f8000
 > /usr/lib/x86_64-linux-gnu/ld-linux-x86-64.so.2(_dl_catch_error+0x98e7) [0x26cb7]
 > /usr/lib/x86_64-linux-gnu/ld-linux-x86-64.so.2(__nptl_change_stack_perm+0x3ee9) [0x9099]
 > /usr/lib/x86_64-linux-gnu/ld-linux-x86-64.so.2(__nptl_change_stack_perm+0x5451) [0xa601]
 > /usr/lib/x86_64-linux-gnu/ld-linux-x86-64.so.2(_dl_debug_state+0x195) [0x3495]
 > /usr/lib/x86_64-linux-gnu/ld-linux-x86-64.so.2(_dl_catch_exception+0x6a) [0x1d34a]
 > /usr/lib/x86_64-linux-gnu/ld-linux-x86-64.so.2(_dl_debug_state+0x97c) [0x3c7c]
 > /usr/lib/x86_64-linux-gnu/ld-linux-x86-64.so.2(_dl_catch_error+0x5fd0) [0x233a0]
 > /usr/lib/x86_64-linux-gnu/ld-linux-x86-64.so.2(_dl_catch_error+0x246c) [0x1f83c]
 > /usr/lib/x86_64-linux-gnu/ld-linux-x86-64.so.2(_dl_catch_error+0x41c8) [0x21598]
 > /usr/lib/x86_64-linux-gnu/ld-linux-x86-64.so.2(_dl_catch_error+0x2ec8) [0x20298]
1716856320.781849 [   9] [00007ff7aa738cb7] mmap(0x7ff7aa700000, 8192, PROT_READ|PROT_WRITE, MAP_PRIVATE|MAP_FIXED|MAP_DENYWRITE, 3, 0x27000) = 0x7ff7aa700000
 > /usr/lib/x86_64-linux-gnu/ld-linux-x86-64.so.2(_dl_catch_error+0x98e7) [0x26cb7]
 > /usr/lib/x86_64-linux-gnu/ld-linux-x86-64.so.2(__nptl_change_stack_perm+0x3ee9) [0x9099]
 > /usr/lib/x86_64-linux-gnu/ld-linux-x86-64.so.2(__nptl_change_stack_perm+0x5451) [0xa601]
 > /usr/lib/x86_64-linux-gnu/ld-linux-x86-64.so.2(_dl_debug_state+0x195) [0x3495]
 > /usr/lib/x86_64-linux-gnu/ld-linux-x86-64.so.2(_dl_catch_exception+0x6a) [0x1d34a]
 > /usr/lib/x86_64-linux-gnu/ld-linux-x86-64.so.2(_dl_debug_state+0x97c) [0x3c7c]
 > /usr/lib/x86_64-linux-gnu/ld-linux-x86-64.so.2(_dl_catch_error+0x5fd0) [0x233a0]
 > /usr/lib/x86_64-linux-gnu/ld-linux-x86-64.so.2(_dl_catch_error+0x246c) [0x1f83c]
 > /usr/lib/x86_64-linux-gnu/ld-linux-x86-64.so.2(_dl_catch_error+0x41c8) [0x21598]
 > /usr/lib/x86_64-linux-gnu/ld-linux-x86-64.so.2(_dl_catch_error+0x2ec8) [0x20298]
1716856320.782263 [   9] [00007ff7aa738cb7] mmap(0x7ff7aa702000, 5640, PROT_READ|PROT_WRITE, MAP_PRIVATE|MAP_FIXED|MAP_ANONYMOUS, -1, 0) = 0x7ff7aa702000
 > /usr/lib/x86_64-linux-gnu/ld-linux-x86-64.so.2(_dl_catch_error+0x98e7) [0x26cb7]
 > /usr/lib/x86_64-linux-gnu/ld-linux-x86-64.so.2(__nptl_change_stack_perm+0x4bf5) [0x9da5]
 > /usr/lib/x86_64-linux-gnu/ld-linux-x86-64.so.2(__nptl_change_stack_perm+0x5451) [0xa601]
 > /usr/lib/x86_64-linux-gnu/ld-linux-x86-64.so.2(_dl_debug_state+0x195) [0x3495]
 > /usr/lib/x86_64-linux-gnu/ld-linux-x86-64.so.2(_dl_catch_exception+0x6a) [0x1d34a]
 > /usr/lib/x86_64-linux-gnu/ld-linux-x86-64.so.2(_dl_debug_state+0x97c) [0x3c7c]
 > /usr/lib/x86_64-linux-gnu/ld-linux-x86-64.so.2(_dl_catch_error+0x5fd0) [0x233a0]
 > /usr/lib/x86_64-linux-gnu/ld-linux-x86-64.so.2(_dl_catch_error+0x246c) [0x1f83c]
 > /usr/lib/x86_64-linux-gnu/ld-linux-x86-64.so.2(_dl_catch_error+0x41c8) [0x21598]
 > /usr/lib/x86_64-linux-gnu/ld-linux-x86-64.so.2(_dl_catch_error+0x2ec8) [0x20298]
1716856320.782674 [   3] [00007ff7aa7389db] close(3) = 0
 > /usr/lib/x86_64-linux-gnu/ld-linux-x86-64.so.2(_dl_catch_error+0x960b) [0x269db]
 > /usr/lib/x86_64-linux-gnu/ld-linux-x86-64.so.2(__nptl_change_stack_perm+0x481b) [0x99cb]
 > /usr/lib/x86_64-linux-gnu/ld-linux-x86-64.so.2(__nptl_change_stack_perm+0x5451) [0xa601]
 > /usr/lib/x86_64-linux-gnu/ld-linux-x86-64.so.2(_dl_debug_state+0x195) [0x3495]
 > /usr/lib/x86_64-linux-gnu/ld-linux-x86-64.so.2(_dl_catch_exception+0x6a) [0x1d34a]
 > /usr/lib/x86_64-linux-gnu/ld-linux-x86-64.so.2(_dl_debug_state+0x97c) [0x3c7c]
 > /usr/lib/x86_64-linux-gnu/ld-linux-x86-64.so.2(_dl_catch_error+0x5fd0) [0x233a0]
 > /usr/lib/x86_64-linux-gnu/ld-linux-x86-64.so.2(_dl_catch_error+0x246c) [0x1f83c]
 > /usr/lib/x86_64-linux-gnu/ld-linux-x86-64.so.2(_dl_catch_error+0x41c8) [0x21598]
 > /usr/lib/x86_64-linux-gnu/ld-linux-x86-64.so.2(_dl_catch_error+0x2ec8) [0x20298]
1716856320.782927 [ 257] [00007ff7aa738b18] openat(AT_FDCWD, "/lib/x86_64-linux-gnu/libc.so.6", O_RDONLY|O_CLOEXEC) = 3
 > /usr/lib/x86_64-linux-gnu/ld-linux-x86-64.so.2(_dl_catch_error+0x9748) [0x26b18]
 > /usr/lib/x86_64-linux-gnu/ld-linux-x86-64.so.2(__nptl_change_stack_perm+0x17c9) [0x6979]
 > /usr/lib/x86_64-linux-gnu/ld-linux-x86-64.so.2(__nptl_change_stack_perm+0x5815) [0xa9c5]
 > /usr/lib/x86_64-linux-gnu/ld-linux-x86-64.so.2(_dl_debug_state+0x195) [0x3495]
 > /usr/lib/x86_64-linux-gnu/ld-linux-x86-64.so.2(_dl_catch_exception+0x6a) [0x1d34a]
 > /usr/lib/x86_64-linux-gnu/ld-linux-x86-64.so.2(_dl_debug_state+0x97c) [0x3c7c]
 > /usr/lib/x86_64-linux-gnu/ld-linux-x86-64.so.2(_dl_catch_error+0x5fd0) [0x233a0]
 > /usr/lib/x86_64-linux-gnu/ld-linux-x86-64.so.2(_dl_catch_error+0x246c) [0x1f83c]
 > /usr/lib/x86_64-linux-gnu/ld-linux-x86-64.so.2(_dl_catch_error+0x41c8) [0x21598]
 > /usr/lib/x86_64-linux-gnu/ld-linux-x86-64.so.2(_dl_catch_error+0x2ec8) [0x20298]
1716856320.783230 [   0] [00007ff7aa738b68] read(3, "\177ELF\2\1\1\3\0\0\0\0\0\0\0\0\3\0>\0\1\0\0\0P\237\2\0\0\0\0\0"..., 832) = 832
 > /usr/lib/x86_64-linux-gnu/ld-linux-x86-64.so.2(_dl_catch_error+0x9798) [0x26b68]
 > /usr/lib/x86_64-linux-gnu/ld-linux-x86-64.so.2(__nptl_change_stack_perm+0x180c) [0x69bc]
 > /usr/lib/x86_64-linux-gnu/ld-linux-x86-64.so.2(__nptl_change_stack_perm+0x5815) [0xa9c5]
 > /usr/lib/x86_64-linux-gnu/ld-linux-x86-64.so.2(_dl_debug_state+0x195) [0x3495]
 > /usr/lib/x86_64-linux-gnu/ld-linux-x86-64.so.2(_dl_catch_exception+0x6a) [0x1d34a]
 > /usr/lib/x86_64-linux-gnu/ld-linux-x86-64.so.2(_dl_debug_state+0x97c) [0x3c7c]
 > /usr/lib/x86_64-linux-gnu/ld-linux-x86-64.so.2(_dl_catch_error+0x5fd0) [0x233a0]
 > /usr/lib/x86_64-linux-gnu/ld-linux-x86-64.so.2(_dl_catch_error+0x246c) [0x1f83c]
 > /usr/lib/x86_64-linux-gnu/ld-linux-x86-64.so.2(_dl_catch_error+0x41c8) [0x21598]
 > /usr/lib/x86_64-linux-gnu/ld-linux-x86-64.so.2(_dl_catch_error+0x2ec8) [0x20298]
1716856320.783476 [  17] [00007ff7aa738b9e] pread64(3, "\6\0\0\0\4\0\0\0@\0\0\0\0\0\0\0@\0\0\0\0\0\0\0@\0\0\0\0\0\0\0"..., 784, 64) = 784
 > /usr/lib/x86_64-linux-gnu/ld-linux-x86-64.so.2(_dl_catch_error+0x97ce) [0x26b9e]
 > /usr/lib/x86_64-linux-gnu/ld-linux-x86-64.so.2(__nptl_change_stack_perm+0x1ba9) [0x6d59]
 > /usr/lib/x86_64-linux-gnu/ld-linux-x86-64.so.2(__nptl_change_stack_perm+0x5815) [0xa9c5]
 > /usr/lib/x86_64-linux-gnu/ld-linux-x86-64.so.2(_dl_debug_state+0x195) [0x3495]
 > /usr/lib/x86_64-linux-gnu/ld-linux-x86-64.so.2(_dl_catch_exception+0x6a) [0x1d34a]
 > /usr/lib/x86_64-linux-gnu/ld-linux-x86-64.so.2(_dl_debug_state+0x97c) [0x3c7c]
 > /usr/lib/x86_64-linux-gnu/ld-linux-x86-64.so.2(_dl_catch_error+0x5fd0) [0x233a0]
 > /usr/lib/x86_64-linux-gnu/ld-linux-x86-64.so.2(_dl_catch_error+0x246c) [0x1f83c]
 > /usr/lib/x86_64-linux-gnu/ld-linux-x86-64.so.2(_dl_catch_error+0x41c8) [0x21598]
 > /usr/lib/x86_64-linux-gnu/ld-linux-x86-64.so.2(_dl_catch_error+0x2ec8) [0x20298]
1716856320.783719 [  17] [00007ff7aa738b9e] pread64(3, "\4\0\0\0 \0\0\0\5\0\0\0GNU\0\2\0\0\300\4\0\0\0\3\0\0\0\0\0\0\0"..., 48, 848) = 48
 > /usr/lib/x86_64-linux-gnu/ld-linux-x86-64.so.2(_dl_catch_error+0x97ce) [0x26b9e]
 > /usr/lib/x86_64-linux-gnu/ld-linux-x86-64.so.2(__nptl_change_stack_perm+0x1a1d) [0x6bcd]
 > /usr/lib/x86_64-linux-gnu/ld-linux-x86-64.so.2(__nptl_change_stack_perm+0x5815) [0xa9c5]
 > /usr/lib/x86_64-linux-gnu/ld-linux-x86-64.so.2(_dl_debug_state+0x195) [0x3495]
 > /usr/lib/x86_64-linux-gnu/ld-linux-x86-64.so.2(_dl_catch_exception+0x6a) [0x1d34a]
 > /usr/lib/x86_64-linux-gnu/ld-linux-x86-64.so.2(_dl_debug_state+0x97c) [0x3c7c]
 > /usr/lib/x86_64-linux-gnu/ld-linux-x86-64.so.2(_dl_catch_error+0x5fd0) [0x233a0]
 > /usr/lib/x86_64-linux-gnu/ld-linux-x86-64.so.2(_dl_catch_error+0x246c) [0x1f83c]
 > /usr/lib/x86_64-linux-gnu/ld-linux-x86-64.so.2(_dl_catch_error+0x41c8) [0x21598]
 > /usr/lib/x86_64-linux-gnu/ld-linux-x86-64.so.2(_dl_catch_error+0x2ec8) [0x20298]
1716856320.783990 [  17] [00007ff7aa738b9e] pread64(3, "\4\0\0\0\24\0\0\0\3\0\0\0GNU\0\226 \25\252\235\23<l\274\3731\3540\5\226\327"..., 68, 896) = 68
 > /usr/lib/x86_64-linux-gnu/ld-linux-x86-64.so.2(_dl_catch_error+0x97ce) [0x26b9e]
 > /usr/lib/x86_64-linux-gnu/ld-linux-x86-64.so.2(__nptl_change_stack_perm+0x1a1d) [0x6bcd]
 > /usr/lib/x86_64-linux-gnu/ld-linux-x86-64.so.2(__nptl_change_stack_perm+0x5815) [0xa9c5]
 > /usr/lib/x86_64-linux-gnu/ld-linux-x86-64.so.2(_dl_debug_state+0x195) [0x3495]
 > /usr/lib/x86_64-linux-gnu/ld-linux-x86-64.so.2(_dl_catch_exception+0x6a) [0x1d34a]
 > /usr/lib/x86_64-linux-gnu/ld-linux-x86-64.so.2(_dl_debug_state+0x97c) [0x3c7c]
 > /usr/lib/x86_64-linux-gnu/ld-linux-x86-64.so.2(_dl_catch_error+0x5fd0) [0x233a0]
 > /usr/lib/x86_64-linux-gnu/ld-linux-x86-64.so.2(_dl_catch_error+0x246c) [0x1f83c]
 > /usr/lib/x86_64-linux-gnu/ld-linux-x86-64.so.2(_dl_catch_error+0x41c8) [0x21598]
 > /usr/lib/x86_64-linux-gnu/ld-linux-x86-64.so.2(_dl_catch_error+0x2ec8) [0x20298]
1716856320.784249 [ 262] [00007ff7aa7388de] newfstatat(3, "", {st_mode=S_IFREG|0755, st_size=2220400, ...}, AT_EMPTY_PATH) = 0
 > /usr/lib/x86_64-linux-gnu/ld-linux-x86-64.so.2(_dl_catch_error+0x950e) [0x268de]
 > /usr/lib/x86_64-linux-gnu/ld-linux-x86-64.so.2(__nptl_change_stack_perm+0x3f2a) [0x90da]
 > /usr/lib/x86_64-linux-gnu/ld-linux-x86-64.so.2(__nptl_change_stack_perm+0x5451) [0xa601]
 > /usr/lib/x86_64-linux-gnu/ld-linux-x86-64.so.2(_dl_debug_state+0x195) [0x3495]
 > /usr/lib/x86_64-linux-gnu/ld-linux-x86-64.so.2(_dl_catch_exception+0x6a) [0x1d34a]
 > /usr/lib/x86_64-linux-gnu/ld-linux-x86-64.so.2(_dl_debug_state+0x97c) [0x3c7c]
 > /usr/lib/x86_64-linux-gnu/ld-linux-x86-64.so.2(_dl_catch_error+0x5fd0) [0x233a0]
 > /usr/lib/x86_64-linux-gnu/ld-linux-x86-64.so.2(_dl_catch_error+0x246c) [0x1f83c]
 > /usr/lib/x86_64-linux-gnu/ld-linux-x86-64.so.2(_dl_catch_error+0x41c8) [0x21598]
 > /usr/lib/x86_64-linux-gnu/ld-linux-x86-64.so.2(_dl_catch_error+0x2ec8) [0x20298]
1716856320.784532 [  17] [00007ff7aa738b9e] pread64(3, "\6\0\0\0\4\0\0\0@\0\0\0\0\0\0\0@\0\0\0\0\0\0\0@\0\0\0\0\0\0\0"..., 784, 64) = 784
 > /usr/lib/x86_64-linux-gnu/ld-linux-x86-64.so.2(_dl_catch_error+0x97ce) [0x26b9e]
 > /usr/lib/x86_64-linux-gnu/ld-linux-x86-64.so.2(__nptl_change_stack_perm+0x40d4) [0x9284]
 > /usr/lib/x86_64-linux-gnu/ld-linux-x86-64.so.2(__nptl_change_stack_perm+0x5451) [0xa601]
 > /usr/lib/x86_64-linux-gnu/ld-linux-x86-64.so.2(_dl_debug_state+0x195) [0x3495]
 > /usr/lib/x86_64-linux-gnu/ld-linux-x86-64.so.2(_dl_catch_exception+0x6a) [0x1d34a]
 > /usr/lib/x86_64-linux-gnu/ld-linux-x86-64.so.2(_dl_debug_state+0x97c) [0x3c7c]
 > /usr/lib/x86_64-linux-gnu/ld-linux-x86-64.so.2(_dl_catch_error+0x5fd0) [0x233a0]
 > /usr/lib/x86_64-linux-gnu/ld-linux-x86-64.so.2(_dl_catch_error+0x246c) [0x1f83c]
 > /usr/lib/x86_64-linux-gnu/ld-linux-x86-64.so.2(_dl_catch_error+0x41c8) [0x21598]
 > /usr/lib/x86_64-linux-gnu/ld-linux-x86-64.so.2(_dl_catch_error+0x2ec8) [0x20298]
1716856320.784778 [   9] [00007ff7aa738cb7] mmap(NULL, 2264656, PROT_READ, MAP_PRIVATE|MAP_DENYWRITE, 3, 0) = 0x7ff7aa4af000
 > /usr/lib/x86_64-linux-gnu/ld-linux-x86-64.so.2(_dl_catch_error+0x98e7) [0x26cb7]
 > /usr/lib/x86_64-linux-gnu/ld-linux-x86-64.so.2(__nptl_change_stack_perm+0x3d6c) [0x8f1c]
 > /usr/lib/x86_64-linux-gnu/ld-linux-x86-64.so.2(__nptl_change_stack_perm+0x5451) [0xa601]
 > /usr/lib/x86_64-linux-gnu/ld-linux-x86-64.so.2(_dl_debug_state+0x195) [0x3495]
 > /usr/lib/x86_64-linux-gnu/ld-linux-x86-64.so.2(_dl_catch_exception+0x6a) [0x1d34a]
 > /usr/lib/x86_64-linux-gnu/ld-linux-x86-64.so.2(_dl_debug_state+0x97c) [0x3c7c]
 > /usr/lib/x86_64-linux-gnu/ld-linux-x86-64.so.2(_dl_catch_error+0x5fd0) [0x233a0]
 > /usr/lib/x86_64-linux-gnu/ld-linux-x86-64.so.2(_dl_catch_error+0x246c) [0x1f83c]
 > /usr/lib/x86_64-linux-gnu/ld-linux-x86-64.so.2(_dl_catch_error+0x41c8) [0x21598]
 > /usr/lib/x86_64-linux-gnu/ld-linux-x86-64.so.2(_dl_catch_error+0x2ec8) [0x20298]
1716856320.785299 [  10] [00007ff7aa738d2b] mprotect(0x7ff7aa4d7000, 2023424, PROT_NONE) = 0
 > /usr/lib/x86_64-linux-gnu/ld-linux-x86-64.so.2(_dl_catch_error+0x995b) [0x26d2b]
 > /usr/lib/x86_64-linux-gnu/ld-linux-x86-64.so.2(__nptl_change_stack_perm+0x3de4) [0x8f94]
 > /usr/lib/x86_64-linux-gnu/ld-linux-x86-64.so.2(__nptl_change_stack_perm+0x5451) [0xa601]
 > /usr/lib/x86_64-linux-gnu/ld-linux-x86-64.so.2(_dl_debug_state+0x195) [0x3495]
 > /usr/lib/x86_64-linux-gnu/ld-linux-x86-64.so.2(_dl_catch_exception+0x6a) [0x1d34a]
 > /usr/lib/x86_64-linux-gnu/ld-linux-x86-64.so.2(_dl_debug_state+0x97c) [0x3c7c]
 > /usr/lib/x86_64-linux-gnu/ld-linux-x86-64.so.2(_dl_catch_error+0x5fd0) [0x233a0]
 > /usr/lib/x86_64-linux-gnu/ld-linux-x86-64.so.2(_dl_catch_error+0x246c) [0x1f83c]
 > /usr/lib/x86_64-linux-gnu/ld-linux-x86-64.so.2(_dl_catch_error+0x41c8) [0x21598]
 > /usr/lib/x86_64-linux-gnu/ld-linux-x86-64.so.2(_dl_catch_error+0x2ec8) [0x20298]
1716856320.785733 [   9] [00007ff7aa738cb7] mmap(0x7ff7aa4d7000, 1658880, PROT_READ|PROT_EXEC, MAP_PRIVATE|MAP_FIXED|MAP_DENYWRITE, 3, 0x28000) = 0x7ff7aa4d7000
 > /usr/lib/x86_64-linux-gnu/ld-linux-x86-64.so.2(_dl_catch_error+0x98e7) [0x26cb7]
 > /usr/lib/x86_64-linux-gnu/ld-linux-x86-64.so.2(__nptl_change_stack_perm+0x3ee9) [0x9099]
 > /usr/lib/x86_64-linux-gnu/ld-linux-x86-64.so.2(__nptl_change_stack_perm+0x5451) [0xa601]
 > /usr/lib/x86_64-linux-gnu/ld-linux-x86-64.so.2(_dl_debug_state+0x195) [0x3495]
 > /usr/lib/x86_64-linux-gnu/ld-linux-x86-64.so.2(_dl_catch_exception+0x6a) [0x1d34a]
 > /usr/lib/x86_64-linux-gnu/ld-linux-x86-64.so.2(_dl_debug_state+0x97c) [0x3c7c]
 > /usr/lib/x86_64-linux-gnu/ld-linux-x86-64.so.2(_dl_catch_error+0x5fd0) [0x233a0]
 > /usr/lib/x86_64-linux-gnu/ld-linux-x86-64.so.2(_dl_catch_error+0x246c) [0x1f83c]
 > /usr/lib/x86_64-linux-gnu/ld-linux-x86-64.so.2(_dl_catch_error+0x41c8) [0x21598]
 > /usr/lib/x86_64-linux-gnu/ld-linux-x86-64.so.2(_dl_catch_error+0x2ec8) [0x20298]
1716856320.786176 [   9] [00007ff7aa738cb7] mmap(0x7ff7aa66c000, 360448, PROT_READ, MAP_PRIVATE|MAP_FIXED|MAP_DENYWRITE, 3, 0x1bd000) = 0x7ff7aa66c000
 > /usr/lib/x86_64-linux-gnu/ld-linux-x86-64.so.2(_dl_catch_error+0x98e7) [0x26cb7]
 > /usr/lib/x86_64-linux-gnu/ld-linux-x86-64.so.2(__nptl_change_stack_perm+0x3ee9) [0x9099]
 > /usr/lib/x86_64-linux-gnu/ld-linux-x86-64.so.2(__nptl_change_stack_perm+0x5451) [0xa601]
 > /usr/lib/x86_64-linux-gnu/ld-linux-x86-64.so.2(_dl_debug_state+0x195) [0x3495]
 > /usr/lib/x86_64-linux-gnu/ld-linux-x86-64.so.2(_dl_catch_exception+0x6a) [0x1d34a]
 > /usr/lib/x86_64-linux-gnu/ld-linux-x86-64.so.2(_dl_debug_state+0x97c) [0x3c7c]
 > /usr/lib/x86_64-linux-gnu/ld-linux-x86-64.so.2(_dl_catch_error+0x5fd0) [0x233a0]
 > /usr/lib/x86_64-linux-gnu/ld-linux-x86-64.so.2(_dl_catch_error+0x246c) [0x1f83c]
 > /usr/lib/x86_64-linux-gnu/ld-linux-x86-64.so.2(_dl_catch_error+0x41c8) [0x21598]
 > /usr/lib/x86_64-linux-gnu/ld-linux-x86-64.so.2(_dl_catch_error+0x2ec8) [0x20298]
1716856320.786604 [   9] [00007ff7aa738cb7] mmap(0x7ff7aa6c5000, 24576, PROT_READ|PROT_WRITE, MAP_PRIVATE|MAP_FIXED|MAP_DENYWRITE, 3, 0x215000) = 0x7ff7aa6c5000
 > /usr/lib/x86_64-linux-gnu/ld-linux-x86-64.so.2(_dl_catch_error+0x98e7) [0x26cb7]
 > /usr/lib/x86_64-linux-gnu/ld-linux-x86-64.so.2(__nptl_change_stack_perm+0x3ee9) [0x9099]
 > /usr/lib/x86_64-linux-gnu/ld-linux-x86-64.so.2(__nptl_change_stack_perm+0x5451) [0xa601]
 > /usr/lib/x86_64-linux-gnu/ld-linux-x86-64.so.2(_dl_debug_state+0x195) [0x3495]
 > /usr/lib/x86_64-linux-gnu/ld-linux-x86-64.so.2(_dl_catch_exception+0x6a) [0x1d34a]
 > /usr/lib/x86_64-linux-gnu/ld-linux-x86-64.so.2(_dl_debug_state+0x97c) [0x3c7c]
 > /usr/lib/x86_64-linux-gnu/ld-linux-x86-64.so.2(_dl_catch_error+0x5fd0) [0x233a0]
 > /usr/lib/x86_64-linux-gnu/ld-linux-x86-64.so.2(_dl_catch_error+0x246c) [0x1f83c]
 > /usr/lib/x86_64-linux-gnu/ld-linux-x86-64.so.2(_dl_catch_error+0x41c8) [0x21598]
 > /usr/lib/x86_64-linux-gnu/ld-linux-x86-64.so.2(_dl_catch_error+0x2ec8) [0x20298]
1716856320.787062 [   9] [00007ff7aa738cb7] mmap(0x7ff7aa6cb000, 52816, PROT_READ|PROT_WRITE, MAP_PRIVATE|MAP_FIXED|MAP_ANONYMOUS, -1, 0) = 0x7ff7aa6cb000
 > /usr/lib/x86_64-linux-gnu/ld-linux-x86-64.so.2(_dl_catch_error+0x98e7) [0x26cb7]
 > /usr/lib/x86_64-linux-gnu/ld-linux-x86-64.so.2(__nptl_change_stack_perm+0x4bf5) [0x9da5]
 > /usr/lib/x86_64-linux-gnu/ld-linux-x86-64.so.2(__nptl_change_stack_perm+0x5451) [0xa601]
 > /usr/lib/x86_64-linux-gnu/ld-linux-x86-64.so.2(_dl_debug_state+0x195) [0x3495]
 > /usr/lib/x86_64-linux-gnu/ld-linux-x86-64.so.2(_dl_catch_exception+0x6a) [0x1d34a]
 > /usr/lib/x86_64-linux-gnu/ld-linux-x86-64.so.2(_dl_debug_state+0x97c) [0x3c7c]
 > /usr/lib/x86_64-linux-gnu/ld-linux-x86-64.so.2(_dl_catch_error+0x5fd0) [0x233a0]
 > /usr/lib/x86_64-linux-gnu/ld-linux-x86-64.so.2(_dl_catch_error+0x246c) [0x1f83c]
 > /usr/lib/x86_64-linux-gnu/ld-linux-x86-64.so.2(_dl_catch_error+0x41c8) [0x21598]
 > /usr/lib/x86_64-linux-gnu/ld-linux-x86-64.so.2(_dl_catch_error+0x2ec8) [0x20298]
1716856320.787532 [   3] [00007ff7aa7389db] close(3) = 0
 > /usr/lib/x86_64-linux-gnu/ld-linux-x86-64.so.2(_dl_catch_error+0x960b) [0x269db]
 > /usr/lib/x86_64-linux-gnu/ld-linux-x86-64.so.2(__nptl_change_stack_perm+0x481b) [0x99cb]
 > /usr/lib/x86_64-linux-gnu/ld-linux-x86-64.so.2(__nptl_change_stack_perm+0x5451) [0xa601]
 > /usr/lib/x86_64-linux-gnu/ld-linux-x86-64.so.2(_dl_debug_state+0x195) [0x3495]
 > /usr/lib/x86_64-linux-gnu/ld-linux-x86-64.so.2(_dl_catch_exception+0x6a) [0x1d34a]
 > /usr/lib/x86_64-linux-gnu/ld-linux-x86-64.so.2(_dl_debug_state+0x97c) [0x3c7c]
 > /usr/lib/x86_64-linux-gnu/ld-linux-x86-64.so.2(_dl_catch_error+0x5fd0) [0x233a0]
 > /usr/lib/x86_64-linux-gnu/ld-linux-x86-64.so.2(_dl_catch_error+0x246c) [0x1f83c]
 > /usr/lib/x86_64-linux-gnu/ld-linux-x86-64.so.2(_dl_catch_error+0x41c8) [0x21598]
 > /usr/lib/x86_64-linux-gnu/ld-linux-x86-64.so.2(_dl_catch_error+0x2ec8) [0x20298]
1716856320.787802 [ 257] [00007ff7aa738b18] openat(AT_FDCWD, "/lib/x86_64-linux-gnu/libpcre2-8.so.0", O_RDONLY|O_CLOEXEC) = 3
 > /usr/lib/x86_64-linux-gnu/ld-linux-x86-64.so.2(_dl_catch_error+0x9748) [0x26b18]
 > /usr/lib/x86_64-linux-gnu/ld-linux-x86-64.so.2(__nptl_change_stack_perm+0x17c9) [0x6979]
 > /usr/lib/x86_64-linux-gnu/ld-linux-x86-64.so.2(__nptl_change_stack_perm+0x5815) [0xa9c5]
 > /usr/lib/x86_64-linux-gnu/ld-linux-x86-64.so.2(_dl_debug_state+0x195) [0x3495]
 > /usr/lib/x86_64-linux-gnu/ld-linux-x86-64.so.2(_dl_catch_exception+0x6a) [0x1d34a]
 > /usr/lib/x86_64-linux-gnu/ld-linux-x86-64.so.2(_dl_debug_state+0x97c) [0x3c7c]
 > /usr/lib/x86_64-linux-gnu/ld-linux-x86-64.so.2(_dl_catch_error+0x5fd0) [0x233a0]
 > /usr/lib/x86_64-linux-gnu/ld-linux-x86-64.so.2(_dl_catch_error+0x246c) [0x1f83c]
 > /usr/lib/x86_64-linux-gnu/ld-linux-x86-64.so.2(_dl_catch_error+0x41c8) [0x21598]
 > /usr/lib/x86_64-linux-gnu/ld-linux-x86-64.so.2(_dl_catch_error+0x2ec8) [0x20298]
1716856320.788103 [   0] [00007ff7aa738b68] read(3, "\177ELF\2\1\1\0\0\0\0\0\0\0\0\0\3\0>\0\1\0\0\0\0\0\0\0\0\0\0\0"..., 832) = 832
 > /usr/lib/x86_64-linux-gnu/ld-linux-x86-64.so.2(_dl_catch_error+0x9798) [0x26b68]
 > /usr/lib/x86_64-linux-gnu/ld-linux-x86-64.so.2(__nptl_change_stack_perm+0x180c) [0x69bc]
 > /usr/lib/x86_64-linux-gnu/ld-linux-x86-64.so.2(__nptl_change_stack_perm+0x5815) [0xa9c5]
 > /usr/lib/x86_64-linux-gnu/ld-linux-x86-64.so.2(_dl_debug_state+0x195) [0x3495]
 > /usr/lib/x86_64-linux-gnu/ld-linux-x86-64.so.2(_dl_catch_exception+0x6a) [0x1d34a]
 > /usr/lib/x86_64-linux-gnu/ld-linux-x86-64.so.2(_dl_debug_state+0x97c) [0x3c7c]
 > /usr/lib/x86_64-linux-gnu/ld-linux-x86-64.so.2(_dl_catch_error+0x5fd0) [0x233a0]
 > /usr/lib/x86_64-linux-gnu/ld-linux-x86-64.so.2(_dl_catch_error+0x246c) [0x1f83c]
 > /usr/lib/x86_64-linux-gnu/ld-linux-x86-64.so.2(_dl_catch_error+0x41c8) [0x21598]
 > /usr/lib/x86_64-linux-gnu/ld-linux-x86-64.so.2(_dl_catch_error+0x2ec8) [0x20298]
1716856320.788362 [ 262] [00007ff7aa7388de] newfstatat(3, "", {st_mode=S_IFREG|0644, st_size=613064, ...}, AT_EMPTY_PATH) = 0
 > /usr/lib/x86_64-linux-gnu/ld-linux-x86-64.so.2(_dl_catch_error+0x950e) [0x268de]
 > /usr/lib/x86_64-linux-gnu/ld-linux-x86-64.so.2(__nptl_change_stack_perm+0x3f2a) [0x90da]
 > /usr/lib/x86_64-linux-gnu/ld-linux-x86-64.so.2(__nptl_change_stack_perm+0x5451) [0xa601]
 > /usr/lib/x86_64-linux-gnu/ld-linux-x86-64.so.2(_dl_debug_state+0x195) [0x3495]
 > /usr/lib/x86_64-linux-gnu/ld-linux-x86-64.so.2(_dl_catch_exception+0x6a) [0x1d34a]
 > /usr/lib/x86_64-linux-gnu/ld-linux-x86-64.so.2(_dl_debug_state+0x97c) [0x3c7c]
 > /usr/lib/x86_64-linux-gnu/ld-linux-x86-64.so.2(_dl_catch_error+0x5fd0) [0x233a0]
 > /usr/lib/x86_64-linux-gnu/ld-linux-x86-64.so.2(_dl_catch_error+0x246c) [0x1f83c]
 > /usr/lib/x86_64-linux-gnu/ld-linux-x86-64.so.2(_dl_catch_error+0x41c8) [0x21598]
 > /usr/lib/x86_64-linux-gnu/ld-linux-x86-64.so.2(_dl_catch_error+0x2ec8) [0x20298]
1716856320.788620 [   9] [00007ff7aa738cb7] mmap(NULL, 615184, PROT_READ, MAP_PRIVATE|MAP_DENYWRITE, 3, 0) = 0x7ff7aa418000
 > /usr/lib/x86_64-linux-gnu/ld-linux-x86-64.so.2(_dl_catch_error+0x98e7) [0x26cb7]
 > /usr/lib/x86_64-linux-gnu/ld-linux-x86-64.so.2(__nptl_change_stack_perm+0x3d6c) [0x8f1c]
 > /usr/lib/x86_64-linux-gnu/ld-linux-x86-64.so.2(__nptl_change_stack_perm+0x5451) [0xa601]
 > /usr/lib/x86_64-linux-gnu/ld-linux-x86-64.so.2(_dl_debug_state+0x195) [0x3495]
 > /usr/lib/x86_64-linux-gnu/ld-linux-x86-64.so.2(_dl_catch_exception+0x6a) [0x1d34a]
 > /usr/lib/x86_64-linux-gnu/ld-linux-x86-64.so.2(_dl_debug_state+0x97c) [0x3c7c]
 > /usr/lib/x86_64-linux-gnu/ld-linux-x86-64.so.2(_dl_catch_error+0x5fd0) [0x233a0]
 > /usr/lib/x86_64-linux-gnu/ld-linux-x86-64.so.2(_dl_catch_error+0x246c) [0x1f83c]
 > /usr/lib/x86_64-linux-gnu/ld-linux-x86-64.so.2(_dl_catch_error+0x41c8) [0x21598]
 > /usr/lib/x86_64-linux-gnu/ld-linux-x86-64.so.2(_dl_catch_error+0x2ec8) [0x20298]
1716856320.789033 [   9] [00007ff7aa738cb7] mmap(0x7ff7aa41a000, 438272, PROT_READ|PROT_EXEC, MAP_PRIVATE|MAP_FIXED|MAP_DENYWRITE, 3, 0x2000) = 0x7ff7aa41a000
 > /usr/lib/x86_64-linux-gnu/ld-linux-x86-64.so.2(_dl_catch_error+0x98e7) [0x26cb7]
 > /usr/lib/x86_64-linux-gnu/ld-linux-x86-64.so.2(__nptl_change_stack_perm+0x3ee9) [0x9099]
 > /usr/lib/x86_64-linux-gnu/ld-linux-x86-64.so.2(__nptl_change_stack_perm+0x5451) [0xa601]
 > /usr/lib/x86_64-linux-gnu/ld-linux-x86-64.so.2(_dl_debug_state+0x195) [0x3495]
 > /usr/lib/x86_64-linux-gnu/ld-linux-x86-64.so.2(_dl_catch_exception+0x6a) [0x1d34a]
 > /usr/lib/x86_64-linux-gnu/ld-linux-x86-64.so.2(_dl_debug_state+0x97c) [0x3c7c]
 > /usr/lib/x86_64-linux-gnu/ld-linux-x86-64.so.2(_dl_catch_error+0x5fd0) [0x233a0]
 > /usr/lib/x86_64-linux-gnu/ld-linux-x86-64.so.2(_dl_catch_error+0x246c) [0x1f83c]
 > /usr/lib/x86_64-linux-gnu/ld-linux-x86-64.so.2(_dl_catch_error+0x41c8) [0x21598]
 > /usr/lib/x86_64-linux-gnu/ld-linux-x86-64.so.2(_dl_catch_error+0x2ec8) [0x20298]
1716856320.789475 [   9] [00007ff7aa738cb7] mmap(0x7ff7aa485000, 163840, PROT_READ, MAP_PRIVATE|MAP_FIXED|MAP_DENYWRITE, 3, 0x6d000) = 0x7ff7aa485000
 > /usr/lib/x86_64-linux-gnu/ld-linux-x86-64.so.2(_dl_catch_error+0x98e7) [0x26cb7]
 > /usr/lib/x86_64-linux-gnu/ld-linux-x86-64.so.2(__nptl_change_stack_perm+0x3ee9) [0x9099]
 > /usr/lib/x86_64-linux-gnu/ld-linux-x86-64.so.2(__nptl_change_stack_perm+0x5451) [0xa601]
 > /usr/lib/x86_64-linux-gnu/ld-linux-x86-64.so.2(_dl_debug_state+0x195) [0x3495]
 > /usr/lib/x86_64-linux-gnu/ld-linux-x86-64.so.2(_dl_catch_exception+0x6a) [0x1d34a]
 > /usr/lib/x86_64-linux-gnu/ld-linux-x86-64.so.2(_dl_debug_state+0x97c) [0x3c7c]
 > /usr/lib/x86_64-linux-gnu/ld-linux-x86-64.so.2(_dl_catch_error+0x5fd0) [0x233a0]
 > /usr/lib/x86_64-linux-gnu/ld-linux-x86-64.so.2(_dl_catch_error+0x246c) [0x1f83c]
 > /usr/lib/x86_64-linux-gnu/ld-linux-x86-64.so.2(_dl_catch_error+0x41c8) [0x21598]
 > /usr/lib/x86_64-linux-gnu/ld-linux-x86-64.so.2(_dl_catch_error+0x2ec8) [0x20298]
1716856320.789898 [   9] [00007ff7aa738cb7] mmap(0x7ff7aa4ad000, 8192, PROT_READ|PROT_WRITE, MAP_PRIVATE|MAP_FIXED|MAP_DENYWRITE, 3, 0x94000) = 0x7ff7aa4ad000
 > /usr/lib/x86_64-linux-gnu/ld-linux-x86-64.so.2(_dl_catch_error+0x98e7) [0x26cb7]
 > /usr/lib/x86_64-linux-gnu/ld-linux-x86-64.so.2(__nptl_change_stack_perm+0x3ee9) [0x9099]
 > /usr/lib/x86_64-linux-gnu/ld-linux-x86-64.so.2(__nptl_change_stack_perm+0x5451) [0xa601]
 > /usr/lib/x86_64-linux-gnu/ld-linux-x86-64.so.2(_dl_debug_state+0x195) [0x3495]
 > /usr/lib/x86_64-linux-gnu/ld-linux-x86-64.so.2(_dl_catch_exception+0x6a) [0x1d34a]
 > /usr/lib/x86_64-linux-gnu/ld-linux-x86-64.so.2(_dl_debug_state+0x97c) [0x3c7c]
 > /usr/lib/x86_64-linux-gnu/ld-linux-x86-64.so.2(_dl_catch_error+0x5fd0) [0x233a0]
 > /usr/lib/x86_64-linux-gnu/ld-linux-x86-64.so.2(_dl_catch_error+0x246c) [0x1f83c]
 > /usr/lib/x86_64-linux-gnu/ld-linux-x86-64.so.2(_dl_catch_error+0x41c8) [0x21598]
 > /usr/lib/x86_64-linux-gnu/ld-linux-x86-64.so.2(_dl_catch_error+0x2ec8) [0x20298]
1716856320.790352 [   3] [00007ff7aa7389db] close(3) = 0
 > /usr/lib/x86_64-linux-gnu/ld-linux-x86-64.so.2(_dl_catch_error+0x960b) [0x269db]
 > /usr/lib/x86_64-linux-gnu/ld-linux-x86-64.so.2(__nptl_change_stack_perm+0x481b) [0x99cb]
 > /usr/lib/x86_64-linux-gnu/ld-linux-x86-64.so.2(__nptl_change_stack_perm+0x5451) [0xa601]
 > /usr/lib/x86_64-linux-gnu/ld-linux-x86-64.so.2(_dl_debug_state+0x195) [0x3495]
 > /usr/lib/x86_64-linux-gnu/ld-linux-x86-64.so.2(_dl_catch_exception+0x6a) [0x1d34a]
 > /usr/lib/x86_64-linux-gnu/ld-linux-x86-64.so.2(_dl_debug_state+0x97c) [0x3c7c]
 > /usr/lib/x86_64-linux-gnu/ld-linux-x86-64.so.2(_dl_catch_error+0x5fd0) [0x233a0]
 > /usr/lib/x86_64-linux-gnu/ld-linux-x86-64.so.2(_dl_catch_error+0x246c) [0x1f83c]
 > /usr/lib/x86_64-linux-gnu/ld-linux-x86-64.so.2(_dl_catch_error+0x41c8) [0x21598]
 > /usr/lib/x86_64-linux-gnu/ld-linux-x86-64.so.2(_dl_catch_error+0x2ec8) [0x20298]
1716856320.790621 [   9] [00007ff7aa738cb7] mmap(NULL, 12288, PROT_READ|PROT_WRITE, MAP_PRIVATE|MAP_ANONYMOUS, -1, 0) = 0x7ff7aa415000
 > /usr/lib/x86_64-linux-gnu/ld-linux-x86-64.so.2(_dl_catch_error+0x98e7) [0x26cb7]
 > /usr/lib/x86_64-linux-gnu/ld-linux-x86-64.so.2(_dl_rtld_di_serinfo+0x2511) [0xd471]
 > /usr/lib/x86_64-linux-gnu/ld-linux-x86-64.so.2(_dl_get_tls_static_info+0x41) [0x14431]
 > /usr/lib/x86_64-linux-gnu/ld-linux-x86-64.so.2(_dl_catch_error+0x3a00) [0x20dd0]
 > /usr/lib/x86_64-linux-gnu/ld-linux-x86-64.so.2(_dl_catch_error+0x727c) [0x2464c]
 > /usr/lib/x86_64-linux-gnu/ld-linux-x86-64.so.2(_dl_catch_error+0x246c) [0x1f83c]
 > /usr/lib/x86_64-linux-gnu/ld-linux-x86-64.so.2(_dl_catch_error+0x41c8) [0x21598]
 > /usr/lib/x86_64-linux-gnu/ld-linux-x86-64.so.2(_dl_catch_error+0x2ec8) [0x20298]
1716856320.790966 [ 158] [00007ff7aa732dff] arch_prctl(ARCH_SET_FS, 0x7ff7aa415800) = 0
 > /usr/lib/x86_64-linux-gnu/ld-linux-x86-64.so.2(_dl_catch_error+0x3a2f) [0x20dff]
 > /usr/lib/x86_64-linux-gnu/ld-linux-x86-64.so.2(_dl_catch_error+0x727c) [0x2464c]
 > /usr/lib/x86_64-linux-gnu/ld-linux-x86-64.so.2(_dl_catch_error+0x246c) [0x1f83c]
 > /usr/lib/x86_64-linux-gnu/ld-linux-x86-64.so.2(_dl_catch_error+0x41c8) [0x21598]
 > /usr/lib/x86_64-linux-gnu/ld-linux-x86-64.so.2(_dl_catch_error+0x2ec8) [0x20298]
1716856320.791165 [ 218] [00007ff7aa72713e] set_tid_address(0x7ff7aa415ad0) = 847088
 > /usr/lib/x86_64-linux-gnu/ld-linux-x86-64.so.2(_dl_deallocate_tls+0x6ce) [0x1513e]
 > /usr/lib/x86_64-linux-gnu/ld-linux-x86-64.so.2(_dl_catch_error+0x3a38) [0x20e08]
 > /usr/lib/x86_64-linux-gnu/ld-linux-x86-64.so.2(_dl_catch_error+0x727c) [0x2464c]
 > /usr/lib/x86_64-linux-gnu/ld-linux-x86-64.so.2(_dl_catch_error+0x246c) [0x1f83c]
 > /usr/lib/x86_64-linux-gnu/ld-linux-x86-64.so.2(_dl_catch_error+0x41c8) [0x21598]
 > /usr/lib/x86_64-linux-gnu/ld-linux-x86-64.so.2(_dl_catch_error+0x2ec8) [0x20298]
1716856320.791373 [ 273] [00007ff7aa72719a] set_robust_list(0x7ff7aa415ae0, 24) = 0
 > /usr/lib/x86_64-linux-gnu/ld-linux-x86-64.so.2(_dl_deallocate_tls+0x72a) [0x1519a]
 > /usr/lib/x86_64-linux-gnu/ld-linux-x86-64.so.2(_dl_catch_error+0x3a38) [0x20e08]
 > /usr/lib/x86_64-linux-gnu/ld-linux-x86-64.so.2(_dl_catch_error+0x727c) [0x2464c]
 > /usr/lib/x86_64-linux-gnu/ld-linux-x86-64.so.2(_dl_catch_error+0x246c) [0x1f83c]
 > /usr/lib/x86_64-linux-gnu/ld-linux-x86-64.so.2(_dl_catch_error+0x41c8) [0x21598]
 > /usr/lib/x86_64-linux-gnu/ld-linux-x86-64.so.2(_dl_catch_error+0x2ec8) [0x20298]
1716856320.791564 [ 334] [00007ff7aa7271d1] rseq(0x7ff7aa4161a0, 0x20, 0, 0x53053053) = 0
 > /usr/lib/x86_64-linux-gnu/ld-linux-x86-64.so.2(_dl_deallocate_tls+0x761) [0x151d1]
 > /usr/lib/x86_64-linux-gnu/ld-linux-x86-64.so.2(_dl_catch_error+0x3a38) [0x20e08]
 > /usr/lib/x86_64-linux-gnu/ld-linux-x86-64.so.2(_dl_catch_error+0x727c) [0x2464c]
 > /usr/lib/x86_64-linux-gnu/ld-linux-x86-64.so.2(_dl_catch_error+0x246c) [0x1f83c]
 > /usr/lib/x86_64-linux-gnu/ld-linux-x86-64.so.2(_dl_catch_error+0x41c8) [0x21598]
 > /usr/lib/x86_64-linux-gnu/ld-linux-x86-64.so.2(_dl_catch_error+0x2ec8) [0x20298]
1716856320.791776 [  10] [00007ff7aa738d2b] mprotect(0x7ff7aa6c5000, 16384, PROT_READ) = 0
 > /usr/lib/x86_64-linux-gnu/ld-linux-x86-64.so.2(_dl_catch_error+0x995b) [0x26d2b]
 > /usr/lib/x86_64-linux-gnu/ld-linux-x86-64.so.2(_dl_mcount+0x1639) [0x11de9]
 > /usr/lib/x86_64-linux-gnu/ld-linux-x86-64.so.2(_dl_catch_error+0x6693) [0x23a63]
 > /usr/lib/x86_64-linux-gnu/ld-linux-x86-64.so.2(_dl_catch_error+0x246c) [0x1f83c]
 > /usr/lib/x86_64-linux-gnu/ld-linux-x86-64.so.2(_dl_catch_error+0x41c8) [0x21598]
 > /usr/lib/x86_64-linux-gnu/ld-linux-x86-64.so.2(_dl_catch_error+0x2ec8) [0x20298]
1716856320.792101 [  10] [00007ff7aa738d2b] mprotect(0x7ff7aa4ad000, 4096, PROT_READ) = 0
 > /usr/lib/x86_64-linux-gnu/ld-linux-x86-64.so.2(_dl_catch_error+0x995b) [0x26d2b]
 > /usr/lib/x86_64-linux-gnu/ld-linux-x86-64.so.2(_dl_mcount+0x1639) [0x11de9]
 > /usr/lib/x86_64-linux-gnu/ld-linux-x86-64.so.2(_dl_catch_error+0x6693) [0x23a63]
 > /usr/lib/x86_64-linux-gnu/ld-linux-x86-64.so.2(_dl_catch_error+0x246c) [0x1f83c]
 > /usr/lib/x86_64-linux-gnu/ld-linux-x86-64.so.2(_dl_catch_error+0x41c8) [0x21598]
 > /usr/lib/x86_64-linux-gnu/ld-linux-x86-64.so.2(_dl_catch_error+0x2ec8) [0x20298]
1716856320.792423 [  10] [00007ff7aa738d2b] mprotect(0x7ff7aa700000, 4096, PROT_READ) = 0
 > /usr/lib/x86_64-linux-gnu/ld-linux-x86-64.so.2(_dl_catch_error+0x995b) [0x26d2b]
 > /usr/lib/x86_64-linux-gnu/ld-linux-x86-64.so.2(_dl_mcount+0x1639) [0x11de9]
 > /usr/lib/x86_64-linux-gnu/ld-linux-x86-64.so.2(_dl_catch_error+0x6693) [0x23a63]
 > /usr/lib/x86_64-linux-gnu/ld-linux-x86-64.so.2(_dl_catch_error+0x246c) [0x1f83c]
 > /usr/lib/x86_64-linux-gnu/ld-linux-x86-64.so.2(_dl_catch_error+0x41c8) [0x21598]
 > /usr/lib/x86_64-linux-gnu/ld-linux-x86-64.so.2(_dl_catch_error+0x2ec8) [0x20298]
1716856320.792740 [  10] [00007ff7aa738d2b] mprotect(0x56424e41b000, 8192, PROT_READ) = 0
 > /usr/lib/x86_64-linux-gnu/ld-linux-x86-64.so.2(_dl_catch_error+0x995b) [0x26d2b]
 > /usr/lib/x86_64-linux-gnu/ld-linux-x86-64.so.2(_dl_mcount+0x1639) [0x11de9]
 > /usr/lib/x86_64-linux-gnu/ld-linux-x86-64.so.2(_dl_catch_error+0x6693) [0x23a63]
 > /usr/lib/x86_64-linux-gnu/ld-linux-x86-64.so.2(_dl_catch_error+0x246c) [0x1f83c]
 > /usr/lib/x86_64-linux-gnu/ld-linux-x86-64.so.2(_dl_catch_error+0x41c8) [0x21598]
 > /usr/lib/x86_64-linux-gnu/ld-linux-x86-64.so.2(_dl_catch_error+0x2ec8) [0x20298]
1716856320.793067 [  10] [00007ff7aa738d2b] mprotect(0x7ff7aa74a000, 8192, PROT_READ) = 0
 > /usr/lib/x86_64-linux-gnu/ld-linux-x86-64.so.2(_dl_catch_error+0x995b) [0x26d2b]
 > /usr/lib/x86_64-linux-gnu/ld-linux-x86-64.so.2(_dl_mcount+0x1639) [0x11de9]
 > /usr/lib/x86_64-linux-gnu/ld-linux-x86-64.so.2(_dl_catch_error+0x6e40) [0x24210]
 > /usr/lib/x86_64-linux-gnu/ld-linux-x86-64.so.2(_dl_catch_error+0x246c) [0x1f83c]
 > /usr/lib/x86_64-linux-gnu/ld-linux-x86-64.so.2(_dl_catch_error+0x41c8) [0x21598]
 > /usr/lib/x86_64-linux-gnu/ld-linux-x86-64.so.2(_dl_catch_error+0x2ec8) [0x20298]
1716856320.793378 [ 302] [00007ff7aa5c92e4] prlimit64(0, RLIMIT_STACK, NULL, {rlim_cur=8192*1024, rlim_max=RLIM64_INFINITY}) = 0
 > /usr/lib/x86_64-linux-gnu/libc.so.6(__getrlimit+0x14) [0x11a2e4]
 > /usr/lib/x86_64-linux-gnu/libc.so.6(__libc_early_init+0x3c) [0x175b6c]
 > /usr/lib/x86_64-linux-gnu/ld-linux-x86-64.so.2(_dl_catch_error+0x6e64) [0x24234]
 > /usr/lib/x86_64-linux-gnu/ld-linux-x86-64.so.2(_dl_catch_error+0x246c) [0x1f83c]
 > /usr/lib/x86_64-linux-gnu/ld-linux-x86-64.so.2(_dl_catch_error+0x41c8) [0x21598]
 > /usr/lib/x86_64-linux-gnu/ld-linux-x86-64.so.2(_dl_catch_error+0x2ec8) [0x20298]
1716856320.793690 [  11] [00007ff7aa738cfb] munmap(0x7ff7aa704000, 48263) = 0
 > /usr/lib/x86_64-linux-gnu/ld-linux-x86-64.so.2(_dl_catch_error+0x992b) [0x26cfb]
 > /usr/lib/x86_64-linux-gnu/ld-linux-x86-64.so.2(_dl_deallocate_tls+0x2890) [0x17300]
 > /usr/lib/x86_64-linux-gnu/ld-linux-x86-64.so.2(_dl_catch_error+0x6e8e) [0x2425e]
 > /usr/lib/x86_64-linux-gnu/ld-linux-x86-64.so.2(_dl_catch_error+0x246c) [0x1f83c]
 > /usr/lib/x86_64-linux-gnu/ld-linux-x86-64.so.2(_dl_catch_error+0x41c8) [0x21598]
 > /usr/lib/x86_64-linux-gnu/ld-linux-x86-64.so.2(_dl_catch_error+0x2ec8) [0x20298]
1716856320.794012 [ 137] [00007ff7aa5c310b] statfs("/sys/fs/selinux", 0x7ffd8f701b40) = -1 ENOENT (No such file or directory)
 > /usr/lib/x86_64-linux-gnu/libc.so.6(statfs64+0xb) [0x11410b]
 > /usr/lib/x86_64-linux-gnu/libselinux.so.1() [0x7105]
 > /usr/lib/x86_64-linux-gnu/libselinux.so.1() [0x7203]
 > /usr/lib/x86_64-linux-gnu/ld-linux-x86-64.so.2(__nptl_change_stack_perm+0x12ce) [0x647e]
 > /usr/lib/x86_64-linux-gnu/ld-linux-x86-64.so.2(__nptl_change_stack_perm+0x13b8) [0x6568]
 > /usr/lib/x86_64-linux-gnu/ld-linux-x86-64.so.2(_dl_catch_error+0x2efa) [0x202ca]
1716856320.794407 [ 137] [00007ff7aa5c310b] statfs("/selinux", 0x7ffd8f701b40) = -1 ENOENT (No such file or directory)
 > /usr/lib/x86_64-linux-gnu/libc.so.6(statfs64+0xb) [0x11410b]
 > /usr/lib/x86_64-linux-gnu/libselinux.so.1() [0x7105]
 > /usr/lib/x86_64-linux-gnu/libselinux.so.1() [0x7213]
 > /usr/lib/x86_64-linux-gnu/ld-linux-x86-64.so.2(__nptl_change_stack_perm+0x12ce) [0x647e]
 > /usr/lib/x86_64-linux-gnu/ld-linux-x86-64.so.2(__nptl_change_stack_perm+0x13b8) [0x6568]
 > /usr/lib/x86_64-linux-gnu/ld-linux-x86-64.so.2(_dl_catch_error+0x2efa) [0x202ca]
1716856320.794665 [ 318] [00007ff7aa4f5c87] getrandom("\xe4\xe1\xcd\xbc\x8f\x43\xf2\xe5", 8, GRND_NONBLOCK) = 8
 > /usr/lib/x86_64-linux-gnu/libc.so.6(getrandom+0x17) [0x46c87]
 > /usr/lib/x86_64-linux-gnu/libc.so.6(timer_settime+0xfb6) [0xa19e6]
 > /usr/lib/x86_64-linux-gnu/libc.so.6(malloc+0x235) [0xa52d5]
 > /usr/lib/x86_64-linux-gnu/libc.so.6(fopen+0x1e) [0x7f64e]
 > /usr/lib/x86_64-linux-gnu/libselinux.so.1(selinuxfs_exists+0x3c) [0xdd1c]
 > /usr/lib/x86_64-linux-gnu/libselinux.so.1() [0x721c]
 > /usr/lib/x86_64-linux-gnu/ld-linux-x86-64.so.2(__nptl_change_stack_perm+0x12ce) [0x647e]
 > /usr/lib/x86_64-linux-gnu/ld-linux-x86-64.so.2(__nptl_change_stack_perm+0x13b8) [0x6568]
 > /usr/lib/x86_64-linux-gnu/ld-linux-x86-64.so.2(_dl_catch_error+0x2efa) [0x202ca]
1716856320.795164 [  12] [00007ff7aa5c982b] brk(NULL) = 0x564250168000
 > /usr/lib/x86_64-linux-gnu/libc.so.6(brk+0xb) [0x11a82b]
 > /usr/lib/x86_64-linux-gnu/libc.so.6(sbrk+0x4c) [0x11a8ac]
 > /usr/lib/x86_64-linux-gnu/libc.so.6(__default_morecore+0x16) [0xa25c6]
 > /usr/lib/x86_64-linux-gnu/libc.so.6(__default_morecore+0x1049) [0xa35f9]
 > /usr/lib/x86_64-linux-gnu/libc.so.6(__default_morecore+0x232d) [0xa48dd]
 > /usr/lib/x86_64-linux-gnu/libc.so.6(__default_morecore+0x2419) [0xa49c9]
 > /usr/lib/x86_64-linux-gnu/libc.so.6(malloc+0x13e) [0xa51de]
 > /usr/lib/x86_64-linux-gnu/libc.so.6(fopen+0x1e) [0x7f64e]
 > /usr/lib/x86_64-linux-gnu/libselinux.so.1(selinuxfs_exists+0x3c) [0xdd1c]
 > /usr/lib/x86_64-linux-gnu/libselinux.so.1() [0x721c]
 > /usr/lib/x86_64-linux-gnu/ld-linux-x86-64.so.2(__nptl_change_stack_perm+0x12ce) [0x647e]
 > /usr/lib/x86_64-linux-gnu/ld-linux-x86-64.so.2(__nptl_change_stack_perm+0x13b8) [0x6568]
 > /usr/lib/x86_64-linux-gnu/ld-linux-x86-64.so.2(_dl_catch_error+0x2efa) [0x202ca]
1716856320.795935 [  12] [00007ff7aa5c982b] brk(0x564250189000) = 0x564250189000
 > /usr/lib/x86_64-linux-gnu/libc.so.6(brk+0xb) [0x11a82b]
 > /usr/lib/x86_64-linux-gnu/libc.so.6(sbrk+0x94) [0x11a8f4]
 > /usr/lib/x86_64-linux-gnu/libc.so.6(__default_morecore+0x16) [0xa25c6]
 > /usr/lib/x86_64-linux-gnu/libc.so.6(__default_morecore+0x1049) [0xa35f9]
 > /usr/lib/x86_64-linux-gnu/libc.so.6(__default_morecore+0x232d) [0xa48dd]
 > /usr/lib/x86_64-linux-gnu/libc.so.6(__default_morecore+0x2419) [0xa49c9]
 > /usr/lib/x86_64-linux-gnu/libc.so.6(malloc+0x13e) [0xa51de]
 > /usr/lib/x86_64-linux-gnu/libc.so.6(fopen+0x1e) [0x7f64e]
 > /usr/lib/x86_64-linux-gnu/libselinux.so.1(selinuxfs_exists+0x3c) [0xdd1c]
 > /usr/lib/x86_64-linux-gnu/libselinux.so.1() [0x721c]
 > /usr/lib/x86_64-linux-gnu/ld-linux-x86-64.so.2(__nptl_change_stack_perm+0x12ce) [0x647e]
 > /usr/lib/x86_64-linux-gnu/ld-linux-x86-64.so.2(__nptl_change_stack_perm+0x13b8) [0x6568]
 > /usr/lib/x86_64-linux-gnu/ld-linux-x86-64.so.2(_dl_catch_error+0x2efa) [0x202ca]
1716856320.796711 [ 257] [00007ff7aa5c353b] openat(AT_FDCWD, "/proc/filesystems", O_RDONLY|O_CLOEXEC) = 3
 > /usr/lib/x86_64-linux-gnu/libc.so.6(__open64+0x5b) [0x11453b]
 > /usr/lib/x86_64-linux-gnu/libc.so.6(_IO_file_open+0x26) [0x8c0b6]
 > /usr/lib/x86_64-linux-gnu/libc.so.6(_IO_file_fopen+0x292) [0x8c412]
 > /usr/lib/x86_64-linux-gnu/libc.so.6(fopen+0x7e) [0x7f6ae]
 > /usr/lib/x86_64-linux-gnu/libselinux.so.1(selinuxfs_exists+0x3c) [0xdd1c]
 > /usr/lib/x86_64-linux-gnu/libselinux.so.1() [0x721c]
 > /usr/lib/x86_64-linux-gnu/ld-linux-x86-64.so.2(__nptl_change_stack_perm+0x12ce) [0x647e]
 > /usr/lib/x86_64-linux-gnu/ld-linux-x86-64.so.2(__nptl_change_stack_perm+0x13b8) [0x6568]
 > /usr/lib/x86_64-linux-gnu/ld-linux-x86-64.so.2(_dl_catch_error+0x2efa) [0x202ca]
1716856320.797128 [ 262] [00007ff7aa5c2d3e] newfstatat(3, "", {st_mode=S_IFREG|0444, st_size=0, ...}, AT_EMPTY_PATH) = 0
 > /usr/lib/x86_64-linux-gnu/libc.so.6(fstatat+0xe) [0x113d3e]
 > /usr/lib/x86_64-linux-gnu/libc.so.6(_IO_file_doallocate+0x63) [0x7eb73]
 > /usr/lib/x86_64-linux-gnu/libc.so.6(_IO_doallocbuf+0x50) [0x8dce0]
 > /usr/lib/x86_64-linux-gnu/libc.so.6(_IO_file_underflow+0x22c) [0x8ccdc]
 > /usr/lib/x86_64-linux-gnu/libc.so.6(getdelim+0x258) [0x80308]
 > /usr/lib/x86_64-linux-gnu/libselinux.so.1(selinuxfs_exists+0x72) [0xdd52]
 > /usr/lib/x86_64-linux-gnu/libselinux.so.1() [0x721c]
 > /usr/lib/x86_64-linux-gnu/ld-linux-x86-64.so.2(__nptl_change_stack_perm+0x12ce) [0x647e]
 > /usr/lib/x86_64-linux-gnu/ld-linux-x86-64.so.2(__nptl_change_stack_perm+0x13b8) [0x6568]
 > /usr/lib/x86_64-linux-gnu/ld-linux-x86-64.so.2(_dl_catch_error+0x2efa) [0x202ca]
1716856320.797646 [   0] [00007ff7aa5c37e2] read(3, "nodev\tsysfs\nnodev\ttmpfs\nnodev\tbd"..., 1024) = 478
 > /usr/lib/x86_64-linux-gnu/libc.so.6(read+0x12) [0x1147e2]
 > /usr/lib/x86_64-linux-gnu/libc.so.6(_IO_file_underflow+0x186) [0x8cc36]
 > /usr/lib/x86_64-linux-gnu/libc.so.6(getdelim+0x258) [0x80308]
 > /usr/lib/x86_64-linux-gnu/libselinux.so.1(selinuxfs_exists+0x72) [0xdd52]
 > /usr/lib/x86_64-linux-gnu/libselinux.so.1() [0x721c]
 > /usr/lib/x86_64-linux-gnu/ld-linux-x86-64.so.2(__nptl_change_stack_perm+0x12ce) [0x647e]
 > /usr/lib/x86_64-linux-gnu/ld-linux-x86-64.so.2(__nptl_change_stack_perm+0x13b8) [0x6568]
 > /usr/lib/x86_64-linux-gnu/ld-linux-x86-64.so.2(_dl_catch_error+0x2efa) [0x202ca]
1716856320.797976 [   0] [00007ff7aa5c37e2] read(3, "", 1024) = 0
 > /usr/lib/x86_64-linux-gnu/libc.so.6(read+0x12) [0x1147e2]
 > /usr/lib/x86_64-linux-gnu/libc.so.6(_IO_file_underflow+0x186) [0x8cc36]
 > /usr/lib/x86_64-linux-gnu/libc.so.6(getdelim+0x258) [0x80308]
 > /usr/lib/x86_64-linux-gnu/libselinux.so.1(selinuxfs_exists+0x9b) [0xdd7b]
 > /usr/lib/x86_64-linux-gnu/libselinux.so.1() [0x721c]
 > /usr/lib/x86_64-linux-gnu/ld-linux-x86-64.so.2(__nptl_change_stack_perm+0x12ce) [0x647e]
 > /usr/lib/x86_64-linux-gnu/ld-linux-x86-64.so.2(__nptl_change_stack_perm+0x13b8) [0x6568]
 > /usr/lib/x86_64-linux-gnu/ld-linux-x86-64.so.2(_dl_catch_error+0x2efa) [0x202ca]
1716856320.798252 [   3] [00007ff7aa5c886b] close(3) = 0
 > /usr/lib/x86_64-linux-gnu/libc.so.6(__close_nocancel+0xb) [0x11986b]
 > /usr/lib/x86_64-linux-gnu/libc.so.6(_IO_file_close_it+0x70) [0x8bf00]
 > /usr/lib/x86_64-linux-gnu/libc.so.6(_IO_fclose+0x11f) [0x7ed8f]
 > /usr/lib/x86_64-linux-gnu/libselinux.so.1(selinuxfs_exists+0xd8) [0xddb8]
 > /usr/lib/x86_64-linux-gnu/libselinux.so.1() [0x721c]
 > /usr/lib/x86_64-linux-gnu/ld-linux-x86-64.so.2(__nptl_change_stack_perm+0x12ce) [0x647e]
 > /usr/lib/x86_64-linux-gnu/ld-linux-x86-64.so.2(__nptl_change_stack_perm+0x13b8) [0x6568]
 > /usr/lib/x86_64-linux-gnu/ld-linux-x86-64.so.2(_dl_catch_error+0x2efa) [0x202ca]
1716856320.798640 [  21] [00007ff7aa5c394b] access("/etc/selinux/config", F_OK) = -1 ENOENT (No such file or directory)
 > /usr/lib/x86_64-linux-gnu/libc.so.6(access+0xb) [0x11494b]
 > /usr/lib/x86_64-linux-gnu/libselinux.so.1() [0x71c6]
 > /usr/lib/x86_64-linux-gnu/ld-linux-x86-64.so.2(__nptl_change_stack_perm+0x12ce) [0x647e]
 > /usr/lib/x86_64-linux-gnu/ld-linux-x86-64.so.2(__nptl_change_stack_perm+0x13b8) [0x6568]
 > /usr/lib/x86_64-linux-gnu/ld-linux-x86-64.so.2(_dl_catch_error+0x2efa) [0x202ca]
1716856320.798917 [ 257] [00007ff7aa5c8a1c] openat(AT_FDCWD, "/usr/lib/locale/locale-archive", O_RDONLY|O_CLOEXEC) = 3
 > /usr/lib/x86_64-linux-gnu/libc.so.6(__open64_nocancel+0x4c) [0x119a1c]
 > /usr/lib/x86_64-linux-gnu/libc.so.6(setlocale+0x1cbf) [0x383df]
 > /usr/lib/x86_64-linux-gnu/libc.so.6(setlocale+0x9c0) [0x370e0]
 > /usr/lib/x86_64-linux-gnu/libc.so.6(setlocale+0x137) [0x36857]
 > /usr/bin/ls() [0x4dd1]
 > /usr/lib/x86_64-linux-gnu/libc.so.6(__libc_init_first+0x90) [0x29d90]
 > /usr/lib/x86_64-linux-gnu/libc.so.6(__libc_start_main+0x80) [0x29e40]
 > /usr/bin/ls() [0x6ac5]
1716856320.799441 [ 262] [00007ff7aa5c2d3e] newfstatat(3, "", {st_mode=S_IFREG|0644, st_size=3386656, ...}, AT_EMPTY_PATH) = 0
 > /usr/lib/x86_64-linux-gnu/libc.so.6(fstatat+0xe) [0x113d3e]
 > /usr/lib/x86_64-linux-gnu/libc.so.6(setlocale+0x1e16) [0x38536]
 > /usr/lib/x86_64-linux-gnu/libc.so.6(setlocale+0x9c0) [0x370e0]
 > /usr/lib/x86_64-linux-gnu/libc.so.6(setlocale+0x137) [0x36857]
 > /usr/bin/ls() [0x4dd1]
 > /usr/lib/x86_64-linux-gnu/libc.so.6(__libc_init_first+0x90) [0x29d90]
 > /usr/lib/x86_64-linux-gnu/libc.so.6(__libc_start_main+0x80) [0x29e40]
 > /usr/bin/ls() [0x6ac5]
1716856320.799711 [   9] [00007ff7aa5cda27] mmap(NULL, 3386656, PROT_READ, MAP_PRIVATE, 3, 0) = 0x7ff7aa0da000
 > /usr/lib/x86_64-linux-gnu/libc.so.6(__mmap+0x17) [0x11ea27]
 > /usr/lib/x86_64-linux-gnu/libc.so.6(setlocale+0x1e4e) [0x3856e]
 > /usr/lib/x86_64-linux-gnu/libc.so.6(setlocale+0x9c0) [0x370e0]
 > /usr/lib/x86_64-linux-gnu/libc.so.6(setlocale+0x137) [0x36857]
 > /usr/bin/ls() [0x4dd1]
 > /usr/lib/x86_64-linux-gnu/libc.so.6(__libc_init_first+0x90) [0x29d90]
 > /usr/lib/x86_64-linux-gnu/libc.so.6(__libc_start_main+0x80) [0x29e40]
 > /usr/bin/ls() [0x6ac5]
1716856320.800268 [   3] [00007ff7aa5c886b] close(3) = 0
 > /usr/lib/x86_64-linux-gnu/libc.so.6(__close_nocancel+0xb) [0x11986b]
 > /usr/lib/x86_64-linux-gnu/libc.so.6(setlocale+0x1ea9) [0x385c9]
 > /usr/lib/x86_64-linux-gnu/libc.so.6(setlocale+0x9c0) [0x370e0]
 > /usr/lib/x86_64-linux-gnu/libc.so.6(setlocale+0x137) [0x36857]
 > /usr/bin/ls() [0x4dd1]
 > /usr/lib/x86_64-linux-gnu/libc.so.6(__libc_init_first+0x90) [0x29d90]
 > /usr/lib/x86_64-linux-gnu/libc.so.6(__libc_start_main+0x80) [0x29e40]
 > /usr/bin/ls() [0x6ac5]
1716856320.800601 [  16] [00007ff7aa5c8f4a] ioctl(1, TCGETS, 0x7ffd8f701a70) = -1 ENOTTY (Inappropriate ioctl for device)
 > /usr/lib/x86_64-linux-gnu/libc.so.6(tcgetattr+0x2a) [0x119f4a]
 > /usr/lib/x86_64-linux-gnu/libc.so.6(isatty+0x20) [0x115f50]
 > /usr/bin/ls() [0x4e47]
 > /usr/lib/x86_64-linux-gnu/libc.so.6(__libc_init_first+0x90) [0x29d90]
 > /usr/lib/x86_64-linux-gnu/libc.so.6(__libc_start_main+0x80) [0x29e40]
 > /usr/bin/ls() [0x6ac5]
1716856320.800871 [  16] [00007ff7aa5c994f] ioctl(1, TIOCGWINSZ, 0x7ffd8f701b60) = -1 ENOTTY (Inappropriate ioctl for device)
 > /usr/lib/x86_64-linux-gnu/libc.so.6(ioctl+0x3f) [0x11a94f]
 > /usr/bin/ls() [0x4f61]
 > /usr/lib/x86_64-linux-gnu/libc.so.6(__libc_init_first+0x90) [0x29d90]
 > /usr/lib/x86_64-linux-gnu/libc.so.6(__libc_start_main+0x80) [0x29e40]
 > /usr/bin/ls() [0x6ac5]
1716856320.801107 [ 332] [00007ff7aa5c303e] statx(AT_FDCWD, "/tmp/a", AT_STATX_SYNC_AS_STAT|AT_NO_AUTOMOUNT, STATX_MODE, {stx_mask=STATX_BASIC_STATS|STATX_MNT_ID, stx_attributes=0, stx_mode=S_IFDIR|0755, stx_size=4096, ...}) = 0
 > /usr/lib/x86_64-linux-gnu/libc.so.6(statx+0xe) [0x11403e]
 > /usr/bin/ls() [0x76d1]
 > /usr/bin/ls() [0xf2e9]
 > /usr/bin/ls() [0x52eb]
 > /usr/lib/x86_64-linux-gnu/libc.so.6(__libc_init_first+0x90) [0x29d90]
 > /usr/lib/x86_64-linux-gnu/libc.so.6(__libc_start_main+0x80) [0x29e40]
 > /usr/bin/ls() [0x6ac5]
1716856320.801412 [ 257] [00007ff7aa5c8a1c] openat(AT_FDCWD, "/tmp/a", O_RDONLY|O_NONBLOCK|O_CLOEXEC|O_DIRECTORY) = 3
 > /usr/lib/x86_64-linux-gnu/libc.so.6(__open64_nocancel+0x4c) [0x119a1c]
 > /usr/lib/x86_64-linux-gnu/libc.so.6(opendir+0x35) [0xe62b5]
 > /usr/bin/ls(_obstack_memory_used+0x1558) [0x11ca8]
 > /usr/bin/ls() [0x5340]
 > /usr/lib/x86_64-linux-gnu/libc.so.6(__libc_init_first+0x90) [0x29d90]
 > /usr/lib/x86_64-linux-gnu/libc.so.6(__libc_start_main+0x80) [0x29e40]
 > /usr/bin/ls() [0x6ac5]
1716856320.801739 [ 262] [00007ff7aa5c2d3e] newfstatat(3, "", {st_mode=S_IFDIR|0755, st_size=4096, ...}, AT_EMPTY_PATH) = 0
 > /usr/lib/x86_64-linux-gnu/libc.so.6(fstatat+0xe) [0x113d3e]
 > /usr/lib/x86_64-linux-gnu/libc.so.6(opendir+0x49) [0xe62c9]
 > /usr/bin/ls(_obstack_memory_used+0x1558) [0x11ca8]
 > /usr/bin/ls() [0x5340]
 > /usr/lib/x86_64-linux-gnu/libc.so.6(__libc_init_first+0x90) [0x29d90]
 > /usr/lib/x86_64-linux-gnu/libc.so.6(__libc_start_main+0x80) [0x29e40]
 > /usr/bin/ls() [0x6ac5]
1716856320.802002 [ 217] [00007ff7aa595647] getdents64(3, 0x56425016ea30 /* 2 entries */, 32768) = 48
 > /usr/lib/x86_64-linux-gnu/libc.so.6(getdents64+0x17) [0xe6647]
 > /usr/lib/x86_64-linux-gnu/libc.so.6(readdir64+0x7c) [0xe66fc]
 > /usr/bin/ls(_obstack_memory_used+0x17cf) [0x11f1f]
 > /usr/bin/ls() [0x5340]
 > /usr/lib/x86_64-linux-gnu/libc.so.6(__libc_init_first+0x90) [0x29d90]
 > /usr/lib/x86_64-linux-gnu/libc.so.6(__libc_start_main+0x80) [0x29e40]
 > /usr/bin/ls() [0x6ac5]
1716856320.802276 [ 217] [00007ff7aa595647] getdents64(3, 0x56425016ea30 /* 0 entries */, 32768) = 0
 > /usr/lib/x86_64-linux-gnu/libc.so.6(getdents64+0x17) [0xe6647]
 > /usr/lib/x86_64-linux-gnu/libc.so.6(readdir64+0x7c) [0xe66fc]
 > /usr/bin/ls(_obstack_memory_used+0x17cf) [0x11f1f]
 > /usr/bin/ls() [0x5340]
 > /usr/lib/x86_64-linux-gnu/libc.so.6(__libc_init_first+0x90) [0x29d90]
 > /usr/lib/x86_64-linux-gnu/libc.so.6(__libc_start_main+0x80) [0x29e40]
 > /usr/bin/ls() [0x6ac5]
1716856320.802454 [   3] [00007ff7aa5c886b] close(3) = 0
 > /usr/lib/x86_64-linux-gnu/libc.so.6(__close_nocancel+0xb) [0x11986b]
 > /usr/bin/ls(_obstack_memory_used+0x190b) [0x1205b]
 > /usr/bin/ls() [0x5340]
 > /usr/lib/x86_64-linux-gnu/libc.so.6(__libc_init_first+0x90) [0x29d90]
 > /usr/lib/x86_64-linux-gnu/libc.so.6(__libc_start_main+0x80) [0x29e40]
 > /usr/bin/ls() [0x6ac5]
1716856320.802646 [   3] [00007ff7aa5c886b] close(1) = 0
 > /usr/lib/x86_64-linux-gnu/libc.so.6(__close_nocancel+0xb) [0x11986b]
 > /usr/lib/x86_64-linux-gnu/libc.so.6(_IO_file_close_it+0x70) [0x8bf00]
 > /usr/lib/x86_64-linux-gnu/libc.so.6(_IO_fclose+0x11f) [0x7ed8f]
 > /usr/bin/ls() [0xb9c4]
 > /usr/bin/ls() [0xba95]
 > /usr/lib/x86_64-linux-gnu/libc.so.6(secure_getenv+0x135) [0x45495]
 > /usr/lib/x86_64-linux-gnu/libc.so.6(exit+0x20) [0x45610]
 > /usr/lib/x86_64-linux-gnu/libc.so.6(__libc_init_first+0x97) [0x29d97]
 > /usr/lib/x86_64-linux-gnu/libc.so.6(__libc_start_main+0x80) [0x29e40]
 > /usr/bin/ls() [0x6ac5]
1716856320.803110 [   3] [00007ff7aa5c886b] close(2) = 0
 > /usr/lib/x86_64-linux-gnu/libc.so.6(__close_nocancel+0xb) [0x11986b]
 > /usr/lib/x86_64-linux-gnu/libc.so.6(_IO_file_close_it+0x70) [0x8bf00]
 > /usr/lib/x86_64-linux-gnu/libc.so.6(_IO_fclose+0x11f) [0x7ed8f]
 > /usr/bin/ls() [0xb9c4]
 > /usr/bin/ls() [0xbae7]
 > /usr/lib/x86_64-linux-gnu/libc.so.6(secure_getenv+0x135) [0x45495]
 > /usr/lib/x86_64-linux-gnu/libc.so.6(exit+0x20) [0x45610]
 > /usr/lib/x86_64-linux-gnu/libc.so.6(__libc_init_first+0x97) [0x29d97]
 > /usr/lib/x86_64-linux-gnu/libc.so.6(__libc_start_main+0x80) [0x29e40]
 > /usr/bin/ls() [0x6ac5]
1716856320.803587 [ 231] [00007ff7aa599c31] exit_group(0) = ?
1716856320.803687 [ 231] [????????????????] +++ exited with 0 +++
 > /usr/lib/x86_64-linux-gnu/libc.so.6(_Exit+0x31) [0xeac31]
 > /usr/lib/x86_64-linux-gnu/libc.so.6(secure_getenv+0x1f2) [0x45552]
 > /usr/lib/x86_64-linux-gnu/libc.so.6(exit+0x20) [0x45610]
 > /usr/lib/x86_64-linux-gnu/libc.so.6(__libc_init_first+0x97) [0x29d97]
 > /usr/lib/x86_64-linux-gnu/libc.so.6(__libc_start_main+0x80) [0x29e40]
 > /usr/bin/ls(+0x0) [0x6ac5]
