1716854961.675679 execve("/usr/bin/ls", ["ls"], 0x7ffcb3ae8018 /* 41 vars */) = 0
1716854961.675872 brk(NULL)             = 0x55dc61011000
1716854961.675944 arch_prctl(0x3001 /* ARCH_??? */, 0x7ffc5e46a7c0) = -1 EINVAL (Invalid argument)
1716854961.676048 mmap(NULL, 8192, PROT_READ|PROT_WRITE, MAP_PRIVATE|MAP_ANONYMOUS, -1, 0) = 0x7f8a69461000
1716854961.676098 access("/etc/ld.so.preload", R_OK) = -1 ENOENT (No such file or directory)
1716854961.676144 openat(AT_FDCWD, "/etc/ld.so.cache", O_RDONLY|O_CLOEXEC) = 3
1716854961.676201 newfstatat(3, "", {st_mode=S_IFREG|0644, st_size=48263, ...}, AT_EMPTY_PATH) = 0
1716854961.676256 mmap(NULL, 48263, PROT_READ, MAP_PRIVATE, 3, 0) = 0x7f8a69455000
1716854961.676344 close(3)              = 0
1716854961.676408 openat(AT_FDCWD, "/lib/x86_64-linux-gnu/libselinux.so.1", O_RDONLY|O_CLOEXEC) = 3
1716854961.676461 read(3, "\177ELF\2\1\1\0\0\0\0\0\0\0\0\0\3\0>\0\1\0\0\0\0\0\0\0\0\0\0\0"..., 832) = 832
1716854961.676507 newfstatat(3, "", {st_mode=S_IFREG|0644, st_size=166280, ...}, AT_EMPTY_PATH) = 0
1716854961.676549 mmap(NULL, 177672, PROT_READ, MAP_PRIVATE|MAP_DENYWRITE, 3, 0) = 0x7f8a69429000
1716854961.676589 mprotect(0x7f8a6942f000, 139264, PROT_NONE) = 0
1716854961.676629 mmap(0x7f8a6942f000, 106496, PROT_READ|PROT_EXEC, MAP_PRIVATE|MAP_FIXED|MAP_DENYWRITE, 3, 0x6000) = 0x7f8a6942f000
1716854961.676671 mmap(0x7f8a69449000, 28672, PROT_READ, MAP_PRIVATE|MAP_FIXED|MAP_DENYWRITE, 3, 0x20000) = 0x7f8a69449000
1716854961.676709 mmap(0x7f8a69451000, 8192, PROT_READ|PROT_WRITE, MAP_PRIVATE|MAP_FIXED|MAP_DENYWRITE, 3, 0x27000) = 0x7f8a69451000
1716854961.676750 mmap(0x7f8a69453000, 5640, PROT_READ|PROT_WRITE, MAP_PRIVATE|MAP_FIXED|MAP_ANONYMOUS, -1, 0) = 0x7f8a69453000
1716854961.676791 close(3)              = 0
1716854961.676829 openat(AT_FDCWD, "/lib/x86_64-linux-gnu/libc.so.6", O_RDONLY|O_CLOEXEC) = 3
1716854961.676869 read(3, "\177ELF\2\1\1\3\0\0\0\0\0\0\0\0\3\0>\0\1\0\0\0P\237\2\0\0\0\0\0"..., 832) = 832
1716854961.676907 pread64(3, "\6\0\0\0\4\0\0\0@\0\0\0\0\0\0\0@\0\0\0\0\0\0\0@\0\0\0\0\0\0\0"..., 784, 64) = 784
1716854961.676945 pread64(3, "\4\0\0\0 \0\0\0\5\0\0\0GNU\0\2\0\0\300\4\0\0\0\3\0\0\0\0\0\0\0"..., 48, 848) = 48
1716854961.676987 pread64(3, "\4\0\0\0\24\0\0\0\3\0\0\0GNU\0\226 \25\252\235\23<l\274\3731\3540\5\226\327"..., 68, 896) = 68
1716854961.677043 newfstatat(3, "", {st_mode=S_IFREG|0755, st_size=2220400, ...}, AT_EMPTY_PATH) = 0
1716854961.677108 pread64(3, "\6\0\0\0\4\0\0\0@\0\0\0\0\0\0\0@\0\0\0\0\0\0\0@\0\0\0\0\0\0\0"..., 784, 64) = 784
1716854961.677148 mmap(NULL, 2264656, PROT_READ, MAP_PRIVATE|MAP_DENYWRITE, 3, 0) = 0x7f8a69200000
1716854961.677187 mprotect(0x7f8a69228000, 2023424, PROT_NONE) = 0
1716854961.677226 mmap(0x7f8a69228000, 1658880, PROT_READ|PROT_EXEC, MAP_PRIVATE|MAP_FIXED|MAP_DENYWRITE, 3, 0x28000) = 0x7f8a69228000
1716854961.677264 mmap(0x7f8a693bd000, 360448, PROT_READ, MAP_PRIVATE|MAP_FIXED|MAP_DENYWRITE, 3, 0x1bd000) = 0x7f8a693bd000
1716854961.677302 mmap(0x7f8a69416000, 24576, PROT_READ|PROT_WRITE, MAP_PRIVATE|MAP_FIXED|MAP_DENYWRITE, 3, 0x215000) = 0x7f8a69416000
1716854961.677342 mmap(0x7f8a6941c000, 52816, PROT_READ|PROT_WRITE, MAP_PRIVATE|MAP_FIXED|MAP_ANONYMOUS, -1, 0) = 0x7f8a6941c000
1716854961.677383 close(3)              = 0
1716854961.677423 openat(AT_FDCWD, "/lib/x86_64-linux-gnu/libpcre2-8.so.0", O_RDONLY|O_CLOEXEC) = 3
1716854961.677463 read(3, "\177ELF\2\1\1\0\0\0\0\0\0\0\0\0\3\0>\0\1\0\0\0\0\0\0\0\0\0\0\0"..., 832) = 832
1716854961.677501 newfstatat(3, "", {st_mode=S_IFREG|0644, st_size=613064, ...}, AT_EMPTY_PATH) = 0
1716854961.677541 mmap(NULL, 615184, PROT_READ, MAP_PRIVATE|MAP_DENYWRITE, 3, 0) = 0x7f8a69169000
1716854961.677578 mmap(0x7f8a6916b000, 438272, PROT_READ|PROT_EXEC, MAP_PRIVATE|MAP_FIXED|MAP_DENYWRITE, 3, 0x2000) = 0x7f8a6916b000
1716854961.677616 mmap(0x7f8a691d6000, 163840, PROT_READ, MAP_PRIVATE|MAP_FIXED|MAP_DENYWRITE, 3, 0x6d000) = 0x7f8a691d6000
1716854961.677656 mmap(0x7f8a691fe000, 8192, PROT_READ|PROT_WRITE, MAP_PRIVATE|MAP_FIXED|MAP_DENYWRITE, 3, 0x94000) = 0x7f8a691fe000
1716854961.677698 close(3)              = 0
1716854961.677742 mmap(NULL, 12288, PROT_READ|PROT_WRITE, MAP_PRIVATE|MAP_ANONYMOUS, -1, 0) = 0x7f8a69166000
1716854961.677792 arch_prctl(ARCH_SET_FS, 0x7f8a69166800) = 0
1716854961.677835 set_tid_address(0x7f8a69166ad0) = 816971
1716854961.677871 set_robust_list(0x7f8a69166ae0, 24) = 0
1716854961.677908 rseq(0x7f8a691671a0, 0x20, 0, 0x53053053) = 0
1716854961.677965 mprotect(0x7f8a69416000, 16384, PROT_READ) = 0
1716854961.678024 mprotect(0x7f8a691fe000, 4096, PROT_READ) = 0
1716854961.678076 mprotect(0x7f8a69451000, 4096, PROT_READ) = 0
1716854961.678138 mprotect(0x55dc5f780000, 8192, PROT_READ) = 0
1716854961.678190 mprotect(0x7f8a6949b000, 8192, PROT_READ) = 0
1716854961.678233 prlimit64(0, RLIMIT_STACK, NULL, {rlim_cur=8192*1024, rlim_max=RLIM64_INFINITY}) = 0
1716854961.678276 munmap(0x7f8a69455000, 48263) = 0
1716854961.678322 statfs("/sys/fs/selinux", 0x7ffc5e46a800) = -1 ENOENT (No such file or directory)
1716854961.678372 statfs("/selinux", 0x7ffc5e46a800) = -1 ENOENT (No such file or directory)
1716854961.678418 getrandom("\xc6\xb4\x99\x0f\x00\x2e\x4f\x0d", 8, GRND_NONBLOCK) = 8
1716854961.678457 brk(NULL)             = 0x55dc61011000
1716854961.678494 brk(0x55dc61032000)   = 0x55dc61032000
1716854961.678535 openat(AT_FDCWD, "/proc/filesystems", O_RDONLY|O_CLOEXEC) = 3
1716854961.678576 newfstatat(3, "", {st_mode=S_IFREG|0444, st_size=0, ...}, AT_EMPTY_PATH) = 0
1716854961.678616 read(3, "nodev\tsysfs\nnodev\ttmpfs\nnodev\tbd"..., 1024) = 478
1716854961.678660 read(3, "", 1024)     = 0
1716854961.678697 close(3)              = 0
1716854961.678734 access("/etc/selinux/config", F_OK) = -1 ENOENT (No such file or directory)
1716854961.678781 openat(AT_FDCWD, "/usr/lib/locale/locale-archive", O_RDONLY|O_CLOEXEC) = 3
1716854961.678821 newfstatat(3, "", {st_mode=S_IFREG|0644, st_size=3386656, ...}, AT_EMPTY_PATH) = 0
1716854961.678860 mmap(NULL, 3386656, PROT_READ, MAP_PRIVATE, 3, 0) = 0x7f8a68e2b000
1716854961.678900 close(3)              = 0
1716854961.678948 ioctl(1, TCGETS, 0x7ffc5e46a730) = -1 ENOTTY (Inappropriate ioctl for device)
1716854961.679017 ioctl(1, TIOCGWINSZ, 0x7ffc5e46a820) = -1 ENOTTY (Inappropriate ioctl for device)
1716854961.679077 openat(AT_FDCWD, ".", O_RDONLY|O_NONBLOCK|O_CLOEXEC|O_DIRECTORY) = 3
1716854961.679127 newfstatat(3, "", {st_mode=S_IFDIR|0755, st_size=4096, ...}, AT_EMPTY_PATH) = 0
1716854961.679173 getdents64(3, 0x55dc610179f0 /* 2 entries */, 32768) = 48
1716854961.679218 getdents64(3, 0x55dc610179f0 /* 0 entries */, 32768) = 0
1716854961.679257 close(3)              = 0
1716854961.679294 close(1)              = 0
1716854961.679331 close(2)              = 0
1716854961.679375 exit_group(0)         = ?
1716854961.679448 +++ exited with 0 +++
