1716854996.923 execve("/usr/bin/ls", ["ls"], 0x7ffcb7aa6108 /* 41 vars */) = 0
1716854996.924 brk(NULL)                = 0x55c87cbff000
1716854996.924 arch_prctl(0x3001 /* ARCH_??? */, 0x7ffd19b1eab0) = -1 EINVAL (Invalid argument)
1716854996.924 mmap(NULL, 8192, PROT_READ|PROT_WRITE, MAP_PRIVATE|MAP_ANONYMOUS, -1, 0) = 0x7ff5088ca000
1716854996.924 access("/etc/ld.so.preload", R_OK) = -1 ENOENT (No such file or directory)
1716854996.924 openat(AT_FDCWD, "/etc/ld.so.cache", O_RDONLY|O_CLOEXEC) = 3
1716854996.924 newfstatat(3, "", {st_mode=S_IFREG|0644, st_size=48263, ...}, AT_EMPTY_PATH) = 0
1716854996.924 mmap(NULL, 48263, PROT_READ, MAP_PRIVATE, 3, 0) = 0x7ff5088be000
1716854996.924 close(3)                 = 0
1716854996.924 openat(AT_FDCWD, "/lib/x86_64-linux-gnu/libselinux.so.1", O_RDONLY|O_CLOEXEC) = 3
1716854996.924 read(3, "\177ELF\2\1\1\0\0\0\0\0\0\0\0\0\3\0>\0\1\0\0\0\0\0\0\0\0\0\0\0"..., 832) = 832
1716854996.924 newfstatat(3, "", {st_mode=S_IFREG|0644, st_size=166280, ...}, AT_EMPTY_PATH) = 0
1716854996.924 mmap(NULL, 177672, PROT_READ, MAP_PRIVATE|MAP_DENYWRITE, 3, 0) = 0x7ff508892000
1716854996.924 mprotect(0x7ff508898000, 139264, PROT_NONE) = 0
1716854996.924 mmap(0x7ff508898000, 106496, PROT_READ|PROT_EXEC, MAP_PRIVATE|MAP_FIXED|MAP_DENYWRITE, 3, 0x6000) = 0x7ff508898000
1716854996.924 mmap(0x7ff5088b2000, 28672, PROT_READ, MAP_PRIVATE|MAP_FIXED|MAP_DENYWRITE, 3, 0x20000) = 0x7ff5088b2000
1716854996.924 mmap(0x7ff5088ba000, 8192, PROT_READ|PROT_WRITE, MAP_PRIVATE|MAP_FIXED|MAP_DENYWRITE, 3, 0x27000) = 0x7ff5088ba000
1716854996.924 mmap(0x7ff5088bc000, 5640, PROT_READ|PROT_WRITE, MAP_PRIVATE|MAP_FIXED|MAP_ANONYMOUS, -1, 0) = 0x7ff5088bc000
1716854996.924 close(3)                 = 0
1716854996.925 openat(AT_FDCWD, "/lib/x86_64-linux-gnu/libc.so.6", O_RDONLY|O_CLOEXEC) = 3
1716854996.925 read(3, "\177ELF\2\1\1\3\0\0\0\0\0\0\0\0\3\0>\0\1\0\0\0P\237\2\0\0\0\0\0"..., 832) = 832
1716854996.925 pread64(3, "\6\0\0\0\4\0\0\0@\0\0\0\0\0\0\0@\0\0\0\0\0\0\0@\0\0\0\0\0\0\0"..., 784, 64) = 784
1716854996.925 pread64(3, "\4\0\0\0 \0\0\0\5\0\0\0GNU\0\2\0\0\300\4\0\0\0\3\0\0\0\0\0\0\0"..., 48, 848) = 48
1716854996.925 pread64(3, "\4\0\0\0\24\0\0\0\3\0\0\0GNU\0\226 \25\252\235\23<l\274\3731\3540\5\226\327"..., 68, 896) = 68
1716854996.925 newfstatat(3, "", {st_mode=S_IFREG|0755, st_size=2220400, ...}, AT_EMPTY_PATH) = 0
1716854996.925 pread64(3, "\6\0\0\0\4\0\0\0@\0\0\0\0\0\0\0@\0\0\0\0\0\0\0@\0\0\0\0\0\0\0"..., 784, 64) = 784
1716854996.925 mmap(NULL, 2264656, PROT_READ, MAP_PRIVATE|MAP_DENYWRITE, 3, 0) = 0x7ff508669000
1716854996.925 mprotect(0x7ff508691000, 2023424, PROT_NONE) = 0
1716854996.925 mmap(0x7ff508691000, 1658880, PROT_READ|PROT_EXEC, MAP_PRIVATE|MAP_FIXED|MAP_DENYWRITE, 3, 0x28000) = 0x7ff508691000
1716854996.925 mmap(0x7ff508826000, 360448, PROT_READ, MAP_PRIVATE|MAP_FIXED|MAP_DENYWRITE, 3, 0x1bd000) = 0x7ff508826000
1716854996.925 mmap(0x7ff50887f000, 24576, PROT_READ|PROT_WRITE, MAP_PRIVATE|MAP_FIXED|MAP_DENYWRITE, 3, 0x215000) = 0x7ff50887f000
1716854996.925 mmap(0x7ff508885000, 52816, PROT_READ|PROT_WRITE, MAP_PRIVATE|MAP_FIXED|MAP_ANONYMOUS, -1, 0) = 0x7ff508885000
1716854996.925 close(3)                 = 0
1716854996.925 openat(AT_FDCWD, "/lib/x86_64-linux-gnu/libpcre2-8.so.0", O_RDONLY|O_CLOEXEC) = 3
1716854996.925 read(3, "\177ELF\2\1\1\0\0\0\0\0\0\0\0\0\3\0>\0\1\0\0\0\0\0\0\0\0\0\0\0"..., 832) = 832
1716854996.925 newfstatat(3, "", {st_mode=S_IFREG|0644, st_size=613064, ...}, AT_EMPTY_PATH) = 0
1716854996.925 mmap(NULL, 615184, PROT_READ, MAP_PRIVATE|MAP_DENYWRITE, 3, 0) = 0x7ff5085d2000
1716854996.925 mmap(0x7ff5085d4000, 438272, PROT_READ|PROT_EXEC, MAP_PRIVATE|MAP_FIXED|MAP_DENYWRITE, 3, 0x2000) = 0x7ff5085d4000
1716854996.925 mmap(0x7ff50863f000, 163840, PROT_READ, MAP_PRIVATE|MAP_FIXED|MAP_DENYWRITE, 3, 0x6d000) = 0x7ff50863f000
1716854996.925 mmap(0x7ff508667000, 8192, PROT_READ|PROT_WRITE, MAP_PRIVATE|MAP_FIXED|MAP_DENYWRITE, 3, 0x94000) = 0x7ff508667000
1716854996.925 close(3)                 = 0
1716854996.925 mmap(NULL, 12288, PROT_READ|PROT_WRITE, MAP_PRIVATE|MAP_ANONYMOUS, -1, 0) = 0x7ff5085cf000
1716854996.925 arch_prctl(ARCH_SET_FS, 0x7ff5085cf800) = 0
1716854996.926 set_tid_address(0x7ff5085cfad0) = 817223
1716854996.926 set_robust_list(0x7ff5085cfae0, 24) = 0
1716854996.926 rseq(0x7ff5085d01a0, 0x20, 0, 0x53053053) = 0
1716854996.926 mprotect(0x7ff50887f000, 16384, PROT_READ) = 0
1716854996.926 mprotect(0x7ff508667000, 4096, PROT_READ) = 0
1716854996.926 mprotect(0x7ff5088ba000, 4096, PROT_READ) = 0
1716854996.926 mprotect(0x55c87cb7e000, 8192, PROT_READ) = 0
1716854996.926 mprotect(0x7ff508904000, 8192, PROT_READ) = 0
1716854996.926 prlimit64(0, RLIMIT_STACK, NULL, {rlim_cur=8192*1024, rlim_max=RLIM64_INFINITY}) = 0
1716854996.926 munmap(0x7ff5088be000, 48263) = 0
1716854996.926 statfs("/sys/fs/selinux", 0x7ffd19b1eaf0) = -1 ENOENT (No such file or directory)
1716854996.926 statfs("/selinux", 0x7ffd19b1eaf0) = -1 ENOENT (No such file or directory)
1716854996.926 getrandom("\xc9\x00\xf9\xc1\xb8\xb3\x92\x55", 8, GRND_NONBLOCK) = 8
1716854996.926 brk(NULL)                = 0x55c87cbff000
1716854996.926 brk(0x55c87cc20000)      = 0x55c87cc20000
1716854996.926 openat(AT_FDCWD, "/proc/filesystems", O_RDONLY|O_CLOEXEC) = 3
1716854996.926 newfstatat(3, "", {st_mode=S_IFREG|0444, st_size=0, ...}, AT_EMPTY_PATH) = 0
1716854996.926 read(3, "nodev\tsysfs\nnodev\ttmpfs\nnodev\tbd"..., 1024) = 478
1716854996.926 read(3, "", 1024)        = 0
1716854996.926 close(3)                 = 0
1716854996.926 access("/etc/selinux/config", F_OK) = -1 ENOENT (No such file or directory)
1716854996.926 openat(AT_FDCWD, "/usr/lib/locale/locale-archive", O_RDONLY|O_CLOEXEC) = 3
1716854996.926 newfstatat(3, "", {st_mode=S_IFREG|0644, st_size=3386656, ...}, AT_EMPTY_PATH) = 0
1716854996.927 mmap(NULL, 3386656, PROT_READ, MAP_PRIVATE, 3, 0) = 0x7ff508294000
1716854996.927 close(3)                 = 0
1716854996.927 ioctl(1, TCGETS, 0x7ffd19b1ea20) = -1 ENOTTY (Inappropriate ioctl for device)
1716854996.927 ioctl(1, TIOCGWINSZ, 0x7ffd19b1eb10) = -1 ENOTTY (Inappropriate ioctl for device)
1716854996.927 openat(AT_FDCWD, ".", O_RDONLY|O_NONBLOCK|O_CLOEXEC|O_DIRECTORY) = 3
1716854996.927 newfstatat(3, "", {st_mode=S_IFDIR|0755, st_size=4096, ...}, AT_EMPTY_PATH) = 0
1716854996.927 getdents64(3, 0x55c87cc059f0 /* 2 entries */, 32768) = 48
1716854996.927 getdents64(3, 0x55c87cc059f0 /* 0 entries */, 32768) = 0
1716854996.927 close(3)                 = 0
1716854996.927 close(1)                 = 0
1716854996.927 close(2)                 = 0
1716854996.927 exit_group(0)            = ?
1716854996.927 +++ exited with 0 +++
