1716855005.787184 execve("/usr/bin/ls", ["ls"], 0x7ffd2a846828 /* 41 vars */) = 0
1716855005.787384 brk(NULL)             = 0x5584270db000
1716855005.787459 arch_prctl(0x3001 /* ARCH_??? */, 0x7ffcbfc17bc0) = -1 EINVAL (Invalid argument)
1716855005.787571 mmap(NULL, 8192, PROT_READ|PROT_WRITE, MAP_PRIVATE|MAP_ANONYMOUS, -1, 0) = 0x7f67ac2b3000
1716855005.787632 access("/etc/ld.so.preload", R_OK) = -1 ENOENT (No such file or directory)
1716855005.787704 openat(AT_FDCWD, "/etc/ld.so.cache", O_RDONLY|O_CLOEXEC) = 3
1716855005.787750 newfstatat(3, "", {st_mode=S_IFREG|0644, st_size=48263, ...}, AT_EMPTY_PATH) = 0
1716855005.787797 mmap(NULL, 48263, PROT_READ, MAP_PRIVATE, 3, 0) = 0x7f67ac2a7000
1716855005.787841 close(3)              = 0
1716855005.787882 openat(AT_FDCWD, "/lib/x86_64-linux-gnu/libselinux.so.1", O_RDONLY|O_CLOEXEC) = 3
1716855005.787921 read(3, "\177ELF\2\1\1\0\0\0\0\0\0\0\0\0\3\0>\0\1\0\0\0\0\0\0\0\0\0\0\0"..., 832) = 832
1716855005.787961 newfstatat(3, "", {st_mode=S_IFREG|0644, st_size=166280, ...}, AT_EMPTY_PATH) = 0
1716855005.788002 mmap(NULL, 177672, PROT_READ, MAP_PRIVATE|MAP_DENYWRITE, 3, 0) = 0x7f67ac27b000
1716855005.788041 mprotect(0x7f67ac281000, 139264, PROT_NONE) = 0
1716855005.788081 mmap(0x7f67ac281000, 106496, PROT_READ|PROT_EXEC, MAP_PRIVATE|MAP_FIXED|MAP_DENYWRITE, 3, 0x6000) = 0x7f67ac281000
1716855005.788168 mmap(0x7f67ac29b000, 28672, PROT_READ, MAP_PRIVATE|MAP_FIXED|MAP_DENYWRITE, 3, 0x20000) = 0x7f67ac29b000
1716855005.788217 mmap(0x7f67ac2a3000, 8192, PROT_READ|PROT_WRITE, MAP_PRIVATE|MAP_FIXED|MAP_DENYWRITE, 3, 0x27000) = 0x7f67ac2a3000
1716855005.788260 mmap(0x7f67ac2a5000, 5640, PROT_READ|PROT_WRITE, MAP_PRIVATE|MAP_FIXED|MAP_ANONYMOUS, -1, 0) = 0x7f67ac2a5000
1716855005.788303 close(3)              = 0
1716855005.788343 openat(AT_FDCWD, "/lib/x86_64-linux-gnu/libc.so.6", O_RDONLY|O_CLOEXEC) = 3
1716855005.788386 read(3, "\177ELF\2\1\1\3\0\0\0\0\0\0\0\0\3\0>\0\1\0\0\0P\237\2\0\0\0\0\0"..., 832) = 832
1716855005.788427 pread64(3, "\6\0\0\0\4\0\0\0@\0\0\0\0\0\0\0@\0\0\0\0\0\0\0@\0\0\0\0\0\0\0"..., 784, 64) = 784
1716855005.788467 pread64(3, "\4\0\0\0 \0\0\0\5\0\0\0GNU\0\2\0\0\300\4\0\0\0\3\0\0\0\0\0\0\0"..., 48, 848) = 48
1716855005.788507 pread64(3, "\4\0\0\0\24\0\0\0\3\0\0\0GNU\0\226 \25\252\235\23<l\274\3731\3540\5\226\327"..., 68, 896) = 68
1716855005.788547 newfstatat(3, "", {st_mode=S_IFREG|0755, st_size=2220400, ...}, AT_EMPTY_PATH) = 0
1716855005.788589 pread64(3, "\6\0\0\0\4\0\0\0@\0\0\0\0\0\0\0@\0\0\0\0\0\0\0@\0\0\0\0\0\0\0"..., 784, 64) = 784
1716855005.788629 mmap(NULL, 2264656, PROT_READ, MAP_PRIVATE|MAP_DENYWRITE, 3, 0) = 0x7f67ac052000
1716855005.788725 mprotect(0x7f67ac07a000, 2023424, PROT_NONE) = 0
1716855005.788774 mmap(0x7f67ac07a000, 1658880, PROT_READ|PROT_EXEC, MAP_PRIVATE|MAP_FIXED|MAP_DENYWRITE, 3, 0x28000) = 0x7f67ac07a000
1716855005.788819 mmap(0x7f67ac20f000, 360448, PROT_READ, MAP_PRIVATE|MAP_FIXED|MAP_DENYWRITE, 3, 0x1bd000) = 0x7f67ac20f000
1716855005.788859 mmap(0x7f67ac268000, 24576, PROT_READ|PROT_WRITE, MAP_PRIVATE|MAP_FIXED|MAP_DENYWRITE, 3, 0x215000) = 0x7f67ac268000
1716855005.788902 mmap(0x7f67ac26e000, 52816, PROT_READ|PROT_WRITE, MAP_PRIVATE|MAP_FIXED|MAP_ANONYMOUS, -1, 0) = 0x7f67ac26e000
1716855005.788946 close(3)              = 0
1716855005.788988 openat(AT_FDCWD, "/lib/x86_64-linux-gnu/libpcre2-8.so.0", O_RDONLY|O_CLOEXEC) = 3
1716855005.789031 read(3, "\177ELF\2\1\1\0\0\0\0\0\0\0\0\0\3\0>\0\1\0\0\0\0\0\0\0\0\0\0\0"..., 832) = 832
1716855005.789071 newfstatat(3, "", {st_mode=S_IFREG|0644, st_size=613064, ...}, AT_EMPTY_PATH) = 0
1716855005.789115 mmap(NULL, 615184, PROT_READ, MAP_PRIVATE|MAP_DENYWRITE, 3, 0) = 0x7f67abfbb000
1716855005.789155 mmap(0x7f67abfbd000, 438272, PROT_READ|PROT_EXEC, MAP_PRIVATE|MAP_FIXED|MAP_DENYWRITE, 3, 0x2000) = 0x7f67abfbd000
1716855005.789196 mmap(0x7f67ac028000, 163840, PROT_READ, MAP_PRIVATE|MAP_FIXED|MAP_DENYWRITE, 3, 0x6d000) = 0x7f67ac028000
1716855005.789238 mmap(0x7f67ac050000, 8192, PROT_READ|PROT_WRITE, MAP_PRIVATE|MAP_FIXED|MAP_DENYWRITE, 3, 0x94000) = 0x7f67ac050000
1716855005.789283 close(3)              = 0
1716855005.789330 mmap(NULL, 12288, PROT_READ|PROT_WRITE, MAP_PRIVATE|MAP_ANONYMOUS, -1, 0) = 0x7f67abfb8000
1716855005.789372 arch_prctl(ARCH_SET_FS, 0x7f67abfb8800) = 0
1716855005.789412 set_tid_address(0x7f67abfb8ad0) = 817296
1716855005.789451 set_robust_list(0x7f67abfb8ae0, 24) = 0
1716855005.789490 rseq(0x7f67abfb91a0, 0x20, 0, 0x53053053) = 0
1716855005.789548 mprotect(0x7f67ac268000, 16384, PROT_READ) = 0
1716855005.789610 mprotect(0x7f67ac050000, 4096, PROT_READ) = 0
1716855005.789667 mprotect(0x7f67ac2a3000, 4096, PROT_READ) = 0
1716855005.789734 mprotect(0x558425b95000, 8192, PROT_READ) = 0
1716855005.789792 mprotect(0x7f67ac2ed000, 8192, PROT_READ) = 0
1716855005.789835 prlimit64(0, RLIMIT_STACK, NULL, {rlim_cur=8192*1024, rlim_max=RLIM64_INFINITY}) = 0
1716855005.789881 munmap(0x7f67ac2a7000, 48263) = 0
1716855005.789929 statfs("/sys/fs/selinux", 0x7ffcbfc17c00) = -1 ENOENT (No such file or directory)
1716855005.789973 statfs("/selinux", 0x7ffcbfc17c00) = -1 ENOENT (No such file or directory)
1716855005.790014 getrandom("\xd7\x35\x0f\xd0\x4b\x64\x0e\xf2", 8, GRND_NONBLOCK) = 8
1716855005.790054 brk(NULL)             = 0x5584270db000
1716855005.790092 brk(0x5584270fc000)   = 0x5584270fc000
1716855005.790134 openat(AT_FDCWD, "/proc/filesystems", O_RDONLY|O_CLOEXEC) = 3
1716855005.790175 newfstatat(3, "", {st_mode=S_IFREG|0444, st_size=0, ...}, AT_EMPTY_PATH) = 0
1716855005.790217 read(3, "nodev\tsysfs\nnodev\ttmpfs\nnodev\tbd"..., 1024) = 478
1716855005.790273 read(3, "", 1024)     = 0
1716855005.790312 close(3)              = 0
1716855005.790353 access("/etc/selinux/config", F_OK) = -1 ENOENT (No such file or directory)
1716855005.790400 openat(AT_FDCWD, "/usr/lib/locale/locale-archive", O_RDONLY|O_CLOEXEC) = 3
1716855005.790444 newfstatat(3, "", {st_mode=S_IFREG|0644, st_size=3386656, ...}, AT_EMPTY_PATH) = 0
1716855005.790484 mmap(NULL, 3386656, PROT_READ, MAP_PRIVATE, 3, 0) = 0x7f67abc7d000
1716855005.790526 close(3)              = 0
1716855005.790576 ioctl(1, TCGETS, 0x7ffcbfc17b30) = -1 ENOTTY (Inappropriate ioctl for device)
1716855005.790623 ioctl(1, TIOCGWINSZ, 0x7ffcbfc17c20) = -1 ENOTTY (Inappropriate ioctl for device)
1716855005.790666 openat(AT_FDCWD, ".", O_RDONLY|O_NONBLOCK|O_CLOEXEC|O_DIRECTORY) = 3
1716855005.790707 newfstatat(3, "", {st_mode=S_IFDIR|0755, st_size=4096, ...}, AT_EMPTY_PATH) = 0
1716855005.790748 getdents64(3, 0x5584270e19f0 /* 2 entries */, 32768) = 48
1716855005.790806 getdents64(3, 0x5584270e19f0 /* 0 entries */, 32768) = 0
1716855005.790850 close(3)              = 0
1716855005.790889 close(1)              = 0
1716855005.790927 close(2)              = 0
1716855005.790970 exit_group(0)         = ?
1716855005.791040 +++ exited with 0 +++
