1716855010.379076066 execve("/usr/bin/ls", ["ls"], 0x7fff382e46c8 /* 41 vars */) = 0
1716855010.379271070 brk(NULL)          = 0x55772e01c000
1716855010.379356399 arch_prctl(0x3001 /* ARCH_??? */, 0x7fffd9e710f0) = -1 EINVAL (Invalid argument)
1716855010.379461601 mmap(NULL, 8192, PROT_READ|PROT_WRITE, MAP_PRIVATE|MAP_ANONYMOUS, -1, 0) = 0x7f98a61a5000
1716855010.379514613 access("/etc/ld.so.preload", R_OK) = -1 ENOENT (No such file or directory)
1716855010.379562635 openat(AT_FDCWD, "/etc/ld.so.cache", O_RDONLY|O_CLOEXEC) = 3
1716855010.379606269 newfstatat(3, "", {st_mode=S_IFREG|0644, st_size=48263, ...}, AT_EMPTY_PATH) = 0
1716855010.379654531 mmap(NULL, 48263, PROT_READ, MAP_PRIVATE, 3, 0) = 0x7f98a6199000
1716855010.379703536 close(3)           = 0
1716855010.379756367 openat(AT_FDCWD, "/lib/x86_64-linux-gnu/libselinux.so.1", O_RDONLY|O_CLOEXEC) = 3
1716855010.379802536 read(3, "\177ELF\2\1\1\0\0\0\0\0\0\0\0\0\3\0>\0\1\0\0\0\0\0\0\0\0\0\0\0"..., 832) = 832
1716855010.379843845 newfstatat(3, "", {st_mode=S_IFREG|0644, st_size=166280, ...}, AT_EMPTY_PATH) = 0
1716855010.379897298 mmap(NULL, 177672, PROT_READ, MAP_PRIVATE|MAP_DENYWRITE, 3, 0) = 0x7f98a616d000
1716855010.379942625 mprotect(0x7f98a6173000, 139264, PROT_NONE) = 0
1716855010.379983603 mmap(0x7f98a6173000, 106496, PROT_READ|PROT_EXEC, MAP_PRIVATE|MAP_FIXED|MAP_DENYWRITE, 3, 0x6000) = 0x7f98a6173000
1716855010.380034631 mmap(0x7f98a618d000, 28672, PROT_READ, MAP_PRIVATE|MAP_FIXED|MAP_DENYWRITE, 3, 0x20000) = 0x7f98a618d000
1716855010.380088715 mmap(0x7f98a6195000, 8192, PROT_READ|PROT_WRITE, MAP_PRIVATE|MAP_FIXED|MAP_DENYWRITE, 3, 0x27000) = 0x7f98a6195000
1716855010.380149021 mmap(0x7f98a6197000, 5640, PROT_READ|PROT_WRITE, MAP_PRIVATE|MAP_FIXED|MAP_ANONYMOUS, -1, 0) = 0x7f98a6197000
1716855010.380211261 close(3)           = 0
1716855010.380268421 openat(AT_FDCWD, "/lib/x86_64-linux-gnu/libc.so.6", O_RDONLY|O_CLOEXEC) = 3
1716855010.380318857 read(3, "\177ELF\2\1\1\3\0\0\0\0\0\0\0\0\3\0>\0\1\0\0\0P\237\2\0\0\0\0\0"..., 832) = 832
1716855010.380367325 pread64(3, "\6\0\0\0\4\0\0\0@\0\0\0\0\0\0\0@\0\0\0\0\0\0\0@\0\0\0\0\0\0\0"..., 784, 64) = 784
1716855010.380442625 pread64(3, "\4\0\0\0 \0\0\0\5\0\0\0GNU\0\2\0\0\300\4\0\0\0\3\0\0\0\0\0\0\0"..., 48, 848) = 48
1716855010.380494344 pread64(3, "\4\0\0\0\24\0\0\0\3\0\0\0GNU\0\226 \25\252\235\23<l\274\3731\3540\5\226\327"..., 68, 896) = 68
1716855010.380569990 newfstatat(3, "", {st_mode=S_IFREG|0755, st_size=2220400, ...}, AT_EMPTY_PATH) = 0
1716855010.380643260 pread64(3, "\6\0\0\0\4\0\0\0@\0\0\0\0\0\0\0@\0\0\0\0\0\0\0@\0\0\0\0\0\0\0"..., 784, 64) = 784
1716855010.380704668 mmap(NULL, 2264656, PROT_READ, MAP_PRIVATE|MAP_DENYWRITE, 3, 0) = 0x7f98a5f44000
1716855010.380751418 mprotect(0x7f98a5f6c000, 2023424, PROT_NONE) = 0
1716855010.380796915 mmap(0x7f98a5f6c000, 1658880, PROT_READ|PROT_EXEC, MAP_PRIVATE|MAP_FIXED|MAP_DENYWRITE, 3, 0x28000) = 0x7f98a5f6c000
1716855010.380854351 mmap(0x7f98a6101000, 360448, PROT_READ, MAP_PRIVATE|MAP_FIXED|MAP_DENYWRITE, 3, 0x1bd000) = 0x7f98a6101000
1716855010.380905684 mmap(0x7f98a615a000, 24576, PROT_READ|PROT_WRITE, MAP_PRIVATE|MAP_FIXED|MAP_DENYWRITE, 3, 0x215000) = 0x7f98a615a000
1716855010.380965519 mmap(0x7f98a6160000, 52816, PROT_READ|PROT_WRITE, MAP_PRIVATE|MAP_FIXED|MAP_ANONYMOUS, -1, 0) = 0x7f98a6160000
1716855010.381014844 close(3)           = 0
1716855010.381056754 openat(AT_FDCWD, "/lib/x86_64-linux-gnu/libpcre2-8.so.0", O_RDONLY|O_CLOEXEC) = 3
1716855010.381115026 read(3, "\177ELF\2\1\1\0\0\0\0\0\0\0\0\0\3\0>\0\1\0\0\0\0\0\0\0\0\0\0\0"..., 832) = 832
1716855010.381179846 newfstatat(3, "", {st_mode=S_IFREG|0644, st_size=613064, ...}, AT_EMPTY_PATH) = 0
1716855010.381237787 mmap(NULL, 615184, PROT_READ, MAP_PRIVATE|MAP_DENYWRITE, 3, 0) = 0x7f98a5ead000
1716855010.381293023 mmap(0x7f98a5eaf000, 438272, PROT_READ|PROT_EXEC, MAP_PRIVATE|MAP_FIXED|MAP_DENYWRITE, 3, 0x2000) = 0x7f98a5eaf000
1716855010.381334914 mmap(0x7f98a5f1a000, 163840, PROT_READ, MAP_PRIVATE|MAP_FIXED|MAP_DENYWRITE, 3, 0x6d000) = 0x7f98a5f1a000
1716855010.381377235 mmap(0x7f98a5f42000, 8192, PROT_READ|PROT_WRITE, MAP_PRIVATE|MAP_FIXED|MAP_DENYWRITE, 3, 0x94000) = 0x7f98a5f42000
1716855010.381443071 close(3)           = 0
1716855010.381497290 mmap(NULL, 12288, PROT_READ|PROT_WRITE, MAP_PRIVATE|MAP_ANONYMOUS, -1, 0) = 0x7f98a5eaa000
1716855010.381550868 arch_prctl(ARCH_SET_FS, 0x7f98a5eaa800) = 0
1716855010.381595434 set_tid_address(0x7f98a5eaaad0) = 817360
1716855010.381645876 set_robust_list(0x7f98a5eaaae0, 24) = 0
1716855010.381691378 rseq(0x7f98a5eab1a0, 0x20, 0, 0x53053053) = 0
1716855010.381749916 mprotect(0x7f98a615a000, 16384, PROT_READ) = 0
1716855010.381819194 mprotect(0x7f98a5f42000, 4096, PROT_READ) = 0
1716855010.381897294 mprotect(0x7f98a6195000, 4096, PROT_READ) = 0
1716855010.381961687 mprotect(0x55772cebd000, 8192, PROT_READ) = 0
1716855010.382015836 mprotect(0x7f98a61df000, 8192, PROT_READ) = 0
1716855010.382069585 prlimit64(0, RLIMIT_STACK, NULL, {rlim_cur=8192*1024, rlim_max=RLIM64_INFINITY}) = 0
1716855010.382124540 munmap(0x7f98a6199000, 48263) = 0
1716855010.382182496 statfs("/sys/fs/selinux", 0x7fffd9e71130) = -1 ENOENT (No such file or directory)
1716855010.382254344 statfs("/selinux", 0x7fffd9e71130) = -1 ENOENT (No such file or directory)
1716855010.382319129 getrandom("\x08\x50\x65\xd5\x4c\x05\xcf\xe2", 8, GRND_NONBLOCK) = 8
1716855010.382398671 brk(NULL)          = 0x55772e01c000
1716855010.382465039 brk(0x55772e03d000) = 0x55772e03d000
1716855010.382523661 openat(AT_FDCWD, "/proc/filesystems", O_RDONLY|O_CLOEXEC) = 3
1716855010.382583196 newfstatat(3, "", {st_mode=S_IFREG|0444, st_size=0, ...}, AT_EMPTY_PATH) = 0
1716855010.382647860 read(3, "nodev\tsysfs\nnodev\ttmpfs\nnodev\tbd"..., 1024) = 478
1716855010.382714268 read(3, "", 1024)  = 0
1716855010.382758753 close(3)           = 0
1716855010.382810037 access("/etc/selinux/config", F_OK) = -1 ENOENT (No such file or directory)
1716855010.383105579 openat(AT_FDCWD, "/usr/lib/locale/locale-archive", O_RDONLY|O_CLOEXEC) = 3
1716855010.383179541 newfstatat(3, "", {st_mode=S_IFREG|0644, st_size=3386656, ...}, AT_EMPTY_PATH) = 0
1716855010.383232052 mmap(NULL, 3386656, PROT_READ, MAP_PRIVATE, 3, 0) = 0x7f98a5b6f000
1716855010.383281908 close(3)           = 0
1716855010.383364576 ioctl(1, TCGETS, 0x7fffd9e71060) = -1 ENOTTY (Inappropriate ioctl for device)
1716855010.383436710 ioctl(1, TIOCGWINSZ, 0x7fffd9e71150) = -1 ENOTTY (Inappropriate ioctl for device)
1716855010.383496264 openat(AT_FDCWD, ".", O_RDONLY|O_NONBLOCK|O_CLOEXEC|O_DIRECTORY) = 3
1716855010.383559907 newfstatat(3, "", {st_mode=S_IFDIR|0755, st_size=4096, ...}, AT_EMPTY_PATH) = 0
1716855010.383614040 getdents64(3, 0x55772e0229f0 /* 2 entries */, 32768) = 48
1716855010.383688449 getdents64(3, 0x55772e0229f0 /* 0 entries */, 32768) = 0
1716855010.383733720 close(3)           = 0
1716855010.383792027 close(1)           = 0
1716855010.383845159 close(2)           = 0
1716855010.383891954 exit_group(0)      = ?
1716855010.383971642 +++ exited with 0 +++
