
Files:

File: ./logs/MinGW64/pacman.log
  About:
      FileType      : TEXT UTF8/ASCII (text log)
      LogMessageType: text log lines
      Thread stack  : 100352 (bytes)
  Printed:
      bytes         : 11411
      flushes       : 102
      Lines         : 102
      Syslines      : 102
      Datetime first: 2018-05-31 12:19:00 +08:00 (2018-05-31 04:19:00.000000 +00:00)
      Datetime last : 2018-05-31 12:21:00 +08:00 (2018-05-31 04:21:00.000000 +00:00)
  Processed:
      file size     : 5699 (0x1643) (bytes)
      bytes         : 5699 (0x1643)
      bytes total   : 5699 (0x1643)
      Block size    : 256 (0x100)
      Blocks        : 23
      Blocks total  : 23 (5888 bytes)
      Lines         : 102
      Line longest  : 92 (bytes)
      Line parts    : 124
      Syslines      : 102
      Sysline longest: 92 (bytes)
      Syslines high : 15
      Datetime first: 2018-05-31 12:19:00 +08:00 (2018-05-31 04:19:00.000000 +00:00)
      Datetime last : 2018-05-31 12:21:00 +08:00 (2018-05-31 04:21:00.000000 +00:00)
      out of order  : 0
  Parsers:
  Processing stores:
      storage: LineReader::find_line() lines                       : hit   0, miss 203,  0.0%
      caching: LineReader::find_line() LRU cache                   : hit 102, miss 102, 50.0%, put 102
      copying: SyslineReader::get_boxptrs()                        : sgl 185, dbl   13, mult   0
      storage: SyslineReader::find_sysline() syslines              : hit   0, miss 102,  0.0%
      caching: SyslineReader::find_sysline() syslines_by_range_map : hit   0, miss   1,  0.0%, put   1
      caching: SyslineReader::find_sysline() LRU cache             : hit   1, miss 102,  1.0%, put 102
      caching: SyslineReader::parse_datetime_in_line() LRU cache   : hit 101, miss 102, 49.8%, put   0
      optimize:SyslineReader::ezcheck12                            : hit   0, miss   0,  0.0%, largest skipped 0
      optimize:SyslineReader::ezcheckd2                            : hit   0, miss   4,  0.0%, largest skipped 0
      optimize:SyslineReader::ezcheck12d2                          : hit   0, miss 194,  0.0%, largest skipped 0
      process: regex captures                                      : hit 102, miss  96
  Processing Drops:

Program summary:

Paths considered       : 1
Paths not processed    : 0
Files processed        : 1
Files printed          : 1
Printed bytes          : 11819
Printed flushes        : 204
Printed Lines          : 102
Printed Syslines       : 102
Printed ASL events     : 0
Printed ETL events     : 0
Printed EVTX events    : 0
Printed FixedStruct    : 0
Printed Journal events : 0
Printed ODL events     : 0
Line Maximum                   : 393209
Line longest                   : 92
Sysline longest                : 92
EVTX event largest processed   : 0
EVTX event largest accepted    : 0
Journal event largest processed: 0
Journal event largest accepted : 0
Managed files max deflt: 980
Managed files max adjus: 200
Managed request open   : 1
Managed request read   : 0
Managed write calls    : 0
Managed seek calls     : 23
Managed metadata calls : 1
Managed open errors    : 0
Managed evict fails    : 0
Regex patterns known   : 188
Regex patterns compiled: 188
Datetime filter -a     : 1999-03-03 00:00:00 +00:00 (1999-03-03 00:00:00.000000 +00:00)
Datetime printed first : 2018-05-31 12:19:00 +08:00 (2018-05-31 04:19:00.000000 +00:00)
Datetime printed last  : 2018-05-31 12:21:00 +08:00 (2018-05-31 04:21:00.000000 +00:00)
Datetime filter -b     : 2026-01-02 00:00:00 +00:00 (2026-01-02 00:00:00.000000 +00:00)
Channel receive ok     : 104
Channel receive err    : 0
Threads spawned        : 1
Thread spawn errors    : 0
Temporary files created: 0
Platform               : x86_64-unknown-linux-gnu
Allocator              : system
