2023-04-10T17:09:22-0400 INFO --- logging initialized ---
2023-04-10T18:01:18-0400 INFO --- logging initialized ---
2023-04-10T19:06:17-0400 INFO --- logging initialized ---
2023-04-10T20:30:06-0400 INFO --- logging initialized ---
2023-04-10T22:26:16-0400 INFO --- logging initialized ---
2023-04-11T00:05:20-0400 INFO --- logging initialized ---
2023-04-11T01:28:31-0400 INFO --- logging initialized ---
2023-04-11T02:45:19-0400 INFO --- logging initialized ---
2023-04-11T04:20:52-0400 INFO --- logging initialized ---
2023-04-11T05:54:16-0400 INFO --- logging initialized ---
2023-04-11T06:58:16-0400 INFO --- logging initialized ---
2023-04-11T08:01:59-0400 INFO --- logging initialized ---
2023-04-11T09:14:16-0400 INFO --- logging initialized ---
2023-04-11T10:22:21-0400 INFO --- logging initialized ---
2023-04-11T11:41:17-0400 INFO --- logging initialized ---
2023-04-11T12:57:21-0400 INFO --- logging initialized ---
2023-04-11T14:25:18-0400 INFO --- logging initialized ---
2023-04-11T15:48:16-0400 INFO --- logging initialized ---
2023-04-11T16:54:16-0400 INFO --- logging initialized ---
2023-04-11T18:13:16-0400 INFO --- logging initialized ---
2023-04-11T19:17:18-0400 INFO --- logging initialized ---
2023-04-11T20:43:16-0400 INFO --- logging initialized ---
2023-04-11T22:40:13-0400 INFO --- logging initialized ---
2023-04-12T00:20:16-0400 INFO --- logging initialized ---
2023-04-12T02:02:56-0400 INFO --- logging initialized ---
2023-04-12T03:58:16-0400 INFO --- logging initialized ---
2023-04-12T05:31:39-0400 INFO --- logging initialized ---
2023-04-12T07:04:06-0400 INFO --- logging initialized ---
2023-04-12T08:23:56-0400 INFO --- logging initialized ---
2023-04-12T09:48:16-0400 INFO --- logging initialized ---
2023-04-12T11:24:16-0400 INFO --- logging initialized ---
2023-04-12T13:19:56-0400 INFO --- logging initialized ---
2023-04-12T14:36:18-0400 INFO --- logging initialized ---
2023-04-12T16:26:18-0400 INFO --- logging initialized ---
2023-04-12T17:36:16-0400 INFO --- logging initialized ---
2023-04-12T18:49:16-0400 INFO --- logging initialized ---
2023-04-12T20:49:16-0400 INFO --- logging initialized ---
2023-04-12T22:38:17-0400 INFO --- logging initialized ---
2023-04-13T00:00:16-0400 INFO --- logging initialized ---
2023-04-13T01:32:05-0400 INFO --- logging initialized ---
2023-04-13T02:47:16-0400 INFO --- logging initialized ---
2023-04-13T03:54:56-0400 INFO --- logging initialized ---
2023-04-13T05:49:16-0400 INFO --- logging initialized ---
2023-04-13T07:14:56-0400 INFO --- logging initialized ---
2023-04-13T08:32:16-0400 INFO --- logging initialized ---
2023-04-13T09:39:16-0400 INFO --- logging initialized ---
2023-04-13T11:02:16-0400 INFO --- logging initialized ---
2023-04-13T12:51:16-0400 INFO --- logging initialized ---
2023-04-13T14:28:16-0400 INFO --- logging initialized ---
2023-04-13T15:51:18-0400 INFO --- logging initialized ---
2023-04-13T16:58:16-0400 INFO --- logging initialized ---
2023-04-13T18:23:16-0400 INFO --- logging initialized ---
2023-04-13T19:30:56-0400 INFO --- logging initialized ---
2023-04-13T20:36:16-0400 INFO --- logging initialized ---
2023-04-22T15:54:30-0400 INFO --- logging initialized ---
2023-04-22T17:05:30-0400 INFO --- logging initialized ---
2023-04-22T17:52:06-0400 INFO --- logging initialized ---
2023-04-22T18:46:26-0400 INFO --- logging initialized ---
2023-04-22T18:49:00-0400 INFO --- logging initialized ---
2023-04-22T18:49:05-0400 INFO --- logging initialized ---
2023-04-22T18:49:14-0400 SUBDEBUG Installed: git-core-2.31.1-3.el9_1.x86_64
2023-04-22T18:49:14-0400 SUBDEBUG Installed: git-core-doc-2.31.1-3.el9_1.noarch
2023-04-22T18:49:14-0400 SUBDEBUG Installed: perl-lib-0.65-479.el9.x86_64
2023-04-22T18:49:14-0400 SUBDEBUG Installed: perl-TermReadKey-2.38-11.el9.x86_64
2023-04-22T18:49:14-0400 SUBDEBUG Installed: perl-Error-1:0.17029-7.el9.noarch
2023-04-22T18:49:14-0400 SUBDEBUG Installed: git-2.31.1-3.el9_1.x86_64
2023-04-22T18:49:14-0400 SUBDEBUG Installed: perl-Git-2.31.1-3.el9_1.noarch
2023-04-22T18:51:46-0400 INFO --- logging initialized ---
2023-04-22T18:51:53-0400 SUBDEBUG Installed: make-1:4.3-7.el9.x86_64
2023-04-22T18:51:53-0400 SUBDEBUG Installed: kernel-headers-5.14.0-162.23.1.el9_1.x86_64
2023-04-22T18:51:54-0400 SUBDEBUG Installed: glibc-headers-2.34-40.el9.x86_64
2023-04-22T18:51:54-0400 SUBDEBUG Installed: glibc-devel-2.34-40.el9.x86_64
2023-04-22T18:51:54-0400 SUBDEBUG Installed: libxcrypt-devel-4.4.18-3.el9.x86_64
2023-04-22T18:51:54-0400 SUBDEBUG Installed: gcc-11.3.1-2.1.el9.x86_64
2023-04-22T18:54:30-0400 INFO --- logging initialized ---
2023-04-22T20:54:30-0400 INFO --- logging initialized ---
2023-04-22T22:51:10-0400 INFO --- logging initialized ---
2023-04-23T00:04:30-0400 INFO --- logging initialized ---
2023-04-23T01:44:30-0400 INFO --- logging initialized ---
2023-05-06T21:57:06-0400 INFO --- logging initialized ---
2023-05-06T21:58:28-0400 INFO --- logging initialized ---
2023-05-06T22:05:29-0400 INFO --- logging initialized ---
2023-05-06T23:14:28-0400 INFO --- logging initialized ---
2023-05-07T00:40:31-0400 INFO --- logging initialized ---
2023-05-07T02:11:17-0400 INFO --- logging initialized ---
2023-05-07T04:02:28-0400 INFO --- logging initialized ---
2023-05-07T05:40:03-0400 INFO --- logging initialized ---
2023-05-07T06:52:51-0400 INFO --- logging initialized ---
2023-05-07T08:33:28-0400 INFO --- logging initialized ---
2023-05-07T09:38:06-0400 INFO --- logging initialized ---
2023-05-07T11:38:28-0400 INFO --- logging initialized ---
2023-05-07T12:50:29-0400 INFO --- logging initialized ---
2023-05-07T14:31:28-0400 INFO --- logging initialized ---
2023-05-07T15:36:31-0400 INFO --- logging initialized ---
2023-05-07T17:11:28-0400 INFO --- logging initialized ---
2023-05-07T19:05:28-0400 INFO --- logging initialized ---
2023-05-07T20:52:28-0400 INFO --- logging initialized ---
2023-05-07T22:48:28-0400 INFO --- logging initialized ---
2023-05-07T23:51:28-0400 INFO --- logging initialized ---
2023-05-08T01:17:28-0400 INFO --- logging initialized ---
2023-05-08T02:43:28-0400 INFO --- logging initialized ---
2023-05-10T00:48:40-0400 INFO --- logging initialized ---
2023-05-10T02:09:39-0400 INFO --- logging initialized ---
2023-12-15T01:36:31-0500 INFO --- logging initialized ---
2024-02-16T19:54:37-0500 INFO --- logging initialized ---
2024-02-16T19:54:54-0500 SUBDEBUG Upgrade: iproute-6.2.0-5.el9.x86_64
2024-02-16T19:54:54-0500 SUBDEBUG Upgrade: iproute-tc-6.2.0-5.el9.x86_64
2024-02-16T19:54:54-0500 SUBDEBUG Upgraded: iproute-tc-6.1.0-1.el9.x86_64
2024-02-16T19:54:54-0500 SUBDEBUG Upgraded: iproute-6.1.0-1.el9.x86_64
2024-02-16T19:55:01-0500 INFO --- logging initialized ---
2024-02-16T19:57:48-0500 INFO --- logging initialized ---
2024-02-16T19:57:51-0500 SUBDEBUG Upgrade: shadow-utils-2:4.9-8.el9.x86_64
2024-02-16T19:57:51-0500 SUBDEBUG Upgraded: shadow-utils-2:4.9-5.el9.x86_64
2024-02-16T19:59:32-0500 INFO --- logging initialized ---
2024-02-16T19:59:42-0500 INFO --- logging initialized ---
2024-02-16T20:00:14-0500 INFO --- logging initialized ---
2024-02-16T20:00:21-0500 INFO --- logging initialized ---
