2023-04-10T17:09:22-0400 INFO Librepo version: 1.14.2 with CURL_GLOBAL_ACK_EINTR support (libcurl/7.76.1 OpenSSL/3.0.1 zlib/1.2.11 brotli/1.0.9 libidn2/2.3.0 libpsl/0.21.1 (+libidn2/2.3.0) libssh/0.9.6/openssl/zlib nghttp2/1.43.0)
2023-04-10T18:01:18-0400 INFO Librepo version: 1.14.2 with CURL_GLOBAL_ACK_EINTR support (libcurl/7.76.1 OpenSSL/3.0.1 zlib/1.2.11 brotli/1.0.9 libidn2/2.3.0 libpsl/0.21.1 (+libidn2/2.3.0) libssh/0.9.6/openssl/zlib nghttp2/1.43.0)
2023-04-10T19:06:17-0400 INFO Librepo version: 1.14.2 with CURL_GLOBAL_ACK_EINTR support (libcurl/7.76.1 OpenSSL/3.0.1 zlib/1.2.11 brotli/1.0.9 libidn2/2.3.0 libpsl/0.21.1 (+libidn2/2.3.0) libssh/0.9.6/openssl/zlib nghttp2/1.43.0)
2023-04-10T20:30:06-0400 INFO Librepo version: 1.14.2 with CURL_GLOBAL_ACK_EINTR support (libcurl/7.76.1 OpenSSL/3.0.1 zlib/1.2.11 brotli/1.0.9 libidn2/2.3.0 libpsl/0.21.1 (+libidn2/2.3.0) libssh/0.9.6/openssl/zlib nghttp2/1.43.0)
2023-04-10T22:26:16-0400 INFO Librepo version: 1.14.2 with CURL_GLOBAL_ACK_EINTR support (libcurl/7.76.1 OpenSSL/3.0.1 zlib/1.2.11 brotli/1.0.9 libidn2/2.3.0 libpsl/0.21.1 (+libidn2/2.3.0) libssh/0.9.6/openssl/zlib nghttp2/1.43.0)
2023-04-11T00:05:20-0400 INFO Librepo version: 1.14.2 with CURL_GLOBAL_ACK_EINTR support (libcurl/7.76.1 OpenSSL/3.0.1 zlib/1.2.11 brotli/1.0.9 libidn2/2.3.0 libpsl/0.21.1 (+libidn2/2.3.0) libssh/0.9.6/openssl/zlib nghttp2/1.43.0)
2023-04-11T01:28:31-0400 INFO Librepo version: 1.14.2 with CURL_GLOBAL_ACK_EINTR support (libcurl/7.76.1 OpenSSL/3.0.1 zlib/1.2.11 brotli/1.0.9 libidn2/2.3.0 libpsl/0.21.1 (+libidn2/2.3.0) libssh/0.9.6/openssl/zlib nghttp2/1.43.0)
2023-04-11T02:45:19-0400 INFO Librepo version: 1.14.2 with CURL_GLOBAL_ACK_EINTR support (libcurl/7.76.1 OpenSSL/3.0.1 zlib/1.2.11 brotli/1.0.9 libidn2/2.3.0 libpsl/0.21.1 (+libidn2/2.3.0) libssh/0.9.6/openssl/zlib nghttp2/1.43.0)
2023-04-11T04:20:52-0400 INFO Librepo version: 1.14.2 with CURL_GLOBAL_ACK_EINTR support (libcurl/7.76.1 OpenSSL/3.0.1 zlib/1.2.11 brotli/1.0.9 libidn2/2.3.0 libpsl/0.21.1 (+libidn2/2.3.0) libssh/0.9.6/openssl/zlib nghttp2/1.43.0)
2023-04-11T05:54:16-0400 INFO Librepo version: 1.14.2 with CURL_GLOBAL_ACK_EINTR support (libcurl/7.76.1 OpenSSL/3.0.1 zlib/1.2.11 brotli/1.0.9 libidn2/2.3.0 libpsl/0.21.1 (+libidn2/2.3.0) libssh/0.9.6/openssl/zlib nghttp2/1.43.0)
2023-04-11T06:58:16-0400 INFO Librepo version: 1.14.2 with CURL_GLOBAL_ACK_EINTR support (libcurl/7.76.1 OpenSSL/3.0.1 zlib/1.2.11 brotli/1.0.9 libidn2/2.3.0 libpsl/0.21.1 (+libidn2/2.3.0) libssh/0.9.6/openssl/zlib nghttp2/1.43.0)
2023-04-11T08:01:59-0400 INFO Librepo version: 1.14.2 with CURL_GLOBAL_ACK_EINTR support (libcurl/7.76.1 OpenSSL/3.0.1 zlib/1.2.11 brotli/1.0.9 libidn2/2.3.0 libpsl/0.21.1 (+libidn2/2.3.0) libssh/0.9.6/openssl/zlib nghttp2/1.43.0)
2023-04-11T09:14:16-0400 INFO Librepo version: 1.14.2 with CURL_GLOBAL_ACK_EINTR support (libcurl/7.76.1 OpenSSL/3.0.1 zlib/1.2.11 brotli/1.0.9 libidn2/2.3.0 libpsl/0.21.1 (+libidn2/2.3.0) libssh/0.9.6/openssl/zlib nghttp2/1.43.0)
2023-04-11T10:22:21-0400 INFO Librepo version: 1.14.2 with CURL_GLOBAL_ACK_EINTR support (libcurl/7.76.1 OpenSSL/3.0.1 zlib/1.2.11 brotli/1.0.9 libidn2/2.3.0 libpsl/0.21.1 (+libidn2/2.3.0) libssh/0.9.6/openssl/zlib nghttp2/1.43.0)
2023-04-11T11:41:17-0400 INFO Librepo version: 1.14.2 with CURL_GLOBAL_ACK_EINTR support (libcurl/7.76.1 OpenSSL/3.0.1 zlib/1.2.11 brotli/1.0.9 libidn2/2.3.0 libpsl/0.21.1 (+libidn2/2.3.0) libssh/0.9.6/openssl/zlib nghttp2/1.43.0)
2023-04-11T12:57:21-0400 INFO Librepo version: 1.14.2 with CURL_GLOBAL_ACK_EINTR support (libcurl/7.76.1 OpenSSL/3.0.1 zlib/1.2.11 brotli/1.0.9 libidn2/2.3.0 libpsl/0.21.1 (+libidn2/2.3.0) libssh/0.9.6/openssl/zlib nghttp2/1.43.0)
2023-04-11T14:25:18-0400 INFO Librepo version: 1.14.2 with CURL_GLOBAL_ACK_EINTR support (libcurl/7.76.1 OpenSSL/3.0.1 zlib/1.2.11 brotli/1.0.9 libidn2/2.3.0 libpsl/0.21.1 (+libidn2/2.3.0) libssh/0.9.6/openssl/zlib nghttp2/1.43.0)
2023-04-11T15:48:16-0400 INFO Librepo version: 1.14.2 with CURL_GLOBAL_ACK_EINTR support (libcurl/7.76.1 OpenSSL/3.0.1 zlib/1.2.11 brotli/1.0.9 libidn2/2.3.0 libpsl/0.21.1 (+libidn2/2.3.0) libssh/0.9.6/openssl/zlib nghttp2/1.43.0)
2023-04-11T16:54:16-0400 INFO Librepo version: 1.14.2 with CURL_GLOBAL_ACK_EINTR support (libcurl/7.76.1 OpenSSL/3.0.1 zlib/1.2.11 brotli/1.0.9 libidn2/2.3.0 libpsl/0.21.1 (+libidn2/2.3.0) libssh/0.9.6/openssl/zlib nghttp2/1.43.0)
2023-04-11T18:13:16-0400 INFO Librepo version: 1.14.2 with CURL_GLOBAL_ACK_EINTR support (libcurl/7.76.1 OpenSSL/3.0.1 zlib/1.2.11 brotli/1.0.9 libidn2/2.3.0 libpsl/0.21.1 (+libidn2/2.3.0) libssh/0.9.6/openssl/zlib nghttp2/1.43.0)
2023-04-11T19:17:18-0400 INFO Librepo version: 1.14.2 with CURL_GLOBAL_ACK_EINTR support (libcurl/7.76.1 OpenSSL/3.0.1 zlib/1.2.11 brotli/1.0.9 libidn2/2.3.0 libpsl/0.21.1 (+libidn2/2.3.0) libssh/0.9.6/openssl/zlib nghttp2/1.43.0)
2023-04-11T20:43:16-0400 INFO Librepo version: 1.14.2 with CURL_GLOBAL_ACK_EINTR support (libcurl/7.76.1 OpenSSL/3.0.1 zlib/1.2.11 brotli/1.0.9 libidn2/2.3.0 libpsl/0.21.1 (+libidn2/2.3.0) libssh/0.9.6/openssl/zlib nghttp2/1.43.0)
2023-04-11T22:40:13-0400 INFO Librepo version: 1.14.2 with CURL_GLOBAL_ACK_EINTR support (libcurl/7.76.1 OpenSSL/3.0.1 zlib/1.2.11 brotli/1.0.9 libidn2/2.3.0 libpsl/0.21.1 (+libidn2/2.3.0) libssh/0.9.6/openssl/zlib nghttp2/1.43.0)
2023-04-12T00:20:16-0400 INFO Librepo version: 1.14.2 with CURL_GLOBAL_ACK_EINTR support (libcurl/7.76.1 OpenSSL/3.0.1 zlib/1.2.11 brotli/1.0.9 libidn2/2.3.0 libpsl/0.21.1 (+libidn2/2.3.0) libssh/0.9.6/openssl/zlib nghttp2/1.43.0)
2023-04-12T02:02:56-0400 INFO Librepo version: 1.14.2 with CURL_GLOBAL_ACK_EINTR support (libcurl/7.76.1 OpenSSL/3.0.1 zlib/1.2.11 brotli/1.0.9 libidn2/2.3.0 libpsl/0.21.1 (+libidn2/2.3.0) libssh/0.9.6/openssl/zlib nghttp2/1.43.0)
2023-04-12T03:58:16-0400 INFO Librepo version: 1.14.2 with CURL_GLOBAL_ACK_EINTR support (libcurl/7.76.1 OpenSSL/3.0.1 zlib/1.2.11 brotli/1.0.9 libidn2/2.3.0 libpsl/0.21.1 (+libidn2/2.3.0) libssh/0.9.6/openssl/zlib nghttp2/1.43.0)
2023-04-12T05:31:39-0400 INFO Librepo version: 1.14.2 with CURL_GLOBAL_ACK_EINTR support (libcurl/7.76.1 OpenSSL/3.0.1 zlib/1.2.11 brotli/1.0.9 libidn2/2.3.0 libpsl/0.21.1 (+libidn2/2.3.0) libssh/0.9.6/openssl/zlib nghttp2/1.43.0)
2023-04-12T07:04:06-0400 INFO Librepo version: 1.14.2 with CURL_GLOBAL_ACK_EINTR support (libcurl/7.76.1 OpenSSL/3.0.1 zlib/1.2.11 brotli/1.0.9 libidn2/2.3.0 libpsl/0.21.1 (+libidn2/2.3.0) libssh/0.9.6/openssl/zlib nghttp2/1.43.0)
2023-04-12T08:23:56-0400 INFO Librepo version: 1.14.2 with CURL_GLOBAL_ACK_EINTR support (libcurl/7.76.1 OpenSSL/3.0.1 zlib/1.2.11 brotli/1.0.9 libidn2/2.3.0 libpsl/0.21.1 (+libidn2/2.3.0) libssh/0.9.6/openssl/zlib nghttp2/1.43.0)
2023-04-12T09:48:16-0400 INFO Librepo version: 1.14.2 with CURL_GLOBAL_ACK_EINTR support (libcurl/7.76.1 OpenSSL/3.0.1 zlib/1.2.11 brotli/1.0.9 libidn2/2.3.0 libpsl/0.21.1 (+libidn2/2.3.0) libssh/0.9.6/openssl/zlib nghttp2/1.43.0)
2023-04-12T11:24:16-0400 INFO Librepo version: 1.14.2 with CURL_GLOBAL_ACK_EINTR support (libcurl/7.76.1 OpenSSL/3.0.1 zlib/1.2.11 brotli/1.0.9 libidn2/2.3.0 libpsl/0.21.1 (+libidn2/2.3.0) libssh/0.9.6/openssl/zlib nghttp2/1.43.0)
2023-04-12T13:19:56-0400 INFO Librepo version: 1.14.2 with CURL_GLOBAL_ACK_EINTR support (libcurl/7.76.1 OpenSSL/3.0.1 zlib/1.2.11 brotli/1.0.9 libidn2/2.3.0 libpsl/0.21.1 (+libidn2/2.3.0) libssh/0.9.6/openssl/zlib nghttp2/1.43.0)
2023-04-12T14:36:18-0400 INFO Librepo version: 1.14.2 with CURL_GLOBAL_ACK_EINTR support (libcurl/7.76.1 OpenSSL/3.0.1 zlib/1.2.11 brotli/1.0.9 libidn2/2.3.0 libpsl/0.21.1 (+libidn2/2.3.0) libssh/0.9.6/openssl/zlib nghttp2/1.43.0)
2023-04-12T16:26:18-0400 INFO Librepo version: 1.14.2 with CURL_GLOBAL_ACK_EINTR support (libcurl/7.76.1 OpenSSL/3.0.1 zlib/1.2.11 brotli/1.0.9 libidn2/2.3.0 libpsl/0.21.1 (+libidn2/2.3.0) libssh/0.9.6/openssl/zlib nghttp2/1.43.0)
2023-04-12T17:36:16-0400 INFO Librepo version: 1.14.2 with CURL_GLOBAL_ACK_EINTR support (libcurl/7.76.1 OpenSSL/3.0.1 zlib/1.2.11 brotli/1.0.9 libidn2/2.3.0 libpsl/0.21.1 (+libidn2/2.3.0) libssh/0.9.6/openssl/zlib nghttp2/1.43.0)
2023-04-12T18:49:16-0400 INFO Librepo version: 1.14.2 with CURL_GLOBAL_ACK_EINTR support (libcurl/7.76.1 OpenSSL/3.0.1 zlib/1.2.11 brotli/1.0.9 libidn2/2.3.0 libpsl/0.21.1 (+libidn2/2.3.0) libssh/0.9.6/openssl/zlib nghttp2/1.43.0)
2023-04-12T20:49:16-0400 INFO Librepo version: 1.14.2 with CURL_GLOBAL_ACK_EINTR support (libcurl/7.76.1 OpenSSL/3.0.1 zlib/1.2.11 brotli/1.0.9 libidn2/2.3.0 libpsl/0.21.1 (+libidn2/2.3.0) libssh/0.9.6/openssl/zlib nghttp2/1.43.0)
2023-04-12T22:38:17-0400 INFO Librepo version: 1.14.2 with CURL_GLOBAL_ACK_EINTR support (libcurl/7.76.1 OpenSSL/3.0.1 zlib/1.2.11 brotli/1.0.9 libidn2/2.3.0 libpsl/0.21.1 (+libidn2/2.3.0) libssh/0.9.6/openssl/zlib nghttp2/1.43.0)
2023-04-13T00:00:16-0400 INFO Librepo version: 1.14.2 with CURL_GLOBAL_ACK_EINTR support (libcurl/7.76.1 OpenSSL/3.0.1 zlib/1.2.11 brotli/1.0.9 libidn2/2.3.0 libpsl/0.21.1 (+libidn2/2.3.0) libssh/0.9.6/openssl/zlib nghttp2/1.43.0)
2023-04-13T01:32:05-0400 INFO Librepo version: 1.14.2 with CURL_GLOBAL_ACK_EINTR support (libcurl/7.76.1 OpenSSL/3.0.1 zlib/1.2.11 brotli/1.0.9 libidn2/2.3.0 libpsl/0.21.1 (+libidn2/2.3.0) libssh/0.9.6/openssl/zlib nghttp2/1.43.0)
2023-04-13T02:47:16-0400 INFO Librepo version: 1.14.2 with CURL_GLOBAL_ACK_EINTR support (libcurl/7.76.1 OpenSSL/3.0.1 zlib/1.2.11 brotli/1.0.9 libidn2/2.3.0 libpsl/0.21.1 (+libidn2/2.3.0) libssh/0.9.6/openssl/zlib nghttp2/1.43.0)
2023-04-13T03:54:56-0400 INFO Librepo version: 1.14.2 with CURL_GLOBAL_ACK_EINTR support (libcurl/7.76.1 OpenSSL/3.0.1 zlib/1.2.11 brotli/1.0.9 libidn2/2.3.0 libpsl/0.21.1 (+libidn2/2.3.0) libssh/0.9.6/openssl/zlib nghttp2/1.43.0)
2023-04-13T05:49:16-0400 INFO Librepo version: 1.14.2 with CURL_GLOBAL_ACK_EINTR support (libcurl/7.76.1 OpenSSL/3.0.1 zlib/1.2.11 brotli/1.0.9 libidn2/2.3.0 libpsl/0.21.1 (+libidn2/2.3.0) libssh/0.9.6/openssl/zlib nghttp2/1.43.0)
2023-04-13T07:14:56-0400 INFO Librepo version: 1.14.2 with CURL_GLOBAL_ACK_EINTR support (libcurl/7.76.1 OpenSSL/3.0.1 zlib/1.2.11 brotli/1.0.9 libidn2/2.3.0 libpsl/0.21.1 (+libidn2/2.3.0) libssh/0.9.6/openssl/zlib nghttp2/1.43.0)
2023-04-13T08:32:16-0400 INFO Librepo version: 1.14.2 with CURL_GLOBAL_ACK_EINTR support (libcurl/7.76.1 OpenSSL/3.0.1 zlib/1.2.11 brotli/1.0.9 libidn2/2.3.0 libpsl/0.21.1 (+libidn2/2.3.0) libssh/0.9.6/openssl/zlib nghttp2/1.43.0)
2023-04-13T09:39:16-0400 INFO Librepo version: 1.14.2 with CURL_GLOBAL_ACK_EINTR support (libcurl/7.76.1 OpenSSL/3.0.1 zlib/1.2.11 brotli/1.0.9 libidn2/2.3.0 libpsl/0.21.1 (+libidn2/2.3.0) libssh/0.9.6/openssl/zlib nghttp2/1.43.0)
2023-04-13T11:02:16-0400 INFO Librepo version: 1.14.2 with CURL_GLOBAL_ACK_EINTR support (libcurl/7.76.1 OpenSSL/3.0.1 zlib/1.2.11 brotli/1.0.9 libidn2/2.3.0 libpsl/0.21.1 (+libidn2/2.3.0) libssh/0.9.6/openssl/zlib nghttp2/1.43.0)
2023-04-13T12:51:16-0400 INFO Librepo version: 1.14.2 with CURL_GLOBAL_ACK_EINTR support (libcurl/7.76.1 OpenSSL/3.0.1 zlib/1.2.11 brotli/1.0.9 libidn2/2.3.0 libpsl/0.21.1 (+libidn2/2.3.0) libssh/0.9.6/openssl/zlib nghttp2/1.43.0)
2023-04-13T14:28:16-0400 INFO Librepo version: 1.14.2 with CURL_GLOBAL_ACK_EINTR support (libcurl/7.76.1 OpenSSL/3.0.1 zlib/1.2.11 brotli/1.0.9 libidn2/2.3.0 libpsl/0.21.1 (+libidn2/2.3.0) libssh/0.9.6/openssl/zlib nghttp2/1.43.0)
2023-04-13T15:51:18-0400 INFO Librepo version: 1.14.2 with CURL_GLOBAL_ACK_EINTR support (libcurl/7.76.1 OpenSSL/3.0.1 zlib/1.2.11 brotli/1.0.9 libidn2/2.3.0 libpsl/0.21.1 (+libidn2/2.3.0) libssh/0.9.6/openssl/zlib nghttp2/1.43.0)
2023-04-13T16:58:16-0400 INFO Librepo version: 1.14.2 with CURL_GLOBAL_ACK_EINTR support (libcurl/7.76.1 OpenSSL/3.0.1 zlib/1.2.11 brotli/1.0.9 libidn2/2.3.0 libpsl/0.21.1 (+libidn2/2.3.0) libssh/0.9.6/openssl/zlib nghttp2/1.43.0)
2023-04-13T18:23:16-0400 INFO Librepo version: 1.14.2 with CURL_GLOBAL_ACK_EINTR support (libcurl/7.76.1 OpenSSL/3.0.1 zlib/1.2.11 brotli/1.0.9 libidn2/2.3.0 libpsl/0.21.1 (+libidn2/2.3.0) libssh/0.9.6/openssl/zlib nghttp2/1.43.0)
2023-04-13T19:30:56-0400 INFO Librepo version: 1.14.2 with CURL_GLOBAL_ACK_EINTR support (libcurl/7.76.1 OpenSSL/3.0.1 zlib/1.2.11 brotli/1.0.9 libidn2/2.3.0 libpsl/0.21.1 (+libidn2/2.3.0) libssh/0.9.6/openssl/zlib nghttp2/1.43.0)
2023-04-13T20:36:16-0400 INFO Librepo version: 1.14.2 with CURL_GLOBAL_ACK_EINTR support (libcurl/7.76.1 OpenSSL/3.0.1 zlib/1.2.11 brotli/1.0.9 libidn2/2.3.0 libpsl/0.21.1 (+libidn2/2.3.0) libssh/0.9.6/openssl/zlib nghttp2/1.43.0)
2023-04-22T15:54:30-0400 INFO Librepo version: 1.14.2 with CURL_GLOBAL_ACK_EINTR support (libcurl/7.76.1 OpenSSL/3.0.1 zlib/1.2.11 brotli/1.0.9 libidn2/2.3.0 libpsl/0.21.1 (+libidn2/2.3.0) libssh/0.9.6/openssl/zlib nghttp2/1.43.0)
2023-04-22T17:05:30-0400 INFO Librepo version: 1.14.2 with CURL_GLOBAL_ACK_EINTR support (libcurl/7.76.1 OpenSSL/3.0.1 zlib/1.2.11 brotli/1.0.9 libidn2/2.3.0 libpsl/0.21.1 (+libidn2/2.3.0) libssh/0.9.6/openssl/zlib nghttp2/1.43.0)
2023-04-22T17:52:06-0400 INFO Librepo version: 1.14.2 with CURL_GLOBAL_ACK_EINTR support (libcurl/7.76.1 OpenSSL/3.0.1 zlib/1.2.11 brotli/1.0.9 libidn2/2.3.0 libpsl/0.21.1 (+libidn2/2.3.0) libssh/0.9.6/openssl/zlib nghttp2/1.43.0)
2023-04-22T18:46:26-0400 INFO Librepo version: 1.14.2 with CURL_GLOBAL_ACK_EINTR support (libcurl/7.76.1 OpenSSL/3.0.1 zlib/1.2.11 brotli/1.0.9 libidn2/2.3.0 libpsl/0.21.1 (+libidn2/2.3.0) libssh/0.9.6/openssl/zlib nghttp2/1.43.0)
2023-04-22T18:49:00-0400 INFO Librepo version: 1.14.2 with CURL_GLOBAL_ACK_EINTR support (libcurl/7.76.1 OpenSSL/3.0.1 zlib/1.2.11 brotli/1.0.9 libidn2/2.3.0 libpsl/0.21.1 (+libidn2/2.3.0) libssh/0.9.6/openssl/zlib nghttp2/1.43.0)
2023-04-22T18:49:05-0400 INFO Librepo version: 1.14.2 with CURL_GLOBAL_ACK_EINTR support (libcurl/7.76.1 OpenSSL/3.0.1 zlib/1.2.11 brotli/1.0.9 libidn2/2.3.0 libpsl/0.21.1 (+libidn2/2.3.0) libssh/0.9.6/openssl/zlib nghttp2/1.43.0)
2023-04-22T18:49:06-0400 INFO Downloading: https://cdn.redhat.com/content/dist/rhel9/9/x86_64/appstream/os/repodata/repomd.xml
2023-04-22T18:49:07-0400 INFO Downloading: https://cdn.redhat.com/content/dist/rhel9/9/x86_64/appstream/os/repodata/bda706a847ab16f98b1618508dd709cfb17695ee4af024c6f4c2f81527b71e59-primary.xml.gz
2023-04-22T18:49:07-0400 INFO Downloading: https://cdn.redhat.com/content/dist/rhel9/9/x86_64/appstream/os/repodata/97d657da1537b33cb2552e884037ab616ebd9bd0194af8ff8efcc828b0a37c08-filelists.xml.gz
2023-04-22T18:49:07-0400 INFO Downloading: https://cdn.redhat.com/content/dist/rhel9/9/x86_64/appstream/os/repodata/dda2216bc097472bca47dce8664810e832408ceedbccde4a1c0a5f2e65b24edc-comps.xml
2023-04-22T18:49:07-0400 INFO Downloading: https://cdn.redhat.com/content/dist/rhel9/9/x86_64/appstream/os/repodata/a596a1d0da71b13aa8020be0ab247de0e1d9c9f813c6d094199a77190027203e-modules.yaml.gz
2023-04-22T18:49:07-0400 INFO Downloading: https://cdn.redhat.com/content/dist/rhel9/9/x86_64/appstream/os/repodata/65664eb2-6d19-46a0-b880-adaca055e03f
2023-04-22T18:49:07-0400 INFO Downloading: https://cdn.redhat.com/content/dist/rhel9/9/x86_64/appstream/os/repodata/a2ab57974fa3c035ceddf749bbe05212d591617c7d015744eea5a7ab5647b726-updateinfo.xml.gz
2023-04-22T18:49:08-0400 INFO Downloading: https://cdn.redhat.com/content/dist/rhel9/9/x86_64/baseos/os/repodata/repomd.xml
2023-04-22T18:49:08-0400 INFO Downloading: https://cdn.redhat.com/content/dist/rhel9/9/x86_64/baseos/os/repodata/043d8e12d356ddbc73feebd47b44232e9d485a0d57d1bf6d4f5b6ca694afafb1-primary.xml.gz
2023-04-22T18:49:08-0400 INFO Downloading: https://cdn.redhat.com/content/dist/rhel9/9/x86_64/baseos/os/repodata/96d9dbccb7af2e4c5dd369b505f9f17341fb64f83d72f31ad5d46702de7510bb-filelists.xml.gz
2023-04-22T18:49:08-0400 INFO Downloading: https://cdn.redhat.com/content/dist/rhel9/9/x86_64/baseos/os/repodata/cdee59d224fde6efd62bc4fcb0a4f0fd2ff855f5eea27a17578a69bd70aeeb92-comps.xml
2023-04-22T18:49:08-0400 INFO Downloading: https://cdn.redhat.com/content/dist/rhel9/9/x86_64/baseos/os/repodata/9e926246-14c4-4a14-97e1-0cd5976a6a5a
2023-04-22T18:49:08-0400 INFO Downloading: https://cdn.redhat.com/content/dist/rhel9/9/x86_64/baseos/os/repodata/02bed39e9585e143cfa6cfbf84d12dde0b0dfdd52428770b9da0f94fd9541cb0-updateinfo.xml.gz
2023-04-22T18:49:10-0400 INFO Downloading: https://cdn.redhat.com/content/dist/rhel9/9/x86_64/appstream/os/Packages/p/perl-Error-0.17029-7.el9.noarch.rpm
2023-04-22T18:49:10-0400 INFO Downloading: https://cdn.redhat.com/content/dist/rhel9/9/x86_64/appstream/os/Packages/p/perl-TermReadKey-2.38-11.el9.x86_64.rpm
2023-04-22T18:49:10-0400 INFO Downloading: https://cdn.redhat.com/content/dist/rhel9/9/x86_64/appstream/os/Packages/p/perl-lib-0.65-479.el9.x86_64.rpm
2023-04-22T18:49:10-0400 INFO Downloading: https://cdn.redhat.com/content/dist/rhel9/9/x86_64/appstream/os/Packages/g/git-core-2.31.1-3.el9_1.x86_64.rpm
2023-04-22T18:49:10-0400 INFO Downloading: https://cdn.redhat.com/content/dist/rhel9/9/x86_64/appstream/os/Packages/g/git-core-doc-2.31.1-3.el9_1.noarch.rpm
2023-04-22T18:49:10-0400 INFO Downloading: https://cdn.redhat.com/content/dist/rhel9/9/x86_64/appstream/os/Packages/g/git-2.31.1-3.el9_1.x86_64.rpm
2023-04-22T18:49:11-0400 INFO Downloading: https://cdn.redhat.com/content/dist/rhel9/9/x86_64/appstream/os/Packages/p/perl-Git-2.31.1-3.el9_1.noarch.rpm
2023-04-22T18:49:11-0400 INFO Downloading: file:///etc/pki/rpm-gpg/RPM-GPG-KEY-redhat-release
2023-04-22T18:51:46-0400 INFO Librepo version: 1.14.2 with CURL_GLOBAL_ACK_EINTR support (libcurl/7.76.1 OpenSSL/3.0.1 zlib/1.2.11 brotli/1.0.9 libidn2/2.3.0 libpsl/0.21.1 (+libidn2/2.3.0) libssh/0.9.6/openssl/zlib nghttp2/1.43.0)
2023-04-22T18:51:50-0400 INFO Downloading: https://cdn.redhat.com/content/dist/rhel9/9/x86_64/appstream/os/Packages/l/libxcrypt-devel-4.4.18-3.el9.x86_64.rpm
2023-04-22T18:51:50-0400 INFO Downloading: https://cdn.redhat.com/content/dist/rhel9/9/x86_64/appstream/os/Packages/g/glibc-headers-2.34-40.el9.x86_64.rpm
2023-04-22T18:51:50-0400 INFO Downloading: https://cdn.redhat.com/content/dist/rhel9/9/x86_64/appstream/os/Packages/g/glibc-devel-2.34-40.el9.x86_64.rpm
2023-04-22T18:51:51-0400 INFO Downloading: https://cdn.redhat.com/content/dist/rhel9/9/x86_64/appstream/os/Packages/g/gcc-11.3.1-2.1.el9.x86_64.rpm
2023-04-22T18:51:51-0400 INFO Downloading: https://cdn.redhat.com/content/dist/rhel9/9/x86_64/appstream/os/Packages/k/kernel-headers-5.14.0-162.23.1.el9_1.x86_64.rpm
2023-04-22T18:51:51-0400 INFO Downloading: https://cdn.redhat.com/content/dist/rhel9/9/x86_64/baseos/os/Packages/m/make-4.3-7.el9.x86_64.rpm
2023-04-22T18:54:30-0400 INFO Librepo version: 1.14.2 with CURL_GLOBAL_ACK_EINTR support (libcurl/7.76.1 OpenSSL/3.0.1 zlib/1.2.11 brotli/1.0.9 libidn2/2.3.0 libpsl/0.21.1 (+libidn2/2.3.0) libssh/0.9.6/openssl/zlib nghttp2/1.43.0)
2023-04-22T18:54:31-0400 INFO Downloading: https://cdn.redhat.com/content/dist/rhel9/9/x86_64/appstream/os/repodata/repomd.xml
2023-04-22T18:54:32-0400 INFO Downloading: https://cdn.redhat.com/content/dist/rhel9/9/x86_64/baseos/os/repodata/repomd.xml
2023-04-22T20:54:30-0400 INFO Librepo version: 1.14.2 with CURL_GLOBAL_ACK_EINTR support (libcurl/7.76.1 OpenSSL/3.0.1 zlib/1.2.11 brotli/1.0.9 libidn2/2.3.0 libpsl/0.21.1 (+libidn2/2.3.0) libssh/0.9.6/openssl/zlib nghttp2/1.43.0)
2023-04-22T22:51:10-0400 INFO Librepo version: 1.14.2 with CURL_GLOBAL_ACK_EINTR support (libcurl/7.76.1 OpenSSL/3.0.1 zlib/1.2.11 brotli/1.0.9 libidn2/2.3.0 libpsl/0.21.1 (+libidn2/2.3.0) libssh/0.9.6/openssl/zlib nghttp2/1.43.0)
2023-04-22T22:51:10-0400 INFO Downloading: https://cdn.redhat.com/content/dist/rhel9/9/x86_64/appstream/os/repodata/repomd.xml
2023-04-22T22:51:10-0400 INFO Error during transfer: Curl error (6): Couldn't resolve host name for https://cdn.redhat.com/content/dist/rhel9/9/x86_64/appstream/os/repodata/repomd.xml [Could not resolve host: cdn.redhat.com]
2023-04-22T22:51:10-0400 INFO Error while downloading: Curl error (6): Couldn't resolve host name for https://cdn.redhat.com/content/dist/rhel9/9/x86_64/appstream/os/repodata/repomd.xml [Could not resolve host: cdn.redhat.com]
2023-04-23T00:04:30-0400 INFO Librepo version: 1.14.2 with CURL_GLOBAL_ACK_EINTR support (libcurl/7.76.1 OpenSSL/3.0.1 zlib/1.2.11 brotli/1.0.9 libidn2/2.3.0 libpsl/0.21.1 (+libidn2/2.3.0) libssh/0.9.6/openssl/zlib nghttp2/1.43.0)
2023-04-23T01:44:30-0400 INFO Librepo version: 1.14.2 with CURL_GLOBAL_ACK_EINTR support (libcurl/7.76.1 OpenSSL/3.0.1 zlib/1.2.11 brotli/1.0.9 libidn2/2.3.0 libpsl/0.21.1 (+libidn2/2.3.0) libssh/0.9.6/openssl/zlib nghttp2/1.43.0)
2023-05-06T21:57:06-0400 INFO Librepo version: 1.14.2 with CURL_GLOBAL_ACK_EINTR support (libcurl/7.76.1 OpenSSL/3.0.1 zlib/1.2.11 brotli/1.0.9 libidn2/2.3.0 libpsl/0.21.1 (+libidn2/2.3.0) libssh/0.9.6/openssl/zlib nghttp2/1.43.0)
2023-05-06T21:57:08-0400 INFO Downloading: https://cdn.redhat.com/content/dist/rhel9/9/x86_64/appstream/os/repodata/repomd.xml
2023-05-06T21:57:09-0400 INFO Downloading: https://cdn.redhat.com/content/dist/rhel9/9/x86_64/appstream/os/repodata/repomd.xml
2023-05-06T21:57:09-0400 INFO Downloading: https://cdn.redhat.com/content/dist/rhel9/9/x86_64/appstream/os/repodata/4cac12398ee51ef751dc184e6d664a75bc19c29cc66e5af1ebcdbc08a80a3484-primary.xml.gz
2023-05-06T21:57:09-0400 INFO Downloading: https://cdn.redhat.com/content/dist/rhel9/9/x86_64/appstream/os/repodata/da5e13bff1949e310562c5e2c216e917e10830371a567542a6e5823e86cb2a95-filelists.xml.gz
2023-05-06T21:57:09-0400 INFO Downloading: https://cdn.redhat.com/content/dist/rhel9/9/x86_64/appstream/os/repodata/dda2216bc097472bca47dce8664810e832408ceedbccde4a1c0a5f2e65b24edc-comps.xml
2023-05-06T21:57:10-0400 INFO Downloading: https://cdn.redhat.com/content/dist/rhel9/9/x86_64/appstream/os/repodata/7ec1131a4e2d8e88b6ebd68d53e0e10a25e6decf3a2bfae0f39d466435426031-modules.yaml.gz
2023-05-06T21:57:10-0400 INFO Downloading: https://cdn.redhat.com/content/dist/rhel9/9/x86_64/appstream/os/repodata/65664eb2-6d19-46a0-b880-adaca055e03f
2023-05-06T21:57:10-0400 INFO Downloading: https://cdn.redhat.com/content/dist/rhel9/9/x86_64/appstream/os/repodata/78ac6b34574ba029156fc49530c1148ff6b8ff92e4f56b2b85510d72895502fd-updateinfo.xml.gz
2023-05-06T21:57:12-0400 INFO Downloading: https://cdn.redhat.com/content/dist/rhel9/9/x86_64/baseos/os/repodata/repomd.xml
2023-05-06T21:57:12-0400 INFO Downloading: https://cdn.redhat.com/content/dist/rhel9/9/x86_64/baseos/os/repodata/repomd.xml
2023-05-06T21:57:13-0400 INFO Downloading: https://cdn.redhat.com/content/dist/rhel9/9/x86_64/baseos/os/repodata/af7ce5c334bfa09b4bf688bc2cf5a6e8026e16b5db6db6c314177b7ec98ba9c2-primary.xml.gz
2023-05-06T21:57:13-0400 INFO Downloading: https://cdn.redhat.com/content/dist/rhel9/9/x86_64/baseos/os/repodata/587935c27cd8757dbba2e9b943b00632d0068f295e7c8aa72e7c7b4a47827a30-filelists.xml.gz
2023-05-06T21:57:13-0400 INFO Downloading: https://cdn.redhat.com/content/dist/rhel9/9/x86_64/baseos/os/repodata/cdee59d224fde6efd62bc4fcb0a4f0fd2ff855f5eea27a17578a69bd70aeeb92-comps.xml
2023-05-06T21:57:13-0400 INFO Downloading: https://cdn.redhat.com/content/dist/rhel9/9/x86_64/baseos/os/repodata/9e926246-14c4-4a14-97e1-0cd5976a6a5a
2023-05-06T21:57:13-0400 INFO Downloading: https://cdn.redhat.com/content/dist/rhel9/9/x86_64/baseos/os/repodata/a3edd369128c25b7e7083fdb8482ec24630318e118158f1d3191ee0dd7a83683-updateinfo.xml.gz
2023-05-06T21:58:28-0400 INFO Librepo version: 1.14.2 with CURL_GLOBAL_ACK_EINTR support (libcurl/7.76.1 OpenSSL/3.0.1 zlib/1.2.11 brotli/1.0.9 libidn2/2.3.0 libpsl/0.21.1 (+libidn2/2.3.0) libssh/0.9.6/openssl/zlib nghttp2/1.43.0)
2023-05-06T21:58:29-0400 INFO Downloading: https://cdn.redhat.com/content/dist/rhel9/9/x86_64/appstream/os/repodata/repomd.xml
2023-05-06T21:58:30-0400 INFO Downloading: https://cdn.redhat.com/content/dist/rhel9/9/x86_64/baseos/os/repodata/repomd.xml
2023-05-06T22:05:29-0400 INFO Librepo version: 1.14.2 with CURL_GLOBAL_ACK_EINTR support (libcurl/7.76.1 OpenSSL/3.0.1 zlib/1.2.11 brotli/1.0.9 libidn2/2.3.0 libpsl/0.21.1 (+libidn2/2.3.0) libssh/0.9.6/openssl/zlib nghttp2/1.43.0)
2023-05-06T23:14:28-0400 INFO Librepo version: 1.14.2 with CURL_GLOBAL_ACK_EINTR support (libcurl/7.76.1 OpenSSL/3.0.1 zlib/1.2.11 brotli/1.0.9 libidn2/2.3.0 libpsl/0.21.1 (+libidn2/2.3.0) libssh/0.9.6/openssl/zlib nghttp2/1.43.0)
2023-05-07T00:40:31-0400 INFO Librepo version: 1.14.2 with CURL_GLOBAL_ACK_EINTR support (libcurl/7.76.1 OpenSSL/3.0.1 zlib/1.2.11 brotli/1.0.9 libidn2/2.3.0 libpsl/0.21.1 (+libidn2/2.3.0) libssh/0.9.6/openssl/zlib nghttp2/1.43.0)
2023-05-07T02:11:17-0400 INFO Librepo version: 1.14.2 with CURL_GLOBAL_ACK_EINTR support (libcurl/7.76.1 OpenSSL/3.0.1 zlib/1.2.11 brotli/1.0.9 libidn2/2.3.0 libpsl/0.21.1 (+libidn2/2.3.0) libssh/0.9.6/openssl/zlib nghttp2/1.43.0)
2023-05-07T02:11:19-0400 INFO Downloading: https://cdn.redhat.com/content/dist/rhel9/9/x86_64/appstream/os/repodata/repomd.xml
2023-05-07T02:11:20-0400 INFO Downloading: https://cdn.redhat.com/content/dist/rhel9/9/x86_64/baseos/os/repodata/repomd.xml
2023-05-07T04:02:28-0400 INFO Librepo version: 1.14.2 with CURL_GLOBAL_ACK_EINTR support (libcurl/7.76.1 OpenSSL/3.0.1 zlib/1.2.11 brotli/1.0.9 libidn2/2.3.0 libpsl/0.21.1 (+libidn2/2.3.0) libssh/0.9.6/openssl/zlib nghttp2/1.43.0)
2023-05-07T05:40:03-0400 INFO Librepo version: 1.14.2 with CURL_GLOBAL_ACK_EINTR support (libcurl/7.76.1 OpenSSL/3.0.1 zlib/1.2.11 brotli/1.0.9 libidn2/2.3.0 libpsl/0.21.1 (+libidn2/2.3.0) libssh/0.9.6/openssl/zlib nghttp2/1.43.0)
2023-05-07T05:40:03-0400 INFO Downloading: https://cdn.redhat.com/content/dist/rhel9/9/x86_64/appstream/os/repodata/repomd.xml
2023-05-07T05:40:03-0400 INFO Downloading: https://cdn.redhat.com/content/dist/rhel9/9/x86_64/baseos/os/repodata/repomd.xml
2023-05-07T06:52:51-0400 INFO Librepo version: 1.14.2 with CURL_GLOBAL_ACK_EINTR support (libcurl/7.76.1 OpenSSL/3.0.1 zlib/1.2.11 brotli/1.0.9 libidn2/2.3.0 libpsl/0.21.1 (+libidn2/2.3.0) libssh/0.9.6/openssl/zlib nghttp2/1.43.0)
2023-05-07T08:33:28-0400 INFO Librepo version: 1.14.2 with CURL_GLOBAL_ACK_EINTR support (libcurl/7.76.1 OpenSSL/3.0.1 zlib/1.2.11 brotli/1.0.9 libidn2/2.3.0 libpsl/0.21.1 (+libidn2/2.3.0) libssh/0.9.6/openssl/zlib nghttp2/1.43.0)
2023-05-07T09:38:06-0400 INFO Librepo version: 1.14.2 with CURL_GLOBAL_ACK_EINTR support (libcurl/7.76.1 OpenSSL/3.0.1 zlib/1.2.11 brotli/1.0.9 libidn2/2.3.0 libpsl/0.21.1 (+libidn2/2.3.0) libssh/0.9.6/openssl/zlib nghttp2/1.43.0)
2023-05-07T09:38:06-0400 INFO Downloading: https://cdn.redhat.com/content/dist/rhel9/9/x86_64/appstream/os/repodata/repomd.xml
2023-05-07T09:38:06-0400 INFO Error during transfer: Curl error (6): Couldn't resolve host name for https://cdn.redhat.com/content/dist/rhel9/9/x86_64/appstream/os/repodata/repomd.xml [Could not resolve host: cdn.redhat.com]
2023-05-07T09:38:06-0400 INFO Error while downloading: Curl error (6): Couldn't resolve host name for https://cdn.redhat.com/content/dist/rhel9/9/x86_64/appstream/os/repodata/repomd.xml [Could not resolve host: cdn.redhat.com]
2023-05-07T11:38:28-0400 INFO Librepo version: 1.14.2 with CURL_GLOBAL_ACK_EINTR support (libcurl/7.76.1 OpenSSL/3.0.1 zlib/1.2.11 brotli/1.0.9 libidn2/2.3.0 libpsl/0.21.1 (+libidn2/2.3.0) libssh/0.9.6/openssl/zlib nghttp2/1.43.0)
2023-05-07T12:50:29-0400 INFO Librepo version: 1.14.2 with CURL_GLOBAL_ACK_EINTR support (libcurl/7.76.1 OpenSSL/3.0.1 zlib/1.2.11 brotli/1.0.9 libidn2/2.3.0 libpsl/0.21.1 (+libidn2/2.3.0) libssh/0.9.6/openssl/zlib nghttp2/1.43.0)
2023-05-07T12:50:29-0400 INFO Downloading: https://cdn.redhat.com/content/dist/rhel9/9/x86_64/appstream/os/repodata/repomd.xml
2023-05-07T12:50:29-0400 INFO Error during transfer: Curl error (6): Couldn't resolve host name for https://cdn.redhat.com/content/dist/rhel9/9/x86_64/appstream/os/repodata/repomd.xml [Could not resolve host: cdn.redhat.com]
2023-05-07T12:50:29-0400 INFO Error while downloading: Curl error (6): Couldn't resolve host name for https://cdn.redhat.com/content/dist/rhel9/9/x86_64/appstream/os/repodata/repomd.xml [Could not resolve host: cdn.redhat.com]
2023-05-07T14:31:28-0400 INFO Librepo version: 1.14.2 with CURL_GLOBAL_ACK_EINTR support (libcurl/7.76.1 OpenSSL/3.0.1 zlib/1.2.11 brotli/1.0.9 libidn2/2.3.0 libpsl/0.21.1 (+libidn2/2.3.0) libssh/0.9.6/openssl/zlib nghttp2/1.43.0)
2023-05-07T15:36:31-0400 INFO Librepo version: 1.14.2 with CURL_GLOBAL_ACK_EINTR support (libcurl/7.76.1 OpenSSL/3.0.1 zlib/1.2.11 brotli/1.0.9 libidn2/2.3.0 libpsl/0.21.1 (+libidn2/2.3.0) libssh/0.9.6/openssl/zlib nghttp2/1.43.0)
2023-05-07T17:11:28-0400 INFO Librepo version: 1.14.2 with CURL_GLOBAL_ACK_EINTR support (libcurl/7.76.1 OpenSSL/3.0.1 zlib/1.2.11 brotli/1.0.9 libidn2/2.3.0 libpsl/0.21.1 (+libidn2/2.3.0) libssh/0.9.6/openssl/zlib nghttp2/1.43.0)
2023-05-07T17:11:28-0400 INFO Downloading: https://cdn.redhat.com/content/dist/rhel9/9/x86_64/appstream/os/repodata/repomd.xml
2023-05-07T17:11:28-0400 INFO Error during transfer: Curl error (6): Couldn't resolve host name for https://cdn.redhat.com/content/dist/rhel9/9/x86_64/appstream/os/repodata/repomd.xml [Could not resolve host: cdn.redhat.com]
2023-05-07T17:11:28-0400 INFO Error while downloading: Curl error (6): Couldn't resolve host name for https://cdn.redhat.com/content/dist/rhel9/9/x86_64/appstream/os/repodata/repomd.xml [Could not resolve host: cdn.redhat.com]
2023-05-07T19:05:28-0400 INFO Librepo version: 1.14.2 with CURL_GLOBAL_ACK_EINTR support (libcurl/7.76.1 OpenSSL/3.0.1 zlib/1.2.11 brotli/1.0.9 libidn2/2.3.0 libpsl/0.21.1 (+libidn2/2.3.0) libssh/0.9.6/openssl/zlib nghttp2/1.43.0)
2023-05-07T20:52:28-0400 INFO Librepo version: 1.14.2 with CURL_GLOBAL_ACK_EINTR support (libcurl/7.76.1 OpenSSL/3.0.1 zlib/1.2.11 brotli/1.0.9 libidn2/2.3.0 libpsl/0.21.1 (+libidn2/2.3.0) libssh/0.9.6/openssl/zlib nghttp2/1.43.0)
2023-05-07T20:52:28-0400 INFO Downloading: https://cdn.redhat.com/content/dist/rhel9/9/x86_64/appstream/os/repodata/repomd.xml
2023-05-07T20:52:28-0400 INFO Error during transfer: Curl error (6): Couldn't resolve host name for https://cdn.redhat.com/content/dist/rhel9/9/x86_64/appstream/os/repodata/repomd.xml [Could not resolve host: cdn.redhat.com]
2023-05-07T20:52:28-0400 INFO Error while downloading: Curl error (6): Couldn't resolve host name for https://cdn.redhat.com/content/dist/rhel9/9/x86_64/appstream/os/repodata/repomd.xml [Could not resolve host: cdn.redhat.com]
2023-05-07T22:48:28-0400 INFO Librepo version: 1.14.2 with CURL_GLOBAL_ACK_EINTR support (libcurl/7.76.1 OpenSSL/3.0.1 zlib/1.2.11 brotli/1.0.9 libidn2/2.3.0 libpsl/0.21.1 (+libidn2/2.3.0) libssh/0.9.6/openssl/zlib nghttp2/1.43.0)
2023-05-07T23:51:28-0400 INFO Librepo version: 1.14.2 with CURL_GLOBAL_ACK_EINTR support (libcurl/7.76.1 OpenSSL/3.0.1 zlib/1.2.11 brotli/1.0.9 libidn2/2.3.0 libpsl/0.21.1 (+libidn2/2.3.0) libssh/0.9.6/openssl/zlib nghttp2/1.43.0)
2023-05-08T01:17:28-0400 INFO Librepo version: 1.14.2 with CURL_GLOBAL_ACK_EINTR support (libcurl/7.76.1 OpenSSL/3.0.1 zlib/1.2.11 brotli/1.0.9 libidn2/2.3.0 libpsl/0.21.1 (+libidn2/2.3.0) libssh/0.9.6/openssl/zlib nghttp2/1.43.0)
2023-05-08T01:17:28-0400 INFO Downloading: https://cdn.redhat.com/content/dist/rhel9/9/x86_64/appstream/os/repodata/repomd.xml
2023-05-08T01:17:28-0400 INFO Error during transfer: Curl error (6): Couldn't resolve host name for https://cdn.redhat.com/content/dist/rhel9/9/x86_64/appstream/os/repodata/repomd.xml [Could not resolve host: cdn.redhat.com]
2023-05-08T01:17:28-0400 INFO Error while downloading: Curl error (6): Couldn't resolve host name for https://cdn.redhat.com/content/dist/rhel9/9/x86_64/appstream/os/repodata/repomd.xml [Could not resolve host: cdn.redhat.com]
2023-05-08T02:43:28-0400 INFO Librepo version: 1.14.2 with CURL_GLOBAL_ACK_EINTR support (libcurl/7.76.1 OpenSSL/3.0.1 zlib/1.2.11 brotli/1.0.9 libidn2/2.3.0 libpsl/0.21.1 (+libidn2/2.3.0) libssh/0.9.6/openssl/zlib nghttp2/1.43.0)
2023-05-10T00:48:40-0400 INFO Librepo version: 1.14.2 with CURL_GLOBAL_ACK_EINTR support (libcurl/7.76.1 OpenSSL/3.0.1 zlib/1.2.11 brotli/1.0.9 libidn2/2.3.0 libpsl/0.21.1 (+libidn2/2.3.0) libssh/0.9.6/openssl/zlib nghttp2/1.43.0)
2023-05-10T00:48:42-0400 INFO Downloading: https://cdn.redhat.com/content/dist/rhel9/9/x86_64/appstream/os/repodata/repomd.xml
2023-05-10T00:48:42-0400 INFO Downloading: https://cdn.redhat.com/content/dist/rhel9/9/x86_64/appstream/os/repodata/repomd.xml
2023-05-10T00:48:42-0400 INFO Downloading: https://cdn.redhat.com/content/dist/rhel9/9/x86_64/appstream/os/repodata/b57a3e3ebc208aa27ce5c97f09616fefffcbc68334639b3dfeeecb8300a62a15-primary.xml.gz
2023-05-10T00:48:42-0400 INFO Downloading: https://cdn.redhat.com/content/dist/rhel9/9/x86_64/appstream/os/repodata/8b095c998f86714eaa9b87309b0f987031d1bda6fb4461076b7095bcea5b3d4b-filelists.xml.gz
2023-05-10T00:48:42-0400 INFO Downloading: https://cdn.redhat.com/content/dist/rhel9/9/x86_64/appstream/os/repodata/89507edefdfe33c62e0703ba728488b9bf3fdf233b43beec9f9b128bb5b2bde3-comps.xml
2023-05-10T00:48:43-0400 INFO Downloading: https://cdn.redhat.com/content/dist/rhel9/9/x86_64/appstream/os/repodata/587b041048a04d436f9e77b1aedc35e2d0248178c6e750446aef18a3770ab884-modules.yaml.gz
2023-05-10T00:48:43-0400 INFO Downloading: https://cdn.redhat.com/content/dist/rhel9/9/x86_64/appstream/os/repodata/be5fe010-1588-4689-80ed-372c5165a2c3
2023-05-10T00:48:43-0400 INFO Downloading: https://cdn.redhat.com/content/dist/rhel9/9/x86_64/appstream/os/repodata/d93defbcf71f9fc15f230c12ba09e2113182137b5ce18939714473f8b42d5e93-updateinfo.xml.gz
2023-05-10T00:48:46-0400 INFO Downloading: https://cdn.redhat.com/content/dist/rhel9/9/x86_64/baseos/os/repodata/repomd.xml
2023-05-10T00:48:46-0400 INFO Downloading: https://cdn.redhat.com/content/dist/rhel9/9/x86_64/baseos/os/repodata/repomd.xml
2023-05-10T00:48:46-0400 INFO Downloading: https://cdn.redhat.com/content/dist/rhel9/9/x86_64/baseos/os/repodata/7ccc547ae40d5aa7318c8a8ef178a5b6e1a19cae15ef76a58e6d857c1ef69b77-primary.xml.gz
2023-05-10T00:48:46-0400 INFO Downloading: https://cdn.redhat.com/content/dist/rhel9/9/x86_64/baseos/os/repodata/cb0a097f9c41c0f4ca6a063584c1ec38d1821f021650459c41c064a7388e7995-filelists.xml.gz
2023-05-10T00:48:46-0400 INFO Downloading: https://cdn.redhat.com/content/dist/rhel9/9/x86_64/baseos/os/repodata/b45f50851756a554bd9200b0fe043937a6ae7d2bba57f71ebdd2ed9e7e5406cd-comps.xml
2023-05-10T00:48:46-0400 INFO Downloading: https://cdn.redhat.com/content/dist/rhel9/9/x86_64/baseos/os/repodata/8fd17e5c-9ec5-4a1f-bfd3-068972c88f1b
2023-05-10T00:48:46-0400 INFO Downloading: https://cdn.redhat.com/content/dist/rhel9/9/x86_64/baseos/os/repodata/9b3d221995bea7cd39e61007d47b7e6c862169b68599d2be3ee3932b8d47286e-updateinfo.xml.gz
2023-05-10T02:09:39-0400 INFO Librepo version: 1.14.2 with CURL_GLOBAL_ACK_EINTR support (libcurl/7.76.1 OpenSSL/3.0.1 zlib/1.2.11 brotli/1.0.9 libidn2/2.3.0 libpsl/0.21.1 (+libidn2/2.3.0) libssh/0.9.6/openssl/zlib nghttp2/1.43.0)
2023-12-15T01:36:31-0500 INFO Librepo version: 1.14.2 with CURL_GLOBAL_ACK_EINTR support (libcurl/7.76.1 OpenSSL/3.0.1 zlib/1.2.11 brotli/1.0.9 libidn2/2.3.0 libpsl/0.21.1 (+libidn2/2.3.0) libssh/0.9.6/openssl/zlib nghttp2/1.43.0)
2023-12-15T01:36:32-0500 INFO Downloading: https://cdn.redhat.com/content/dist/rhel9/9/x86_64/appstream/os/repodata/repomd.xml
2023-12-15T01:36:33-0500 INFO Downloading: https://cdn.redhat.com/content/dist/rhel9/9/x86_64/appstream/os/repodata/4c710c6c62aed90db2b022b9162093da615c2839db03ef97988286a5bba73400-primary.xml.gz
2023-12-15T01:36:33-0500 INFO Downloading: https://cdn.redhat.com/content/dist/rhel9/9/x86_64/appstream/os/repodata/16cfaa029db250040e297d1d1ef22565b90439cea9e6246738a8c4bcafd0998a-filelists.xml.gz
2023-12-15T01:36:33-0500 INFO Downloading: https://cdn.redhat.com/content/dist/rhel9/9/x86_64/appstream/os/repodata/64cb04c145d7ea4f6b5c7a68418bceb00d8aeffccc955b506c6f5b03f073a9dc-comps.xml
2023-12-15T01:36:33-0500 INFO Downloading: https://cdn.redhat.com/content/dist/rhel9/9/x86_64/appstream/os/repodata/d60b064e75638e1b7ea433b5b6d0184eb52461f02e32dbd2407658aa8c058824-modules.yaml.gz
2023-12-15T01:36:33-0500 INFO Downloading: https://cdn.redhat.com/content/dist/rhel9/9/x86_64/appstream/os/repodata/b0624fe0-77f0-4c74-b1e6-b55a549c86a0
2023-12-15T01:36:34-0500 INFO Downloading: https://cdn.redhat.com/content/dist/rhel9/9/x86_64/appstream/os/repodata/df7514d34305c507d6ab1d303b6483df351946f0df4a0fb8e897246ac541ab8e-updateinfo.xml.gz
2023-12-15T01:36:35-0500 INFO Downloading: https://cdn.redhat.com/content/dist/rhel9/9/x86_64/baseos/os/repodata/repomd.xml
2023-12-15T01:36:35-0500 INFO Downloading: https://cdn.redhat.com/content/dist/rhel9/9/x86_64/baseos/os/repodata/150d4c78545832da41dc0696b6b423cb8867d269c925e3383dbacbf94500dada-primary.xml.gz
2023-12-15T01:36:35-0500 INFO Downloading: https://cdn.redhat.com/content/dist/rhel9/9/x86_64/baseos/os/repodata/a2b8b0f6b60710b582c20a985894dd7833d8d1f9b4bc5d515182f265c5185a18-filelists.xml.gz
2023-12-15T01:36:35-0500 INFO Downloading: https://cdn.redhat.com/content/dist/rhel9/9/x86_64/baseos/os/repodata/8fa124ec66472f563eb1da8ae070762ed710e12f4d3876c902df5900818a88bd-comps.xml
2023-12-15T01:36:35-0500 INFO Downloading: https://cdn.redhat.com/content/dist/rhel9/9/x86_64/baseos/os/repodata/f607a153-f54b-49e3-a7ba-ba21cdd55e96
2023-12-15T01:36:35-0500 INFO Downloading: https://cdn.redhat.com/content/dist/rhel9/9/x86_64/baseos/os/repodata/69f90816bfe5a7a12af8bb1a2da6c4394f53f03f43276408d0e156e8f45cd82b-updateinfo.xml.gz
2024-02-16T19:54:37-0500 INFO Librepo version: 1.14.2 with CURL_GLOBAL_ACK_EINTR support (libcurl/7.76.1 OpenSSL/3.0.1 zlib/1.2.11 brotli/1.0.9 libidn2/2.3.0 libpsl/0.21.1 (+libidn2/2.3.0) libssh/0.9.6/openssl/zlib nghttp2/1.43.0)
2024-02-16T19:54:39-0500 INFO Downloading: https://cdn.redhat.com/content/dist/rhel9/9/x86_64/appstream/os/repodata/repomd.xml
2024-02-16T19:54:39-0500 INFO Downloading: https://cdn.redhat.com/content/dist/rhel9/9/x86_64/appstream/os/repodata/repomd.xml
2024-02-16T19:54:39-0500 INFO Downloading: https://cdn.redhat.com/content/dist/rhel9/9/x86_64/appstream/os/repodata/baf74af10a595e2111373683bb25ae6df8177d2b0131f582f44508489ccc43fa-primary.xml.gz
2024-02-16T19:54:39-0500 INFO Downloading: https://cdn.redhat.com/content/dist/rhel9/9/x86_64/appstream/os/repodata/123abb2447f674e16edb1314d148c767e6fe91c5a7eaf7cecc4a194b9cd3e561-filelists.xml.gz
2024-02-16T19:54:39-0500 INFO Downloading: https://cdn.redhat.com/content/dist/rhel9/9/x86_64/appstream/os/repodata/64cb04c145d7ea4f6b5c7a68418bceb00d8aeffccc955b506c6f5b03f073a9dc-comps.xml
2024-02-16T19:54:39-0500 INFO Downloading: https://cdn.redhat.com/content/dist/rhel9/9/x86_64/appstream/os/repodata/6f4ea3d62f545c1428f38a8f23ce0e6826aac44de0c52c7cffc57a6ebf49d86c-modules.yaml.gz
2024-02-16T19:54:40-0500 INFO Downloading: https://cdn.redhat.com/content/dist/rhel9/9/x86_64/appstream/os/repodata/b0624fe0-77f0-4c74-b1e6-b55a549c86a0
2024-02-16T19:54:40-0500 INFO Downloading: https://cdn.redhat.com/content/dist/rhel9/9/x86_64/appstream/os/repodata/fc98a0f42d74e190b55e2d0693dd0ed0358b9dd3f46997144f9e12e77c2d7282-updateinfo.xml.gz
2024-02-16T19:54:46-0500 INFO Downloading: https://cdn.redhat.com/content/dist/rhel9/9/x86_64/baseos/os/repodata/repomd.xml
2024-02-16T19:54:46-0500 INFO Downloading: https://cdn.redhat.com/content/dist/rhel9/9/x86_64/baseos/os/repodata/repomd.xml
2024-02-16T19:54:46-0500 INFO Downloading: https://cdn.redhat.com/content/dist/rhel9/9/x86_64/baseos/os/repodata/7b5f647ad7d1b75c223cd953ccad4dcf82e28f754e903427aa3de701c804be33-primary.xml.gz
2024-02-16T19:54:46-0500 INFO Downloading: https://cdn.redhat.com/content/dist/rhel9/9/x86_64/baseos/os/repodata/d0cf3be860b78b942185a3cfdb7e4a54fffe360c0c5f92dca105c84d3aa6237a-filelists.xml.gz
2024-02-16T19:54:46-0500 INFO Downloading: https://cdn.redhat.com/content/dist/rhel9/9/x86_64/baseos/os/repodata/8fa124ec66472f563eb1da8ae070762ed710e12f4d3876c902df5900818a88bd-comps.xml
2024-02-16T19:54:47-0500 INFO Downloading: https://cdn.redhat.com/content/dist/rhel9/9/x86_64/baseos/os/repodata/f607a153-f54b-49e3-a7ba-ba21cdd55e96
2024-02-16T19:54:47-0500 INFO Downloading: https://cdn.redhat.com/content/dist/rhel9/9/x86_64/baseos/os/repodata/a35eed440a367d7c9907e89425168be4c39b4f28e60a0abc72fbfbf4b225453d-updateinfo.xml.gz
2024-02-16T19:54:52-0500 INFO Downloading: https://cdn.redhat.com/content/dist/rhel9/9/x86_64/baseos/os/Packages/i/iproute-6.2.0-5.el9.x86_64.rpm
2024-02-16T19:54:52-0500 INFO Downloading: https://cdn.redhat.com/content/dist/rhel9/9/x86_64/baseos/os/Packages/i/iproute-tc-6.2.0-5.el9.x86_64.rpm
2024-02-16T19:55:01-0500 INFO Librepo version: 1.14.2 with CURL_GLOBAL_ACK_EINTR support (libcurl/7.76.1 OpenSSL/3.0.1 zlib/1.2.11 brotli/1.0.9 libidn2/2.3.0 libpsl/0.21.1 (+libidn2/2.3.0) libssh/0.9.6/openssl/zlib nghttp2/1.43.0)
2024-02-16T19:57:48-0500 INFO Librepo version: 1.14.2 with CURL_GLOBAL_ACK_EINTR support (libcurl/7.76.1 OpenSSL/3.0.1 zlib/1.2.11 brotli/1.0.9 libidn2/2.3.0 libpsl/0.21.1 (+libidn2/2.3.0) libssh/0.9.6/openssl/zlib nghttp2/1.43.0)
2024-02-16T19:57:50-0500 INFO Downloading: https://cdn.redhat.com/content/dist/rhel9/9/x86_64/baseos/os/Packages/s/shadow-utils-4.9-8.el9.x86_64.rpm
2024-02-16T19:59:32-0500 INFO Librepo version: 1.14.2 with CURL_GLOBAL_ACK_EINTR support (libcurl/7.76.1 OpenSSL/3.0.1 zlib/1.2.11 brotli/1.0.9 libidn2/2.3.0 libpsl/0.21.1 (+libidn2/2.3.0) libssh/0.9.6/openssl/zlib nghttp2/1.43.0)
2024-02-16T19:59:33-0500 INFO Downloading: https://cdn.redhat.com/content/dist/rhel9/9/x86_64/appstream/os/repodata/repomd.xml
2024-02-16T19:59:33-0500 INFO Downloading: https://cdn.redhat.com/content/dist/rhel9/9/x86_64/baseos/os/repodata/repomd.xml
2024-02-16T19:59:42-0500 INFO Librepo version: 1.14.2 with CURL_GLOBAL_ACK_EINTR support (libcurl/7.76.1 OpenSSL/3.0.1 zlib/1.2.11 brotli/1.0.9 libidn2/2.3.0 libpsl/0.21.1 (+libidn2/2.3.0) libssh/0.9.6/openssl/zlib nghttp2/1.43.0)
2024-02-16T20:00:14-0500 INFO Librepo version: 1.14.2 with CURL_GLOBAL_ACK_EINTR support (libcurl/7.76.1 OpenSSL/3.0.1 zlib/1.2.11 brotli/1.0.9 libidn2/2.3.0 libpsl/0.21.1 (+libidn2/2.3.0) libssh/0.9.6/openssl/zlib nghttp2/1.43.0)
2024-02-16T20:00:21-0500 INFO Librepo version: 1.14.2 with CURL_GLOBAL_ACK_EINTR support (libcurl/7.76.1 OpenSSL/3.0.1 zlib/1.2.11 brotli/1.0.9 libidn2/2.3.0 libpsl/0.21.1 (+libidn2/2.3.0) libssh/0.9.6/openssl/zlib nghttp2/1.43.0)
