libgcc-11.3.1-4.4.el9.x86_64
fonts-filesystem-2.0.5-7.el9.1.noarch
linux-firmware-whence-20230404-134.el9.noarch
crypto-policies-20221215-1.git9a18988.el9.noarch
xkeyboard-config-2.33-2.el9.noarch
tzdata-2023c-1.el9.noarch
libreport-filesystem-2.15.2-6.el9.noarch
hwdata-0.348-9.9.el9.noarch
kacst-fonts-common-2.0-27.el9.noarch
tigervnc-license-1.13.1-2.el9.noarch
dnf-data-4.14.0-4.el9.noarch
linux-firmware-20230404-134.el9.noarch
abattis-cantarell-fonts-0.301-4.el9.noarch
adobe-source-code-pro-fonts-2.030.1.050-12.el9.1.noarch
dejavu-sans-mono-fonts-2.37-18.el9.noarch
dejavu-sans-fonts-2.37-18.el9.noarch
langpacks-core-font-en-3.0-16.el9.noarch
thai-scalable-fonts-common-0.7.2-5.el9.noarch
yelp-xsl-40.2-1.el9.noarch
rust-srpm-macros-17-4.el9.noarch
quota-nls-4.06-6.el9.noarch
qt5-srpm-macros-5.15.3-1.el9.noarch
python3-setuptools-wheel-53.0.0-12.el9.noarch
pyproject-srpm-macros-1.6.2-1.el9.noarch
publicsuffix-list-dafsa-20210518-3.el9.noarch
pkgconf-m4-1.7.3-10.el9.noarch
perl-srpm-macros-1-41.el9.noarch
pcre2-syntax-10.40-2.el9.noarch
openblas-srpm-macros-2-11.el9.noarch
ocaml-srpm-macros-6-6.el9.noarch
ncurses-base-6.2-8.20210508.el9.noarch
mobile-broadband-provider-info-20210805-2.el9.noarch
mesa-filesystem-22.3.0-2.el9.x86_64
libwacom-data-1.12.1-2.el9.noarch
libssh-config-0.10.4-8.el9.noarch
libX11-common-1.7.0-7.el9.noarch
langtable-0.0.54-4.el9.noarch
kbd-misc-2.4.0-8.el9.noarch
hunspell-filesystem-1.7.0-11.el9.x86_64
google-noto-cjk-fonts-common-20201206-4.el9.noarch
gnome-control-center-filesystem-40.0-29.el9.noarch
ghc-srpm-macros-1.5.0-6.el9.noarch
fuse-common-3.10.2-5.el9.x86_64
emacs-filesystem-27.2-9.el9.noarch
coreutils-common-8.32-34.el9.x86_64
centos-gpg-keys-9.0-21.el9.noarch
centos-stream-repos-9.0-21.el9.noarch
centos-stream-release-9.0-21.el9.noarch
setup-2.13.7-9.el9.noarch
filesystem-3.16-2.el9.x86_64
efi-filesystem-4-8.el9.noarch
basesystem-11-13.el9.noarch
glibc-all-langpacks-2.34-65.el9.x86_64
glibc-gconv-extra-2.34-65.el9.x86_64
glibc-common-2.34-65.el9.x86_64
glibc-2.34-65.el9.x86_64
ncurses-libs-6.2-8.20210508.el9.x86_64
bash-5.1.8-6.el9.x86_64
zlib-1.2.11-39.el9.x86_64
libstdc++-11.3.1-4.4.el9.x86_64
xz-libs-5.2.5-8.el9.x86_64
libxml2-2.9.13-3.el9.x86_64
libuuid-2.37.4-10.el9.x86_64
bzip2-libs-1.0.8-8.el9.x86_64
sqlite-libs-3.34.1-6.el9.x86_64
libcap-2.48-8.el9.x86_64
popt-1.18-8.el9.x86_64
libzstd-1.5.1-2.el9.x86_64
libxcrypt-4.4.18-3.el9.x86_64
elfutils-libelf-0.188-3.el9.x86_64
expat-2.5.0-1.el9.x86_64
json-c-0.14-11.el9.x86_64
readline-8.1-4.el9.x86_64
libcom_err-1.46.5-3.el9.x86_64
nspr-4.34.0-18.el9.x86_64
libffi-3.4.2-7.el9.x86_64
libwayland-client-1.21.0-1.el9.x86_64
p11-kit-0.24.1-2.el9.x86_64
libgpg-error-1.42-5.el9.x86_64
libgcrypt-1.10.0-10.el9.x86_64
nss-util-3.79.0-18.el9.x86_64
libpng-1.6.37-12.el9.x86_64
keyutils-libs-1.6.3-1.el9.x86_64
libX11-xcb-1.7.0-7.el9.x86_64
libnl3-3.7.0-1.el9.x86_64
libedit-3.1-37.20210216cvs.el9.x86_64
gmp-6.2.0-10.el9.x86_64
libXau-1.0.9-8.el9.x86_64
libxcb-1.13.1-9.el9.x86_64
libX11-1.7.0-7.el9.x86_64
libXext-1.3.4-8.el9.x86_64
libXi-1.7.10-8.el9.x86_64
libXrender-0.9.10-16.el9.x86_64
libXfixes-5.0.3-16.el9.x86_64
libattr-2.5.1-3.el9.x86_64
libacl-2.3.1-3.el9.x86_64
libcap-ng-0.8.2-7.el9.x86_64
audit-libs-3.0.7-103.el9.x86_64
libjpeg-turbo-2.0.90-6.el9.x86_64
lz4-libs-1.9.3-5.el9.x86_64
