21:46:50.941000 lvs[1981] device_mapper/libdm-config.c:1085  log/activation not found in config: defaulting to 0
21:46:50.941000 lvs[1981] config/config.c:1501  log/debug_classes not found in config: defaulting to debug_classes = [ "memory", "devices", "io", "activation", "allocation", "metadata", "cache", "locking", "lvmpolld", "dbus" ]
21:46:50.941000 lvs[1981] commands/toolcontext.c:433  Setting log debug classes to 2031
21:46:50.941000 lvs[1981] config/config.c:1501  log/debug_file_fields not found in config: defaulting to debug_file_fields = [ "time", "command", "fileline", "message" ]
21:46:50.941000 lvs[1981] config/config.c:1501  log/debug_output_fields not found in config: defaulting to debug_output_fields = [ "time", "command", "fileline", "message" ]
21:46:50.941000 lvs[1981] config/config.c:1501  log/journal not found in config: defaulting to journal = [ ]
21:46:50.941000 lvs[1981] commands/toolcontext.c:359  log/journal contains a value which is not a string.  Ignoring.
21:46:50.941000 lvs[1981] commands/toolcontext.c:445  Logging initialised at Sat Apr 22 21:46:50 2023
21:46:50.941000 lvs[1981] config/config.c:283  Loading config file: /etc/lvm/lvmlocal.conf
21:46:50.941000 lvs[1981] device/dev-io.c:425  Opened /etc/lvm/lvmlocal.conf RO
21:46:50.941000 lvs[1981] device/dev-io.c:466  Closed /etc/lvm/lvmlocal.conf
21:46:50.941000 lvs[1981] device_mapper/libdm-config.c:1085  config/checks not found in config: defaulting to 1
21:46:50.941000 lvs[1981] device_mapper/libdm-config.c:1085  config/abort_on_errors not found in config: defaulting to 0
21:46:50.941000 lvs[1981] device_mapper/libdm-config.c:1085  config/checks not found in config: defaulting to 1
21:46:50.941000 lvs[1981] device_mapper/libdm-config.c:1085  config/checks not found in config: defaulting to 1
21:46:50.941000 lvs[1981] device_mapper/libdm-config.c:1013  global/umask not found in config: defaulting to 63
21:46:50.941000 lvs[1981] device_mapper/libdm-config.c:986  devices/dir not found in config: defaulting to "/dev"
21:46:50.941000 lvs[1981] device_mapper/libdm-config.c:986  devices/device_id_sysfs_dir not found in config: defaulting to "/sys/"
21:46:50.941000 lvs[1981] device_mapper/libdm-config.c:986  devices/external_device_info_source not found in config: defaulting to "none"
21:46:50.941000 lvs[1981] device_mapper/libdm-config.c:986  global/proc not found in config: defaulting to "/proc"
21:46:50.941000 lvs[1981] device_mapper/libdm-config.c:1085  global/activation not found in config: defaulting to 1
21:46:50.941000 lvs[1981] device_mapper/libdm-config.c:1085  activation/auto_set_activation_skip not found in config: defaulting to 1
21:46:50.941000 lvs[1981] device_mapper/libdm-config.c:986  activation/readahead not found in config: defaulting to "auto"
21:46:50.941000 lvs[1981] device_mapper/libdm-config.c:1085  activation/udev_rules not found in config: defaulting to 1
21:46:50.941000 lvs[1981] device_mapper/libdm-config.c:1085  activation/udev_sync not found in config: defaulting to 1
21:46:50.941000 lvs[1981] device_mapper/libdm-config.c:1085  devices/issue_discards not found in config: defaulting to 0
21:46:50.941000 lvs[1981] device_mapper/libdm-config.c:1085  activation/retry_deactivation not found in config: defaulting to 1
21:46:50.941000 lvs[1981] device_mapper/libdm-config.c:1085  activation/checks not found in config: defaulting to 0
21:46:50.941000 lvs[1981] misc/lvm-globals.c:205  LVM activation checks disabled
21:46:50.941000 lvs[1981] device_mapper/libdm-config.c:1085  activation/use_linear_target not found in config: defaulting to 1
21:46:50.941000 lvs[1981] device_mapper/libdm-config.c:986  activation/missing_stripe_filler not found in config: defaulting to "error"
21:46:50.941000 lvs[1981] device_mapper/libdm-config.c:1085  global/metadata_read_only not found in config: defaulting to 0
21:46:50.941000 lvs[1981] device_mapper/libdm-config.c:1013  devices/pv_min_size not found in config: defaulting to 2048
21:46:50.941000 lvs[1981] device_mapper/libdm-config.c:1085  metadata/check_pv_device_sizes not found in config: defaulting to 1
21:46:50.941000 lvs[1981] device_mapper/libdm-config.c:1085  global/event_activation not found in config: defaulting to 1
21:46:50.941000 lvs[1981] device_mapper/libdm-config.c:986  global/units not found in config: defaulting to "r"
21:46:50.941000 lvs[1981] device_mapper/libdm-config.c:1085  global/si_unit_consistency not found in config: defaulting to 1
21:46:50.941000 lvs[1981] device_mapper/libdm-config.c:1085  report/binary_values_as_numeric not found in config: defaulting to 0
21:46:50.941000 lvs[1981] device_mapper/libdm-config.c:1085  report/mark_hidden_devices not found in config: defaulting to 1
21:46:50.941000 lvs[1981] device_mapper/libdm-config.c:1085  global/suffix not found in config: defaulting to 1
21:46:50.941000 lvs[1981] device_mapper/libdm-config.c:986  report/list_item_separator not found in config: defaulting to ","
21:46:50.941000 lvs[1981] device_mapper/libdm-config.c:986  report/time_format not found in config: defaulting to "%Y-%m-%d %T %z"
21:46:50.941000 lvs[1981] device_mapper/libdm-config.c:1085  report/two_word_unknown_device not found in config: defaulting to 0
21:46:50.941000 lvs[1981] device_mapper/libdm-config.c:986  global/system_id_source not found in config: defaulting to "none"
21:46:50.941000 lvs[1981] device_mapper/libdm-config.c:1013  global/io_memory_size not found in config: defaulting to 8192
21:46:50.941000 lvs[1981] device_mapper/libdm-config.c:986  config/profile_dir not found in config: defaulting to "/etc/lvm/profile"
21:46:50.941000 lvs[1981] device/dev-cache.c:1223  devices/preferred_names not found in config: using built-in preferences
21:46:50.941000 lvs[1981] device_mapper/libdm-config.c:1085  devices/obtain_device_list_from_udev not found in config: defaulting to 0
21:46:50.941000 lvs[1981] config/config.c:1501  devices/scan not found in config: defaulting to scan = [ "/dev" ]
21:46:50.941000 lvs[1981] metadata/vg.c:65  Allocated VG #orphans_lvm2 at 0x563249e8b6f0.
21:46:50.941000 lvs[1981] format_text/format-text.c:2645  Initialised format: lvm2
21:46:50.941000 lvs[1981] striped/striped.c:245  Initialised segtype: linear
21:46:50.941000 lvs[1981] striped/striped.c:245  Initialised segtype: striped
21:46:50.941000 lvs[1981] zero/zero.c:99  Initialised segtype: zero
21:46:50.941000 lvs[1981] error/errseg.c:105  Initialised segtype: error
21:46:50.941000 lvs[1981] device_mapper/libdm-config.c:986  dmeventd/snapshot_library not found in config: defaulting to "libdevmapper-event-lvm2snapshot.so"
21:46:50.941000 lvs[1981] snapshot/snapshot.c:274  Initialised segtype: snapshot
21:46:50.941000 lvs[1981] device_mapper/libdm-config.c:986  dmeventd/mirror_library not found in config: defaulting to "libdevmapper-event-lvm2mirror.so"
21:46:50.941000 lvs[1981] mirror/mirrored.c:539  Initialised segtype: mirror
21:46:50.941000 lvs[1981] device_mapper/libdm-config.c:986  dmeventd/raid_library not found in config: defaulting to "libdevmapper-event-lvm2raid.so"
21:46:50.941000 lvs[1981] raid/raid.c:694  Initialised segtype: raid0
21:46:50.941000 lvs[1981] raid/raid.c:694  Initialised segtype: raid0_meta
21:46:50.941000 lvs[1981] raid/raid.c:694  Initialised segtype: raid1
21:46:50.941000 lvs[1981] raid/raid.c:694  Initialised segtype: raid10
21:46:50.941000 lvs[1981] raid/raid.c:694  Initialised segtype: raid10_near
21:46:50.941000 lvs[1981] raid/raid.c:694  Initialised segtype: raid4
21:46:50.941000 lvs[1981] raid/raid.c:694  Initialised segtype: raid5
21:46:50.941000 lvs[1981] raid/raid.c:694  Initialised segtype: raid5_n
21:46:50.941000 lvs[1981] raid/raid.c:694  Initialised segtype: raid5_la
21:46:50.941000 lvs[1981] raid/raid.c:694  Initialised segtype: raid5_ls
21:46:50.941000 lvs[1981] raid/raid.c:694  Initialised segtype: raid5_ra
21:46:50.941000 lvs[1981] raid/raid.c:694  Initialised segtype: raid5_rs
21:46:50.941000 lvs[1981] raid/raid.c:694  Initialised segtype: raid6
21:46:50.941000 lvs[1981] raid/raid.c:694  Initialised segtype: raid6_n_6
21:46:50.941000 lvs[1981] raid/raid.c:694  Initialised segtype: raid6_nc
21:46:50.941000 lvs[1981] raid/raid.c:694  Initialised segtype: raid6_nr
21:46:50.941000 lvs[1981] raid/raid.c:694  Initialised segtype: raid6_zr
21:46:50.941000 lvs[1981] raid/raid.c:694  Initialised segtype: raid6_ls_6
21:46:50.941000 lvs[1981] raid/raid.c:694  Initialised segtype: raid6_rs_6
21:46:50.941000 lvs[1981] raid/raid.c:694  Initialised segtype: raid6_la_6
21:46:50.941000 lvs[1981] raid/raid.c:694  Initialised segtype: raid6_ra_6
21:46:50.941000 lvs[1981] device_mapper/libdm-config.c:986  dmeventd/thin_library not found in config: defaulting to "libdevmapper-event-lvm2thin.so"
21:46:50.941000 lvs[1981] thin/thin.c:825  Initialised segtype: thin-pool
21:46:50.941000 lvs[1981] device_mapper/libdm-config.c:986  dmeventd/thin_library not found in config: defaulting to "libdevmapper-event-lvm2thin.so"
21:46:50.941000 lvs[1981] thin/thin.c:825  Initialised segtype: thin
21:46:50.941000 lvs[1981] cache_segtype/cache.c:837  Initialised segtype: cache-pool
21:46:50.941000 lvs[1981] cache_segtype/cache.c:851  Initialised segtype: cache
21:46:50.941000 lvs[1981] device_mapper/libdm-config.c:986  dmeventd/vdo_library not found in config: defaulting to "libdevmapper-event-lvm2vdo.so"
21:46:50.941000 lvs[1981] vdo/vdo.c:616  Initialised segtypes: vdo, vdo-pool.
21:46:50.941000 lvs[1981] writecache/writecache.c:369  Initialised segtype: writecache
21:46:50.941000 lvs[1981] integrity/integrity.c:339  Initialised segtype: integrity
21:46:50.941000 lvs[1981] device_mapper/libdm-config.c:1085  backup/archive not found in config: defaulting to 1
21:46:50.941000 lvs[1981] device_mapper/libdm-config.c:1013  backup/retain_days not found in config: defaulting to 30
21:46:50.941000 lvs[1981] device_mapper/libdm-config.c:1013  backup/retain_min not found in config: defaulting to 10
21:46:50.941000 lvs[1981] device_mapper/libdm-config.c:986  backup/archive_dir not found in config: defaulting to "/etc/lvm/archive"
21:46:50.941000 lvs[1981] device_mapper/libdm-config.c:1085  backup/backup not found in config: defaulting to 1
21:46:50.941000 lvs[1981] device_mapper/libdm-config.c:986  backup/backup_dir not found in config: defaulting to "/etc/lvm/backup"
21:46:50.941000 lvs[1981] device_mapper/libdm-config.c:1085  global/use_lvmpolld not found in config: defaulting to 1
21:46:50.941000 lvs[1981] filters/filter-type.c:61  LVM type filter initialised.
21:46:50.941000 lvs[1981] filters/filter-deviceid.c:66  deviceid filter initialised.
21:46:50.941000 lvs[1981] device_mapper/libdm-config.c:1085  devices/sysfs_scan not found in config: defaulting to 1
21:46:50.941000 lvs[1981] filters/filter-sysfs.c:106  Sysfs filter initialised.
21:46:50.941000 lvs[1981] device_mapper/libdm-config.c:1085  devices/scan_lvs not found in config: defaulting to 0
21:46:50.941000 lvs[1981] filters/filter-usable.c:144  Usable device filter initialised (scan_lvs 0).
21:46:50.941000 lvs[1981] device_mapper/libdm-config.c:1085  devices/multipath_component_detection not found in config: defaulting to 1
21:46:50.941000 lvs[1981] filters/filter-mpath.c:87  mpath filter initialised.
21:46:50.941000 lvs[1981] filters/filter-partitioned.c:68  Partitioned filter initialised.
21:46:50.941000 lvs[1981] filters/filter-signature.c:88  signature filter initialised.
21:46:50.941000 lvs[1981] device_mapper/libdm-config.c:1085  devices/md_component_detection not found in config: defaulting to 1
21:46:50.941000 lvs[1981] filters/filter-md.c:149  MD filter initialised.
21:46:50.941000 lvs[1981] device_mapper/libdm-config.c:1085  devices/fw_raid_component_detection not found in config: defaulting to 0
21:46:50.941000 lvs[1981] filters/filter-composite.c:98  Composite filter initialised.
21:46:50.941000 lvs[1981] device_mapper/libdm-config.c:1085  devices/ignore_suspended_devices not found in config: defaulting to 0
21:46:50.941000 lvs[1981] device_mapper/libdm-config.c:1085  devices/ignore_lvm_mirrors not found in config: defaulting to 1
21:46:50.941000 lvs[1981] filters/filter-persistent.c:187  Persistent filter initialised.
21:46:50.941000 lvs[1981] device_mapper/libdm-config.c:1085  devices/scan_lvs not found in config: defaulting to 0
21:46:50.941000 lvs[1981] device_mapper/libdm-config.c:1085  devices/allow_mixed_block_sizes not found in config: defaulting to 0
21:46:50.941000 lvs[1981] device_mapper/libdm-config.c:986  devices/hints not found in config: defaulting to "all"
21:46:50.941000 lvs[1981] device_mapper/libdm-config.c:986  activation/activation_mode not found in config: defaulting to "degraded"
21:46:50.941000 lvs[1981] device_mapper/libdm-config.c:1085  metadata/record_lvs_history not found in config: defaulting to 0
21:46:50.941000 lvs[1981] device_mapper/libdm-config.c:986  devices/search_for_devnames not found in config: defaulting to "auto"
21:46:50.941000 lvs[1981] lvmcmdline.c:3235  DEGRADED MODE. Incomplete RAID LVs will be processed.
21:46:50.941000 lvs[1981] device_mapper/libdm-config.c:1085  activation/monitoring not found in config: defaulting to 1
21:46:50.941000 lvs[1981] lvmcmdline.c:3241  Processing command: lvs --noheadings --nosuffix --nameprefixes --unquoted --units=b -a -o vg_name,lv_name,lv_uuid,lv_size,lv_attr,segtype,origin,pool_lv,data_lv,metadata_lv,role,move_pv,data_percent,metadata_percent,copy_percent '--config= log {level=7 file=/tmp/lvm.log syslog=0}'
21:46:50.941000 lvs[1981] lvmcmdline.c:3242  Command pid: 1981
21:46:50.941000 lvs[1981] lvmcmdline.c:3243  System ID: 
21:46:50.941000 lvs[1981] lvmcmdline.c:3246  O_DIRECT will be used
21:46:50.941000 lvs[1981] device_mapper/libdm-config.c:1013  global/locking_type not found in config: defaulting to 1
21:46:50.941000 lvs[1981] device_mapper/libdm-config.c:1085  global/wait_for_locks not found in config: defaulting to 1
21:46:50.941000 lvs[1981] locking/locking.c:141  File locking settings: readonly:0 sysinit:0 ignorelockingfailure:0 global/metadata_read_only:0 global/wait_for_locks:1.
21:46:50.941000 lvs[1981] device_mapper/libdm-config.c:1085  global/prioritise_write_locks not found in config: defaulting to 1
21:46:50.941000 lvs[1981] device_mapper/libdm-config.c:986  global/locking_dir not found in config: defaulting to "/run/lock/lvm"
21:46:50.941000 lvs[1981] device_mapper/libdm-common.c:987  Preparing SELinux context for /run/lock/lvm to system_u:object_r:lvm_lock_t:s0.
21:46:50.941000 lvs[1981] device_mapper/libdm-common.c:990  Resetting SELinux context to default value.
21:46:50.941000 lvs[1981] device_mapper/libdm-config.c:1085  devices/md_component_detection not found in config: defaulting to 1
21:46:50.941000 lvs[1981] device_mapper/libdm-config.c:986  devices/md_component_checks not found in config: defaulting to "auto"
21:46:50.941000 lvs[1981] lvmcmdline.c:3062  Using md_component_checks auto use_full_md_check 0
21:46:50.941000 lvs[1981] device_mapper/libdm-config.c:986  devices/multipath_wwids_file not found in config: defaulting to "/etc/multipath/wwids"
21:46:50.941000 lvs[1981] device/dev-mpath.c:252  multipath wwids read 0 from /etc/multipath/wwids
21:46:50.941000 lvs[1981] device_mapper/libdm-config.c:1085  global/use_lvmlockd not found in config: defaulting to 0
21:46:50.941000 lvs[1981] device_mapper/libdm-config.c:986  report/output_format not found in config: defaulting to "basic"
21:46:50.941000 lvs[1981] device_mapper/libdm-config.c:1085  log/report_command_log not found in config: defaulting to 0
21:46:50.941000 lvs[1981] device_mapper/libdm-config.c:1085  report/aligned not found in config: defaulting to 1
21:46:50.941000 lvs[1981] device_mapper/libdm-config.c:1085  report/buffered not found in config: defaulting to 1
21:46:50.941000 lvs[1981] device_mapper/libdm-config.c:1085  report/headings not found in config: defaulting to 1
21:46:50.941000 lvs[1981] device_mapper/libdm-config.c:986  report/separator not found in config: defaulting to " "
21:46:50.941000 lvs[1981] device_mapper/libdm-config.c:1085  report/prefixes not found in config: defaulting to 0
21:46:50.941000 lvs[1981] device_mapper/libdm-config.c:1085  report/quoted not found in config: defaulting to 1
21:46:50.941000 lvs[1981] device_mapper/libdm-config.c:1085  report/columns_as_rows not found in config: defaulting to 0
21:46:50.941000 lvs[1981] device_mapper/libdm-config.c:986  report/lvs_sort not found in config: defaulting to "vg_name,lv_name"
21:46:50.941000 lvs[1981] device_mapper/libdm-config.c:986  report/lvs_cols not found in config: defaulting to "lv_name,vg_name,lv_attr,lv_size,pool_lv,origin,data_percent,metadata_percent,move_pv,mirror_log,copy_percent,convert_lv"
21:46:50.941000 lvs[1981] device_mapper/libdm-config.c:986  report/compact_output_cols not found in config: defaulting to ""
21:46:50.941000 lvs[1981] misc/lvm-flock.c:229  Locking /run/lock/lvm/P_global RB
21:46:50.941000 lvs[1981] device_mapper/libdm-common.c:987  Preparing SELinux context for /run/lock/lvm/P_global to system_u:object_r:lvm_lock_t:s0.
21:46:50.941000 lvs[1981] misc/lvm-flock.c:113  _do_flock /run/lock/lvm/P_global:aux WB
21:46:50.941000 lvs[1981] misc/lvm-flock.c:47  _undo_flock /run/lock/lvm/P_global:aux
21:46:50.941000 lvs[1981] misc/lvm-flock.c:113  _do_flock /run/lock/lvm/P_global RB
21:46:50.941000 lvs[1981] device_mapper/libdm-common.c:990  Resetting SELinux context to default value.
21:46:50.941000 lvs[1981] cache/lvmcache.c:1599  lvmcache label scan begin
21:46:50.941000 lvs[1981] label/label.c:1249  Finding devices to scan
21:46:50.941000 lvs[1981] device_mapper/libdm-config.c:1085  devices/use_devicesfile not found in config: defaulting to 1
21:46:50.941000 lvs[1981] device_mapper/libdm-config.c:986  devices/devicesfile not found in config: defaulting to "system.devices"
21:46:50.941000 lvs[1981] device/dev-cache.c:1842  Creating /etc/lvm/devices.
21:46:50.941000 lvs[1981] device_mapper/libdm-common.c:987  Preparing SELinux context for /etc/lvm/devices to system_u:object_r:lvm_etc_t:s0.
21:46:50.941000 lvs[1981] device_mapper/libdm-common.c:990  Resetting SELinux context to default value.
21:46:50.941000 lvs[1981] device/dev-cache.c:1898  Devices file not found, ignoring.
21:46:50.941000 lvs[1981] device/dev-cache.c:1195  Creating list of system devices.
21:46:50.941000 lvs[1981] device/dev-cache.c:753  Found dev 11:0 /dev/block/11:0 - new.
21:46:50.941000 lvs[1981] device/dev-cache.c:753  Found dev 252:0 /dev/block/252:0 - new.
21:46:50.941000 lvs[1981] device/dev-cache.c:753  Found dev 253:0 /dev/block/253:0 - new.
21:46:50.941000 lvs[1981] device/dev-cache.c:753  Found dev 253:1 /dev/block/253:1 - new.
21:46:50.941000 lvs[1981] device/dev-cache.c:753  Found dev 7:0 /dev/block/7:0 - new.
21:46:50.941000 lvs[1981] device/dev-cache.c:753  Found dev 7:1 /dev/block/7:1 - new.
21:46:50.941000 lvs[1981] device/dev-cache.c:753  Found dev 7:2 /dev/block/7:2 - new.
21:46:50.941000 lvs[1981] device/dev-cache.c:753  Found dev 8:0 /dev/block/8:0 - new.
21:46:50.941000 lvs[1981] device/dev-cache.c:778  Found dev 11:0 /dev/cdrom - new alias.
21:46:50.941000 lvs[1981] device/dev-cache.c:778  Found dev 8:0 /dev/disk/by-diskseq/1 - new alias.
21:46:50.941000 lvs[1981] device/dev-cache.c:778  Found dev 11:0 /dev/disk/by-diskseq/3 - new alias.
21:46:50.941000 lvs[1981] device/dev-cache.c:778  Found dev 7:0 /dev/disk/by-diskseq/4 - new alias.
21:46:50.941000 lvs[1981] device/dev-cache.c:778  Found dev 7:1 /dev/disk/by-diskseq/5 - new alias.
21:46:50.941000 lvs[1981] device/dev-cache.c:778  Found dev 7:2 /dev/disk/by-diskseq/6 - new alias.
21:46:50.941000 lvs[1981] device/dev-cache.c:778  Found dev 11:0 /dev/disk/by-id/ata-VBOX_CD-ROM_VB2-01700376 - new alias.
21:46:50.941000 lvs[1981] device/dev-cache.c:778  Found dev 8:0 /dev/disk/by-id/ata-VBOX_HARDDISK_VB669ad1b0-a3b049a3 - new alias.
21:46:50.941000 lvs[1981] device/dev-cache.c:778  Found dev 253:1 /dev/disk/by-id/dm-name-live-base - new alias.
21:46:50.941000 lvs[1981] device/dev-cache.c:778  Found dev 253:0 /dev/disk/by-id/dm-name-live-rw - new alias.
21:46:50.941000 lvs[1981] device/dev-cache.c:778  Found dev 8:0 /dev/disk/by-id/scsi-0ATA_VBOX_HARDDISK_VB669ad1b0-a3b049a3 - new alias.
21:46:50.941000 lvs[1981] device/dev-cache.c:778  Found dev 8:0 /dev/disk/by-id/scsi-1ATA_VBOX_HARDDISK_VB669ad1b0-a3b049a3 - new alias.
21:46:50.941000 lvs[1981] device/dev-cache.c:778  Found dev 8:0 /dev/disk/by-id/scsi-SATA_VBOX_HARDDISK_VB669ad1b0-a3b049a3 - new alias.
21:46:50.941000 lvs[1981] device/dev-cache.c:778  Found dev 253:1 /dev/disk/by-label/Anaconda - new alias.
21:46:50.941000 lvs[1981] device/dev-cache.c:778  Found dev 11:0 /dev/disk/by-label/CentOS-Stream-9-BaseOS-x86_64 - new alias.
21:46:50.941000 lvs[1981] device/dev-cache.c:778  Found dev 11:0 /dev/disk/by-path/pci-0000:00:01.1-ata-2 - new alias.
21:46:50.941000 lvs[1981] device/dev-cache.c:778  Found dev 11:0 /dev/disk/by-path/pci-0000:00:01.1-ata-2.0 - new alias.
21:46:50.941000 lvs[1981] device/dev-cache.c:778  Found dev 8:0 /dev/disk/by-path/pci-0000:00:0d.0-ata-1 - new alias.
21:46:50.941000 lvs[1981] device/dev-cache.c:778  Found dev 8:0 /dev/disk/by-path/pci-0000:00:0d.0-ata-1.0 - new alias.
21:46:50.941000 lvs[1981] device/dev-cache.c:778  Found dev 11:0 /dev/disk/by-uuid/2023-04-17-08-47-48-00 - new alias.
21:46:50.941000 lvs[1981] device/dev-cache.c:778  Found dev 253:1 /dev/disk/by-uuid/db02eccd-dedb-4fdb-acaf-ca49e38ca6e7 - new alias.
21:46:50.941000 lvs[1981] device/dev-cache.c:778  Found dev 253:0 /dev/dm-0 - new alias.
21:46:50.941000 lvs[1981] device/dev-cache.c:778  Found dev 253:1 /dev/dm-1 - new alias.
21:46:50.941000 lvs[1981] device/dev-cache.c:1160  /dev/fd: Symbolic link to directory
21:46:50.941000 lvs[1981] device/dev-cache.c:1165  /dev/hugepages: Different filesystem in directory
21:46:50.941000 lvs[1981] device/dev-cache.c:778  Found dev 7:1 /dev/live-base - new alias.
21:46:50.941000 lvs[1981] device/dev-cache.c:778  Found dev 7:0 /dev/loop0 - new alias.
21:46:50.941000 lvs[1981] device/dev-cache.c:778  Found dev 7:1 /dev/loop1 - new alias.
21:46:50.941000 lvs[1981] device/dev-cache.c:778  Found dev 7:2 /dev/loop2 - new alias.
21:46:50.941000 lvs[1981] device/dev-cache.c:778  Found dev 253:1 /dev/mapper/live-base - new alias.
21:46:50.941000 lvs[1981] device/dev-cache.c:778  Found dev 253:0 /dev/mapper/live-rw - new alias.
21:46:50.941000 lvs[1981] device/dev-cache.c:1165  /dev/mqueue: Different filesystem in directory
21:46:50.941000 lvs[1981] device/dev-cache.c:1165  /dev/pts: Different filesystem in directory
21:46:50.941000 lvs[1981] device/dev-cache.c:778  Found dev 8:0 /dev/sda - new alias.
21:46:50.941000 lvs[1981] device/dev-cache.c:1165  /dev/shm: Different filesystem in directory
21:46:50.941000 lvs[1981] device/dev-cache.c:778  Found dev 11:0 /dev/sr0 - new alias.
21:46:50.941000 lvs[1981] device/dev-cache.c:778  Found dev 252:0 /dev/zram0 - new alias.
21:46:50.964000 lvs[1981] label/label.c:1325  Filtering devices to scan (nodata)
21:46:50.964000 lvs[1981] device/dev-io.c:120  /dev/loop0: size is 1527000 sectors
21:46:50.964000 lvs[1981] device/dev-io.c:466  Closed /dev/loop0
21:46:50.964000 lvs[1981] filters/filter-persistent.c:131  filter caching good /dev/loop0
21:46:50.964000 lvs[1981] device/dev-io.c:120  /dev/sda: size is 41943040 sectors
21:46:50.964000 lvs[1981] device/dev-io.c:466  Closed /dev/sda
21:46:50.964000 lvs[1981] filters/filter-persistent.c:131  filter caching good /dev/sda
21:46:50.964000 lvs[1981] filters/filter-type.c:29  /dev/cdrom: Skipping: Unrecognised LVM device type 11
21:46:50.964000 lvs[1981] filters/filter-type.c:29  /dev/zram0: Skipping: Unrecognised LVM device type 252
21:46:50.964000 lvs[1981] device_mapper/ioctl/libdm-iface.c:2081  dm version   [ opencount flush ]   [2048] (*1)
21:46:50.964000 lvs[1981] device_mapper/ioctl/libdm-iface.c:2081  dm status   (253:0) [ noopencount noflush ]   [16384] (*1)
21:46:50.964000 lvs[1981] device/dev-io.c:120  /dev/mapper/live-rw: size is 6291456 sectors
21:46:50.964000 lvs[1981] device/dev-io.c:466  Closed /dev/mapper/live-rw
21:46:50.964000 lvs[1981] filters/filter-persistent.c:131  filter caching good /dev/mapper/live-rw
21:46:50.964000 lvs[1981] device/dev-io.c:120  /dev/live-base: size is 6291456 sectors
21:46:50.964000 lvs[1981] device/dev-io.c:466  Closed /dev/live-base
21:46:50.964000 lvs[1981] filters/filter-persistent.c:131  filter caching good /dev/live-base
21:46:50.964000 lvs[1981] device_mapper/ioctl/libdm-iface.c:2081  dm status   (253:1) [ noopencount noflush ]   [16384] (*1)
21:46:50.964000 lvs[1981] device/dev-io.c:120  /dev/mapper/live-base: size is 6291456 sectors
21:46:50.964000 lvs[1981] device/dev-io.c:466  Closed /dev/mapper/live-base
21:46:50.964000 lvs[1981] filters/filter-persistent.c:131  filter caching good /dev/mapper/live-base
21:46:50.964000 lvs[1981] device/dev-io.c:120  /dev/loop2: size is 67108864 sectors
21:46:50.964000 lvs[1981] device/dev-io.c:466  Closed /dev/loop2
21:46:50.964000 lvs[1981] filters/filter-persistent.c:131  filter caching good /dev/loop2
21:46:50.964000 lvs[1981] label/label.c:1342  Filtering devices to scan done (nodata)
21:46:50.964000 lvs[1981] label/hints.c:1374  get_hints: no file
21:46:50.964000 lvs[1981] label/label.c:835  Checking fd limit for num_devs 6 want 38 soft 1024 hard 524288
21:46:50.964000 lvs[1981] label/label.c:640  Scanning 6 devices for VG info
21:46:50.964000 lvs[1981] label/label.c:568  open /dev/loop0 ro di 0 fd 7
21:46:50.964000 lvs[1981] label/label.c:568  open /dev/sda ro di 1 fd 8
21:46:50.964000 lvs[1981] label/label.c:568  open /dev/mapper/live-rw ro di 2 fd 9
21:46:50.964000 lvs[1981] label/label.c:568  open /dev/live-base ro di 3 fd 10
21:46:50.964000 lvs[1981] label/label.c:568  open /dev/mapper/live-base ro di 4 fd 11
21:46:50.964000 lvs[1981] label/label.c:568  open /dev/loop2 ro di 5 fd 12
21:46:50.964000 lvs[1981] label/label.c:679  Scanning submitted 6 reads
21:46:50.964000 lvs[1981] label/label.c:713  Processing data from device /dev/loop0 7:0 di 0
21:46:50.964000 lvs[1981] device/dev-io.c:96  /dev/loop0: using cached size 1527000 sectors
21:46:50.964000 lvs[1981] device/dev-io.c:96  /dev/loop0: using cached size 1527000 sectors
21:46:50.964000 lvs[1981] filters/filter-persistent.c:131  filter caching good /dev/loop0
21:46:50.964000 lvs[1981] label/label.c:398  /dev/loop0: No lvm label detected
21:46:50.964000 lvs[1981] label/label.c:713  Processing data from device /dev/sda 8:0 di 1
21:46:50.964000 lvs[1981] device/dev-io.c:96  /dev/sda: using cached size 41943040 sectors
21:46:50.964000 lvs[1981] device/dev-io.c:96  /dev/sda: using cached size 41943040 sectors
21:46:50.964000 lvs[1981] filters/filter-persistent.c:131  filter caching good /dev/sda
21:46:50.964000 lvs[1981] label/label.c:398  /dev/sda: No lvm label detected
21:46:50.964000 lvs[1981] label/label.c:713  Processing data from device /dev/mapper/live-rw 253:0 di 2
21:46:50.964000 lvs[1981] device_mapper/ioctl/libdm-iface.c:2081  dm status   (253:0) [ noopencount noflush ]   [16384] (*1)
21:46:50.964000 lvs[1981] device/dev-io.c:96  /dev/mapper/live-rw: using cached size 6291456 sectors
21:46:50.964000 lvs[1981] device/dev-io.c:96  /dev/mapper/live-rw: using cached size 6291456 sectors
21:46:50.964000 lvs[1981] filters/filter-persistent.c:131  filter caching good /dev/mapper/live-rw
21:46:50.964000 lvs[1981] label/label.c:398  /dev/mapper/live-rw: No lvm label detected
21:46:50.964000 lvs[1981] label/label.c:713  Processing data from device /dev/live-base 7:1 di 3
21:46:50.964000 lvs[1981] device/dev-io.c:96  /dev/live-base: using cached size 6291456 sectors
21:46:50.964000 lvs[1981] device/dev-io.c:96  /dev/live-base: using cached size 6291456 sectors
21:46:50.964000 lvs[1981] filters/filter-persistent.c:131  filter caching good /dev/live-base
21:46:50.964000 lvs[1981] label/label.c:398  /dev/live-base: No lvm label detected
21:46:50.964000 lvs[1981] label/label.c:713  Processing data from device /dev/mapper/live-base 253:1 di 4
21:46:50.964000 lvs[1981] device_mapper/ioctl/libdm-iface.c:2081  dm status   (253:1) [ noopencount noflush ]   [16384] (*1)
21:46:50.964000 lvs[1981] device/dev-io.c:96  /dev/mapper/live-base: using cached size 6291456 sectors
21:46:50.964000 lvs[1981] device/dev-io.c:96  /dev/mapper/live-base: using cached size 6291456 sectors
21:46:50.964000 lvs[1981] filters/filter-persistent.c:131  filter caching good /dev/mapper/live-base
21:46:50.964000 lvs[1981] label/label.c:398  /dev/mapper/live-base: No lvm label detected
21:46:50.964000 lvs[1981] label/label.c:713  Processing data from device /dev/loop2 7:2 di 5
21:46:50.964000 lvs[1981] device/dev-io.c:96  /dev/loop2: using cached size 67108864 sectors
21:46:50.964000 lvs[1981] device/dev-io.c:96  /dev/loop2: using cached size 67108864 sectors
21:46:50.964000 lvs[1981] filters/filter-persistent.c:131  filter caching good /dev/loop2
21:46:50.964000 lvs[1981] label/label.c:398  /dev/loop2: No lvm label detected
21:46:50.964000 lvs[1981] label/label.c:748  Scanned devices: read errors 0 process errors 0 failed 0
21:46:50.964000 lvs[1981] label/hints.c:961  Writing hint file 2
21:46:50.964000 lvs[1981] config/config.c:1501  devices/global_filter not found in config: defaulting to global_filter = [ "a|.*|" ]
21:46:50.964000 lvs[1981] config/config.c:1501  devices/filter not found in config: defaulting to filter = [ "a|.*|" ]
21:46:50.964000 lvs[1981] device_mapper/libdm-config.c:986  devices/devicesfile not found in config: defaulting to "system.devices"
21:46:50.964000 lvs[1981] device/dev-io.c:96  /dev/loop0: using cached size 1527000 sectors
21:46:50.964000 lvs[1981] device/dev-io.c:96  /dev/sda: using cached size 41943040 sectors
21:46:50.964000 lvs[1981] filters/filter-type.c:29  /dev/cdrom: Skipping: Unrecognised LVM device type 11
21:46:50.964000 lvs[1981] filters/filter-type.c:29  /dev/zram0: Skipping: Unrecognised LVM device type 252
21:46:50.964000 lvs[1981] device/dev-io.c:96  /dev/mapper/live-rw: using cached size 6291456 sectors
21:46:50.964000 lvs[1981] device/dev-io.c:96  /dev/live-base: using cached size 6291456 sectors
21:46:50.964000 lvs[1981] device/dev-io.c:96  /dev/mapper/live-base: using cached size 6291456 sectors
21:46:50.964000 lvs[1981] device/dev-io.c:96  /dev/loop2: using cached size 67108864 sectors
21:46:50.964000 lvs[1981] label/hints.c:1083  Wrote hint file with devs_hash 3890284571 count 6
21:46:50.964000 lvs[1981] cache/lvmcache.c:1689  lvmcache label scan done
21:46:50.964000 lvs[1981] toollib.c:4016  Obtaining the complete list of VGs before processing their LVs
21:46:50.964000 lvs[1981] toollib.c:4036  No volume groups found.
21:46:50.964000 lvs[1981] device_mapper/libdm-config.c:1085  report/compact_output not found in config: defaulting to 0
21:46:50.964000 lvs[1981] misc/lvm-flock.c:84  Unlocking /run/lock/lvm/P_global
21:46:50.964000 lvs[1981] misc/lvm-flock.c:47  _undo_flock /run/lock/lvm/P_global
21:46:50.964000 lvs[1981] device_mapper/libdm-config.c:1085  global/notify_dbus not found in config: defaulting to 1
21:46:50.964000 lvs[1981] cache/lvmcache.c:2603  Destroy lvmcache content
21:46:51.962000 lvs[1981] commands/toolcontext.c:1894  Reloading config files
21:46:51.962000 lvs[1981] activate/fs.c:492  Syncing device names
21:46:51.962000 lvs[1981] cache/lvmcache.c:2603  Destroy lvmcache content
21:46:51.962000 lvs[1981] metadata/vg.c:80  Freeing VG #orphans_lvm2 at 0x563249e8b6f0.
21:46:51.962000 lvs[1981] config/config.c:283  Loading config file: /etc/lvm/lvm.conf
21:46:51.962000 lvs[1981] device/dev-io.c:425  Opened /etc/lvm/lvm.conf RO
21:46:51.962000 lvs[1981] device/dev-io.c:466  Closed /etc/lvm/lvm.conf
21:46:51.962000 lvs[1981] device_mapper/libdm-config.c:1085  log/syslog not found in config: defaulting to 0
21:46:51.962000 lvs[1981] device_mapper/libdm-config.c:1013  log/level not found in config: defaulting to 0
21:49:40.901048 pvcreate[2441] device_mapper/libdm-config.c:1085  log/activation not found in config: defaulting to 0
21:49:40.901048 pvcreate[2441] config/config.c:1501  log/debug_classes not found in config: defaulting to debug_classes = [ "memory", "devices", "io", "activation", "allocation", "metadata", "cache", "locking", "lvmpolld", "dbus" ]
21:49:40.901048 pvcreate[2441] commands/toolcontext.c:433  Setting log debug classes to 2031
21:49:40.901048 pvcreate[2441] config/config.c:1501  log/debug_file_fields not found in config: defaulting to debug_file_fields = [ "time", "command", "fileline", "message" ]
21:49:40.901048 pvcreate[2441] config/config.c:1501  log/debug_output_fields not found in config: defaulting to debug_output_fields = [ "time", "command", "fileline", "message" ]
21:49:40.901048 pvcreate[2441] config/config.c:1501  log/journal not found in config: defaulting to journal = [ ]

21:49:40.997298 vgcreate[2445] format_text/format-text.c:785  VG cs 1 metadata area location new start 512 last 1426 size 915 wrap 0
21:49:40.997298 vgcreate[2445] format_text/format-text.c:871  VG cs 1 metadata disk location start 4608 size 915 last 5522
21:49:40.997298 vgcreate[2445] format_text/format-text.c:910  VG cs 1 metadata last align from 5522 to 5631 (+109)
21:49:40.997298 vgcreate[2445] format_text/format-text.c:958  VG cs 1 metadata write at 4608 size 1024 (wrap 0)
21:49:40.999131 vgcreate[2445] format_text/format-text.c:196  Reading mda header sector from /dev/sda2 at 4096
21:49:40.999131 vgcreate[2445] format_text/format-text.c:1107  VG cs metadata precommit seq 1 on /dev/sda2 mda header at 4096 (used).
21:49:40.999131 vgcreate[2445] format_text/format-text.c:1115  VG cs metadata precommit slot0 offset 0 size 0 slot1 offset 512 size 915.
21:49:40.999131 vgcreate[2445] device/bcache.c:236  Limit write at 0 len 131072 to len 4608
21:49:40.999131 vgcreate[2445] format_text/format-text.c:196  Reading mda header sector from /dev/sda2 at 4096
21:49:40.999131 vgcreate[2445] format_text/format-text.c:1107  VG cs metadata commit seq 1 on /dev/sda2 mda header at 4096 (used).
21:49:40.999131 vgcreate[2445] format_text/format-text.c:1115  VG cs metadata commit slot0 offset 512 size 915 slot1 offset 0 size 0.
21:49:40.999131 vgcreate[2445] device/bcache.c:236  Limit write at 0 len 131072 to len 4608
21:49:40.999131 vgcreate[2445] mm/memlock.c:608  Unlock: Memlock counters: prioritized:0 locked:0 critical:0 daemon:0 suspended:0
21:49:40.999131 vgcreate[2445] activate/fs.c:492  Syncing device names
21:49:40.999131 vgcreate[2445] mm/memlock.c:608  Unlock: Memlock counters: prioritized:0 locked:0 critical:0 daemon:0 suspended:0
21:49:40.999131 vgcreate[2445] device_mapper/libdm-file.c:46  Creating directory "/etc/lvm/backup"
21:49:40.999131 vgcreate[2445] format_text/archiver.c:585  Creating volume group backup "/etc/lvm/backup/cs" (seqno 1).
21:49:40.999131 vgcreate[2445] format_text/format-text.c:1328  Writing cs metadata to /etc/lvm/backup/.lvm_localhost.localdomain_2445_638671449

21:49:42.405298 lvcreate[2462] device/dev-io.c:425  Opened /etc/lvm/lvm.conf RO
21:49:42.405298 lvcreate[2462] device/dev-io.c:466  Closed /etc/lvm/lvm.conf
21:49:42.405298 lvcreate[2462] device_mapper/libdm-config.c:1085  log/syslog not found in config: defaulting to 0
21:49:42.405298 lvcreate[2462] device_mapper/libdm-config.c:1013  log/level not found in config: defaulting to 0
21:49:48.027215 config[2612] device_mapper/libdm-config.c:1085  log/activation not found in config: defaulting to 0
21:49:48.027215 config[2612] config/config.c:1501  log/debug_classes not found in config: defaulting to debug_classes = [ "memory", "devices", "io", "activation", "allocation", "metadata", "cache", "locking", "lvmpolld", "dbus" ]
21:49:48.027215 config[2612] commands/toolcontext.c:433  Setting log debug classes to 2031
21:49:48.027215 config[2612] config/config.c:1501  log/debug_file_fields not found in config: defaulting to debug_file_fields = [ "time", "command", "fileline", "message" ]
21:49:48.027215 config[2612] config/config.c:1501  log/debug_output_fields not found in config: defaulting to debug_output_fields = [ "time", "command", "fileline", "message" ]
21:49:48.027215 config[2612] config/config.c:1501  log/journal not found in config: defaulting to journal = [ ]
21:49:48.027215 config[2612] commands/toolcontext.c:359  log/journal contains a value which is not a string.  Ignoring.
21:49:48.027215 config[2612] commands/toolcontext.c:445  Logging initialised at Sat Apr 22 21:49:48 2023
21:49:48.027215 config[2612] config/config.c:283  Loading config file: /etc/lvm/lvmlocal.conf
21:49:48.027215 config[2612] device/dev-io.c:425  Opened /etc/lvm/lvmlocal.conf RO
21:49:48.027215 config[2612] device/dev-io.c:466  Closed /etc/lvm/lvmlocal.conf
21:49:48.027215 config[2612] device_mapper/libdm-config.c:1085  config/checks not found in config: defaulting to 1
21:49:48.027215 config[2612] device_mapper/libdm-config.c:1085  config/abort_on_errors not found in config: defaulting to 0
21:49:48.027215 config[2612] device_mapper/libdm-config.c:1085  config/checks not found in config: defaulting to 1
21:49:48.027215 config[2612] device_mapper/libdm-config.c:1085  config/checks not found in config: defaulting to 1
21:49:48.027215 config[2612] device_mapper/libdm-config.c:1013  global/umask not found in config: defaulting to 63
21:49:48.027215 config[2612] device_mapper/libdm-config.c:986  devices/dir not found in config: defaulting to "/dev"
21:49:48.027215 config[2612] device_mapper/libdm-config.c:986  devices/device_id_sysfs_dir not found in config: defaulting to "/sys/"
21:49:48.027215 config[2612] device_mapper/libdm-config.c:986  devices/external_device_info_source not found in config: defaulting to "none"
21:49:48.027215 config[2612] device_mapper/libdm-config.c:986  global/proc not found in config: defaulting to "/proc"
21:49:48.027215 config[2612] device_mapper/libdm-config.c:1085  global/activation not found in config: defaulting to 1
21:49:48.027215 config[2612] device_mapper/libdm-config.c:1085  activation/auto_set_activation_skip not found in config: defaulting to 1
21:49:48.027215 config[2612] device_mapper/libdm-config.c:986  activation/readahead not found in config: defaulting to "auto"
21:49:48.027215 config[2612] device_mapper/libdm-config.c:1085  activation/udev_rules not found in config: defaulting to 1
21:49:48.027215 config[2612] device_mapper/libdm-config.c:1085  activation/udev_sync not found in config: defaulting to 1
21:49:48.027215 config[2612] device_mapper/libdm-config.c:1085  devices/issue_discards not found in config: defaulting to 0
21:49:48.027215 config[2612] device_mapper/libdm-config.c:1085  activation/retry_deactivation not found in config: defaulting to 1
21:49:48.027215 config[2612] device_mapper/libdm-config.c:1085  activation/checks not found in config: defaulting to 0
21:49:48.027215 config[2612] misc/lvm-globals.c:205  LVM activation checks disabled
21:49:48.027215 config[2612] device_mapper/libdm-config.c:1085  activation/use_linear_target not found in config: defaulting to 1
21:49:48.027215 config[2612] device_mapper/libdm-config.c:986  activation/missing_stripe_filler not found in config: defaulting to "error"
21:49:48.027215 config[2612] device_mapper/libdm-config.c:1085  global/metadata_read_only not found in config: defaulting to 0
21:49:48.027215 config[2612] device_mapper/libdm-config.c:1013  devices/pv_min_size not found in config: defaulting to 2048
21:49:48.027215 config[2612] device_mapper/libdm-config.c:1085  metadata/check_pv_device_sizes not found in config: defaulting to 1
21:49:48.027215 config[2612] device_mapper/libdm-config.c:1085  global/event_activation not found in config: defaulting to 1
21:49:48.027215 config[2612] device_mapper/libdm-config.c:986  global/units not found in config: defaulting to "r"
21:49:48.027215 config[2612] device_mapper/libdm-config.c:1085  global/si_unit_consistency not found in config: defaulting to 1
21:49:48.027215 config[2612] device_mapper/libdm-config.c:1085  report/binary_values_as_numeric not found in config: defaulting to 0
21:49:48.027215 config[2612] device_mapper/libdm-config.c:1085  report/mark_hidden_devices not found in config: defaulting to 1
21:49:48.027215 config[2612] device_mapper/libdm-config.c:1085  global/suffix not found in config: defaulting to 1
21:49:48.027215 config[2612] device_mapper/libdm-config.c:986  report/list_item_separator not found in config: defaulting to ","
21:49:48.027215 config[2612] device_mapper/libdm-config.c:986  report/time_format not found in config: defaulting to "%Y-%m-%d %T %z"
21:49:48.027215 config[2612] device_mapper/libdm-config.c:1085  report/two_word_unknown_device not found in config: defaulting to 0
21:49:48.027215 config[2612] device_mapper/libdm-config.c:986  global/system_id_source not found in config: defaulting to "none"
21:49:48.027215 config[2612] device_mapper/libdm-config.c:1013  global/io_memory_size not found in config: defaulting to 8192
21:49:48.027215 config[2612] device_mapper/libdm-config.c:986  config/profile_dir not found in config: defaulting to "/etc/lvm/profile"
21:49:48.027215 config[2612] device/dev-cache.c:1223  devices/preferred_names not found in config: using built-in preferences
21:49:48.027215 config[2612] device_mapper/libdm-config.c:1085  devices/obtain_device_list_from_udev not found in config: defaulting to 0
21:49:48.027215 config[2612] config/config.c:1501  devices/scan not found in config: defaulting to scan = [ "/dev" ]
21:49:48.027215 config[2612] metadata/vg.c:65  Allocated VG #orphans_lvm2 at 0x55b5502319e0.
21:49:48.027215 config[2612] format_text/format-text.c:2645  Initialised format: lvm2
21:49:48.027215 config[2612] striped/striped.c:245  Initialised segtype: linear
21:49:48.027215 config[2612] striped/striped.c:245  Initialised segtype: striped
21:49:48.027215 config[2612] zero/zero.c:99  Initialised segtype: zero
21:49:48.027215 config[2612] error/errseg.c:105  Initialised segtype: error
21:49:48.027215 config[2612] device_mapper/libdm-config.c:986  dmeventd/snapshot_library not found in config: defaulting to "libdevmapper-event-lvm2snapshot.so"
21:49:48.027215 config[2612] snapshot/snapshot.c:274  Initialised segtype: snapshot
21:49:48.027215 config[2612] device_mapper/libdm-config.c:986  dmeventd/mirror_library not found in config: defaulting to "libdevmapper-event-lvm2mirror.so"
21:49:48.027215 config[2612] mirror/mirrored.c:539  Initialised segtype: mirror
21:49:48.027215 config[2612] device_mapper/libdm-config.c:986  dmeventd/raid_library not found in config: defaulting to "libdevmapper-event-lvm2raid.so"
21:49:48.027215 config[2612] raid/raid.c:694  Initialised segtype: raid0
21:49:48.027215 config[2612] raid/raid.c:694  Initialised segtype: raid0_meta
21:49:48.027215 config[2612] raid/raid.c:694  Initialised segtype: raid1
21:49:48.027215 config[2612] raid/raid.c:694  Initialised segtype: raid10
21:49:48.027215 config[2612] raid/raid.c:694  Initialised segtype: raid10_near
21:49:48.027215 config[2612] raid/raid.c:694  Initialised segtype: raid4
21:49:48.027215 config[2612] raid/raid.c:694  Initialised segtype: raid5
21:49:48.027215 config[2612] raid/raid.c:694  Initialised segtype: raid5_n
21:49:48.027215 config[2612] raid/raid.c:694  Initialised segtype: raid5_la
21:49:48.027215 config[2612] raid/raid.c:694  Initialised segtype: raid5_ls
21:49:48.027215 config[2612] raid/raid.c:694  Initialised segtype: raid5_ra
21:49:48.027215 config[2612] raid/raid.c:694  Initialised segtype: raid5_rs
21:49:48.027215 config[2612] raid/raid.c:694  Initialised segtype: raid6
21:49:48.027215 config[2612] raid/raid.c:694  Initialised segtype: raid6_n_6
21:49:48.027215 config[2612] raid/raid.c:694  Initialised segtype: raid6_nc
21:49:48.027215 config[2612] raid/raid.c:694  Initialised segtype: raid6_nr
21:49:48.027215 config[2612] raid/raid.c:694  Initialised segtype: raid6_zr
21:49:48.027215 config[2612] raid/raid.c:694  Initialised segtype: raid6_ls_6
21:49:48.027215 config[2612] raid/raid.c:694  Initialised segtype: raid6_rs_6
21:49:48.027215 config[2612] raid/raid.c:694  Initialised segtype: raid6_la_6
21:49:48.027215 config[2612] raid/raid.c:694  Initialised segtype: raid6_ra_6
21:49:48.027215 config[2612] device_mapper/libdm-config.c:986  dmeventd/thin_library not found in config: defaulting to "libdevmapper-event-lvm2thin.so"
21:49:48.027215 config[2612] thin/thin.c:825  Initialised segtype: thin-pool
21:49:48.027215 config[2612] device_mapper/libdm-config.c:986  dmeventd/thin_library not found in config: defaulting to "libdevmapper-event-lvm2thin.so"
21:49:48.027215 config[2612] thin/thin.c:825  Initialised segtype: thin
21:49:48.027215 config[2612] cache_segtype/cache.c:837  Initialised segtype: cache-pool
21:49:48.027215 config[2612] cache_segtype/cache.c:851  Initialised segtype: cache
21:49:48.027215 config[2612] device_mapper/libdm-config.c:986  dmeventd/vdo_library not found in config: defaulting to "libdevmapper-event-lvm2vdo.so"
21:49:48.027215 config[2612] vdo/vdo.c:616  Initialised segtypes: vdo, vdo-pool.
21:49:48.027215 config[2612] writecache/writecache.c:369  Initialised segtype: writecache
21:49:48.027215 config[2612] integrity/integrity.c:339  Initialised segtype: integrity
21:49:48.027215 config[2612] device_mapper/libdm-config.c:1085  backup/archive not found in config: defaulting to 1
21:49:48.027215 config[2612] device_mapper/libdm-config.c:1013  backup/retain_days not found in config: defaulting to 30
21:49:48.027215 config[2612] device_mapper/libdm-config.c:1013  backup/retain_min not found in config: defaulting to 10
21:49:48.027215 config[2612] device_mapper/libdm-config.c:986  backup/archive_dir not found in config: defaulting to "/etc/lvm/archive"
21:49:48.027215 config[2612] device_mapper/libdm-config.c:1085  backup/backup not found in config: defaulting to 1
21:49:48.027215 config[2612] device_mapper/libdm-config.c:986  backup/backup_dir not found in config: defaulting to "/etc/lvm/backup"
21:49:48.027215 config[2612] device_mapper/libdm-config.c:1085  devices/scan_lvs not found in config: defaulting to 0
21:49:48.027215 config[2612] device_mapper/libdm-config.c:1085  devices/allow_mixed_block_sizes not found in config: defaulting to 0
21:49:48.027215 config[2612] device_mapper/libdm-config.c:986  devices/hints not found in config: defaulting to "all"
21:49:48.027215 config[2612] device_mapper/libdm-config.c:986  activation/activation_mode not found in config: defaulting to "degraded"
21:49:48.027215 config[2612] device_mapper/libdm-config.c:1085  metadata/record_lvs_history not found in config: defaulting to 0
21:49:48.027215 config[2612] device_mapper/libdm-config.c:986  devices/search_for_devnames not found in config: defaulting to "auto"
21:49:48.027215 config[2612] lvmcmdline.c:3235  DEGRADED MODE. Incomplete RAID LVs will be processed.
21:49:48.027215 config[2612] device_mapper/libdm-config.c:1085  activation/monitoring not found in config: defaulting to 1
21:49:48.027215 config[2612] lvmcmdline.c:3241  Processing command: config --typeconfig full devices/use_devicesfile '--config= log {level=7 file=/tmp/lvm.log syslog=0}'
21:49:48.027215 config[2612] lvmcmdline.c:3242  Command pid: 2612
21:49:48.027215 config[2612] lvmcmdline.c:3243  System ID: 
21:49:48.027215 config[2612] lvmcmdline.c:3246  O_DIRECT will be used
21:49:48.027215 config[2612] device_mapper/libdm-config.c:1013  global/locking_type not found in config: defaulting to 1
21:49:48.027215 config[2612] device_mapper/libdm-config.c:1085  devices/md_component_detection not found in config: defaulting to 1
21:49:48.027215 config[2612] device_mapper/libdm-config.c:986  devices/md_component_checks not found in config: defaulting to "auto"
21:49:48.027215 config[2612] lvmcmdline.c:3062  Using md_component_checks auto use_full_md_check 0
21:49:48.027215 config[2612] device_mapper/libdm-config.c:986  devices/multipath_wwids_file not found in config: defaulting to "/etc/multipath/wwids"
21:49:48.027215 config[2612] device/dev-mpath.c:252  multipath wwids read 0 from /etc/multipath/wwids
21:49:48.027215 config[2612] device_mapper/libdm-config.c:986  allocation/thin_pool_chunk_size_policy not found in config: defaulting to "generic"
21:49:48.027215 config[2612] device_mapper/libdm-config.c:986  activation/mirror_device_fault_policy not found in config: defaulting to "remove"
21:49:48.027215 config[2612] config/config.c:1942  Dumping configuration to stdout
21:49:48.027215 config[2612] cache/lvmcache.c:2603  Destroy lvmcache content
21:49:48.027215 config[2612] commands/toolcontext.c:1894  Reloading config files
21:49:48.027215 config[2612] activate/fs.c:492  Syncing device names
21:49:48.027215 config[2612] cache/lvmcache.c:2603  Destroy lvmcache content
21:49:48.027215 config[2612] metadata/vg.c:80  Freeing VG #orphans_lvm2 at 0x55b5502319e0.
21:49:48.027215 config[2612] config/config.c:283  Loading config file: /etc/lvm/lvm.conf
21:49:48.027215 config[2612] device/dev-io.c:425  Opened /etc/lvm/lvm.conf RO
21:49:48.027215 config[2612] device/dev-io.c:466  Closed /etc/lvm/lvm.conf
21:49:48.027215 config[2612] device_mapper/libdm-config.c:1085  log/syslog not found in config: defaulting to 0
21:49:48.027215 config[2612] device_mapper/libdm-config.c:1013  log/level not found in config: defaulting to 0
