[    55.600] (WW) Failed to open protocol names file /usr/lib64/xorg/protocol.txt
[    55.600] 
X.Org X Server 1.20.11
X Protocol Version 11, Revision 0
[    55.600] Build Operating System:  4.18.0-408.el8.x86_64 
[    55.600] Current Operating System: Linux localhost.localdomain 5.14.0-299.el9.x86_64 #1 SMP PREEMPT_DYNAMIC Thu Apr 13 10:08:03 UTC 2023 x86_64
[    55.600] Kernel command line: BOOT_IMAGE=vmlinuz initrd=initrd.img inst.stage2=hd:LABEL=CentOS-Stream-9-BaseOS-x86_64 quiet
[    55.600] Build Date: 31 March 2023  12:00:00AM
[    55.600] Build ID: xorg-x11-server 1.20.11-18.el9 
[    55.600] Current version of pixman: 0.40.0
[    55.600] 	Before reporting problems, check http://wiki.x.org
	to make sure that you have the latest version.
[    55.600] Markers: (--) probed, (**) from config file, (==) default setting,
	(++) from command line, (!!) notice, (II) informational,
	(WW) warning, (EE) error, (NI) not implemented, (??) unknown.
[    55.600] (++) Log file: "/tmp/X.log", Time: Sat Apr 22 21:46:48 2023
[    55.601] (==) Using config directory: "/etc/X11/xorg.conf.d"
[    55.601] (==) Using system config directory "/usr/share/X11/xorg.conf.d"
[    55.614] (==) No Layout section.  Using the first Screen section.
[    55.614] (==) No screen section available. Using defaults.
[    55.614] (**) |-->Screen "Default Screen Section" (0)
[    55.614] (**) |   |-->Monitor "<default monitor>"
[    55.614] (==) No monitor specified for screen "Default Screen Section".
	Using a default monitor configuration.
[    55.614] (==) Automatically adding devices
[    55.614] (==) Automatically enabling devices
[    55.614] (==) Automatically adding GPU devices
[    55.614] (==) Automatically binding GPU devices
[    55.614] (==) Max clients allowed: 256, resource mask: 0x1fffff
[    55.614] (==) FontPath set to:
	catalogue:/etc/X11/fontpath.d,
	built-ins
[    55.614] (==) ModulePath set to "/usr/lib64/xorg/modules"
[    55.614] (II) The server relies on udev to provide the list of input devices.
	If no devices become available, reconfigure udev or disable AutoAddDevices.
[    55.614] (II) Loader magic: 0x55d122c0dd40
[    55.614] (II) Module ABI versions:
[    55.615] 	X.Org ANSI C Emulation: 0.4
[    55.615] 	X.Org Video Driver: 24.1
[    55.615] 	X.Org XInput driver : 24.1
[    55.615] 	X.Org Server Extension : 10.0
[    55.615] (++) using VT number 6

[    55.615] (II) systemd-logind: logind integration requires -keeptty and -keeptty was not provided, disabling logind integration
[    55.615] (II) xfree86: Adding drm device (/dev/dri/card0)
[    55.615] (--) PCI:*(0@0:2:0) 15ad:0405:15ad:0405 rev 0, Mem @ 0xe0000000/16777216, 0xf0000000/2097152, I/O @ 0x0000d010/16, BIOS @ 0x????????/131072
[    55.615] (II) LoadModule: "glx"
[    55.615] (II) Loading /usr/lib64/xorg/modules/extensions/libglx.so
[    55.630] (II) Module glx: vendor="X.Org Foundation"
[    55.630] 	compiled for 1.20.11, module version = 1.0.0
[    55.630] 	ABI class: X.Org Server Extension, version 10.0
[    55.630] (==) Matched vmware as autoconfigured driver 0
[    55.630] (==) Matched modesetting as autoconfigured driver 1
[    55.630] (==) Matched fbdev as autoconfigured driver 2
[    55.630] (==) Matched vesa as autoconfigured driver 3
[    55.630] (==) Assigned the driver to the xf86ConfigLayout
[    55.630] (II) LoadModule: "vmware"
[    55.630] (WW) Warning, couldn't open module vmware
[    55.630] (EE) Failed to load module "vmware" (module does not exist, 0)
[    55.630] (II) LoadModule: "modesetting"
[    55.630] (II) Loading /usr/lib64/xorg/modules/drivers/modesetting_drv.so
[    55.638] (II) Module modesetting: vendor="X.Org Foundation"
[    55.638] 	compiled for 1.20.11, module version = 1.20.11
[    55.638] 	Module class: X.Org Video Driver
[    55.638] 	ABI class: X.Org Video Driver, version 24.1
[    55.638] (II) LoadModule: "fbdev"
[    55.638] (II) Loading /usr/lib64/xorg/modules/drivers/fbdev_drv.so
[    55.638] (II) Module fbdev: vendor="X.Org Foundation"
[    55.638] 	compiled for 1.20.11, module version = 0.5.0
[    55.638] 	Module class: X.Org Video Driver
[    55.638] 	ABI class: X.Org Video Driver, version 24.1
[    55.638] (II) LoadModule: "vesa"
[    55.638] (WW) Warning, couldn't open module vesa
[    55.638] (EE) Failed to load module "vesa" (module does not exist, 0)
[    55.638] (II) modesetting: Driver for Modesetting Kernel Drivers: kms
[    55.638] (II) FBDEV: driver for framebuffer: fbdev
[    55.638] (II) modeset(0): using drv /dev/dri/card0
[    55.638] (II) modeset(0): Creating default Display subsection in Screen section
	"Default Screen Section" for depth/fbbpp 24/32
[    55.638] (==) modeset(0): Depth 24, (==) framebuffer bpp 32
[    55.638] (==) modeset(0): RGB weight 888
[    55.638] (==) modeset(0): Default visual is TrueColor
[    55.638] (II) Loading sub module "glamoregl"
[    55.638] (II) LoadModule: "glamoregl"
[    55.638] (II) Loading /usr/lib64/xorg/modules/libglamoregl.so
[    55.656] (II) Module glamoregl: vendor="X.Org Foundation"
[    55.656] 	compiled for 1.20.11, module version = 1.0.1
[    55.656] 	ABI class: X.Org ANSI C Emulation, version 0.4
[    56.929] (II) modeset(0): Refusing to try glamor on llvmpipe
[    56.929] (EE) modeset(0): glamor initialization failed
[    56.929] (II) modeset(0): ShadowFB: preferred NO, enabled NO
[    56.929] (II) modeset(0): Output Virtual-1 has no monitor section
[    56.929] (II) modeset(0): Output Virtual-2 has no monitor section
[    56.929] (II) modeset(0): Output Virtual-3 has no monitor section
[    56.929] (II) modeset(0): Output Virtual-4 has no monitor section
[    56.929] (II) modeset(0): Output Virtual-5 has no monitor section
[    56.929] (II) modeset(0): Output Virtual-6 has no monitor section
[    56.929] (II) modeset(0): Output Virtual-7 has no monitor section
[    56.929] (II) modeset(0): Output Virtual-8 has no monitor section
[    56.929] (II) modeset(0): EDID for output Virtual-1
[    56.929] (II) modeset(0): Printing probed modes for output Virtual-1
[    56.929] (II) modeset(0): Modeline "800x600"x60.0   42.75  800 850 900 950  600 650 700 750 -hsync +vsync (45.0 kHz eP)
[    56.929] (II) modeset(0): Modeline "2560x1600"x60.0  348.50  2560 2752 3032 3504  1600 1603 1609 1658 -hsync +vsync (99.5 kHz e)
[    56.929] (II) modeset(0): Modeline "2560x1440"x60.0  241.50  2560 2608 2640 2720  1440 1443 1448 1481 +hsync -vsync (88.8 kHz e)
[    56.929] (II) modeset(0): Modeline "1920x1440"x60.0  234.00  1920 2048 2256 2600  1440 1441 1444 1500 -hsync +vsync (90.0 kHz e)
[    56.929] (II) modeset(0): Modeline "1856x1392"x60.0  218.25  1856 1952 2176 2528  1392 1393 1396 1439 -hsync +vsync (86.3 kHz e)
[    56.929] (II) modeset(0): Modeline "1792x1344"x60.0  204.75  1792 1920 2120 2448  1344 1345 1348 1394 -hsync +vsync (83.6 kHz e)
[    56.929] (II) modeset(0): Modeline "1920x1200"x59.9  193.25  1920 2056 2256 2592  1200 1203 1209 1245 -hsync +vsync (74.6 kHz e)
[    56.929] (II) modeset(0): Modeline "1920x1080"x60.0  173.00  1920 2048 2248 2576  1080 1083 1088 1120 -hsync +vsync (67.2 kHz e)
[    56.929] (II) modeset(0): Modeline "1600x1200"x60.0  162.00  1600 1664 1856 2160  1200 1201 1204 1250 +hsync +vsync (75.0 kHz e)
[    56.929] (II) modeset(0): Modeline "1680x1050"x60.0  146.25  1680 1784 1960 2240  1050 1053 1059 1089 -hsync +vsync (65.3 kHz e)
[    56.929] (II) modeset(0): Modeline "1400x1050"x60.0  121.75  1400 1488 1632 1864  1050 1053 1057 1089 -hsync +vsync (65.3 kHz e)
[    56.929] (II) modeset(0): Modeline "1280x1024"x60.0  108.00  1280 1328 1440 1688  1024 1025 1028 1066 +hsync +vsync (64.0 kHz e)
[    56.929] (II) modeset(0): Modeline "1440x900"x59.9  106.50  1440 1520 1672 1904  900 903 909 934 -hsync +vsync (55.9 kHz e)
[    56.929] (II) modeset(0): Modeline "1280x960"x60.0  108.00  1280 1376 1488 1800  960 961 964 1000 +hsync +vsync (60.0 kHz e)
[    56.929] (II) modeset(0): Modeline "1360x768"x60.0   85.50  1360 1424 1536 1792  768 771 777 795 +hsync +vsync (47.7 kHz e)
[    56.929] (II) modeset(0): Modeline "1280x800"x59.8   83.50  1280 1352 1480 1680  800 803 809 831 +hsync -vsync (49.7 kHz e)
[    56.929] (II) modeset(0): Modeline "1152x864"x75.0  108.00  1152 1216 1344 1600  864 865 868 900 +hsync +vsync (67.5 kHz e)
[    56.929] (II) modeset(0): Modeline "1280x768"x59.9   79.50  1280 1344 1472 1664  768 771 778 798 -hsync +vsync (47.8 kHz e)
[    56.929] (II) modeset(0): Modeline "1280x720"x59.9   74.50  1280 1344 1472 1664  720 723 728 748 -hsync +vsync (44.8 kHz e)
[    56.929] (II) modeset(0): Modeline "1024x768"x60.0   65.00  1024 1048 1184 1344  768 771 777 806 -hsync -vsync (48.4 kHz e)
[    56.929] (II) modeset(0): Modeline "800x600"x60.3   40.00  800 840 968 1056  600 601 605 628 +hsync +vsync (37.9 kHz e)
[    56.929] (II) modeset(0): Modeline "640x480"x59.9   25.18  640 656 752 800  480 489 492 525 -hsync -vsync (31.5 kHz e)
[    56.929] (II) modeset(0): EDID for output Virtual-2
[    56.929] (II) modeset(0): EDID for output Virtual-3
[    56.929] (II) modeset(0): EDID for output Virtual-4
[    56.929] (II) modeset(0): EDID for output Virtual-5
[    56.929] (II) modeset(0): EDID for output Virtual-6
[    56.929] (II) modeset(0): EDID for output Virtual-7
[    56.929] (II) modeset(0): EDID for output Virtual-8
[    56.929] (II) modeset(0): Output Virtual-1 connected
[    56.929] (II) modeset(0): Output Virtual-2 disconnected
[    56.929] (II) modeset(0): Output Virtual-3 disconnected
[    56.929] (II) modeset(0): Output Virtual-4 disconnected
[    56.929] (II) modeset(0): Output Virtual-5 disconnected
[    56.929] (II) modeset(0): Output Virtual-6 disconnected
[    56.929] (II) modeset(0): Output Virtual-7 disconnected
[    56.929] (II) modeset(0): Output Virtual-8 disconnected
[    56.929] (II) modeset(0): Using exact sizes for initial modes
[    56.929] (II) modeset(0): Output Virtual-1 using initial mode 800x600 +0+0
[    56.929] (==) modeset(0): Using gamma correction (1.0, 1.0, 1.0)
[    56.929] (++) modeset(0): DPI set to (96, 96)
[    56.929] (II) Loading sub module "fb"
[    56.929] (II) LoadModule: "fb"
[    56.929] (II) Module "fb" already built-in
[    56.929] (II) UnloadModule: "fbdev"
[    56.929] (II) Unloading fbdev
[    56.939] (==) modeset(0): Backing store enabled
[    56.939] (==) modeset(0): Silken mouse enabled
[    56.939] (II) modeset(0): Initializing kms color map for depth 24, 8 bpc.
[    56.939] (==) modeset(0): DPMS enabled
[    56.939] (II) Initializing extension Generic Event Extension
[    56.939] (II) Initializing extension SHAPE
[    56.939] (II) Initializing extension MIT-SHM
[    56.939] (II) Initializing extension XInputExtension
[    56.939] (II) Initializing extension XTEST
[    56.939] (II) Initializing extension BIG-REQUESTS
[    56.939] (II) Initializing extension SYNC
[    56.939] (II) Initializing extension XKEYBOARD
[    56.939] (II) Initializing extension XC-MISC
[    56.939] (II) Initializing extension SECURITY
[    56.939] (II) Initializing extension XFIXES
[    56.939] (II) Initializing extension RENDER
[    56.939] (II) Initializing extension RANDR
[    56.939] (II) Initializing extension COMPOSITE
[    56.939] (II) Initializing extension DAMAGE
[    56.939] (II) Initializing extension MIT-SCREEN-SAVER
[    56.939] (II) Initializing extension DOUBLE-BUFFER
[    56.939] (II) Initializing extension RECORD
[    56.939] (II) Initializing extension DPMS
[    56.939] (II) Initializing extension Present
[    56.939] (II) Initializing extension DRI3
[    56.939] (II) Initializing extension X-Resource
[    56.939] (II) Initializing extension XVideo
[    56.939] (II) Initializing extension XVideo-MotionCompensation
[    56.939] (II) Initializing extension SELinux
[    56.939] (II) SELinux: Disabled by boolean
[    56.939] (II) Initializing extension GLX
[    56.939] (II) AIGLX: Screen 0 is not DRI2 capable
[    56.939] (II) IGLX: Loaded and initialized swrast
[    56.939] (II) GLX: Initialized DRISWRAST GL provider for screen 0
[    56.939] (II) Initializing extension XFree86-VidModeExtension
[    56.939] (II) Initializing extension XFree86-DGA
[    56.939] (II) Initializing extension DRI2
[    56.939] (II) modeset(0): Damage tracking initialized
[    56.939] (II) modeset(0): Setting screen physical size to 211 x 158
[    57.014] (II) config/udev: Adding input device Power Button (/dev/input/event0)
[    57.014] (**) Power Button: Applying InputClass "evdev keyboard catchall"
[    57.014] (**) Power Button: Applying InputClass "libinput keyboard catchall"
[    57.014] (II) LoadModule: "libinput"
[    57.014] (II) Loading /usr/lib64/xorg/modules/input/libinput_drv.so
[    57.014] (II) Module libinput: vendor="X.Org Foundation"
[    57.014] 	compiled for 1.20.11, module version = 1.0.1
[    57.014] 	Module class: X.Org XInput Driver
[    57.014] 	ABI class: X.Org XInput driver, version 24.1
[    57.014] (II) Using input driver 'libinput' for 'Power Button'
[    57.014] (**) Power Button: always reports core events
[    57.014] (**) Option "Device" "/dev/input/event0"
[    57.014] (**) Option "_source" "server/udev"
[    57.014] (II) event0  - Power Button: is tagged by udev as: Keyboard
[    57.014] (II) event0  - Power Button: device is a keyboard
[    57.014] (II) event0  - Power Button: device removed
[    57.034] (**) Option "config_info" "udev:/sys/devices/LNXSYSTM:00/LNXPWRBN:00/input/input0/event0"
[    57.034] (II) XINPUT: Adding extended input device "Power Button" (type: KEYBOARD, id 6)
[    57.034] (II) event0  - Power Button: is tagged by udev as: Keyboard
[    57.034] (II) event0  - Power Button: device is a keyboard
[    57.034] (II) config/udev: Adding input device Sleep Button (/dev/input/event1)
[    57.034] (**) Sleep Button: Applying InputClass "evdev keyboard catchall"
[    57.034] (**) Sleep Button: Applying InputClass "libinput keyboard catchall"
[    57.034] (II) Using input driver 'libinput' for 'Sleep Button'
[    57.034] (**) Sleep Button: always reports core events
[    57.034] (**) Option "Device" "/dev/input/event1"
[    57.034] (**) Option "_source" "server/udev"
[    57.034] (II) event1  - Sleep Button: is tagged by udev as: Keyboard
[    57.034] (II) event1  - Sleep Button: device is a keyboard
[    57.034] (II) event1  - Sleep Button: device removed
[    57.046] (**) Option "config_info" "udev:/sys/devices/LNXSYSTM:00/LNXSLPBN:00/input/input1/event1"
[    57.046] (II) XINPUT: Adding extended input device "Sleep Button" (type: KEYBOARD, id 7)
[    57.046] (II) event1  - Sleep Button: is tagged by udev as: Keyboard
[    57.046] (II) event1  - Sleep Button: device is a keyboard
[    57.046] (II) config/udev: Adding input device Video Bus (/dev/input/event4)
[    57.046] (**) Video Bus: Applying InputClass "evdev keyboard catchall"
[    57.046] (**) Video Bus: Applying InputClass "libinput keyboard catchall"
[    57.046] (II) Using input driver 'libinput' for 'Video Bus'
[    57.046] (**) Video Bus: always reports core events
[    57.046] (**) Option "Device" "/dev/input/event4"
[    57.046] (**) Option "_source" "server/udev"
[    57.046] (II) event4  - Video Bus: is tagged by udev as: Keyboard
[    57.046] (II) event4  - Video Bus: device is a keyboard
[    57.046] (II) event4  - Video Bus: device removed
[    57.062] (**) Option "config_info" "udev:/sys/devices/LNXSYSTM:00/LNXSYBUS:00/PNP0A03:00/LNXVIDEO:00/input/input5/event4"
[    57.062] (II) XINPUT: Adding extended input device "Video Bus" (type: KEYBOARD, id 8)
[    57.062] (II) event4  - Video Bus: is tagged by udev as: Keyboard
[    57.062] (II) event4  - Video Bus: device is a keyboard
[    57.062] (II) config/udev: Adding input device AT Translated Set 2 keyboard (/dev/input/event2)
[    57.062] (**) AT Translated Set 2 keyboard: Applying InputClass "evdev keyboard catchall"
[    57.062] (**) AT Translated Set 2 keyboard: Applying InputClass "libinput keyboard catchall"
[    57.062] (II) Using input driver 'libinput' for 'AT Translated Set 2 keyboard'
[    57.062] (**) AT Translated Set 2 keyboard: always reports core events
[    57.062] (**) Option "Device" "/dev/input/event2"
[    57.062] (**) Option "_source" "server/udev"
[    57.062] (II) event2  - AT Translated Set 2 keyboard: is tagged by udev as: Keyboard
[    57.062] (II) event2  - AT Translated Set 2 keyboard: device is a keyboard
[    57.062] (II) event2  - AT Translated Set 2 keyboard: device removed
[    57.069] (**) Option "config_info" "udev:/sys/devices/platform/i8042/serio0/input/input2/event2"
[    57.069] (II) XINPUT: Adding extended input device "AT Translated Set 2 keyboard" (type: KEYBOARD, id 9)
[    57.069] (II) event2  - AT Translated Set 2 keyboard: is tagged by udev as: Keyboard
[    57.069] (II) event2  - AT Translated Set 2 keyboard: device is a keyboard
[    57.069] (II) config/udev: Adding input device ImExPS/2 Generic Explorer Mouse (/dev/input/event3)
[    57.069] (**) ImExPS/2 Generic Explorer Mouse: Applying InputClass "evdev pointer catchall"
[    57.069] (**) ImExPS/2 Generic Explorer Mouse: Applying InputClass "libinput pointer catchall"
[    57.069] (II) Using input driver 'libinput' for 'ImExPS/2 Generic Explorer Mouse'
[    57.069] (**) ImExPS/2 Generic Explorer Mouse: always reports core events
[    57.069] (**) Option "Device" "/dev/input/event3"
[    57.069] (**) Option "_source" "server/udev"
[    57.069] (II) event3  - ImExPS/2 Generic Explorer Mouse: is tagged by udev as: Mouse
[    57.069] (II) event3  - ImExPS/2 Generic Explorer Mouse: device is a pointer
[    57.069] (II) event3  - ImExPS/2 Generic Explorer Mouse: device removed
[    57.081] (**) Option "config_info" "udev:/sys/devices/platform/i8042/serio1/input/input4/event3"
[    57.081] (II) XINPUT: Adding extended input device "ImExPS/2 Generic Explorer Mouse" (type: MOUSE, id 10)
[    57.081] (**) Option "AccelerationScheme" "none"
[    57.081] (**) ImExPS/2 Generic Explorer Mouse: (accel) selected scheme none/0
[    57.081] (**) ImExPS/2 Generic Explorer Mouse: (accel) acceleration factor: 2.000
[    57.081] (**) ImExPS/2 Generic Explorer Mouse: (accel) acceleration threshold: 4
[    57.081] (II) event3  - ImExPS/2 Generic Explorer Mouse: is tagged by udev as: Mouse
[    57.081] (II) event3  - ImExPS/2 Generic Explorer Mouse: device is a pointer
[    57.081] (II) config/udev: Adding input device ImExPS/2 Generic Explorer Mouse (/dev/input/mouse0)
[    57.081] (II) No input driver specified, ignoring this device.
[    57.081] (II) This device may have been added with another device file.
[    57.081] (II) config/udev: Adding input device PC Speaker (/dev/input/event5)
[    57.081] (II) No input driver specified, ignoring this device.
[    57.081] (II) This device may have been added with another device file.
[   156.063] (EE) client bug: timer event3 debounce: scheduled expiry is in the past (-32ms), your system is too slow
[   171.981] (EE) event3  - ImExPS/2 Generic Explorer Mouse: client bug: event processing lagging behind by 20ms, your system is too slow
[   172.151] (EE) client bug: timer event3 debounce: scheduled expiry is in the past (-98ms), your system is too slow
[   174.108] (EE) event3  - ImExPS/2 Generic Explorer Mouse: client bug: event processing lagging behind by 263ms, your system is too slow
[   183.927] (EE) event3  - ImExPS/2 Generic Explorer Mouse: client bug: event processing lagging behind by 21ms, your system is too slow
[   184.170] (EE) event3  - ImExPS/2 Generic Explorer Mouse: client bug: event processing lagging behind by 11ms, your system is too slow
[   185.285] (EE) client bug: timer event3 debounce: scheduled expiry is in the past (-10ms), your system is too slow
[   185.380] (EE) client bug: timer event3 debounce: scheduled expiry is in the past (-34ms), your system is too slow
[   185.380] (EE) client bug: timer event3 debounce short: scheduled expiry is in the past (-47ms), your system is too slow
[   188.548] (EE) event3  - ImExPS/2 Generic Explorer Mouse: client bug: event processing lagging behind by 16ms, your system is too slow
[   188.548] (EE) event3  - ImExPS/2 Generic Explorer Mouse: WARNING: log rate limit exceeded (5 msgs per 60min). Discarding future messages.
[   188.717] (EE) client bug: timer event3 debounce short: scheduled expiry is in the past (-12ms), your system is too slow
[   189.861] (EE) client bug: timer event3 debounce: scheduled expiry is in the past (-30ms), your system is too slow
[   195.493] (EE) client bug: timer event3 debounce: scheduled expiry is in the past (-63ms), your system is too slow
[   206.249] (EE) client bug: timer event3 debounce: scheduled expiry is in the past (-29ms), your system is too slow
[   208.249] (EE) client bug: timer event3 debounce short: scheduled expiry is in the past (-2ms), your system is too slow
[   217.825] (EE) client bug: timer event3 debounce: scheduled expiry is in the past (-77ms), your system is too slow
[   221.615] (EE) client bug: timer event3 debounce: scheduled expiry is in the past (-51ms), your system is too slow
[   221.615] (EE) client bug: timer event3 debounce short: scheduled expiry is in the past (-64ms), your system is too slow
[   228.853] (EE) client bug: timer event3 debounce: scheduled expiry is in the past (-19ms), your system is too slow
[   230.503] (EE) client bug: timer event3 debounce: scheduled expiry is in the past (-10ms), your system is too slow
[   230.503] (EE) client bug: timer event3 debounce short: scheduled expiry is in the past (-23ms), your system is too slow
[   231.237] (EE) client bug: timer event3 debounce: scheduled expiry is in the past (-9ms), your system is too slow
[   231.237] (EE) client bug: timer event3 debounce short: scheduled expiry is in the past (-22ms), your system is too slow
[   233.466] (EE) client bug: timer event3 debounce: scheduled expiry is in the past (-53ms), your system is too slow
[   233.613] (EE) client bug: timer event3 debounce short: scheduled expiry is in the past (-5ms), your system is too slow
[   235.908] (EE) client bug: timer event3 debounce: scheduled expiry is in the past (-15ms), your system is too slow
[   236.040] (EE) client bug: timer event3 debounce: scheduled expiry is in the past (-33ms), your system is too slow
[   236.040] (EE) client bug: timer event3 debounce short: scheduled expiry is in the past (-46ms), your system is too slow
