
Files:

File: ./logs/Ubuntu22/x86_64/wtmp
  About:
      FileType      : UTMP/WTMP (Unix accounting log (acct/lastlog/lastlogx/utmp/utmpx))
      FixedStructTyp: Utmp
      LogMessageType: fixedstruct entries (Unix acct/lastlog/lastlogx/utmp/utmpx)
      specific type : Fs_Linux_x86_Utmpx
      Thread stack  : 104448 (bytes)
  Printed:
      bytes         : 21975
      flushes       : 93
      Entries       : 93
  Processed:
      file size     : 35712 (0x8B80) (bytes)
      bytes         : 35712 (0x8B80)
      bytes total   : 35712 (0x8B80)
      Block size    : 256 (0x100)
      Blocks        : 140
      Blocks total  : 140 (35840 bytes)
      Entries       : 93
      Entry size    : 384 (bytes)
      Entry hi-score: 125
      first Entry   : @0
      Entry high    : 5
      peak map size : 93
      Datetime first: 2023-03-16 05:42:15 +08:00 (2023-03-15 21:42:15.412000 +00:00)
      Datetime last : 2023-12-03 03:42:11 +08:00 (2023-12-02 19:42:11.638162 +00:00)
      out of order  : 3
  Processing stores:
      storage: FixedStructReader::find_entry()                     : hit   5, miss  88,  5.4%
  Processing Drops:

Program summary:

Paths considered       : 1
Paths not processed    : 0
Files processed        : 1
Files printed          : 1
Printed bytes          : 22347
Printed flushes        : 186
Printed Lines          : 0
Printed Syslines       : 0
Printed ASL events     : 0
Printed ETL events     : 0
Printed EVTX events    : 0
Printed FixedStruct    : 93
Printed Journal events : 0
Printed ODL events     : 0
Line Maximum                   : 393209
Line longest                   : 0
Sysline longest                : 0
EVTX event largest processed   : 0
EVTX event largest accepted    : 0
Journal event largest processed: 0
Journal event largest accepted : 0
Managed files max deflt: 980
Managed files max adjus: 200
Managed request open   : 1
Managed request read   : 0
Managed write calls    : 0
Managed seek calls     : 140
Managed metadata calls : 1
Managed open errors    : 0
Managed evict fails    : 0
Regex patterns known   : 188
Regex patterns compiled: 188
Datetime filter -a     : 1999-03-03 00:00:00 +00:00 (1999-03-03 00:00:00.000000 +00:00)
Datetime printed first : 2023-03-16 05:42:15 +08:00 (2023-03-15 21:42:15.412000 +00:00)
Datetime printed last  : 2023-12-03 03:42:11 +08:00 (2023-12-02 19:42:11.638162 +00:00)
Datetime filter -b     : 2026-01-02 00:00:00 +00:00 (2026-01-02 00:00:00.000000 +00:00)
Channel receive ok     : 95
Channel receive err    : 0
Threads spawned        : 1
Thread spawn errors    : 0
Temporary files created: 0
Platform               : x86_64-unknown-linux-gnu
Allocator              : system
