./logs/synology-DS6/fsck/root.log┋20200306T191950.000000000┋20200307_031950 /sbin/e2fsck -pvf
./logs/synology-DS6/fsck/root.log┋20200306T191950.000000000┋
./logs/synology-DS6/fsck/root.log┋20200306T191950.000000000┋       41180 inodes used (26.46%, out of 155648)
./logs/synology-DS6/fsck/root.log┋20200306T191950.000000000┋         193 non-contiguous files (0.5%)
./logs/synology-DS6/fsck/root.log┋20200306T191950.000000000┋          21 non-contiguous directories (0.1%)
./logs/synology-DS6/fsck/root.log┋20200306T191950.000000000┋             # of inodes with ind/dind/tind blocks: 0/0/0
./logs/synology-DS6/fsck/root.log┋20200306T191950.000000000┋             Extent depth histogram: 38267/95
./logs/synology-DS6/fsck/root.log┋20200306T191950.000000000┋      286637 blocks used (46.04%, out of 622544)
./logs/synology-DS6/fsck/root.log┋20200306T191950.000000000┋           0 bad blocks
./logs/synology-DS6/fsck/root.log┋20200306T191950.000000000┋           1 large file
./logs/synology-DS6/fsck/root.log┋20200306T191950.000000000┋
./logs/synology-DS6/fsck/root.log┋20200306T191950.000000000┋       32961 regular files
./logs/synology-DS6/fsck/root.log┋20200306T191950.000000000┋        5099 directories
./logs/synology-DS6/fsck/root.log┋20200306T191950.000000000┋           2 character device files
./logs/synology-DS6/fsck/root.log┋20200306T191950.000000000┋           0 block device files
./logs/synology-DS6/fsck/root.log┋20200306T191950.000000000┋           0 fifos
./logs/synology-DS6/fsck/root.log┋20200306T191950.000000000┋        1225 links
./logs/synology-DS6/fsck/root.log┋20200306T191950.000000000┋        3109 symbolic links (2808 fast symbolic links)
./logs/synology-DS6/fsck/root.log┋20200306T191950.000000000┋           0 sockets
./logs/synology-DS6/fsck/root.log┋20200306T191950.000000000┋------------
./logs/synology-DS6/fsck/root.log┋20200306T191950.000000000┋       42396 files
./logs/synology-DS6/fsck/root.log┋20200306T191950.000000000┋return value: 0
⇳
./logs/synology-DS6/fsck/root.log┋20200306T201805.000000000┋20200307_041805 /sbin/e2fsck -pvf
./logs/synology-DS6/fsck/root.log┋20200306T201805.000000000┋
./logs/synology-DS6/fsck/root.log┋20200306T201805.000000000┋       40990 inodes used (26.34%, out of 155648)
./logs/synology-DS6/fsck/root.log┋20200306T201805.000000000┋         182 non-contiguous files (0.4%)
./logs/synology-DS6/fsck/root.log┋20200306T201805.000000000┋          21 non-contiguous directories (0.1%)
./logs/synology-DS6/fsck/root.log┋20200306T201805.000000000┋             # of inodes with ind/dind/tind blocks: 0/0/0
./logs/synology-DS6/fsck/root.log┋20200306T201805.000000000┋             Extent depth histogram: 38077/96
./logs/synology-DS6/fsck/root.log┋20200306T201805.000000000┋      286438 blocks used (46.01%, out of 622544)
./logs/synology-DS6/fsck/root.log┋20200306T201805.000000000┋           0 bad blocks
./logs/synology-DS6/fsck/root.log┋20200306T201805.000000000┋           1 large file
./logs/synology-DS6/fsck/root.log┋20200306T201805.000000000┋
./logs/synology-DS6/fsck/root.log┋20200306T201805.000000000┋       32773 regular files
./logs/synology-DS6/fsck/root.log┋20200306T201805.000000000┋        5099 directories
./logs/synology-DS6/fsck/root.log┋20200306T201805.000000000┋           2 character device files
./logs/synology-DS6/fsck/root.log┋20200306T201805.000000000┋           0 block device files
./logs/synology-DS6/fsck/root.log┋20200306T201805.000000000┋           0 fifos
./logs/synology-DS6/fsck/root.log┋20200306T201805.000000000┋        1225 links
./logs/synology-DS6/fsck/root.log┋20200306T201805.000000000┋        3107 symbolic links (2807 fast symbolic links)
./logs/synology-DS6/fsck/root.log┋20200306T201805.000000000┋           0 sockets
./logs/synology-DS6/fsck/root.log┋20200306T201805.000000000┋------------
./logs/synology-DS6/fsck/root.log┋20200306T201805.000000000┋       42206 files
./logs/synology-DS6/fsck/root.log┋20200306T201805.000000000┋return value: 0
⇳
./logs/synology-DS6/fsck/root.log┋20200307T122530.000000000┋20200307_202530 /sbin/e2fsck -pvf
./logs/synology-DS6/fsck/root.log┋20200307T122530.000000000┋
./logs/synology-DS6/fsck/root.log┋20200307T122530.000000000┋       41117 inodes used (26.42%, out of 155648)
./logs/synology-DS6/fsck/root.log┋20200307T122530.000000000┋         185 non-contiguous files (0.4%)
./logs/synology-DS6/fsck/root.log┋20200307T122530.000000000┋          21 non-contiguous directories (0.1%)
./logs/synology-DS6/fsck/root.log┋20200307T122530.000000000┋             # of inodes with ind/dind/tind blocks: 0/0/0
./logs/synology-DS6/fsck/root.log┋20200307T122530.000000000┋             Extent depth histogram: 38201/99
./logs/synology-DS6/fsck/root.log┋20200307T122530.000000000┋      286693 blocks used (46.05%, out of 622544)
./logs/synology-DS6/fsck/root.log┋20200307T122530.000000000┋           0 bad blocks
./logs/synology-DS6/fsck/root.log┋20200307T122530.000000000┋           1 large file
./logs/synology-DS6/fsck/root.log┋20200307T122530.000000000┋
./logs/synology-DS6/fsck/root.log┋20200307T122530.000000000┋       32900 regular files
./logs/synology-DS6/fsck/root.log┋20200307T122530.000000000┋        5099 directories
./logs/synology-DS6/fsck/root.log┋20200307T122530.000000000┋           2 character device files
./logs/synology-DS6/fsck/root.log┋20200307T122530.000000000┋           0 block device files
./logs/synology-DS6/fsck/root.log┋20200307T122530.000000000┋           0 fifos
./logs/synology-DS6/fsck/root.log┋20200307T122530.000000000┋        1225 links
./logs/synology-DS6/fsck/root.log┋20200307T122530.000000000┋        3107 symbolic links (2807 fast symbolic links)
./logs/synology-DS6/fsck/root.log┋20200307T122530.000000000┋           0 sockets
./logs/synology-DS6/fsck/root.log┋20200307T122530.000000000┋------------
./logs/synology-DS6/fsck/root.log┋20200307T122530.000000000┋       42333 files
./logs/synology-DS6/fsck/root.log┋20200307T122530.000000000┋return value: 0⇳

