
Files:

File: ./logs/synology-DS6/fsck/root.log
  About:
      FileType      : TEXT UTF8/ASCII (text log)
      LogMessageType: text log lines
      Thread stack  : 100352 (bytes)
  Printed:
      bytes         : 6191
      flushes       : 6
      Lines         : 66
      Syslines      : 3
      Datetime first: 2020-03-07 03:19:50 +08:00 (2020-03-06 19:19:50.000000 +00:00)
      Datetime last : 2020-03-07 20:25:30 +08:00 (2020-03-07 12:25:30.000000 +00:00)
  Processed:
      file size     : 1967 (0x7AF) (bytes)
      bytes         : 1967 (0x7AF)
      bytes total   : 1967 (0x7AF)
      Block size    : 256 (0x100)
      Blocks        : 8
      Blocks total  : 8 (2048 bytes)
      Lines         : 66
      Line longest  : 58 (bytes)
      Line parts    : 74
      Syslines      : 3
      Sysline longest: 656 (bytes)
      Syslines high : 3
      Datetime first: 2020-03-07 03:19:50 +08:00 (2020-03-06 19:19:50.000000 +00:00)
      Datetime last : 2020-03-07 20:25:30 +08:00 (2020-03-07 12:25:30.000000 +00:00)
      out of order  : 0
  Parsers:
  Processing stores:
      storage: LineReader::find_line() lines                       : hit   6, miss 127,  4.5%
      caching: LineReader::find_line() LRU cache                   : hit   9, miss  67, 11.8%, put  66
      copying: SyslineReader::get_boxptrs()                        : sgl 945, dbl    7, mult   0
      storage: SyslineReader::find_sysline() syslines              : hit   0, miss   4,  0.0%
      caching: SyslineReader::find_sysline() syslines_by_range_map : hit   0, miss   2,  0.0%, put   1
      caching: SyslineReader::find_sysline() LRU cache             : hit   0, miss   4,  0.0%, put   3
      caching: SyslineReader::parse_datetime_in_line() LRU cache   : hit   3, miss  71,  4.1%, put   0
      optimize:SyslineReader::ezcheck12                            : hit   0, miss   0,  0.0%, largest skipped 0
      optimize:SyslineReader::ezcheckd2                            : hit  20, miss  72, 21.7%, largest skipped 57
      optimize:SyslineReader::ezcheck12d2                          : hit 189, miss 671, 22.0%, largest skipped 57
      process: regex captures                                      : hit   3, miss 740
  Processing Drops:

Program summary:

Paths considered       : 1
Paths not processed    : 0
Files processed        : 1
Files printed          : 1
Printed bytes          : 6204
Printed flushes        : 10
Printed Lines          : 66
Printed Syslines       : 3
Printed ASL events     : 0
Printed ETL events     : 0
Printed EVTX events    : 0
Printed FixedStruct    : 0
Printed Journal events : 0
Printed ODL events     : 0
Line Maximum                   : 393209
Line longest                   : 58
Sysline longest                : 656
EVTX event largest processed   : 0
EVTX event largest accepted    : 0
Journal event largest processed: 0
Journal event largest accepted : 0
Managed files max deflt: 980
Managed files max adjus: 200
Managed request open   : 1
Managed request read   : 0
Managed write calls    : 0
Managed seek calls     : 8
Managed metadata calls : 1
Managed open errors    : 0
Managed evict fails    : 0
Regex patterns known   : 188
Regex patterns compiled: 188
Datetime filter -a     : 1999-03-03 00:00:00 +00:00 (1999-03-03 00:00:00.000000 +00:00)
Datetime printed first : 2020-03-07 03:19:50 +08:00 (2020-03-06 19:19:50.000000 +00:00)
Datetime printed last  : 2020-03-07 20:25:30 +08:00 (2020-03-07 12:25:30.000000 +00:00)
Datetime filter -b     : 2026-01-02 00:00:00 +00:00 (2026-01-02 00:00:00.000000 +00:00)
Channel receive ok     : 5
Channel receive err    : 0
Threads spawned        : 1
Thread spawn errors    : 0
Temporary files created: 0
Platform               : x86_64-unknown-linux-gnu
Allocator              : system
