
Files:

File: ./logs/Ubuntu22/unattended-upgrades/unattended-upgrades-dpkg.log
  About:
      FileType      : TEXT UTF8/ASCII (text log)
      LogMessageType: text log lines
      Thread stack  : 102400 (bytes)
  Printed:
      bytes         : 2759
      flushes       : 2
      Lines         : 14
      Syslines      : 1
      Datetime first: 2022-10-04 06:22:28 +08:00 (2022-10-03 22:22:28.000000 +00:00)
      Datetime last : 2022-10-04 06:22:28 +08:00 (2022-10-03 22:22:28.000000 +00:00)
  Processed:
      file size     : 1429 (0x595) (bytes)
      bytes         : 1429 (0x595)
      bytes total   : 1429 (0x595)
      Block size    : 256 (0x100)
      Blocks        : 6
      Blocks total  : 6 (1536 bytes)
      Blocks high   : 6 (1536 bytes)
      Lines         : 14
      Line longest  : 615 (bytes)
      Lines high    : 14
      Line parts    : 20
      Syslines      : 1
      Sysline longest: 1429 (bytes)
      Syslines high : 1
      Datetime first: 2022-10-04 06:22:28 +08:00 (2022-10-03 22:22:28.000000 +00:00)
      Datetime last : 2022-10-04 06:22:28 +08:00 (2022-10-03 22:22:28.000000 +00:00)
      out of order  : 0
  Parsers:
  Processing stores:
      storage: LineReader::find_line() lines                       : hit  0, miss 29,  0.0%
      caching: LineReader::find_line() LRU cache                   : hit  2, miss 15, 11.8%, put 14
      copying: SyslineReader::get_boxptrs()                        : sgl 35, dbl   2, mult  0
      storage: SyslineReader::find_sysline() syslines              : hit  0, miss  2,  0.0%
      caching: SyslineReader::find_sysline() syslines_by_range_map : hit  0, miss  2,  0.0%, put  1
      caching: SyslineReader::find_sysline() LRU cache             : hit  0, miss  2,  0.0%, put  1
      caching: SyslineReader::parse_datetime_in_line() LRU cache   : hit  1, miss 14,  6.7%, put  0
      optimize:SyslineReader::ezcheck12                            : hit  0, miss  0,  0.0%, largest skipped 0
      optimize:SyslineReader::ezcheckd2                            : hit  0, miss  2,  0.0%, largest skipped 0
      optimize:SyslineReader::ezcheck12d2                          : hit  1, miss 34,  2.9%, largest skipped 49
      process: regex captures                                      : hit  1, miss 35
  Processing Drops:

Program summary:

Paths considered       : 1
Paths not processed    : 0
Files processed        : 1
Files printed          : 1
Printed bytes          : 2763
Printed flushes        : 3
Printed Lines          : 14
Printed Syslines       : 1
Printed ASL events     : 0
Printed ETL events     : 0
Printed EVTX events    : 0
Printed FixedStruct    : 0
Printed Journal events : 0
Printed ODL events     : 0
Line longest                   : 615
Sysline longest                : 1429
EVTX event largest processed   : 0
EVTX event largest accepted    : 0
Journal event largest processed: 0
Journal event largest accepted : 0
Managed files max deflt: 980
Managed files max adjus: 200
Managed handles high   : 1
Managed request open   : 1
Managed request read   : 0
Managed read calls     : 6
Managed write calls    : 0
Managed seek calls     : 6
Managed metadata calls : 1
Managed open errors    : 0
Managed evict fails    : 0
Unmanaged handles high : 0
Regex patterns known   : 188
Regex patterns compiled: 188
Datetime filter -a     : 1999-03-03 00:00:00 +00:00 (1999-03-03 00:00:00.000000 +00:00)
Datetime printed first : 2022-10-04 06:22:28 +08:00 (2022-10-03 22:22:28.000000 +00:00)
Datetime printed last  : 2022-10-04 06:22:28 +08:00 (2022-10-03 22:22:28.000000 +00:00)
Datetime filter -b     : 2026-01-02 00:00:00 +00:00 (2026-01-02 00:00:00.000000 +00:00)
Channel receive ok     : 3
Channel receive err    : 0
Threads spawned        : 1
Thread spawn errors    : 0
Temporary files created: 0
Platform               : x86_64-unknown-linux-gnu
Allocator              : system
