2020-05-28 12:32:23, Error                        EnumeratePathEx: FindFirstFile failed for [\\?\C:\Windows.old\Windows\System32\LogFiles\WMI\RtBackup\*]; GLE = 0x5[gle=0x00000005]
2020-05-31 21:29:20, Error                        EnumeratePathEx: FindFirstFile failed for [\\?\C:\Windows.old\Windows\System32\LogFiles\WMI\RtBackup\*]; GLE = 0x5[gle=0x00000005]
2020-06-02 14:58:29, Error                        EnumeratePathEx: FindFirstFile failed for [\\?\C:\$Windows.~BT\*]; GLE = 0x3[gle=0x00000003]
2020-06-06 14:18:54, Error                        EnumeratePathEx: FindFirstFile failed for [\\?\C:\Windows.old\ProgramData\Microsoft\Windows Defender Advanced Threat Protection\Temp\PSScriptOutputs\*]; GLE = 0x5[gle=0x00000005]
2020-06-11 13:46:26, Error                        EnumeratePathEx: FindFirstFile failed for [\\?\C:\ESD\Download\*]; GLE = 0x3[gle=0x00000003]
2020-06-20 03:11:47, Error                        EnumeratePathEx: FindFirstFile failed for [\\?\C:\$INPLACE.~TR\*]; GLE = 0x3[gle=0x00000003]
2020-06-27 13:30:24, Error                        EnumeratePathEx: FindFirstFile failed for [\\?\C:\$Windows.~LS\*]; GLE = 0x3[gle=0x00000003]
2020-07-03 19:42:34, Error                        EnumeratePathEx: FindFirstFile failed for [\\?\C:\ESD\Windows\*]; GLE = 0x3[gle=0x00000003]
2020-07-05 15:07:40, Error                        EnumeratePathEx: FindFirstFile failed for [\\?\C:\$WINDOWS.~Q\*]; GLE = 0x3[gle=0x00000003]
2020-07-12 13:30:28, Error                        EnumeratePathEx: FindFirstFile failed for [\\?\C:\$INPLACE.~TR\*]; GLE = 0x3[gle=0x00000003]
2020-07-19 13:49:16, Error                        EnumeratePathEx: FindFirstFile failed for [\\?\C:\ESD\Download\*]; GLE = 0x3[gle=0x00000003]
2020-07-30 12:38:19, Error                        EnumeratePathEx: FindFirstFile failed for [\\?\C:\$Windows.~BT\*]; GLE = 0x3[gle=0x00000003]
2020-08-07 12:31:22, Error                        EnumeratePathEx: FindFirstFile failed for [\\?\C:\$WINDOWS.~Q\*]; GLE = 0x3[gle=0x00000003]
2020-08-15 17:04:44, Error                        EnumeratePathEx: FindFirstFile failed for [\\?\C:\$INPLACE.~TR\*]; GLE = 0x3[gle=0x00000003]
2020-08-23 14:16:25, Error                        EnumeratePathEx: FindFirstFile failed for [\\?\C:\$Windows.~LS\*]; GLE = 0x3[gle=0x00000003]
2020-08-31 12:46:21, Error                        EnumeratePathEx: FindFirstFile failed for [\\?\C:\ESD\Windows\*]; GLE = 0x3[gle=0x00000003]
2020-09-08 13:40:31, Error                        EnumeratePathEx: FindFirstFile failed for [\\?\C:\$Windows.~WS\*]; GLE = 0x3[gle=0x00000003]
2020-09-15 14:07:55, Error                        EnumeratePathEx: FindFirstFile failed for [\\?\C:\ESD\Download\*]; GLE = 0x3[gle=0x00000003]
2020-10-03 14:34:42, Error                        EnumeratePathEx: FindFirstFile failed for [\\?\C:\$Windows.~BT\*]; GLE = 0x3[gle=0x00000003]
2020-10-11 12:47:37, Error                        EnumeratePathEx: FindFirstFile failed for [\\?\C:\$WINDOWS.~Q\*]; GLE = 0x3[gle=0x00000003]
2020-10-21 14:48:15, Error                        EnumeratePathEx: FindFirstFile failed for [\\?\C:\$INPLACE.~TR\*]; GLE = 0x3[gle=0x00000003]
2020-10-29 15:14:06, Error                        EnumeratePathEx: FindFirstFile failed for [\\?\C:\$Windows.~LS\*]; GLE = 0x3[gle=0x00000003]
2020-11-06 11:45:31, Error                        EnumeratePathEx: FindFirstFile failed for [\\?\C:\ESD\Windows\*]; GLE = 0x3[gle=0x00000003]
2020-11-14 12:35:43, Error                        EnumeratePathEx: FindFirstFile failed for [\\?\C:\$Windows.~WS\*]; GLE = 0x3[gle=0x00000003]
2020-11-22 11:45:53, Error                        EnumeratePathEx: FindFirstFile failed for [\\?\C:\ESD\Download\*]; GLE = 0x3[gle=0x00000003]
2020-12-03 14:36:31, Error                        EnumeratePathEx: FindFirstFile failed for [\\?\C:\$Windows.~BT\*]; GLE = 0x3[gle=0x00000003]
2020-12-11 11:44:28, Error                        EnumeratePathEx: FindFirstFile failed for [\\?\C:\$WINDOWS.~Q\*]; GLE = 0x3[gle=0x00000003]
2020-12-17 15:31:22, Error                        EnumeratePathEx: FindFirstFile failed for [\\?\C:\$INPLACE.~TR\*]; GLE = 0x3[gle=0x00000003]
2020-12-24 13:25:09, Error                        EnumeratePathEx: FindFirstFile failed for [\\?\C:\$Windows.~LS\*]; GLE = 0x3[gle=0x00000003]
2021-01-01 13:25:00, Error                        EnumeratePathEx: FindFirstFile failed for [\\?\C:\ESD\Windows\*]; GLE = 0x3[gle=0x00000003]
2021-01-12 13:23:51, Error                        EnumeratePathEx: FindFirstFile failed for [\\?\C:\ESD\Download\*]; GLE = 0x3[gle=0x00000003]
2021-01-24 15:06:28, Error                        EnumeratePathEx: FindFirstFile failed for [\\?\C:\$INPLACE.~TR\*]; GLE = 0x3[gle=0x00000003]
2021-02-06 19:02:43, Error                        EnumeratePathEx: FindFirstFile failed for [\\?\C:\ESD\Windows\*]; GLE = 0x3[gle=0x00000003]
2021-02-14 15:39:19, Error                        EnumeratePathEx: FindFirstFile failed for [\\?\C:\$INPLACE.~TR\*]; GLE = 0x3[gle=0x00000003]
2021-02-23 12:13:45, Error                        EnumeratePathEx: FindFirstFile failed for [\\?\C:\ESD\Download\*]; GLE = 0x3[gle=0x00000003]
2021-03-05 12:12:45, Error                        EnumeratePathEx: FindFirstFile failed for [\\?\C:\$WINDOWS.~Q\*]; GLE = 0x3[gle=0x00000003]
2021-03-14 13:16:08, Error                        EnumeratePathEx: FindFirstFile failed for [\\?\C:\ESD\Windows\*]; GLE = 0x3[gle=0x00000003]
2021-03-23 15:03:31, Error                        EnumeratePathEx: FindFirstFile failed for [\\?\C:\$WINDOWS.~Q\*]; GLE = 0x3[gle=0x00000003]
2021-03-29 18:21:37, Error                        EnumeratePathEx: FindFirstFile failed for [\\?\C:\ESD\Windows\*]; GLE = 0x3[gle=0x00000003]
2021-04-06 12:43:45, Error                        EnumeratePathEx: FindFirstFile failed for [\\?\C:\$WINDOWS.~Q\*]; GLE = 0x3[gle=0x00000003]
2021-04-14 15:55:19, Error                        EnumeratePathEx: FindFirstFile failed for [\\?\C:\ESD\Windows\*]; GLE = 0x3[gle=0x00000003]
2021-04-22 13:21:39, Error                        EnumeratePathEx: FindFirstFile failed for [\\?\C:\$WINDOWS.~Q\*]; GLE = 0x3[gle=0x00000003]
2021-05-01 12:51:45, Error                        EnumeratePathEx: FindFirstFile failed for [\\?\C:\ESD\Windows\*]; GLE = 0x3[gle=0x00000003]
2021-05-11 12:52:23, Error                        EnumeratePathEx: FindFirstFile failed for [\\?\C:\$WINDOWS.~Q\*]; GLE = 0x3[gle=0x00000003]
2021-05-22 13:25:41, Error                        EnumeratePathEx: FindFirstFile failed for [\\?\C:\ESD\Windows\*]; GLE = 0x3[gle=0x00000003]
2021-05-31 03:34:38, Error                        EnumeratePathEx: FindFirstFile failed for [\\?\C:\ESD\Download\*]; GLE = 0x3[gle=0x00000003]
2021-06-09 13:06:27, Error                        EnumeratePathEx: FindFirstFile failed for [\\?\C:\$INPLACE.~TR\*]; GLE = 0x3[gle=0x00000003]
2021-06-17 12:55:11, Error                        EnumeratePathEx: FindFirstFile failed for [\\?\C:\ESD\Download\*]; GLE = 0x3[gle=0x00000003]
2021-06-28 14:54:23, Error                        EnumeratePathEx: FindFirstFile failed for [\\?\C:\$INPLACE.~TR\*]; GLE = 0x3[gle=0x00000003]
2021-07-06 13:49:02, Error                        EnumeratePathEx: FindFirstFile failed for [\\?\C:\ESD\Download\*]; GLE = 0x3[gle=0x00000003]
2021-07-16 15:59:46, Error                        EnumeratePathEx: FindFirstFile failed for [\\?\C:\$INPLACE.~TR\*]; GLE = 0x3[gle=0x00000003]
2021-07-24 16:26:01, Error                        EnumeratePathEx: FindFirstFile failed for [\\?\C:\ESD\Download\*]; GLE = 0x3[gle=0x00000003]
2021-08-03 12:50:35, Error                        EnumeratePathEx: FindFirstFile failed for [\\?\C:\$INPLACE.~TR\*]; GLE = 0x3[gle=0x00000003]
2021-08-13 12:30:56, Error                        EnumeratePathEx: FindFirstFile failed for [\\?\C:\ESD\Download\*]; GLE = 0x3[gle=0x00000003]
2021-08-23 12:56:54, Error                        EnumeratePathEx: FindFirstFile failed for [\\?\C:\$INPLACE.~TR\*]; GLE = 0x3[gle=0x00000003]
2021-09-01 12:59:10, Error                        EnumeratePathEx: FindFirstFile failed for [\\?\C:\ESD\Download\*]; GLE = 0x3[gle=0x00000003]
2021-09-06 07:21:05, Error                        EnumeratePathEx: FindFirstFile failed for [\\?\C:\$INPLACE.~TR\*]; GLE = 0x3[gle=0x00000003]
2021-09-13 14:08:18, Error                        EnumeratePathEx: FindFirstFile failed for [\\?\C:\ESD\Download\*]; GLE = 0x3[gle=0x00000003]
2021-09-22 19:47:42, Error                        EnumeratePathEx: FindFirstFile failed for [\\?\C:\$INPLACE.~TR\*]; GLE = 0x3[gle=0x00000003]
2021-09-24 14:57:36, Error                        EnumeratePathEx: FindFirstFile failed for [\\?\C:\ESD\Download\*]; GLE = 0x3[gle=0x00000003]
2021-09-26 23:27:37, Error                        EnumeratePathEx: FindFirstFile failed for [\\?\C:\$INPLACE.~TR\*]; GLE = 0x3[gle=0x00000003]
2021-09-29 06:57:23, Error                        EnumeratePathEx: FindFirstFile failed for [\\?\C:\ESD\Download\*]; GLE = 0x3[gle=0x00000003]
2021-10-01 14:27:18, Error                        EnumeratePathEx: FindFirstFile failed for [\\?\C:\$INPLACE.~TR\*]; GLE = 0x3[gle=0x00000003]
2021-10-03 15:47:08, Error                        EnumeratePathEx: FindFirstFile failed for [\\?\C:\ESD\Download\*]; GLE = 0x3[gle=0x00000003]
2021-10-05 22:58:18, Error                        EnumeratePathEx: FindFirstFile failed for [\\?\C:\$INPLACE.~TR\*]; GLE = 0x3[gle=0x00000003]
2021-10-14 14:37:09, Error                        EnumeratePathEx: FindFirstFile failed for [\\?\C:\ESD\Download\*]; GLE = 0x3[gle=0x00000003]
2021-10-24 13:12:52, Error                        EnumeratePathEx: FindFirstFile failed for [\\?\C:\$INPLACE.~TR\*]; GLE = 0x3[gle=0x00000003]
2021-11-02 16:44:21, Error                        EnumeratePathEx: FindFirstFile failed for [\\?\C:\ESD\Download\*]; GLE = 0x3[gle=0x00000003]
2021-11-12 11:47:18, Error                        EnumeratePathEx: FindFirstFile failed for [\\?\C:\$INPLACE.~TR\*]; GLE = 0x3[gle=0x00000003]
2021-11-21 12:25:09, Error                        EnumeratePathEx: FindFirstFile failed for [\\?\C:\ESD\Download\*]; GLE = 0x3[gle=0x00000003]
2021-12-03 12:25:27, Error                        EnumeratePathEx: FindFirstFile failed for [\\?\C:\$WINDOWS.~Q\*]; GLE = 0x3[gle=0x00000003]
2021-12-13 12:48:04, Error                        EnumeratePathEx: FindFirstFile failed for [\\?\C:\ESD\Windows\*]; GLE = 0x3[gle=0x00000003]
2021-12-23 12:12:39, Error                        EnumeratePathEx: FindFirstFile failed for [\\?\C:\$WINDOWS.~Q\*]; GLE = 0x3[gle=0x00000003]
2022-01-01 12:09:40, Error                        EnumeratePathEx: FindFirstFile failed for [\\?\C:\ESD\Windows\*]; GLE = 0x3[gle=0x00000003]
2022-01-11 12:09:39, Error                        EnumeratePathEx: FindFirstFile failed for [\\?\C:\$WINDOWS.~Q\*]; GLE = 0x3[gle=0x00000003]
2022-01-20 13:17:35, Error                        EnumeratePathEx: FindFirstFile failed for [\\?\C:\ESD\Windows\*]; GLE = 0x3[gle=0x00000003]
2022-02-03 13:17:04, Error                        EnumeratePathEx: FindFirstFile failed for [\\?\C:\$WINDOWS.~Q\*]; GLE = 0x3[gle=0x00000003]
2022-02-12 12:13:38, Error                        EnumeratePathEx: FindFirstFile failed for [\\?\C:\ESD\Windows\*]; GLE = 0x3[gle=0x00000003]
2022-02-22 12:18:14, Error                        EnumeratePathEx: FindFirstFile failed for [\\?\C:\$WINDOWS.~Q\*]; GLE = 0x3[gle=0x00000003]
2022-03-03 12:17:26, Error                        EnumeratePathEx: FindFirstFile failed for [\\?\C:\ESD\Windows\*]; GLE = 0x3[gle=0x00000003]
2022-03-12 12:27:05, Error                        EnumeratePathEx: FindFirstFile failed for [\\?\C:\$WINDOWS.~Q\*]; GLE = 0x3[gle=0x00000003]
2022-03-12 12:27:05, Error                        EnumeratePathEx: FindFirstFile failed for [\\?\C:\$INPLACE.~TR\*]; GLE = 0x3[gle=0x00000003]
2022-03-21 16:54:26, Error                        EnumeratePathEx: FindFirstFile failed for [\\?\C:\ESD\Download\*]; GLE = 0x3[gle=0x00000003]
2022-03-30 16:13:10, Error                        EnumeratePathEx: FindFirstFile failed for [\\?\C:\$INPLACE.~TR\*]; GLE = 0x3[gle=0x00000003]
2022-03-30 16:13:10, Error                        EnumeratePathEx: FindFirstFile failed for [\\?\C:\$Windows.~LS\*]; GLE = 0x3[gle=0x00000003]
2022-04-08 20:26:02, Error                        EnumeratePathEx: FindFirstFile failed for [\\?\C:\$Windows.~BT\*]; GLE = 0x3[gle=0x00000003]
2022-04-16 12:32:56, Error                        EnumeratePathEx: FindFirstFile failed for [\\?\C:\$Windows.~LS\*]; GLE = 0x3[gle=0x00000003]
2022-04-26 17:28:03, Error                        EnumeratePathEx: FindFirstFile failed for [\\?\C:\$Windows.~BT\*]; GLE = 0x3[gle=0x00000003]
2022-05-05 14:44:18, Error                        EnumeratePathEx: FindFirstFile failed for [\\?\C:\$Windows.~LS\*]; GLE = 0x3[gle=0x00000003]
2022-05-12 13:52:10, Error                        EnumeratePathEx: FindFirstFile failed for [\\?\C:\$Windows.~BT\*]; GLE = 0x3[gle=0x00000003]
2022-06-02 12:58:47, Error                        EnumeratePathEx: FindFirstFile failed for [\\?\C:\$INPLACE.~TR\*]; GLE = 0x3[gle=0x00000003]
2022-06-09 12:30:14, Error                        EnumeratePathEx: FindFirstFile failed for [\\?\C:\ESD\Download\*]; GLE = 0x3[gle=0x00000003]
2022-06-21 12:32:44, Error                        EnumeratePathEx: FindFirstFile failed for [\\?\C:\$INPLACE.~TR\*]; GLE = 0x3[gle=0x00000003]
2022-06-29 12:52:04, Error                        EnumeratePathEx: FindFirstFile failed for [\\?\C:\ESD\Download\*]; GLE = 0x3[gle=0x00000003]
2022-07-11 14:31:55, Error                        EnumeratePathEx: FindFirstFile failed for [\\?\C:\$INPLACE.~TR\*]; GLE = 0x3[gle=0x00000003]
2022-07-20 12:39:32, Error                        EnumeratePathEx: FindFirstFile failed for [\\?\C:\ESD\Download\*]; GLE = 0x3[gle=0x00000003]
2022-07-29 13:36:39, Error                        EnumeratePathEx: FindFirstFile failed for [\\?\C:\$INPLACE.~TR\*]; GLE = 0x3[gle=0x00000003]
2022-08-06 12:49:26, Error                        EnumeratePathEx: FindFirstFile failed for [\\?\C:\ESD\Download\*]; GLE = 0x3[gle=0x00000003]
2022-08-15 12:32:46, Error                        EnumeratePathEx: FindFirstFile failed for [\\?\C:\$INPLACE.~TR\*]; GLE = 0x3[gle=0x00000003]
2022-08-24 14:04:54, Error                        EnumeratePathEx: FindFirstFile failed for [\\?\C:\ESD\Download\*]; GLE = 0x3[gle=0x00000003]
2022-09-03 12:32:43, Error                        EnumeratePathEx: FindFirstFile failed for [\\?\C:\$INPLACE.~TR\*]; GLE = 0x3[gle=0x00000003]
2022-09-12 12:33:04, Error                        EnumeratePathEx: FindFirstFile failed for [\\?\C:\ESD\Download\*]; GLE = 0x3[gle=0x00000003]
2022-09-22 13:48:37, Error                        EnumeratePathEx: FindFirstFile failed for [\\?\C:\$INPLACE.~TR\*]; GLE = 0x3[gle=0x00000003]
2022-10-08 14:01:31, Error                        EnumeratePathEx: FindFirstFile failed for [\\?\C:\ESD\Download\*]; GLE = 0x3[gle=0x00000003]
2022-10-12 13:26:20, Error                        EnumeratePathEx: FindFirstFile failed for [\\?\C:\Windows\Panther\*]; GLE = 0x3[gle=0x00000003]
