
Files:

File: ./logs/programs/evtx/Microsoft-Windows-Kernel-PnP__Configuration.tar|Microsoft-Windows-Kernel-PnP__Configuration.evtx
  About:
      Archive subpath: Microsoft-Windows-Kernel-PnP__Configuration.evtx
      FileType      : EVTX (TAR) (Windows XML EventLog)
      LogMessageType: EVTX entries (Windows XML EventLog)
      Thread stack  : 187392 (bytes)
  Printed:
      bytes         : 1561282
      flushes       : 905
      Events        : 227
      Event largest processed: 1778 (bytes)
      Event largest accepted : 1778 (bytes)
      Datetime first: 2023-03-10 11:49:43 +08:00 (2023-03-10 03:49:43.558721 +00:00)
      Datetime last : 2023-03-18 05:21:46 +08:00 (2023-03-17 21:21:46.786681 +00:00)
  Processed:
      file size          : 1052672 (0x101000) (bytes)
      Events processed   : 227
      Events accepted    : 227
      Datetime first     : 2023-03-10 11:49:43 +08:00 (2023-03-10 03:49:43.558721 +00:00)
      Datetime last      : 2023-03-18 05:21:46 +08:00 (2023-03-17 21:21:46.786681 +00:00)
      out of order       : 1

Program summary:

Paths considered       : 1
Paths not processed    : 0
Files processed        : 1
Files printed          : 1
Printed bytes          : 1562190
Printed flushes        : 1132
Printed Lines          : 0
Printed Syslines       : 0
Printed ASL events     : 0
Printed ETL events     : 0
Printed EVTX events    : 227
Printed FixedStruct    : 0
Printed Journal events : 0
Printed ODL events     : 0
Line Maximum                   : 393209
Line longest                   : 0
Sysline longest                : 0
EVTX event largest processed   : 1778
EVTX event largest accepted    : 1778
Journal event largest processed: 0
Journal event largest accepted : 0
Managed files max deflt: 980
Managed files max adjus: 200
Managed request open   : 3
Managed request read   : 0
Managed write calls    : 17
Managed seek calls     : 21
Managed metadata calls : 1
Managed open errors    : 0
Managed evict fails    : 0
Regex patterns known   : 188
Regex patterns compiled: 188
Datetime filter -a     : 1999-03-03 00:00:00 +00:00 (1999-03-03 00:00:00.000000 +00:00)
Datetime printed first : 2023-03-10 11:49:43 +08:00 (2023-03-10 03:49:43.558721 +00:00)
Datetime printed last  : 2023-03-18 05:21:46 +08:00 (2023-03-17 21:21:46.786681 +00:00)
Datetime filter -b     : 2026-01-02 00:00:00 +00:00 (2026-01-02 00:00:00.000000 +00:00)
Channel receive ok     : 229
Channel receive err    : 0
Threads spawned        : 1
Thread spawn errors    : 0
Temporary files created: 1
Platform               : x86_64-unknown-linux-gnu
Allocator              : system
