
Files:

File: ./logs/programs/evtx/Microsoft-Windows-Kernel-PnP%4Configuration.evtx
  About:
      filetype       : EVTX
      logmessagetype : evtx entries
  Printed:
      bytes         : 1159282
      flushes       : 227
      Events        : 227
  Processed:
      file size          : 1052672 (0x101000) (bytes)
      Events processed   : 227
      Events accepted    : 227
      Events out of order: 1

Program Summary:

Paths considered       : 1
Paths not processed    : 0
Files processed        : 1
Files printed          : 1
Printed bytes          : 1160190
Printed flushes        : 454
Printed lines          : 0
Printed syslines       : 0
Printed evtx events    : 227
Printed fixedstruct    : 0
Printed journal events : 0
Regex patterns known   : 158
Regex patterns compiled: 0
Datetime filter -a     : 1999-03-03 00:00:00 +00:00 (1999-03-03 00:00:00 +00:00)
Datetime filter -b     : 2023-04-10 22:10:32 +00:00 (2023-04-10 22:10:32 +00:00)
Channel Receive ok     : 229
Channel Receive err    : 0
Threads Spawned        : 1
Thread Spawn errors    : 0
