./logs/Windows10Pro/security/logs/sceupgrade.logâ”‹20200527T042110.000000000â”‹Wednesday, May 27, 2020 12:21:10 PM
./logs/Windows10Pro/security/logs/sceupgrade.logâ”‹20200527T042110.000000000â”‹	Administrative privileged user logged on.
./logs/Windows10Pro/security/logs/sceupgrade.logâ”‹20200527T042110.000000000â”‹----Analysis engine was initialized successfully.----
./logs/Windows10Pro/security/logs/sceupgrade.logâ”‹20200527T042110.000000000â”‹No analysis is needed because it's already done.
./logs/Windows10Pro/security/logs/sceupgrade.logâ”‹20200527T042110.000000000â”‹
./logs/Windows10Pro/security/logs/sceupgrade.logâ”‹20200527T042110.000000000â”‹
./logs/Windows10Pro/security/logs/sceupgrade.logâ”‹20200527T042110.000000000â”‹----Un-initialize analysis engine...
./logs/Windows10Pro/security/logs/sceupgrade.logâ”‹20200527T042110.000000000â”‹-------------------------------------------
â‡ł
./logs/Windows10Pro/security/logs/sceupgrade.logâ”‹20200527T042111.000000000â”‹Wednesday, May 27, 2020 12:21:11 PM
./logs/Windows10Pro/security/logs/sceupgrade.logâ”‹20200527T042111.000000000â”‹	Administrative privileged user logged on.
./logs/Windows10Pro/security/logs/sceupgrade.logâ”‹20200527T042111.000000000â”‹	Parsing template C:\WINDOWS\inf\dwup-noregkeys.inf.
./logs/Windows10Pro/security/logs/sceupgrade.logâ”‹20200527T042111.000000000â”‹----Configuration engine was initialized successfully.----
./logs/Windows10Pro/security/logs/sceupgrade.logâ”‹20200527T042111.000000000â”‹
./logs/Windows10Pro/security/logs/sceupgrade.logâ”‹20200527T042111.000000000â”‹----Reading Configuration Template info...
./logs/Windows10Pro/security/logs/sceupgrade.logâ”‹20200527T042111.000000000â”‹
./logs/Windows10Pro/security/logs/sceupgrade.logâ”‹20200527T042111.000000000â”‹
./logs/Windows10Pro/security/logs/sceupgrade.logâ”‹20200527T042111.000000000â”‹----Configure User Rights...
./logs/Windows10Pro/security/logs/sceupgrade.logâ”‹20200527T042111.000000000â”‹		SeImpersonatePrivilege must be assigned to administrators. This setting is adjusted.
./logs/Windows10Pro/security/logs/sceupgrade.logâ”‹20200527T042111.000000000â”‹		SeImpersonatePrivilege must be assigned to SERVICE. This setting is adjusted.
./logs/Windows10Pro/security/logs/sceupgrade.logâ”‹20200527T042111.000000000â”‹	Configure S-1-5-19.
./logs/Windows10Pro/security/logs/sceupgrade.logâ”‹20200527T042111.000000000â”‹	Configure S-1-5-20.
./logs/Windows10Pro/security/logs/sceupgrade.logâ”‹20200527T042111.000000000â”‹	Configure S-1-5-32-544.
./logs/Windows10Pro/security/logs/sceupgrade.logâ”‹20200527T042111.000000000â”‹	Configure S-1-5-32-551.
./logs/Windows10Pro/security/logs/sceupgrade.logâ”‹20200527T042111.000000000â”‹	Configure S-1-5-32-559.
./logs/Windows10Pro/security/logs/sceupgrade.logâ”‹20200527T042111.000000000â”‹	Configure S-1-1-0.
./logs/Windows10Pro/security/logs/sceupgrade.logâ”‹20200527T042111.000000000â”‹	Configure S-1-5-32-545.
./logs/Windows10Pro/security/logs/sceupgrade.logâ”‹20200527T042111.000000000â”‹	Configure S-1-5-6.
./logs/Windows10Pro/security/logs/sceupgrade.logâ”‹20200527T042111.000000000â”‹	Configure S-1-5-90-0.
./logs/Windows10Pro/security/logs/sceupgrade.logâ”‹20200527T042111.000000000â”‹	Configure S-1-5-32-555.
./logs/Windows10Pro/security/logs/sceupgrade.logâ”‹20200527T042111.000000000â”‹	Configure S-1-5-80-0.
./logs/Windows10Pro/security/logs/sceupgrade.logâ”‹20200527T042111.000000000â”‹	Configure S-1-5-80-3169285310-278349998-1452333686-3865143136-4212226833.
./logs/Windows10Pro/security/logs/sceupgrade.logâ”‹20200527T042111.000000000â”‹	Configure S-1-5-80-3139157870-2983391045-3678747466-658725712-1809340420.
./logs/Windows10Pro/security/logs/sceupgrade.logâ”‹20200527T042111.000000000â”‹
./logs/Windows10Pro/security/logs/sceupgrade.logâ”‹20200527T042111.000000000â”‹	User Rights configuration was completed successfully.
./logs/Windows10Pro/security/logs/sceupgrade.logâ”‹20200527T042111.000000000â”‹
./logs/Windows10Pro/security/logs/sceupgrade.logâ”‹20200527T042111.000000000â”‹
./logs/Windows10Pro/security/logs/sceupgrade.logâ”‹20200527T042111.000000000â”‹----Configure Group Membership...
./logs/Windows10Pro/security/logs/sceupgrade.logâ”‹20200527T042111.000000000â”‹
./logs/Windows10Pro/security/logs/sceupgrade.logâ”‹20200527T042111.000000000â”‹	Group Membership configuration was completed successfully.
./logs/Windows10Pro/security/logs/sceupgrade.logâ”‹20200527T042111.000000000â”‹
./logs/Windows10Pro/security/logs/sceupgrade.logâ”‹20200527T042111.000000000â”‹
./logs/Windows10Pro/security/logs/sceupgrade.logâ”‹20200527T042111.000000000â”‹----Configure 64-bit Registry Keys...
./logs/Windows10Pro/security/logs/sceupgrade.logâ”‹20200527T042111.000000000â”‹	Configure machine\system\currentcontrolset\services\sysmonlog\log queries.
./logs/Windows10Pro/security/logs/sceupgrade.logâ”‹20200527T042111.000000000â”‹Warning 2: The system cannot find the file specified.
./logs/Windows10Pro/security/logs/sceupgrade.logâ”‹20200527T042111.000000000â”‹ 	Error enumerating info for machine\system\currentcontrolset\services\sysmonlog\log queries.
./logs/Windows10Pro/security/logs/sceupgrade.logâ”‹20200527T042111.000000000â”‹
./logs/Windows10Pro/security/logs/sceupgrade.logâ”‹20200527T042111.000000000â”‹	Configuration of Registry Keys was completed successfully.
./logs/Windows10Pro/security/logs/sceupgrade.logâ”‹20200527T042111.000000000â”‹
./logs/Windows10Pro/security/logs/sceupgrade.logâ”‹20200527T042111.000000000â”‹
./logs/Windows10Pro/security/logs/sceupgrade.logâ”‹20200527T042111.000000000â”‹----Configure 32-bit Registry Keys...
./logs/Windows10Pro/security/logs/sceupgrade.logâ”‹20200527T042111.000000000â”‹
./logs/Windows10Pro/security/logs/sceupgrade.logâ”‹20200527T042111.000000000â”‹	Configuration of Registry Keys was completed successfully.
./logs/Windows10Pro/security/logs/sceupgrade.logâ”‹20200527T042111.000000000â”‹
./logs/Windows10Pro/security/logs/sceupgrade.logâ”‹20200527T042111.000000000â”‹
./logs/Windows10Pro/security/logs/sceupgrade.logâ”‹20200527T042111.000000000â”‹----Configure File Security...
./logs/Windows10Pro/security/logs/sceupgrade.logâ”‹20200527T042111.000000000â”‹	Configure c:\perflogs.
./logs/Windows10Pro/security/logs/sceupgrade.logâ”‹20200527T042111.000000000â”‹	Configure c:\program files\common files\speechengines\microsoft\tts.
./logs/Windows10Pro/security/logs/sceupgrade.logâ”‹20200527T042111.000000000â”‹Warning 3: The system cannot find the path specified.
./logs/Windows10Pro/security/logs/sceupgrade.logâ”‹20200527T042111.000000000â”‹ 	Error setting security on c:\program files\common files\speechengines\microsoft\tts.
./logs/Windows10Pro/security/logs/sceupgrade.logâ”‹20200527T042111.000000000â”‹	Configure c:\programdata\microsoft\windows\drm.
./logs/Windows10Pro/security/logs/sceupgrade.logâ”‹20200527T042111.000000000â”‹	Configure c:\windows\repair\default.
./logs/Windows10Pro/security/logs/sceupgrade.logâ”‹20200527T042111.000000000â”‹Warning 3: The system cannot find the path specified.
./logs/Windows10Pro/security/logs/sceupgrade.logâ”‹20200527T042111.000000000â”‹ 	Error setting security on c:\windows\repair\default.
./logs/Windows10Pro/security/logs/sceupgrade.logâ”‹20200527T042111.000000000â”‹	Configure c:\windows\repair\ntuser.dat.
./logs/Windows10Pro/security/logs/sceupgrade.logâ”‹20200527T042111.000000000â”‹Warning 3: The system cannot find the path specified.
./logs/Windows10Pro/security/logs/sceupgrade.logâ”‹20200527T042111.000000000â”‹ 	Error setting security on c:\windows\repair\ntuser.dat.
./logs/Windows10Pro/security/logs/sceupgrade.logâ”‹20200527T042111.000000000â”‹	Configure c:\windows\repair\sam.
./logs/Windows10Pro/security/logs/sceupgrade.logâ”‹20200527T042111.000000000â”‹Warning 3: The system cannot find the path specified.
./logs/Windows10Pro/security/logs/sceupgrade.logâ”‹20200527T042111.000000000â”‹ 	Error setting security on c:\windows\repair\sam.
./logs/Windows10Pro/security/logs/sceupgrade.logâ”‹20200527T042111.000000000â”‹	Configure c:\windows\repair\security.
./logs/Windows10Pro/security/logs/sceupgrade.logâ”‹20200527T042111.000000000â”‹Warning 3: The system cannot find the path specified.
./logs/Windows10Pro/security/logs/sceupgrade.logâ”‹20200527T042111.000000000â”‹ 	Error setting security on c:\windows\repair\security.
./logs/Windows10Pro/security/logs/sceupgrade.logâ”‹20200527T042111.000000000â”‹	Configure c:\windows\repair\software.
./logs/Windows10Pro/security/logs/sceupgrade.logâ”‹20200527T042111.000000000â”‹Warning 3: The system cannot find the path specified.
./logs/Windows10Pro/security/logs/sceupgrade.logâ”‹20200527T042111.000000000â”‹ 	Error setting security on c:\windows\repair\software.
./logs/Windows10Pro/security/logs/sceupgrade.logâ”‹20200527T042111.000000000â”‹	Configure c:\windows\repair\system.
./logs/Windows10Pro/security/logs/sceupgrade.logâ”‹20200527T042111.000000000â”‹Warning 3: The system cannot find the path specified.
./logs/Windows10Pro/security/logs/sceupgrade.logâ”‹20200527T042111.000000000â”‹ 	Error setting security on c:\windows\repair\system.
./logs/Windows10Pro/security/logs/sceupgrade.logâ”‹20200527T042111.000000000â”‹	Configure c:\windows\system32\wbem\mof.
./logs/Windows10Pro/security/logs/sceupgrade.logâ”‹20200527T042111.000000000â”‹	Configure c:\windows\system32\windows media.
./logs/Windows10Pro/security/logs/sceupgrade.logâ”‹20200527T042111.000000000â”‹Warning 2: The system cannot find the file specified.
./logs/Windows10Pro/security/logs/sceupgrade.logâ”‹20200527T042111.000000000â”‹ 	Error setting security on c:\windows\system32\windows media.
./logs/Windows10Pro/security/logs/sceupgrade.logâ”‹20200527T042111.000000000â”‹	Configure c:\windows\syswow64\export.
./logs/Windows10Pro/security/logs/sceupgrade.logâ”‹20200527T042111.000000000â”‹Warning 2: The system cannot find the file specified.
./logs/Windows10Pro/security/logs/sceupgrade.logâ”‹20200527T042111.000000000â”‹ 	Error setting security on c:\windows\syswow64\export.
./logs/Windows10Pro/security/logs/sceupgrade.logâ”‹20200527T042111.000000000â”‹
./logs/Windows10Pro/security/logs/sceupgrade.logâ”‹20200527T042111.000000000â”‹	File Security configuration was completed successfully.
./logs/Windows10Pro/security/logs/sceupgrade.logâ”‹20200527T042111.000000000â”‹
./logs/Windows10Pro/security/logs/sceupgrade.logâ”‹20200527T042111.000000000â”‹
./logs/Windows10Pro/security/logs/sceupgrade.logâ”‹20200527T042111.000000000â”‹----Configure General Service Settings...
./logs/Windows10Pro/security/logs/sceupgrade.logâ”‹20200527T042111.000000000â”‹	Configure sysmonlog.
./logs/Windows10Pro/security/logs/sceupgrade.logâ”‹20200527T042111.000000000â”‹Error 1060: The specified service does not exist as an installed service.
./logs/Windows10Pro/security/logs/sceupgrade.logâ”‹20200527T042111.000000000â”‹ 	Error opening sysmonlog.
./logs/Windows10Pro/security/logs/sceupgrade.logâ”‹20200527T042111.000000000â”‹	Configure SamSs.
./logs/Windows10Pro/security/logs/sceupgrade.logâ”‹20200527T042111.000000000â”‹	Configure ntmssvc.
./logs/Windows10Pro/security/logs/sceupgrade.logâ”‹20200527T042111.000000000â”‹Error 1060: The specified service does not exist as an installed service.
./logs/Windows10Pro/security/logs/sceupgrade.logâ”‹20200527T042111.000000000â”‹ 	Error opening ntmssvc.
./logs/Windows10Pro/security/logs/sceupgrade.logâ”‹20200527T042111.000000000â”‹	Configure netddedsdm.
./logs/Windows10Pro/security/logs/sceupgrade.logâ”‹20200527T042111.000000000â”‹Error 1060: The specified service does not exist as an installed service.
./logs/Windows10Pro/security/logs/sceupgrade.logâ”‹20200527T042111.000000000â”‹ 	Error opening netddedsdm.
./logs/Windows10Pro/security/logs/sceupgrade.logâ”‹20200527T042111.000000000â”‹	Configure netdde.
./logs/Windows10Pro/security/logs/sceupgrade.logâ”‹20200527T042111.000000000â”‹Error 1060: The specified service does not exist as an installed service.
./logs/Windows10Pro/security/logs/sceupgrade.logâ”‹20200527T042111.000000000â”‹ 	Error opening netdde.
./logs/Windows10Pro/security/logs/sceupgrade.logâ”‹20200527T042111.000000000â”‹	Configure dmserver.
./logs/Windows10Pro/security/logs/sceupgrade.logâ”‹20200527T042111.000000000â”‹Error 1060: The specified service does not exist as an installed service.
./logs/Windows10Pro/security/logs/sceupgrade.logâ”‹20200527T042111.000000000â”‹ 	Error opening dmserver.
./logs/Windows10Pro/security/logs/sceupgrade.logâ”‹20200527T042111.000000000â”‹	Configure clipsrv.
./logs/Windows10Pro/security/logs/sceupgrade.logâ”‹20200527T042111.000000000â”‹Error 1060: The specified service does not exist as an installed service.
./logs/Windows10Pro/security/logs/sceupgrade.logâ”‹20200527T042111.000000000â”‹ 	Error opening clipsrv.
./logs/Windows10Pro/security/logs/sceupgrade.logâ”‹20200527T042111.000000000â”‹	Configure Browser.
./logs/Windows10Pro/security/logs/sceupgrade.logâ”‹20200527T042111.000000000â”‹
./logs/Windows10Pro/security/logs/sceupgrade.logâ”‹20200527T042111.000000000â”‹	General Service configuration was completed successfully.
./logs/Windows10Pro/security/logs/sceupgrade.logâ”‹20200527T042111.000000000â”‹
./logs/Windows10Pro/security/logs/sceupgrade.logâ”‹20200527T042111.000000000â”‹
./logs/Windows10Pro/security/logs/sceupgrade.logâ”‹20200527T042111.000000000â”‹----Configure available attachment engines...
./logs/Windows10Pro/security/logs/sceupgrade.logâ”‹20200527T042111.000000000â”‹
./logs/Windows10Pro/security/logs/sceupgrade.logâ”‹20200527T042111.000000000â”‹	Configuration of attachment engines was completed successfully.
./logs/Windows10Pro/security/logs/sceupgrade.logâ”‹20200527T042111.000000000â”‹
./logs/Windows10Pro/security/logs/sceupgrade.logâ”‹20200527T042111.000000000â”‹
./logs/Windows10Pro/security/logs/sceupgrade.logâ”‹20200527T042111.000000000â”‹----Configure Security Policy...
./logs/Windows10Pro/security/logs/sceupgrade.logâ”‹20200527T042111.000000000â”‹	Configure password information.
./logs/Windows10Pro/security/logs/sceupgrade.logâ”‹20200527T042111.000000000â”‹	Administrator account is not allowed to be disabled.
./logs/Windows10Pro/security/logs/sceupgrade.logâ”‹20200527T042111.000000000â”‹	Guest account is disabled.
./logs/Windows10Pro/security/logs/sceupgrade.logâ”‹20200527T042111.000000000â”‹
./logs/Windows10Pro/security/logs/sceupgrade.logâ”‹20200527T042111.000000000â”‹	System Access configuration was completed successfully.
./logs/Windows10Pro/security/logs/sceupgrade.logâ”‹20200527T042111.000000000â”‹	LSA anonymous lookup names setting : existing SD = D:(D;;0x800;;;AN)(A;;0xf1fff;;;BA)(A;;0x20801;;;WD)(A;;0x801;;;AN)(A;;0x1000;;;LS)(A;;0x1000;;;NS)(A;;0x1000;;;S-1-5-17)(A;;0x801;;;AC)(A;;0x801;;;S-1-15-2-2).
./logs/Windows10Pro/security/logs/sceupgrade.logâ”‹20200527T042111.000000000â”‹	Configure LSA anonymous lookup setting.
./logs/Windows10Pro/security/logs/sceupgrade.logâ”‹20200527T042111.000000000â”‹	Configure machine\software\microsoft\windows\currentversion\policies\system\undockwithoutlogon.
./logs/Windows10Pro/security/logs/sceupgrade.logâ”‹20200527T042111.000000000â”‹	Configure machine\system\currentcontrolset\control\lsa\disabledomaincreds.
./logs/Windows10Pro/security/logs/sceupgrade.logâ”‹20200527T042111.000000000â”‹	Configure machine\system\currentcontrolset\control\lsa\everyoneincludesanonymous.
./logs/Windows10Pro/security/logs/sceupgrade.logâ”‹20200527T042111.000000000â”‹	Configure machine\system\currentcontrolset\control\lsa\fipsalgorithmpolicy\enabled.
./logs/Windows10Pro/security/logs/sceupgrade.logâ”‹20200527T042111.000000000â”‹	Configure machine\system\currentcontrolset\control\lsa\forceguest.
./logs/Windows10Pro/security/logs/sceupgrade.logâ”‹20200527T042111.000000000â”‹	Configure machine\system\currentcontrolset\control\lsa\restrictanonymoussam.
./logs/Windows10Pro/security/logs/sceupgrade.logâ”‹20200527T042111.000000000â”‹	Configure machine\system\currentcontrolset\control\securepipeservers\winreg\allowedexactpaths\machine.
./logs/Windows10Pro/security/logs/sceupgrade.logâ”‹20200527T042111.000000000â”‹	Configure machine\system\currentcontrolset\control\securepipeservers\winreg\allowedpaths\machine.
./logs/Windows10Pro/security/logs/sceupgrade.logâ”‹20200527T042111.000000000â”‹	Configure machine\system\currentcontrolset\control\session manager\kernel\obcaseinsensitive.
./logs/Windows10Pro/security/logs/sceupgrade.logâ”‹20200527T042111.000000000â”‹	Configure machine\system\currentcontrolset\control\session manager\protectionmode.
./logs/Windows10Pro/security/logs/sceupgrade.logâ”‹20200527T042111.000000000â”‹	Configure machine\system\currentcontrolset\services\lanmanserver\parameters\nullsessionpipes.
./logs/Windows10Pro/security/logs/sceupgrade.logâ”‹20200527T042111.000000000â”‹	Configure machine\system\currentcontrolset\services\lanmanserver\parameters\restrictnullsessaccess.
./logs/Windows10Pro/security/logs/sceupgrade.logâ”‹20200527T042111.000000000â”‹	Configure machine\system\currentcontrolset\services\ldap\ldapclientintegrity.
./logs/Windows10Pro/security/logs/sceupgrade.logâ”‹20200527T042111.000000000â”‹	Configure machine\system\currentcontrolset\services\netlogon\parameters\requiresignorseal.
./logs/Windows10Pro/security/logs/sceupgrade.logâ”‹20200527T042111.000000000â”‹
./logs/Windows10Pro/security/logs/sceupgrade.logâ”‹20200527T042111.000000000â”‹	Configuration of Registry Values was completed successfully.
./logs/Windows10Pro/security/logs/sceupgrade.logâ”‹20200527T042111.000000000â”‹	Configure log settings.
./logs/Windows10Pro/security/logs/sceupgrade.logâ”‹20200527T042111.000000000â”‹
./logs/Windows10Pro/security/logs/sceupgrade.logâ”‹20200527T042111.000000000â”‹	Audit/Log configuration was completed successfully.
./logs/Windows10Pro/security/logs/sceupgrade.logâ”‹20200527T042111.000000000â”‹
./logs/Windows10Pro/security/logs/sceupgrade.logâ”‹20200527T042111.000000000â”‹
./logs/Windows10Pro/security/logs/sceupgrade.logâ”‹20200527T042111.000000000â”‹----Configure available attachment engines...
./logs/Windows10Pro/security/logs/sceupgrade.logâ”‹20200527T042111.000000000â”‹
./logs/Windows10Pro/security/logs/sceupgrade.logâ”‹20200527T042111.000000000â”‹	Configuration of attachment engines was completed successfully.
./logs/Windows10Pro/security/logs/sceupgrade.logâ”‹20200527T042111.000000000â”‹
./logs/Windows10Pro/security/logs/sceupgrade.logâ”‹20200527T042111.000000000â”‹
./logs/Windows10Pro/security/logs/sceupgrade.logâ”‹20200527T042111.000000000â”‹----Un-initialize configuration engine...
â‡ł
