
Files:

File: ./logs/Windows10Pro/security/logs/sceupgrade.log
  About:
      FileType      : TEXT UTF8/ASCII (text log)
      LogMessageType: text log lines
      Thread stack  : 100352 (bytes)
  Printed:
      bytes         : 18586
      flushes       : 10
      Lines         : 154
      Syslines      : 2
      Datetime first: 2020-05-27 12:21:10 +08:00 (2020-05-27 04:21:10.000000 +00:00)
      Datetime last : 2020-05-27 12:21:11 +08:00 (2020-05-27 04:21:11.000000 +00:00)
  Processed:
      file size     : 12932 (0x3284) (bytes)
      bytes         : 12932 (0x3284)
      bytes total   : 12932 (0x3284)
      Block size    : 256 (0x100)
      Blocks        : 51
      Blocks total  : 51 (13056 bytes)
      Lines         : 155
      Line longest  : 426 (bytes)
      Line parts    : 206
      Syslines      : 2
      Sysline longest: 12294 (bytes)
      Syslines high : 2
      Datetime first: 2020-05-27 12:21:10 +08:00 (2020-05-27 04:21:10.000000 +00:00)
      Datetime last : 2020-05-27 12:21:11 +08:00 (2020-05-27 04:21:11.000000 +00:00)
      out of order  : 0
  Parsers:
  Processing stores:
      storage: LineReader::find_line() lines                       : hit   0, miss 311,  0.0%
      caching: LineReader::find_line() LRU cache                   : hit   6, miss 156,  3.7%, put 155
      copying: SyslineReader::get_boxptrs()                        : sgl 595, dbl   50, mult   0
      storage: SyslineReader::find_sysline() syslines              : hit   0, miss   3,  0.0%
      caching: SyslineReader::find_sysline() syslines_by_range_map : hit   0, miss   2,  0.0%, put   1
      caching: SyslineReader::find_sysline() LRU cache             : hit   0, miss   3,  0.0%, put   2
      caching: SyslineReader::parse_datetime_in_line() LRU cache   : hit   2, miss 158,  1.2%, put   0
      optimize:SyslineReader::ezcheck12                            : hit   0, miss   0,  0.0%, largest skipped 0
      optimize:SyslineReader::ezcheckd2                            : hit   0, miss   0,  0.0%, largest skipped 0
      optimize:SyslineReader::ezcheck12d2                          : hit   0, miss   0,  0.0%, largest skipped 0
      process: regex captures                                      : hit   2, miss 643
  Processing Drops:

Program summary:

Paths considered       : 1
Paths not processed    : 0
Files processed        : 1
Files printed          : 1
Printed bytes          : 18594
Printed flushes        : 12
Printed Lines          : 154
Printed Syslines       : 2
Printed ASL events     : 0
Printed ETL events     : 0
Printed EVTX events    : 0
Printed FixedStruct    : 0
Printed Journal events : 0
Printed ODL events     : 0
Line Maximum                   : 393209
Line longest                   : 426
Sysline longest                : 12294
EVTX event largest processed   : 0
EVTX event largest accepted    : 0
Journal event largest processed: 0
Journal event largest accepted : 0
Managed files max deflt: 980
Managed files max adjus: 200
Managed handles high   : 1
Managed request open   : 1
Managed request read   : 0
Managed write calls    : 0
Managed seek calls     : 51
Managed metadata calls : 1
Managed open errors    : 0
Managed evict fails    : 0
Regex patterns known   : 188
Regex patterns compiled: 188
Datetime filter -a     : 1999-03-03 00:00:00 +00:00 (1999-03-03 00:00:00.000000 +00:00)
Datetime printed first : 2020-05-27 12:21:10 +08:00 (2020-05-27 04:21:10.000000 +00:00)
Datetime printed last  : 2020-05-27 12:21:11 +08:00 (2020-05-27 04:21:11.000000 +00:00)
Datetime filter -b     : 2026-01-02 00:00:00 +00:00 (2026-01-02 00:00:00.000000 +00:00)
Channel receive ok     : 4
Channel receive err    : 0
Threads spawned        : 1
Thread spawn errors    : 0
Temporary files created: 0
Platform               : x86_64-unknown-linux-gnu
Allocator              : system
