
Files:

File: ./logs/RockyLinux9/nginx/access.log
  About:
      filetype       : TEXT UTF8/ASCII
      logmessagetype : syslog lines
  Printed:
      bytes         : 816
      flushes       : 4
      lines         : 4
      syslines      : 4
  Processed:
      file size     : 552 (0x228) (bytes)
      bytes         : 552 (0x228)
      bytes total   : 552 (0x228)
      block size    : 256 (0x100)
      blocks        : 3
      blocks total  : 3 (768 bytes)
      lines         : 4
      syslines      : 4
      syslines high : 4
  Parsers:
  Processing Stores:
      storage: LineReader::find_line() lines                       : hit  0, miss  7,  0.0%
      caching: LineReader::find_line() LRU cache                   : hit  4, miss  5, 44.4%, put  4
      copying: SyslineReader::get_boxptrs()                        : sgl 48, dbl   2, mult  0
      storage: SyslineReader::find_sysline() syslines              : hit  0, miss  4,  0.0%
      caching: SyslineReader::find_sysline() syslines_by_range_map : hit  0, miss  4,  0.0%, put  4
      caching: SyslineReader::find_sysline() LRU cache             : hit  1, miss  4, 20.0%, put  4
      caching: SyslineReader::parse_datetime_in_line() LRU cache   : hit  3, miss  4, 42.9%, put  0
      optimize:SyslineReader::ezcheck12                            : hit  0, miss  0,  0.0%, largest skipped 0
      optimize:SyslineReader::ezcheckd2                            : hit  0, miss  4,  0.0%, largest skipped 0
      optimize:SyslineReader::ezcheck12d2                          : hit  0, miss 46,  0.0%, largest skipped 0
      process: regex captures attempted                            : 50
  Processing Drops:

Program Summary:

Paths considered       : 1
Paths not processed    : 0
Files processed        : 1
Files printed          : 1
Printed bytes          : 833
Printed flushes        : 9
Printed lines          : 4
Printed syslines       : 4
Printed evtx events    : 0
Printed fixedstruct    : 0
Printed journal events : 0
Regex patterns known   : 158
Regex patterns compiled: 47
Datetime filter -a     : 1999-03-03 00:00:00 +00:00 (1999-03-03 00:00:00 +00:00)
Datetime filter -b     : 2023-04-10 22:10:32 +00:00 (2023-04-10 22:10:32 +00:00)
Channel Receive ok     : 6
Channel Receive err    : 0
Threads Spawned        : 1
Thread Spawn errors    : 0
Platform               : x86_64-unknown-linux-gnu
Allocator              : Jemalloc
