
Files:

File: ./logs/OpenBSD7.4/x86_64/wtmp
  About:
      filetype       : UTMP/WTMP (Unix accounting log (acct/lastlog/lastlogx/utmp/utmpx))
      fixedstructtype: Utmp
      logmessagetype : fixedstruct entries (Unix acct/lastlog/lastlogx/utmp/utmpx)
      fixedstructtype: Fs_Openbsd_x86_Utmp
  Printed:
      bytes         : 619
      flushes       : 5
      entries       : 5
  Processed:
      file size     : 1520 (0x5F0) (bytes)
      bytes         : 1520 (0x5F0)
      bytes total   : 1520 (0x5F0)
      block size    : 256 (0x100)
      blocks        : 6
      blocks total  : 6 (1536 bytes)
      entries       : 5
      entry size    : 304 (bytes)
      entry hi-score: 96
      first entry   : @0
      entry high    : 5
      peak map size : 5
      out of order? : 0
      datetime first     : 2024-01-29 08:12:38 +08:00 (2024-01-29 00:12:38.000000 +00:00)
      datetime last      : 2024-01-29 08:18:26 +08:00 (2024-01-29 00:18:26.000000 +00:00)
  Processing Stores:
      storage: FixedStructReader::find_entry()                     : hit  5, miss  0, 100.0%
  Processing Drops:

Program Summary:

Paths considered       : 1
Paths not processed    : 0
Files processed        : 1
Files printed          : 1
Printed bytes          : 639
Printed flushes        : 10
Printed lines          : 0
Printed syslines       : 0
Printed ASL events     : 0
Printed ETL events     : 0
Printed EVTX events    : 0
Printed fixedstruct    : 5
Printed journal events : 0
Printed ODL events     : 0
Regex patterns known   : 175
Regex patterns compiled: 0
Datetime filter -a     : 1999-03-03 00:00:00 +00:00 (1999-03-03 00:00:00.000000 +00:00)
Datetime printed first : 2024-01-29 08:12:38 +08:00 (2024-01-29 00:12:38.000000 +00:00)
Datetime printed last  : 2024-01-29 08:18:26 +08:00 (2024-01-29 00:18:26.000000 +00:00)
Datetime filter -b     : 2026-01-02 00:00:00 +00:00 (2026-01-02 00:00:00.000000 +00:00)
Channel Receive ok     : 7
Channel Receive err    : 0
Threads Spawned        : 1
Thread Spawn errors    : 0
Temporary files created: 0
Platform               : x86_64-unknown-linux-gnu
Allocator              : system
