
Files:

File: ./logs/Windows10Pro/debug/mrt.log
  About:
      FileType      : TEXT UTF8/ASCII (text log)
      LogMessageType: text log lines
      Thread stack  : 102400 (bytes)
  Printed:
      bytes         : 4269
      flushes       : 5
      Lines         : 47
      Syslines      : 5
      Datetime first: 2020-09-10 10:08:35 +08:00 (2020-09-10 02:08:35.000000 +00:00)
      Datetime last : 2021-01-13 00:47:49 +08:00 (2021-01-12 16:47:49.000000 +00:00)
  Processed:
      file size     : 1427 (0x593) (bytes)
      bytes         : 1427 (0x593)
      bytes total   : 1427 (0x593)
      Block size    : 256 (0x100)
      Blocks        : 6
      Blocks total  : 6 (1536 bytes)
      Blocks high   : 6 (1536 bytes)
      Lines         : 49
      Line longest  : 88 (bytes)
      Lines high    : 49
      Line parts    : 54
      Syslines      : 5
      Sysline longest: 277 (bytes)
      Syslines high : 5
      Datetime first: 2020-09-10 10:08:35 +08:00 (2020-09-10 02:08:35.000000 +00:00)
      Datetime last : 2021-01-13 00:47:49 +08:00 (2021-01-12 16:47:49.000000 +00:00)
      out of order  : 0
  Parsers:
  Processing stores:
      storage: LineReader::find_line() lines                       : hit  12, miss  87, 12.1%
      caching: LineReader::find_line() LRU cache                   : hit  12, miss  50, 19.4%, put  49
      copying: SyslineReader::get_boxptrs()                        : sgl 810, dbl    4, mult   0
      storage: SyslineReader::find_sysline() syslines              : hit   0, miss   6,  0.0%
      caching: SyslineReader::find_sysline() syslines_by_range_map : hit   0, miss   2,  0.0%, put   1
      caching: SyslineReader::find_sysline() LRU cache             : hit   0, miss   6,  0.0%, put   5
      caching: SyslineReader::parse_datetime_in_line() LRU cache   : hit   5, miss  55,  8.3%, put   0
      optimize:SyslineReader::ezcheck12                            : hit   0, miss   0,  0.0%, largest skipped 0
      optimize:SyslineReader::ezcheckd2                            : hit  31, miss  51, 37.8%, largest skipped 87
      optimize:SyslineReader::ezcheck12d2                          : hit 260, miss 472, 35.5%, largest skipped 87
      process: regex captures                                      : hit   5, miss 518
  Processing Drops:

Program summary:

Paths considered       : 1
Paths not processed    : 0
Files processed        : 1
Files printed          : 1
Printed bytes          : 4290
Printed flushes        : 11
Printed Lines          : 47
Printed Syslines       : 5
Printed ASL events     : 0
Printed ETL events     : 0
Printed EVTX events    : 0
Printed FixedStruct    : 0
Printed Journal events : 0
Printed ODL events     : 0
Line longest                   : 88
Sysline longest                : 277
EVTX event largest processed   : 0
EVTX event largest accepted    : 0
Journal event largest processed: 0
Journal event largest accepted : 0
Managed files max deflt: 980
Managed files max adjus: 200
Managed handles high   : 1
Managed request open   : 1
Managed request read   : 0
Managed read calls     : 6
Managed write calls    : 0
Managed seek calls     : 6
Managed metadata calls : 1
Managed open errors    : 0
Managed evict fails    : 0
Unmanaged handles high : 0
Regex patterns known   : 188
Regex patterns compiled: 188
Datetime filter -a     : 1999-03-03 00:00:00 +00:00 (1999-03-03 00:00:00.000000 +00:00)
Datetime printed first : 2020-09-10 10:08:35 +08:00 (2020-09-10 02:08:35.000000 +00:00)
Datetime printed last  : 2021-01-13 00:47:49 +08:00 (2021-01-12 16:47:49.000000 +00:00)
Datetime filter -b     : 2026-01-02 00:00:00 +00:00 (2026-01-02 00:00:00.000000 +00:00)
Channel receive ok     : 7
Channel receive err    : 0
Threads spawned        : 1
Thread spawn errors    : 0
Temporary files created: 0
Platform               : x86_64-unknown-linux-gnu
Allocator              : system
