
Files:

File: ./logs/Ubuntu16/x86_32/btmp
  About:
      filetype       : UTMP/WTMP (Unix accounting log (acct/lastlog/lastlogx/utmp/utmpx))
      fixedstructtype: Utmp
      logmessagetype : fixedstruct entries (Unix acct/lastlog/lastlogx/utmp/utmpx)
      fixedstructtype: Fs_Linux_x86_Utmpx
  Printed:
      bytes         : 747
      flushes       : 3
      entries       : 3
  Processed:
      file size     : 1152 (0x480) (bytes)
      bytes         : 1152 (0x480)
      bytes total   : 1152 (0x480)
      block size    : 256 (0x100)
      blocks        : 5
      blocks total  : 5 (1280 bytes)
      entries       : 3
      entry size    : 384 (bytes)
      entry hi-score: 124
      first entry   : @0
      entry high    : 3
      peak map size : 3
      out of order? : 0
      datetime first     : 2023-12-15 16:50:06 +08:00 (2023-12-15 08:50:06.000000 +00:00)
      datetime last      : 2024-02-17 07:54:17 +08:00 (2024-02-16 23:54:17.000000 +00:00)
  Processing Stores:
      storage: FixedStructReader::find_entry()                     : hit  3, miss  0, 100.0%
  Processing Drops:

Program Summary:

Paths considered       : 1
Paths not processed    : 0
Files processed        : 1
Files printed          : 1
Printed bytes          : 759
Printed flushes        : 6
Printed lines          : 0
Printed syslines       : 0
Printed ASL events     : 0
Printed ETL events     : 0
Printed EVTX events    : 0
Printed fixedstruct    : 3
Printed journal events : 0
Printed ODL events     : 0
Regex patterns known   : 175
Regex patterns compiled: 0
Datetime filter -a     : 1999-03-03 00:00:00 +00:00 (1999-03-03 00:00:00.000000 +00:00)
Datetime printed first : 2023-12-15 16:50:06 +08:00 (2023-12-15 08:50:06.000000 +00:00)
Datetime printed last  : 2024-02-17 07:54:17 +08:00 (2024-02-16 23:54:17.000000 +00:00)
Datetime filter -b     : 2026-01-02 00:00:00 +00:00 (2026-01-02 00:00:00.000000 +00:00)
Channel Receive ok     : 5
Channel Receive err    : 0
Threads Spawned        : 1
Thread Spawn errors    : 0
Temporary files created: 0
Platform               : x86_64-unknown-linux-gnu
Allocator              : system
