
Files:

File: ./logs/Ubuntu16/x86_32/wtmp
  About:
      FileType      : UTMP/WTMP (Unix accounting log (acct/lastlog/lastlogx/utmp/utmpx))
      FixedStructTyp: Utmp
      LogMessageType: fixedstruct entries (Unix acct/lastlog/lastlogx/utmp/utmpx)
      specific type : Fs_Linux_x86_Utmpx
      Thread stack  : 102400 (bytes)
  Printed:
      bytes         : 4425
      flushes       : 19
      Entries       : 19
  Processed:
      file size     : 8448 (0x2100) (bytes)
      bytes         : 8448 (0x2100)
      bytes total   : 8448 (0x2100)
      Block size    : 256 (0x100)
      Blocks        : 33
      Blocks total  : 33 (8448 bytes)
      Blocks high   : 25 (6400 bytes)
      Entries       : 19
      Entry size    : 384 (bytes)
      Entry hi-score: 125
      first Entry   : @0
      Entry high    : 4
      peak map size : 19
      Datetime first: 2023-12-15 16:40:54 +08:00 (2023-12-15 08:40:54.500000 +00:00)
      Datetime last : 2023-12-15 16:55:48 +08:00 (2023-12-15 08:55:48.887567 +00:00)
      out of order  : 3
  Processing stores:
      storage: FixedStructReader::find_entry()                     : hit  4, miss 15, 21.1%
  Processing Drops:

Program summary:

Paths considered       : 1
Paths not processed    : 0
Files processed        : 1
Files printed          : 1
Printed bytes          : 4501
Printed flushes        : 38
Printed Lines          : 0
Printed Syslines       : 0
Printed ASL events     : 0
Printed ETL events     : 0
Printed EVTX events    : 0
Printed FixedStruct    : 19
Printed Journal events : 0
Printed ODL events     : 0
Line longest                   : 0
Sysline longest                : 0
EVTX event largest processed   : 0
EVTX event largest accepted    : 0
Journal event largest processed: 0
Journal event largest accepted : 0
Managed files max deflt: 980
Managed files max adjus: 200
Managed handles high   : 1
Managed request open   : 1
Managed request read   : 0
Managed read calls     : 33
Managed write calls    : 0
Managed seek calls     : 33
Managed metadata calls : 1
Managed open errors    : 0
Managed evict fails    : 0
Unmanaged handles high : 0
Regex patterns known   : 188
Regex patterns compiled: 188
Datetime filter -a     : 1999-03-03 00:00:00 +00:00 (1999-03-03 00:00:00.000000 +00:00)
Datetime printed first : 2023-12-15 16:40:54 +08:00 (2023-12-15 08:40:54.500000 +00:00)
Datetime printed last  : 2023-12-15 16:55:48 +08:00 (2023-12-15 08:55:48.887567 +00:00)
Datetime filter -b     : 2026-01-02 00:00:00 +00:00 (2026-01-02 00:00:00.000000 +00:00)
Channel receive ok     : 21
Channel receive err    : 0
Threads spawned        : 1
Thread spawn errors    : 0
Temporary files created: 0
Platform               : x86_64-unknown-linux-gnu
Allocator              : system
